<?xml version="1.0" encoding="utf-8"?>
<TestRun id="d801adde-4f62-40ce-a0c5-d8dd28bf0715" name="futiliter@DESKTOP-FL6NJPC 2025-08-17 15:55:51" runUser="DESKTOP-FL6NJPC\futiliter" xmlns="http://microsoft.com/schemas/VisualStudio/TeamTest/2010">
  <Times creation="2025-08-17T15:55:51.4262520+02:00" queuing="2025-08-17T15:55:51.4262523+02:00" start="2025-08-17T15:55:50.1392329+02:00" finish="2025-08-17T15:55:56.4335628+02:00" />
  <TestSettings name="default" id="fac70df8-c73e-42d8-8c28-ba7d29bee583">
    <Deployment runDeploymentRoot="futiliter_DESKTOP-FL6NJPC_2025-08-17_15_55_51" />
  </TestSettings>
  <Results>
    <UnitTestResult executionId="a4a5d088-0f18-4a43-9259-d57cecba57bf" testId="8df55b78-708a-2ef2-2500-017602b95b45" testName="OpenBullet.Core.Tests.Step6_RequestCommandTests.ExecuteAsync_With_SubInstructions_Should_Process_All" computerName="DESKTOP-FL6NJPC" duration="00:00:00.0209620" startTime="2025-08-17T15:55:52.5794505+02:00" endTime="2025-08-17T15:55:52.5794510+02:00" testType="13cdc9d9-ddb5-4fa4-a97d-d965ccfc6d4b" outcome="Passed" testListId="8c84fa94-04c1-424b-9868-57a2d4851a1d" relativeResultsDirectory="a4a5d088-0f18-4a43-9259-d57cecba57bf" />
    <UnitTestResult executionId="98247df7-1ee6-4cc4-bf08-e9b7ddae1fe9" testId="84f56336-4c18-0047-4c36-ab96ff1deee8" testName="OpenBullet.Core.Tests.Step7_ParseCommandTests.ExecuteAsync_With_Prefix_And_Suffix_Should_Apply_Formatting" computerName="DESKTOP-FL6NJPC" duration="00:00:00.0064420" startTime="2025-08-17T15:55:51.7844649+02:00" endTime="2025-08-17T15:55:51.7844652+02:00" testType="13cdc9d9-ddb5-4fa4-a97d-d965ccfc6d4b" outcome="Failed" testListId="8c84fa94-04c1-424b-9868-57a2d4851a1d" relativeResultsDirectory="98247df7-1ee6-4cc4-bf08-e9b7ddae1fe9">
      <Output>
        <ErrorInfo>
          <Message>Expected result.Success to be true, but found False.</Message>
          <StackTrace>   at FluentAssertions.Execution.XUnit2TestFramework.Throw(String message)&#xD;
   at FluentAssertions.Execution.TestFrameworkProvider.Throw(String message)&#xD;
   at FluentAssertions.Execution.DefaultAssertionStrategy.HandleFailure(String message)&#xD;
   at FluentAssertions.Execution.AssertionScope.FailWith(Func`1 failReasonFunc)&#xD;
   at FluentAssertions.Execution.AssertionScope.FailWith(Func`1 failReasonFunc)&#xD;
   at FluentAssertions.Execution.AssertionScope.FailWith(String message, Object[] args)&#xD;
   at FluentAssertions.Primitives.BooleanAssertions`1.BeTrue(String because, Object[] becauseArgs)&#xD;
   at OpenBullet.Core.Tests.Step7_ParseCommandTests.ExecuteAsync_With_Prefix_And_Suffix_Should_Apply_Formatting() in C:\Users\futiliter\Downloads\Telegram Desktop\Openbullet 1.4.4 Anomaly Modded Version\OpenBulletRecreation\OpenBullet.Core.Tests\Step7_ParseCommandTests.cs:line 346&#xD;
--- End of stack trace from previous location ---</StackTrace>
        </ErrorInfo>
      </Output>
    </UnitTestResult>
    <UnitTestResult executionId="0ed4c0fa-e9c5-4bc9-b5c7-bc804f66a7f3" testId="345c0749-6c48-eaf2-38ab-ad410e247b5e" testName="OpenBullet.Core.Tests.Step10_ProxyManagerTests.SetRotationStrategy_Should_Update_Strategy" computerName="DESKTOP-FL6NJPC" duration="00:00:00.0004209" startTime="2025-08-17T15:55:51.4740530+02:00" endTime="2025-08-17T15:55:51.4740531+02:00" testType="13cdc9d9-ddb5-4fa4-a97d-d965ccfc6d4b" outcome="Passed" testListId="8c84fa94-04c1-424b-9868-57a2d4851a1d" relativeResultsDirectory="0ed4c0fa-e9c5-4bc9-b5c7-bc804f66a7f3" />
    <UnitTestResult executionId="ff44becf-2869-45f6-92f8-b85a03c47820" testId="2461b60c-3c94-2efa-942c-f40653eb5daf" testName="OpenBullet.Core.Tests.Step6_RequestCommandTests.ValidateInstruction_With_Invalid_Timeout_Should_Fail" computerName="DESKTOP-FL6NJPC" duration="00:00:00.0120089" startTime="2025-08-17T15:55:52.6687739+02:00" endTime="2025-08-17T15:55:52.6687742+02:00" testType="13cdc9d9-ddb5-4fa4-a97d-d965ccfc6d4b" outcome="Passed" testListId="8c84fa94-04c1-424b-9868-57a2d4851a1d" relativeResultsDirectory="ff44becf-2869-45f6-92f8-b85a03c47820" />
    <UnitTestResult executionId="18cec459-d42b-4647-8f2c-9c4ea06b9866" testId="db232419-00c3-310b-e05d-079fddcbcaca" testName="OpenBullet.Core.Tests.Step5_ValidationTests.ExecutionStatistics_AverageResponseTime_Should_Calculate_Correctly" computerName="DESKTOP-FL6NJPC" duration="00:00:00.0006874" startTime="2025-08-17T15:55:51.8735892+02:00" endTime="2025-08-17T15:55:51.8735893+02:00" testType="13cdc9d9-ddb5-4fa4-a97d-d965ccfc6d4b" outcome="Passed" testListId="8c84fa94-04c1-424b-9868-57a2d4851a1d" relativeResultsDirectory="18cec459-d42b-4647-8f2c-9c4ea06b9866" />
    <UnitTestResult executionId="15ac810b-45ec-42b9-b408-46298b800fe8" testId="876d4165-c411-58f3-b6e4-4d69672376fe" testName="OpenBullet.Core.Tests.Step5_ExecutionContextTests.ExecutionContext_Should_Initialize_Successfully" computerName="DESKTOP-FL6NJPC" duration="00:00:00.0090614" startTime="2025-08-17T15:55:52.7007080+02:00" endTime="2025-08-17T15:55:52.7007084+02:00" testType="13cdc9d9-ddb5-4fa4-a97d-d965ccfc6d4b" outcome="Passed" testListId="8c84fa94-04c1-424b-9868-57a2d4851a1d" relativeResultsDirectory="15ac810b-45ec-42b9-b408-46298b800fe8" />
    <UnitTestResult executionId="baaf0ca5-e00c-4346-a2f6-05c69131b89e" testId="fd8a62a8-a361-8751-d329-c765ebaaf3f7" testName="OpenBullet.Core.Tests.Step10_ValidationTests.ProxyInfo_Should_Initialize_With_Defaults" computerName="DESKTOP-FL6NJPC" duration="00:00:00.0042444" startTime="2025-08-17T15:55:51.9357793+02:00" endTime="2025-08-17T15:55:51.9357797+02:00" testType="13cdc9d9-ddb5-4fa4-a97d-d965ccfc6d4b" outcome="Passed" testListId="8c84fa94-04c1-424b-9868-57a2d4851a1d" relativeResultsDirectory="baaf0ca5-e00c-4346-a2f6-05c69131b89e" />
    <UnitTestResult executionId="067f9fc3-9a5a-4c0b-93b2-bd49eaed0e68" testId="a3e6445c-a959-3f21-469c-366950a14fd2" testName="OpenBullet.Core.Tests.Step7_ParseCommandTests.ExecuteAsync_With_JSON_Parser_Should_Extract_Data" computerName="DESKTOP-FL6NJPC" duration="00:00:00.0064767" startTime="2025-08-17T15:55:51.8007986+02:00" endTime="2025-08-17T15:55:51.8007993+02:00" testType="13cdc9d9-ddb5-4fa4-a97d-d965ccfc6d4b" outcome="Passed" testListId="8c84fa94-04c1-424b-9868-57a2d4851a1d" relativeResultsDirectory="067f9fc3-9a5a-4c0b-93b2-bd49eaed0e68" />
    <UnitTestResult executionId="ac6fcea5-a253-482c-9924-d07e1c362e74" testId="44afa086-356e-779a-d8d3-aa6b2f5eb5e5" testName="OpenBullet.Core.Tests.Step4_ScriptParserTests.ParseLine_With_Various_Valid_Syntaxes_Should_Parse_Successfully(commandLine: &quot;REQUEST GET \&quot;https://example.com\&quot;&quot;)" computerName="DESKTOP-FL6NJPC" duration="00:00:00.0302620" startTime="2025-08-17T15:55:52.4955875+02:00" endTime="2025-08-17T15:55:52.4955896+02:00" testType="13cdc9d9-ddb5-4fa4-a97d-d965ccfc6d4b" outcome="Passed" testListId="8c84fa94-04c1-424b-9868-57a2d4851a1d" relativeResultsDirectory="ac6fcea5-a253-482c-9924-d07e1c362e74" />
    <UnitTestResult executionId="3e2d078a-16f0-47ca-9153-b97e95b0d1d0" testId="6fe19468-9078-fdbb-8d8e-ff6241d8c333" testName="OpenBullet.Core.Tests.Step11_StorageServicesTests.JobStorage_CRUD_Operations_Should_Work" computerName="DESKTOP-FL6NJPC" duration="00:00:00.0201293" startTime="2025-08-17T15:55:55.3263809+02:00" endTime="2025-08-17T15:55:55.3263815+02:00" testType="13cdc9d9-ddb5-4fa4-a97d-d965ccfc6d4b" outcome="Passed" testListId="8c84fa94-04c1-424b-9868-57a2d4851a1d" relativeResultsDirectory="3e2d078a-16f0-47ca-9153-b97e95b0d1d0" />
    <UnitTestResult executionId="ed9bee5e-6f43-41f3-a557-0a1c161549d7" testId="111bc2d9-426e-d8cf-51e1-3bdcfb249efb" testName="OpenBullet.Core.Tests.Step6_ValidationTests.Step6TestHelpers_Should_Create_Valid_Objects" computerName="DESKTOP-FL6NJPC" duration="00:00:00.0047727" startTime="2025-08-17T15:55:51.7860379+02:00" endTime="2025-08-17T15:55:51.7860382+02:00" testType="13cdc9d9-ddb5-4fa4-a97d-d965ccfc6d4b" outcome="Passed" testListId="8c84fa94-04c1-424b-9868-57a2d4851a1d" relativeResultsDirectory="ed9bee5e-6f43-41f3-a557-0a1c161549d7" />
    <UnitTestResult executionId="b2963cc3-d150-4566-9305-2ae9e0968ed5" testId="77678d0c-a0b0-7926-d3de-ec8d711f9974" testName="OpenBullet.Core.Tests.Step8_KeyCheckerTests.EvaluateKey_With_Various_Conditions_Should_Work(condition: IsNotEmpty, sourceValue: &quot;&quot;, targetValue: &quot;&quot;, expected: False)" computerName="DESKTOP-FL6NJPC" duration="00:00:00.0000894" startTime="2025-08-17T15:55:51.5545864+02:00" endTime="2025-08-17T15:55:51.5545866+02:00" testType="13cdc9d9-ddb5-4fa4-a97d-d965ccfc6d4b" outcome="Passed" testListId="8c84fa94-04c1-424b-9868-57a2d4851a1d" relativeResultsDirectory="b2963cc3-d150-4566-9305-2ae9e0968ed5" />
    <UnitTestResult executionId="037318c8-1d52-446b-b12e-8ae6658b8fdc" testId="6b23d6f6-78e1-986f-12ec-49e8ade41167" testName="OpenBullet.Core.Tests.Step2_HttpClientServiceTests.TestProxyAsync_With_Valid_Proxy_Should_Return_Success" computerName="DESKTOP-FL6NJPC" duration="00:00:00.0010000" startTime="2025-08-17T15:55:52.8881216+02:00" endTime="2025-08-17T15:55:52.8881219+02:00" testType="13cdc9d9-ddb5-4fa4-a97d-d965ccfc6d4b" outcome="NotExecuted" testListId="8c84fa94-04c1-424b-9868-57a2d4851a1d" relativeResultsDirectory="037318c8-1d52-446b-b12e-8ae6658b8fdc">
      <Output>
        <ErrorInfo>
          <Message>Integration test - requires working proxy</Message>
        </ErrorInfo>
      </Output>
    </UnitTestResult>
    <UnitTestResult executionId="e5f3183f-7fb6-48a2-99af-edea8fdaf50e" testId="49693a35-c967-1fe0-33aa-5a0fd086e25e" testName="OpenBullet.Core.Tests.Step11_ValidationTests.Model_Classes_Should_Have_Proper_Validation" computerName="DESKTOP-FL6NJPC" duration="00:00:00.0096921" startTime="2025-08-17T15:55:52.0623985+02:00" endTime="2025-08-17T15:55:52.0623990+02:00" testType="13cdc9d9-ddb5-4fa4-a97d-d965ccfc6d4b" outcome="Passed" testListId="8c84fa94-04c1-424b-9868-57a2d4851a1d" relativeResultsDirectory="e5f3183f-7fb6-48a2-99af-edea8fdaf50e" />
    <UnitTestResult executionId="7e055af9-52c1-43a3-95bc-e4e2d21780bf" testId="455c6b6b-2653-cd2b-53aa-9789a202faf4" testName="OpenBullet.Core.Tests.Step7_ValidationTests.Enhanced_Parsers_Should_Extend_Base_Functionality" computerName="DESKTOP-FL6NJPC" duration="00:00:00.0010379" startTime="2025-08-17T15:55:51.6845309+02:00" endTime="2025-08-17T15:55:51.6845311+02:00" testType="13cdc9d9-ddb5-4fa4-a97d-d965ccfc6d4b" outcome="Passed" testListId="8c84fa94-04c1-424b-9868-57a2d4851a1d" relativeResultsDirectory="7e055af9-52c1-43a3-95bc-e4e2d21780bf" />
    <UnitTestResult executionId="91c1aa71-1549-449f-afeb-ddee6f769dc9" testId="b49a288a-4302-87c2-6b87-20c67d45cc74" testName="OpenBullet.Core.Tests.Step11_StorageServicesTests.ProxyStorage_CRUD_Operations_Should_Work" computerName="DESKTOP-FL6NJPC" duration="00:00:00.0420759" startTime="2025-08-17T15:55:54.5756131+02:00" endTime="2025-08-17T15:55:54.5756135+02:00" testType="13cdc9d9-ddb5-4fa4-a97d-d965ccfc6d4b" outcome="Passed" testListId="8c84fa94-04c1-424b-9868-57a2d4851a1d" relativeResultsDirectory="91c1aa71-1549-449f-afeb-ddee6f769dc9" />
    <UnitTestResult executionId="2b9f995f-1ff3-4eaa-9dc1-c18b0e598b5d" testId="26bedab0-c5b3-559f-3c77-2fda0cc5c09b" testName="OpenBullet.Core.Tests.Step3_ValidationTests.ConfigWarning_Types_Should_Be_Available(warningType: DeprecatedSetting)" computerName="DESKTOP-FL6NJPC" duration="00:00:00.0000471" startTime="2025-08-17T15:55:52.1216060+02:00" endTime="2025-08-17T15:55:52.1216061+02:00" testType="13cdc9d9-ddb5-4fa4-a97d-d965ccfc6d4b" outcome="Passed" testListId="8c84fa94-04c1-424b-9868-57a2d4851a1d" relativeResultsDirectory="2b9f995f-1ff3-4eaa-9dc1-c18b0e598b5d" />
    <UnitTestResult executionId="46ff3a49-0786-494d-a7e1-9e2830507038" testId="2077c7b8-8ea6-9e3f-6d14-0141e7591537" testName="OpenBullet.Core.Tests.Step8_KeyCheckerTests.EvaluateKey_With_LengthEqualTo_Condition_Should_Work(sourceValue: &quot;hello&quot;, targetLength: &quot;10&quot;, expected: False)" computerName="DESKTOP-FL6NJPC" duration="00:00:00.0019076" startTime="2025-08-17T15:55:51.5749443+02:00" endTime="2025-08-17T15:55:51.5749446+02:00" testType="13cdc9d9-ddb5-4fa4-a97d-d965ccfc6d4b" outcome="Passed" testListId="8c84fa94-04c1-424b-9868-57a2d4851a1d" relativeResultsDirectory="46ff3a49-0786-494d-a7e1-9e2830507038" />
    <UnitTestResult executionId="2c28d343-048b-47c7-a2be-e9539ecfca99" testId="96eb43c8-a067-59e8-ea7d-da5eac7320d8" testName="OpenBullet.Core.Tests.Step6_RequestCommandTests.ValidateInstruction_With_Missing_Arguments_Should_Fail" computerName="DESKTOP-FL6NJPC" duration="00:00:00.0094838" startTime="2025-08-17T15:55:52.4632980+02:00" endTime="2025-08-17T15:55:52.4632984+02:00" testType="13cdc9d9-ddb5-4fa4-a97d-d965ccfc6d4b" outcome="Passed" testListId="8c84fa94-04c1-424b-9868-57a2d4851a1d" relativeResultsDirectory="2c28d343-048b-47c7-a2be-e9539ecfca99" />
    <UnitTestResult executionId="f437f6d0-b76d-4720-97c6-12fbb35cc16f" testId="959556f7-a660-0b79-e2fc-a69ef54321f8" testName="OpenBullet.Core.Tests.Step8_KeyCheckCommandTests.ExecuteAsync_With_No_KeyChains_Should_Return_Error" computerName="DESKTOP-FL6NJPC" duration="00:00:00.0023118" startTime="2025-08-17T15:55:52.1896129+02:00" endTime="2025-08-17T15:55:52.1896131+02:00" testType="13cdc9d9-ddb5-4fa4-a97d-d965ccfc6d4b" outcome="Passed" testListId="8c84fa94-04c1-424b-9868-57a2d4851a1d" relativeResultsDirectory="f437f6d0-b76d-4720-97c6-12fbb35cc16f" />
    <UnitTestResult executionId="768c8a9c-77be-4a6c-a1ef-294ce9173395" testId="80397e98-8b65-9d77-11c3-ff54a6741b08" testName="OpenBullet.Core.Tests.Step5_ValidationTests.VariableScope_Values_Should_Be_Distinct(scope: Any)" computerName="DESKTOP-FL6NJPC" duration="00:00:00.0059277" startTime="2025-08-17T15:55:51.8009912+02:00" endTime="2025-08-17T15:55:51.8009915+02:00" testType="13cdc9d9-ddb5-4fa4-a97d-d965ccfc6d4b" outcome="Passed" testListId="8c84fa94-04c1-424b-9868-57a2d4851a1d" relativeResultsDirectory="768c8a9c-77be-4a6c-a1ef-294ce9173395" />
    <UnitTestResult executionId="dc9414da-36f2-4357-a2cd-4f1c3ca19755" testId="e8329772-3b7c-9160-6b34-6710863ddb71" testName="OpenBullet.Core.Tests.Step8_ValidationTests.KeyChecker_Can_Be_Created_With_Configuration" computerName="DESKTOP-FL6NJPC" duration="00:00:00.0008858" startTime="2025-08-17T15:55:51.6053373+02:00" endTime="2025-08-17T15:55:51.6053376+02:00" testType="13cdc9d9-ddb5-4fa4-a97d-d965ccfc6d4b" outcome="Passed" testListId="8c84fa94-04c1-424b-9868-57a2d4851a1d" relativeResultsDirectory="dc9414da-36f2-4357-a2cd-4f1c3ca19755" />
    <UnitTestResult executionId="c60bd4d9-a541-489c-9d27-42067e9e77d0" testId="5d1fa9ee-5293-522d-b556-52fdcc7cd4b4" testName="OpenBullet.Core.Tests.Step9_JobManagerTests.StopJobAsync_With_Valid_JobId_Should_Stop_Job" computerName="DESKTOP-FL6NJPC" duration="00:00:00.1846744" startTime="2025-08-17T15:55:53.8938864+02:00" endTime="2025-08-17T15:55:53.8938868+02:00" testType="13cdc9d9-ddb5-4fa4-a97d-d965ccfc6d4b" outcome="Passed" testListId="8c84fa94-04c1-424b-9868-57a2d4851a1d" relativeResultsDirectory="c60bd4d9-a541-489c-9d27-42067e9e77d0" />
    <UnitTestResult executionId="951f2562-2f31-43a2-8553-643a037be78c" testId="66c75c5c-07d7-c9a1-7121-279c381a27f3" testName="OpenBullet.Core.Tests.Step9_JobManagerTests.JobConfiguration_Validate_Should_Have_Warnings_For_Extreme_Values" computerName="DESKTOP-FL6NJPC" duration="00:00:00.0017282" startTime="2025-08-17T15:55:53.6377828+02:00" endTime="2025-08-17T15:55:53.6377830+02:00" testType="13cdc9d9-ddb5-4fa4-a97d-d965ccfc6d4b" outcome="Passed" testListId="8c84fa94-04c1-424b-9868-57a2d4851a1d" relativeResultsDirectory="951f2562-2f31-43a2-8553-643a037be78c" />
    <UnitTestResult executionId="94a0c357-bbd2-49f4-a296-c1dab4c78899" testId="978e5bab-0012-d45d-d8b5-34714046a991" testName="OpenBullet.Core.Tests.Step13_ConfigurationEditorTests.ValidateScript_Should_Detect_Syntax_Errors(invalidScript: &quot;REQUEST GET&quot;, expectedErrorType: &quot;Missing URL parameter&quot;)" computerName="DESKTOP-FL6NJPC" duration="00:00:00.0024535" startTime="2025-08-17T15:55:51.4153759+02:00" endTime="2025-08-17T15:55:51.4153766+02:00" testType="13cdc9d9-ddb5-4fa4-a97d-d965ccfc6d4b" outcome="Failed" testListId="8c84fa94-04c1-424b-9868-57a2d4851a1d" relativeResultsDirectory="94a0c357-bbd2-49f4-a296-c1dab4c78899">
      <Output>
        <ErrorInfo>
          <Message>System.NotImplementedException : To be implemented in Step 13</Message>
          <StackTrace>   at OpenBullet.Core.Tests.LoliScriptValidator.ValidateScript(String script) in C:\Users\futiliter\Downloads\Telegram Desktop\Openbullet 1.4.4 Anomaly Modded Version\OpenBulletRecreation\OpenBullet.Core.Tests\Step13_ConfigurationEditorTests.cs:line 483&#xD;
   at OpenBullet.Core.Tests.Step13_ConfigurationEditorTests.ValidateScript_Should_Detect_Syntax_Errors(String invalidScript, String expectedErrorType) in C:\Users\futiliter\Downloads\Telegram Desktop\Openbullet 1.4.4 Anomaly Modded Version\OpenBulletRecreation\OpenBullet.Core.Tests\Step13_ConfigurationEditorTests.cs:line 136&#xD;
   at System.RuntimeMethodHandle.InvokeMethod(Object target, Void** arguments, Signature sig, Boolean isConstructor)&#xD;
   at System.Reflection.MethodBaseInvoker.InvokeDirectByRefWithFewArgs(Object obj, Span`1 copyOfArgs, BindingFlags invokeAttr)</StackTrace>
        </ErrorInfo>
      </Output>
    </UnitTestResult>
    <UnitTestResult executionId="f659e9fa-37bc-418b-97b2-cb65078b77e9" testId="b925204f-6c22-a7ea-8029-a3989df792c9" testName="OpenBullet.Core.Tests.Step7_ParsersTests.ParserFactory_Should_Get_Parser_Info" computerName="DESKTOP-FL6NJPC" duration="00:00:00.0029405" startTime="2025-08-17T15:55:51.9835533+02:00" endTime="2025-08-17T15:55:51.9835536+02:00" testType="13cdc9d9-ddb5-4fa4-a97d-d965ccfc6d4b" outcome="Passed" testListId="8c84fa94-04c1-424b-9868-57a2d4851a1d" relativeResultsDirectory="f659e9fa-37bc-418b-97b2-cb65078b77e9" />
    <UnitTestResult executionId="914958ac-1077-4b31-a51b-c51c4a671b0e" testId="c8b1b413-7805-221f-427a-5ac03a0ad62f" testName="OpenBullet.Core.Tests.Step10_ProxyJobManagerTests.ProxyJobManager_Should_Handle_Proxy_Events" computerName="DESKTOP-FL6NJPC" duration="00:00:00.2514973" startTime="2025-08-17T15:55:52.8396280+02:00" endTime="2025-08-17T15:55:52.8396287+02:00" testType="13cdc9d9-ddb5-4fa4-a97d-d965ccfc6d4b" outcome="Passed" testListId="8c84fa94-04c1-424b-9868-57a2d4851a1d" relativeResultsDirectory="914958ac-1077-4b31-a51b-c51c4a671b0e" />
    <UnitTestResult executionId="d1bf8452-152b-49ce-b813-09687b7d55c5" testId="b26f44e1-c1b2-6913-34e0-0ace7835a356" testName="OpenBullet.Core.Tests.Step4_ScriptParserTests.SubstituteVariables_Should_Replace_Variables_Correctly" computerName="DESKTOP-FL6NJPC" duration="00:00:00.0150768" startTime="2025-08-17T15:55:52.9582723+02:00" endTime="2025-08-17T15:55:52.9582727+02:00" testType="13cdc9d9-ddb5-4fa4-a97d-d965ccfc6d4b" outcome="Passed" testListId="8c84fa94-04c1-424b-9868-57a2d4851a1d" relativeResultsDirectory="d1bf8452-152b-49ce-b813-09687b7d55c5" />
    <UnitTestResult executionId="f5c56594-c3fa-4529-b72a-2b0452f11ba2" testId="3509285f-89e8-6da3-f241-a91e80598941" testName="OpenBullet.Core.Tests.MockHttpClientServiceTests.SendAsync_Should_Handle_Timeout" computerName="DESKTOP-FL6NJPC" duration="00:00:01.0157209" startTime="2025-08-17T15:55:53.9227438+02:00" endTime="2025-08-17T15:55:53.9227443+02:00" testType="13cdc9d9-ddb5-4fa4-a97d-d965ccfc6d4b" outcome="Passed" testListId="8c84fa94-04c1-424b-9868-57a2d4851a1d" relativeResultsDirectory="f5c56594-c3fa-4529-b72a-2b0452f11ba2" />
    <UnitTestResult executionId="9fdb76f9-f1fb-45f3-96f2-70aabee948a9" testId="eb0b7627-4699-008b-95fb-1c0144280973" testName="OpenBullet.Core.Tests.Step4_ScriptParserTests.ParseScript_With_Multiline_Command_Should_Handle_Continuations" computerName="DESKTOP-FL6NJPC" duration="00:00:00.0478318" startTime="2025-08-17T15:55:53.1303850+02:00" endTime="2025-08-17T15:55:53.1303854+02:00" testType="13cdc9d9-ddb5-4fa4-a97d-d965ccfc6d4b" outcome="Failed" testListId="8c84fa94-04c1-424b-9868-57a2d4851a1d" relativeResultsDirectory="9fdb76f9-f1fb-45f3-96f2-70aabee948a9">
      <Output>
        <ErrorInfo>
          <Message>Expected result.Instructions to contain 1 item(s), but found 4: &#xD;
{&#xD;
    OpenBullet.Core.Interfaces.ScriptInstruction&#xD;
    {&#xD;
        Arguments = {"POST", "https://example.com/login"}, &#xD;
        CommandName = "REQUEST", &#xD;
        Label = &lt;null&gt;, &#xD;
        LineNumber = 1, &#xD;
        Parameters = {empty}, &#xD;
        RawLine = "REQUEST POST "https://example.com/login"", &#xD;
        SubInstructions = {empty}&#xD;
    }, &#xD;
    OpenBullet.Core.Interfaces.ScriptInstruction&#xD;
    {&#xD;
        Arguments = {"username=test&amp;password=secret"}, &#xD;
        CommandName = "CONTENT", &#xD;
        Label = &lt;null&gt;, &#xD;
        LineNumber = 2, &#xD;
        Parameters = {empty}, &#xD;
        RawLine = "CONTENT "username=test&amp;password=secret"", &#xD;
        SubInstructions = {empty}&#xD;
    }, &#xD;
    OpenBullet.Core.Interfaces.ScriptInstruction&#xD;
    {&#xD;
        Arguments = {"application/x-www-form-urlencoded"}, &#xD;
        CommandName = "CONTENTTYPE", &#xD;
        Label = &lt;null&gt;, &#xD;
        LineNumber = 3, &#xD;
        Parameters = {empty}, &#xD;
        RawLine = "CONTENTTYPE "application/x-www-form-urlencoded"", &#xD;
        SubInstructions = {empty}&#xD;
    }, &#xD;
    OpenBullet.Core.Interfaces.ScriptInstruction&#xD;
    {&#xD;
        Arguments = {"User-Agent: TestBot"}, &#xD;
        CommandName = "HEADER", &#xD;
        Label = &lt;null&gt;, &#xD;
        LineNumber = 4, &#xD;
        Parameters = {empty}, &#xD;
        RawLine = "HEADER "User-Agent: TestBot"", &#xD;
        SubInstructions = {empty}&#xD;
    }&#xD;
}.</Message>
          <StackTrace>   at FluentAssertions.Execution.XUnit2TestFramework.Throw(String message)&#xD;
   at FluentAssertions.Execution.TestFrameworkProvider.Throw(String message)&#xD;
   at FluentAssertions.Execution.DefaultAssertionStrategy.HandleFailure(String message)&#xD;
   at FluentAssertions.Execution.AssertionScope.FailWith(Func`1 failReasonFunc)&#xD;
   at FluentAssertions.Execution.AssertionScope.FailWith(Func`1 failReasonFunc)&#xD;
   at FluentAssertions.Execution.AssertionScope.FailWith(String message, Object[] args)&#xD;
   at FluentAssertions.Collections.GenericCollectionAssertions`3.HaveCount(Int32 expected, String because, Object[] becauseArgs)&#xD;
   at OpenBullet.Core.Tests.Step4_ScriptParserTests.ParseScript_With_Multiline_Command_Should_Handle_Continuations() in C:\Users\futiliter\Downloads\Telegram Desktop\Openbullet 1.4.4 Anomaly Modded Version\OpenBulletRecreation\OpenBullet.Core.Tests\Step4_ScriptParserTests.cs:line 481&#xD;
   at System.RuntimeMethodHandle.InvokeMethod(Object target, Void** arguments, Signature sig, Boolean isConstructor)&#xD;
   at System.Reflection.MethodBaseInvoker.InvokeWithNoArgs(Object obj, BindingFlags invokeAttr)</StackTrace>
        </ErrorInfo>
      </Output>
    </UnitTestResult>
    <UnitTestResult executionId="7901e2cb-8b78-4852-a09c-e0152d36a0a6" testId="c24f0fad-2ffe-8cc3-89ca-da3d417e0a01" testName="OpenBullet.Core.Tests.MockHttpClientServiceTests.SendAsync_Should_Handle_Success_Response" computerName="DESKTOP-FL6NJPC" duration="00:00:00.0277210" startTime="2025-08-17T15:55:52.9072592+02:00" endTime="2025-08-17T15:55:52.9072596+02:00" testType="13cdc9d9-ddb5-4fa4-a97d-d965ccfc6d4b" outcome="Passed" testListId="8c84fa94-04c1-424b-9868-57a2d4851a1d" relativeResultsDirectory="7901e2cb-8b78-4852-a09c-e0152d36a0a6" />
    <UnitTestResult executionId="33d8960b-620d-4252-94b2-c82a58b261b0" testId="4e48bfef-fcaf-5f76-7d7f-10e88f3176eb" testName="OpenBullet.Core.Tests.Step6_ValidationTests.RequestCommand_Should_Validate_HTTP_Methods_Correctly(method: &quot;DELETE&quot;, shouldBeValid: True)" computerName="DESKTOP-FL6NJPC" duration="00:00:00.0002792" startTime="2025-08-17T15:55:51.6967650+02:00" endTime="2025-08-17T15:55:51.6967654+02:00" testType="13cdc9d9-ddb5-4fa4-a97d-d965ccfc6d4b" outcome="Passed" testListId="8c84fa94-04c1-424b-9868-57a2d4851a1d" relativeResultsDirectory="33d8960b-620d-4252-94b2-c82a58b261b0" />
    <UnitTestResult executionId="f7353d0a-d936-4af0-9595-8f26b51c6d1a" testId="a615ef20-2f8e-1057-5af2-a780817f18e6" testName="OpenBullet.Core.Tests.Step5_VariableManagerTests.GetStatistics_Should_Return_Correct_Statistics" computerName="DESKTOP-FL6NJPC" duration="00:00:00.0086697" startTime="2025-08-17T15:55:51.8851437+02:00" endTime="2025-08-17T15:55:51.8851439+02:00" testType="13cdc9d9-ddb5-4fa4-a97d-d965ccfc6d4b" outcome="Failed" testListId="8c84fa94-04c1-424b-9868-57a2d4851a1d" relativeResultsDirectory="f7353d0a-d936-4af0-9595-8f26b51c6d1a">
      <Output>
        <ErrorInfo>
          <Message>Expected statistics.LocalVariableCount to be 3, but found 4.</Message>
          <StackTrace>   at FluentAssertions.Execution.XUnit2TestFramework.Throw(String message)&#xD;
   at FluentAssertions.Execution.TestFrameworkProvider.Throw(String message)&#xD;
   at FluentAssertions.Execution.DefaultAssertionStrategy.HandleFailure(String message)&#xD;
   at FluentAssertions.Execution.AssertionScope.FailWith(Func`1 failReasonFunc)&#xD;
   at FluentAssertions.Execution.AssertionScope.FailWith(Func`1 failReasonFunc)&#xD;
   at FluentAssertions.Execution.AssertionScope.FailWith(String message, Object[] args)&#xD;
   at FluentAssertions.Numeric.NumericAssertions`2.Be(T expected, String because, Object[] becauseArgs)&#xD;
   at OpenBullet.Core.Tests.Step5_VariableManagerTests.GetStatistics_Should_Return_Correct_Statistics() in C:\Users\futiliter\Downloads\Telegram Desktop\Openbullet 1.4.4 Anomaly Modded Version\OpenBulletRecreation\OpenBullet.Core.Tests\Step5_VariableManagerTests.cs:line 437&#xD;
   at System.RuntimeMethodHandle.InvokeMethod(Object target, Void** arguments, Signature sig, Boolean isConstructor)&#xD;
   at System.Reflection.MethodBaseInvoker.InvokeWithNoArgs(Object obj, BindingFlags invokeAttr)</StackTrace>
        </ErrorInfo>
      </Output>
    </UnitTestResult>
    <UnitTestResult executionId="3d908512-a992-4d03-bedd-1eab502556c1" testId="8c9838ec-b23d-c6a4-32bc-763066aa99fa" testName="OpenBullet.Core.Tests.Step13_ConfigurationEditorTests.ValidateScript_Should_Accept_Valid_LoliScript" computerName="DESKTOP-FL6NJPC" duration="00:00:00.0009325" startTime="2025-08-17T15:55:51.4439711+02:00" endTime="2025-08-17T15:55:51.4439714+02:00" testType="13cdc9d9-ddb5-4fa4-a97d-d965ccfc6d4b" outcome="Failed" testListId="8c84fa94-04c1-424b-9868-57a2d4851a1d" relativeResultsDirectory="3d908512-a992-4d03-bedd-1eab502556c1">
      <Output>
        <ErrorInfo>
          <Message>System.NotImplementedException : To be implemented in Step 13</Message>
          <StackTrace>   at OpenBullet.Core.Tests.LoliScriptValidator.ValidateScript(String script) in C:\Users\futiliter\Downloads\Telegram Desktop\Openbullet 1.4.4 Anomaly Modded Version\OpenBulletRecreation\OpenBullet.Core.Tests\Step13_ConfigurationEditorTests.cs:line 483&#xD;
   at OpenBullet.Core.Tests.Step13_ConfigurationEditorTests.ValidateScript_Should_Accept_Valid_LoliScript() in C:\Users\futiliter\Downloads\Telegram Desktop\Openbullet 1.4.4 Anomaly Modded Version\OpenBulletRecreation\OpenBullet.Core.Tests\Step13_ConfigurationEditorTests.cs:line 118&#xD;
   at System.RuntimeMethodHandle.InvokeMethod(Object target, Void** arguments, Signature sig, Boolean isConstructor)&#xD;
   at System.Reflection.MethodBaseInvoker.InvokeWithNoArgs(Object obj, BindingFlags invokeAttr)</StackTrace>
        </ErrorInfo>
      </Output>
    </UnitTestResult>
    <UnitTestResult executionId="835fe5a7-54de-4731-a25c-05e98e76fb05" testId="1d25ceed-3bc3-dc37-d966-6ceef7503779" testName="OpenBullet.Core.Tests.Step10_ProxyJobManagerTests.StartProxyJobAsync_With_No_Available_Proxies_Should_Throw" computerName="DESKTOP-FL6NJPC" duration="00:00:00.0316096" startTime="2025-08-17T15:55:52.8714184+02:00" endTime="2025-08-17T15:55:52.8714186+02:00" testType="13cdc9d9-ddb5-4fa4-a97d-d965ccfc6d4b" outcome="Passed" testListId="8c84fa94-04c1-424b-9868-57a2d4851a1d" relativeResultsDirectory="835fe5a7-54de-4731-a25c-05e98e76fb05" />
    <UnitTestResult executionId="a39ee33f-a31d-4723-8cfb-d3708d5ac7a0" testId="449a57cc-e36d-fbda-ec51-064bceb18dd3" testName="OpenBullet.Core.Tests.Step6_CommandMetadataTests.ParameterType_Values_Should_Be_Available(parameterType: Url)" computerName="DESKTOP-FL6NJPC" duration="00:00:00.0000164" startTime="2025-08-17T15:55:51.9780811+02:00" endTime="2025-08-17T15:55:51.9780813+02:00" testType="13cdc9d9-ddb5-4fa4-a97d-d965ccfc6d4b" outcome="Passed" testListId="8c84fa94-04c1-424b-9868-57a2d4851a1d" relativeResultsDirectory="a39ee33f-a31d-4723-8cfb-d3708d5ac7a0" />
    <UnitTestResult executionId="8fa25e74-3a4a-4e68-b5d9-b8190ad01419" testId="fc4c6497-b24d-21be-d034-40fde434361f" testName="OpenBullet.Core.Tests.Step4_ScriptParserTests.ParseScript_With_Sample_File_Should_Parse_Successfully" computerName="DESKTOP-FL6NJPC" duration="00:00:00.1039484" startTime="2025-08-17T15:55:52.8847412+02:00" endTime="2025-08-17T15:55:52.8847415+02:00" testType="13cdc9d9-ddb5-4fa4-a97d-d965ccfc6d4b" outcome="Passed" testListId="8c84fa94-04c1-424b-9868-57a2d4851a1d" relativeResultsDirectory="8fa25e74-3a4a-4e68-b5d9-b8190ad01419" />
    <UnitTestResult executionId="ae84e2c7-35d4-4dbd-b9ba-a9583b9f6ea9" testId="20d80969-97f3-ba83-0cb8-74bab683898b" testName="OpenBullet.Core.Tests.Step7_ValidationTests.Step7TestHelpers_Should_Create_Valid_Objects" computerName="DESKTOP-FL6NJPC" duration="00:00:00.1248965" startTime="2025-08-17T15:55:51.4542002+02:00" endTime="2025-08-17T15:55:51.4542004+02:00" testType="13cdc9d9-ddb5-4fa4-a97d-d965ccfc6d4b" outcome="Passed" testListId="8c84fa94-04c1-424b-9868-57a2d4851a1d" relativeResultsDirectory="ae84e2c7-35d4-4dbd-b9ba-a9583b9f6ea9" />
    <UnitTestResult executionId="3a3a7012-513f-4945-99aa-b073942fee39" testId="f21a7354-4ee9-1576-ed77-65206e61469e" testName="OpenBullet.Core.Tests.Step5_VariableManagerTests.ResolveVariableReference_Should_Handle_Dictionary_Variable" computerName="DESKTOP-FL6NJPC" duration="00:00:00.0015338" startTime="2025-08-17T15:55:52.8574445+02:00" endTime="2025-08-17T15:55:52.8574448+02:00" testType="13cdc9d9-ddb5-4fa4-a97d-d965ccfc6d4b" outcome="Passed" testListId="8c84fa94-04c1-424b-9868-57a2d4851a1d" relativeResultsDirectory="3a3a7012-513f-4945-99aa-b073942fee39" />
    <UnitTestResult executionId="56608f3c-2546-4389-829a-c80d3b0195c7" testId="43900a6f-ae22-4d68-bf58-9ad59ead952d" testName="OpenBullet.Core.Tests.Step4_ScriptParserTests.ParseLine_With_Various_Valid_Syntaxes_Should_Parse_Successfully(commandLine: &quot;#LABEL FUNCTION Constant \&quot;test\&quot; -&gt; VAR \&quot;OUTPUT\&quot;···)" computerName="DESKTOP-FL6NJPC" duration="00:00:00.0593203" startTime="2025-08-17T15:55:52.4478845+02:00" endTime="2025-08-17T15:55:52.4478848+02:00" testType="13cdc9d9-ddb5-4fa4-a97d-d965ccfc6d4b" outcome="Failed" testListId="8c84fa94-04c1-424b-9868-57a2d4851a1d" relativeResultsDirectory="56608f3c-2546-4389-829a-c80d3b0195c7">
      <Output>
        <ErrorInfo>
          <Message>Expected result.RawLine to be "#LABEL FUNCTION Constant "test" -&gt; VAR "OUTPUT"" with a length of 47, but "FUNCTION Constant "test" -&gt; VAR "OUTPUT"" has a length of 40, differs near "FUN" (index 0).</Message>
          <StackTrace>   at FluentAssertions.Execution.XUnit2TestFramework.Throw(String message)&#xD;
   at FluentAssertions.Execution.TestFrameworkProvider.Throw(String message)&#xD;
   at FluentAssertions.Execution.DefaultAssertionStrategy.HandleFailure(String message)&#xD;
   at FluentAssertions.Execution.AssertionScope.FailWith(Func`1 failReasonFunc)&#xD;
   at FluentAssertions.Execution.AssertionScope.FailWith(Func`1 failReasonFunc)&#xD;
   at FluentAssertions.Primitives.StringEqualityValidator.ValidateAgainstLengthDifferences()&#xD;
   at FluentAssertions.Primitives.StringValidator.Validate()&#xD;
   at FluentAssertions.Primitives.StringAssertions`1.Be(String expected, String because, Object[] becauseArgs)&#xD;
   at OpenBullet.Core.Tests.Step4_ScriptParserTests.ParseLine_With_Various_Valid_Syntaxes_Should_Parse_Successfully(String commandLine) in C:\Users\futiliter\Downloads\Telegram Desktop\Openbullet 1.4.4 Anomaly Modded Version\OpenBulletRecreation\OpenBullet.Core.Tests\Step4_ScriptParserTests.cs:line 449&#xD;
   at InvokeStub_Step4_ScriptParserTests.ParseLine_With_Various_Valid_Syntaxes_Should_Parse_Successfully(Object, Span`1)&#xD;
   at System.Reflection.MethodBaseInvoker.InvokeWithOneArg(Object obj, BindingFlags invokeAttr, Binder binder, Object[] parameters, CultureInfo culture)</StackTrace>
        </ErrorInfo>
      </Output>
    </UnitTestResult>
    <UnitTestResult executionId="1acb6fba-b0f0-480b-8c95-ccb2a54ad5fa" testId="efa2d2b1-571d-9300-3529-24461992b8c8" testName="OpenBullet.Core.Tests.Step2_PerformanceTests.HttpClientService_CreateClient_Should_Be_Fast" computerName="DESKTOP-FL6NJPC" duration="00:00:00.0026271" startTime="2025-08-17T15:55:52.5911032+02:00" endTime="2025-08-17T15:55:52.5911036+02:00" testType="13cdc9d9-ddb5-4fa4-a97d-d965ccfc6d4b" outcome="Passed" testListId="8c84fa94-04c1-424b-9868-57a2d4851a1d" relativeResultsDirectory="1acb6fba-b0f0-480b-8c95-ccb2a54ad5fa" />
    <UnitTestResult executionId="99ffcc90-7a87-4d57-9217-14ab3e74fa28" testId="b2d5eb32-4d2f-2020-fcbe-332584e41b1b" testName="OpenBullet.Core.Tests.Step3_ValidationTests.ConfigError_Types_Should_Be_Available(errorType: InvalidJson)" computerName="DESKTOP-FL6NJPC" duration="00:00:00.0000291" startTime="2025-08-17T15:55:52.1241773+02:00" endTime="2025-08-17T15:55:52.1241776+02:00" testType="13cdc9d9-ddb5-4fa4-a97d-d965ccfc6d4b" outcome="Passed" testListId="8c84fa94-04c1-424b-9868-57a2d4851a1d" relativeResultsDirectory="99ffcc90-7a87-4d57-9217-14ab3e74fa28" />
    <UnitTestResult executionId="e7b22c13-f03e-4045-9d2e-ca1f1eeae1fc" testId="3307fdc9-fb25-b9ca-a392-1171a2521b40" testName="OpenBullet.Core.Tests.Step7_ValidationTests.ParserFactory_Extensions_Should_Work" computerName="DESKTOP-FL6NJPC" duration="00:00:00.0520484" startTime="2025-08-17T15:55:51.8527406+02:00" endTime="2025-08-17T15:55:51.8527415+02:00" testType="13cdc9d9-ddb5-4fa4-a97d-d965ccfc6d4b" outcome="Passed" testListId="8c84fa94-04c1-424b-9868-57a2d4851a1d" relativeResultsDirectory="e7b22c13-f03e-4045-9d2e-ca1f1eeae1fc" />
    <UnitTestResult executionId="627f66d7-3912-453c-9362-304453c0de8f" testId="58759628-0e81-2a62-c5db-6cc51681d5d2" testName="OpenBullet.Core.Tests.Step13_CoreServicesTests.AutoCompletionProvider_Should_Initialize" computerName="DESKTOP-FL6NJPC" duration="00:00:00.0001987" startTime="2025-08-17T15:55:52.0099276+02:00" endTime="2025-08-17T15:55:52.0099279+02:00" testType="13cdc9d9-ddb5-4fa4-a97d-d965ccfc6d4b" outcome="Passed" testListId="8c84fa94-04c1-424b-9868-57a2d4851a1d" relativeResultsDirectory="627f66d7-3912-453c-9362-304453c0de8f" />
    <UnitTestResult executionId="1fdeb641-5e82-4131-9f55-bc9cdcaa246b" testId="68c6d7f4-71b6-6add-0e5c-bcb265d1d3da" testName="OpenBullet.Core.Tests.Step8_ValidationTests.IKeyChecker_Interface_Should_Be_Properly_Defined" computerName="DESKTOP-FL6NJPC" duration="00:00:00.0066902" startTime="2025-08-17T15:55:51.6043237+02:00" endTime="2025-08-17T15:55:51.6043241+02:00" testType="13cdc9d9-ddb5-4fa4-a97d-d965ccfc6d4b" outcome="Passed" testListId="8c84fa94-04c1-424b-9868-57a2d4851a1d" relativeResultsDirectory="1fdeb641-5e82-4131-9f55-bc9cdcaa246b" />
    <UnitTestResult executionId="1b6a1e2f-212c-40d6-990e-e75712621d7d" testId="127304ee-3ef5-706b-170c-8158b028346b" testName="OpenBullet.Core.Tests.Step8_ValidationTests.KeyChecker_Can_Be_Created" computerName="DESKTOP-FL6NJPC" duration="00:00:00.0007790" startTime="2025-08-17T15:55:51.5068448+02:00" endTime="2025-08-17T15:55:51.5068452+02:00" testType="13cdc9d9-ddb5-4fa4-a97d-d965ccfc6d4b" outcome="Passed" testListId="8c84fa94-04c1-424b-9868-57a2d4851a1d" relativeResultsDirectory="1b6a1e2f-212c-40d6-990e-e75712621d7d" />
    <UnitTestResult executionId="b0d58c77-bc4c-4e21-8c48-f6a51f23897b" testId="4e09aa20-21f3-d5fa-9813-a6a859003f5b" testName="OpenBullet.Core.Tests.Step7_ParseCommandTests.ExecuteAsync_With_Variable_Substitution_Should_Replace_Variables" computerName="DESKTOP-FL6NJPC" duration="00:00:00.0308374" startTime="2025-08-17T15:55:51.7045970+02:00" endTime="2025-08-17T15:55:51.7045973+02:00" testType="13cdc9d9-ddb5-4fa4-a97d-d965ccfc6d4b" outcome="Passed" testListId="8c84fa94-04c1-424b-9868-57a2d4851a1d" relativeResultsDirectory="b0d58c77-bc4c-4e21-8c48-f6a51f23897b" />
    <UnitTestResult executionId="72c041bd-8bf9-4e37-9cbe-44c18930ceab" testId="72d5b93b-e1b6-3b33-3fe3-52500b6ede63" testName="OpenBullet.Core.Tests.Step8_KeyCheckerTests.GetSourceValue_With_NonExistent_Variable_Should_Return_Empty" computerName="DESKTOP-FL6NJPC" duration="00:00:00.0004026" startTime="2025-08-17T15:55:51.5927539+02:00" endTime="2025-08-17T15:55:51.5927542+02:00" testType="13cdc9d9-ddb5-4fa4-a97d-d965ccfc6d4b" outcome="Passed" testListId="8c84fa94-04c1-424b-9868-57a2d4851a1d" relativeResultsDirectory="72c041bd-8bf9-4e37-9cbe-44c18930ceab" />
    <UnitTestResult executionId="99655833-06e1-4297-925a-1994c114488b" testId="2ce9c7dc-e0a6-3b8a-0053-68736a666cbb" testName="OpenBullet.Core.Tests.Step9_ScriptEngineTests.ExecuteAsync_With_Comments_Should_Skip_Comments" computerName="DESKTOP-FL6NJPC" duration="00:00:00.0069488" startTime="2025-08-17T15:55:51.9704565+02:00" endTime="2025-08-17T15:55:51.9704568+02:00" testType="13cdc9d9-ddb5-4fa4-a97d-d965ccfc6d4b" outcome="Failed" testListId="8c84fa94-04c1-424b-9868-57a2d4851a1d" relativeResultsDirectory="99655833-06e1-4297-925a-1994c114488b">
      <Output>
        <ErrorInfo>
          <Message>Expected result.Success to be true, but found False.</Message>
          <StackTrace>   at FluentAssertions.Execution.XUnit2TestFramework.Throw(String message)&#xD;
   at FluentAssertions.Execution.TestFrameworkProvider.Throw(String message)&#xD;
   at FluentAssertions.Execution.DefaultAssertionStrategy.HandleFailure(String message)&#xD;
   at FluentAssertions.Execution.AssertionScope.FailWith(Func`1 failReasonFunc)&#xD;
   at FluentAssertions.Execution.AssertionScope.FailWith(Func`1 failReasonFunc)&#xD;
   at FluentAssertions.Execution.AssertionScope.FailWith(String message, Object[] args)&#xD;
   at FluentAssertions.Primitives.BooleanAssertions`1.BeTrue(String because, Object[] becauseArgs)&#xD;
   at OpenBullet.Core.Tests.Step9_ScriptEngineTests.ExecuteAsync_With_Comments_Should_Skip_Comments() in C:\Users\futiliter\Downloads\Telegram Desktop\Openbullet 1.4.4 Anomaly Modded Version\OpenBulletRecreation\OpenBullet.Core.Tests\Step9_ScriptEngineTests.cs:line 182&#xD;
--- End of stack trace from previous location ---</StackTrace>
        </ErrorInfo>
      </Output>
    </UnitTestResult>
    <UnitTestResult executionId="d513767e-d48b-4183-86db-0697f946b68d" testId="7436fd2c-ade6-8ba2-6f64-676cbecef7e6" testName="OpenBullet.Core.Tests.Step5_VariableManagerTests.GetVariableMetadata_Should_Return_Metadata" computerName="DESKTOP-FL6NJPC" duration="00:00:00.0009224" startTime="2025-08-17T15:55:51.8891068+02:00" endTime="2025-08-17T15:55:51.8891069+02:00" testType="13cdc9d9-ddb5-4fa4-a97d-d965ccfc6d4b" outcome="Passed" testListId="8c84fa94-04c1-424b-9868-57a2d4851a1d" relativeResultsDirectory="d513767e-d48b-4183-86db-0697f946b68d" />
    <UnitTestResult executionId="e164f9c0-4a84-4fe4-afbd-a438cf1bad9b" testId="99896ef1-20d8-faaf-66ab-72fd26cf24e3" testName="OpenBullet.Core.Tests.Step10_ProxyExtensionsTests.ToBasicProxy_With_Null_Should_Throw" computerName="DESKTOP-FL6NJPC" duration="00:00:00.0013848" startTime="2025-08-17T15:55:52.2244759+02:00" endTime="2025-08-17T15:55:52.2244760+02:00" testType="13cdc9d9-ddb5-4fa4-a97d-d965ccfc6d4b" outcome="Passed" testListId="8c84fa94-04c1-424b-9868-57a2d4851a1d" relativeResultsDirectory="e164f9c0-4a84-4fe4-afbd-a438cf1bad9b" />
    <UnitTestResult executionId="d0bb307b-66a0-4428-8f61-4a9b7d5dd544" testId="edc461ac-ccae-bd56-e723-4647267802ca" testName="OpenBullet.Core.Tests.Step5_ValidationTests.ExecutionStatistics_AverageResponseTime_Should_Handle_Zero_Requests" computerName="DESKTOP-FL6NJPC" duration="00:00:00.0003219" startTime="2025-08-17T15:55:51.8894858+02:00" endTime="2025-08-17T15:55:51.8894860+02:00" testType="13cdc9d9-ddb5-4fa4-a97d-d965ccfc6d4b" outcome="Passed" testListId="8c84fa94-04c1-424b-9868-57a2d4851a1d" relativeResultsDirectory="d0bb307b-66a0-4428-8f61-4a9b7d5dd544" />
    <UnitTestResult executionId="52b0122d-4e1b-4d74-984d-7e81a9b4c3db" testId="503a3166-80be-d2e2-fc11-a44d2ff3dd63" testName="OpenBullet.Core.Tests.Step7_ParsersTests.RegexParser_Should_Handle_Case_Insensitive" computerName="DESKTOP-FL6NJPC" duration="00:00:00.0012957" startTime="2025-08-17T15:55:51.9729631+02:00" endTime="2025-08-17T15:55:51.9729639+02:00" testType="13cdc9d9-ddb5-4fa4-a97d-d965ccfc6d4b" outcome="Passed" testListId="8c84fa94-04c1-424b-9868-57a2d4851a1d" relativeResultsDirectory="52b0122d-4e1b-4d74-984d-7e81a9b4c3db" />
    <UnitTestResult executionId="6dd8bd7a-bd23-4cca-9316-6a1971e343e6" testId="cda12faf-96fd-24f3-2774-93e9eafcb82f" testName="OpenBullet.Core.Tests.Step11_DatabaseContextTests.Repository_Query_Operations_Should_Work" computerName="DESKTOP-FL6NJPC" duration="00:00:00.1405060" startTime="2025-08-17T15:55:54.4918176+02:00" endTime="2025-08-17T15:55:54.4918182+02:00" testType="13cdc9d9-ddb5-4fa4-a97d-d965ccfc6d4b" outcome="Passed" testListId="8c84fa94-04c1-424b-9868-57a2d4851a1d" relativeResultsDirectory="6dd8bd7a-bd23-4cca-9316-6a1971e343e6" />
    <UnitTestResult executionId="aea91837-54b4-4953-ac11-245e62675626" testId="2e95f9c4-41c7-2b61-9b22-56b4ddb349bd" testName="OpenBullet.Core.Tests.Step7_ValidationTests.ParseType_String_Conversion_Should_Work(stringValue: &quot;CSS&quot;, expectedType: CSS)" computerName="DESKTOP-FL6NJPC" duration="00:00:00.0000141" startTime="2025-08-17T15:55:51.6841742+02:00" endTime="2025-08-17T15:55:51.6841744+02:00" testType="13cdc9d9-ddb5-4fa4-a97d-d965ccfc6d4b" outcome="Passed" testListId="8c84fa94-04c1-424b-9868-57a2d4851a1d" relativeResultsDirectory="aea91837-54b4-4953-ac11-245e62675626" />
    <UnitTestResult executionId="5d017442-7995-446d-97e6-e23bb6406a2b" testId="9c49c18f-333e-b167-0629-864bbad82609" testName="OpenBullet.Core.Tests.Step13_ConfigurationEditorTests.ValidateScript_Should_Detect_Syntax_Errors(invalidScript: &quot;INVALID_COMMAND GET \&quot;url\&quot;&quot;, expectedErrorType: &quot;Unknown command&quot;)" computerName="DESKTOP-FL6NJPC" duration="00:00:00.0001375" startTime="2025-08-17T15:55:51.4203077+02:00" endTime="2025-08-17T15:55:51.4203079+02:00" testType="13cdc9d9-ddb5-4fa4-a97d-d965ccfc6d4b" outcome="Failed" testListId="8c84fa94-04c1-424b-9868-57a2d4851a1d" relativeResultsDirectory="5d017442-7995-446d-97e6-e23bb6406a2b">
      <Output>
        <ErrorInfo>
          <Message>System.NotImplementedException : To be implemented in Step 13</Message>
          <StackTrace>   at OpenBullet.Core.Tests.LoliScriptValidator.ValidateScript(String script) in C:\Users\futiliter\Downloads\Telegram Desktop\Openbullet 1.4.4 Anomaly Modded Version\OpenBulletRecreation\OpenBullet.Core.Tests\Step13_ConfigurationEditorTests.cs:line 483&#xD;
   at OpenBullet.Core.Tests.Step13_ConfigurationEditorTests.ValidateScript_Should_Detect_Syntax_Errors(String invalidScript, String expectedErrorType) in C:\Users\futiliter\Downloads\Telegram Desktop\Openbullet 1.4.4 Anomaly Modded Version\OpenBulletRecreation\OpenBullet.Core.Tests\Step13_ConfigurationEditorTests.cs:line 136&#xD;
   at InvokeStub_Step13_ConfigurationEditorTests.ValidateScript_Should_Detect_Syntax_Errors(Object, Span`1)&#xD;
   at System.Reflection.MethodBaseInvoker.InvokeWithFewArgs(Object obj, BindingFlags invokeAttr, Binder binder, Object[] parameters, CultureInfo culture)</StackTrace>
        </ErrorInfo>
      </Output>
    </UnitTestResult>
    <UnitTestResult executionId="6b987e27-ee4f-4441-b4d1-f38372043cd0" testId="d4adcb5d-abf4-0da8-f53e-70f23174047b" testName="OpenBullet.Core.Tests.Step5_VariableManagerTests.Concurrent_Access_Should_Be_Thread_Safe" computerName="DESKTOP-FL6NJPC" duration="00:00:00.8714008" startTime="2025-08-17T15:55:52.8116992+02:00" endTime="2025-08-17T15:55:52.8116998+02:00" testType="13cdc9d9-ddb5-4fa4-a97d-d965ccfc6d4b" outcome="Passed" testListId="8c84fa94-04c1-424b-9868-57a2d4851a1d" relativeResultsDirectory="6b987e27-ee4f-4441-b4d1-f38372043cd0" />
    <UnitTestResult executionId="46f773b9-5f8a-4dd3-9f31-0219bbf8525c" testId="029bd715-bef5-33ec-c13d-c2062f2dcfd3" testName="OpenBullet.Core.Tests.Step8_KeyCheckerTests.EvaluateKey_With_Various_Conditions_Should_Work(condition: IsNotNumeric, sourceValue: &quot;123&quot;, targetValue: &quot;&quot;, expected: False)" computerName="DESKTOP-FL6NJPC" duration="00:00:00.0002952" startTime="2025-08-17T15:55:51.5544250+02:00" endTime="2025-08-17T15:55:51.5544253+02:00" testType="13cdc9d9-ddb5-4fa4-a97d-d965ccfc6d4b" outcome="Passed" testListId="8c84fa94-04c1-424b-9868-57a2d4851a1d" relativeResultsDirectory="46f773b9-5f8a-4dd3-9f31-0219bbf8525c" />
    <UnitTestResult executionId="38512075-170c-4b75-be53-2d0a280d82f2" testId="09a6479c-1b1a-ecc3-a56f-3eae405b4f0b" testName="OpenBullet.Core.Tests.Step9_JobManagerTests.JobStatus_State_Properties_Should_Work_Correctly(state: Starting, expectedIsRunning: False, expectedIsCompleted: False)" computerName="DESKTOP-FL6NJPC" duration="00:00:00.0024715" startTime="2025-08-17T15:55:53.1109211+02:00" endTime="2025-08-17T15:55:53.1109219+02:00" testType="13cdc9d9-ddb5-4fa4-a97d-d965ccfc6d4b" outcome="Failed" testListId="8c84fa94-04c1-424b-9868-57a2d4851a1d" relativeResultsDirectory="38512075-170c-4b75-be53-2d0a280d82f2">
      <Output>
        <ErrorInfo>
          <Message>Expected status.IsRunning to be False, but found True.</Message>
          <StackTrace>   at FluentAssertions.Execution.XUnit2TestFramework.Throw(String message)&#xD;
   at FluentAssertions.Execution.TestFrameworkProvider.Throw(String message)&#xD;
   at FluentAssertions.Execution.DefaultAssertionStrategy.HandleFailure(String message)&#xD;
   at FluentAssertions.Execution.AssertionScope.FailWith(Func`1 failReasonFunc)&#xD;
   at FluentAssertions.Execution.AssertionScope.FailWith(Func`1 failReasonFunc)&#xD;
   at FluentAssertions.Execution.AssertionScope.FailWith(String message, Object[] args)&#xD;
   at FluentAssertions.Primitives.BooleanAssertions`1.Be(Boolean expected, String because, Object[] becauseArgs)&#xD;
   at OpenBullet.Core.Tests.Step9_JobManagerTests.JobStatus_State_Properties_Should_Work_Correctly(JobState state, Boolean expectedIsRunning, Boolean expectedIsCompleted) in C:\Users\futiliter\Downloads\Telegram Desktop\Openbullet 1.4.4 Anomaly Modded Version\OpenBulletRecreation\OpenBullet.Core.Tests\Step9_JobManagerTests.cs:line 470&#xD;
   at InvokeStub_Step9_JobManagerTests.JobStatus_State_Properties_Should_Work_Correctly(Object, Span`1)&#xD;
   at System.Reflection.MethodBaseInvoker.InvokeWithFewArgs(Object obj, BindingFlags invokeAttr, Binder binder, Object[] parameters, CultureInfo culture)</StackTrace>
        </ErrorInfo>
      </Output>
    </UnitTestResult>
    <UnitTestResult executionId="f73660bc-ea79-4066-bc6e-948c70c37200" testId="7b3bc551-c6d8-d80d-19e4-9e1a3d6c6e3b" testName="OpenBullet.Core.Tests.Step7_ParseCommandTests.ExecuteAsync_With_LR_Parser_Should_Extract_Data" computerName="DESKTOP-FL6NJPC" duration="00:00:00.0082168" startTime="2025-08-17T15:55:51.7913317+02:00" endTime="2025-08-17T15:55:51.7913320+02:00" testType="13cdc9d9-ddb5-4fa4-a97d-d965ccfc6d4b" outcome="Failed" testListId="8c84fa94-04c1-424b-9868-57a2d4851a1d" relativeResultsDirectory="f73660bc-ea79-4066-bc6e-948c70c37200">
      <Output>
        <ErrorInfo>
          <Message>Expected result.Success to be true, but found False.</Message>
          <StackTrace>   at FluentAssertions.Execution.XUnit2TestFramework.Throw(String message)&#xD;
   at FluentAssertions.Execution.TestFrameworkProvider.Throw(String message)&#xD;
   at FluentAssertions.Execution.DefaultAssertionStrategy.HandleFailure(String message)&#xD;
   at FluentAssertions.Execution.AssertionScope.FailWith(Func`1 failReasonFunc)&#xD;
   at FluentAssertions.Execution.AssertionScope.FailWith(Func`1 failReasonFunc)&#xD;
   at FluentAssertions.Execution.AssertionScope.FailWith(String message, Object[] args)&#xD;
   at FluentAssertions.Primitives.BooleanAssertions`1.BeTrue(String because, Object[] becauseArgs)&#xD;
   at OpenBullet.Core.Tests.Step7_ParseCommandTests.ExecuteAsync_With_LR_Parser_Should_Extract_Data() in C:\Users\futiliter\Downloads\Telegram Desktop\Openbullet 1.4.4 Anomaly Modded Version\OpenBulletRecreation\OpenBullet.Core.Tests\Step7_ParseCommandTests.cs:line 99&#xD;
--- End of stack trace from previous location ---</StackTrace>
        </ErrorInfo>
      </Output>
    </UnitTestResult>
    <UnitTestResult executionId="64aed1ff-0937-475f-b1bd-ce3007146669" testId="44061e7a-ef77-e08d-2212-13ed3b025dd4" testName="OpenBullet.Core.Tests.Step11_DatabaseContextTests.Metadata_Serialization_Should_Work" computerName="DESKTOP-FL6NJPC" duration="00:00:00.0242959" startTime="2025-08-17T15:55:53.9775199+02:00" endTime="2025-08-17T15:55:53.9775202+02:00" testType="13cdc9d9-ddb5-4fa4-a97d-d965ccfc6d4b" outcome="Passed" testListId="8c84fa94-04c1-424b-9868-57a2d4851a1d" relativeResultsDirectory="64aed1ff-0937-475f-b1bd-ce3007146669" />
    <UnitTestResult executionId="fa5f4410-d5e4-4ca4-88db-d4cc4f39b14b" testId="9e122660-4a2e-ebde-e97c-28ef1ab6699f" testName="OpenBullet.Core.Tests.Step5_ExecutionContextTests.AddLog_With_Exception_Should_Include_Exception" computerName="DESKTOP-FL6NJPC" duration="00:00:00.0026752" startTime="2025-08-17T15:55:52.6302394+02:00" endTime="2025-08-17T15:55:52.6302396+02:00" testType="13cdc9d9-ddb5-4fa4-a97d-d965ccfc6d4b" outcome="Passed" testListId="8c84fa94-04c1-424b-9868-57a2d4851a1d" relativeResultsDirectory="fa5f4410-d5e4-4ca4-88db-d4cc4f39b14b" />
    <UnitTestResult executionId="069c93ba-be01-4aa6-b6e8-fa6f331554ba" testId="b54b547b-4903-c771-76e3-21a963dde920" testName="OpenBullet.Core.Tests.Step7_ValidationTests.ParseType_String_Conversion_Should_Work(stringValue: &quot;LR&quot;, expectedType: LeftRight)" computerName="DESKTOP-FL6NJPC" duration="00:00:00.2399843" startTime="2025-08-17T15:55:51.6754053+02:00" endTime="2025-08-17T15:55:51.6754056+02:00" testType="13cdc9d9-ddb5-4fa4-a97d-d965ccfc6d4b" outcome="Failed" testListId="8c84fa94-04c1-424b-9868-57a2d4851a1d" relativeResultsDirectory="069c93ba-be01-4aa6-b6e8-fa6f331554ba">
      <Output>
        <ErrorInfo>
          <Message>Expected parseSuccess to be true, but found False.</Message>
          <StackTrace>   at FluentAssertions.Execution.XUnit2TestFramework.Throw(String message)&#xD;
   at FluentAssertions.Execution.TestFrameworkProvider.Throw(String message)&#xD;
   at FluentAssertions.Execution.DefaultAssertionStrategy.HandleFailure(String message)&#xD;
   at FluentAssertions.Execution.AssertionScope.FailWith(Func`1 failReasonFunc)&#xD;
   at FluentAssertions.Execution.AssertionScope.FailWith(Func`1 failReasonFunc)&#xD;
   at FluentAssertions.Execution.AssertionScope.FailWith(String message, Object[] args)&#xD;
   at FluentAssertions.Primitives.BooleanAssertions`1.BeTrue(String because, Object[] becauseArgs)&#xD;
   at OpenBullet.Core.Tests.Step7_ValidationTests.ParseType_String_Conversion_Should_Work(String stringValue, ParseType expectedType) in C:\Users\futiliter\Downloads\Telegram Desktop\Openbullet 1.4.4 Anomaly Modded Version\OpenBulletRecreation\OpenBullet.Core.Tests\Step7_ValidationTests.cs:line 431&#xD;
   at System.RuntimeMethodHandle.InvokeMethod(Object target, Void** arguments, Signature sig, Boolean isConstructor)&#xD;
   at System.Reflection.MethodBaseInvoker.InvokeDirectByRefWithFewArgs(Object obj, Span`1 copyOfArgs, BindingFlags invokeAttr)</StackTrace>
        </ErrorInfo>
      </Output>
    </UnitTestResult>
    <UnitTestResult executionId="a5a2fd3b-13b4-422d-a2a5-e6d934559e42" testId="06340c1d-fb82-504f-1ff0-51f3cdd48661" testName="OpenBullet.Core.Tests.Step5_ValidationTests.ExecutionStatusChangedEventArgs_Should_Initialize_With_Defaults" computerName="DESKTOP-FL6NJPC" duration="00:00:00.0013878" startTime="2025-08-17T15:55:51.9262830+02:00" endTime="2025-08-17T15:55:51.9262834+02:00" testType="13cdc9d9-ddb5-4fa4-a97d-d965ccfc6d4b" outcome="Passed" testListId="8c84fa94-04c1-424b-9868-57a2d4851a1d" relativeResultsDirectory="a5a2fd3b-13b4-422d-a2a5-e6d934559e42" />
    <UnitTestResult executionId="3fb3150c-ce35-461e-a5ca-984cb21d32e0" testId="39952ef3-b830-3542-0078-b53a0f0ad8a0" testName="OpenBullet.Core.Tests.Step6_CommandFactoryTests.CreateCommand_Should_Return_Null_For_Unknown_Command" computerName="DESKTOP-FL6NJPC" duration="00:00:00.0005292" startTime="2025-08-17T15:55:51.9739281+02:00" endTime="2025-08-17T15:55:51.9739283+02:00" testType="13cdc9d9-ddb5-4fa4-a97d-d965ccfc6d4b" outcome="Passed" testListId="8c84fa94-04c1-424b-9868-57a2d4851a1d" relativeResultsDirectory="3fb3150c-ce35-461e-a5ca-984cb21d32e0" />
    <UnitTestResult executionId="85cdfa0a-0871-46d5-bab5-55de8b1f74b5" testId="0252ecb8-cded-3292-7c8f-842d80385781" testName="OpenBullet.Core.Tests.Step5_ValidationTests.LogLevel_Values_Should_Have_Correct_Numeric_Values(level: Critical, expectedValue: 5)" computerName="DESKTOP-FL6NJPC" duration="00:00:00.0000170" startTime="2025-08-17T15:55:51.8663712+02:00" endTime="2025-08-17T15:55:51.8663715+02:00" testType="13cdc9d9-ddb5-4fa4-a97d-d965ccfc6d4b" outcome="Passed" testListId="8c84fa94-04c1-424b-9868-57a2d4851a1d" relativeResultsDirectory="85cdfa0a-0871-46d5-bab5-55de8b1f74b5" />
    <UnitTestResult executionId="2d660fa3-f9eb-46fe-ad5b-2549dd16d173" testId="bb4aed98-e5bf-8783-120a-528d735e74df" testName="OpenBullet.Core.Tests.Step13_CoreServicesTests.SyntaxHighlightingService_Should_Handle_Empty_Input" computerName="DESKTOP-FL6NJPC" duration="00:00:00.0009544" startTime="2025-08-17T15:55:51.9879520+02:00" endTime="2025-08-17T15:55:51.9879523+02:00" testType="13cdc9d9-ddb5-4fa4-a97d-d965ccfc6d4b" outcome="Failed" testListId="8c84fa94-04c1-424b-9868-57a2d4851a1d" relativeResultsDirectory="2d660fa3-f9eb-46fe-ad5b-2549dd16d173">
      <Output>
        <ErrorInfo>
          <Message>System.NotImplementedException : To be implemented in Step 13</Message>
          <StackTrace>   at OpenBullet.Core.Tests.SyntaxHighlightingService.TokenizeScript(String script) in C:\Users\futiliter\Downloads\Telegram Desktop\Openbullet 1.4.4 Anomaly Modded Version\OpenBulletRecreation\OpenBullet.Core.Tests\Step13_ConfigurationEditorTests.cs:line 462&#xD;
   at OpenBullet.Core.Tests.Step13_CoreServicesTests.SyntaxHighlightingService_Should_Handle_Empty_Input() in C:\Users\futiliter\Downloads\Telegram Desktop\Openbullet 1.4.4 Anomaly Modded Version\OpenBulletRecreation\OpenBullet.Core.Tests\Step13_CoreServicesTests.cs:line 236&#xD;
   at System.RuntimeMethodHandle.InvokeMethod(Object target, Void** arguments, Signature sig, Boolean isConstructor)&#xD;
   at System.Reflection.MethodBaseInvoker.InvokeWithNoArgs(Object obj, BindingFlags invokeAttr)</StackTrace>
        </ErrorInfo>
      </Output>
    </UnitTestResult>
    <UnitTestResult executionId="b316d8ce-774e-458e-83a9-a69addbf78ce" testId="fa901325-c92d-1494-9e5f-e9a9c839be56" testName="OpenBullet.Core.Tests.Step9_BotRunnerTests.BotStatusExtensions_IsSuccess_Should_Work_Correctly(status: Retry, expectedIsSuccess: False)" computerName="DESKTOP-FL6NJPC" duration="00:00:00.0000764" startTime="2025-08-17T15:55:51.4651137+02:00" endTime="2025-08-17T15:55:51.4651140+02:00" testType="13cdc9d9-ddb5-4fa4-a97d-d965ccfc6d4b" outcome="Passed" testListId="8c84fa94-04c1-424b-9868-57a2d4851a1d" relativeResultsDirectory="b316d8ce-774e-458e-83a9-a69addbf78ce" />
    <UnitTestResult executionId="5be87df4-e404-4daa-a1a2-989bccedbd26" testId="7aeac4a6-cae1-60dd-36c7-e3e4e71871e3" testName="OpenBullet.Core.Tests.Step8_KeyCheckerTests.EvaluateKey_With_Invalid_Regex_Should_Return_False" computerName="DESKTOP-FL6NJPC" duration="00:00:00.0090476" startTime="2025-08-17T15:55:51.6861764+02:00" endTime="2025-08-17T15:55:51.6861766+02:00" testType="13cdc9d9-ddb5-4fa4-a97d-d965ccfc6d4b" outcome="Passed" testListId="8c84fa94-04c1-424b-9868-57a2d4851a1d" relativeResultsDirectory="5be87df4-e404-4daa-a1a2-989bccedbd26" />
    <UnitTestResult executionId="05fbaf5a-234c-4453-9f95-55cee9eff1ce" testId="590e6993-e8e0-a052-2d1b-27c099cbc4e5" testName="OpenBullet.Core.Tests.Step7_ValidationTests.JsonParser_Should_Handle_Basic_Paths" computerName="DESKTOP-FL6NJPC" duration="00:00:00.0351092" startTime="2025-08-17T15:55:51.7570025+02:00" endTime="2025-08-17T15:55:51.7570027+02:00" testType="13cdc9d9-ddb5-4fa4-a97d-d965ccfc6d4b" outcome="Passed" testListId="8c84fa94-04c1-424b-9868-57a2d4851a1d" relativeResultsDirectory="05fbaf5a-234c-4453-9f95-55cee9eff1ce" />
    <UnitTestResult executionId="09e0ddf7-5a72-449f-9cc2-2e932b3b6af4" testId="1c507879-f950-6597-0aac-e5d9797c919e" testName="OpenBullet.Core.Tests.Step10_ProxyManagerTests.TestProxyAsync_Should_Test_Proxy_Connectivity" computerName="DESKTOP-FL6NJPC" duration="00:00:00.0061769" startTime="2025-08-17T15:55:51.6732712+02:00" endTime="2025-08-17T15:55:51.6732714+02:00" testType="13cdc9d9-ddb5-4fa4-a97d-d965ccfc6d4b" outcome="Passed" testListId="8c84fa94-04c1-424b-9868-57a2d4851a1d" relativeResultsDirectory="09e0ddf7-5a72-449f-9cc2-2e932b3b6af4" />
    <UnitTestResult executionId="e9eb449f-1efd-4446-a575-7deb246cd677" testId="1493bf72-799b-e2f3-77ba-25346d784678" testName="OpenBullet.Core.Tests.Step7_ParseCommandTests.ExecuteAsync_With_Parse_Failure_Should_Handle_Error" computerName="DESKTOP-FL6NJPC" duration="00:00:00.0080681" startTime="2025-08-17T15:55:51.7416582+02:00" endTime="2025-08-17T15:55:51.7416584+02:00" testType="13cdc9d9-ddb5-4fa4-a97d-d965ccfc6d4b" outcome="Passed" testListId="8c84fa94-04c1-424b-9868-57a2d4851a1d" relativeResultsDirectory="e9eb449f-1efd-4446-a575-7deb246cd677" />
    <UnitTestResult executionId="6cc3cb99-9d22-4b64-addb-2447bb966319" testId="eff3823d-67bb-e3fd-7bfa-c8a90f1a20e9" testName="OpenBullet.Core.Tests.Step6_RequestCommandTests.ExecuteAsync_With_Variable_Substitution_Should_Replace_Variables" computerName="DESKTOP-FL6NJPC" duration="00:00:00.0152058" startTime="2025-08-17T15:55:52.4535971+02:00" endTime="2025-08-17T15:55:52.4535975+02:00" testType="13cdc9d9-ddb5-4fa4-a97d-d965ccfc6d4b" outcome="Passed" testListId="8c84fa94-04c1-424b-9868-57a2d4851a1d" relativeResultsDirectory="6cc3cb99-9d22-4b64-addb-2447bb966319" />
    <UnitTestResult executionId="32158eb9-8138-4856-8dc3-3fe0c1100306" testId="ac48abd3-04c5-6848-7e56-b8c850983dd0" testName="OpenBullet.Core.Tests.Step2_ValidationTests.ProxyTestResult_Properties_Work_Correctly" computerName="DESKTOP-FL6NJPC" duration="00:00:00.0021560" startTime="2025-08-17T15:55:52.8686682+02:00" endTime="2025-08-17T15:55:52.8686686+02:00" testType="13cdc9d9-ddb5-4fa4-a97d-d965ccfc6d4b" outcome="Passed" testListId="8c84fa94-04c1-424b-9868-57a2d4851a1d" relativeResultsDirectory="32158eb9-8138-4856-8dc3-3fe0c1100306" />
    <UnitTestResult executionId="51086136-c4e1-486e-94bc-4fbc2510a2c3" testId="f5947768-d0a5-d30c-5008-20d6f3ed7708" testName="OpenBullet.Core.Tests.Step6_ValidationTests.RequestCommand_Should_Validate_Parameter_Requirements" computerName="DESKTOP-FL6NJPC" duration="00:00:00.0113549" startTime="2025-08-17T15:55:51.6918967+02:00" endTime="2025-08-17T15:55:51.6918971+02:00" testType="13cdc9d9-ddb5-4fa4-a97d-d965ccfc6d4b" outcome="Passed" testListId="8c84fa94-04c1-424b-9868-57a2d4851a1d" relativeResultsDirectory="51086136-c4e1-486e-94bc-4fbc2510a2c3" />
    <UnitTestResult executionId="cbf9d56a-6248-4cb3-9978-a2140631cdd6" testId="a8fd5864-22ef-41e3-2ea4-dae7428a9010" testName="OpenBullet.Core.Tests.Step8_ValidationTests.All_KeyConditions_Should_Be_Testable" computerName="DESKTOP-FL6NJPC" duration="00:00:00.0595713" startTime="2025-08-17T15:55:51.5974420+02:00" endTime="2025-08-17T15:55:51.5974425+02:00" testType="13cdc9d9-ddb5-4fa4-a97d-d965ccfc6d4b" outcome="Passed" testListId="8c84fa94-04c1-424b-9868-57a2d4851a1d" relativeResultsDirectory="cbf9d56a-6248-4cb3-9978-a2140631cdd6" />
    <UnitTestResult executionId="bc650d4a-604a-4e3b-8ab0-ac33b884186b" testId="80239e5b-e72f-a07c-0b80-2510ef07ae78" testName="OpenBullet.Core.Tests.Step8_KeyCheckerTests.EvaluateKey_With_Various_Conditions_Should_Work(condition: StartsWith, sourceValue: &quot;Welcome to the dashboard!&quot;, targetValue: &quot;welcome&quot;, expected: False)" computerName="DESKTOP-FL6NJPC" duration="00:00:00.0016435" startTime="2025-08-17T15:55:51.5540479+02:00" endTime="2025-08-17T15:55:51.5540482+02:00" testType="13cdc9d9-ddb5-4fa4-a97d-d965ccfc6d4b" outcome="Passed" testListId="8c84fa94-04c1-424b-9868-57a2d4851a1d" relativeResultsDirectory="bc650d4a-604a-4e3b-8ab0-ac33b884186b" />
    <UnitTestResult executionId="73867c73-3d2d-41db-86ed-1c3463865da0" testId="07fd48b1-6e1e-3652-57e8-e7eb4c310ef8" testName="OpenBullet.Core.Tests.Step9_JobManagerTests.GetJobStatus_With_Valid_JobId_Should_Return_Current_Status" computerName="DESKTOP-FL6NJPC" duration="00:00:00.0296996" startTime="2025-08-17T15:55:52.2176670+02:00" endTime="2025-08-17T15:55:52.2176674+02:00" testType="13cdc9d9-ddb5-4fa4-a97d-d965ccfc6d4b" outcome="Failed" testListId="8c84fa94-04c1-424b-9868-57a2d4851a1d" relativeResultsDirectory="73867c73-3d2d-41db-86ed-1c3463865da0">
      <Output>
        <ErrorInfo>
          <Message>Expected status.JobId to be "500c2af3-118b-4c77-bfd7-aa232108a758", but "a7b3c9e2-d0be-4bea-be83-745016760016" differs near "a7b" (index 0).</Message>
          <StackTrace>   at FluentAssertions.Execution.XUnit2TestFramework.Throw(String message)&#xD;
   at FluentAssertions.Execution.TestFrameworkProvider.Throw(String message)&#xD;
   at FluentAssertions.Execution.DefaultAssertionStrategy.HandleFailure(String message)&#xD;
   at FluentAssertions.Execution.AssertionScope.FailWith(Func`1 failReasonFunc)&#xD;
   at FluentAssertions.Execution.AssertionScope.FailWith(Func`1 failReasonFunc)&#xD;
   at FluentAssertions.Execution.AssertionScope.FailWith(String message, Object[] args)&#xD;
   at FluentAssertions.Primitives.StringEqualityValidator.ValidateAgainstMismatch()&#xD;
   at FluentAssertions.Primitives.StringValidator.Validate()&#xD;
   at FluentAssertions.Primitives.StringAssertions`1.Be(String expected, String because, Object[] becauseArgs)&#xD;
   at OpenBullet.Core.Tests.Step9_JobManagerTests.GetJobStatus_With_Valid_JobId_Should_Return_Current_Status() in C:\Users\futiliter\Downloads\Telegram Desktop\Openbullet 1.4.4 Anomaly Modded Version\OpenBulletRecreation\OpenBullet.Core.Tests\Step9_JobManagerTests.cs:line 185&#xD;
--- End of stack trace from previous location ---</StackTrace>
        </ErrorInfo>
      </Output>
    </UnitTestResult>
    <UnitTestResult executionId="92d8f855-a1b1-465a-9615-79f8fc8b39d2" testId="e9f4c774-2e72-d9cf-39a8-19f75b31a69d" testName="OpenBullet.Core.Tests.Step5_ExecutionContextTests.AddLog_Should_Respect_LogLevel_Filter" computerName="DESKTOP-FL6NJPC" duration="00:00:00.0036995" startTime="2025-08-17T15:55:52.6887249+02:00" endTime="2025-08-17T15:55:52.6887253+02:00" testType="13cdc9d9-ddb5-4fa4-a97d-d965ccfc6d4b" outcome="Passed" testListId="8c84fa94-04c1-424b-9868-57a2d4851a1d" relativeResultsDirectory="92d8f855-a1b1-465a-9615-79f8fc8b39d2" />
    <UnitTestResult executionId="a718fb17-e1b3-498d-aee2-7cea21dfc658" testId="168024dd-a888-2d1f-a24c-590ecae8cad3" testName="OpenBullet.Core.Tests.Step5_ValidationTests.VariableReference_Should_Handle_All_Types" computerName="DESKTOP-FL6NJPC" duration="00:00:00.0009189" startTime="2025-08-17T15:55:51.9017194+02:00" endTime="2025-08-17T15:55:51.9017197+02:00" testType="13cdc9d9-ddb5-4fa4-a97d-d965ccfc6d4b" outcome="Passed" testListId="8c84fa94-04c1-424b-9868-57a2d4851a1d" relativeResultsDirectory="a718fb17-e1b3-498d-aee2-7cea21dfc658" />
    <UnitTestResult executionId="e778cd1e-4c06-4954-be69-e9373478fd98" testId="17243099-ef51-6df5-996a-eed10d086dc9" testName="OpenBullet.Core.Tests.Step6_CommandFactoryTests.GetAvailableCommands_Should_Return_Registered_Commands" computerName="DESKTOP-FL6NJPC" duration="00:00:00.0064117" startTime="2025-08-17T15:55:52.8390854+02:00" endTime="2025-08-17T15:55:52.8390858+02:00" testType="13cdc9d9-ddb5-4fa4-a97d-d965ccfc6d4b" outcome="Passed" testListId="8c84fa94-04c1-424b-9868-57a2d4851a1d" relativeResultsDirectory="e778cd1e-4c06-4954-be69-e9373478fd98" />
    <UnitTestResult executionId="c5b75683-a3d0-4123-8b49-407fecff7052" testId="ecf49c5d-21f6-92cf-c067-de24ef24a0aa" testName="OpenBullet.Core.Tests.Step9_BotRunnerTests.RunAsync_With_Custom_Status_Should_Return_Custom_Result" computerName="DESKTOP-FL6NJPC" duration="00:00:00.0160210" startTime="2025-08-17T15:55:51.6864848+02:00" endTime="2025-08-17T15:55:51.6864849+02:00" testType="13cdc9d9-ddb5-4fa4-a97d-d965ccfc6d4b" outcome="Passed" testListId="8c84fa94-04c1-424b-9868-57a2d4851a1d" relativeResultsDirectory="c5b75683-a3d0-4123-8b49-407fecff7052" />
    <UnitTestResult executionId="c68b2978-9fbe-44c0-bbe0-ffde0cfab6fd" testId="c526e3b5-b194-ebfd-7cf0-850bd93c2b9e" testName="OpenBullet.Core.Tests.Step1_CoreInterfacesTests.BotData_SetCapture_Should_Store_Captured_Data" computerName="DESKTOP-FL6NJPC" duration="00:00:00.0006734" startTime="2025-08-17T15:55:52.1122266+02:00" endTime="2025-08-17T15:55:52.1122267+02:00" testType="13cdc9d9-ddb5-4fa4-a97d-d965ccfc6d4b" outcome="Passed" testListId="8c84fa94-04c1-424b-9868-57a2d4851a1d" relativeResultsDirectory="c68b2978-9fbe-44c0-bbe0-ffde0cfab6fd" />
    <UnitTestResult executionId="fdd446c8-5000-45aa-a89f-6e340012a044" testId="2466cd22-3de2-c5c0-2f8b-72f3b60d19dd" testName="OpenBullet.Core.Tests.Step13_ConfigurationEditorTests.TokenizeScript_Should_Correctly_Identify_Token_Types(input: &quot;// This is a comment&quot;, expectedType: Comment, expectedValue: &quot;//&quot;)" computerName="DESKTOP-FL6NJPC" duration="00:00:00.0001597" startTime="2025-08-17T15:55:51.4066199+02:00" endTime="2025-08-17T15:55:51.4066200+02:00" testType="13cdc9d9-ddb5-4fa4-a97d-d965ccfc6d4b" outcome="Failed" testListId="8c84fa94-04c1-424b-9868-57a2d4851a1d" relativeResultsDirectory="fdd446c8-5000-45aa-a89f-6e340012a044">
      <Output>
        <ErrorInfo>
          <Message>System.NotImplementedException : To be implemented in Step 13</Message>
          <StackTrace>   at OpenBullet.Core.Tests.SyntaxHighlightingService.TokenizeScript(String script) in C:\Users\futiliter\Downloads\Telegram Desktop\Openbullet 1.4.4 Anomaly Modded Version\OpenBulletRecreation\OpenBullet.Core.Tests\Step13_ConfigurationEditorTests.cs:line 462&#xD;
   at OpenBullet.Core.Tests.Step13_ConfigurationEditorTests.TokenizeScript_Should_Correctly_Identify_Token_Types(String input, TokenType expectedType, String expectedValue) in C:\Users\futiliter\Downloads\Telegram Desktop\Openbullet 1.4.4 Anomaly Modded Version\OpenBulletRecreation\OpenBullet.Core.Tests\Step13_ConfigurationEditorTests.cs:line 55&#xD;
   at InvokeStub_Step13_ConfigurationEditorTests.TokenizeScript_Should_Correctly_Identify_Token_Types(Object, Span`1)&#xD;
   at System.Reflection.MethodBaseInvoker.InvokeWithFewArgs(Object obj, BindingFlags invokeAttr, Binder binder, Object[] parameters, CultureInfo culture)</StackTrace>
        </ErrorInfo>
      </Output>
    </UnitTestResult>
    <UnitTestResult executionId="f8f5b9a4-0330-44e3-83ae-e5c582af2493" testId="1e68b374-770c-bf13-db58-12c6446252fa" testName="OpenBullet.Core.Tests.Step1_CoreInterfacesTests.BotData_AddLogEntry_Should_Add_Timestamped_Entry" computerName="DESKTOP-FL6NJPC" duration="00:00:00.0019410" startTime="2025-08-17T15:55:52.0813750+02:00" endTime="2025-08-17T15:55:52.0813754+02:00" testType="13cdc9d9-ddb5-4fa4-a97d-d965ccfc6d4b" outcome="Passed" testListId="8c84fa94-04c1-424b-9868-57a2d4851a1d" relativeResultsDirectory="f8f5b9a4-0330-44e3-83ae-e5c582af2493" />
    <UnitTestResult executionId="9a8e5480-00c7-4854-9af3-200655643a6d" testId="2e7498aa-d5a6-2d43-f3fd-e5e32d063038" testName="OpenBullet.Core.Tests.Step6_ValidationTests.CommandValidationResult_Should_Initialize_Correctly" computerName="DESKTOP-FL6NJPC" duration="00:00:00.0006133" startTime="2025-08-17T15:55:51.7503520+02:00" endTime="2025-08-17T15:55:51.7503521+02:00" testType="13cdc9d9-ddb5-4fa4-a97d-d965ccfc6d4b" outcome="Passed" testListId="8c84fa94-04c1-424b-9868-57a2d4851a1d" relativeResultsDirectory="9a8e5480-00c7-4854-9af3-200655643a6d" />
    <UnitTestResult executionId="3168d713-28fc-4888-877e-d36755d16a6e" testId="6671cccd-3f47-9fe7-76f6-53b9a30d4f28" testName="OpenBullet.Core.Tests.Step9_BotRunnerTests.BotStatusExtensions_IsError_Should_Work_Correctly(status: Failure, expectedIsError: False)" computerName="DESKTOP-FL6NJPC" duration="00:00:00.0001129" startTime="2025-08-17T15:55:51.4691638+02:00" endTime="2025-08-17T15:55:51.4691639+02:00" testType="13cdc9d9-ddb5-4fa4-a97d-d965ccfc6d4b" outcome="Passed" testListId="8c84fa94-04c1-424b-9868-57a2d4851a1d" relativeResultsDirectory="3168d713-28fc-4888-877e-d36755d16a6e" />
    <UnitTestResult executionId="2cc5fefb-38dd-4a72-9fbe-bca5403580d9" testId="fa401a77-74e5-1074-e285-63b4b33fe3d6" testName="OpenBullet.Core.Tests.Step7_ParsersTests.ParserFactory_Should_Get_Suggested_Patterns" computerName="DESKTOP-FL6NJPC" duration="00:00:00.0038617" startTime="2025-08-17T15:55:51.8084787+02:00" endTime="2025-08-17T15:55:51.8084789+02:00" testType="13cdc9d9-ddb5-4fa4-a97d-d965ccfc6d4b" outcome="Passed" testListId="8c84fa94-04c1-424b-9868-57a2d4851a1d" relativeResultsDirectory="2cc5fefb-38dd-4a72-9fbe-bca5403580d9" />
    <UnitTestResult executionId="cbec51cd-bc26-4646-803c-3e8df028a33c" testId="5f922443-b093-b25c-2fcc-b9fb03f0edb7" testName="OpenBullet.Core.Tests.Step7_ValidationTests.IParserFactory_Interface_Should_Be_Properly_Defined" computerName="DESKTOP-FL6NJPC" duration="00:00:00.0026176" startTime="2025-08-17T15:55:51.6900730+02:00" endTime="2025-08-17T15:55:51.6900733+02:00" testType="13cdc9d9-ddb5-4fa4-a97d-d965ccfc6d4b" outcome="Passed" testListId="8c84fa94-04c1-424b-9868-57a2d4851a1d" relativeResultsDirectory="cbec51cd-bc26-4646-803c-3e8df028a33c" />
    <UnitTestResult executionId="3174e3fb-93d0-4493-9ffc-d3378ae9460a" testId="1e3fa5f6-23db-0c62-a799-0d39e9e28aea" testName="OpenBullet.Core.Tests.Step5_ValidationTests.VariableScope_Enum_Values_Should_Be_Available" computerName="DESKTOP-FL6NJPC" duration="00:00:00.0042893" startTime="2025-08-17T15:55:51.8797929+02:00" endTime="2025-08-17T15:55:51.8797935+02:00" testType="13cdc9d9-ddb5-4fa4-a97d-d965ccfc6d4b" outcome="Passed" testListId="8c84fa94-04c1-424b-9868-57a2d4851a1d" relativeResultsDirectory="3174e3fb-93d0-4493-9ffc-d3378ae9460a" />
    <UnitTestResult executionId="b5872e35-f6e5-41af-830d-d861fb6f102a" testId="8dcbe007-67b8-3d95-8cba-58733aef7081" testName="OpenBullet.Core.Tests.Step5_VariableManagerTests.SetVariable_Should_Throw_For_Empty_Name(scope: Any)" computerName="DESKTOP-FL6NJPC" duration="00:00:00.0011477" startTime="2025-08-17T15:55:51.8715566+02:00" endTime="2025-08-17T15:55:51.8715567+02:00" testType="13cdc9d9-ddb5-4fa4-a97d-d965ccfc6d4b" outcome="Passed" testListId="8c84fa94-04c1-424b-9868-57a2d4851a1d" relativeResultsDirectory="b5872e35-f6e5-41af-830d-d861fb6f102a" />
    <UnitTestResult executionId="7d866bbe-ef21-4bb1-96e4-43b7a7583d90" testId="f273dbff-de3c-85cf-13df-09fb04a5fc0d" testName="OpenBullet.Core.Tests.Step10_ProxyManagerTests.GetNextProxyAsync_Should_Work_With_All_Rotation_Strategies(strategy: RoundRobin)" computerName="DESKTOP-FL6NJPC" duration="00:00:00.0016244" startTime="2025-08-17T15:55:51.4689223+02:00" endTime="2025-08-17T15:55:51.4689224+02:00" testType="13cdc9d9-ddb5-4fa4-a97d-d965ccfc6d4b" outcome="Passed" testListId="8c84fa94-04c1-424b-9868-57a2d4851a1d" relativeResultsDirectory="7d866bbe-ef21-4bb1-96e4-43b7a7583d90" />
    <UnitTestResult executionId="a02a08e6-88de-47cf-bbd0-e5771e548eec" testId="ecea3af3-85b0-5011-1e09-4afe1b3cdedb" testName="OpenBullet.Core.Tests.Step11_StorageServicesTests.JobStorage_Statistics_Should_Work" computerName="DESKTOP-FL6NJPC" duration="00:00:00.0723099" startTime="2025-08-17T15:55:54.7113272+02:00" endTime="2025-08-17T15:55:54.7113276+02:00" testType="13cdc9d9-ddb5-4fa4-a97d-d965ccfc6d4b" outcome="Passed" testListId="8c84fa94-04c1-424b-9868-57a2d4851a1d" relativeResultsDirectory="a02a08e6-88de-47cf-bbd0-e5771e548eec" />
    <UnitTestResult executionId="0d763f33-f014-4140-a639-2fb329bbc5e5" testId="3c603292-bdd4-c1a8-9c09-b38b853fe6bc" testName="OpenBullet.Core.Tests.Step10_ProxyManagerTests.GetNextProxyAsync_Should_Work_With_All_Rotation_Strategies(strategy: Random)" computerName="DESKTOP-FL6NJPC" duration="00:00:00.0006736" startTime="2025-08-17T15:55:51.4738540+02:00" endTime="2025-08-17T15:55:51.4738542+02:00" testType="13cdc9d9-ddb5-4fa4-a97d-d965ccfc6d4b" outcome="Passed" testListId="8c84fa94-04c1-424b-9868-57a2d4851a1d" relativeResultsDirectory="0d763f33-f014-4140-a639-2fb329bbc5e5" />
    <UnitTestResult executionId="3222c202-c35d-4f65-9bf2-95b794a48f38" testId="aaf1bc9d-b7bd-4541-8a05-dbf993f0060b" testName="OpenBullet.Core.Tests.Step8_KeyCheckerTests.EvaluateKey_With_Contains_Condition_Should_Work" computerName="DESKTOP-FL6NJPC" duration="00:00:00.0019142" startTime="2025-08-17T15:55:51.5922100+02:00" endTime="2025-08-17T15:55:51.5922104+02:00" testType="13cdc9d9-ddb5-4fa4-a97d-d965ccfc6d4b" outcome="Passed" testListId="8c84fa94-04c1-424b-9868-57a2d4851a1d" relativeResultsDirectory="3222c202-c35d-4f65-9bf2-95b794a48f38" />
    <UnitTestResult executionId="4282ff40-5150-459f-892f-966bdc2f6b7c" testId="d37fd4e7-c306-66c1-b466-335f4948f9a1" testName="OpenBullet.Core.Tests.Step10_ProxyExtensionsTests.ProxyTestResult_DetermineHealth_Should_Set_Health_Correctly(initialHealth: Healthy, successRate: 100, responseTimeMs: 1000, expectedHealth: Healthy)" computerName="DESKTOP-FL6NJPC" duration="00:00:00.0000632" startTime="2025-08-17T15:55:52.2179411+02:00" endTime="2025-08-17T15:55:52.2179413+02:00" testType="13cdc9d9-ddb5-4fa4-a97d-d965ccfc6d4b" outcome="Passed" testListId="8c84fa94-04c1-424b-9868-57a2d4851a1d" relativeResultsDirectory="4282ff40-5150-459f-892f-966bdc2f6b7c" />
    <UnitTestResult executionId="1f9168d7-faf7-4dbc-b1f3-9620a97ea431" testId="3f441a33-5ce1-55b6-2011-ea1c5c260248" testName="OpenBullet.Core.Tests.Step8_KeyCheckCommandTests.ValidateInstruction_With_Valid_Statuses_Should_Pass(status: &quot;Failure&quot;)" computerName="DESKTOP-FL6NJPC" duration="00:00:00.0012656" startTime="2025-08-17T15:55:52.1543440+02:00" endTime="2025-08-17T15:55:52.1543440+02:00" testType="13cdc9d9-ddb5-4fa4-a97d-d965ccfc6d4b" outcome="Passed" testListId="8c84fa94-04c1-424b-9868-57a2d4851a1d" relativeResultsDirectory="1f9168d7-faf7-4dbc-b1f3-9620a97ea431" />
    <UnitTestResult executionId="7a23ce5d-4a55-4191-bc0e-6a57fabde065" testId="d5704c9b-5d06-34f0-5d4d-762a10de5be2" testName="OpenBullet.Core.Tests.Step3_ConfigurationServiceTests.ParseConfigContent_Should_Parse_Complete_Content" computerName="DESKTOP-FL6NJPC" duration="00:00:00.0062490" startTime="2025-08-17T15:55:53.0433921+02:00" endTime="2025-08-17T15:55:53.0433925+02:00" testType="13cdc9d9-ddb5-4fa4-a97d-d965ccfc6d4b" outcome="Passed" testListId="8c84fa94-04c1-424b-9868-57a2d4851a1d" relativeResultsDirectory="7a23ce5d-4a55-4191-bc0e-6a57fabde065" />
    <UnitTestResult executionId="b3a50a50-8f19-4c67-b7f6-25c03a35849a" testId="8c4fafba-ccaa-3135-0a17-f6bdaa0ec1bf" testName="OpenBullet.Core.Tests.Step2_ValidationTests.HttpClientService_Extension_Methods_Are_Available" computerName="DESKTOP-FL6NJPC" duration="00:00:00.0012956" startTime="2025-08-17T15:55:52.8603833+02:00" endTime="2025-08-17T15:55:52.8603838+02:00" testType="13cdc9d9-ddb5-4fa4-a97d-d965ccfc6d4b" outcome="Passed" testListId="8c84fa94-04c1-424b-9868-57a2d4851a1d" relativeResultsDirectory="b3a50a50-8f19-4c67-b7f6-25c03a35849a" />
    <UnitTestResult executionId="63bf74c0-78d6-49dd-9695-e1ac9a50dde6" testId="871867ed-10eb-65ce-0d7b-4ba84366876d" testName="OpenBullet.Core.Tests.Step5_ExecutionContextTests.Concurrent_Operations_Should_Be_Thread_Safe" computerName="DESKTOP-FL6NJPC" duration="00:00:00.0694932" startTime="2025-08-17T15:55:52.8117761+02:00" endTime="2025-08-17T15:55:52.8117762+02:00" testType="13cdc9d9-ddb5-4fa4-a97d-d965ccfc6d4b" outcome="Passed" testListId="8c84fa94-04c1-424b-9868-57a2d4851a1d" relativeResultsDirectory="63bf74c0-78d6-49dd-9695-e1ac9a50dde6" />
    <UnitTestResult executionId="914e9713-b631-4606-9875-bc9b0fe6a7eb" testId="3dd9539d-e410-da4c-d784-d61778bf9f8c" testName="OpenBullet.Core.Tests.Step3_ValidationTests.ParseConfigContent_With_Missing_Settings_Should_Use_Defaults" computerName="DESKTOP-FL6NJPC" duration="00:00:00.0042068" startTime="2025-08-17T15:55:52.1775075+02:00" endTime="2025-08-17T15:55:52.1775078+02:00" testType="13cdc9d9-ddb5-4fa4-a97d-d965ccfc6d4b" outcome="Passed" testListId="8c84fa94-04c1-424b-9868-57a2d4851a1d" relativeResultsDirectory="914e9713-b631-4606-9875-bc9b0fe6a7eb" />
    <UnitTestResult executionId="87731f8b-2f1a-4b43-94f2-e75396808952" testId="3596496a-3bc3-a525-5a08-0ff104bdfce5" testName="OpenBullet.Core.Tests.Step8_KeyCheckCommandTests.ValidateInstruction_With_Invalid_Logic_Should_Fail" computerName="DESKTOP-FL6NJPC" duration="00:00:00.0023092" startTime="2025-08-17T15:55:52.1956986+02:00" endTime="2025-08-17T15:55:52.1956987+02:00" testType="13cdc9d9-ddb5-4fa4-a97d-d965ccfc6d4b" outcome="Passed" testListId="8c84fa94-04c1-424b-9868-57a2d4851a1d" relativeResultsDirectory="87731f8b-2f1a-4b43-94f2-e75396808952" />
    <UnitTestResult executionId="345643f7-ff24-4399-8f2a-d48f484c2cab" testId="05d53181-0a1c-ee1c-100c-9891f3acf4aa" testName="OpenBullet.Core.Tests.Step3_ConfigurationServiceTests.LoadConfigAsync_With_Nonexistent_File_Should_Throw" computerName="DESKTOP-FL6NJPC" duration="00:00:00.0100214" startTime="2025-08-17T15:55:52.9092635+02:00" endTime="2025-08-17T15:55:52.9092637+02:00" testType="13cdc9d9-ddb5-4fa4-a97d-d965ccfc6d4b" outcome="Passed" testListId="8c84fa94-04c1-424b-9868-57a2d4851a1d" relativeResultsDirectory="345643f7-ff24-4399-8f2a-d48f484c2cab" />
    <UnitTestResult executionId="328c20f7-34c6-478e-b4d5-513bc69afa4f" testId="b6e899e4-06d2-25ca-0f90-141ff4dfb919" testName="OpenBullet.Core.Tests.Step6_ValidationTests.ICommandFactory_Interface_Should_Be_Properly_Defined" computerName="DESKTOP-FL6NJPC" duration="00:00:00.0052986" startTime="2025-08-17T15:55:51.7626605+02:00" endTime="2025-08-17T15:55:51.7626606+02:00" testType="13cdc9d9-ddb5-4fa4-a97d-d965ccfc6d4b" outcome="Passed" testListId="8c84fa94-04c1-424b-9868-57a2d4851a1d" relativeResultsDirectory="328c20f7-34c6-478e-b4d5-513bc69afa4f" />
    <UnitTestResult executionId="b33c9731-3834-4b12-97d6-8816f04f5a6c" testId="73ac76b1-d6ae-a775-3f9e-bd8231721f2a" testName="OpenBullet.Core.Tests.Step5_ValidationTests.VariableChangedEventArgs_Should_Initialize_With_Defaults" computerName="DESKTOP-FL6NJPC" duration="00:00:00.0010194" startTime="2025-08-17T15:55:51.9234774+02:00" endTime="2025-08-17T15:55:51.9234776+02:00" testType="13cdc9d9-ddb5-4fa4-a97d-d965ccfc6d4b" outcome="Passed" testListId="8c84fa94-04c1-424b-9868-57a2d4851a1d" relativeResultsDirectory="b33c9731-3834-4b12-97d6-8816f04f5a6c" />
    <UnitTestResult executionId="dc6b35cd-73d4-4414-a76d-2d7476eb4d96" testId="e4109977-9f6a-f6ab-14f5-28a9fe271637" testName="OpenBullet.Core.Tests.Step8_ValidationTests.KeyEvaluation_Should_Initialize_With_Defaults" computerName="DESKTOP-FL6NJPC" duration="00:00:00.0010964" startTime="2025-08-17T15:55:51.5230575+02:00" endTime="2025-08-17T15:55:51.5230580+02:00" testType="13cdc9d9-ddb5-4fa4-a97d-d965ccfc6d4b" outcome="Passed" testListId="8c84fa94-04c1-424b-9868-57a2d4851a1d" relativeResultsDirectory="dc6b35cd-73d4-4414-a76d-2d7476eb4d96" />
    <UnitTestResult executionId="c770d124-495e-46af-9109-39a675b0d9ac" testId="f459cdb8-8233-8af6-013d-12691d2d3202" testName="OpenBullet.Core.Tests.Step9_JobManagerTests.JobConfiguration_Validate_Should_Pass_With_Valid_Config" computerName="DESKTOP-FL6NJPC" duration="00:00:00.0007513" startTime="2025-08-17T15:55:53.1114170+02:00" endTime="2025-08-17T15:55:53.1114171+02:00" testType="13cdc9d9-ddb5-4fa4-a97d-d965ccfc6d4b" outcome="Passed" testListId="8c84fa94-04c1-424b-9868-57a2d4851a1d" relativeResultsDirectory="c770d124-495e-46af-9109-39a675b0d9ac" />
    <UnitTestResult executionId="659c18c5-923e-4247-aa95-eedc51ed1184" testId="4f0e045b-e09c-ee2f-bc78-2dc44d9a57c0" testName="OpenBullet.Core.Tests.Step5_ValidationTests.LogLevel_Values_Should_Have_Correct_Numeric_Values(level: Trace, expectedValue: 0)" computerName="DESKTOP-FL6NJPC" duration="00:00:00.0000122" startTime="2025-08-17T15:55:51.8668390+02:00" endTime="2025-08-17T15:55:51.8668391+02:00" testType="13cdc9d9-ddb5-4fa4-a97d-d965ccfc6d4b" outcome="Passed" testListId="8c84fa94-04c1-424b-9868-57a2d4851a1d" relativeResultsDirectory="659c18c5-923e-4247-aa95-eedc51ed1184" />
    <UnitTestResult executionId="fa73fcdb-6e08-4863-b508-9271ceb44df4" testId="ba4049e7-c1ea-8df8-fb97-bb3c3893784c" testName="OpenBullet.Core.Tests.Step8_KeyCheckerTests.EvaluateKey_With_Various_Conditions_Should_Work(condition: IsNumeric, sourceValue: &quot;123&quot;, targetValue: &quot;&quot;, expected: True)" computerName="DESKTOP-FL6NJPC" duration="00:00:00.0000785" startTime="2025-08-17T15:55:51.5547350+02:00" endTime="2025-08-17T15:55:51.5547352+02:00" testType="13cdc9d9-ddb5-4fa4-a97d-d965ccfc6d4b" outcome="Passed" testListId="8c84fa94-04c1-424b-9868-57a2d4851a1d" relativeResultsDirectory="fa73fcdb-6e08-4863-b508-9271ceb44df4" />
    <UnitTestResult executionId="1c40d57b-f3be-4ef9-85a7-4f5b8c4a1efc" testId="d003cb11-6cc1-04b2-a043-510a0c585863" testName="OpenBullet.Core.Tests.Step8_KeyCheckerTests.KeyChainBuilder_Should_Create_Chains_Fluently" computerName="DESKTOP-FL6NJPC" duration="00:00:00.0011986" startTime="2025-08-17T15:55:51.6143415+02:00" endTime="2025-08-17T15:55:51.6143420+02:00" testType="13cdc9d9-ddb5-4fa4-a97d-d965ccfc6d4b" outcome="Passed" testListId="8c84fa94-04c1-424b-9868-57a2d4851a1d" relativeResultsDirectory="1c40d57b-f3be-4ef9-85a7-4f5b8c4a1efc" />
    <UnitTestResult executionId="fec0ca34-e897-42f3-8fe3-074387303042" testId="f76f95b2-f6ab-fd3e-f32d-372621ec999d" testName="OpenBullet.Core.Tests.Step13_CoreServicesTests.SyntaxHighlightingService_Should_Identify_Variables" computerName="DESKTOP-FL6NJPC" duration="00:00:00.0009301" startTime="2025-08-17T15:55:52.0086204+02:00" endTime="2025-08-17T15:55:52.0086206+02:00" testType="13cdc9d9-ddb5-4fa4-a97d-d965ccfc6d4b" outcome="Failed" testListId="8c84fa94-04c1-424b-9868-57a2d4851a1d" relativeResultsDirectory="fec0ca34-e897-42f3-8fe3-074387303042">
      <Output>
        <ErrorInfo>
          <Message>System.NotImplementedException : To be implemented in Step 13</Message>
          <StackTrace>   at OpenBullet.Core.Tests.SyntaxHighlightingService.TokenizeScript(String script) in C:\Users\futiliter\Downloads\Telegram Desktop\Openbullet 1.4.4 Anomaly Modded Version\OpenBulletRecreation\OpenBullet.Core.Tests\Step13_ConfigurationEditorTests.cs:line 462&#xD;
   at OpenBullet.Core.Tests.Step13_CoreServicesTests.SyntaxHighlightingService_Should_Identify_Variables() in C:\Users\futiliter\Downloads\Telegram Desktop\Openbullet 1.4.4 Anomaly Modded Version\OpenBulletRecreation\OpenBullet.Core.Tests\Step13_CoreServicesTests.cs:line 72&#xD;
   at System.RuntimeMethodHandle.InvokeMethod(Object target, Void** arguments, Signature sig, Boolean isConstructor)&#xD;
   at System.Reflection.MethodBaseInvoker.InvokeWithNoArgs(Object obj, BindingFlags invokeAttr)</StackTrace>
        </ErrorInfo>
      </Output>
    </UnitTestResult>
    <UnitTestResult executionId="6d829e7f-1f89-4dab-a843-2bdc8341482f" testId="3de7db04-9b44-f893-f0b9-28d7b17a0583" testName="OpenBullet.Core.Tests.Step10_ProxyExtensionsTests.ValidateProxy_Should_Validate_Proxy_Strings(proxyString: &quot;proxy.com:99999&quot;, expectedValid: False, expectedError: &quot;Invalid port number: 99999&quot;)" computerName="DESKTOP-FL6NJPC" duration="00:00:00.0000537" startTime="2025-08-17T15:55:52.1639632+02:00" endTime="2025-08-17T15:55:52.1639635+02:00" testType="13cdc9d9-ddb5-4fa4-a97d-d965ccfc6d4b" outcome="Passed" testListId="8c84fa94-04c1-424b-9868-57a2d4851a1d" relativeResultsDirectory="6d829e7f-1f89-4dab-a843-2bdc8341482f" />
    <UnitTestResult executionId="76c25513-b94d-4645-8432-b3b573100248" testId="ac55df1a-50d7-6977-dbc4-51d07685d0de" testName="OpenBullet.Core.Tests.Step11_DatabaseManagerTests.DatabaseManager_Migration_Should_Work" computerName="DESKTOP-FL6NJPC" duration="00:00:00.0043856" startTime="2025-08-17T15:55:54.0728149+02:00" endTime="2025-08-17T15:55:54.0728152+02:00" testType="13cdc9d9-ddb5-4fa4-a97d-d965ccfc6d4b" outcome="Passed" testListId="8c84fa94-04c1-424b-9868-57a2d4851a1d" relativeResultsDirectory="76c25513-b94d-4645-8432-b3b573100248" />
    <UnitTestResult executionId="f383c7cf-93b3-4c8d-90c8-a088b738852b" testId="5b66a788-c0af-c8ce-ae25-3fffd8e28219" testName="OpenBullet.Core.Tests.Step9_ScriptEngineTests.ValidateScript_With_Labels_Should_Extract_Labels" computerName="DESKTOP-FL6NJPC" duration="00:00:00.0178999" startTime="2025-08-17T15:55:51.9624627+02:00" endTime="2025-08-17T15:55:51.9624630+02:00" testType="13cdc9d9-ddb5-4fa4-a97d-d965ccfc6d4b" outcome="Passed" testListId="8c84fa94-04c1-424b-9868-57a2d4851a1d" relativeResultsDirectory="f383c7cf-93b3-4c8d-90c8-a088b738852b" />
    <UnitTestResult executionId="6a25f26c-ba9f-467d-9198-c4da9e57a1e0" testId="7b2d81bc-a085-c83d-1954-65292c415941" testName="OpenBullet.Core.Tests.Step11_ValidationTests.Database_Components_Should_Have_Proper_Inheritance" computerName="DESKTOP-FL6NJPC" duration="00:00:00.0035757" startTime="2025-08-17T15:55:52.0074188+02:00" endTime="2025-08-17T15:55:52.0074189+02:00" testType="13cdc9d9-ddb5-4fa4-a97d-d965ccfc6d4b" outcome="Passed" testListId="8c84fa94-04c1-424b-9868-57a2d4851a1d" relativeResultsDirectory="6a25f26c-ba9f-467d-9198-c4da9e57a1e0" />
    <UnitTestResult executionId="eabf7a76-1e4a-4d12-b272-57efdb99f520" testId="c27cb696-e556-f9c6-f1f7-43cac6eeba30" testName="OpenBullet.Core.Tests.Step10_ValidationTests.ProxyHealth_Enum_Should_Have_Expected_Values" computerName="DESKTOP-FL6NJPC" duration="00:00:00.0214161" startTime="2025-08-17T15:55:51.9054230+02:00" endTime="2025-08-17T15:55:51.9054231+02:00" testType="13cdc9d9-ddb5-4fa4-a97d-d965ccfc6d4b" outcome="Passed" testListId="8c84fa94-04c1-424b-9868-57a2d4851a1d" relativeResultsDirectory="eabf7a76-1e4a-4d12-b272-57efdb99f520" />
    <UnitTestResult executionId="d77490b2-d761-4bb7-9000-ea5abe399c8c" testId="d6c17794-8c56-dc36-b09a-0197742c5587" testName="OpenBullet.Core.Tests.Step11_ValidationTests.Complete_Workflow_Integration_Test" computerName="DESKTOP-FL6NJPC" duration="00:00:00.0478797" startTime="2025-08-17T15:55:56.2864444+02:00" endTime="2025-08-17T15:55:56.2864447+02:00" testType="13cdc9d9-ddb5-4fa4-a97d-d965ccfc6d4b" outcome="Failed" testListId="8c84fa94-04c1-424b-9868-57a2d4851a1d" relativeResultsDirectory="d77490b2-d761-4bb7-9000-ea5abe399c8c">
      <Output>
        <ErrorInfo>
          <Message>Expected savedConfig!.UsageCount to be greater than 0, but found 0.</Message>
          <StackTrace>   at FluentAssertions.Execution.XUnit2TestFramework.Throw(String message)&#xD;
   at FluentAssertions.Execution.TestFrameworkProvider.Throw(String message)&#xD;
   at FluentAssertions.Execution.DefaultAssertionStrategy.HandleFailure(String message)&#xD;
   at FluentAssertions.Execution.AssertionScope.FailWith(Func`1 failReasonFunc)&#xD;
   at FluentAssertions.Execution.AssertionScope.FailWith(Func`1 failReasonFunc)&#xD;
   at FluentAssertions.Execution.AssertionScope.FailWith(String message, Object[] args)&#xD;
   at FluentAssertions.Numeric.NumericAssertions`2.BeGreaterThan(T expected, String because, Object[] becauseArgs)&#xD;
   at OpenBullet.Core.Tests.Step11_ValidationTests.Complete_Workflow_Integration_Test() in C:\Users\futiliter\Downloads\Telegram Desktop\Openbullet 1.4.4 Anomaly Modded Version\OpenBulletRecreation\OpenBullet.Core.Tests\Step11_ValidationTests.cs:line 352&#xD;
--- End of stack trace from previous location ---</StackTrace>
        </ErrorInfo>
      </Output>
    </UnitTestResult>
    <UnitTestResult executionId="70497d16-a94a-488e-bc05-7bc22eebf60b" testId="1987852d-f9aa-5f71-9e84-5eb62921da56" testName="OpenBullet.Core.Tests.Step8_KeyCheckerTests.EvaluateKeyChains_Should_Include_Metadata" computerName="DESKTOP-FL6NJPC" duration="00:00:00.0046017" startTime="2025-08-17T15:55:51.6574334+02:00" endTime="2025-08-17T15:55:51.6574336+02:00" testType="13cdc9d9-ddb5-4fa4-a97d-d965ccfc6d4b" outcome="Passed" testListId="8c84fa94-04c1-424b-9868-57a2d4851a1d" relativeResultsDirectory="70497d16-a94a-488e-bc05-7bc22eebf60b" />
    <UnitTestResult executionId="3431793a-70b4-45c5-a1c2-8745591b44c5" testId="3e5af76e-3385-17a3-1b33-2e6c06dc4e51" testName="OpenBullet.Core.Tests.Step6_ValidationTests.RequestCommand_ValidateInstruction_Should_Handle_Basic_Cases" computerName="DESKTOP-FL6NJPC" duration="00:00:00.0012417" startTime="2025-08-17T15:55:51.7523340+02:00" endTime="2025-08-17T15:55:51.7523342+02:00" testType="13cdc9d9-ddb5-4fa4-a97d-d965ccfc6d4b" outcome="Passed" testListId="8c84fa94-04c1-424b-9868-57a2d4851a1d" relativeResultsDirectory="3431793a-70b4-45c5-a1c2-8745591b44c5" />
    <UnitTestResult executionId="30e837a5-5bed-4ff2-84f0-858d34bf82bd" testId="59911ad0-698f-36ea-0182-9a4eb60f5b60" testName="OpenBullet.Core.Tests.Step5_ValidationTests.Step5TestHelpers_Should_Create_Valid_Objects" computerName="DESKTOP-FL6NJPC" duration="00:00:00.0051737" startTime="2025-08-17T15:55:51.8560826+02:00" endTime="2025-08-17T15:55:51.8560828+02:00" testType="13cdc9d9-ddb5-4fa4-a97d-d965ccfc6d4b" outcome="Passed" testListId="8c84fa94-04c1-424b-9868-57a2d4851a1d" relativeResultsDirectory="30e837a5-5bed-4ff2-84f0-858d34bf82bd" />
    <UnitTestResult executionId="c6ad5e17-368b-4d2d-be43-966f85615335" testId="bc3cb7fe-19fa-0795-5cd7-9207cf2f41d4" testName="OpenBullet.Core.Tests.Step11_StorageServicesTests.ResultStorage_Statistics_Should_Work" computerName="DESKTOP-FL6NJPC" duration="00:00:00.0251749" startTime="2025-08-17T15:55:54.6009697+02:00" endTime="2025-08-17T15:55:54.6009705+02:00" testType="13cdc9d9-ddb5-4fa4-a97d-d965ccfc6d4b" outcome="Passed" testListId="8c84fa94-04c1-424b-9868-57a2d4851a1d" relativeResultsDirectory="c6ad5e17-368b-4d2d-be43-966f85615335" />
    <UnitTestResult executionId="1f991b52-fcc9-4df9-8917-38f0acf83554" testId="6dcfc090-f623-b350-b672-5d83aa4d33be" testName="OpenBullet.Core.Tests.Step8_KeyCheckerTests.Key_Factory_Methods_Should_Create_Correct_Keys" computerName="DESKTOP-FL6NJPC" duration="00:00:00.0008507" startTime="2025-08-17T15:55:51.6597232+02:00" endTime="2025-08-17T15:55:51.6597234+02:00" testType="13cdc9d9-ddb5-4fa4-a97d-d965ccfc6d4b" outcome="Passed" testListId="8c84fa94-04c1-424b-9868-57a2d4851a1d" relativeResultsDirectory="1f991b52-fcc9-4df9-8917-38f0acf83554" />
    <UnitTestResult executionId="c574c397-5291-4009-a450-a25c655e9793" testId="300e62cf-c10f-382e-0df8-515cb8863efe" testName="OpenBullet.Core.Tests.Step5_ValidationTests.VariableManager_Can_Be_Created_Successfully" computerName="DESKTOP-FL6NJPC" duration="00:00:00.0005425" startTime="2025-08-17T15:55:51.8905998+02:00" endTime="2025-08-17T15:55:51.8906000+02:00" testType="13cdc9d9-ddb5-4fa4-a97d-d965ccfc6d4b" outcome="Passed" testListId="8c84fa94-04c1-424b-9868-57a2d4851a1d" relativeResultsDirectory="c574c397-5291-4009-a450-a25c655e9793" />
    <UnitTestResult executionId="bed369eb-f580-4983-96a0-3be7e4546ca3" testId="60331eaf-7aac-d9bb-4e26-ea9b5c7d1ccb" testName="OpenBullet.Core.Tests.Step2_ValidationTests.ProxyInfo_Different_Configurations_Work(host: &quot;127.0.0.1&quot;, port: 8080, type: Http)" computerName="DESKTOP-FL6NJPC" duration="00:00:00.0000362" startTime="2025-08-17T15:55:51.9867525+02:00" endTime="2025-08-17T15:55:51.9867526+02:00" testType="13cdc9d9-ddb5-4fa4-a97d-d965ccfc6d4b" outcome="Passed" testListId="8c84fa94-04c1-424b-9868-57a2d4851a1d" relativeResultsDirectory="bed369eb-f580-4983-96a0-3be7e4546ca3" />
    <UnitTestResult executionId="c737cfcb-93e4-4adf-ad74-3e3e5a890998" testId="1e7462f1-1d37-c1c1-403a-c7c9f044727e" testName="OpenBullet.Core.Tests.Step6_RequestCommandTests.ValidateInstruction_With_Valid_HTTP_Methods_Should_Pass(method: &quot;POST&quot;)" computerName="DESKTOP-FL6NJPC" duration="00:00:00.0298803" startTime="2025-08-17T15:55:52.4381810+02:00" endTime="2025-08-17T15:55:52.4381812+02:00" testType="13cdc9d9-ddb5-4fa4-a97d-d965ccfc6d4b" outcome="Passed" testListId="8c84fa94-04c1-424b-9868-57a2d4851a1d" relativeResultsDirectory="c737cfcb-93e4-4adf-ad74-3e3e5a890998" />
    <UnitTestResult executionId="f083b65a-236c-4ba3-8ac5-3e94200cf690" testId="ada8bf4f-fb23-7bd0-78fb-5184a181a066" testName="OpenBullet.Core.Tests.Step1_CoreInterfacesTests.ScriptInstruction_GetParameter_Should_Return_Correct_Type" computerName="DESKTOP-FL6NJPC" duration="00:00:00.0006110" startTime="2025-08-17T15:55:52.0837793+02:00" endTime="2025-08-17T15:55:52.0837796+02:00" testType="13cdc9d9-ddb5-4fa4-a97d-d965ccfc6d4b" outcome="Passed" testListId="8c84fa94-04c1-424b-9868-57a2d4851a1d" relativeResultsDirectory="f083b65a-236c-4ba3-8ac5-3e94200cf690" />
    <UnitTestResult executionId="bac00284-d3ee-416f-a29a-8cb3fbefd0ac" testId="f77e79ef-dd63-0f6b-f91c-8950db496964" testName="OpenBullet.Core.Tests.Step3_ValidationTests.ParseConfigContent_Should_Handle_All_String_Settings" computerName="DESKTOP-FL6NJPC" duration="00:00:00.0047708" startTime="2025-08-17T15:55:52.1246075+02:00" endTime="2025-08-17T15:55:52.1246076+02:00" testType="13cdc9d9-ddb5-4fa4-a97d-d965ccfc6d4b" outcome="Passed" testListId="8c84fa94-04c1-424b-9868-57a2d4851a1d" relativeResultsDirectory="bac00284-d3ee-416f-a29a-8cb3fbefd0ac" />
    <UnitTestResult executionId="ea893be5-e04d-491d-9fa8-128c39fa40c3" testId="5dac8f81-0700-2429-bb42-050981a458d2" testName="OpenBullet.Core.Tests.Step5_VariableManagerTests.GetVariable_Should_Convert_Types_When_Possible" computerName="DESKTOP-FL6NJPC" duration="00:00:00.0009786" startTime="2025-08-17T15:55:52.8455230+02:00" endTime="2025-08-17T15:55:52.8455233+02:00" testType="13cdc9d9-ddb5-4fa4-a97d-d965ccfc6d4b" outcome="Passed" testListId="8c84fa94-04c1-424b-9868-57a2d4851a1d" relativeResultsDirectory="ea893be5-e04d-491d-9fa8-128c39fa40c3" />
    <UnitTestResult executionId="0121abec-63ea-47cc-8315-e7ce66620a71" testId="99adada5-7325-18bb-db49-420fe1474dae" testName="OpenBullet.Core.Tests.Step5_ExecutionContextTests.AddLog_Should_Skip_When_Logging_Disabled" computerName="DESKTOP-FL6NJPC" duration="00:00:00.0012666" startTime="2025-08-17T15:55:52.7287836+02:00" endTime="2025-08-17T15:55:52.7287837+02:00" testType="13cdc9d9-ddb5-4fa4-a97d-d965ccfc6d4b" outcome="Passed" testListId="8c84fa94-04c1-424b-9868-57a2d4851a1d" relativeResultsDirectory="0121abec-63ea-47cc-8315-e7ce66620a71" />
    <UnitTestResult executionId="baf2448a-bff3-4366-bf73-2099e0a3794a" testId="ad7d3617-9e51-212a-aa4b-e19436558946" testName="OpenBullet.Core.Tests.Step9_BotRunnerTests.BotResult_GetSummary_Should_Format_Correctly" computerName="DESKTOP-FL6NJPC" duration="00:00:00.0041577" startTime="2025-08-17T15:55:51.5128000+02:00" endTime="2025-08-17T15:55:51.5128004+02:00" testType="13cdc9d9-ddb5-4fa4-a97d-d965ccfc6d4b" outcome="Passed" testListId="8c84fa94-04c1-424b-9868-57a2d4851a1d" relativeResultsDirectory="baf2448a-bff3-4366-bf73-2099e0a3794a" />
    <UnitTestResult executionId="a530b464-1c33-456e-8d1d-1239da31a2b9" testId="497fa292-b039-cf82-e430-6551cd5f708f" testName="OpenBullet.Core.Tests.Step6_CommandFactoryTests.CreateCommand_Should_Throw_For_Null_Or_Empty_Name" computerName="DESKTOP-FL6NJPC" duration="00:00:00.0284167" startTime="2025-08-17T15:55:51.9732412+02:00" endTime="2025-08-17T15:55:51.9732414+02:00" testType="13cdc9d9-ddb5-4fa4-a97d-d965ccfc6d4b" outcome="Passed" testListId="8c84fa94-04c1-424b-9868-57a2d4851a1d" relativeResultsDirectory="a530b464-1c33-456e-8d1d-1239da31a2b9" />
    <UnitTestResult executionId="25d9e4af-44ac-4c6a-896c-ceeef9cc0942" testId="68c5a928-3ebb-3506-04aa-8d385f1a8faa" testName="OpenBullet.Core.Tests.Step10_ProxyJobManagerTests.ForceProxyRotationAsync_Should_Handle_Valid_Job" computerName="DESKTOP-FL6NJPC" duration="00:00:00.0044886" startTime="2025-08-17T15:55:53.0711260+02:00" endTime="2025-08-17T15:55:53.0711263+02:00" testType="13cdc9d9-ddb5-4fa4-a97d-d965ccfc6d4b" outcome="Passed" testListId="8c84fa94-04c1-424b-9868-57a2d4851a1d" relativeResultsDirectory="25d9e4af-44ac-4c6a-896c-ceeef9cc0942" />
    <UnitTestResult executionId="32cd6139-7cbc-4ce4-ba6f-5fb084a7a0be" testId="665fd9a9-5e60-eeb2-d30d-35329685be91" testName="OpenBullet.Core.Tests.Step5_VariableManagerTests.GetVariable_Should_Return_Default_For_Missing_Variable" computerName="DESKTOP-FL6NJPC" duration="00:00:00.0007439" startTime="2025-08-17T15:55:52.8506474+02:00" endTime="2025-08-17T15:55:52.8506485+02:00" testType="13cdc9d9-ddb5-4fa4-a97d-d965ccfc6d4b" outcome="Passed" testListId="8c84fa94-04c1-424b-9868-57a2d4851a1d" relativeResultsDirectory="32cd6139-7cbc-4ce4-ba6f-5fb084a7a0be" />
    <UnitTestResult executionId="15a36287-6c86-4f60-9c53-7c172ff00e75" testId="96350af9-7081-874f-7608-1f39c0cb5cd1" testName="OpenBullet.Core.Tests.Step11_StorageServicesTests.SettingsStorage_Categories_Should_Work" computerName="DESKTOP-FL6NJPC" duration="00:00:00.0315436" startTime="2025-08-17T15:55:55.3060804+02:00" endTime="2025-08-17T15:55:55.3060808+02:00" testType="13cdc9d9-ddb5-4fa4-a97d-d965ccfc6d4b" outcome="Passed" testListId="8c84fa94-04c1-424b-9868-57a2d4851a1d" relativeResultsDirectory="15a36287-6c86-4f60-9c53-7c172ff00e75" />
    <UnitTestResult executionId="ea95bd61-cab8-41a4-bc1c-3d176f18b424" testId="9bf63739-d9af-1d01-f258-b1b86cad4bea" testName="OpenBullet.Core.Tests.Step11_DatabaseManagerTests.DatabaseManager_GetHealth_Should_Return_Health_Info" computerName="DESKTOP-FL6NJPC" duration="00:00:00.0300154" startTime="2025-08-17T15:55:54.2733910+02:00" endTime="2025-08-17T15:55:54.2733913+02:00" testType="13cdc9d9-ddb5-4fa4-a97d-d965ccfc6d4b" outcome="Passed" testListId="8c84fa94-04c1-424b-9868-57a2d4851a1d" relativeResultsDirectory="ea95bd61-cab8-41a4-bc1c-3d176f18b424" />
    <UnitTestResult executionId="afbaa7d8-1768-4f22-a3d8-3e38d75f9391" testId="4d955c5f-8b61-1aef-e38e-2f73a9d86646" testName="OpenBullet.Core.Tests.Step5_ValidationTests.ExecutionStatus_Values_Should_Be_Distinct(status: Completed)" computerName="DESKTOP-FL6NJPC" duration="00:00:00.0000239" startTime="2025-08-17T15:55:51.7915912+02:00" endTime="2025-08-17T15:55:51.7915913+02:00" testType="13cdc9d9-ddb5-4fa4-a97d-d965ccfc6d4b" outcome="Passed" testListId="8c84fa94-04c1-424b-9868-57a2d4851a1d" relativeResultsDirectory="afbaa7d8-1768-4f22-a3d8-3e38d75f9391" />
    <UnitTestResult executionId="a1b2e963-cdc1-4fe1-9e4d-a5a0ff2062b5" testId="4e0d4311-de33-1e07-126e-caaabf69a0b9" testName="OpenBullet.Core.Tests.Step10_ProxyExtensionsTests.CreateUsageResult_Should_Create_Correct_Result(success: False, responseTimeMs: 70000, responseCode: 200, errorMessage: &quot;Timeout&quot;)" computerName="DESKTOP-FL6NJPC" duration="00:00:00.0005944" startTime="2025-08-17T15:55:52.1970462+02:00" endTime="2025-08-17T15:55:52.1970469+02:00" testType="13cdc9d9-ddb5-4fa4-a97d-d965ccfc6d4b" outcome="Passed" testListId="8c84fa94-04c1-424b-9868-57a2d4851a1d" relativeResultsDirectory="a1b2e963-cdc1-4fe1-9e4d-a5a0ff2062b5" />
    <UnitTestResult executionId="42080579-c24c-4449-ad3c-9068f5d67e78" testId="0af07894-6f10-d02b-3b4d-a39670d01f8f" testName="OpenBullet.Core.Tests.Step4_ScriptParserTests.ParseLine_With_Non_Command_Lines_Should_Return_Null(line: &quot;   &quot;)" computerName="DESKTOP-FL6NJPC" duration="00:00:00.0015976" startTime="2025-08-17T15:55:52.7557111+02:00" endTime="2025-08-17T15:55:52.7557113+02:00" testType="13cdc9d9-ddb5-4fa4-a97d-d965ccfc6d4b" outcome="Passed" testListId="8c84fa94-04c1-424b-9868-57a2d4851a1d" relativeResultsDirectory="42080579-c24c-4449-ad3c-9068f5d67e78" />
    <UnitTestResult executionId="29fcaac6-6d09-4cbc-a627-99710999ea7a" testId="1e22619d-03b8-ae07-602a-d43222610d95" testName="OpenBullet.Core.Tests.Step6_ValidationTests.RequestCommand_Should_Validate_HTTP_Methods_Correctly(method: &quot;&quot;, shouldBeValid: False)" computerName="DESKTOP-FL6NJPC" duration="00:00:00.0007986" startTime="2025-08-17T15:55:51.6963938+02:00" endTime="2025-08-17T15:55:51.6963941+02:00" testType="13cdc9d9-ddb5-4fa4-a97d-d965ccfc6d4b" outcome="Passed" testListId="8c84fa94-04c1-424b-9868-57a2d4851a1d" relativeResultsDirectory="29fcaac6-6d09-4cbc-a627-99710999ea7a" />
    <UnitTestResult executionId="a7b418c0-17c5-483f-8cdf-c88d1a2ebb31" testId="2a8bac4b-3b74-1bb0-cb77-122cd4634d7b" testName="OpenBullet.Core.Tests.Step6_RequestCommandTests.ValidateInstruction_With_Variable_URL_Should_Pass" computerName="DESKTOP-FL6NJPC" duration="00:00:00.0096005" startTime="2025-08-17T15:55:52.5892231+02:00" endTime="2025-08-17T15:55:52.5892233+02:00" testType="13cdc9d9-ddb5-4fa4-a97d-d965ccfc6d4b" outcome="Passed" testListId="8c84fa94-04c1-424b-9868-57a2d4851a1d" relativeResultsDirectory="a7b418c0-17c5-483f-8cdf-c88d1a2ebb31" />
    <UnitTestResult executionId="c14318b8-1474-4553-8cdf-0f1f83b95ba8" testId="f111a54e-1bbe-4eb8-e153-00f0f1ffd263" testName="OpenBullet.Core.Tests.Step7_ParseCommandTests.ValidateInstruction_With_Valid_Parse_Types_Should_Pass(parseType: &quot;REGEX&quot;)" computerName="DESKTOP-FL6NJPC" duration="00:00:00.0024985" startTime="2025-08-17T15:55:51.7669089+02:00" endTime="2025-08-17T15:55:51.7669090+02:00" testType="13cdc9d9-ddb5-4fa4-a97d-d965ccfc6d4b" outcome="Passed" testListId="8c84fa94-04c1-424b-9868-57a2d4851a1d" relativeResultsDirectory="c14318b8-1474-4553-8cdf-0f1f83b95ba8" />
    <UnitTestResult executionId="9f4722b2-723a-4009-b8c4-885bf8219d89" testId="9e7fe619-9d7f-700f-675e-f9c8b6562019" testName="OpenBullet.Core.Tests.Step7_ParsersTests.LeftRightParser_Should_Handle_Quoted_Delimiters" computerName="DESKTOP-FL6NJPC" duration="00:00:00.0006692" startTime="2025-08-17T15:55:51.8120039+02:00" endTime="2025-08-17T15:55:51.8120043+02:00" testType="13cdc9d9-ddb5-4fa4-a97d-d965ccfc6d4b" outcome="Passed" testListId="8c84fa94-04c1-424b-9868-57a2d4851a1d" relativeResultsDirectory="9f4722b2-723a-4009-b8c4-885bf8219d89" />
    <UnitTestResult executionId="e7784bce-a2e1-4b73-aef2-13872721a68b" testId="2bc91f6d-6627-5678-8fe6-2af08eda34db" testName="OpenBullet.Core.Tests.Step10_ProxyExtensionsTests.ValidateProxyList_With_Null_Should_Handle_Gracefully" computerName="DESKTOP-FL6NJPC" duration="00:00:00.0004435" startTime="2025-08-17T15:55:52.1645204+02:00" endTime="2025-08-17T15:55:52.1645206+02:00" testType="13cdc9d9-ddb5-4fa4-a97d-d965ccfc6d4b" outcome="Passed" testListId="8c84fa94-04c1-424b-9868-57a2d4851a1d" relativeResultsDirectory="e7784bce-a2e1-4b73-aef2-13872721a68b" />
    <UnitTestResult executionId="4d0538fe-30e1-45bc-a9bd-bd1a841d64cf" testId="dcaf4213-60c4-5c7d-f236-9d71ee18630a" testName="OpenBullet.Core.Tests.Step9_JobManagerTests.GetJobResultsAsync_Should_Return_Bot_Results" computerName="DESKTOP-FL6NJPC" duration="00:00:00.2275437" startTime="2025-08-17T15:55:53.1025577+02:00" endTime="2025-08-17T15:55:53.1025580+02:00" testType="13cdc9d9-ddb5-4fa4-a97d-d965ccfc6d4b" outcome="Failed" testListId="8c84fa94-04c1-424b-9868-57a2d4851a1d" relativeResultsDirectory="4d0538fe-30e1-45bc-a9bd-bd1a841d64cf">
      <Output>
        <ErrorInfo>
          <Message>Expected type to be "OpenBullet.Core.Execution.BotResult", but found "[OpenBullet.Core.Interfaces.BasicBotResult, OpenBullet.Core.Interfaces.BasicBotResult, OpenBullet.Core.Interfaces.BasicBotResult]".</Message>
          <StackTrace>   at FluentAssertions.Execution.XUnit2TestFramework.Throw(String message)&#xD;
   at FluentAssertions.Execution.TestFrameworkProvider.Throw(String message)&#xD;
   at FluentAssertions.Execution.DefaultAssertionStrategy.HandleFailure(String message)&#xD;
   at FluentAssertions.Execution.AssertionScope.FailWith(Func`1 failReasonFunc)&#xD;
   at FluentAssertions.Execution.AssertionScope.FailWith(Func`1 failReasonFunc)&#xD;
   at FluentAssertions.Execution.AssertionScope.FailWith(String message, Func`1[] argProviders)&#xD;
   at FluentAssertions.Collections.GenericCollectionAssertions`3.AllBeAssignableTo[TExpectation](String because, Object[] becauseArgs)&#xD;
   at OpenBullet.Core.Tests.Step9_JobManagerTests.GetJobResultsAsync_Should_Return_Bot_Results() in C:\Users\futiliter\Downloads\Telegram Desktop\Openbullet 1.4.4 Anomaly Modded Version\OpenBulletRecreation\OpenBullet.Core.Tests\Step9_JobManagerTests.cs:line 254&#xD;
--- End of stack trace from previous location ---</StackTrace>
        </ErrorInfo>
      </Output>
    </UnitTestResult>
    <UnitTestResult executionId="f28336c9-825d-40e1-9f18-cd6fda8adcb5" testId="e232d3d2-9ebf-bc9f-5083-3b084a012bfd" testName="OpenBullet.Core.Tests.Step5_VariableManagerTests.GetAllVariables_Should_Return_All_Variables_In_Scope" computerName="DESKTOP-FL6NJPC" duration="00:00:00.0062920" startTime="2025-08-17T15:55:52.8572399+02:00" endTime="2025-08-17T15:55:52.8572402+02:00" testType="13cdc9d9-ddb5-4fa4-a97d-d965ccfc6d4b" outcome="Failed" testListId="8c84fa94-04c1-424b-9868-57a2d4851a1d" relativeResultsDirectory="f28336c9-825d-40e1-9f18-cd6fda8adcb5">
      <Output>
        <ErrorInfo>
          <Message>Expected globalVars to contain 1 item(s), but found 5: {["globalVar"] = 42, ["conflictVar"] = "globalValue", ["TOKEN"] = "abc123", ["global1"] = "value3", ["var2"] = "value2"}.</Message>
          <StackTrace>   at FluentAssertions.Execution.XUnit2TestFramework.Throw(String message)&#xD;
   at FluentAssertions.Execution.TestFrameworkProvider.Throw(String message)&#xD;
   at FluentAssertions.Execution.DefaultAssertionStrategy.HandleFailure(String message)&#xD;
   at FluentAssertions.Execution.AssertionScope.FailWith(Func`1 failReasonFunc)&#xD;
   at FluentAssertions.Execution.AssertionScope.FailWith(Func`1 failReasonFunc)&#xD;
   at FluentAssertions.Execution.AssertionScope.FailWith(String message, Object[] args)&#xD;
   at FluentAssertions.Collections.GenericCollectionAssertions`3.HaveCount(Int32 expected, String because, Object[] becauseArgs)&#xD;
   at OpenBullet.Core.Tests.Step5_VariableManagerTests.GetAllVariables_Should_Return_All_Variables_In_Scope() in C:\Users\futiliter\Downloads\Telegram Desktop\Openbullet 1.4.4 Anomaly Modded Version\OpenBulletRecreation\OpenBullet.Core.Tests\Step5_VariableManagerTests.cs:line 180&#xD;
   at System.RuntimeMethodHandle.InvokeMethod(Object target, Void** arguments, Signature sig, Boolean isConstructor)&#xD;
   at System.Reflection.MethodBaseInvoker.InvokeWithNoArgs(Object obj, BindingFlags invokeAttr)</StackTrace>
        </ErrorInfo>
      </Output>
    </UnitTestResult>
    <UnitTestResult executionId="f65d47d1-651a-45bd-bfdb-ce75f875594f" testId="392e806d-40aa-a7b0-e85f-1a6537f4f3f0" testName="OpenBullet.Core.Tests.Step7_ParsersTests.ParserFactory_Should_Return_Available_Types" computerName="DESKTOP-FL6NJPC" duration="00:00:00.0047666" startTime="2025-08-17T15:55:51.8114398+02:00" endTime="2025-08-17T15:55:51.8114403+02:00" testType="13cdc9d9-ddb5-4fa4-a97d-d965ccfc6d4b" outcome="Passed" testListId="8c84fa94-04c1-424b-9868-57a2d4851a1d" relativeResultsDirectory="f65d47d1-651a-45bd-bfdb-ce75f875594f" />
    <UnitTestResult executionId="6f96536e-47dd-40a5-bdb6-69d2ed2e5e7b" testId="34419e3d-a5cb-1c33-920f-0edc26280b69" testName="OpenBullet.Core.Tests.Step7_ValidationTests.ParseResult_Should_Initialize_With_Defaults" computerName="DESKTOP-FL6NJPC" duration="00:00:00.0005870" startTime="2025-08-17T15:55:51.7230912+02:00" endTime="2025-08-17T15:55:51.7230914+02:00" testType="13cdc9d9-ddb5-4fa4-a97d-d965ccfc6d4b" outcome="Passed" testListId="8c84fa94-04c1-424b-9868-57a2d4851a1d" relativeResultsDirectory="6f96536e-47dd-40a5-bdb6-69d2ed2e5e7b" />
    <UnitTestResult executionId="61df1164-ad0a-4714-aac7-c5779995b5a6" testId="e295014d-803d-d48e-a838-e0dbdd99e636" testName="OpenBullet.Core.Tests.Step10_ValidationTests.Enum_Combinations_Should_Be_Valid(rotationStrategy: RoundRobin, strategy: OnePerBot, health: Healthy)" computerName="DESKTOP-FL6NJPC" duration="00:00:00.0000299" startTime="2025-08-17T15:55:51.8667354+02:00" endTime="2025-08-17T15:55:51.8667355+02:00" testType="13cdc9d9-ddb5-4fa4-a97d-d965ccfc6d4b" outcome="Passed" testListId="8c84fa94-04c1-424b-9868-57a2d4851a1d" relativeResultsDirectory="61df1164-ad0a-4714-aac7-c5779995b5a6" />
    <UnitTestResult executionId="c3bafbff-d2e3-462b-b63a-93c4f0be2d42" testId="7158c640-1d7b-8767-848f-4fec4b1c7ca1" testName="OpenBullet.Core.Tests.Step6_CommandMetadataTests.ParameterType_Values_Should_Be_Available(parameterType: Boolean)" computerName="DESKTOP-FL6NJPC" duration="00:00:00.0000235" startTime="2025-08-17T15:55:51.9782405+02:00" endTime="2025-08-17T15:55:51.9782407+02:00" testType="13cdc9d9-ddb5-4fa4-a97d-d965ccfc6d4b" outcome="Passed" testListId="8c84fa94-04c1-424b-9868-57a2d4851a1d" relativeResultsDirectory="c3bafbff-d2e3-462b-b63a-93c4f0be2d42" />
    <UnitTestResult executionId="f78cd77e-e47b-4458-b19f-771dd280f38b" testId="325f2dbd-a55c-5661-1773-a5502b988f6f" testName="OpenBullet.Core.Tests.Step9_BotRunnerTests.BotStatusExtensions_IsSuccess_Should_Work_Correctly(status: Error, expectedIsSuccess: False)" computerName="DESKTOP-FL6NJPC" duration="00:00:00.0001113" startTime="2025-08-17T15:55:51.4630176+02:00" endTime="2025-08-17T15:55:51.4630178+02:00" testType="13cdc9d9-ddb5-4fa4-a97d-d965ccfc6d4b" outcome="Passed" testListId="8c84fa94-04c1-424b-9868-57a2d4851a1d" relativeResultsDirectory="f78cd77e-e47b-4458-b19f-771dd280f38b" />
    <UnitTestResult executionId="f9966c28-6df7-4163-9360-d2766055ada9" testId="1a50e4af-d471-fe26-c769-7d2064bbba4e" testName="OpenBullet.Core.Tests.Step8_KeyCheckerTests.EvaluateKeyChain_With_AND_Logic_Should_Fail_If_Any_Key_Fails" computerName="DESKTOP-FL6NJPC" duration="00:00:00.0065443" startTime="2025-08-17T15:55:51.6129790+02:00" endTime="2025-08-17T15:55:51.6129794+02:00" testType="13cdc9d9-ddb5-4fa4-a97d-d965ccfc6d4b" outcome="Passed" testListId="8c84fa94-04c1-424b-9868-57a2d4851a1d" relativeResultsDirectory="f9966c28-6df7-4163-9360-d2766055ada9" />
    <UnitTestResult executionId="662aed7c-7304-4028-a4f8-89ac0638227e" testId="ddf122af-44b1-7bde-2a36-d8b68ef0de43" testName="OpenBullet.Core.Tests.Step5_IntegrationTests.Full_Execution_Workflow_Should_Work" computerName="DESKTOP-FL6NJPC" duration="00:00:00.0102182" startTime="2025-08-17T15:55:52.5648945+02:00" endTime="2025-08-17T15:55:52.5648948+02:00" testType="13cdc9d9-ddb5-4fa4-a97d-d965ccfc6d4b" outcome="Passed" testListId="8c84fa94-04c1-424b-9868-57a2d4851a1d" relativeResultsDirectory="662aed7c-7304-4028-a4f8-89ac0638227e" />
    <UnitTestResult executionId="919cd97e-38ff-4eaf-82c8-852d64f99ef2" testId="53d68821-c8ba-d625-bca0-f5b7e0e7fb60" testName="OpenBullet.Core.Tests.Step9_BotRunnerTests.RunAsync_Should_Include_Proxy_Metadata_When_Available" computerName="DESKTOP-FL6NJPC" duration="00:00:00.0061801" startTime="2025-08-17T15:55:51.5385350+02:00" endTime="2025-08-17T15:55:51.5385351+02:00" testType="13cdc9d9-ddb5-4fa4-a97d-d965ccfc6d4b" outcome="Passed" testListId="8c84fa94-04c1-424b-9868-57a2d4851a1d" relativeResultsDirectory="919cd97e-38ff-4eaf-82c8-852d64f99ef2" />
    <UnitTestResult executionId="910cfba1-7ac5-4584-9f81-7a89dd05f4c7" testId="10fbf7f8-50cd-de3f-abbd-348125a0454b" testName="OpenBullet.Core.Tests.Step11_DatabaseContextTests.Entity_Relationships_Should_Work" computerName="DESKTOP-FL6NJPC" duration="00:00:00.0380200" startTime="2025-08-17T15:55:54.2096751+02:00" endTime="2025-08-17T15:55:54.2096756+02:00" testType="13cdc9d9-ddb5-4fa4-a97d-d965ccfc6d4b" outcome="Passed" testListId="8c84fa94-04c1-424b-9868-57a2d4851a1d" relativeResultsDirectory="910cfba1-7ac5-4584-9f81-7a89dd05f4c7" />
    <UnitTestResult executionId="163c79d5-6e28-4206-b4d9-1b2e272d2e42" testId="44b488fa-827c-25b6-c6ca-6dece53df16e" testName="OpenBullet.Core.Tests.Step8_KeyCheckerTests.KeyChain_Factory_Methods_Should_Create_Correct_Chains" computerName="DESKTOP-FL6NJPC" duration="00:00:00.0013039" startTime="2025-08-17T15:55:51.6187966+02:00" endTime="2025-08-17T15:55:51.6187969+02:00" testType="13cdc9d9-ddb5-4fa4-a97d-d965ccfc6d4b" outcome="Passed" testListId="8c84fa94-04c1-424b-9868-57a2d4851a1d" relativeResultsDirectory="163c79d5-6e28-4206-b4d9-1b2e272d2e42" />
    <UnitTestResult executionId="f827bd81-ff68-4691-b4cc-6bb06f779937" testId="3c68c493-9c46-66d0-72bc-77621415baad" testName="OpenBullet.Core.Tests.Step11_StorageServicesTests.SettingsStorage_CRUD_Operations_Should_Work" computerName="DESKTOP-FL6NJPC" duration="00:00:00.0382078" startTime="2025-08-17T15:55:55.2743916+02:00" endTime="2025-08-17T15:55:55.2743919+02:00" testType="13cdc9d9-ddb5-4fa4-a97d-d965ccfc6d4b" outcome="Passed" testListId="8c84fa94-04c1-424b-9868-57a2d4851a1d" relativeResultsDirectory="f827bd81-ff68-4691-b4cc-6bb06f779937" />
    <UnitTestResult executionId="93b34c5d-ff97-49a3-9d60-e41413122cdd" testId="d0561565-ee31-c7cd-5bfa-1fc1a82e7d85" testName="OpenBullet.Core.Tests.Step9_JobManagerTests.JobStatus_State_Properties_Should_Work_Correctly(state: Created, expectedIsRunning: False, expectedIsCompleted: False)" computerName="DESKTOP-FL6NJPC" duration="00:00:00.0001940" startTime="2025-08-17T15:55:53.1112930+02:00" endTime="2025-08-17T15:55:53.1112932+02:00" testType="13cdc9d9-ddb5-4fa4-a97d-d965ccfc6d4b" outcome="Passed" testListId="8c84fa94-04c1-424b-9868-57a2d4851a1d" relativeResultsDirectory="93b34c5d-ff97-49a3-9d60-e41413122cdd" />
    <UnitTestResult executionId="a773c349-051b-47a6-9cf7-febebd1294bf" testId="3b4495c5-df35-c74a-cf4d-cac9edd8d738" testName="OpenBullet.Core.Tests.Step2_HttpClientServiceTests.TestProxyAsync_With_Invalid_Proxy_Should_Return_Failure" computerName="DESKTOP-FL6NJPC" duration="00:00:00.0952160" startTime="2025-08-17T15:55:52.8816658+02:00" endTime="2025-08-17T15:55:52.8816664+02:00" testType="13cdc9d9-ddb5-4fa4-a97d-d965ccfc6d4b" outcome="Passed" testListId="8c84fa94-04c1-424b-9868-57a2d4851a1d" relativeResultsDirectory="a773c349-051b-47a6-9cf7-febebd1294bf" />
    <UnitTestResult executionId="4d0f2eab-e49e-4755-84ca-23f2feba8b54" testId="24a2ee4c-14fc-b335-95ea-40ff078e82ac" testName="OpenBullet.Core.Tests.Step9_BotRunnerTests.BotStatusExtensions_IsError_Should_Work_Correctly(status: Error, expectedIsError: True)" computerName="DESKTOP-FL6NJPC" duration="00:00:00.0004502" startTime="2025-08-17T15:55:51.4688740+02:00" endTime="2025-08-17T15:55:51.4688741+02:00" testType="13cdc9d9-ddb5-4fa4-a97d-d965ccfc6d4b" outcome="Passed" testListId="8c84fa94-04c1-424b-9868-57a2d4851a1d" relativeResultsDirectory="4d0f2eab-e49e-4755-84ca-23f2feba8b54" />
    <UnitTestResult executionId="bb065767-10f8-4d69-8f8c-0475bf4a450a" testId="29ef8b5b-2468-2f97-d0e5-9903b4bf0612" testName="OpenBullet.Core.Tests.Step7_ValidationTests.ParseType_String_Conversion_Should_Work(stringValue: &quot;XPATH&quot;, expectedType: XPath)" computerName="DESKTOP-FL6NJPC" duration="00:00:00.0000279" startTime="2025-08-17T15:55:51.6757488+02:00" endTime="2025-08-17T15:55:51.6757490+02:00" testType="13cdc9d9-ddb5-4fa4-a97d-d965ccfc6d4b" outcome="Passed" testListId="8c84fa94-04c1-424b-9868-57a2d4851a1d" relativeResultsDirectory="bb065767-10f8-4d69-8f8c-0475bf4a450a" />
    <UnitTestResult executionId="737d3b1c-3ef0-4a89-95b8-3a53729b48d7" testId="8293068a-d22d-c99a-e45f-2c448b46a7b5" testName="OpenBullet.Core.Tests.Step3_ValidationTests.ConfigError_Types_Should_Be_Available(errorType: MissingSection)" computerName="DESKTOP-FL6NJPC" duration="00:00:00.0002960" startTime="2025-08-17T15:55:52.1221793+02:00" endTime="2025-08-17T15:55:52.1221794+02:00" testType="13cdc9d9-ddb5-4fa4-a97d-d965ccfc6d4b" outcome="Passed" testListId="8c84fa94-04c1-424b-9868-57a2d4851a1d" relativeResultsDirectory="737d3b1c-3ef0-4a89-95b8-3a53729b48d7" />
    <UnitTestResult executionId="10c54ec9-ead6-4f76-9f1b-175e3200ad1c" testId="29449348-3f69-c12b-fc41-b539693e4187" testName="OpenBullet.Core.Tests.Step10_ProxyExtensionsTests.ToDisplayString_Basic_Should_Format_Correctly(host: &quot;proxy.com&quot;, port: 1080, type: Socks5, username: &quot;user&quot;, password: &quot;pass&quot;, includeCredentials: True, expected: &quot;socks5://user:pass@proxy.com:1080&quot;)" computerName="DESKTOP-FL6NJPC" duration="00:00:00.0000374" startTime="2025-08-17T15:55:52.1681785+02:00" endTime="2025-08-17T15:55:52.1681787+02:00" testType="13cdc9d9-ddb5-4fa4-a97d-d965ccfc6d4b" outcome="Passed" testListId="8c84fa94-04c1-424b-9868-57a2d4851a1d" relativeResultsDirectory="10c54ec9-ead6-4f76-9f1b-175e3200ad1c" />
    <UnitTestResult executionId="5f6d5e6c-77fd-46f0-b3f9-cf799c4935b0" testId="c7f89ce6-12a9-fb24-6ac6-bf6c76224948" testName="OpenBullet.Core.Tests.Step9_ScriptEngineTests.ResetStatistics_Should_Clear_All_Statistics" computerName="DESKTOP-FL6NJPC" duration="00:00:00.0293755" startTime="2025-08-17T15:55:51.8087681+02:00" endTime="2025-08-17T15:55:51.8087683+02:00" testType="13cdc9d9-ddb5-4fa4-a97d-d965ccfc6d4b" outcome="Passed" testListId="8c84fa94-04c1-424b-9868-57a2d4851a1d" relativeResultsDirectory="5f6d5e6c-77fd-46f0-b3f9-cf799c4935b0" />
    <UnitTestResult executionId="5b36e6eb-26cb-4989-8586-a956b65180d4" testId="5ae346f1-a0c3-8b90-657d-f519812b3409" testName="OpenBullet.Core.Tests.Step10_ValidationTests.ProxyRotationStrategy_Enum_Should_Have_Expected_Values" computerName="DESKTOP-FL6NJPC" duration="00:00:00.0089120" startTime="2025-08-17T15:55:51.7783019+02:00" endTime="2025-08-17T15:55:51.7783020+02:00" testType="13cdc9d9-ddb5-4fa4-a97d-d965ccfc6d4b" outcome="Passed" testListId="8c84fa94-04c1-424b-9868-57a2d4851a1d" relativeResultsDirectory="5b36e6eb-26cb-4989-8586-a956b65180d4" />
    <UnitTestResult executionId="7e69f110-0efb-4822-85b3-2222dd6c575c" testId="979a9bd2-890e-b383-8b8a-de975893a781" testName="OpenBullet.Core.Tests.Step5_ValidationTests.VariableManager_Basic_Operations_Should_Work" computerName="DESKTOP-FL6NJPC" duration="00:00:00.0008417" startTime="2025-08-17T15:55:51.9244419+02:00" endTime="2025-08-17T15:55:51.9244422+02:00" testType="13cdc9d9-ddb5-4fa4-a97d-d965ccfc6d4b" outcome="Passed" testListId="8c84fa94-04c1-424b-9868-57a2d4851a1d" relativeResultsDirectory="7e69f110-0efb-4822-85b3-2222dd6c575c" />
    <UnitTestResult executionId="d0891206-d99f-40dc-89f9-7474f410e90a" testId="b4167ba6-0fab-4439-1747-0e30e59284f3" testName="OpenBullet.Core.Tests.Step2_HttpClientServiceTests.PostFormAsync_Extension_Should_Work" computerName="DESKTOP-FL6NJPC" duration="00:00:00.0010000" startTime="2025-08-17T15:55:52.8885987+02:00" endTime="2025-08-17T15:55:52.8885991+02:00" testType="13cdc9d9-ddb5-4fa4-a97d-d965ccfc6d4b" outcome="NotExecuted" testListId="8c84fa94-04c1-424b-9868-57a2d4851a1d" relativeResultsDirectory="d0891206-d99f-40dc-89f9-7474f410e90a">
      <Output>
        <ErrorInfo>
          <Message>Integration test - requires internet connection</Message>
        </ErrorInfo>
      </Output>
    </UnitTestResult>
    <UnitTestResult executionId="82439577-0627-4520-be6b-f5423bcc26bd" testId="24a7a5b6-602e-cd90-6aa7-316028b0768b" testName="OpenBullet.Core.Tests.Step8_ValidationTests.KeyCondition_String_Conversion_Should_Work(stringValue: &quot;Contains&quot;, expectedCondition: Contains)" computerName="DESKTOP-FL6NJPC" duration="00:00:00.0006165" startTime="2025-08-17T15:55:51.3504174+02:00" endTime="2025-08-17T15:55:51.3504175+02:00" testType="13cdc9d9-ddb5-4fa4-a97d-d965ccfc6d4b" outcome="Passed" testListId="8c84fa94-04c1-424b-9868-57a2d4851a1d" relativeResultsDirectory="82439577-0627-4520-be6b-f5423bcc26bd" />
    <UnitTestResult executionId="55ae194d-d2d5-4ab2-b20d-8a1423f5125b" testId="848ec985-c7ae-0276-961e-1edc84726c9e" testName="OpenBullet.Core.Tests.Step9_ScriptEngineTests.ExecuteAsync_Should_Handle_All_Flow_Control_Types(flowControl: Break)" computerName="DESKTOP-FL6NJPC" duration="00:00:00.0313839" startTime="2025-08-17T15:55:51.7770807+02:00" endTime="2025-08-17T15:55:51.7770809+02:00" testType="13cdc9d9-ddb5-4fa4-a97d-d965ccfc6d4b" outcome="Passed" testListId="8c84fa94-04c1-424b-9868-57a2d4851a1d" relativeResultsDirectory="55ae194d-d2d5-4ab2-b20d-8a1423f5125b" />
    <UnitTestResult executionId="53e2da36-91ad-40f8-97a5-eca4b5ba9436" testId="44ed638d-6d7b-a2aa-09d2-9081469ab591" testName="OpenBullet.Core.Tests.Step5_VariableManagerTests.SetVariable_Should_Throw_For_Any_Scope" computerName="DESKTOP-FL6NJPC" duration="00:00:00.0042716" startTime="2025-08-17T15:55:52.8431462+02:00" endTime="2025-08-17T15:55:52.8431464+02:00" testType="13cdc9d9-ddb5-4fa4-a97d-d965ccfc6d4b" outcome="Passed" testListId="8c84fa94-04c1-424b-9868-57a2d4851a1d" relativeResultsDirectory="53e2da36-91ad-40f8-97a5-eca4b5ba9436" />
    <UnitTestResult executionId="d32129d0-1524-4824-b7d4-6f9538cd66c4" testId="d11c9541-ada8-4e6c-de6e-7b3340a7505c" testName="OpenBullet.Core.Tests.Step6_ValidationTests.CommandFactory_Can_Be_Created" computerName="DESKTOP-FL6NJPC" duration="00:00:00.0009797" startTime="2025-08-17T15:55:51.7501464+02:00" endTime="2025-08-17T15:55:51.7501465+02:00" testType="13cdc9d9-ddb5-4fa4-a97d-d965ccfc6d4b" outcome="Passed" testListId="8c84fa94-04c1-424b-9868-57a2d4851a1d" relativeResultsDirectory="d32129d0-1524-4824-b7d4-6f9538cd66c4" />
    <UnitTestResult executionId="93cacc65-a7de-493a-8925-6bc67a951e06" testId="d7bc744b-5fe4-d1fd-dbcb-23577e3dfe45" testName="OpenBullet.Core.Tests.Step10_ProxyJobManagerTests.ProxyJobConfiguration_Should_Validate_Proxy_Settings" computerName="DESKTOP-FL6NJPC" duration="00:00:00.0054642" startTime="2025-08-17T15:55:52.9144315+02:00" endTime="2025-08-17T15:55:52.9144320+02:00" testType="13cdc9d9-ddb5-4fa4-a97d-d965ccfc6d4b" outcome="Passed" testListId="8c84fa94-04c1-424b-9868-57a2d4851a1d" relativeResultsDirectory="93cacc65-a7de-493a-8925-6bc67a951e06" />
    <UnitTestResult executionId="35f0d24a-b6f8-444c-874a-b149c7c37596" testId="18427d1b-8810-c5bc-997d-3347e28e0d78" testName="OpenBullet.Core.Tests.Step7_ValidationTests.ParseCommand_Can_Be_Created_With_Valid_ServiceProvider" computerName="DESKTOP-FL6NJPC" duration="00:00:00.0009962" startTime="2025-08-17T15:55:51.7887894+02:00" endTime="2025-08-17T15:55:51.7887896+02:00" testType="13cdc9d9-ddb5-4fa4-a97d-d965ccfc6d4b" outcome="Passed" testListId="8c84fa94-04c1-424b-9868-57a2d4851a1d" relativeResultsDirectory="35f0d24a-b6f8-444c-874a-b149c7c37596" />
    <UnitTestResult executionId="7fc785bb-3617-46a3-a5f2-748a84acc469" testId="1f363a9d-37d5-7823-f6f1-818cde518a14" testName="OpenBullet.Core.Tests.Step4_ScriptParserTests.ParseLine_With_Complex_Arguments_Should_Parse_Correctly" computerName="DESKTOP-FL6NJPC" duration="00:00:00.0485340" startTime="2025-08-17T15:55:53.0369176+02:00" endTime="2025-08-17T15:55:53.0369177+02:00" testType="13cdc9d9-ddb5-4fa4-a97d-d965ccfc6d4b" outcome="Passed" testListId="8c84fa94-04c1-424b-9868-57a2d4851a1d" relativeResultsDirectory="7fc785bb-3617-46a3-a5f2-748a84acc469" />
    <UnitTestResult executionId="990b4c50-b241-469c-ae2a-f7af873149bb" testId="9252e67a-95e9-119f-33ae-67ffe9e68884" testName="OpenBullet.Core.Tests.Step11_DatabaseManagerTests.DatabaseOptions_Should_Have_Correct_Defaults" computerName="DESKTOP-FL6NJPC" duration="00:00:00.2099084" startTime="2025-08-17T15:55:51.4742933+02:00" endTime="2025-08-17T15:55:51.4742934+02:00" testType="13cdc9d9-ddb5-4fa4-a97d-d965ccfc6d4b" outcome="Passed" testListId="8c84fa94-04c1-424b-9868-57a2d4851a1d" relativeResultsDirectory="990b4c50-b241-469c-ae2a-f7af873149bb" />
    <UnitTestResult executionId="b41350ca-9b32-46e6-8adc-3c696d618719" testId="5a2d6cd4-b61d-cc50-f56f-d0d08b920f51" testName="OpenBullet.Core.Tests.Step9_BotRunnerTests.BotStatusExtensions_ShouldRetry_Should_Work_Correctly(status: Error, expectedShouldRetry: False)" computerName="DESKTOP-FL6NJPC" duration="00:00:00.0015095" startTime="2025-08-17T15:55:51.4579370+02:00" endTime="2025-08-17T15:55:51.4579375+02:00" testType="13cdc9d9-ddb5-4fa4-a97d-d965ccfc6d4b" outcome="Passed" testListId="8c84fa94-04c1-424b-9868-57a2d4851a1d" relativeResultsDirectory="b41350ca-9b32-46e6-8adc-3c696d618719" />
    <UnitTestResult executionId="5b02696c-c300-4e80-8e56-6fb0d138c985" testId="d4d9c027-47a1-a10a-9f63-b44b4468c6e8" testName="OpenBullet.Core.Tests.Step11_DatabaseContextTests.Entity_Helper_Methods_Should_Work" computerName="DESKTOP-FL6NJPC" duration="00:00:00.0606584" startTime="2025-08-17T15:55:54.1714386+02:00" endTime="2025-08-17T15:55:54.1714391+02:00" testType="13cdc9d9-ddb5-4fa4-a97d-d965ccfc6d4b" outcome="Passed" testListId="8c84fa94-04c1-424b-9868-57a2d4851a1d" relativeResultsDirectory="5b02696c-c300-4e80-8e56-6fb0d138c985" />
    <UnitTestResult executionId="665d430a-ab93-430b-8981-7bcd8119a233" testId="699ef298-53c8-f5f9-b1d4-5966a52ffc09" testName="OpenBullet.Core.Tests.Step7_ValidationTests.LeftRightParser_Can_Be_Created" computerName="DESKTOP-FL6NJPC" duration="00:00:00.0003751" startTime="2025-08-17T15:55:51.8010845+02:00" endTime="2025-08-17T15:55:51.8010846+02:00" testType="13cdc9d9-ddb5-4fa4-a97d-d965ccfc6d4b" outcome="Passed" testListId="8c84fa94-04c1-424b-9868-57a2d4851a1d" relativeResultsDirectory="665d430a-ab93-430b-8981-7bcd8119a233" />
    <UnitTestResult executionId="3bbebbe3-76f4-4f26-874a-f9e4f6e8920e" testId="60af8f4b-1f37-7cd5-e4fb-e922c33f0398" testName="OpenBullet.Core.Tests.Step11_DatabaseContextTests.Repository_CRUD_Operations_Should_Work" computerName="DESKTOP-FL6NJPC" duration="00:00:02.0564217" startTime="2025-08-17T15:55:53.6997256+02:00" endTime="2025-08-17T15:55:53.6997260+02:00" testType="13cdc9d9-ddb5-4fa4-a97d-d965ccfc6d4b" outcome="Passed" testListId="8c84fa94-04c1-424b-9868-57a2d4851a1d" relativeResultsDirectory="3bbebbe3-76f4-4f26-874a-f9e4f6e8920e" />
    <UnitTestResult executionId="0e25e3d1-b40f-4454-bdf5-71a9d2f09c1f" testId="806b0b68-10e1-528a-0aea-d5c057bbb4b7" testName="OpenBullet.Core.Tests.Step6_CommandFactoryTests.IsCommandRegistered_Should_Return_True_For_Existing_Command" computerName="DESKTOP-FL6NJPC" duration="00:00:00.0012160" startTime="2025-08-17T15:55:51.9997423+02:00" endTime="2025-08-17T15:55:51.9997424+02:00" testType="13cdc9d9-ddb5-4fa4-a97d-d965ccfc6d4b" outcome="Passed" testListId="8c84fa94-04c1-424b-9868-57a2d4851a1d" relativeResultsDirectory="0e25e3d1-b40f-4454-bdf5-71a9d2f09c1f" />
    <UnitTestResult executionId="33497b67-0177-4958-9d7a-85f12f82dd2a" testId="7f895979-facc-1e37-a97f-3d7c9cedf66c" testName="OpenBullet.Core.Tests.Step9_JobManagerTests.GetJobStatus_With_Invalid_JobId_Should_Return_Failed_Status" computerName="DESKTOP-FL6NJPC" duration="00:00:00.0014220" startTime="2025-08-17T15:55:54.0772041+02:00" endTime="2025-08-17T15:55:54.0772043+02:00" testType="13cdc9d9-ddb5-4fa4-a97d-d965ccfc6d4b" outcome="Passed" testListId="8c84fa94-04c1-424b-9868-57a2d4851a1d" relativeResultsDirectory="33497b67-0177-4958-9d7a-85f12f82dd2a" />
    <UnitTestResult executionId="936181d1-8b51-4fca-91a0-a5fdb7a80bf2" testId="8d82cafd-6f0f-bf94-bb65-148d75d4b4a9" testName="OpenBullet.Core.Tests.Step8_KeyCheckCommandTests.ValidateInstruction_With_Valid_Statuses_Should_Pass(status: &quot;Retry&quot;)" computerName="DESKTOP-FL6NJPC" duration="00:00:00.0016543" startTime="2025-08-17T15:55:52.1244888+02:00" endTime="2025-08-17T15:55:52.1244889+02:00" testType="13cdc9d9-ddb5-4fa4-a97d-d965ccfc6d4b" outcome="Passed" testListId="8c84fa94-04c1-424b-9868-57a2d4851a1d" relativeResultsDirectory="936181d1-8b51-4fca-91a0-a5fdb7a80bf2" />
    <UnitTestResult executionId="5b13ca6f-e583-4810-9592-6480d07dbcc9" testId="f065c67b-ace7-4443-45cb-a596be43fc90" testName="OpenBullet.Core.Tests.Step4_ScriptParserTests.SubstituteVariables_With_Dictionary_Should_Handle_Key_Access" computerName="DESKTOP-FL6NJPC" duration="00:00:00.0296831" startTime="2025-08-17T15:55:52.9880854+02:00" endTime="2025-08-17T15:55:52.9880857+02:00" testType="13cdc9d9-ddb5-4fa4-a97d-d965ccfc6d4b" outcome="Passed" testListId="8c84fa94-04c1-424b-9868-57a2d4851a1d" relativeResultsDirectory="5b13ca6f-e583-4810-9592-6480d07dbcc9" />
    <UnitTestResult executionId="03ba0822-1d85-453e-8eed-1d3d51bc1c77" testId="09957469-3c46-3725-ebd1-df5f5780ebe5" testName="OpenBullet.Core.Tests.Step6_RequestCommandTests.ExecuteAsync_With_Network_Exception_Should_Handle_Error" computerName="DESKTOP-FL6NJPC" duration="00:00:00.1188761" startTime="2025-08-17T15:55:52.3238961+02:00" endTime="2025-08-17T15:55:52.3238964+02:00" testType="13cdc9d9-ddb5-4fa4-a97d-d965ccfc6d4b" outcome="Passed" testListId="8c84fa94-04c1-424b-9868-57a2d4851a1d" relativeResultsDirectory="03ba0822-1d85-453e-8eed-1d3d51bc1c77" />
    <UnitTestResult executionId="bd0225f4-e4c9-4eb7-aae5-1c2da5139bf4" testId="8cf7d030-8f63-dd72-2113-b6ca6aae373c" testName="OpenBullet.Core.Tests.Step11_DatabaseManagerTests.DatabaseServiceProvider_Should_Register_All_Services" computerName="DESKTOP-FL6NJPC" duration="00:00:00.0034889" startTime="2025-08-17T15:55:54.0774980+02:00" endTime="2025-08-17T15:55:54.0774982+02:00" testType="13cdc9d9-ddb5-4fa4-a97d-d965ccfc6d4b" outcome="Passed" testListId="8c84fa94-04c1-424b-9868-57a2d4851a1d" relativeResultsDirectory="bd0225f4-e4c9-4eb7-aae5-1c2da5139bf4" />
    <UnitTestResult executionId="b8112fdc-c0ce-4a92-a501-059bbb25c3e2" testId="ed83800b-f04d-1a5a-6c78-3e370d29e50f" testName="OpenBullet.Core.Tests.Step13_ConfigurationEditorTests.ValidateScript_Should_Detect_Syntax_Errors(invalidScript: &quot;REQUEST&quot;, expectedErrorType: &quot;Missing required parameters&quot;)" computerName="DESKTOP-FL6NJPC" duration="00:00:00.0002030" startTime="2025-08-17T15:55:51.4190888+02:00" endTime="2025-08-17T15:55:51.4190895+02:00" testType="13cdc9d9-ddb5-4fa4-a97d-d965ccfc6d4b" outcome="Failed" testListId="8c84fa94-04c1-424b-9868-57a2d4851a1d" relativeResultsDirectory="b8112fdc-c0ce-4a92-a501-059bbb25c3e2">
      <Output>
        <ErrorInfo>
          <Message>System.NotImplementedException : To be implemented in Step 13</Message>
          <StackTrace>   at OpenBullet.Core.Tests.LoliScriptValidator.ValidateScript(String script) in C:\Users\futiliter\Downloads\Telegram Desktop\Openbullet 1.4.4 Anomaly Modded Version\OpenBulletRecreation\OpenBullet.Core.Tests\Step13_ConfigurationEditorTests.cs:line 483&#xD;
   at OpenBullet.Core.Tests.Step13_ConfigurationEditorTests.ValidateScript_Should_Detect_Syntax_Errors(String invalidScript, String expectedErrorType) in C:\Users\futiliter\Downloads\Telegram Desktop\Openbullet 1.4.4 Anomaly Modded Version\OpenBulletRecreation\OpenBullet.Core.Tests\Step13_ConfigurationEditorTests.cs:line 136&#xD;
   at InvokeStub_Step13_ConfigurationEditorTests.ValidateScript_Should_Detect_Syntax_Errors(Object, Span`1)&#xD;
   at System.Reflection.MethodBaseInvoker.InvokeWithFewArgs(Object obj, BindingFlags invokeAttr, Binder binder, Object[] parameters, CultureInfo culture)</StackTrace>
        </ErrorInfo>
      </Output>
    </UnitTestResult>
    <UnitTestResult executionId="d9bf91f2-f721-4d3d-945a-ab4ccb5be846" testId="da186ae3-63f7-3fdc-9820-63a44256c9de" testName="OpenBullet.Core.Tests.Step5_VariableManagerTests.SetDictionary_And_GetDictionary_Should_Work_Correctly" computerName="DESKTOP-FL6NJPC" duration="00:00:00.0375943" startTime="2025-08-17T15:55:51.9339818+02:00" endTime="2025-08-17T15:55:51.9339820+02:00" testType="13cdc9d9-ddb5-4fa4-a97d-d965ccfc6d4b" outcome="Passed" testListId="8c84fa94-04c1-424b-9868-57a2d4851a1d" relativeResultsDirectory="d9bf91f2-f721-4d3d-945a-ab4ccb5be846" />
    <UnitTestResult executionId="92e618fd-9ea5-46f8-a12b-8df8d436e955" testId="974f607a-f6e7-63ce-296c-0b177591a0c3" testName="OpenBullet.Core.Tests.Step11_DatabaseManagerTests.ServiceProvider_InitializeDatabaseAsync_Extension_Should_Work" computerName="DESKTOP-FL6NJPC" duration="00:00:00.0226086" startTime="2025-08-17T15:55:54.4190883+02:00" endTime="2025-08-17T15:55:54.4190887+02:00" testType="13cdc9d9-ddb5-4fa4-a97d-d965ccfc6d4b" outcome="Passed" testListId="8c84fa94-04c1-424b-9868-57a2d4851a1d" relativeResultsDirectory="92e618fd-9ea5-46f8-a12b-8df8d436e955" />
    <UnitTestResult executionId="6e59fde1-2cce-469e-972c-60697597f0c4" testId="f349d62f-2106-f635-f1b4-3603b61cf268" testName="OpenBullet.Core.Tests.Step10_ProxyExtensionsTests.ToDisplayString_Enhanced_Should_Format_Correctly(host: &quot;proxy.com&quot;, port: 1080, type: Socks5, username: &quot;user&quot;, password: &quot;pass&quot;, includeCredentials: True, expected: &quot;socks5://user:pass@proxy.com:1080&quot;)" computerName="DESKTOP-FL6NJPC" duration="00:00:00.0007122" startTime="2025-08-17T15:55:52.1545195+02:00" endTime="2025-08-17T15:55:52.1545196+02:00" testType="13cdc9d9-ddb5-4fa4-a97d-d965ccfc6d4b" outcome="Passed" testListId="8c84fa94-04c1-424b-9868-57a2d4851a1d" relativeResultsDirectory="6e59fde1-2cce-469e-972c-60697597f0c4" />
    <UnitTestResult executionId="27319b18-04ac-4f1b-8479-59890dd78b49" testId="920c99c8-d8e4-0912-3bfe-c1f45996932f" testName="OpenBullet.Core.Tests.Step10_ProxyExtensionsTests.ValidateProxy_Should_Validate_Proxy_Strings(proxyString: &quot;127.0.0.1:8080&quot;, expectedValid: True, expectedError: null)" computerName="DESKTOP-FL6NJPC" duration="00:00:00.0000240" startTime="2025-08-17T15:55:52.1640615+02:00" endTime="2025-08-17T15:55:52.1640617+02:00" testType="13cdc9d9-ddb5-4fa4-a97d-d965ccfc6d4b" outcome="Passed" testListId="8c84fa94-04c1-424b-9868-57a2d4851a1d" relativeResultsDirectory="27319b18-04ac-4f1b-8479-59890dd78b49" />
    <UnitTestResult executionId="20343363-d6ab-4281-822b-5407c4874cda" testId="9449f00c-512c-ef19-ba26-827b3f5e5e77" testName="OpenBullet.Core.Tests.Step5_ExecutionContextTests.Environment_Should_Be_Modifiable" computerName="DESKTOP-FL6NJPC" duration="00:00:00.0013478" startTime="2025-08-17T15:55:52.6736216+02:00" endTime="2025-08-17T15:55:52.6736219+02:00" testType="13cdc9d9-ddb5-4fa4-a97d-d965ccfc6d4b" outcome="Passed" testListId="8c84fa94-04c1-424b-9868-57a2d4851a1d" relativeResultsDirectory="20343363-d6ab-4281-822b-5407c4874cda" />
    <UnitTestResult executionId="6ba3e486-f15a-4e9e-bf33-52761f731b5d" testId="6d3165fe-ef76-51fa-7cb5-cf3133ba2208" testName="OpenBullet.Core.Tests.Step11_ValidationTests.ImportResult_Should_Initialize_Correctly" computerName="DESKTOP-FL6NJPC" duration="00:00:00.0007108" startTime="2025-08-17T15:55:56.2363948+02:00" endTime="2025-08-17T15:55:56.2363951+02:00" testType="13cdc9d9-ddb5-4fa4-a97d-d965ccfc6d4b" outcome="Passed" testListId="8c84fa94-04c1-424b-9868-57a2d4851a1d" relativeResultsDirectory="6ba3e486-f15a-4e9e-bf33-52761f731b5d" />
    <UnitTestResult executionId="e39a29cf-56f5-4ebd-9bf0-e9fff0583d2f" testId="54006b51-74cf-919f-9055-33d73e0387da" testName="OpenBullet.Core.Tests.Step6_IntegrationTests.RequestCommand_Should_Throw_With_Invalid_ServiceProvider" computerName="DESKTOP-FL6NJPC" duration="00:00:00.0163587" startTime="2025-08-17T15:55:52.3370237+02:00" endTime="2025-08-17T15:55:52.3370240+02:00" testType="13cdc9d9-ddb5-4fa4-a97d-d965ccfc6d4b" outcome="Passed" testListId="8c84fa94-04c1-424b-9868-57a2d4851a1d" relativeResultsDirectory="e39a29cf-56f5-4ebd-9bf0-e9fff0583d2f" />
    <UnitTestResult executionId="17f5fd15-a564-4f05-84cd-e092e2ff798f" testId="5f277697-9ba3-42fe-12d5-2c3a1c702058" testName="OpenBullet.Core.Tests.Step10_ProxyExtensionsTests.CreateFailureResult_Should_Create_Failure_Result" computerName="DESKTOP-FL6NJPC" duration="00:00:00.0010661" startTime="2025-08-17T15:55:52.2233256+02:00" endTime="2025-08-17T15:55:52.2233257+02:00" testType="13cdc9d9-ddb5-4fa4-a97d-d965ccfc6d4b" outcome="Passed" testListId="8c84fa94-04c1-424b-9868-57a2d4851a1d" relativeResultsDirectory="17f5fd15-a564-4f05-84cd-e092e2ff798f" />
    <UnitTestResult executionId="8c974a30-6ee4-4604-95b5-2b9caed65969" testId="7131bd4c-a48a-0f0f-a536-716be4b4c07d" testName="OpenBullet.Core.Tests.Step7_ParsersTests.CssParser_Should_Parse_HTML_With_CSS_Selector" computerName="DESKTOP-FL6NJPC" duration="00:00:00.0535983" startTime="2025-08-17T15:55:51.9710176+02:00" endTime="2025-08-17T15:55:51.9710181+02:00" testType="13cdc9d9-ddb5-4fa4-a97d-d965ccfc6d4b" outcome="Passed" testListId="8c84fa94-04c1-424b-9868-57a2d4851a1d" relativeResultsDirectory="8c974a30-6ee4-4604-95b5-2b9caed65969" />
    <UnitTestResult executionId="d0cdd25e-920f-4653-931b-37f31300c343" testId="37f31d97-5b40-966d-965c-c745c3bbe18d" testName="OpenBullet.Core.Tests.Step6_RequestCommandTests.ValidateInstruction_With_Valid_HTTP_Methods_Should_Pass(method: &quot;PATCH&quot;)" computerName="DESKTOP-FL6NJPC" duration="00:00:00.0102559" startTime="2025-08-17T15:55:52.3946297+02:00" endTime="2025-08-17T15:55:52.3946300+02:00" testType="13cdc9d9-ddb5-4fa4-a97d-d965ccfc6d4b" outcome="Passed" testListId="8c84fa94-04c1-424b-9868-57a2d4851a1d" relativeResultsDirectory="d0cdd25e-920f-4653-931b-37f31300c343" />
    <UnitTestResult executionId="55271c97-7c1b-4043-8d30-65a1896abd9e" testId="2de2e4d6-4459-63f5-b38b-2eb88e6fa7ef" testName="OpenBullet.Core.Tests.Step11_StorageServicesTests.JobStorage_CreateFromConfiguration_Should_Work" computerName="DESKTOP-FL6NJPC" duration="00:00:00.0083810" startTime="2025-08-17T15:55:54.7198317+02:00" endTime="2025-08-17T15:55:54.7198325+02:00" testType="13cdc9d9-ddb5-4fa4-a97d-d965ccfc6d4b" outcome="Passed" testListId="8c84fa94-04c1-424b-9868-57a2d4851a1d" relativeResultsDirectory="55271c97-7c1b-4043-8d30-65a1896abd9e" />
    <UnitTestResult executionId="5cf52880-276a-44a3-994b-b56067492d46" testId="b661abc9-d54d-ec64-33a4-0b8da4c5dd2c" testName="OpenBullet.Core.Tests.Step5_ValidationTests.VariableManager_Should_Handle_Different_Types" computerName="DESKTOP-FL6NJPC" duration="00:00:00.0026964" startTime="2025-08-17T15:55:51.8979403+02:00" endTime="2025-08-17T15:55:51.8979406+02:00" testType="13cdc9d9-ddb5-4fa4-a97d-d965ccfc6d4b" outcome="Passed" testListId="8c84fa94-04c1-424b-9868-57a2d4851a1d" relativeResultsDirectory="5cf52880-276a-44a3-994b-b56067492d46" />
    <UnitTestResult executionId="a2e74769-d225-46e8-ac08-f767b86fbb34" testId="96d88660-fa27-0b03-95d2-e392503a0676" testName="OpenBullet.Core.Tests.Step9_ScriptEngineTests.ValidateScript_With_Valid_Script_Should_Pass" computerName="DESKTOP-FL6NJPC" duration="00:00:00.0561371" startTime="2025-08-17T15:55:51.7460453+02:00" endTime="2025-08-17T15:55:51.7460457+02:00" testType="13cdc9d9-ddb5-4fa4-a97d-d965ccfc6d4b" outcome="Passed" testListId="8c84fa94-04c1-424b-9868-57a2d4851a1d" relativeResultsDirectory="a2e74769-d225-46e8-ac08-f767b86fbb34" />
    <UnitTestResult executionId="0f1ed8c1-f3cb-4aab-9f1d-0f0bc0be49a7" testId="30232215-9605-758f-218b-6973cdf75443" testName="OpenBullet.Core.Tests.Step7_ParseCommandTests.ValidateInstruction_With_Valid_Parse_Types_Should_Pass(parseType: &quot;CSS&quot;)" computerName="DESKTOP-FL6NJPC" duration="00:00:00.0039608" startTime="2025-08-17T15:55:51.7635290+02:00" endTime="2025-08-17T15:55:51.7635294+02:00" testType="13cdc9d9-ddb5-4fa4-a97d-d965ccfc6d4b" outcome="Passed" testListId="8c84fa94-04c1-424b-9868-57a2d4851a1d" relativeResultsDirectory="0f1ed8c1-f3cb-4aab-9f1d-0f0bc0be49a7" />
    <UnitTestResult executionId="60241b39-f368-4346-8938-882e33a3bb76" testId="e6fb7818-bcde-bda5-4f01-5c56f758bb4d" testName="OpenBullet.Core.Tests.Step6_RequestCommandTests.ValidateInstruction_With_Invalid_Boolean_Parameter_Should_Fail" computerName="DESKTOP-FL6NJPC" duration="00:00:00.0089247" startTime="2025-08-17T15:55:52.5387016+02:00" endTime="2025-08-17T15:55:52.5387019+02:00" testType="13cdc9d9-ddb5-4fa4-a97d-d965ccfc6d4b" outcome="Passed" testListId="8c84fa94-04c1-424b-9868-57a2d4851a1d" relativeResultsDirectory="60241b39-f368-4346-8938-882e33a3bb76" />
    <UnitTestResult executionId="e2ba2afc-fcbe-4e47-b2c6-dd029e04f355" testId="948369c7-c58d-8e86-2082-c80eeea7eb45" testName="OpenBullet.Core.Tests.Step2_PerformanceTests.HttpClientConfiguration_Instantiation_Should_Be_Fast" computerName="DESKTOP-FL6NJPC" duration="00:00:00.0174031" startTime="2025-08-17T15:55:52.6086858+02:00" endTime="2025-08-17T15:55:52.6086864+02:00" testType="13cdc9d9-ddb5-4fa4-a97d-d965ccfc6d4b" outcome="Passed" testListId="8c84fa94-04c1-424b-9868-57a2d4851a1d" relativeResultsDirectory="e2ba2afc-fcbe-4e47-b2c6-dd029e04f355" />
    <UnitTestResult executionId="cdad0929-5bbb-443c-a473-513f27b3d1bd" testId="6a2a09d1-d3a3-a6a0-0ebb-fdebcca00ca7" testName="OpenBullet.Core.Tests.Step3_ConfigurationServiceTests.IsValidConfigFile_With_Valid_File_Should_Return_True" computerName="DESKTOP-FL6NJPC" duration="00:00:00.0042842" startTime="2025-08-17T15:55:53.0368312+02:00" endTime="2025-08-17T15:55:53.0368317+02:00" testType="13cdc9d9-ddb5-4fa4-a97d-d965ccfc6d4b" outcome="Passed" testListId="8c84fa94-04c1-424b-9868-57a2d4851a1d" relativeResultsDirectory="cdad0929-5bbb-443c-a473-513f27b3d1bd" />
    <UnitTestResult executionId="28c82f86-b771-43e5-90b3-e5cada1b707a" testId="603f8525-3144-8c25-b1e8-b8f1a3e0e48f" testName="OpenBullet.Core.Tests.Step4_ScriptParserTests.ParseScript_With_Labels_Should_Extract_Labels" computerName="DESKTOP-FL6NJPC" duration="00:00:00.0333636" startTime="2025-08-17T15:55:53.0704127+02:00" endTime="2025-08-17T15:55:53.0704132+02:00" testType="13cdc9d9-ddb5-4fa4-a97d-d965ccfc6d4b" outcome="Passed" testListId="8c84fa94-04c1-424b-9868-57a2d4851a1d" relativeResultsDirectory="28c82f86-b771-43e5-90b3-e5cada1b707a" />
    <UnitTestResult executionId="ea3694ea-4f38-4c0c-b628-e5705ecceae6" testId="7fa16081-84e7-1fdf-3622-9e6b4788855d" testName="OpenBullet.Core.Tests.Step8_KeyCheckerTests.EvaluateKey_With_Captured_Data_Reference_Should_Work" computerName="DESKTOP-FL6NJPC" duration="00:00:00.0020661" startTime="2025-08-17T15:55:51.6866002+02:00" endTime="2025-08-17T15:55:51.6866004+02:00" testType="13cdc9d9-ddb5-4fa4-a97d-d965ccfc6d4b" outcome="Passed" testListId="8c84fa94-04c1-424b-9868-57a2d4851a1d" relativeResultsDirectory="ea3694ea-4f38-4c0c-b628-e5705ecceae6" />
    <UnitTestResult executionId="98a66a90-8dd6-4b5b-b729-dc5dbc73a5dc" testId="f6a5bda2-c147-228a-020e-2e2195b7bb3e" testName="OpenBullet.Core.Tests.Step7_ParseCommandTests.ValidateInstruction_With_Invalid_Boolean_Parameters_Should_Fail" computerName="DESKTOP-FL6NJPC" duration="00:00:00.0083563" startTime="2025-08-17T15:55:51.6755844+02:00" endTime="2025-08-17T15:55:51.6755845+02:00" testType="13cdc9d9-ddb5-4fa4-a97d-d965ccfc6d4b" outcome="Passed" testListId="8c84fa94-04c1-424b-9868-57a2d4851a1d" relativeResultsDirectory="98a66a90-8dd6-4b5b-b729-dc5dbc73a5dc" />
    <UnitTestResult executionId="63307355-f03f-4c23-9323-a7fd7d76375b" testId="6cf8f1ab-79e0-b104-43f4-5bcaf7500c40" testName="OpenBullet.Core.Tests.Step10_ProxyManagerTests.GetNextProxyAsync_Should_Work_With_All_Rotation_Strategies(strategy: ResponseTimeBased)" computerName="DESKTOP-FL6NJPC" duration="00:00:00.1886444" startTime="2025-08-17T15:55:51.4583543+02:00" endTime="2025-08-17T15:55:51.4583544+02:00" testType="13cdc9d9-ddb5-4fa4-a97d-d965ccfc6d4b" outcome="Passed" testListId="8c84fa94-04c1-424b-9868-57a2d4851a1d" relativeResultsDirectory="63307355-f03f-4c23-9323-a7fd7d76375b" />
    <UnitTestResult executionId="6bc31b7e-ecf3-4faa-a45d-44e4cfa2319c" testId="4feffd7b-626e-08da-dbea-4cc1906fcb20" testName="OpenBullet.Core.Tests.Step10_ValidationTests.ProxyListValidationResult_Should_Initialize_With_Defaults" computerName="DESKTOP-FL6NJPC" duration="00:00:00.0020821" startTime="2025-08-17T15:55:51.8689685+02:00" endTime="2025-08-17T15:55:51.8689687+02:00" testType="13cdc9d9-ddb5-4fa4-a97d-d965ccfc6d4b" outcome="Passed" testListId="8c84fa94-04c1-424b-9868-57a2d4851a1d" relativeResultsDirectory="6bc31b7e-ecf3-4faa-a45d-44e4cfa2319c" />
    <UnitTestResult executionId="d1796368-1b00-41c5-83b0-74e0a6da7f87" testId="f8434752-09ff-367e-b12e-9087c66c3112" testName="OpenBullet.Core.Tests.Step7_ParsersTests.LeftRightParser_Should_Handle_Case_Insensitive" computerName="DESKTOP-FL6NJPC" duration="00:00:00.0023444" startTime="2025-08-17T15:55:51.8083191+02:00" endTime="2025-08-17T15:55:51.8083192+02:00" testType="13cdc9d9-ddb5-4fa4-a97d-d965ccfc6d4b" outcome="Passed" testListId="8c84fa94-04c1-424b-9868-57a2d4851a1d" relativeResultsDirectory="d1796368-1b00-41c5-83b0-74e0a6da7f87" />
    <UnitTestResult executionId="d88752cf-bf63-40d1-89e3-7f17814b1409" testId="a96cf2f3-8cc0-8f1d-6997-a590ed23663c" testName="OpenBullet.Core.Tests.Step7_ValidationTests.CssParser_Can_Be_Created" computerName="DESKTOP-FL6NJPC" duration="00:00:00.0005368" startTime="2025-08-17T15:55:51.7206493+02:00" endTime="2025-08-17T15:55:51.7206494+02:00" testType="13cdc9d9-ddb5-4fa4-a97d-d965ccfc6d4b" outcome="Passed" testListId="8c84fa94-04c1-424b-9868-57a2d4851a1d" relativeResultsDirectory="d88752cf-bf63-40d1-89e3-7f17814b1409" />
    <UnitTestResult executionId="b47becdc-d772-469d-a07e-d9e91479c6e5" testId="b5db6218-7d9a-4454-662f-838bb9c69273" testName="OpenBullet.Core.Tests.Step8_ValidationTests.KeyCheckCommandExtensions_Should_Create_Instructions" computerName="DESKTOP-FL6NJPC" duration="00:00:00.0034574" startTime="2025-08-17T15:55:51.6426481+02:00" endTime="2025-08-17T15:55:51.6426486+02:00" testType="13cdc9d9-ddb5-4fa4-a97d-d965ccfc6d4b" outcome="Passed" testListId="8c84fa94-04c1-424b-9868-57a2d4851a1d" relativeResultsDirectory="b47becdc-d772-469d-a07e-d9e91479c6e5" />
    <UnitTestResult executionId="3135752c-a825-4926-a946-3fa5850e99fb" testId="45de5bf0-799e-e9ac-e6ad-442ec45fe9ff" testName="OpenBullet.Core.Tests.Step4_ScriptParserTests.ScriptParser_Should_Initialize_Successfully" computerName="DESKTOP-FL6NJPC" duration="00:00:00.0013391" startTime="2025-08-17T15:55:52.3047095+02:00" endTime="2025-08-17T15:55:52.3047098+02:00" testType="13cdc9d9-ddb5-4fa4-a97d-d965ccfc6d4b" outcome="Passed" testListId="8c84fa94-04c1-424b-9868-57a2d4851a1d" relativeResultsDirectory="3135752c-a825-4926-a946-3fa5850e99fb" />
    <UnitTestResult executionId="6df40970-454b-42b5-9361-07475b48e12e" testId="4df3c97f-6fe9-16b0-782c-7bf6f651cc86" testName="OpenBullet.Core.Tests.Step7_ParsersTests.All_Parsers_Should_Implement_IsValidPattern(parseType: Json)" computerName="DESKTOP-FL6NJPC" duration="00:00:00.0001711" startTime="2025-08-17T15:55:51.9226242+02:00" endTime="2025-08-17T15:55:51.9226243+02:00" testType="13cdc9d9-ddb5-4fa4-a97d-d965ccfc6d4b" outcome="Passed" testListId="8c84fa94-04c1-424b-9868-57a2d4851a1d" relativeResultsDirectory="6df40970-454b-42b5-9361-07475b48e12e" />
    <UnitTestResult executionId="65b4d954-1ddf-4cdc-810b-0dc324f45bfd" testId="4320b85a-4435-4737-0e2f-103c25e55f45" testName="OpenBullet.Core.Tests.Step5_ExecutionContextTests.Validate_Should_Return_Valid_For_Proper_Context" computerName="DESKTOP-FL6NJPC" duration="00:00:00.0017233" startTime="2025-08-17T15:55:52.6223965+02:00" endTime="2025-08-17T15:55:52.6223967+02:00" testType="13cdc9d9-ddb5-4fa4-a97d-d965ccfc6d4b" outcome="Passed" testListId="8c84fa94-04c1-424b-9868-57a2d4851a1d" relativeResultsDirectory="65b4d954-1ddf-4cdc-810b-0dc324f45bfd" />
    <UnitTestResult executionId="08d25282-5a8e-4379-bdd4-6e8b2c28aa40" testId="b6e11525-1394-0ce4-e5b1-86bcfcde79eb" testName="OpenBullet.Core.Tests.Step6_ValidationTests.CommandParameter_Should_Have_Correct_Defaults" computerName="DESKTOP-FL6NJPC" duration="00:00:00.0024899" startTime="2025-08-17T15:55:51.7472019+02:00" endTime="2025-08-17T15:55:51.7472021+02:00" testType="13cdc9d9-ddb5-4fa4-a97d-d965ccfc6d4b" outcome="Passed" testListId="8c84fa94-04c1-424b-9868-57a2d4851a1d" relativeResultsDirectory="08d25282-5a8e-4379-bdd4-6e8b2c28aa40" />
    <UnitTestResult executionId="1a962983-19c1-49b8-82b8-74184ebcb9d3" testId="6f08c510-2b8d-222e-300c-6a936274c5e2" testName="OpenBullet.Core.Tests.Step5_IntegrationTests.Variable_Events_Should_Sync_Between_Components" computerName="DESKTOP-FL6NJPC" duration="00:00:00.0380292" startTime="2025-08-17T15:55:52.3346053+02:00" endTime="2025-08-17T15:55:52.3346055+02:00" testType="13cdc9d9-ddb5-4fa4-a97d-d965ccfc6d4b" outcome="Failed" testListId="8c84fa94-04c1-424b-9868-57a2d4851a1d" relativeResultsDirectory="1a962983-19c1-49b8-82b8-74184ebcb9d3">
      <Output>
        <ErrorInfo>
          <Message>Expected variableEvents to contain 2 item(s), but found 3: &#xD;
{&#xD;
    OpenBullet.Core.Variables.VariableChangedEventArgs&#xD;
    {&#xD;
        ChangeType = VariableChangeType.Created {value: 0}, &#xD;
        NewValue = "value1", &#xD;
        OldValue = &lt;null&gt;, &#xD;
        Scope = VariableScope.Local {value: 0}, &#xD;
        Timestamp = &lt;2025-08-17 13:55:52.2883061&gt;, &#xD;
        VariableName = "SYNC_TEST"&#xD;
    }, &#xD;
    OpenBullet.Core.Variables.VariableChangedEventArgs&#xD;
    {&#xD;
        ChangeType = VariableChangeType.Accessed {value: 3}, &#xD;
        NewValue = "value1", &#xD;
        OldValue = &lt;null&gt;, &#xD;
        Scope = VariableScope.Local {value: 0}, &#xD;
        Timestamp = &lt;2025-08-17 13:55:52.3011229&gt;, &#xD;
        VariableName = "SYNC_TEST"&#xD;
    }, &#xD;
    OpenBullet.Core.Variables.VariableChangedEventArgs&#xD;
    {&#xD;
        ChangeType = VariableChangeType.Updated {value: 1}, &#xD;
        NewValue = "value2", &#xD;
        OldValue = "value1", &#xD;
        Scope = VariableScope.Local {value: 0}, &#xD;
        Timestamp = &lt;2025-08-17 13:55:52.3011266&gt;, &#xD;
        VariableName = "SYNC_TEST"&#xD;
    }&#xD;
}.</Message>
          <StackTrace>   at FluentAssertions.Execution.XUnit2TestFramework.Throw(String message)&#xD;
   at FluentAssertions.Execution.TestFrameworkProvider.Throw(String message)&#xD;
   at FluentAssertions.Execution.DefaultAssertionStrategy.HandleFailure(String message)&#xD;
   at FluentAssertions.Execution.AssertionScope.FailWith(Func`1 failReasonFunc)&#xD;
   at FluentAssertions.Execution.AssertionScope.FailWith(Func`1 failReasonFunc)&#xD;
   at FluentAssertions.Execution.AssertionScope.FailWith(String message, Object[] args)&#xD;
   at FluentAssertions.Collections.GenericCollectionAssertions`3.HaveCount(Int32 expected, String because, Object[] becauseArgs)&#xD;
   at OpenBullet.Core.Tests.Step5_IntegrationTests.Variable_Events_Should_Sync_Between_Components() in C:\Users\futiliter\Downloads\Telegram Desktop\Openbullet 1.4.4 Anomaly Modded Version\OpenBulletRecreation\OpenBullet.Core.Tests\Step5_ExecutionContextTests.cs:line 674&#xD;
   at System.RuntimeMethodHandle.InvokeMethod(Object target, Void** arguments, Signature sig, Boolean isConstructor)&#xD;
   at System.Reflection.MethodBaseInvoker.InvokeWithNoArgs(Object obj, BindingFlags invokeAttr)</StackTrace>
        </ErrorInfo>
      </Output>
    </UnitTestResult>
    <UnitTestResult executionId="89580820-e6b9-4634-816d-95e17d400b28" testId="3d789cb4-e72f-8ac2-587a-a099a3944d9c" testName="OpenBullet.Core.Tests.Step10_ProxyManagerTests.AddProxyAsync_With_Valid_Proxy_Should_Add_Successfully" computerName="DESKTOP-FL6NJPC" duration="00:00:00.0041529" startTime="2025-08-17T15:55:51.6843940+02:00" endTime="2025-08-17T15:55:51.6843943+02:00" testType="13cdc9d9-ddb5-4fa4-a97d-d965ccfc6d4b" outcome="Passed" testListId="8c84fa94-04c1-424b-9868-57a2d4851a1d" relativeResultsDirectory="89580820-e6b9-4634-816d-95e17d400b28" />
    <UnitTestResult executionId="4478845f-6576-4520-8a9e-25ee59f0e1ff" testId="6d9af053-3bd9-bf57-bea7-3d09670262f2" testName="OpenBullet.Core.Tests.Step4_ScriptParserTests.ValidateScript_With_Valid_Script_Should_Return_Success" computerName="DESKTOP-FL6NJPC" duration="00:00:00.0582743" startTime="2025-08-17T15:55:52.9429688+02:00" endTime="2025-08-17T15:55:52.9429694+02:00" testType="13cdc9d9-ddb5-4fa4-a97d-d965ccfc6d4b" outcome="Passed" testListId="8c84fa94-04c1-424b-9868-57a2d4851a1d" relativeResultsDirectory="4478845f-6576-4520-8a9e-25ee59f0e1ff" />
    <UnitTestResult executionId="a7da184f-6776-4281-bd7f-9e0162d4fb9f" testId="f30bd031-ed32-8395-a39c-d7b7d4504b3e" testName="OpenBullet.Core.Tests.Step11_StorageServicesTests.ProxyStorage_ImportFromStrings_Should_Work" computerName="DESKTOP-FL6NJPC" duration="00:00:00.0581036" startTime="2025-08-17T15:55:54.4136377+02:00" endTime="2025-08-17T15:55:54.4136381+02:00" testType="13cdc9d9-ddb5-4fa4-a97d-d965ccfc6d4b" outcome="Passed" testListId="8c84fa94-04c1-424b-9868-57a2d4851a1d" relativeResultsDirectory="a7da184f-6776-4281-bd7f-9e0162d4fb9f" />
    <UnitTestResult executionId="2467650d-252a-4a2c-a159-26d6d2f5c203" testId="667f95f7-a138-e56b-b527-9656ae93ea2e" testName="OpenBullet.Core.Tests.Step10_ValidationTests.ProxyJobManager_Can_Be_Created_With_Valid_Dependencies" computerName="DESKTOP-FL6NJPC" duration="00:00:00.0253175" startTime="2025-08-17T15:55:51.9337189+02:00" endTime="2025-08-17T15:55:51.9337192+02:00" testType="13cdc9d9-ddb5-4fa4-a97d-d965ccfc6d4b" outcome="Failed" testListId="8c84fa94-04c1-424b-9868-57a2d4851a1d" relativeResultsDirectory="2467650d-252a-4a2c-a159-26d6d2f5c203">
      <Output>
        <ErrorInfo>
          <Message>Expected proxyJobManager to be assignable to OpenBullet.Core.Jobs.IJobManager, but OpenBullet.Core.Jobs.ProxyJobManager is not.</Message>
          <StackTrace>   at FluentAssertions.Execution.XUnit2TestFramework.Throw(String message)&#xD;
   at FluentAssertions.Execution.TestFrameworkProvider.Throw(String message)&#xD;
   at FluentAssertions.Execution.DefaultAssertionStrategy.HandleFailure(String message)&#xD;
   at FluentAssertions.Execution.AssertionScope.FailWith(Func`1 failReasonFunc)&#xD;
   at FluentAssertions.Execution.AssertionScope.FailWith(Func`1 failReasonFunc)&#xD;
   at FluentAssertions.Execution.AssertionScope.FailWith(String message, Object[] args)&#xD;
   at FluentAssertions.Primitives.ReferenceTypeAssertions`2.BeAssignableTo[T](String because, Object[] becauseArgs)&#xD;
   at OpenBullet.Core.Tests.Step10_ValidationTests.ProxyJobManager_Can_Be_Created_With_Valid_Dependencies() in C:\Users\futiliter\Downloads\Telegram Desktop\Openbullet 1.4.4 Anomaly Modded Version\OpenBulletRecreation\OpenBullet.Core.Tests\Step10_ValidationTests.cs:line 69&#xD;
   at System.RuntimeMethodHandle.InvokeMethod(Object target, Void** arguments, Signature sig, Boolean isConstructor)&#xD;
   at System.Reflection.MethodBaseInvoker.InvokeWithNoArgs(Object obj, BindingFlags invokeAttr)</StackTrace>
        </ErrorInfo>
      </Output>
    </UnitTestResult>
    <UnitTestResult executionId="8fe447c4-e69d-4481-bddc-65b7cd64ed15" testId="37bee28a-4420-ebfc-3e87-1a2608bc9e12" testName="OpenBullet.Core.Tests.Step8_KeyCheckerTests.EvaluateKey_With_GreaterThan_Condition_Should_Work(sourceValue: &quot;100&quot;, targetValue: &quot;50&quot;, expected: True)" computerName="DESKTOP-FL6NJPC" duration="00:00:00.0146540" startTime="2025-08-17T15:55:51.5237794+02:00" endTime="2025-08-17T15:55:51.5237797+02:00" testType="13cdc9d9-ddb5-4fa4-a97d-d965ccfc6d4b" outcome="Passed" testListId="8c84fa94-04c1-424b-9868-57a2d4851a1d" relativeResultsDirectory="8fe447c4-e69d-4481-bddc-65b7cd64ed15" />
    <UnitTestResult executionId="24d14f49-cd67-4f6b-ae87-16c7b49a702c" testId="86ca41b6-e8c6-0e30-5240-03725badd574" testName="OpenBullet.Core.Tests.Step8_KeyCheckerTests.KeyChainBuilder_Custom_Should_Create_Custom_Chain" computerName="DESKTOP-FL6NJPC" duration="00:00:00.0007866" startTime="2025-08-17T15:55:51.6580908+02:00" endTime="2025-08-17T15:55:51.6580911+02:00" testType="13cdc9d9-ddb5-4fa4-a97d-d965ccfc6d4b" outcome="Passed" testListId="8c84fa94-04c1-424b-9868-57a2d4851a1d" relativeResultsDirectory="24d14f49-cd67-4f6b-ae87-16c7b49a702c" />
    <UnitTestResult executionId="37db156e-6068-4ee0-ae88-e2dff566a855" testId="3a82ade8-05b1-2bf2-c256-246aab742935" testName="OpenBullet.Core.Tests.Step10_ProxyExtensionsTests.ToDisplayString_Basic_Should_Format_Correctly(host: &quot;proxy.com&quot;, port: 8080, type: Http, username: &quot;user&quot;, password: &quot;pass&quot;, includeCredentials: False, expected: &quot;http://proxy.com:8080&quot;)" computerName="DESKTOP-FL6NJPC" duration="00:00:00.0021831" startTime="2025-08-17T15:55:52.1679587+02:00" endTime="2025-08-17T15:55:52.1679589+02:00" testType="13cdc9d9-ddb5-4fa4-a97d-d965ccfc6d4b" outcome="Passed" testListId="8c84fa94-04c1-424b-9868-57a2d4851a1d" relativeResultsDirectory="37db156e-6068-4ee0-ae88-e2dff566a855" />
    <UnitTestResult executionId="63fcf5cf-3133-4655-8434-64a25eaf9af4" testId="f82b3c01-843b-1720-5e4c-b874c066c798" testName="OpenBullet.Core.Tests.Step9_BotRunnerTests.BotRunner_Can_Be_Created" computerName="DESKTOP-FL6NJPC" duration="00:00:00.0005335" startTime="2025-08-17T15:55:51.5339832+02:00" endTime="2025-08-17T15:55:51.5339836+02:00" testType="13cdc9d9-ddb5-4fa4-a97d-d965ccfc6d4b" outcome="Passed" testListId="8c84fa94-04c1-424b-9868-57a2d4851a1d" relativeResultsDirectory="63fcf5cf-3133-4655-8434-64a25eaf9af4" />
    <UnitTestResult executionId="e406c376-f20d-4f73-ba2a-0e2f03ec1adc" testId="8770a9fd-384a-90c2-5bf0-9f71af540491" testName="OpenBullet.Core.Tests.Step11_StorageServicesTests.ConfigurationStorage_CreateFromModel_Should_Work" computerName="DESKTOP-FL6NJPC" duration="00:00:00.0063920" startTime="2025-08-17T15:55:54.9204457+02:00" endTime="2025-08-17T15:55:54.9204461+02:00" testType="13cdc9d9-ddb5-4fa4-a97d-d965ccfc6d4b" outcome="Passed" testListId="8c84fa94-04c1-424b-9868-57a2d4851a1d" relativeResultsDirectory="e406c376-f20d-4f73-ba2a-0e2f03ec1adc" />
    <UnitTestResult executionId="e9a26de4-cd64-48b7-8770-8aa335000362" testId="945a8485-c53c-5030-db53-446e4438116a" testName="OpenBullet.Core.Tests.Step5_ValidationTests.VariableScope_Values_Should_Be_Distinct(scope: Global)" computerName="DESKTOP-FL6NJPC" duration="00:00:00.0006229" startTime="2025-08-17T15:55:51.8012155+02:00" endTime="2025-08-17T15:55:51.8012156+02:00" testType="13cdc9d9-ddb5-4fa4-a97d-d965ccfc6d4b" outcome="Passed" testListId="8c84fa94-04c1-424b-9868-57a2d4851a1d" relativeResultsDirectory="e9a26de4-cd64-48b7-8770-8aa335000362" />
    <UnitTestResult executionId="bb7ca318-4b28-4738-9def-cdcd4ffc8095" testId="aba7ba27-773c-3c24-b573-f8c89d863e7b" testName="OpenBullet.Core.Tests.Step5_VariableManagerTests.AddToList_Should_Create_List_If_Not_Exists" computerName="DESKTOP-FL6NJPC" duration="00:00:00.0020260" startTime="2025-08-17T15:55:51.8854878+02:00" endTime="2025-08-17T15:55:51.8854879+02:00" testType="13cdc9d9-ddb5-4fa4-a97d-d965ccfc6d4b" outcome="Passed" testListId="8c84fa94-04c1-424b-9868-57a2d4851a1d" relativeResultsDirectory="bb7ca318-4b28-4738-9def-cdcd4ffc8095" />
    <UnitTestResult executionId="7b10432e-7124-4157-a418-4717a389b85d" testId="99f14de9-db5e-6b19-7725-56ba43107949" testName="OpenBullet.Core.Tests.Step11_DatabaseContextTests.Entity_Enums_Should_Have_Correct_Values" computerName="DESKTOP-FL6NJPC" duration="00:00:00.0393959" startTime="2025-08-17T15:55:53.9617372+02:00" endTime="2025-08-17T15:55:53.9617374+02:00" testType="13cdc9d9-ddb5-4fa4-a97d-d965ccfc6d4b" outcome="Passed" testListId="8c84fa94-04c1-424b-9868-57a2d4851a1d" relativeResultsDirectory="7b10432e-7124-4157-a418-4717a389b85d" />
    <UnitTestResult executionId="0a646509-6a3d-4878-9d8f-a2d1ad9d98eb" testId="c0c21968-008b-607a-f6da-fe95f1e4c129" testName="OpenBullet.Core.Tests.Step8_KeyCheckerTests.EvaluateKey_With_Various_Conditions_Should_Work(condition: StartsWith, sourceValue: &quot;Welcome to the dashboard!&quot;, targetValue: &quot;Welcome&quot;, expected: True)" computerName="DESKTOP-FL6NJPC" duration="00:00:00.0030577" startTime="2025-08-17T15:55:51.5514899+02:00" endTime="2025-08-17T15:55:51.5514904+02:00" testType="13cdc9d9-ddb5-4fa4-a97d-d965ccfc6d4b" outcome="Passed" testListId="8c84fa94-04c1-424b-9868-57a2d4851a1d" relativeResultsDirectory="0a646509-6a3d-4878-9d8f-a2d1ad9d98eb" />
    <UnitTestResult executionId="6a7f0b34-77a3-46e5-8781-e8389659cecc" testId="68ee8ecc-27e3-26e8-e9cc-237e78543d13" testName="OpenBullet.Core.Tests.Step5_IntegrationTests.Memory_Cleanup_Should_Work" computerName="DESKTOP-FL6NJPC" duration="00:00:00.2129073" startTime="2025-08-17T15:55:52.5517448+02:00" endTime="2025-08-17T15:55:52.5517449+02:00" testType="13cdc9d9-ddb5-4fa4-a97d-d965ccfc6d4b" outcome="Passed" testListId="8c84fa94-04c1-424b-9868-57a2d4851a1d" relativeResultsDirectory="6a7f0b34-77a3-46e5-8781-e8389659cecc" />
    <UnitTestResult executionId="614fe3c2-48fd-42d6-97f4-12a0a275a36c" testId="2a136ac0-e526-99b3-ffb5-c4d89373ebed" testName="OpenBullet.Core.Tests.Step7_ParsersTests.ParserFactory_Should_Validate_Patterns" computerName="DESKTOP-FL6NJPC" duration="00:00:00.3200284" startTime="2025-08-17T15:55:51.7545518+02:00" endTime="2025-08-17T15:55:51.7545522+02:00" testType="13cdc9d9-ddb5-4fa4-a97d-d965ccfc6d4b" outcome="Passed" testListId="8c84fa94-04c1-424b-9868-57a2d4851a1d" relativeResultsDirectory="614fe3c2-48fd-42d6-97f4-12a0a275a36c" />
    <UnitTestResult executionId="7d91ddeb-adb6-48dd-95fc-85c71739d6f1" testId="e196ee69-5dbd-50ce-cf08-67c039e37245" testName="OpenBullet.Core.Tests.Step10_ProxyExtensionsTests.IsValid_Basic_Should_Validate_Correctly(host: &quot;proxy.com&quot;, port: 65536, type: Http, expectedValid: False)" computerName="DESKTOP-FL6NJPC" duration="00:00:00.0000340" startTime="2025-08-17T15:55:52.1288642+02:00" endTime="2025-08-17T15:55:52.1288643+02:00" testType="13cdc9d9-ddb5-4fa4-a97d-d965ccfc6d4b" outcome="Passed" testListId="8c84fa94-04c1-424b-9868-57a2d4851a1d" relativeResultsDirectory="7d91ddeb-adb6-48dd-95fc-85c71739d6f1" />
    <UnitTestResult executionId="6f6c2527-8931-4c22-9d0b-186f3fe73a75" testId="faae4379-4939-5ac2-cbb7-2b46b6356448" testName="OpenBullet.Core.Tests.Step4_ScriptParserTests.ParseLine_With_Empty_Line_Should_Return_Null" computerName="DESKTOP-FL6NJPC" duration="00:00:00.0017987" startTime="2025-08-17T15:55:53.0723465+02:00" endTime="2025-08-17T15:55:53.0723468+02:00" testType="13cdc9d9-ddb5-4fa4-a97d-d965ccfc6d4b" outcome="Passed" testListId="8c84fa94-04c1-424b-9868-57a2d4851a1d" relativeResultsDirectory="6f6c2527-8931-4c22-9d0b-186f3fe73a75" />
    <UnitTestResult executionId="dabc125c-11bf-4226-9c2e-9d3502c797ad" testId="5737562e-b010-7592-f944-643c47d1e370" testName="OpenBullet.Core.Tests.Step10_ProxyExtensionsTests.ValidateProxy_Should_Validate_Proxy_Strings(proxyString: &quot;invalid-proxy&quot;, expectedValid: False, expectedError: &quot;Invalid proxy format&quot;)" computerName="DESKTOP-FL6NJPC" duration="00:00:00.0000272" startTime="2025-08-17T15:55:52.1644013+02:00" endTime="2025-08-17T15:55:52.1644014+02:00" testType="13cdc9d9-ddb5-4fa4-a97d-d965ccfc6d4b" outcome="Passed" testListId="8c84fa94-04c1-424b-9868-57a2d4851a1d" relativeResultsDirectory="dabc125c-11bf-4226-9c2e-9d3502c797ad" />
    <UnitTestResult executionId="be4a737e-093f-4b18-b6cd-bb3a09ef9b47" testId="34aefb00-5dff-d85b-8b0e-6f3d80c3d90f" testName="OpenBullet.Core.Tests.Step8_KeyCheckerTests.EvaluateKey_With_Various_Conditions_Should_Work(condition: IsNotEmpty, sourceValue: &quot;not empty&quot;, targetValue: &quot;&quot;, expected: True)" computerName="DESKTOP-FL6NJPC" duration="00:00:00.0000756" startTime="2025-08-17T15:55:51.5702606+02:00" endTime="2025-08-17T15:55:51.5702607+02:00" testType="13cdc9d9-ddb5-4fa4-a97d-d965ccfc6d4b" outcome="Passed" testListId="8c84fa94-04c1-424b-9868-57a2d4851a1d" relativeResultsDirectory="be4a737e-093f-4b18-b6cd-bb3a09ef9b47" />
    <UnitTestResult executionId="ae8d6604-e476-47f4-809b-72210e477e7e" testId="88caeabd-3152-30d7-f7c7-c7e5e15174de" testName="OpenBullet.Core.Tests.Step11_StorageServicesTests.ProxyStorage_Cleanup_Should_Work" computerName="DESKTOP-FL6NJPC" duration="00:00:00.0534931" startTime="2025-08-17T15:55:54.7734971+02:00" endTime="2025-08-17T15:55:54.7734975+02:00" testType="13cdc9d9-ddb5-4fa4-a97d-d965ccfc6d4b" outcome="Passed" testListId="8c84fa94-04c1-424b-9868-57a2d4851a1d" relativeResultsDirectory="ae8d6604-e476-47f4-809b-72210e477e7e" />
    <UnitTestResult executionId="877b4955-ef7e-40fd-a115-50de4eea03d9" testId="4bc0ba2d-3a38-9479-b614-c90a204fb1cb" testName="OpenBullet.Core.Tests.Step6_ValidationTests.RequestCommand_Can_Be_Created_With_Valid_ServiceProvider" computerName="DESKTOP-FL6NJPC" duration="00:00:00.0012020" startTime="2025-08-17T15:55:51.7504569+02:00" endTime="2025-08-17T15:55:51.7504570+02:00" testType="13cdc9d9-ddb5-4fa4-a97d-d965ccfc6d4b" outcome="Passed" testListId="8c84fa94-04c1-424b-9868-57a2d4851a1d" relativeResultsDirectory="877b4955-ef7e-40fd-a115-50de4eea03d9" />
    <UnitTestResult executionId="6b1c30a4-8e49-4076-84eb-0ae4d58e1516" testId="f0b5abbc-a791-f517-a0e2-b574a8b9afa7" testName="OpenBullet.Core.Tests.Step9_JobManagerTests.PauseJobAsync_With_Running_Job_Should_Pause_Job" computerName="DESKTOP-FL6NJPC" duration="00:00:00.0707975" startTime="2025-08-17T15:55:54.1501545+02:00" endTime="2025-08-17T15:55:54.1501548+02:00" testType="13cdc9d9-ddb5-4fa4-a97d-d965ccfc6d4b" outcome="Failed" testListId="8c84fa94-04c1-424b-9868-57a2d4851a1d" relativeResultsDirectory="6b1c30a4-8e49-4076-84eb-0ae4d58e1516">
      <Output>
        <ErrorInfo>
          <Message>Expected paused to be true, but found False.</Message>
          <StackTrace>   at FluentAssertions.Execution.XUnit2TestFramework.Throw(String message)&#xD;
   at FluentAssertions.Execution.TestFrameworkProvider.Throw(String message)&#xD;
   at FluentAssertions.Execution.DefaultAssertionStrategy.HandleFailure(String message)&#xD;
   at FluentAssertions.Execution.AssertionScope.FailWith(Func`1 failReasonFunc)&#xD;
   at FluentAssertions.Execution.AssertionScope.FailWith(Func`1 failReasonFunc)&#xD;
   at FluentAssertions.Execution.AssertionScope.FailWith(String message, Object[] args)&#xD;
   at FluentAssertions.Primitives.BooleanAssertions`1.BeTrue(String because, Object[] becauseArgs)&#xD;
   at OpenBullet.Core.Tests.Step9_JobManagerTests.PauseJobAsync_With_Running_Job_Should_Pause_Job() in C:\Users\futiliter\Downloads\Telegram Desktop\Openbullet 1.4.4 Anomaly Modded Version\OpenBulletRecreation\OpenBullet.Core.Tests\Step9_JobManagerTests.cs:line 144&#xD;
--- End of stack trace from previous location ---</StackTrace>
        </ErrorInfo>
      </Output>
    </UnitTestResult>
    <UnitTestResult executionId="5ee2300d-082e-4d60-8798-b160b31af649" testId="0a61a3ed-da07-5cd7-4de7-b31074fbc2a2" testName="OpenBullet.Core.Tests.Step13_ConfigurationEditorTests.GetParameterHints_Should_Return_Command_Help" computerName="DESKTOP-FL6NJPC" duration="00:00:00.0020055" startTime="2025-08-17T15:55:51.4235404+02:00" endTime="2025-08-17T15:55:51.4235406+02:00" testType="13cdc9d9-ddb5-4fa4-a97d-d965ccfc6d4b" outcome="Failed" testListId="8c84fa94-04c1-424b-9868-57a2d4851a1d" relativeResultsDirectory="5ee2300d-082e-4d60-8798-b160b31af649">
      <Output>
        <ErrorInfo>
          <Message>System.NotImplementedException : To be implemented in Step 13</Message>
          <StackTrace>   at OpenBullet.Core.Tests.AutoCompletionProvider.GetParameterHints(CompletionContext context) in C:\Users\futiliter\Downloads\Telegram Desktop\Openbullet 1.4.4 Anomaly Modded Version\OpenBulletRecreation\OpenBullet.Core.Tests\Step13_ConfigurationEditorTests.cs:line 498&#xD;
   at OpenBullet.Core.Tests.Step13_ConfigurationEditorTests.GetParameterHints_Should_Return_Command_Help() in C:\Users\futiliter\Downloads\Telegram Desktop\Openbullet 1.4.4 Anomaly Modded Version\OpenBulletRecreation\OpenBullet.Core.Tests\Step13_ConfigurationEditorTests.cs:line 262&#xD;
   at System.RuntimeMethodHandle.InvokeMethod(Object target, Void** arguments, Signature sig, Boolean isConstructor)&#xD;
   at System.Reflection.MethodBaseInvoker.InvokeWithNoArgs(Object obj, BindingFlags invokeAttr)</StackTrace>
        </ErrorInfo>
      </Output>
    </UnitTestResult>
    <UnitTestResult executionId="926b9ccd-d1f6-42da-8e1a-254af6e74eb2" testId="9930c94c-5179-6c46-b31a-5b92171a0bdc" testName="OpenBullet.Core.Tests.Step8_KeyCheckerTests.EvaluateKey_With_Contains_Case_Insensitive_Should_Work" computerName="DESKTOP-FL6NJPC" duration="00:00:00.0027962" startTime="2025-08-17T15:55:51.6172981+02:00" endTime="2025-08-17T15:55:51.6172984+02:00" testType="13cdc9d9-ddb5-4fa4-a97d-d965ccfc6d4b" outcome="Passed" testListId="8c84fa94-04c1-424b-9868-57a2d4851a1d" relativeResultsDirectory="926b9ccd-d1f6-42da-8e1a-254af6e74eb2" />
    <UnitTestResult executionId="314747c4-8c2a-4c97-a48c-9bff88952ad7" testId="77d87379-c548-769d-e58e-1c57a8aec05f" testName="OpenBullet.Core.Tests.Step8_ValidationTests.BotStatus_String_Conversion_Should_Work(stringValue: &quot;Ban&quot;, expectedStatus: Ban)" computerName="DESKTOP-FL6NJPC" duration="00:00:00.0000137" startTime="2025-08-17T15:55:51.4656099+02:00" endTime="2025-08-17T15:55:51.4656101+02:00" testType="13cdc9d9-ddb5-4fa4-a97d-d965ccfc6d4b" outcome="Passed" testListId="8c84fa94-04c1-424b-9868-57a2d4851a1d" relativeResultsDirectory="314747c4-8c2a-4c97-a48c-9bff88952ad7" />
    <UnitTestResult executionId="6261a518-506d-4d85-9bca-9535e466913f" testId="fa1764ff-d686-2c34-f24c-31b16b244029" testName="OpenBullet.Core.Tests.Step3_ValidationTests.ConfigWarning_Types_Should_Be_Available(warningType: UnknownSetting)" computerName="DESKTOP-FL6NJPC" duration="00:00:00.0000280" startTime="2025-08-17T15:55:52.1216827+02:00" endTime="2025-08-17T15:55:52.1216828+02:00" testType="13cdc9d9-ddb5-4fa4-a97d-d965ccfc6d4b" outcome="Passed" testListId="8c84fa94-04c1-424b-9868-57a2d4851a1d" relativeResultsDirectory="6261a518-506d-4d85-9bca-9535e466913f" />
    <UnitTestResult executionId="f75d21f1-df6d-445f-a4c8-6e94e9540c24" testId="fbb9cc16-c127-2492-a3bd-17cea7b748d7" testName="OpenBullet.Core.Tests.Step9_ScriptEngineTests.ScriptEngine_Can_Be_Created" computerName="DESKTOP-FL6NJPC" duration="00:00:00.0031531" startTime="2025-08-17T15:55:51.9717417+02:00" endTime="2025-08-17T15:55:51.9717419+02:00" testType="13cdc9d9-ddb5-4fa4-a97d-d965ccfc6d4b" outcome="Passed" testListId="8c84fa94-04c1-424b-9868-57a2d4851a1d" relativeResultsDirectory="f75d21f1-df6d-445f-a4c8-6e94e9540c24" />
    <UnitTestResult executionId="ab9bfddd-c9fa-4115-997e-a872d5305b9a" testId="d25eb223-284c-d96b-3c22-dcb6e1e6ba0b" testName="OpenBullet.Core.Tests.Step2_HttpClientServiceTests.CreateClient_With_Proxy_Should_Configure_Proxy" computerName="DESKTOP-FL6NJPC" duration="00:00:00.0007392" startTime="2025-08-17T15:55:52.8873692+02:00" endTime="2025-08-17T15:55:52.8873696+02:00" testType="13cdc9d9-ddb5-4fa4-a97d-d965ccfc6d4b" outcome="Passed" testListId="8c84fa94-04c1-424b-9868-57a2d4851a1d" relativeResultsDirectory="ab9bfddd-c9fa-4115-997e-a872d5305b9a" />
    <UnitTestResult executionId="c2f133a7-12a5-485f-ad36-5429f6f19f3e" testId="c2471f9f-ce39-a1d8-d803-9ee82ced1bbd" testName="OpenBullet.Core.Tests.Step10_ProxyManagerTests.LoadProxiesFromListAsync_With_Duplicate_Proxies_Should_Skip_Duplicates" computerName="DESKTOP-FL6NJPC" duration="00:00:00.0018647" startTime="2025-08-17T15:55:51.5782976+02:00" endTime="2025-08-17T15:55:51.5782978+02:00" testType="13cdc9d9-ddb5-4fa4-a97d-d965ccfc6d4b" outcome="Passed" testListId="8c84fa94-04c1-424b-9868-57a2d4851a1d" relativeResultsDirectory="c2f133a7-12a5-485f-ad36-5429f6f19f3e" />
    <UnitTestResult executionId="e9d0fe65-4d38-4670-ad23-c2c821941297" testId="88a86629-7b77-45db-0524-b216cab88008" testName="OpenBullet.Core.Tests.Step1_CoreInterfacesTests.ProxyInfo_ToString_Should_Return_Host_Port_Format" computerName="DESKTOP-FL6NJPC" duration="00:00:00.0003233" startTime="2025-08-17T15:55:52.1121339+02:00" endTime="2025-08-17T15:55:52.1121341+02:00" testType="13cdc9d9-ddb5-4fa4-a97d-d965ccfc6d4b" outcome="Passed" testListId="8c84fa94-04c1-424b-9868-57a2d4851a1d" relativeResultsDirectory="e9d0fe65-4d38-4670-ad23-c2c821941297" />
    <UnitTestResult executionId="1fdc29b3-cc3c-445a-9b74-036cbfc47d07" testId="174a2cbc-a65c-0c82-9f0b-5fb63fe7f7e1" testName="OpenBullet.Core.Tests.Step7_ParseCommandTests.ExecuteAsync_Should_Handle_Exception_In_Execution" computerName="DESKTOP-FL6NJPC" duration="00:00:00.0173441" startTime="2025-08-17T15:55:51.7232601+02:00" endTime="2025-08-17T15:55:51.7232603+02:00" testType="13cdc9d9-ddb5-4fa4-a97d-d965ccfc6d4b" outcome="Passed" testListId="8c84fa94-04c1-424b-9868-57a2d4851a1d" relativeResultsDirectory="1fdc29b3-cc3c-445a-9b74-036cbfc47d07" />
    <UnitTestResult executionId="0f37a81f-0a59-446d-9a02-91107dfe343d" testId="6231df44-767d-1ee1-a3ab-e3f4ddef1577" testName="OpenBullet.Core.Tests.Step10_ProxyManagerTests.BanProxyAsync_Should_Ban_Proxy_Successfully" computerName="DESKTOP-FL6NJPC" duration="00:00:00.0059569" startTime="2025-08-17T15:55:51.6863801+02:00" endTime="2025-08-17T15:55:51.6863802+02:00" testType="13cdc9d9-ddb5-4fa4-a97d-d965ccfc6d4b" outcome="Passed" testListId="8c84fa94-04c1-424b-9868-57a2d4851a1d" relativeResultsDirectory="0f37a81f-0a59-446d-9a02-91107dfe343d" />
    <UnitTestResult executionId="4e5ef266-16a4-4091-9313-6e5dee6e7372" testId="4dc21c31-085f-4f2a-ebe6-6b6ed1fe80df" testName="OpenBullet.Core.Tests.Step9_JobManagerTests.JobManagerStatistics_Should_Calculate_Rates_Correctly" computerName="DESKTOP-FL6NJPC" duration="00:00:00.0018278" startTime="2025-08-17T15:55:53.6376815+02:00" endTime="2025-08-17T15:55:53.6376817+02:00" testType="13cdc9d9-ddb5-4fa4-a97d-d965ccfc6d4b" outcome="Passed" testListId="8c84fa94-04c1-424b-9868-57a2d4851a1d" relativeResultsDirectory="4e5ef266-16a4-4091-9313-6e5dee6e7372" />
    <UnitTestResult executionId="bac1345a-5cc0-4ed3-a2e4-90942b677975" testId="6ee5e64f-818a-e856-067d-9abaf9076562" testName="OpenBullet.Core.Tests.Step13_ConfigurationEditorTests.GetColorScheme_Should_Return_Valid_Theme_Colors" computerName="DESKTOP-FL6NJPC" duration="00:00:00.0009705" startTime="2025-08-17T15:55:51.4539472+02:00" endTime="2025-08-17T15:55:51.4539478+02:00" testType="13cdc9d9-ddb5-4fa4-a97d-d965ccfc6d4b" outcome="Failed" testListId="8c84fa94-04c1-424b-9868-57a2d4851a1d" relativeResultsDirectory="bac1345a-5cc0-4ed3-a2e4-90942b677975">
      <Output>
        <ErrorInfo>
          <Message>System.NotImplementedException : To be implemented in Step 13</Message>
          <StackTrace>   at OpenBullet.Core.Tests.SyntaxHighlightingService.GetColorScheme(String themeName) in C:\Users\futiliter\Downloads\Telegram Desktop\Openbullet 1.4.4 Anomaly Modded Version\OpenBulletRecreation\OpenBullet.Core.Tests\Step13_ConfigurationEditorTests.cs:line 474&#xD;
   at OpenBullet.Core.Tests.Step13_ConfigurationEditorTests.GetColorScheme_Should_Return_Valid_Theme_Colors() in C:\Users\futiliter\Downloads\Telegram Desktop\Openbullet 1.4.4 Anomaly Modded Version\OpenBulletRecreation\OpenBullet.Core.Tests\Step13_ConfigurationEditorTests.cs:line 92&#xD;
   at System.RuntimeMethodHandle.InvokeMethod(Object target, Void** arguments, Signature sig, Boolean isConstructor)&#xD;
   at System.Reflection.MethodBaseInvoker.InvokeWithNoArgs(Object obj, BindingFlags invokeAttr)</StackTrace>
        </ErrorInfo>
      </Output>
    </UnitTestResult>
    <UnitTestResult executionId="2054d529-65db-412b-948b-ea861407e813" testId="5f4162bb-a67f-e693-874c-4ccaaf503550" testName="OpenBullet.Core.Tests.Step3_ConfigurationServiceTests.SaveAndLoad_RoundTrip_Should_Preserve_Data" computerName="DESKTOP-FL6NJPC" duration="00:00:00.0606704" startTime="2025-08-17T15:55:52.9748962+02:00" endTime="2025-08-17T15:55:52.9748965+02:00" testType="13cdc9d9-ddb5-4fa4-a97d-d965ccfc6d4b" outcome="Failed" testListId="8c84fa94-04c1-424b-9868-57a2d4851a1d" relativeResultsDirectory="2054d529-65db-412b-948b-ea861407e813">
      <Output>
        <ErrorInfo>
          <Message>Expected loadedConfig.Script to be "## Complex test script
#LOGIN REQUEST POST "https://example.com/login"
  CONTENT "user=&lt;USER&gt;&amp;pass=&lt;PASS&gt;"
  CONTENTTYPE "application/x-www-form-urlencoded"

KEYCHECK 
  KEYCHAIN Success OR 
    KEY "welcome"
    KEY "dashboard"
  KEYCHAIN Failure OR 
    KEY "invalid"
    KEY "error"" with a length of 285, but "## Complex test script&#xD;
#LOGIN REQUEST POST "https://example.com/login"&#xD;
  CONTENT "user=&lt;USER&gt;&amp;pass=&lt;PASS&gt;"&#xD;
  CONTENTTYPE "application/x-www-form-urlencoded"&#xD;
&#xD;
KEYCHECK &#xD;
  KEYCHAIN Success OR &#xD;
    KEY "welcome"&#xD;
    KEY "dashboard"&#xD;
  KEYCHAIN Failure OR &#xD;
    KEY "invalid"&#xD;
    KEY "error"" has a length of 296, differs near "&#xD;
#" (index 22).</Message>
          <StackTrace>   at FluentAssertions.Execution.XUnit2TestFramework.Throw(String message)&#xD;
   at FluentAssertions.Execution.TestFrameworkProvider.Throw(String message)&#xD;
   at FluentAssertions.Execution.DefaultAssertionStrategy.HandleFailure(String message)&#xD;
   at FluentAssertions.Execution.AssertionScope.FailWith(Func`1 failReasonFunc)&#xD;
   at FluentAssertions.Execution.AssertionScope.FailWith(Func`1 failReasonFunc)&#xD;
   at FluentAssertions.Primitives.StringEqualityValidator.ValidateAgainstLengthDifferences()&#xD;
   at FluentAssertions.Primitives.StringValidator.Validate()&#xD;
   at FluentAssertions.Primitives.StringAssertions`1.Be(String expected, String because, Object[] becauseArgs)&#xD;
   at OpenBullet.Core.Tests.Step3_ConfigurationServiceTests.SaveAndLoad_RoundTrip_Should_Preserve_Data() in C:\Users\futiliter\Downloads\Telegram Desktop\Openbullet 1.4.4 Anomaly Modded Version\OpenBulletRecreation\OpenBullet.Core.Tests\Step3_ConfigurationServiceTests.cs:line 159&#xD;
--- End of stack trace from previous location ---</StackTrace>
        </ErrorInfo>
      </Output>
    </UnitTestResult>
    <UnitTestResult executionId="f3bd7846-5d47-4259-87a8-1a2582ed4a08" testId="f7b38d8d-a9f6-9739-707a-0e72c418b618" testName="OpenBullet.Core.Tests.Step13_ConfigurationEditorTests.GetCompletions_Should_Return_Command_Suggestions" computerName="DESKTOP-FL6NJPC" duration="00:00:00.1169661" startTime="2025-08-17T15:55:51.3967306+02:00" endTime="2025-08-17T15:55:51.3967311+02:00" testType="13cdc9d9-ddb5-4fa4-a97d-d965ccfc6d4b" outcome="Failed" testListId="8c84fa94-04c1-424b-9868-57a2d4851a1d" relativeResultsDirectory="f3bd7846-5d47-4259-87a8-1a2582ed4a08">
      <Output>
        <ErrorInfo>
          <Message>System.NotImplementedException : To be implemented in Step 13</Message>
          <StackTrace>   at OpenBullet.Core.Tests.AutoCompletionProvider.GetCompletions(CompletionContext context) in C:\Users\futiliter\Downloads\Telegram Desktop\Openbullet 1.4.4 Anomaly Modded Version\OpenBulletRecreation\OpenBullet.Core.Tests\Step13_ConfigurationEditorTests.cs:line 492&#xD;
   at OpenBullet.Core.Tests.Step13_ConfigurationEditorTests.GetCompletions_Should_Return_Command_Suggestions() in C:\Users\futiliter\Downloads\Telegram Desktop\Openbullet 1.4.4 Anomaly Modded Version\OpenBulletRecreation\OpenBullet.Core.Tests\Step13_ConfigurationEditorTests.cs:line 199&#xD;
   at System.RuntimeMethodHandle.InvokeMethod(Object target, Void** arguments, Signature sig, Boolean isConstructor)&#xD;
   at System.Reflection.MethodBaseInvoker.InvokeWithNoArgs(Object obj, BindingFlags invokeAttr)</StackTrace>
        </ErrorInfo>
      </Output>
    </UnitTestResult>
    <UnitTestResult executionId="945bd1c6-bd24-42ba-99f3-7cb5483babd5" testId="eb1895a7-dce3-18d4-1552-2bc2adabc819" testName="OpenBullet.Core.Tests.Step2_HttpClientServiceTests.SetGlobalConfiguration_Should_Update_Configuration" computerName="DESKTOP-FL6NJPC" duration="00:00:00.0015372" startTime="2025-08-17T15:55:52.8891516+02:00" endTime="2025-08-17T15:55:52.8891518+02:00" testType="13cdc9d9-ddb5-4fa4-a97d-d965ccfc6d4b" outcome="Passed" testListId="8c84fa94-04c1-424b-9868-57a2d4851a1d" relativeResultsDirectory="945bd1c6-bd24-42ba-99f3-7cb5483babd5" />
    <UnitTestResult executionId="ecceb86c-2bcd-4f0b-8d9f-b38d43ddfbcf" testId="d7327dbc-0e81-3101-15f7-1f992cd8ce40" testName="OpenBullet.Core.Tests.Step2_HttpClientServiceTests.PostJsonAsync_Extension_Should_Work" computerName="DESKTOP-FL6NJPC" duration="00:00:00.0010000" startTime="2025-08-17T15:55:52.8973242+02:00" endTime="2025-08-17T15:55:52.8973244+02:00" testType="13cdc9d9-ddb5-4fa4-a97d-d965ccfc6d4b" outcome="NotExecuted" testListId="8c84fa94-04c1-424b-9868-57a2d4851a1d" relativeResultsDirectory="ecceb86c-2bcd-4f0b-8d9f-b38d43ddfbcf">
      <Output>
        <ErrorInfo>
          <Message>Integration test - requires internet connection</Message>
        </ErrorInfo>
      </Output>
    </UnitTestResult>
    <UnitTestResult executionId="4ae42134-3a2f-4f68-ad50-782c56302f25" testId="cbc5d3ae-5829-1449-624c-6d92a4b75d75" testName="OpenBullet.Core.Tests.Step13_ConfigurationEditorTests.HighlightSyntax_Should_Return_Formatted_Text" computerName="DESKTOP-FL6NJPC" duration="00:00:00.0031585" startTime="2025-08-17T15:55:51.4140830+02:00" endTime="2025-08-17T15:55:51.4140834+02:00" testType="13cdc9d9-ddb5-4fa4-a97d-d965ccfc6d4b" outcome="Failed" testListId="8c84fa94-04c1-424b-9868-57a2d4851a1d" relativeResultsDirectory="4ae42134-3a2f-4f68-ad50-782c56302f25">
      <Output>
        <ErrorInfo>
          <Message>System.NotImplementedException : To be implemented in Step 13</Message>
          <StackTrace>   at OpenBullet.Core.Tests.SyntaxHighlightingService.HighlightSyntax(String script) in C:\Users\futiliter\Downloads\Telegram Desktop\Openbullet 1.4.4 Anomaly Modded Version\OpenBulletRecreation\OpenBullet.Core.Tests\Step13_ConfigurationEditorTests.cs:line 468&#xD;
   at OpenBullet.Core.Tests.Step13_ConfigurationEditorTests.HighlightSyntax_Should_Return_Formatted_Text() in C:\Users\futiliter\Downloads\Telegram Desktop\Openbullet 1.4.4 Anomaly Modded Version\OpenBulletRecreation\OpenBullet.Core.Tests\Step13_ConfigurationEditorTests.cs:line 78&#xD;
   at System.RuntimeMethodHandle.InvokeMethod(Object target, Void** arguments, Signature sig, Boolean isConstructor)&#xD;
   at System.Reflection.MethodBaseInvoker.InvokeWithNoArgs(Object obj, BindingFlags invokeAttr)</StackTrace>
        </ErrorInfo>
      </Output>
    </UnitTestResult>
    <UnitTestResult executionId="6a8c3423-55d5-4deb-9131-26e202bec4d3" testId="54e0e64a-bd4f-4c78-555f-89328570642d" testName="OpenBullet.Core.Tests.Step13_CoreServicesTests.LoliScriptValidator_Should_Initialize" computerName="DESKTOP-FL6NJPC" duration="00:00:00.0002553" startTime="2025-08-17T15:55:51.9973491+02:00" endTime="2025-08-17T15:55:51.9973493+02:00" testType="13cdc9d9-ddb5-4fa4-a97d-d965ccfc6d4b" outcome="Passed" testListId="8c84fa94-04c1-424b-9868-57a2d4851a1d" relativeResultsDirectory="6a8c3423-55d5-4deb-9131-26e202bec4d3" />
    <UnitTestResult executionId="d07d09cd-f563-41b0-948b-c6b916e0b17e" testId="1e5b9eed-6756-bfe2-beae-c795c0f5a3d9" testName="OpenBullet.Core.Tests.Step10_ProxyExtensionsTests.IsValid_Enhanced_Should_Validate_Correctly(host: &quot;&quot;, port: 8080, type: Http, expectedValid: False)" computerName="DESKTOP-FL6NJPC" duration="00:00:00.0000129" startTime="2025-08-17T15:55:52.1285397+02:00" endTime="2025-08-17T15:55:52.1285398+02:00" testType="13cdc9d9-ddb5-4fa4-a97d-d965ccfc6d4b" outcome="Passed" testListId="8c84fa94-04c1-424b-9868-57a2d4851a1d" relativeResultsDirectory="d07d09cd-f563-41b0-948b-c6b916e0b17e" />
    <UnitTestResult executionId="46d8b274-3c0e-414f-a137-c66917e8eec8" testId="4f16533c-aa45-d2a3-84ea-8d558b510b34" testName="OpenBullet.Core.Tests.Step5_VariableManagerTests.AddToList_Should_Add_Item_To_Existing_List" computerName="DESKTOP-FL6NJPC" duration="00:00:00.0008901" startTime="2025-08-17T15:55:52.8479371+02:00" endTime="2025-08-17T15:55:52.8479375+02:00" testType="13cdc9d9-ddb5-4fa4-a97d-d965ccfc6d4b" outcome="Passed" testListId="8c84fa94-04c1-424b-9868-57a2d4851a1d" relativeResultsDirectory="46d8b274-3c0e-414f-a137-c66917e8eec8" />
    <UnitTestResult executionId="fd4ab18d-a1ff-4c90-b5c3-da33090e82d3" testId="55344598-4474-3408-ce19-b79d332cc895" testName="OpenBullet.Core.Tests.Step10_ProxyManagerTests.ProxyManager_Should_Fire_Events" computerName="DESKTOP-FL6NJPC" duration="00:00:00.0164632" startTime="2025-08-17T15:55:51.6270335+02:00" endTime="2025-08-17T15:55:51.6270355+02:00" testType="13cdc9d9-ddb5-4fa4-a97d-d965ccfc6d4b" outcome="Passed" testListId="8c84fa94-04c1-424b-9868-57a2d4851a1d" relativeResultsDirectory="fd4ab18d-a1ff-4c90-b5c3-da33090e82d3" />
    <UnitTestResult executionId="411d400a-7a92-44fe-ae46-b9cc85c09056" testId="3df2cdf9-6c07-77da-d5f2-ef5a3fd3414e" testName="OpenBullet.Core.Tests.Step2_HttpClientServiceTests.SendAsync_Should_Make_Successful_Request" computerName="DESKTOP-FL6NJPC" duration="00:00:00.0010000" startTime="2025-08-17T15:55:52.7888975+02:00" endTime="2025-08-17T15:55:52.7888978+02:00" testType="13cdc9d9-ddb5-4fa4-a97d-d965ccfc6d4b" outcome="NotExecuted" testListId="8c84fa94-04c1-424b-9868-57a2d4851a1d" relativeResultsDirectory="411d400a-7a92-44fe-ae46-b9cc85c09056">
      <Output>
        <ErrorInfo>
          <Message>Integration test - requires internet connection</Message>
        </ErrorInfo>
      </Output>
    </UnitTestResult>
    <UnitTestResult executionId="907f29ac-72d7-48af-934b-3df5f2375033" testId="25a7aa31-3516-89a3-8712-f24a353d7b80" testName="OpenBullet.Core.Tests.Step5_ExecutionContextTests.GetCapture_Should_Return_Stored_Data" computerName="DESKTOP-FL6NJPC" duration="00:00:00.0011412" startTime="2025-08-17T15:55:52.6239722+02:00" endTime="2025-08-17T15:55:52.6239726+02:00" testType="13cdc9d9-ddb5-4fa4-a97d-d965ccfc6d4b" outcome="Passed" testListId="8c84fa94-04c1-424b-9868-57a2d4851a1d" relativeResultsDirectory="907f29ac-72d7-48af-934b-3df5f2375033" />
    <UnitTestResult executionId="8341e2ec-ace0-4fa8-944c-d8c81412d46f" testId="c1a9e7eb-ecc5-ce89-139d-b03362a73509" testName="OpenBullet.Core.Tests.Step7_ParsersTests.All_Parsers_Should_Implement_IsValidPattern(parseType: CSS)" computerName="DESKTOP-FL6NJPC" duration="00:00:00.0003436" startTime="2025-08-17T15:55:51.9224395+02:00" endTime="2025-08-17T15:55:51.9224397+02:00" testType="13cdc9d9-ddb5-4fa4-a97d-d965ccfc6d4b" outcome="Passed" testListId="8c84fa94-04c1-424b-9868-57a2d4851a1d" relativeResultsDirectory="8341e2ec-ace0-4fa8-944c-d8c81412d46f" />
    <UnitTestResult executionId="fe9b342c-f1d1-4e1c-b887-8ebb7e9b93ff" testId="5a5a78a3-e79e-9b14-ef5c-9dc1f84f4192" testName="OpenBullet.Core.Tests.Step7_ValidationTests.ParserInfo_Should_Initialize_With_Defaults" computerName="DESKTOP-FL6NJPC" duration="00:00:00.0080627" startTime="2025-08-17T15:55:51.3508848+02:00" endTime="2025-08-17T15:55:51.3508848+02:00" testType="13cdc9d9-ddb5-4fa4-a97d-d965ccfc6d4b" outcome="Passed" testListId="8c84fa94-04c1-424b-9868-57a2d4851a1d" relativeResultsDirectory="fe9b342c-f1d1-4e1c-b887-8ebb7e9b93ff" />
    <UnitTestResult executionId="fc89a4ea-e728-46f0-8e94-f7678673886b" testId="b5aa2381-514f-a1fe-f8d5-f31ff4006f78" testName="OpenBullet.Core.Tests.Step2_ValidationTests.HttpClientService_Can_Be_Created_Successfully" computerName="DESKTOP-FL6NJPC" duration="00:00:00.0007383" startTime="2025-08-17T15:55:52.8584932+02:00" endTime="2025-08-17T15:55:52.8584935+02:00" testType="13cdc9d9-ddb5-4fa4-a97d-d965ccfc6d4b" outcome="Passed" testListId="8c84fa94-04c1-424b-9868-57a2d4851a1d" relativeResultsDirectory="fc89a4ea-e728-46f0-8e94-f7678673886b" />
    <UnitTestResult executionId="91bf8090-17ec-434e-9cd6-336e35cf9301" testId="00f0ffee-2f7d-59ea-15f2-5477de376bbc" testName="OpenBullet.Core.Tests.Step8_KeyCheckCommandTests.ValidateInstruction_With_Valid_Logic_Should_Pass(logic: &quot;AND&quot;)" computerName="DESKTOP-FL6NJPC" duration="00:00:00.0017763" startTime="2025-08-17T15:55:52.1562346+02:00" endTime="2025-08-17T15:55:52.1562346+02:00" testType="13cdc9d9-ddb5-4fa4-a97d-d965ccfc6d4b" outcome="Passed" testListId="8c84fa94-04c1-424b-9868-57a2d4851a1d" relativeResultsDirectory="91bf8090-17ec-434e-9cd6-336e35cf9301" />
    <UnitTestResult executionId="43ca6278-b6e9-4234-a3dd-14d3ed572218" testId="ad837d44-9b5c-071d-fa95-e5ad060ec62c" testName="OpenBullet.Core.Tests.Step5_ExecutionContextTests.Environment_Should_Have_Default_Values" computerName="DESKTOP-FL6NJPC" duration="00:00:00.0014655" startTime="2025-08-17T15:55:52.6322708+02:00" endTime="2025-08-17T15:55:52.6322716+02:00" testType="13cdc9d9-ddb5-4fa4-a97d-d965ccfc6d4b" outcome="Passed" testListId="8c84fa94-04c1-424b-9868-57a2d4851a1d" relativeResultsDirectory="43ca6278-b6e9-4234-a3dd-14d3ed572218" />
    <UnitTestResult executionId="c532be74-38c2-48da-ae72-f620bc792914" testId="7766f8ce-f377-231e-9254-7b738848aac2" testName="OpenBullet.Core.Tests.Step8_KeyCheckerTests.EvaluateKey_With_Various_Conditions_Should_Work(condition: IsNumeric, sourceValue: &quot;not a number&quot;, targetValue: &quot;&quot;, expected: False)" computerName="DESKTOP-FL6NJPC" duration="00:00:00.0000910" startTime="2025-08-17T15:55:51.5701124+02:00" endTime="2025-08-17T15:55:51.5701126+02:00" testType="13cdc9d9-ddb5-4fa4-a97d-d965ccfc6d4b" outcome="Passed" testListId="8c84fa94-04c1-424b-9868-57a2d4851a1d" relativeResultsDirectory="c532be74-38c2-48da-ae72-f620bc792914" />
    <UnitTestResult executionId="5e1b14a6-0459-4abf-82e1-b523d85ebb7a" testId="95b2917f-8903-d3c4-4be8-e7d675d81589" testName="OpenBullet.Core.Tests.Step7_ParsersTests.RegexParser_Should_Parse_With_Regex_Pattern" computerName="DESKTOP-FL6NJPC" duration="00:00:00.0359180" startTime="2025-08-17T15:55:51.8483726+02:00" endTime="2025-08-17T15:55:51.8483735+02:00" testType="13cdc9d9-ddb5-4fa4-a97d-d965ccfc6d4b" outcome="Passed" testListId="8c84fa94-04c1-424b-9868-57a2d4851a1d" relativeResultsDirectory="5e1b14a6-0459-4abf-82e1-b523d85ebb7a" />
    <UnitTestResult executionId="42ce4ead-a72a-4d1b-bfce-1e6390e286a8" testId="759a99a3-aa52-dab5-9150-8688f0082cdb" testName="OpenBullet.Core.Tests.Step7_ValidationTests.Helper_Classes_Should_Build_Correct_Patterns" computerName="DESKTOP-FL6NJPC" duration="00:00:00.0050917" startTime="2025-08-17T15:55:51.7703032+02:00" endTime="2025-08-17T15:55:51.7703035+02:00" testType="13cdc9d9-ddb5-4fa4-a97d-d965ccfc6d4b" outcome="Passed" testListId="8c84fa94-04c1-424b-9868-57a2d4851a1d" relativeResultsDirectory="42ce4ead-a72a-4d1b-bfce-1e6390e286a8" />
    <UnitTestResult executionId="9d271e4b-159f-4758-bc8f-00b0a386264a" testId="dccfa276-d7e6-4890-1e38-5a8619fc37b8" testName="OpenBullet.Core.Tests.Step7_ParseCommandTests.ParseCommand_Should_Have_Correct_Properties" computerName="DESKTOP-FL6NJPC" duration="00:00:00.0013039" startTime="2025-08-17T15:55:51.7929666+02:00" endTime="2025-08-17T15:55:51.7929667+02:00" testType="13cdc9d9-ddb5-4fa4-a97d-d965ccfc6d4b" outcome="Passed" testListId="8c84fa94-04c1-424b-9868-57a2d4851a1d" relativeResultsDirectory="9d271e4b-159f-4758-bc8f-00b0a386264a" />
    <UnitTestResult executionId="c7e064d0-468f-4357-8a72-914698dac1e0" testId="bca9d0f0-da47-1009-d0de-b368cc57866e" testName="OpenBullet.Core.Tests.Step8_KeyCheckerTests.EvaluateKey_With_GreaterThan_Condition_Should_Work(sourceValue: &quot;50&quot;, targetValue: &quot;100&quot;, expected: False)" computerName="DESKTOP-FL6NJPC" duration="00:00:00.0063773" startTime="2025-08-17T15:55:51.5312372+02:00" endTime="2025-08-17T15:55:51.5312376+02:00" testType="13cdc9d9-ddb5-4fa4-a97d-d965ccfc6d4b" outcome="Passed" testListId="8c84fa94-04c1-424b-9868-57a2d4851a1d" relativeResultsDirectory="c7e064d0-468f-4357-8a72-914698dac1e0" />
    <UnitTestResult executionId="4aaf2fc7-1351-4ec3-9cca-12f495271390" testId="6cb7e43b-c955-ad66-eadc-cdbef90b4465" testName="OpenBullet.Core.Tests.Step5_ValidationTests.VariableChangeType_Enum_Values_Should_Be_Available" computerName="DESKTOP-FL6NJPC" duration="00:00:00.0060070" startTime="2025-08-17T15:55:51.8732701+02:00" endTime="2025-08-17T15:55:51.8732710+02:00" testType="13cdc9d9-ddb5-4fa4-a97d-d965ccfc6d4b" outcome="Passed" testListId="8c84fa94-04c1-424b-9868-57a2d4851a1d" relativeResultsDirectory="4aaf2fc7-1351-4ec3-9cca-12f495271390" />
    <UnitTestResult executionId="0b63f1e3-ac38-43e1-860c-5c5554f994ee" testId="f77a8434-f2f1-f2d2-3783-3c5ddccd022d" testName="OpenBullet.Core.Tests.Step3_ValidationTests.ConfigValidationResult_Should_Initialize_Correctly" computerName="DESKTOP-FL6NJPC" duration="00:00:00.0026252" startTime="2025-08-17T15:55:52.1678352+02:00" endTime="2025-08-17T15:55:52.1678355+02:00" testType="13cdc9d9-ddb5-4fa4-a97d-d965ccfc6d4b" outcome="Passed" testListId="8c84fa94-04c1-424b-9868-57a2d4851a1d" relativeResultsDirectory="0b63f1e3-ac38-43e1-860c-5c5554f994ee" />
    <UnitTestResult executionId="e8ed2068-97d9-4ffd-b74b-70eb2c450594" testId="3712a7c3-ebf0-037b-eb57-d08eca9efa89" testName="OpenBullet.Core.Tests.Step3_ValidationTests.IsValidConfigFile_Should_Handle_Various_Cases" computerName="DESKTOP-FL6NJPC" duration="00:00:00.0011883" startTime="2025-08-17T15:55:52.1646097+02:00" endTime="2025-08-17T15:55:52.1646098+02:00" testType="13cdc9d9-ddb5-4fa4-a97d-d965ccfc6d4b" outcome="Passed" testListId="8c84fa94-04c1-424b-9868-57a2d4851a1d" relativeResultsDirectory="e8ed2068-97d9-4ffd-b74b-70eb2c450594" />
    <UnitTestResult executionId="a11097cd-d0af-424a-b35b-4607f0c70398" testId="43bff7e6-8f1d-cfd8-005e-df60f6d291da" testName="OpenBullet.Core.Tests.Step11_StorageServicesTests.ProxyStorage_Statistics_Should_Work" computerName="DESKTOP-FL6NJPC" duration="00:00:00.0296157" startTime="2025-08-17T15:55:54.9138816+02:00" endTime="2025-08-17T15:55:54.9138821+02:00" testType="13cdc9d9-ddb5-4fa4-a97d-d965ccfc6d4b" outcome="Passed" testListId="8c84fa94-04c1-424b-9868-57a2d4851a1d" relativeResultsDirectory="a11097cd-d0af-424a-b35b-4607f0c70398" />
    <UnitTestResult executionId="bac0dd16-9b81-46ab-b971-8ee11b13ff09" testId="0b584cb2-70dd-8a8b-6d8b-d4e534a4184e" testName="OpenBullet.Core.Tests.Step6_RequestCommandTests.ExecuteAsync_With_Cookies_Should_Include_Cookies" computerName="DESKTOP-FL6NJPC" duration="00:00:00.0226168" startTime="2025-08-17T15:55:52.4861110+02:00" endTime="2025-08-17T15:55:52.4861113+02:00" testType="13cdc9d9-ddb5-4fa4-a97d-d965ccfc6d4b" outcome="Passed" testListId="8c84fa94-04c1-424b-9868-57a2d4851a1d" relativeResultsDirectory="bac0dd16-9b81-46ab-b971-8ee11b13ff09" />
    <UnitTestResult executionId="94f43049-f9dc-487a-a68f-68b56140db2d" testId="e3a9ad6d-5fe1-f552-f045-fabf6f14780e" testName="OpenBullet.Core.Tests.Step3_ValidationTests.ParseConfigContent_Should_Handle_Complex_Arrays" computerName="DESKTOP-FL6NJPC" duration="00:00:00.0061846" startTime="2025-08-17T15:55:52.1872069+02:00" endTime="2025-08-17T15:55:52.1872070+02:00" testType="13cdc9d9-ddb5-4fa4-a97d-d965ccfc6d4b" outcome="Passed" testListId="8c84fa94-04c1-424b-9868-57a2d4851a1d" relativeResultsDirectory="94f43049-f9dc-487a-a68f-68b56140db2d" />
    <UnitTestResult executionId="b455a405-5fe8-4947-83e8-1999947e5b92" testId="01eecf91-dae5-de99-28f5-c76dacd2b631" testName="OpenBullet.Core.Tests.Step9_ScriptEngineTests.ExecuteAsync_Should_Handle_All_Flow_Control_Types(flowControl: Continue)" computerName="DESKTOP-FL6NJPC" duration="00:00:00.0029684" startTime="2025-08-17T15:55:51.7789158+02:00" endTime="2025-08-17T15:55:51.7789160+02:00" testType="13cdc9d9-ddb5-4fa4-a97d-d965ccfc6d4b" outcome="Passed" testListId="8c84fa94-04c1-424b-9868-57a2d4851a1d" relativeResultsDirectory="b455a405-5fe8-4947-83e8-1999947e5b92" />
    <UnitTestResult executionId="a602c529-9f15-4024-ad15-dee198f6b1bd" testId="d365dac6-46c7-d77d-e0e0-a33fd78ecad1" testName="OpenBullet.Core.Tests.Step10_ProxyExtensionsTests.ToDisplayString_Enhanced_Should_Format_Correctly(host: &quot;proxy.com&quot;, port: 8080, type: Http, username: &quot;&quot;, password: &quot;&quot;, includeCredentials: False, expected: &quot;http://proxy.com:8080&quot;)" computerName="DESKTOP-FL6NJPC" duration="00:00:00.0001488" startTime="2025-08-17T15:55:52.1545833+02:00" endTime="2025-08-17T15:55:52.1545834+02:00" testType="13cdc9d9-ddb5-4fa4-a97d-d965ccfc6d4b" outcome="Passed" testListId="8c84fa94-04c1-424b-9868-57a2d4851a1d" relativeResultsDirectory="a602c529-9f15-4024-ad15-dee198f6b1bd" />
    <UnitTestResult executionId="28c3a84a-7ea7-49a1-b657-51219705f742" testId="4684285a-d78c-fe1a-d848-2840c845d413" testName="OpenBullet.Core.Tests.Step8_ValidationTests.KeyCheckCommand_Can_Be_Created_With_Valid_ServiceProvider" computerName="DESKTOP-FL6NJPC" duration="00:00:00.1349541" startTime="2025-08-17T15:55:51.4580251+02:00" endTime="2025-08-17T15:55:51.4580252+02:00" testType="13cdc9d9-ddb5-4fa4-a97d-d965ccfc6d4b" outcome="Passed" testListId="8c84fa94-04c1-424b-9868-57a2d4851a1d" relativeResultsDirectory="28c3a84a-7ea7-49a1-b657-51219705f742" />
    <UnitTestResult executionId="a8906b1a-b7f6-49e3-be2a-cdf9d3d6535a" testId="e6854b7f-6f79-b10d-64bc-c7012d8bac08" testName="OpenBullet.Core.Tests.Step10_ProxyExtensionsTests.ValidateProxyList_Should_Validate_Multiple_Proxies" computerName="DESKTOP-FL6NJPC" duration="00:00:00.0010791" startTime="2025-08-17T15:55:52.2243833+02:00" endTime="2025-08-17T15:55:52.2243835+02:00" testType="13cdc9d9-ddb5-4fa4-a97d-d965ccfc6d4b" outcome="Passed" testListId="8c84fa94-04c1-424b-9868-57a2d4851a1d" relativeResultsDirectory="a8906b1a-b7f6-49e3-be2a-cdf9d3d6535a" />
    <UnitTestResult executionId="b3eb9ffc-3b42-4799-b94f-9bb4d17ab898" testId="c5002b32-f669-953e-deef-9ed81e41ce2b" testName="OpenBullet.Core.Tests.Step5_VariableManagerTests.RemoveVariable_Should_Remove_From_Correct_Scope" computerName="DESKTOP-FL6NJPC" duration="00:00:00.0014240" startTime="2025-08-17T15:55:51.8893259+02:00" endTime="2025-08-17T15:55:51.8893260+02:00" testType="13cdc9d9-ddb5-4fa4-a97d-d965ccfc6d4b" outcome="Passed" testListId="8c84fa94-04c1-424b-9868-57a2d4851a1d" relativeResultsDirectory="b3eb9ffc-3b42-4799-b94f-9bb4d17ab898" />
    <UnitTestResult executionId="60f112c6-9a47-4755-8983-dcab60c924e2" testId="412e1369-0d1f-4b77-b3f7-471d77440365" testName="OpenBullet.Core.Tests.Step9_BotRunnerTests.RunAsync_Should_Include_HTTP_Metadata_When_Available" computerName="DESKTOP-FL6NJPC" duration="00:00:00.0165311" startTime="2025-08-17T15:55:51.5081448+02:00" endTime="2025-08-17T15:55:51.5081452+02:00" testType="13cdc9d9-ddb5-4fa4-a97d-d965ccfc6d4b" outcome="Passed" testListId="8c84fa94-04c1-424b-9868-57a2d4851a1d" relativeResultsDirectory="60f112c6-9a47-4755-8983-dcab60c924e2" />
    <UnitTestResult executionId="a61262ed-0ba8-4513-ae38-aae8ab276284" testId="bc86c1a3-0267-a8a6-b652-31a800b7b5ec" testName="OpenBullet.Core.Tests.Step3_ConfigurationServiceTests.ParseConfigContent_With_Only_Settings_Should_Parse_Settings_Only" computerName="DESKTOP-FL6NJPC" duration="00:00:00.0090128" startTime="2025-08-17T15:55:53.0527265+02:00" endTime="2025-08-17T15:55:53.0527271+02:00" testType="13cdc9d9-ddb5-4fa4-a97d-d965ccfc6d4b" outcome="Passed" testListId="8c84fa94-04c1-424b-9868-57a2d4851a1d" relativeResultsDirectory="a61262ed-0ba8-4513-ae38-aae8ab276284" />
    <UnitTestResult executionId="6b6c99e8-7ede-4e5a-9f6e-5557100f54c4" testId="d1d35dd5-03e9-cac6-9404-804268e8039f" testName="OpenBullet.Core.Tests.Step5_VariableManagerTests.VariableManager_Should_Initialize_Successfully" computerName="DESKTOP-FL6NJPC" duration="00:00:00.0004462" startTime="2025-08-17T15:55:52.8387379+02:00" endTime="2025-08-17T15:55:52.8387381+02:00" testType="13cdc9d9-ddb5-4fa4-a97d-d965ccfc6d4b" outcome="Passed" testListId="8c84fa94-04c1-424b-9868-57a2d4851a1d" relativeResultsDirectory="6b6c99e8-7ede-4e5a-9f6e-5557100f54c4" />
    <UnitTestResult executionId="c04ca99d-e97d-441a-a85e-661c113d6dfe" testId="9b8d71c5-38dc-f745-6b33-a029f4e31da9" testName="OpenBullet.Core.Tests.Step5_ExecutionContextTests.SetCapture_Should_Store_Data_And_Fire_Event" computerName="DESKTOP-FL6NJPC" duration="00:00:00.0184897" startTime="2025-08-17T15:55:52.7237316+02:00" endTime="2025-08-17T15:55:52.7237319+02:00" testType="13cdc9d9-ddb5-4fa4-a97d-d965ccfc6d4b" outcome="Passed" testListId="8c84fa94-04c1-424b-9868-57a2d4851a1d" relativeResultsDirectory="c04ca99d-e97d-441a-a85e-661c113d6dfe" />
    <UnitTestResult executionId="f22341e6-13e0-4301-bbd3-e772714260e0" testId="9e02db2a-9021-58e7-8ac2-e16c8a376b00" testName="OpenBullet.Core.Tests.Step5_ValidationTests.ExecutionStatus_Values_Should_Be_Distinct(status: Running)" computerName="DESKTOP-FL6NJPC" duration="00:00:00.0035206" startTime="2025-08-17T15:55:51.7914613+02:00" endTime="2025-08-17T15:55:51.7914614+02:00" testType="13cdc9d9-ddb5-4fa4-a97d-d965ccfc6d4b" outcome="Passed" testListId="8c84fa94-04c1-424b-9868-57a2d4851a1d" relativeResultsDirectory="f22341e6-13e0-4301-bbd3-e772714260e0" />
    <UnitTestResult executionId="67a46372-4198-4b8c-9185-8b9e32028e97" testId="947ed668-50fe-12ae-2c54-dc8cb23a9ac8" testName="OpenBullet.Core.Tests.Step9_JobManagerTests.JobStatus_State_Properties_Should_Work_Correctly(state: Running, expectedIsRunning: True, expectedIsCompleted: False)" computerName="DESKTOP-FL6NJPC" duration="00:00:00.0001360" startTime="2025-08-17T15:55:53.1056948+02:00" endTime="2025-08-17T15:55:53.1056950+02:00" testType="13cdc9d9-ddb5-4fa4-a97d-d965ccfc6d4b" outcome="Passed" testListId="8c84fa94-04c1-424b-9868-57a2d4851a1d" relativeResultsDirectory="67a46372-4198-4b8c-9185-8b9e32028e97" />
    <UnitTestResult executionId="3604464b-7f51-4dd1-a07b-c19dd289aec9" testId="6194f01f-c5e6-8127-c02a-e6293b4ed5b3" testName="OpenBullet.Core.Tests.Step3_ConfigurationServiceTests.ParseConfigContent_With_Empty_Content_Should_Return_Default_Config" computerName="DESKTOP-FL6NJPC" duration="00:00:00.0033177" startTime="2025-08-17T15:55:53.0561766+02:00" endTime="2025-08-17T15:55:53.0561770+02:00" testType="13cdc9d9-ddb5-4fa4-a97d-d965ccfc6d4b" outcome="Passed" testListId="8c84fa94-04c1-424b-9868-57a2d4851a1d" relativeResultsDirectory="3604464b-7f51-4dd1-a07b-c19dd289aec9" />
    <UnitTestResult executionId="efeced21-85d3-416a-9cd2-7110080aeb64" testId="c26122ed-b497-e1bb-f911-1ff7d90702f2" testName="OpenBullet.Core.Tests.Step11_StorageServicesTests.SettingsStorage_Complex_Types_Should_Work" computerName="DESKTOP-FL6NJPC" duration="00:00:00.0394122" startTime="2025-08-17T15:55:55.1400884+02:00" endTime="2025-08-17T15:55:55.1400888+02:00" testType="13cdc9d9-ddb5-4fa4-a97d-d965ccfc6d4b" outcome="Passed" testListId="8c84fa94-04c1-424b-9868-57a2d4851a1d" relativeResultsDirectory="efeced21-85d3-416a-9cd2-7110080aeb64" />
    <UnitTestResult executionId="c01d9af9-70c9-4bfc-92f3-5bd5f922d1b7" testId="cde03edb-fa1e-729d-0468-edb34682ef22" testName="OpenBullet.Core.Tests.Step11_DatabaseManagerTests.DatabaseManager_Cleanup_Should_Work" computerName="DESKTOP-FL6NJPC" duration="00:00:00.0922185" startTime="2025-08-17T15:55:54.4000512+02:00" endTime="2025-08-17T15:55:54.4000516+02:00" testType="13cdc9d9-ddb5-4fa4-a97d-d965ccfc6d4b" outcome="Failed" testListId="8c84fa94-04c1-424b-9868-57a2d4851a1d" relativeResultsDirectory="c01d9af9-70c9-4bfc-92f3-5bd5f922d1b7">
      <Output>
        <ErrorInfo>
          <Message>Expected result.Success to be true, but found False.</Message>
          <StackTrace>   at FluentAssertions.Execution.XUnit2TestFramework.Throw(String message)&#xD;
   at FluentAssertions.Execution.TestFrameworkProvider.Throw(String message)&#xD;
   at FluentAssertions.Execution.DefaultAssertionStrategy.HandleFailure(String message)&#xD;
   at FluentAssertions.Execution.AssertionScope.FailWith(Func`1 failReasonFunc)&#xD;
   at FluentAssertions.Execution.AssertionScope.FailWith(Func`1 failReasonFunc)&#xD;
   at FluentAssertions.Execution.AssertionScope.FailWith(String message, Object[] args)&#xD;
   at FluentAssertions.Primitives.BooleanAssertions`1.BeTrue(String because, Object[] becauseArgs)&#xD;
   at OpenBullet.Core.Tests.Step11_DatabaseManagerTests.DatabaseManager_Cleanup_Should_Work() in C:\Users\futiliter\Downloads\Telegram Desktop\Openbullet 1.4.4 Anomaly Modded Version\OpenBulletRecreation\OpenBullet.Core.Tests\Step11_DatabaseManagerTests.cs:line 246&#xD;
--- End of stack trace from previous location ---</StackTrace>
        </ErrorInfo>
      </Output>
    </UnitTestResult>
    <UnitTestResult executionId="3e82455e-8bdd-476c-96da-ec8dcffc0584" testId="33050649-ff15-b2d4-9412-79fd949864f9" testName="OpenBullet.Core.Tests.Step10_ProxyJobManagerTests.ProxyJobManager_Can_Be_Created" computerName="DESKTOP-FL6NJPC" duration="00:00:00.0053616" startTime="2025-08-17T15:55:53.1195793+02:00" endTime="2025-08-17T15:55:53.1195796+02:00" testType="13cdc9d9-ddb5-4fa4-a97d-d965ccfc6d4b" outcome="Failed" testListId="8c84fa94-04c1-424b-9868-57a2d4851a1d" relativeResultsDirectory="3e82455e-8bdd-476c-96da-ec8dcffc0584">
      <Output>
        <ErrorInfo>
          <Message>Expected _proxyJobManager to be assignable to OpenBullet.Core.Jobs.IJobManager, but OpenBullet.Core.Jobs.ProxyJobManager is not.</Message>
          <StackTrace>   at FluentAssertions.Execution.XUnit2TestFramework.Throw(String message)&#xD;
   at FluentAssertions.Execution.TestFrameworkProvider.Throw(String message)&#xD;
   at FluentAssertions.Execution.DefaultAssertionStrategy.HandleFailure(String message)&#xD;
   at FluentAssertions.Execution.AssertionScope.FailWith(Func`1 failReasonFunc)&#xD;
   at FluentAssertions.Execution.AssertionScope.FailWith(Func`1 failReasonFunc)&#xD;
   at FluentAssertions.Execution.AssertionScope.FailWith(String message, Object[] args)&#xD;
   at FluentAssertions.Primitives.ReferenceTypeAssertions`2.BeAssignableTo[T](String because, Object[] becauseArgs)&#xD;
   at OpenBullet.Core.Tests.Step10_ProxyJobManagerTests.ProxyJobManager_Can_Be_Created() in C:\Users\futiliter\Downloads\Telegram Desktop\Openbullet 1.4.4 Anomaly Modded Version\OpenBulletRecreation\OpenBullet.Core.Tests\Step10_ProxyJobManagerTests.cs:line 64&#xD;
   at System.RuntimeMethodHandle.InvokeMethod(Object target, Void** arguments, Signature sig, Boolean isConstructor)&#xD;
   at System.Reflection.MethodBaseInvoker.InvokeWithNoArgs(Object obj, BindingFlags invokeAttr)</StackTrace>
        </ErrorInfo>
      </Output>
    </UnitTestResult>
    <UnitTestResult executionId="59a83d65-5292-4089-84f1-56f0199af483" testId="35c72424-e405-02bc-a4d5-1bc455556e49" testName="OpenBullet.Core.Tests.Step3_ConfigurationServiceTests.LoadConfigAsync_With_Valid_File_Should_Parse_Correctly" computerName="DESKTOP-FL6NJPC" duration="00:00:00.0256703" startTime="2025-08-17T15:55:53.0983757+02:00" endTime="2025-08-17T15:55:53.0983762+02:00" testType="13cdc9d9-ddb5-4fa4-a97d-d965ccfc6d4b" outcome="Passed" testListId="8c84fa94-04c1-424b-9868-57a2d4851a1d" relativeResultsDirectory="59a83d65-5292-4089-84f1-56f0199af483" />
    <UnitTestResult executionId="b78b466f-5390-44ce-bb7b-6283f3376674" testId="c8498f69-bd88-881c-6034-e658a956530b" testName="OpenBullet.Core.Tests.Step10_ProxyManagerTests.ClearPoolAsync_Should_Remove_All_Proxies" computerName="DESKTOP-FL6NJPC" duration="00:00:00.0360929" startTime="2025-08-17T15:55:51.5742100+02:00" endTime="2025-08-17T15:55:51.5742104+02:00" testType="13cdc9d9-ddb5-4fa4-a97d-d965ccfc6d4b" outcome="Passed" testListId="8c84fa94-04c1-424b-9868-57a2d4851a1d" relativeResultsDirectory="b78b466f-5390-44ce-bb7b-6283f3376674" />
    <UnitTestResult executionId="b250e301-e4d2-43a1-a934-e88718d272d6" testId="25a44c1b-8050-8de8-9a65-8a0f4005b56d" testName="OpenBullet.Core.Tests.Step7_ValidationTests.RegexParser_Should_Handle_Basic_Patterns" computerName="DESKTOP-FL6NJPC" duration="00:00:00.0392446" startTime="2025-08-17T15:55:51.2970059+02:00" endTime="2025-08-17T15:55:51.2971124+02:00" testType="13cdc9d9-ddb5-4fa4-a97d-d965ccfc6d4b" outcome="Passed" testListId="8c84fa94-04c1-424b-9868-57a2d4851a1d" relativeResultsDirectory="b250e301-e4d2-43a1-a934-e88718d272d6" />
    <UnitTestResult executionId="9e276a9c-5e0a-46df-8a9d-5ffcceb180c9" testId="ba7fadc5-f48f-2624-9b84-9796262151a7" testName="OpenBullet.Core.Tests.Step5_ValidationTests.VariableSnapshot_Should_Initialize_With_Defaults" computerName="DESKTOP-FL6NJPC" duration="00:00:00.0039554" startTime="2025-08-17T15:55:51.9301548+02:00" endTime="2025-08-17T15:55:51.9301551+02:00" testType="13cdc9d9-ddb5-4fa4-a97d-d965ccfc6d4b" outcome="Passed" testListId="8c84fa94-04c1-424b-9868-57a2d4851a1d" relativeResultsDirectory="9e276a9c-5e0a-46df-8a9d-5ffcceb180c9" />
    <UnitTestResult executionId="12247a3f-95d4-4271-a1a6-b7ad19d3ae29" testId="86181c36-e074-eb81-7b71-5092747521aa" testName="OpenBullet.Core.Tests.Step6_CommandMetadataTests.ParameterType_Values_Should_Be_Available(parameterType: String)" computerName="DESKTOP-FL6NJPC" duration="00:00:00.0008479" startTime="2025-08-17T15:55:51.9757303+02:00" endTime="2025-08-17T15:55:51.9757306+02:00" testType="13cdc9d9-ddb5-4fa4-a97d-d965ccfc6d4b" outcome="Passed" testListId="8c84fa94-04c1-424b-9868-57a2d4851a1d" relativeResultsDirectory="12247a3f-95d4-4271-a1a6-b7ad19d3ae29" />
    <UnitTestResult executionId="4cccef1f-30b3-46d0-8e56-dc9a3d1dd5c7" testId="d6c9983a-6d1b-d013-8457-9fba2c0231a4" testName="OpenBullet.Core.Tests.Step11_StorageServicesTests.ConfigurationStorage_Usage_Stats_Should_Work" computerName="DESKTOP-FL6NJPC" duration="00:00:00.0537751" startTime="2025-08-17T15:55:54.5333632+02:00" endTime="2025-08-17T15:55:54.5333637+02:00" testType="13cdc9d9-ddb5-4fa4-a97d-d965ccfc6d4b" outcome="Passed" testListId="8c84fa94-04c1-424b-9868-57a2d4851a1d" relativeResultsDirectory="4cccef1f-30b3-46d0-8e56-dc9a3d1dd5c7" />
    <UnitTestResult executionId="3c6c0d2a-ebe0-450e-af39-8af38e4ba619" testId="7fd5ce76-5c6f-d2de-259a-c7e0e79a1b2a" testName="OpenBullet.Core.Tests.Step9_BotRunnerTests.RunAsync_Should_Set_Timing_Information" computerName="DESKTOP-FL6NJPC" duration="00:00:00.0053415" startTime="2025-08-17T15:55:51.6880331+02:00" endTime="2025-08-17T15:55:51.6880331+02:00" testType="13cdc9d9-ddb5-4fa4-a97d-d965ccfc6d4b" outcome="Passed" testListId="8c84fa94-04c1-424b-9868-57a2d4851a1d" relativeResultsDirectory="3c6c0d2a-ebe0-450e-af39-8af38e4ba619" />
    <UnitTestResult executionId="1b2b5204-574a-421a-adb3-ae1fc1e61313" testId="74cff9da-b8b6-4236-4cb6-910924c80169" testName="OpenBullet.Core.Tests.Step1_CoreInterfacesTests.BotData_SetVariable_Should_Store_Variable" computerName="DESKTOP-FL6NJPC" duration="00:00:00.0007112" startTime="2025-08-17T15:55:52.1107508+02:00" endTime="2025-08-17T15:55:52.1107510+02:00" testType="13cdc9d9-ddb5-4fa4-a97d-d965ccfc6d4b" outcome="Passed" testListId="8c84fa94-04c1-424b-9868-57a2d4851a1d" relativeResultsDirectory="1b2b5204-574a-421a-adb3-ae1fc1e61313" />
    <UnitTestResult executionId="0850f0f9-b976-4ebe-88d9-1da906c03b25" testId="8bce5556-6a58-462f-c473-cdc49fd11336" testName="OpenBullet.Core.Tests.Step5_VariableManagerTests.SetList_And_GetList_Should_Work_Correctly" computerName="DESKTOP-FL6NJPC" duration="00:00:00.0048860" startTime="2025-08-17T15:55:52.8374292+02:00" endTime="2025-08-17T15:55:52.8374296+02:00" testType="13cdc9d9-ddb5-4fa4-a97d-d965ccfc6d4b" outcome="Passed" testListId="8c84fa94-04c1-424b-9868-57a2d4851a1d" relativeResultsDirectory="0850f0f9-b976-4ebe-88d9-1da906c03b25" />
    <UnitTestResult executionId="2718214b-a9e3-4bdf-b74f-25607aa2a462" testId="ae7757b2-8603-9252-58a3-6786be2536d3" testName="OpenBullet.Core.Tests.Step6_ValidationTests.CommandFactory_Should_Handle_Case_Insensitive_Operations" computerName="DESKTOP-FL6NJPC" duration="00:00:00.0005974" startTime="2025-08-17T15:55:51.7502511+02:00" endTime="2025-08-17T15:55:51.7502512+02:00" testType="13cdc9d9-ddb5-4fa4-a97d-d965ccfc6d4b" outcome="Passed" testListId="8c84fa94-04c1-424b-9868-57a2d4851a1d" relativeResultsDirectory="2718214b-a9e3-4bdf-b74f-25607aa2a462" />
    <UnitTestResult executionId="b5e84e9b-cf13-40d7-8f44-a44d32270350" testId="1adc1f59-994d-f40b-4c13-93213e0c58d8" testName="OpenBullet.Core.Tests.Step6_CommandFactoryTests.GetCommandMetadata_Should_Return_Metadata_For_Existing_Command" computerName="DESKTOP-FL6NJPC" duration="00:00:00.0008609" startTime="2025-08-17T15:55:52.8410916+02:00" endTime="2025-08-17T15:55:52.8410918+02:00" testType="13cdc9d9-ddb5-4fa4-a97d-d965ccfc6d4b" outcome="Passed" testListId="8c84fa94-04c1-424b-9868-57a2d4851a1d" relativeResultsDirectory="b5e84e9b-cf13-40d7-8f44-a44d32270350" />
    <UnitTestResult executionId="8232ccbd-6cbf-4fdd-8304-5927eed3f48b" testId="92ff88e1-6513-fdca-b4a4-e8da67c017bd" testName="OpenBullet.Core.Tests.Step8_KeyCheckCommandTests.ExecuteAsync_With_Custom_Status_Should_Set_Custom_Status" computerName="DESKTOP-FL6NJPC" duration="00:00:00.0053286" startTime="2025-08-17T15:55:52.2005582+02:00" endTime="2025-08-17T15:55:52.2005584+02:00" testType="13cdc9d9-ddb5-4fa4-a97d-d965ccfc6d4b" outcome="Passed" testListId="8c84fa94-04c1-424b-9868-57a2d4851a1d" relativeResultsDirectory="8232ccbd-6cbf-4fdd-8304-5927eed3f48b" />
    <UnitTestResult executionId="8e36abc0-c032-4a50-a9fc-cb1685389887" testId="bd87cf7b-2d41-5f5b-dcd9-91eec5d4fdfb" testName="OpenBullet.Core.Tests.Step6_RequestCommandTests.ExecuteAsync_With_POST_And_Content_Should_Work" computerName="DESKTOP-FL6NJPC" duration="00:00:00.0191952" startTime="2025-08-17T15:55:52.6565129+02:00" endTime="2025-08-17T15:55:52.6565133+02:00" testType="13cdc9d9-ddb5-4fa4-a97d-d965ccfc6d4b" outcome="Passed" testListId="8c84fa94-04c1-424b-9868-57a2d4851a1d" relativeResultsDirectory="8e36abc0-c032-4a50-a9fc-cb1685389887" />
    <UnitTestResult executionId="d7c1ca67-4397-42ce-8bb4-00f77ea6cd58" testId="fa5c1c94-63d0-1aa5-5a2e-901f12d238a2" testName="OpenBullet.Core.Tests.Step5_ValidationTests.ExecutionStatistics_Should_Initialize_With_Defaults" computerName="DESKTOP-FL6NJPC" duration="00:00:00.0017210" startTime="2025-08-17T15:55:51.8892114+02:00" endTime="2025-08-17T15:55:51.8892115+02:00" testType="13cdc9d9-ddb5-4fa4-a97d-d965ccfc6d4b" outcome="Passed" testListId="8c84fa94-04c1-424b-9868-57a2d4851a1d" relativeResultsDirectory="d7c1ca67-4397-42ce-8bb4-00f77ea6cd58" />
    <UnitTestResult executionId="c42449f0-5c76-43e8-9666-a0d140a7e6a0" testId="d6f3bddf-64c5-a7e7-0c8c-800de5d4aab5" testName="OpenBullet.Core.Tests.Step7_ValidationTests.ParseResult_Helper_Methods_Should_Handle_Edge_Cases" computerName="DESKTOP-FL6NJPC" duration="00:00:00.0009181" startTime="2025-08-17T15:55:51.8539975+02:00" endTime="2025-08-17T15:55:51.8539976+02:00" testType="13cdc9d9-ddb5-4fa4-a97d-d965ccfc6d4b" outcome="Passed" testListId="8c84fa94-04c1-424b-9868-57a2d4851a1d" relativeResultsDirectory="c42449f0-5c76-43e8-9666-a0d140a7e6a0" />
    <UnitTestResult executionId="65d3b9c3-f641-4bc7-8e8d-972844d95cec" testId="1b509383-81e5-854a-617c-4fba16ed3aca" testName="OpenBullet.Core.Tests.Step10_ProxyManagerTests.GetNextProxyAsync_Should_Work_With_All_Rotation_Strategies(strategy: Sticky)" computerName="DESKTOP-FL6NJPC" duration="00:00:00.0079821" startTime="2025-08-17T15:55:51.4664645+02:00" endTime="2025-08-17T15:55:51.4664647+02:00" testType="13cdc9d9-ddb5-4fa4-a97d-d965ccfc6d4b" outcome="Passed" testListId="8c84fa94-04c1-424b-9868-57a2d4851a1d" relativeResultsDirectory="65d3b9c3-f641-4bc7-8e8d-972844d95cec" />
    <UnitTestResult executionId="ec4c787b-2c94-4dfb-b73e-01499cece90f" testId="421ba4d9-0990-373f-4f5f-1011eda12e01" testName="OpenBullet.Core.Tests.Step8_ValidationTests.Step8TestHelpers_Should_Create_Valid_Objects" computerName="DESKTOP-FL6NJPC" duration="00:00:00.0024266" startTime="2025-08-17T15:55:51.6184420+02:00" endTime="2025-08-17T15:55:51.6184424+02:00" testType="13cdc9d9-ddb5-4fa4-a97d-d965ccfc6d4b" outcome="Passed" testListId="8c84fa94-04c1-424b-9868-57a2d4851a1d" relativeResultsDirectory="ec4c787b-2c94-4dfb-b73e-01499cece90f" />
    <UnitTestResult executionId="ab10931b-4912-4331-b255-525b0a28384a" testId="076a9955-f24c-af55-92d8-2f5bce32d274" testName="OpenBullet.Core.Tests.Step5_ExecutionContextTests.RestoreCheckpoint_Should_Throw_For_Null_Checkpoint" computerName="DESKTOP-FL6NJPC" duration="00:00:00.0017924" startTime="2025-08-17T15:55:52.7026975+02:00" endTime="2025-08-17T15:55:52.7026978+02:00" testType="13cdc9d9-ddb5-4fa4-a97d-d965ccfc6d4b" outcome="Passed" testListId="8c84fa94-04c1-424b-9868-57a2d4851a1d" relativeResultsDirectory="ab10931b-4912-4331-b255-525b0a28384a" />
    <UnitTestResult executionId="263de0f6-009a-4859-8f39-25f04cfc9063" testId="83816c09-0e9d-c8fb-4664-e55ac8cf82da" testName="OpenBullet.Core.Tests.Step7_ParsersTests.ParseOptions_Should_Initialize_With_Defaults" computerName="DESKTOP-FL6NJPC" duration="00:00:00.0008986" startTime="2025-08-17T15:55:52.0718005+02:00" endTime="2025-08-17T15:55:52.0718007+02:00" testType="13cdc9d9-ddb5-4fa4-a97d-d965ccfc6d4b" outcome="Passed" testListId="8c84fa94-04c1-424b-9868-57a2d4851a1d" relativeResultsDirectory="263de0f6-009a-4859-8f39-25f04cfc9063" />
    <UnitTestResult executionId="27a937f6-570b-42a2-be07-42dbc1e6a763" testId="6f82ed4c-d22c-8609-af83-1d006d1b67cc" testName="OpenBullet.Core.Tests.Step9_ScriptEngineTests.ExecuteAsync_With_Single_Command_Should_Execute_Successfully" computerName="DESKTOP-FL6NJPC" duration="00:00:00.0073019" startTime="2025-08-17T15:55:51.9453014+02:00" endTime="2025-08-17T15:55:51.9453020+02:00" testType="13cdc9d9-ddb5-4fa4-a97d-d965ccfc6d4b" outcome="Failed" testListId="8c84fa94-04c1-424b-9868-57a2d4851a1d" relativeResultsDirectory="27a937f6-570b-42a2-be07-42dbc1e6a763">
      <Output>
        <ErrorInfo>
          <Message>Expected result.Success to be true, but found False.</Message>
          <StackTrace>   at FluentAssertions.Execution.XUnit2TestFramework.Throw(String message)&#xD;
   at FluentAssertions.Execution.TestFrameworkProvider.Throw(String message)&#xD;
   at FluentAssertions.Execution.DefaultAssertionStrategy.HandleFailure(String message)&#xD;
   at FluentAssertions.Execution.AssertionScope.FailWith(Func`1 failReasonFunc)&#xD;
   at FluentAssertions.Execution.AssertionScope.FailWith(Func`1 failReasonFunc)&#xD;
   at FluentAssertions.Execution.AssertionScope.FailWith(String message, Object[] args)&#xD;
   at FluentAssertions.Primitives.BooleanAssertions`1.BeTrue(String because, Object[] becauseArgs)&#xD;
   at OpenBullet.Core.Tests.Step9_ScriptEngineTests.ExecuteAsync_With_Single_Command_Should_Execute_Successfully() in C:\Users\futiliter\Downloads\Telegram Desktop\Openbullet 1.4.4 Anomaly Modded Version\OpenBulletRecreation\OpenBullet.Core.Tests\Step9_ScriptEngineTests.cs:line 94&#xD;
--- End of stack trace from previous location ---</StackTrace>
        </ErrorInfo>
      </Output>
    </UnitTestResult>
    <UnitTestResult executionId="cf77726b-702b-4d91-a72e-421f74f70543" testId="b66eef98-13d1-4ff0-6047-9434685fd210" testName="OpenBullet.Core.Tests.Step7_ValidationTests.ParseCommand_Should_Throw_With_Invalid_ServiceProvider" computerName="DESKTOP-FL6NJPC" duration="00:00:00.0013094" startTime="2025-08-17T15:55:51.7210220+02:00" endTime="2025-08-17T15:55:51.7210223+02:00" testType="13cdc9d9-ddb5-4fa4-a97d-d965ccfc6d4b" outcome="Passed" testListId="8c84fa94-04c1-424b-9868-57a2d4851a1d" relativeResultsDirectory="cf77726b-702b-4d91-a72e-421f74f70543" />
    <UnitTestResult executionId="6d90db5f-43a9-4663-ae86-dfdad3ae9f81" testId="9f350ed9-744f-f89e-7a93-3e13d1dee64a" testName="OpenBullet.Core.Tests.Step11_StorageServicesTests.ResultStorage_Filtering_Should_Work" computerName="DESKTOP-FL6NJPC" duration="00:00:02.5012762" startTime="2025-08-17T15:55:54.3607593+02:00" endTime="2025-08-17T15:55:54.3607594+02:00" testType="13cdc9d9-ddb5-4fa4-a97d-d965ccfc6d4b" outcome="Passed" testListId="8c84fa94-04c1-424b-9868-57a2d4851a1d" relativeResultsDirectory="6d90db5f-43a9-4663-ae86-dfdad3ae9f81" />
    <UnitTestResult executionId="bccb2853-455e-4f1c-a4bc-0a3782ee1c8a" testId="0d940bf3-42cd-0017-6a12-10e087786e31" testName="OpenBullet.Core.Tests.Step3_ValidationTests.ConfigError_Types_Should_Be_Available(errorType: AccessDenied)" computerName="DESKTOP-FL6NJPC" duration="00:00:00.0000203" startTime="2025-08-17T15:55:52.1243145+02:00" endTime="2025-08-17T15:55:52.1243146+02:00" testType="13cdc9d9-ddb5-4fa4-a97d-d965ccfc6d4b" outcome="Passed" testListId="8c84fa94-04c1-424b-9868-57a2d4851a1d" relativeResultsDirectory="bccb2853-455e-4f1c-a4bc-0a3782ee1c8a" />
    <UnitTestResult executionId="91801070-659f-457d-b3cf-01f5065a8028" testId="3910a0f3-9444-4348-8b2a-35bd6cfc5461" testName="OpenBullet.Core.Tests.Step6_RequestCommandTests.ValidateInstruction_With_Valid_HTTP_Methods_Should_Pass(method: &quot;HEAD&quot;)" computerName="DESKTOP-FL6NJPC" duration="00:00:00.0136682" startTime="2025-08-17T15:55:52.3509946+02:00" endTime="2025-08-17T15:55:52.3509949+02:00" testType="13cdc9d9-ddb5-4fa4-a97d-d965ccfc6d4b" outcome="Passed" testListId="8c84fa94-04c1-424b-9868-57a2d4851a1d" relativeResultsDirectory="91801070-659f-457d-b3cf-01f5065a8028" />
    <UnitTestResult executionId="3b84de4f-9ee8-4e05-a5f1-9ee969f9906c" testId="a9267348-c1a3-a4c2-4cb9-c5c09e790f58" testName="OpenBullet.Core.Tests.Step5_ValidationTests.ExecutionStatus_Values_Should_Be_Distinct(status: Cancelled)" computerName="DESKTOP-FL6NJPC" duration="00:00:00.0000134" startTime="2025-08-17T15:55:51.7927722+02:00" endTime="2025-08-17T15:55:51.7927724+02:00" testType="13cdc9d9-ddb5-4fa4-a97d-d965ccfc6d4b" outcome="Passed" testListId="8c84fa94-04c1-424b-9868-57a2d4851a1d" relativeResultsDirectory="3b84de4f-9ee8-4e05-a5f1-9ee969f9906c" />
    <UnitTestResult executionId="d11123ea-ffb5-4bd2-b5cb-dd2b35304547" testId="3d8ad023-4ba2-9150-a477-2fb32a10ee48" testName="OpenBullet.Core.Tests.Step10_ValidationTests.ProxyTestConfiguration_Should_Initialize_With_Defaults" computerName="DESKTOP-FL6NJPC" duration="00:00:00.0022703" startTime="2025-08-17T15:55:51.8746028+02:00" endTime="2025-08-17T15:55:51.8746030+02:00" testType="13cdc9d9-ddb5-4fa4-a97d-d965ccfc6d4b" outcome="Passed" testListId="8c84fa94-04c1-424b-9868-57a2d4851a1d" relativeResultsDirectory="d11123ea-ffb5-4bd2-b5cb-dd2b35304547" />
    <UnitTestResult executionId="ae44c252-8512-4483-a2b2-970330309358" testId="5abb62fc-0d61-e08b-5dcc-f4aec7e61420" testName="OpenBullet.Core.Tests.Step10_ProxyExtensionsTests.CreateUsageResult_Should_Create_Correct_Result(success: True, responseTimeMs: 500, responseCode: 200, errorMessage: null)" computerName="DESKTOP-FL6NJPC" duration="00:00:00.0000335" startTime="2025-08-17T15:55:52.1971750+02:00" endTime="2025-08-17T15:55:52.1971751+02:00" testType="13cdc9d9-ddb5-4fa4-a97d-d965ccfc6d4b" outcome="Passed" testListId="8c84fa94-04c1-424b-9868-57a2d4851a1d" relativeResultsDirectory="ae44c252-8512-4483-a2b2-970330309358" />
    <UnitTestResult executionId="ac3c7e68-f95b-444e-815b-885e84165867" testId="4a99c0c5-efb6-9150-d90b-3b85dba74328" testName="OpenBullet.Core.Tests.Step8_ValidationTests.KeyChainLogic_Enum_Should_Have_Expected_Values" computerName="DESKTOP-FL6NJPC" duration="00:00:00.0077740" startTime="2025-08-17T15:55:51.5384290+02:00" endTime="2025-08-17T15:55:51.5384291+02:00" testType="13cdc9d9-ddb5-4fa4-a97d-d965ccfc6d4b" outcome="Passed" testListId="8c84fa94-04c1-424b-9868-57a2d4851a1d" relativeResultsDirectory="ac3c7e68-f95b-444e-815b-885e84165867" />
    <UnitTestResult executionId="9bd3da8d-4b8f-4422-b995-bb7891e56c11" testId="cb302a93-56c0-f91a-7b7d-69e44a8795b3" testName="OpenBullet.Core.Tests.Step9_JobManagerTests.JobStatus_State_Properties_Should_Work_Correctly(state: Cancelled, expectedIsRunning: False, expectedIsCompleted: True)" computerName="DESKTOP-FL6NJPC" duration="00:00:00.0009093" startTime="2025-08-17T15:55:53.1039018+02:00" endTime="2025-08-17T15:55:53.1039020+02:00" testType="13cdc9d9-ddb5-4fa4-a97d-d965ccfc6d4b" outcome="Passed" testListId="8c84fa94-04c1-424b-9868-57a2d4851a1d" relativeResultsDirectory="9bd3da8d-4b8f-4422-b995-bb7891e56c11" />
    <UnitTestResult executionId="e9765870-6aa5-4078-bdac-099435d2c781" testId="f4169455-d1e3-d942-3512-8e1fbc2380e6" testName="OpenBullet.Core.Tests.Step10_ProxyExtensionsTests.ToBasicProxy_Should_Convert_Enhanced_To_Basic" computerName="DESKTOP-FL6NJPC" duration="00:00:00.0009682" startTime="2025-08-17T15:55:52.2231980+02:00" endTime="2025-08-17T15:55:52.2231981+02:00" testType="13cdc9d9-ddb5-4fa4-a97d-d965ccfc6d4b" outcome="Passed" testListId="8c84fa94-04c1-424b-9868-57a2d4851a1d" relativeResultsDirectory="e9765870-6aa5-4078-bdac-099435d2c781" />
    <UnitTestResult executionId="e80dcce9-8765-4565-8b96-7faa93ff0cea" testId="2d8b2c47-4ccb-26a3-11e1-27fd507550aa" testName="OpenBullet.Core.Tests.Step9_BotRunnerTests.BotStatusExtensions_IsError_Should_Work_Correctly(status: Success, expectedIsError: False)" computerName="DESKTOP-FL6NJPC" duration="00:00:00.0006343" startTime="2025-08-17T15:55:51.4690479+02:00" endTime="2025-08-17T15:55:51.4690480+02:00" testType="13cdc9d9-ddb5-4fa4-a97d-d965ccfc6d4b" outcome="Passed" testListId="8c84fa94-04c1-424b-9868-57a2d4851a1d" relativeResultsDirectory="e80dcce9-8765-4565-8b96-7faa93ff0cea" />
    <UnitTestResult executionId="228a0d72-799d-4cbd-853b-9d9760353c58" testId="865432f4-e433-7004-befb-8a57458b1174" testName="OpenBullet.Core.Tests.Step8_ValidationTests.KeyCheckExtensions_Should_Work" computerName="DESKTOP-FL6NJPC" duration="00:00:00.0032223" startTime="2025-08-17T15:55:51.6390094+02:00" endTime="2025-08-17T15:55:51.6390096+02:00" testType="13cdc9d9-ddb5-4fa4-a97d-d965ccfc6d4b" outcome="Passed" testListId="8c84fa94-04c1-424b-9868-57a2d4851a1d" relativeResultsDirectory="228a0d72-799d-4cbd-853b-9d9760353c58" />
    <UnitTestResult executionId="23b1e9e9-b6d5-47f5-a2eb-fc8e6dc48f2b" testId="c7e4ab9c-0a48-f6fb-2339-3621b6949c88" testName="OpenBullet.Core.Tests.Step4_ScriptParserTests.GetAvailableCommands_Should_Return_Command_List" computerName="DESKTOP-FL6NJPC" duration="00:00:00.0083768" startTime="2025-08-17T15:55:53.1774619+02:00" endTime="2025-08-17T15:55:53.1774631+02:00" testType="13cdc9d9-ddb5-4fa4-a97d-d965ccfc6d4b" outcome="Passed" testListId="8c84fa94-04c1-424b-9868-57a2d4851a1d" relativeResultsDirectory="23b1e9e9-b6d5-47f5-a2eb-fc8e6dc48f2b" />
    <UnitTestResult executionId="7c4e5ac8-14f8-49e5-9f62-5f0fa30ab064" testId="07cd48fb-0708-a866-bcbb-d809f442b9f2" testName="OpenBullet.Core.Tests.Step8_KeyCheckCommandTests.ValidateInstruction_With_Valid_Statuses_Should_Pass(status: &quot;Success&quot;)" computerName="DESKTOP-FL6NJPC" duration="00:00:00.0051199" startTime="2025-08-17T15:55:52.1287188+02:00" endTime="2025-08-17T15:55:52.1287189+02:00" testType="13cdc9d9-ddb5-4fa4-a97d-d965ccfc6d4b" outcome="Passed" testListId="8c84fa94-04c1-424b-9868-57a2d4851a1d" relativeResultsDirectory="7c4e5ac8-14f8-49e5-9f62-5f0fa30ab064" />
    <UnitTestResult executionId="f6701716-c12d-4305-9635-4f99a5e3fc40" testId="96a21a63-5270-5813-43fd-0995a0cd521f" testName="OpenBullet.Core.Tests.Step3_ConfigurationServiceTests.SaveConfigAsync_Should_Create_Directory_If_Not_Exists" computerName="DESKTOP-FL6NJPC" duration="00:00:00.0133706" startTime="2025-08-17T15:55:52.9929209+02:00" endTime="2025-08-17T15:55:52.9929213+02:00" testType="13cdc9d9-ddb5-4fa4-a97d-d965ccfc6d4b" outcome="Passed" testListId="8c84fa94-04c1-424b-9868-57a2d4851a1d" relativeResultsDirectory="f6701716-c12d-4305-9635-4f99a5e3fc40" />
    <UnitTestResult executionId="b8d97570-2f66-408e-9c83-ad95e0ce8a79" testId="45d155b8-7bc6-7104-39f4-8cecfc82a301" testName="OpenBullet.Core.Tests.Step10_ProxyExtensionsTests.IsValid_Basic_Should_Validate_Correctly(host: &quot;proxy.com&quot;, port: 8080, type: Http, expectedValid: True)" computerName="DESKTOP-FL6NJPC" duration="00:00:00.0000276" startTime="2025-08-17T15:55:52.1541576+02:00" endTime="2025-08-17T15:55:52.1541578+02:00" testType="13cdc9d9-ddb5-4fa4-a97d-d965ccfc6d4b" outcome="Passed" testListId="8c84fa94-04c1-424b-9868-57a2d4851a1d" relativeResultsDirectory="b8d97570-2f66-408e-9c83-ad95e0ce8a79" />
    <UnitTestResult executionId="2aa11a14-e078-4267-aa04-13c3964f22d8" testId="8db2d6f8-14e6-60f9-84e5-c29c12eea5d2" testName="OpenBullet.Core.Tests.Step7_ValidationTests.LeftRightParser_Should_Handle_Basic_Patterns" computerName="DESKTOP-FL6NJPC" duration="00:00:00.0010791" startTime="2025-08-17T15:55:51.8014062+02:00" endTime="2025-08-17T15:55:51.8014063+02:00" testType="13cdc9d9-ddb5-4fa4-a97d-d965ccfc6d4b" outcome="Passed" testListId="8c84fa94-04c1-424b-9868-57a2d4851a1d" relativeResultsDirectory="2aa11a14-e078-4267-aa04-13c3964f22d8" />
    <UnitTestResult executionId="867920cc-3625-4fd2-8cde-a4e60344f590" testId="90a0338b-5576-97c6-8950-66bd8519cb8c" testName="OpenBullet.Core.Tests.Step5_ExecutionContextTests.GetVariable_Should_Call_VariableManager_And_Update_Statistics" computerName="DESKTOP-FL6NJPC" duration="00:00:00.0056477" startTime="2025-08-17T15:55:52.6844835+02:00" endTime="2025-08-17T15:55:52.6844837+02:00" testType="13cdc9d9-ddb5-4fa4-a97d-d965ccfc6d4b" outcome="Passed" testListId="8c84fa94-04c1-424b-9868-57a2d4851a1d" relativeResultsDirectory="867920cc-3625-4fd2-8cde-a4e60344f590" />
    <UnitTestResult executionId="63c457fd-5039-4272-a94b-c34118271d9e" testId="9d18a709-adfe-e7bf-1947-e1c3bcb5c364" testName="OpenBullet.Core.Tests.Step8_KeyCheckerTests.EvaluateKey_With_LengthEqualTo_Condition_Should_Work(sourceValue: &quot;hello&quot;, targetLength: &quot;3&quot;, expected: False)" computerName="DESKTOP-FL6NJPC" duration="00:00:00.0055115" startTime="2025-08-17T15:55:51.5829790+02:00" endTime="2025-08-17T15:55:51.5829795+02:00" testType="13cdc9d9-ddb5-4fa4-a97d-d965ccfc6d4b" outcome="Passed" testListId="8c84fa94-04c1-424b-9868-57a2d4851a1d" relativeResultsDirectory="63c457fd-5039-4272-a94b-c34118271d9e" />
    <UnitTestResult executionId="deff1ebc-0c46-4740-b763-c0476324035d" testId="199491f6-2e7e-f5b5-114f-923de7e8b3aa" testName="OpenBullet.Core.Tests.Step5_ExecutionContextTests.Constructor_Should_Throw_For_Null_Arguments" computerName="DESKTOP-FL6NJPC" duration="00:00:00.0092306" startTime="2025-08-17T15:55:52.6202640+02:00" endTime="2025-08-17T15:55:52.6202641+02:00" testType="13cdc9d9-ddb5-4fa4-a97d-d965ccfc6d4b" outcome="Passed" testListId="8c84fa94-04c1-424b-9868-57a2d4851a1d" relativeResultsDirectory="deff1ebc-0c46-4740-b763-c0476324035d" />
    <UnitTestResult executionId="84dd7449-3945-45a6-ac0d-5682972dafbc" testId="7f2157e0-1274-b50b-89f0-6d6bacb5ab7e" testName="OpenBullet.Core.Tests.Step6_CommandFactoryTests.RegisterCommand_Should_Throw_For_Invalid_Arguments" computerName="DESKTOP-FL6NJPC" duration="00:00:00.0225651" startTime="2025-08-17T15:55:51.9989385+02:00" endTime="2025-08-17T15:55:51.9989392+02:00" testType="13cdc9d9-ddb5-4fa4-a97d-d965ccfc6d4b" outcome="Passed" testListId="8c84fa94-04c1-424b-9868-57a2d4851a1d" relativeResultsDirectory="84dd7449-3945-45a6-ac0d-5682972dafbc" />
    <UnitTestResult executionId="e8c27081-8eca-4a41-b87b-eef75303b6fe" testId="b46868fa-4134-71fa-6433-30b3656154e5" testName="OpenBullet.Core.Tests.Step7_ParsersTests.CssParser_Should_Handle_Invalid_HTML" computerName="DESKTOP-FL6NJPC" duration="00:00:00.0119664" startTime="2025-08-17T15:55:51.8035924+02:00" endTime="2025-08-17T15:55:51.8035928+02:00" testType="13cdc9d9-ddb5-4fa4-a97d-d965ccfc6d4b" outcome="Failed" testListId="8c84fa94-04c1-424b-9868-57a2d4851a1d" relativeResultsDirectory="e8c27081-8eca-4a41-b87b-eef75303b6fe">
      <Output>
        <ErrorInfo>
          <Message>Expected result.Success to be true, but found False.</Message>
          <StackTrace>   at FluentAssertions.Execution.XUnit2TestFramework.Throw(String message)&#xD;
   at FluentAssertions.Execution.TestFrameworkProvider.Throw(String message)&#xD;
   at FluentAssertions.Execution.DefaultAssertionStrategy.HandleFailure(String message)&#xD;
   at FluentAssertions.Execution.AssertionScope.FailWith(Func`1 failReasonFunc)&#xD;
   at FluentAssertions.Execution.AssertionScope.FailWith(Func`1 failReasonFunc)&#xD;
   at FluentAssertions.Execution.AssertionScope.FailWith(String message, Object[] args)&#xD;
   at FluentAssertions.Primitives.BooleanAssertions`1.BeTrue(String because, Object[] becauseArgs)&#xD;
   at OpenBullet.Core.Tests.Step7_ParsersTests.CssParser_Should_Handle_Invalid_HTML() in C:\Users\futiliter\Downloads\Telegram Desktop\Openbullet 1.4.4 Anomaly Modded Version\OpenBulletRecreation\OpenBullet.Core.Tests\Step7_ParsersTests.cs:line 265&#xD;
   at System.RuntimeMethodHandle.InvokeMethod(Object target, Void** arguments, Signature sig, Boolean isConstructor)&#xD;
   at System.Reflection.MethodBaseInvoker.InvokeWithNoArgs(Object obj, BindingFlags invokeAttr)</StackTrace>
        </ErrorInfo>
      </Output>
    </UnitTestResult>
    <UnitTestResult executionId="16f81915-45ee-4a46-9c12-c0792d299917" testId="370ac391-9c12-e825-92dd-a29a853a19e2" testName="OpenBullet.Core.Tests.Step9_BotRunnerTests.BotStatusExtensions_IsSuccess_Should_Work_Correctly(status: Ban, expectedIsSuccess: False)" computerName="DESKTOP-FL6NJPC" duration="00:00:00.0007259" startTime="2025-08-17T15:55:51.4628506+02:00" endTime="2025-08-17T15:55:51.4628507+02:00" testType="13cdc9d9-ddb5-4fa4-a97d-d965ccfc6d4b" outcome="Passed" testListId="8c84fa94-04c1-424b-9868-57a2d4851a1d" relativeResultsDirectory="16f81915-45ee-4a46-9c12-c0792d299917" />
    <UnitTestResult executionId="5f4b3a8d-9e44-4299-bb45-c578f45cba73" testId="d1881464-e953-9a2e-0920-6601a5c59f27" testName="OpenBullet.Core.Tests.Step5_VariableManagerTests.SetDictionaryValue_Should_Create_Dictionary_If_Not_Exists" computerName="DESKTOP-FL6NJPC" duration="00:00:00.0516034" startTime="2025-08-17T15:55:51.8499301+02:00" endTime="2025-08-17T15:55:51.8499305+02:00" testType="13cdc9d9-ddb5-4fa4-a97d-d965ccfc6d4b" outcome="Passed" testListId="8c84fa94-04c1-424b-9868-57a2d4851a1d" relativeResultsDirectory="5f4b3a8d-9e44-4299-bb45-c578f45cba73" />
    <UnitTestResult executionId="032be23b-fb7a-42ae-9f05-4f9a2d0c7f89" testId="d7180d49-3062-9848-074f-65373e26e73d" testName="OpenBullet.Core.Tests.Step9_BotRunnerTests.RunAsync_With_Failed_Script_Should_Return_Failed_Result" computerName="DESKTOP-FL6NJPC" duration="00:00:00.0364413" startTime="2025-08-17T15:55:51.4910340+02:00" endTime="2025-08-17T15:55:51.4910346+02:00" testType="13cdc9d9-ddb5-4fa4-a97d-d965ccfc6d4b" outcome="Passed" testListId="8c84fa94-04c1-424b-9868-57a2d4851a1d" relativeResultsDirectory="032be23b-fb7a-42ae-9f05-4f9a2d0c7f89" />
    <UnitTestResult executionId="4a6c1656-3ef2-42e4-9f82-db9af14813ed" testId="00823e08-cca9-ce3d-30b5-d8e00d662ecf" testName="OpenBullet.Core.Tests.Step10_ProxyJobManagerTests.ProxyJobStatistics_Clone_Should_Create_Copy" computerName="DESKTOP-FL6NJPC" duration="00:00:00.0396376" startTime="2025-08-17T15:55:52.5271452+02:00" endTime="2025-08-17T15:55:52.5271467+02:00" testType="13cdc9d9-ddb5-4fa4-a97d-d965ccfc6d4b" outcome="Passed" testListId="8c84fa94-04c1-424b-9868-57a2d4851a1d" relativeResultsDirectory="4a6c1656-3ef2-42e4-9f82-db9af14813ed" />
    <UnitTestResult executionId="693b8bce-4d54-412f-b700-c63132b99c9b" testId="bd3ae614-69b2-d6a8-5319-c70d59d760d8" testName="OpenBullet.Core.Tests.Step3_ValidationTests.SerializeConfig_Should_Generate_Parseable_Content" computerName="DESKTOP-FL6NJPC" duration="00:00:00.1024762" startTime="2025-08-17T15:55:52.1197528+02:00" endTime="2025-08-17T15:55:52.1197535+02:00" testType="13cdc9d9-ddb5-4fa4-a97d-d965ccfc6d4b" outcome="Failed" testListId="8c84fa94-04c1-424b-9868-57a2d4851a1d" relativeResultsDirectory="693b8bce-4d54-412f-b700-c63132b99c9b">
      <Output>
        <ErrorInfo>
          <Message>Expected deserializedConfig.Script to be "PRINT Serialization test
REQUEST GET "https://test.com"" with a length of 55, but "PRINT Serialization test&#xD;
REQUEST GET "https://test.com"" has a length of 56, differs near "&#xD;
R" (index 24).</Message>
          <StackTrace>   at FluentAssertions.Execution.XUnit2TestFramework.Throw(String message)&#xD;
   at FluentAssertions.Execution.TestFrameworkProvider.Throw(String message)&#xD;
   at FluentAssertions.Execution.DefaultAssertionStrategy.HandleFailure(String message)&#xD;
   at FluentAssertions.Execution.AssertionScope.FailWith(Func`1 failReasonFunc)&#xD;
   at FluentAssertions.Execution.AssertionScope.FailWith(Func`1 failReasonFunc)&#xD;
   at FluentAssertions.Primitives.StringEqualityValidator.ValidateAgainstLengthDifferences()&#xD;
   at FluentAssertions.Primitives.StringValidator.Validate()&#xD;
   at FluentAssertions.Primitives.StringAssertions`1.Be(String expected, String because, Object[] becauseArgs)&#xD;
   at OpenBullet.Core.Tests.Step3_ValidationTests.SerializeConfig_Should_Generate_Parseable_Content() in C:\Users\futiliter\Downloads\Telegram Desktop\Openbullet 1.4.4 Anomaly Modded Version\OpenBulletRecreation\OpenBullet.Core.Tests\Step3_ValidationTests.cs:line 121&#xD;
   at System.RuntimeMethodHandle.InvokeMethod(Object target, Void** arguments, Signature sig, Boolean isConstructor)&#xD;
   at System.Reflection.MethodBaseInvoker.InvokeWithNoArgs(Object obj, BindingFlags invokeAttr)</StackTrace>
        </ErrorInfo>
      </Output>
    </UnitTestResult>
    <UnitTestResult executionId="bfdb9aca-b2e5-4275-a5d6-1b377e649e94" testId="4c160b0b-d56f-ad61-3740-8a1e4ec3b048" testName="OpenBullet.Core.Tests.Step13_ConfigurationEditorTests.TokenizeScript_Should_Correctly_Identify_Token_Types(input: &quot;# Another comment style&quot;, expectedType: Comment, expectedValue: &quot;#&quot;)" computerName="DESKTOP-FL6NJPC" duration="00:00:00.0001557" startTime="2025-08-17T15:55:51.4095312+02:00" endTime="2025-08-17T15:55:51.4095316+02:00" testType="13cdc9d9-ddb5-4fa4-a97d-d965ccfc6d4b" outcome="Failed" testListId="8c84fa94-04c1-424b-9868-57a2d4851a1d" relativeResultsDirectory="bfdb9aca-b2e5-4275-a5d6-1b377e649e94">
      <Output>
        <ErrorInfo>
          <Message>System.NotImplementedException : To be implemented in Step 13</Message>
          <StackTrace>   at OpenBullet.Core.Tests.SyntaxHighlightingService.TokenizeScript(String script) in C:\Users\futiliter\Downloads\Telegram Desktop\Openbullet 1.4.4 Anomaly Modded Version\OpenBulletRecreation\OpenBullet.Core.Tests\Step13_ConfigurationEditorTests.cs:line 462&#xD;
   at OpenBullet.Core.Tests.Step13_ConfigurationEditorTests.TokenizeScript_Should_Correctly_Identify_Token_Types(String input, TokenType expectedType, String expectedValue) in C:\Users\futiliter\Downloads\Telegram Desktop\Openbullet 1.4.4 Anomaly Modded Version\OpenBulletRecreation\OpenBullet.Core.Tests\Step13_ConfigurationEditorTests.cs:line 55&#xD;
   at InvokeStub_Step13_ConfigurationEditorTests.TokenizeScript_Should_Correctly_Identify_Token_Types(Object, Span`1)&#xD;
   at System.Reflection.MethodBaseInvoker.InvokeWithFewArgs(Object obj, BindingFlags invokeAttr, Binder binder, Object[] parameters, CultureInfo culture)</StackTrace>
        </ErrorInfo>
      </Output>
    </UnitTestResult>
    <UnitTestResult executionId="c624dad7-bbef-45ea-b1ac-20a4be496155" testId="8873f8de-ccac-48f8-e221-4a26fb7be853" testName="OpenBullet.Core.Tests.Step9_BotRunnerTests.EnhancedBotRunner_Should_Add_Analysis_Metadata" computerName="DESKTOP-FL6NJPC" duration="00:00:00.1229989" startTime="2025-08-17T15:55:51.6695521+02:00" endTime="2025-08-17T15:55:51.6695525+02:00" testType="13cdc9d9-ddb5-4fa4-a97d-d965ccfc6d4b" outcome="Failed" testListId="8c84fa94-04c1-424b-9868-57a2d4851a1d" relativeResultsDirectory="c624dad7-bbef-45ea-b1ac-20a4be496155">
      <Output>
        <ErrorInfo>
          <Message>Expected result.Metadata["ExecutionRate"] to be 50.0, but found 8473.14014573801.</Message>
          <StackTrace>   at FluentAssertions.Execution.XUnit2TestFramework.Throw(String message)&#xD;
   at FluentAssertions.Execution.TestFrameworkProvider.Throw(String message)&#xD;
   at FluentAssertions.Execution.DefaultAssertionStrategy.HandleFailure(String message)&#xD;
   at FluentAssertions.Execution.AssertionScope.FailWith(Func`1 failReasonFunc)&#xD;
   at FluentAssertions.Execution.AssertionScope.FailWith(Func`1 failReasonFunc)&#xD;
   at FluentAssertions.Execution.AssertionScope.FailWith(String message, Object[] args)&#xD;
   at FluentAssertions.Primitives.ObjectAssertions`2.Be(TSubject expected, String because, Object[] becauseArgs)&#xD;
   at OpenBullet.Core.Tests.Step9_BotRunnerTests.EnhancedBotRunner_Should_Add_Analysis_Metadata() in C:\Users\futiliter\Downloads\Telegram Desktop\Openbullet 1.4.4 Anomaly Modded Version\OpenBulletRecreation\OpenBullet.Core.Tests\Step9_BotRunnerTests.cs:line 431&#xD;
--- End of stack trace from previous location ---</StackTrace>
        </ErrorInfo>
      </Output>
    </UnitTestResult>
    <UnitTestResult executionId="9a52ce1d-b17c-4092-aa0e-17c4970b4e63" testId="88ca1950-ee5b-cc78-1400-0b337026138a" testName="OpenBullet.Core.Tests.Step9_ScriptEngineTests.ValidateScript_With_Command_Validation_Errors_Should_Fail" computerName="DESKTOP-FL6NJPC" duration="00:00:00.0045704" startTime="2025-08-17T15:55:51.9343057+02:00" endTime="2025-08-17T15:55:51.9343059+02:00" testType="13cdc9d9-ddb5-4fa4-a97d-d965ccfc6d4b" outcome="Passed" testListId="8c84fa94-04c1-424b-9868-57a2d4851a1d" relativeResultsDirectory="9a52ce1d-b17c-4092-aa0e-17c4970b4e63" />
    <UnitTestResult executionId="99261682-df86-4b03-84ec-5d583dab9acd" testId="58d3a92f-fea6-7b99-c755-023b84a27dce" testName="OpenBullet.Core.Tests.Step10_ProxyJobManagerTests.GetJobStatus_Should_Include_Proxy_Metadata" computerName="DESKTOP-FL6NJPC" duration="00:00:00.0578977" startTime="2025-08-17T15:55:52.9766996+02:00" endTime="2025-08-17T15:55:52.9766998+02:00" testType="13cdc9d9-ddb5-4fa4-a97d-d965ccfc6d4b" outcome="Passed" testListId="8c84fa94-04c1-424b-9868-57a2d4851a1d" relativeResultsDirectory="99261682-df86-4b03-84ec-5d583dab9acd" />
    <UnitTestResult executionId="b35d5ee5-b9b4-4947-8844-3aaf7a7de367" testId="a0c7c9d2-f524-a1be-b032-51d6482d45cb" testName="OpenBullet.Core.Tests.Step6_CommandMetadataTests.CommandMetadata_Can_Be_Configured" computerName="DESKTOP-FL6NJPC" duration="00:00:00.0023955" startTime="2025-08-17T15:55:51.9880915+02:00" endTime="2025-08-17T15:55:51.9880916+02:00" testType="13cdc9d9-ddb5-4fa4-a97d-d965ccfc6d4b" outcome="Passed" testListId="8c84fa94-04c1-424b-9868-57a2d4851a1d" relativeResultsDirectory="b35d5ee5-b9b4-4947-8844-3aaf7a7de367" />
    <UnitTestResult executionId="c0f83d3d-cf64-422d-840b-cd6c64480c4d" testId="64d3ae81-fb6f-7e6c-b7df-7b373ac8c752" testName="OpenBullet.Core.Tests.Step7_ParseCommandTests.ValidateInstruction_With_Valid_Instruction_Should_Pass" computerName="DESKTOP-FL6NJPC" duration="00:00:00.0036912" startTime="2025-08-17T15:55:51.7498643+02:00" endTime="2025-08-17T15:55:51.7498646+02:00" testType="13cdc9d9-ddb5-4fa4-a97d-d965ccfc6d4b" outcome="Failed" testListId="8c84fa94-04c1-424b-9868-57a2d4851a1d" relativeResultsDirectory="c0f83d3d-cf64-422d-840b-cd6c64480c4d">
      <Output>
        <ErrorInfo>
          <Message>Expected result.IsValid to be true, but found False.</Message>
          <StackTrace>   at FluentAssertions.Execution.XUnit2TestFramework.Throw(String message)&#xD;
   at FluentAssertions.Execution.TestFrameworkProvider.Throw(String message)&#xD;
   at FluentAssertions.Execution.DefaultAssertionStrategy.HandleFailure(String message)&#xD;
   at FluentAssertions.Execution.AssertionScope.FailWith(Func`1 failReasonFunc)&#xD;
   at FluentAssertions.Execution.AssertionScope.FailWith(Func`1 failReasonFunc)&#xD;
   at FluentAssertions.Execution.AssertionScope.FailWith(String message, Object[] args)&#xD;
   at FluentAssertions.Primitives.BooleanAssertions`1.BeTrue(String because, Object[] becauseArgs)&#xD;
   at OpenBullet.Core.Tests.Step7_ParseCommandTests.ValidateInstruction_With_Valid_Instruction_Should_Pass() in C:\Users\futiliter\Downloads\Telegram Desktop\Openbullet 1.4.4 Anomaly Modded Version\OpenBulletRecreation\OpenBullet.Core.Tests\Step7_ParseCommandTests.cs:line 451&#xD;
   at System.RuntimeMethodHandle.InvokeMethod(Object target, Void** arguments, Signature sig, Boolean isConstructor)&#xD;
   at System.Reflection.MethodBaseInvoker.InvokeWithNoArgs(Object obj, BindingFlags invokeAttr)</StackTrace>
        </ErrorInfo>
      </Output>
    </UnitTestResult>
    <UnitTestResult executionId="2cf07b6c-e7c5-4af8-94f3-a751716ae888" testId="f006959a-89a5-9cdc-723d-5df08732ffbb" testName="OpenBullet.Core.Tests.Step7_ParsersTests.CssParser_Should_Extract_Attributes" computerName="DESKTOP-FL6NJPC" duration="00:00:00.0068667" startTime="2025-08-17T15:55:51.9803155+02:00" endTime="2025-08-17T15:55:51.9803161+02:00" testType="13cdc9d9-ddb5-4fa4-a97d-d965ccfc6d4b" outcome="Passed" testListId="8c84fa94-04c1-424b-9868-57a2d4851a1d" relativeResultsDirectory="2cf07b6c-e7c5-4af8-94f3-a751716ae888" />
    <UnitTestResult executionId="3b6866c5-4ce6-460f-be46-f9264efde1ed" testId="9de8b005-e15d-3966-4490-e2c8ed5673ee" testName="OpenBullet.Core.Tests.Step11_DatabaseManagerTests.DatabaseCleanupResult_Should_Initialize_Correctly" computerName="DESKTOP-FL6NJPC" duration="00:00:00.0019111" startTime="2025-08-17T15:55:54.2432006+02:00" endTime="2025-08-17T15:55:54.2432011+02:00" testType="13cdc9d9-ddb5-4fa4-a97d-d965ccfc6d4b" outcome="Passed" testListId="8c84fa94-04c1-424b-9868-57a2d4851a1d" relativeResultsDirectory="3b6866c5-4ce6-460f-be46-f9264efde1ed" />
    <UnitTestResult executionId="60c2054d-8835-468f-a4d9-9b80341570dd" testId="35db3489-1339-187f-3945-f37489cd9d75" testName="OpenBullet.Core.Tests.Step6_RequestCommandTests.RequestCommand_Should_Have_Correct_Properties" computerName="DESKTOP-FL6NJPC" duration="00:00:00.0131355" startTime="2025-08-17T15:55:52.3371321+02:00" endTime="2025-08-17T15:55:52.3371322+02:00" testType="13cdc9d9-ddb5-4fa4-a97d-d965ccfc6d4b" outcome="Passed" testListId="8c84fa94-04c1-424b-9868-57a2d4851a1d" relativeResultsDirectory="60c2054d-8835-468f-a4d9-9b80341570dd" />
    <UnitTestResult executionId="fee5a94c-937e-499a-bf89-dbd9ad3ead1f" testId="088b8569-d809-64ca-99d9-252d18696b42" testName="OpenBullet.Core.Tests.Step4_PerformanceTests.ParseLine_Multiple_Times_Should_Be_Fast" computerName="DESKTOP-FL6NJPC" duration="00:00:00.0456743" startTime="2025-08-17T15:55:52.6557104+02:00" endTime="2025-08-17T15:55:52.6557106+02:00" testType="13cdc9d9-ddb5-4fa4-a97d-d965ccfc6d4b" outcome="Passed" testListId="8c84fa94-04c1-424b-9868-57a2d4851a1d" relativeResultsDirectory="fee5a94c-937e-499a-bf89-dbd9ad3ead1f" />
    <UnitTestResult executionId="eeab7286-4ac3-43ad-9490-c1ecaeb3941e" testId="958b504b-2a83-54b2-1c2e-20f1f8cfdf26" testName="OpenBullet.Core.Tests.Step10_ProxyExtensionsTests.ToDisplayString_Enhanced_Should_Format_Correctly(host: &quot;proxy.com&quot;, port: 8080, type: Http, username: &quot;user&quot;, password: &quot;pass&quot;, includeCredentials: True, expected: &quot;http://user:pass@proxy.com:8080&quot;)" computerName="DESKTOP-FL6NJPC" duration="00:00:00.0007970" startTime="2025-08-17T15:55:52.1544431+02:00" endTime="2025-08-17T15:55:52.1544432+02:00" testType="13cdc9d9-ddb5-4fa4-a97d-d965ccfc6d4b" outcome="Passed" testListId="8c84fa94-04c1-424b-9868-57a2d4851a1d" relativeResultsDirectory="eeab7286-4ac3-43ad-9490-c1ecaeb3941e" />
    <UnitTestResult executionId="117ba26a-10fe-40e0-8fec-26cbeb27d440" testId="3cfdf99c-5764-561c-7f5a-e67ddfdfa416" testName="OpenBullet.Core.Tests.Step10_ProxyManagerTests.UnbanProxyAsync_Should_Unban_Proxy_Successfully" computerName="DESKTOP-FL6NJPC" duration="00:00:00.0073225" startTime="2025-08-17T15:55:51.7406837+02:00" endTime="2025-08-17T15:55:51.7406840+02:00" testType="13cdc9d9-ddb5-4fa4-a97d-d965ccfc6d4b" outcome="Passed" testListId="8c84fa94-04c1-424b-9868-57a2d4851a1d" relativeResultsDirectory="117ba26a-10fe-40e0-8fec-26cbeb27d440" />
    <UnitTestResult executionId="fe301d53-74d9-40b0-af11-c7a3aeab3f1f" testId="b83e402b-f8af-ea75-0997-bc5fac185019" testName="OpenBullet.Core.Tests.Step11_DatabaseContextTests.Repository_Pagination_Should_Work" computerName="DESKTOP-FL6NJPC" duration="00:00:00.1413841" startTime="2025-08-17T15:55:53.9133889+02:00" endTime="2025-08-17T15:55:53.9133897+02:00" testType="13cdc9d9-ddb5-4fa4-a97d-d965ccfc6d4b" outcome="Passed" testListId="8c84fa94-04c1-424b-9868-57a2d4851a1d" relativeResultsDirectory="fe301d53-74d9-40b0-af11-c7a3aeab3f1f" />
    <UnitTestResult executionId="960150de-9562-4869-ac0b-c47466a523c8" testId="10f8ce04-97e6-87e3-9327-132a63c98c19" testName="OpenBullet.Core.Tests.Step8_KeyCheckCommandTests.ValidateInstruction_With_Valid_Logic_Should_Pass(logic: &quot;OR&quot;)" computerName="DESKTOP-FL6NJPC" duration="00:00:00.0022523" startTime="2025-08-17T15:55:52.1548047+02:00" endTime="2025-08-17T15:55:52.1548049+02:00" testType="13cdc9d9-ddb5-4fa4-a97d-d965ccfc6d4b" outcome="Passed" testListId="8c84fa94-04c1-424b-9868-57a2d4851a1d" relativeResultsDirectory="960150de-9562-4869-ac0b-c47466a523c8" />
    <UnitTestResult executionId="e45b8c6f-b49f-4cb7-8e71-9bbfd4cf5723" testId="d1314f02-8a72-8c28-be2f-2a47d260df56" testName="OpenBullet.Core.Tests.Step3_ValidationTests.ConfigError_Types_Should_Be_Available(errorType: InvalidScript)" computerName="DESKTOP-FL6NJPC" duration="00:00:00.0082815" startTime="2025-08-17T15:55:52.1220118+02:00" endTime="2025-08-17T15:55:52.1220119+02:00" testType="13cdc9d9-ddb5-4fa4-a97d-d965ccfc6d4b" outcome="Passed" testListId="8c84fa94-04c1-424b-9868-57a2d4851a1d" relativeResultsDirectory="e45b8c6f-b49f-4cb7-8e71-9bbfd4cf5723" />
    <UnitTestResult executionId="521d191b-1e5a-41ac-bda8-2e28c70f3436" testId="86e05743-b101-27c6-61bc-f81733f335a7" testName="OpenBullet.Core.Tests.Step6_CommandFactoryTests.Case_Insensitive_Operations_Should_Work" computerName="DESKTOP-FL6NJPC" duration="00:00:00.0046932" startTime="2025-08-17T15:55:51.9387800+02:00" endTime="2025-08-17T15:55:51.9387803+02:00" testType="13cdc9d9-ddb5-4fa4-a97d-d965ccfc6d4b" outcome="Failed" testListId="8c84fa94-04c1-424b-9868-57a2d4851a1d" relativeResultsDirectory="521d191b-1e5a-41ac-bda8-2e28c70f3436">
      <Output>
        <ErrorInfo>
          <Message>Expected command1 not to be &lt;null&gt;.</Message>
          <StackTrace>   at FluentAssertions.Execution.XUnit2TestFramework.Throw(String message)&#xD;
   at FluentAssertions.Execution.TestFrameworkProvider.Throw(String message)&#xD;
   at FluentAssertions.Execution.DefaultAssertionStrategy.HandleFailure(String message)&#xD;
   at FluentAssertions.Execution.AssertionScope.FailWith(Func`1 failReasonFunc)&#xD;
   at FluentAssertions.Execution.AssertionScope.FailWith(Func`1 failReasonFunc)&#xD;
   at FluentAssertions.Execution.AssertionScope.FailWith(String message)&#xD;
   at FluentAssertions.Primitives.ReferenceTypeAssertions`2.NotBeNull(String because, Object[] becauseArgs)&#xD;
   at OpenBullet.Core.Tests.Step6_CommandFactoryTests.Case_Insensitive_Operations_Should_Work() in C:\Users\futiliter\Downloads\Telegram Desktop\Openbullet 1.4.4 Anomaly Modded Version\OpenBulletRecreation\OpenBullet.Core.Tests\Step6_CommandFactoryTests.cs:line 227&#xD;
   at System.RuntimeMethodHandle.InvokeMethod(Object target, Void** arguments, Signature sig, Boolean isConstructor)&#xD;
   at System.Reflection.MethodBaseInvoker.InvokeWithNoArgs(Object obj, BindingFlags invokeAttr)</StackTrace>
        </ErrorInfo>
      </Output>
    </UnitTestResult>
    <UnitTestResult executionId="8f6d622c-6d04-4597-9fb8-281fe3cc84a1" testId="9629cec5-33fd-2323-0056-a297314cb714" testName="OpenBullet.Core.Tests.Step7_ParseCommandTests.ExecuteAsync_With_Regex_Parser_Should_Extract_Data" computerName="DESKTOP-FL6NJPC" duration="00:00:00.0553679" startTime="2025-08-17T15:55:51.5383205+02:00" endTime="2025-08-17T15:55:51.5383207+02:00" testType="13cdc9d9-ddb5-4fa4-a97d-d965ccfc6d4b" outcome="Passed" testListId="8c84fa94-04c1-424b-9868-57a2d4851a1d" relativeResultsDirectory="8f6d622c-6d04-4597-9fb8-281fe3cc84a1" />
    <UnitTestResult executionId="ae00e6a1-df35-4cac-8bc4-5a678ccc3aae" testId="f23f2aef-a707-1bec-e341-bd21ee59ed69" testName="OpenBullet.Core.Tests.Step5_VariableManagerTests.ResolveVariableReference_Should_Handle_Simple_Variable" computerName="DESKTOP-FL6NJPC" duration="00:00:00.0015982" startTime="2025-08-17T15:55:51.8538051+02:00" endTime="2025-08-17T15:55:51.8538053+02:00" testType="13cdc9d9-ddb5-4fa4-a97d-d965ccfc6d4b" outcome="Passed" testListId="8c84fa94-04c1-424b-9868-57a2d4851a1d" relativeResultsDirectory="ae00e6a1-df35-4cac-8bc4-5a678ccc3aae" />
    <UnitTestResult executionId="95d8d07e-64c5-4fd7-907e-90a9e7a89329" testId="c0bc4827-1b37-d872-95b9-37fd566dcf1e" testName="OpenBullet.Core.Tests.Step11_DatabaseManagerTests.Database_Should_Handle_Error_Conditions_Gracefully" computerName="DESKTOP-FL6NJPC" duration="00:00:00.0924991" startTime="2025-08-17T15:55:53.8686803+02:00" endTime="2025-08-17T15:55:53.8686807+02:00" testType="13cdc9d9-ddb5-4fa4-a97d-d965ccfc6d4b" outcome="Passed" testListId="8c84fa94-04c1-424b-9868-57a2d4851a1d" relativeResultsDirectory="95d8d07e-64c5-4fd7-907e-90a9e7a89329" />
    <UnitTestResult executionId="53ceeda7-ec12-45b0-8995-5fec4f3e0762" testId="b4b26cf8-9bd2-4b2c-8f44-9a6498b9e021" testName="OpenBullet.Core.Tests.Step3_ConfigurationServiceTests.SerializeConfig_Should_Generate_Valid_Content" computerName="DESKTOP-FL6NJPC" duration="00:00:00.0100538" startTime="2025-08-17T15:55:52.7655676+02:00" endTime="2025-08-17T15:55:52.7655682+02:00" testType="13cdc9d9-ddb5-4fa4-a97d-d965ccfc6d4b" outcome="Passed" testListId="8c84fa94-04c1-424b-9868-57a2d4851a1d" relativeResultsDirectory="53ceeda7-ec12-45b0-8995-5fec4f3e0762" />
    <UnitTestResult executionId="f7cb7521-1d5b-4322-92da-c453d7c50a47" testId="26a1ebb9-acb1-d5f4-805c-f3326933a717" testName="OpenBullet.Core.Tests.Step6_CommandMetadataTests.ParameterType_Values_Should_Be_Available(parameterType: Variable)" computerName="DESKTOP-FL6NJPC" duration="00:00:00.0000117" startTime="2025-08-17T15:55:51.9783997+02:00" endTime="2025-08-17T15:55:51.9783998+02:00" testType="13cdc9d9-ddb5-4fa4-a97d-d965ccfc6d4b" outcome="Passed" testListId="8c84fa94-04c1-424b-9868-57a2d4851a1d" relativeResultsDirectory="f7cb7521-1d5b-4322-92da-c453d7c50a47" />
    <UnitTestResult executionId="5b9640b6-b099-4cf4-87cb-377df288ef51" testId="230e6670-419c-e15b-6235-d733e081961a" testName="OpenBullet.Core.Tests.Step9_BotRunnerTests.BotStatusExtensions_ShouldRetry_Should_Work_Correctly(status: Failure, expectedShouldRetry: False)" computerName="DESKTOP-FL6NJPC" duration="00:00:00.0001133" startTime="2025-08-17T15:55:51.4584121+02:00" endTime="2025-08-17T15:55:51.4584122+02:00" testType="13cdc9d9-ddb5-4fa4-a97d-d965ccfc6d4b" outcome="Passed" testListId="8c84fa94-04c1-424b-9868-57a2d4851a1d" relativeResultsDirectory="5b9640b6-b099-4cf4-87cb-377df288ef51" />
    <UnitTestResult executionId="61540d4e-a946-408d-be34-81c839b19c68" testId="2fdce9e4-2939-3466-1488-2e601f327e29" testName="OpenBullet.Core.Tests.Step8_KeyCheckCommandTests.ExecuteAsync_With_Multiple_KeyChains_Should_Evaluate_All" computerName="DESKTOP-FL6NJPC" duration="00:00:00.0107277" startTime="2025-08-17T15:55:52.1954604+02:00" endTime="2025-08-17T15:55:52.1954605+02:00" testType="13cdc9d9-ddb5-4fa4-a97d-d965ccfc6d4b" outcome="Passed" testListId="8c84fa94-04c1-424b-9868-57a2d4851a1d" relativeResultsDirectory="61540d4e-a946-408d-be34-81c839b19c68" />
    <UnitTestResult executionId="eb557b80-c180-4a9b-9bef-26d433e17eea" testId="58cfe46c-49db-945e-3de3-3d50b09f64db" testName="OpenBullet.Core.Tests.Step6_RequestCommandTests.ValidateInstruction_With_Valid_HTTP_Methods_Should_Pass(method: &quot;OPTIONS&quot;)" computerName="DESKTOP-FL6NJPC" duration="00:00:00.0265773" startTime="2025-08-17T15:55:52.3839368+02:00" endTime="2025-08-17T15:55:52.3839371+02:00" testType="13cdc9d9-ddb5-4fa4-a97d-d965ccfc6d4b" outcome="Passed" testListId="8c84fa94-04c1-424b-9868-57a2d4851a1d" relativeResultsDirectory="eb557b80-c180-4a9b-9bef-26d433e17eea" />
    <UnitTestResult executionId="c10c6521-53f7-495a-bdb1-f8d818169f1f" testId="7b84a055-d3c3-9427-ee2e-8bd4b9279649" testName="OpenBullet.Core.Tests.Step2_ValidationTests.HttpClientConfiguration_Can_Be_Modified" computerName="DESKTOP-FL6NJPC" duration="00:00:00.0021719" startTime="2025-08-17T15:55:51.9849755+02:00" endTime="2025-08-17T15:55:51.9849759+02:00" testType="13cdc9d9-ddb5-4fa4-a97d-d965ccfc6d4b" outcome="Passed" testListId="8c84fa94-04c1-424b-9868-57a2d4851a1d" relativeResultsDirectory="c10c6521-53f7-495a-bdb1-f8d818169f1f" />
    <UnitTestResult executionId="17f693ff-00c7-467a-bb76-5b9613d96f58" testId="7d18e01f-fda1-45ea-1a90-ad48edda95a0" testName="OpenBullet.Core.Tests.Step7_ValidationTests.JsonParser_Can_Be_Created" computerName="DESKTOP-FL6NJPC" duration="00:00:00.0004418" startTime="2025-08-17T15:55:51.6847683+02:00" endTime="2025-08-17T15:55:51.6847684+02:00" testType="13cdc9d9-ddb5-4fa4-a97d-d965ccfc6d4b" outcome="Passed" testListId="8c84fa94-04c1-424b-9868-57a2d4851a1d" relativeResultsDirectory="17f693ff-00c7-467a-bb76-5b9613d96f58" />
    <UnitTestResult executionId="e9941d52-79fd-414d-bb5a-6e65522fcc5c" testId="701a8e58-b927-0a87-0ebc-e444f562f0dd" testName="OpenBullet.Core.Tests.Step13_CoreServicesTests.LoliScriptValidator_Should_Validate_Valid_Script" computerName="DESKTOP-FL6NJPC" duration="00:00:00.0005780" startTime="2025-08-17T15:55:51.9970911+02:00" endTime="2025-08-17T15:55:51.9970922+02:00" testType="13cdc9d9-ddb5-4fa4-a97d-d965ccfc6d4b" outcome="Failed" testListId="8c84fa94-04c1-424b-9868-57a2d4851a1d" relativeResultsDirectory="e9941d52-79fd-414d-bb5a-6e65522fcc5c">
      <Output>
        <ErrorInfo>
          <Message>System.NotImplementedException : To be implemented in Step 13</Message>
          <StackTrace>   at OpenBullet.Core.Tests.LoliScriptValidator.ValidateScript(String script) in C:\Users\futiliter\Downloads\Telegram Desktop\Openbullet 1.4.4 Anomaly Modded Version\OpenBulletRecreation\OpenBullet.Core.Tests\Step13_ConfigurationEditorTests.cs:line 483&#xD;
   at OpenBullet.Core.Tests.Step13_CoreServicesTests.LoliScriptValidator_Should_Validate_Valid_Script() in C:\Users\futiliter\Downloads\Telegram Desktop\Openbullet 1.4.4 Anomaly Modded Version\OpenBulletRecreation\OpenBullet.Core.Tests\Step13_CoreServicesTests.cs:line 168&#xD;
   at System.RuntimeMethodHandle.InvokeMethod(Object target, Void** arguments, Signature sig, Boolean isConstructor)&#xD;
   at System.Reflection.MethodBaseInvoker.InvokeWithNoArgs(Object obj, BindingFlags invokeAttr)</StackTrace>
        </ErrorInfo>
      </Output>
    </UnitTestResult>
    <UnitTestResult executionId="b40b3eb1-7da4-4492-83dd-4fc312ab7b51" testId="2f7e5abc-6fc6-d2d9-1e35-1c5255f7e229" testName="OpenBullet.Core.Tests.Step6_ValidationTests.RequestCommand_Should_Validate_HTTP_Methods_Correctly(method: &quot;OPTIONS&quot;, shouldBeValid: True)" computerName="DESKTOP-FL6NJPC" duration="00:00:00.0004108" startTime="2025-08-17T15:55:51.7009069+02:00" endTime="2025-08-17T15:55:51.7009071+02:00" testType="13cdc9d9-ddb5-4fa4-a97d-d965ccfc6d4b" outcome="Passed" testListId="8c84fa94-04c1-424b-9868-57a2d4851a1d" relativeResultsDirectory="b40b3eb1-7da4-4492-83dd-4fc312ab7b51" />
    <UnitTestResult executionId="09cdc275-f24b-4700-a02e-c39909c14387" testId="f3dde7f4-3c74-1a71-9023-58ab88cbc02e" testName="OpenBullet.Core.Tests.MockHttpClientServiceTests.SendAsync_Should_Handle_Error_Response" computerName="DESKTOP-FL6NJPC" duration="00:00:00.6388810" startTime="2025-08-17T15:55:52.8787178+02:00" endTime="2025-08-17T15:55:52.8787183+02:00" testType="13cdc9d9-ddb5-4fa4-a97d-d965ccfc6d4b" outcome="Passed" testListId="8c84fa94-04c1-424b-9868-57a2d4851a1d" relativeResultsDirectory="09cdc275-f24b-4700-a02e-c39909c14387" />
    <UnitTestResult executionId="1bf43ac8-e18a-4efc-a402-d92fdfdc34fc" testId="9108d512-f886-1116-60a8-fe8bddc5856e" testName="OpenBullet.Core.Tests.Step6_ValidationTests.ParameterType_Enum_Should_Have_Expected_Values" computerName="DESKTOP-FL6NJPC" duration="00:00:00.0075168" startTime="2025-08-17T15:55:51.7798268+02:00" endTime="2025-08-17T15:55:51.7798270+02:00" testType="13cdc9d9-ddb5-4fa4-a97d-d965ccfc6d4b" outcome="Passed" testListId="8c84fa94-04c1-424b-9868-57a2d4851a1d" relativeResultsDirectory="1bf43ac8-e18a-4efc-a402-d92fdfdc34fc" />
    <UnitTestResult executionId="d6e8bb7b-5404-4d25-bb27-7d860c6347dc" testId="7587d28b-e41e-0fb1-4a88-3c131f9f0498" testName="OpenBullet.Core.Tests.Step5_ExecutionContextTests.Statistics_Should_Track_Command_Counts" computerName="DESKTOP-FL6NJPC" duration="00:00:00.0014159" startTime="2025-08-17T15:55:52.6785488+02:00" endTime="2025-08-17T15:55:52.6785492+02:00" testType="13cdc9d9-ddb5-4fa4-a97d-d965ccfc6d4b" outcome="Passed" testListId="8c84fa94-04c1-424b-9868-57a2d4851a1d" relativeResultsDirectory="d6e8bb7b-5404-4d25-bb27-7d860c6347dc" />
    <UnitTestResult executionId="2c5c9f48-cfec-49c8-b1eb-99aa155e415b" testId="830f728c-a30f-897e-e925-b07241b974ae" testName="OpenBullet.Core.Tests.Step6_RequestCommandTests.ValidateInstruction_With_Empty_URL_Should_Fail" computerName="DESKTOP-FL6NJPC" duration="00:00:00.0093015" startTime="2025-08-17T15:55:52.4957145+02:00" endTime="2025-08-17T15:55:52.4957146+02:00" testType="13cdc9d9-ddb5-4fa4-a97d-d965ccfc6d4b" outcome="Passed" testListId="8c84fa94-04c1-424b-9868-57a2d4851a1d" relativeResultsDirectory="2c5c9f48-cfec-49c8-b1eb-99aa155e415b" />
    <UnitTestResult executionId="7da9e79f-e7a3-4bab-8f6b-0a972fe1bbe8" testId="d83ec912-7da5-53f6-df3f-f6133fa0cc7e" testName="OpenBullet.Core.Tests.Step6_ValidationTests.RequestCommand_Should_Validate_HTTP_Methods_Correctly(method: &quot;GET&quot;, shouldBeValid: True)" computerName="DESKTOP-FL6NJPC" duration="00:00:00.0003843" startTime="2025-08-17T15:55:51.7007860+02:00" endTime="2025-08-17T15:55:51.7007862+02:00" testType="13cdc9d9-ddb5-4fa4-a97d-d965ccfc6d4b" outcome="Passed" testListId="8c84fa94-04c1-424b-9868-57a2d4851a1d" relativeResultsDirectory="7da9e79f-e7a3-4bab-8f6b-0a972fe1bbe8" />
    <UnitTestResult executionId="5111ea41-7103-4651-b5ac-38872eeb019a" testId="cf0d5fd5-b9f7-6236-5bbf-5359cde7c9e4" testName="OpenBullet.Core.Tests.Step7_ParsersTests.All_Parsers_Should_Implement_IsValidPattern(parseType: Regex)" computerName="DESKTOP-FL6NJPC" duration="00:00:00.0006077" startTime="2025-08-17T15:55:51.9212296+02:00" endTime="2025-08-17T15:55:51.9212299+02:00" testType="13cdc9d9-ddb5-4fa4-a97d-d965ccfc6d4b" outcome="Passed" testListId="8c84fa94-04c1-424b-9868-57a2d4851a1d" relativeResultsDirectory="5111ea41-7103-4651-b5ac-38872eeb019a" />
    <UnitTestResult executionId="01915f72-0eee-42bf-9dfd-cb7d947c423e" testId="4e6d7725-b42d-851c-183a-48e1203c982e" testName="OpenBullet.Core.Tests.Step7_ValidationTests.Helper_Classes_Should_Provide_Useful_Constants" computerName="DESKTOP-FL6NJPC" duration="00:00:00.0005467" startTime="2025-08-17T15:55:51.6848717+02:00" endTime="2025-08-17T15:55:51.6848718+02:00" testType="13cdc9d9-ddb5-4fa4-a97d-d965ccfc6d4b" outcome="Passed" testListId="8c84fa94-04c1-424b-9868-57a2d4851a1d" relativeResultsDirectory="01915f72-0eee-42bf-9dfd-cb7d947c423e" />
    <UnitTestResult executionId="11d12c08-51a8-4694-bf2a-c4cd904929a0" testId="973958a0-ddda-ef61-3536-734320036212" testName="OpenBullet.Core.Tests.Step4_ScriptParserTests.ParseLine_With_Comment_Should_Return_Null" computerName="DESKTOP-FL6NJPC" duration="00:00:00.0056757" startTime="2025-08-17T15:55:52.5014039+02:00" endTime="2025-08-17T15:55:52.5014043+02:00" testType="13cdc9d9-ddb5-4fa4-a97d-d965ccfc6d4b" outcome="Passed" testListId="8c84fa94-04c1-424b-9868-57a2d4851a1d" relativeResultsDirectory="11d12c08-51a8-4694-bf2a-c4cd904929a0" />
    <UnitTestResult executionId="74e4987c-5073-4906-85dd-5d1abff3f89d" testId="ee8a10d7-08af-b545-d83c-dd0315b7bedd" testName="OpenBullet.Core.Tests.Step11_DatabaseManagerTests.DatabaseCleanupOptions_Should_Have_Reasonable_Defaults" computerName="DESKTOP-FL6NJPC" duration="00:00:00.0022800" startTime="2025-08-17T15:55:54.4552220+02:00" endTime="2025-08-17T15:55:54.4552223+02:00" testType="13cdc9d9-ddb5-4fa4-a97d-d965ccfc6d4b" outcome="Passed" testListId="8c84fa94-04c1-424b-9868-57a2d4851a1d" relativeResultsDirectory="74e4987c-5073-4906-85dd-5d1abff3f89d" />
    <UnitTestResult executionId="a723b6ec-2700-4086-b2bb-ab457d35c3aa" testId="8ed7bd12-8938-6577-f557-679b7677fed2" testName="OpenBullet.Core.Tests.Step9_JobManagerTests.GetActiveJobs_Should_Return_All_Active_Jobs" computerName="DESKTOP-FL6NJPC" duration="00:00:00.0329486" startTime="2025-08-17T15:55:53.9576410+02:00" endTime="2025-08-17T15:55:53.9576415+02:00" testType="13cdc9d9-ddb5-4fa4-a97d-d965ccfc6d4b" outcome="Failed" testListId="8c84fa94-04c1-424b-9868-57a2d4851a1d" relativeResultsDirectory="a723b6ec-2700-4086-b2bb-ab457d35c3aa">
      <Output>
        <ErrorInfo>
          <Message>Expected activeJobs &#xD;
{&#xD;
    OpenBullet.Core.Jobs.JobStatus&#xD;
    {&#xD;
        ActiveBots = 0, &#xD;
        BannedBots = 0, &#xD;
        BotsPerMinute = 0.0, &#xD;
        CustomStatusBots = 0, &#xD;
        ElapsedTime = 3ms and 501.1µs, &#xD;
        EndTime = &lt;2025-08-17 13:55:53.9070833&gt;, &#xD;
        ErrorBots = 0, &#xD;
        EstimatedTimeRemaining = default, &#xD;
        FailedBots = 0, &#xD;
        IsCompleted = True, &#xD;
        IsRunning = False, &#xD;
        JobId = "05587b50-1e38-4116-b74f-b95b0cfc5565", &#xD;
        LastErrorMessage = &lt;null&gt;, &#xD;
        Metadata = {empty}, &#xD;
        Name = "TestJob", &#xD;
        ProcessedDataLines = 3, &#xD;
        ProgressPercentage = 0.0, &#xD;
        RetryBots = 0, &#xD;
        StartTime = &lt;2025-08-17 13:55:53.902537&gt;, &#xD;
        State = JobState.Completed {value: 5}, &#xD;
        SuccessfulBots = 3, &#xD;
        TotalDataLines = 3&#xD;
    }, &#xD;
    OpenBullet.Core.Jobs.JobStatus&#xD;
    {&#xD;
        ActiveBots = 0, &#xD;
        BannedBots = 0, &#xD;
        BotsPerMinute = 0.0, &#xD;
        CustomStatusBots = 0, &#xD;
        ElapsedTime = 444.4µs, &#xD;
        EndTime = &lt;2025-08-17 13:55:53.9046675&gt;, &#xD;
        ErrorBots = 0, &#xD;
        EstimatedTimeRemaining = default, &#xD;
        FailedBots = 0, &#xD;
        IsCompleted = True, &#xD;
        IsRunning = False, &#xD;
        JobId = "4a61100f-eba8-407f-b983-0bf817291b70", &#xD;
        LastErrorMessage = &lt;null&gt;, &#xD;
        Metadata = {empty}, &#xD;
        Name = "SecondJob", &#xD;
        ProcessedDataLines = 1, &#xD;
        ProgressPercentage = 0.0, &#xD;
        RetryBots = 0, &#xD;
        StartTime = &lt;2025-08-17 13:55:53.9025807&gt;, &#xD;
        State = JobState.Completed {value: 5}, &#xD;
        SuccessfulBots = 1, &#xD;
        TotalDataLines = 1&#xD;
    }&#xD;
} to have an item matching (job.JobId == value(OpenBullet.Core.Tests.Step9_JobManagerTests+&lt;&gt;c__DisplayClass14_0).jobId1).</Message>
          <StackTrace>   at FluentAssertions.Execution.XUnit2TestFramework.Throw(String message)&#xD;
   at FluentAssertions.Execution.TestFrameworkProvider.Throw(String message)&#xD;
   at FluentAssertions.Execution.DefaultAssertionStrategy.HandleFailure(String message)&#xD;
   at FluentAssertions.Execution.AssertionScope.FailWith(Func`1 failReasonFunc)&#xD;
   at FluentAssertions.Execution.AssertionScope.FailWith(Func`1 failReasonFunc)&#xD;
   at FluentAssertions.Execution.AssertionScope.FailWith(String message, Object[] args)&#xD;
   at FluentAssertions.Collections.GenericCollectionAssertions`3.Contain(Expression`1 predicate, String because, Object[] becauseArgs)&#xD;
   at OpenBullet.Core.Tests.Step9_JobManagerTests.GetActiveJobs_Should_Return_All_Active_Jobs() in C:\Users\futiliter\Downloads\Telegram Desktop\Openbullet 1.4.4 Anomaly Modded Version\OpenBulletRecreation\OpenBullet.Core.Tests\Step9_JobManagerTests.cs:line 225&#xD;
--- End of stack trace from previous location ---</StackTrace>
        </ErrorInfo>
      </Output>
    </UnitTestResult>
    <UnitTestResult executionId="e77a6730-f70f-4892-9149-999cf0f18787" testId="7226f096-c4ad-0255-dd48-6b6cf179b818" testName="OpenBullet.Core.Tests.Step9_JobManagerTests.GetStatistics_Should_Return_Manager_Statistics" computerName="DESKTOP-FL6NJPC" duration="00:00:00.0009973" startTime="2025-08-17T15:55:54.0773734+02:00" endTime="2025-08-17T15:55:54.0773736+02:00" testType="13cdc9d9-ddb5-4fa4-a97d-d965ccfc6d4b" outcome="Passed" testListId="8c84fa94-04c1-424b-9868-57a2d4851a1d" relativeResultsDirectory="e77a6730-f70f-4892-9149-999cf0f18787" />
    <UnitTestResult executionId="57a8b1f5-16d4-4d76-b1dd-c32f2272c5cb" testId="11c81421-8aa7-575a-8034-3de76e90719e" testName="OpenBullet.Core.Tests.Step10_ProxyExtensionsTests.GetPerformanceScore_Should_Calculate_Correctly(health: Unknown, successRate: 0, responseTimeMs: 500, expectedScore: 50)" computerName="DESKTOP-FL6NJPC" duration="00:00:00.0013653" startTime="2025-08-17T15:55:52.1950913+02:00" endTime="2025-08-17T15:55:52.1950915+02:00" testType="13cdc9d9-ddb5-4fa4-a97d-d965ccfc6d4b" outcome="Failed" testListId="8c84fa94-04c1-424b-9868-57a2d4851a1d" relativeResultsDirectory="57a8b1f5-16d4-4d76-b1dd-c32f2272c5cb">
      <Output>
        <ErrorInfo>
          <Message>Expected score to approximate 50.0 +/- 0.5, but 40.0 differed by 10.0.</Message>
          <StackTrace>   at FluentAssertions.Execution.XUnit2TestFramework.Throw(String message)&#xD;
   at FluentAssertions.Execution.TestFrameworkProvider.Throw(String message)&#xD;
   at FluentAssertions.Execution.DefaultAssertionStrategy.HandleFailure(String message)&#xD;
   at FluentAssertions.Execution.AssertionScope.FailWith(Func`1 failReasonFunc)&#xD;
   at FluentAssertions.Execution.AssertionScope.FailWith(Func`1 failReasonFunc)&#xD;
   at FluentAssertions.Execution.AssertionScope.FailWith(String message, Object[] args)&#xD;
   at FluentAssertions.NumericAssertionsExtensions.FailIfDifferenceOutsidePrecision[T](Boolean differenceWithinPrecision, NumericAssertions`1 parent, T expectedValue, T precision, T actualDifference, String because, Object[] becauseArgs)&#xD;
   at FluentAssertions.NumericAssertionsExtensions.BeApproximately(NumericAssertions`1 parent, Double expectedValue, Double precision, String because, Object[] becauseArgs)&#xD;
   at OpenBullet.Core.Tests.Step10_ProxyExtensionsTests.GetPerformanceScore_Should_Calculate_Correctly(ProxyHealth health, Double successRate, Int32 responseTimeMs, Double expectedScore) in C:\Users\futiliter\Downloads\Telegram Desktop\Openbullet 1.4.4 Anomaly Modded Version\OpenBulletRecreation\OpenBullet.Core.Tests\Step10_ProxyExtensionsTests.cs:line 205&#xD;
   at InvokeStub_Step10_ProxyExtensionsTests.GetPerformanceScore_Should_Calculate_Correctly(Object, Span`1)&#xD;
   at System.Reflection.MethodBaseInvoker.InvokeWithFewArgs(Object obj, BindingFlags invokeAttr, Binder binder, Object[] parameters, CultureInfo culture)</StackTrace>
        </ErrorInfo>
      </Output>
    </UnitTestResult>
    <UnitTestResult executionId="47343524-c1d9-4379-9376-08e6facebe4f" testId="9c124d0e-98c3-b6cb-a79d-9a142a4dace0" testName="OpenBullet.Core.Tests.Step3_ValidationTests.ConfigurationService_Can_Be_Created_Successfully" computerName="DESKTOP-FL6NJPC" duration="00:00:00.0006351" startTime="2025-08-17T15:55:52.1786143+02:00" endTime="2025-08-17T15:55:52.1786146+02:00" testType="13cdc9d9-ddb5-4fa4-a97d-d965ccfc6d4b" outcome="Passed" testListId="8c84fa94-04c1-424b-9868-57a2d4851a1d" relativeResultsDirectory="47343524-c1d9-4379-9376-08e6facebe4f" />
    <UnitTestResult executionId="925630f1-f52a-4122-aedf-2bfc99263d65" testId="5008f26d-fb96-8b27-b374-8fd0430000ef" testName="OpenBullet.Core.Tests.Step11_DatabaseManagerTests.LiteDbContext_Should_Not_Be_Implemented_Yet" computerName="DESKTOP-FL6NJPC" duration="00:00:00.0044132" startTime="2025-08-17T15:55:54.2957147+02:00" endTime="2025-08-17T15:55:54.2957151+02:00" testType="13cdc9d9-ddb5-4fa4-a97d-d965ccfc6d4b" outcome="Passed" testListId="8c84fa94-04c1-424b-9868-57a2d4851a1d" relativeResultsDirectory="925630f1-f52a-4122-aedf-2bfc99263d65" />
    <UnitTestResult executionId="3150885a-dd9c-49fa-88d8-47c9f3b16df5" testId="566aed33-c1a4-179e-be1e-697dc3213926" testName="OpenBullet.Core.Tests.Step2_ValidationTests.HttpClientService_SetGlobalConfiguration_Updates_Future_Clients" computerName="DESKTOP-FL6NJPC" duration="00:00:00.0019991" startTime="2025-08-17T15:55:52.8661094+02:00" endTime="2025-08-17T15:55:52.8661098+02:00" testType="13cdc9d9-ddb5-4fa4-a97d-d965ccfc6d4b" outcome="Passed" testListId="8c84fa94-04c1-424b-9868-57a2d4851a1d" relativeResultsDirectory="3150885a-dd9c-49fa-88d8-47c9f3b16df5" />
    <UnitTestResult executionId="25324cad-d11d-4c93-883a-e4c88882ed35" testId="e7d51273-9093-1521-7934-bbea40dab723" testName="OpenBullet.Core.Tests.Step13_ConfigurationEditorTests.SyntaxHighlighting_Should_Be_Fast_For_Large_Scripts" computerName="DESKTOP-FL6NJPC" duration="00:00:00.0018969" startTime="2025-08-17T15:55:51.4405408+02:00" endTime="2025-08-17T15:55:51.4405411+02:00" testType="13cdc9d9-ddb5-4fa4-a97d-d965ccfc6d4b" outcome="Failed" testListId="8c84fa94-04c1-424b-9868-57a2d4851a1d" relativeResultsDirectory="25324cad-d11d-4c93-883a-e4c88882ed35">
      <Output>
        <ErrorInfo>
          <Message>System.NotImplementedException : To be implemented in Step 13</Message>
          <StackTrace>   at OpenBullet.Core.Tests.SyntaxHighlightingService.HighlightSyntax(String script) in C:\Users\futiliter\Downloads\Telegram Desktop\Openbullet 1.4.4 Anomaly Modded Version\OpenBulletRecreation\OpenBullet.Core.Tests\Step13_ConfigurationEditorTests.cs:line 468&#xD;
   at OpenBullet.Core.Tests.Step13_ConfigurationEditorTests.SyntaxHighlighting_Should_Be_Fast_For_Large_Scripts() in C:\Users\futiliter\Downloads\Telegram Desktop\Openbullet 1.4.4 Anomaly Modded Version\OpenBulletRecreation\OpenBullet.Core.Tests\Step13_ConfigurationEditorTests.cs:line 285&#xD;
   at System.RuntimeMethodHandle.InvokeMethod(Object target, Void** arguments, Signature sig, Boolean isConstructor)&#xD;
   at System.Reflection.MethodBaseInvoker.InvokeWithNoArgs(Object obj, BindingFlags invokeAttr)</StackTrace>
        </ErrorInfo>
      </Output>
    </UnitTestResult>
    <UnitTestResult executionId="c4db1854-80fe-4718-bcd2-0adbaf6f1bc6" testId="53707680-0a72-81bf-c411-a9d3ca6f8403" testName="OpenBullet.Core.Tests.Step9_JobManagerTests.JobManager_Can_Be_Created" computerName="DESKTOP-FL6NJPC" duration="00:00:00.0009173" startTime="2025-08-17T15:55:53.8942725+02:00" endTime="2025-08-17T15:55:53.8942729+02:00" testType="13cdc9d9-ddb5-4fa4-a97d-d965ccfc6d4b" outcome="Passed" testListId="8c84fa94-04c1-424b-9868-57a2d4851a1d" relativeResultsDirectory="c4db1854-80fe-4718-bcd2-0adbaf6f1bc6" />
    <UnitTestResult executionId="bcf83720-72f2-4e7f-b7c8-e6832ceef645" testId="4ea86ad2-ea66-b783-5898-26d7a167ca18" testName="OpenBullet.Core.Tests.Step13_ConfigurationEditorTests.GetCompletions_Should_Return_Variable_Suggestions" computerName="DESKTOP-FL6NJPC" duration="00:00:00.0013004" startTime="2025-08-17T15:55:51.4224030+02:00" endTime="2025-08-17T15:55:51.4224034+02:00" testType="13cdc9d9-ddb5-4fa4-a97d-d965ccfc6d4b" outcome="Failed" testListId="8c84fa94-04c1-424b-9868-57a2d4851a1d" relativeResultsDirectory="bcf83720-72f2-4e7f-b7c8-e6832ceef645">
      <Output>
        <ErrorInfo>
          <Message>System.NotImplementedException : To be implemented in Step 13</Message>
          <StackTrace>   at OpenBullet.Core.Tests.AutoCompletionProvider.GetCompletions(CompletionContext context) in C:\Users\futiliter\Downloads\Telegram Desktop\Openbullet 1.4.4 Anomaly Modded Version\OpenBulletRecreation\OpenBullet.Core.Tests\Step13_ConfigurationEditorTests.cs:line 492&#xD;
   at OpenBullet.Core.Tests.Step13_ConfigurationEditorTests.GetCompletions_Should_Return_Variable_Suggestions() in C:\Users\futiliter\Downloads\Telegram Desktop\Openbullet 1.4.4 Anomaly Modded Version\OpenBulletRecreation\OpenBullet.Core.Tests\Step13_ConfigurationEditorTests.cs:line 242&#xD;
   at System.RuntimeMethodHandle.InvokeMethod(Object target, Void** arguments, Signature sig, Boolean isConstructor)&#xD;
   at System.Reflection.MethodBaseInvoker.InvokeWithNoArgs(Object obj, BindingFlags invokeAttr)</StackTrace>
        </ErrorInfo>
      </Output>
    </UnitTestResult>
    <UnitTestResult executionId="0f8cb70c-4c13-43f8-9e88-0efe18e33dbf" testId="ceea69a3-cac2-7126-ea88-592af4159682" testName="OpenBullet.Core.Tests.Step4_ScriptParserTests.ParseLine_With_Label_Should_Parse_Correctly" computerName="DESKTOP-FL6NJPC" duration="00:00:00.0483038" startTime="2025-08-17T15:55:52.2789626+02:00" endTime="2025-08-17T15:55:52.2789630+02:00" testType="13cdc9d9-ddb5-4fa4-a97d-d965ccfc6d4b" outcome="Passed" testListId="8c84fa94-04c1-424b-9868-57a2d4851a1d" relativeResultsDirectory="0f8cb70c-4c13-43f8-9e88-0efe18e33dbf" />
    <UnitTestResult executionId="bcbc7654-d548-49e3-b9fc-919de6146bc2" testId="8d26979e-f84c-e55f-5552-a55388e4fc4b" testName="OpenBullet.Core.Tests.Step10_ProxyManagerTests.GetNextProxyAsync_With_Random_Should_Return_Available_Proxy" computerName="DESKTOP-FL6NJPC" duration="00:00:00.0221918" startTime="2025-08-17T15:55:51.7221677+02:00" endTime="2025-08-17T15:55:51.7221680+02:00" testType="13cdc9d9-ddb5-4fa4-a97d-d965ccfc6d4b" outcome="Passed" testListId="8c84fa94-04c1-424b-9868-57a2d4851a1d" relativeResultsDirectory="bcbc7654-d548-49e3-b9fc-919de6146bc2" />
    <UnitTestResult executionId="4ebc8d1e-721e-4474-b40e-89f3e1efa220" testId="30675527-84fc-4f4f-9190-1700014453ce" testName="OpenBullet.Core.Tests.Step10_ProxyExtensionsTests.ProxyInfo_GetHashCode_Should_Be_Consistent" computerName="DESKTOP-FL6NJPC" duration="00:00:00.0009553" startTime="2025-08-17T15:55:52.2248986+02:00" endTime="2025-08-17T15:55:52.2248987+02:00" testType="13cdc9d9-ddb5-4fa4-a97d-d965ccfc6d4b" outcome="Passed" testListId="8c84fa94-04c1-424b-9868-57a2d4851a1d" relativeResultsDirectory="4ebc8d1e-721e-4474-b40e-89f3e1efa220" />
    <UnitTestResult executionId="b6dace62-d69a-4802-93a6-d99ae8d34135" testId="0519abc4-21ec-84af-fe7f-69cedcaa06e0" testName="OpenBullet.Core.Tests.Step5_ValidationTests.ExecutionContext_Can_Be_Created_Successfully" computerName="DESKTOP-FL6NJPC" duration="00:00:00.0130011" startTime="2025-08-17T15:55:51.9225314+02:00" endTime="2025-08-17T15:55:51.9225315+02:00" testType="13cdc9d9-ddb5-4fa4-a97d-d965ccfc6d4b" outcome="Passed" testListId="8c84fa94-04c1-424b-9868-57a2d4851a1d" relativeResultsDirectory="b6dace62-d69a-4802-93a6-d99ae8d34135" />
    <UnitTestResult executionId="3320eb5d-eb49-4164-aff0-749458290381" testId="a65617e9-248e-82d5-e71f-804f194e9310" testName="OpenBullet.Core.Tests.Step7_ParsersTests.LeftRightParser_Should_Parse_Between_Delimiters" computerName="DESKTOP-FL6NJPC" duration="00:00:00.0008457" startTime="2025-08-17T15:55:51.9227122+02:00" endTime="2025-08-17T15:55:51.9227123+02:00" testType="13cdc9d9-ddb5-4fa4-a97d-d965ccfc6d4b" outcome="Passed" testListId="8c84fa94-04c1-424b-9868-57a2d4851a1d" relativeResultsDirectory="3320eb5d-eb49-4164-aff0-749458290381" />
    <UnitTestResult executionId="78175613-26ae-4361-9915-243cb285c790" testId="eeadc429-05eb-2940-b45a-4a21eca4fbf4" testName="OpenBullet.Core.Tests.Step7_ParsersTests.All_Parsers_Should_Implement_IsValidPattern(parseType: LeftRight)" computerName="DESKTOP-FL6NJPC" duration="00:00:00.0007491" startTime="2025-08-17T15:55:51.9213190+02:00" endTime="2025-08-17T15:55:51.9213191+02:00" testType="13cdc9d9-ddb5-4fa4-a97d-d965ccfc6d4b" outcome="Passed" testListId="8c84fa94-04c1-424b-9868-57a2d4851a1d" relativeResultsDirectory="78175613-26ae-4361-9915-243cb285c790" />
    <UnitTestResult executionId="192146d8-56ab-45df-ba32-ccf508dd1baa" testId="e12f0657-5b3e-4b60-21dd-5408860200a9" testName="OpenBullet.Core.Tests.Step5_ValidationTests.VariableManager_Should_Support_Snapshots" computerName="DESKTOP-FL6NJPC" duration="00:00:00.0009389" startTime="2025-08-17T15:55:51.8980844+02:00" endTime="2025-08-17T15:55:51.8980846+02:00" testType="13cdc9d9-ddb5-4fa4-a97d-d965ccfc6d4b" outcome="Passed" testListId="8c84fa94-04c1-424b-9868-57a2d4851a1d" relativeResultsDirectory="192146d8-56ab-45df-ba32-ccf508dd1baa" />
    <UnitTestResult executionId="864d64c3-9c5b-4b35-9e29-f40428a338d4" testId="2dc0f0c9-6f90-11af-6e18-6f484f19e9bf" testName="OpenBullet.Core.Tests.Step3_ConfigurationServiceTests.ValidateConfigAsync_With_Valid_File_Should_Return_Success" computerName="DESKTOP-FL6NJPC" duration="00:00:00.0144209" startTime="2025-08-17T15:55:53.1306481+02:00" endTime="2025-08-17T15:55:53.1306483+02:00" testType="13cdc9d9-ddb5-4fa4-a97d-d965ccfc6d4b" outcome="Passed" testListId="8c84fa94-04c1-424b-9868-57a2d4851a1d" relativeResultsDirectory="864d64c3-9c5b-4b35-9e29-f40428a338d4" />
    <UnitTestResult executionId="3fcbc2e6-af2c-49e0-b62d-f25f5c3c0025" testId="1623e6e9-1ac0-2935-ce6c-cf8a40b6165d" testName="OpenBullet.Core.Tests.Step10_ValidationTests.ProxyJobStatistics_Should_Initialize_With_Defaults" computerName="DESKTOP-FL6NJPC" duration="00:00:00.0037199" startTime="2025-08-17T15:55:51.7784847+02:00" endTime="2025-08-17T15:55:51.7784848+02:00" testType="13cdc9d9-ddb5-4fa4-a97d-d965ccfc6d4b" outcome="Passed" testListId="8c84fa94-04c1-424b-9868-57a2d4851a1d" relativeResultsDirectory="3fcbc2e6-af2c-49e0-b62d-f25f5c3c0025" />
    <UnitTestResult executionId="56b2320f-6c6a-4801-91ce-ac88aba0f383" testId="7058b43d-bd67-4bd4-9f7f-6daabb03e642" testName="OpenBullet.Core.Tests.Step11_ValidationTests.All_Enums_Should_Have_Correct_Values" computerName="DESKTOP-FL6NJPC" duration="00:00:00.0086564" startTime="2025-08-17T15:55:56.2151450+02:00" endTime="2025-08-17T15:55:56.2151454+02:00" testType="13cdc9d9-ddb5-4fa4-a97d-d965ccfc6d4b" outcome="Passed" testListId="8c84fa94-04c1-424b-9868-57a2d4851a1d" relativeResultsDirectory="56b2320f-6c6a-4801-91ce-ac88aba0f383" />
    <UnitTestResult executionId="029ab814-f431-4dfb-923f-512c40af6c23" testId="4c7ecf26-9558-7bb4-0605-4f9b3b1b64a3" testName="OpenBullet.Core.Tests.Step8_KeyCheckCommandTests.ValidateInstruction_With_Invalid_Key_Should_Fail" computerName="DESKTOP-FL6NJPC" duration="00:00:00.0320106" startTime="2025-08-17T15:55:52.1715758+02:00" endTime="2025-08-17T15:55:52.1715759+02:00" testType="13cdc9d9-ddb5-4fa4-a97d-d965ccfc6d4b" outcome="Passed" testListId="8c84fa94-04c1-424b-9868-57a2d4851a1d" relativeResultsDirectory="029ab814-f431-4dfb-923f-512c40af6c23" />
    <UnitTestResult executionId="f1a3ebc1-1e15-49f5-a6aa-1984e1b90324" testId="164550e9-3b59-936a-01f1-d66334fb8aec" testName="OpenBullet.Core.Tests.Step8_KeyCheckerTests.EvaluateKey_With_MatchesRegex_Condition_Should_Work" computerName="DESKTOP-FL6NJPC" duration="00:00:00.0084995" startTime="2025-08-17T15:55:51.6524448+02:00" endTime="2025-08-17T15:55:51.6524454+02:00" testType="13cdc9d9-ddb5-4fa4-a97d-d965ccfc6d4b" outcome="Passed" testListId="8c84fa94-04c1-424b-9868-57a2d4851a1d" relativeResultsDirectory="f1a3ebc1-1e15-49f5-a6aa-1984e1b90324" />
    <UnitTestResult executionId="608badf2-08a5-4526-a1e6-7c6b7cbd3022" testId="f639d686-f744-5cba-1e82-b60fbb7f76b7" testName="OpenBullet.Core.Tests.Step10_ProxyManagerTests.TestAllProxiesAsync_Should_Test_All_Proxies" computerName="DESKTOP-FL6NJPC" duration="00:00:00.0904228" startTime="2025-08-17T15:55:51.5386297+02:00" endTime="2025-08-17T15:55:51.5386298+02:00" testType="13cdc9d9-ddb5-4fa4-a97d-d965ccfc6d4b" outcome="Passed" testListId="8c84fa94-04c1-424b-9868-57a2d4851a1d" relativeResultsDirectory="608badf2-08a5-4526-a1e6-7c6b7cbd3022" />
    <UnitTestResult executionId="5336515d-8215-4bdc-b3e7-7430a21f59fd" testId="f74c8133-eb91-f4c0-e30f-3d2eed1f7ab6" testName="OpenBullet.Core.Tests.Step13_CoreServicesTests.AutoCompletionProvider_Should_Return_Parameter_Hints" computerName="DESKTOP-FL6NJPC" duration="00:00:00.0012905" startTime="2025-08-17T15:55:52.0116309+02:00" endTime="2025-08-17T15:55:52.0116312+02:00" testType="13cdc9d9-ddb5-4fa4-a97d-d965ccfc6d4b" outcome="Failed" testListId="8c84fa94-04c1-424b-9868-57a2d4851a1d" relativeResultsDirectory="5336515d-8215-4bdc-b3e7-7430a21f59fd">
      <Output>
        <ErrorInfo>
          <Message>System.NotImplementedException : To be implemented in Step 13</Message>
          <StackTrace>   at OpenBullet.Core.Tests.AutoCompletionProvider.GetParameterHints(CompletionContext context) in C:\Users\futiliter\Downloads\Telegram Desktop\Openbullet 1.4.4 Anomaly Modded Version\OpenBulletRecreation\OpenBullet.Core.Tests\Step13_ConfigurationEditorTests.cs:line 498&#xD;
   at OpenBullet.Core.Tests.Step13_CoreServicesTests.AutoCompletionProvider_Should_Return_Parameter_Hints() in C:\Users\futiliter\Downloads\Telegram Desktop\Openbullet 1.4.4 Anomaly Modded Version\OpenBulletRecreation\OpenBullet.Core.Tests\Step13_CoreServicesTests.cs:line 140&#xD;
   at System.RuntimeMethodHandle.InvokeMethod(Object target, Void** arguments, Signature sig, Boolean isConstructor)&#xD;
   at System.Reflection.MethodBaseInvoker.InvokeWithNoArgs(Object obj, BindingFlags invokeAttr)</StackTrace>
        </ErrorInfo>
      </Output>
    </UnitTestResult>
    <UnitTestResult executionId="f0d8cbd7-55e8-4ad9-ac5e-11cee8bc4ed6" testId="3a80243f-c251-35f8-36e1-a377f21be188" testName="OpenBullet.Core.Tests.Step6_RequestCommandTests.ExecuteAsync_Should_Handle_Exception_In_Execution" computerName="DESKTOP-FL6NJPC" duration="00:00:00.0342477" startTime="2025-08-17T15:55:52.7031989+02:00" endTime="2025-08-17T15:55:52.7031992+02:00" testType="13cdc9d9-ddb5-4fa4-a97d-d965ccfc6d4b" outcome="Passed" testListId="8c84fa94-04c1-424b-9868-57a2d4851a1d" relativeResultsDirectory="f0d8cbd7-55e8-4ad9-ac5e-11cee8bc4ed6" />
    <UnitTestResult executionId="e0e4c0ae-aee4-491c-9777-2c04654f25f4" testId="1a9f3807-58c4-6a5e-9d69-704a5c2f954d" testName="OpenBullet.Core.Tests.Step10_ProxyExtensionsTests.IsHighPriority_Should_Determine_Priority_Correctly(health: Healthy, successRate: 90, responseTimeMs: 2500, expectedHighPriority: False)" computerName="DESKTOP-FL6NJPC" duration="00:00:00.0000574" startTime="2025-08-17T15:55:52.1685815+02:00" endTime="2025-08-17T15:55:52.1685816+02:00" testType="13cdc9d9-ddb5-4fa4-a97d-d965ccfc6d4b" outcome="Passed" testListId="8c84fa94-04c1-424b-9868-57a2d4851a1d" relativeResultsDirectory="e0e4c0ae-aee4-491c-9777-2c04654f25f4" />
    <UnitTestResult executionId="95283a2d-8e69-47eb-a5f1-dc2af2308e2a" testId="e048c85f-e945-46eb-e859-6ba4e720d6a2" testName="OpenBullet.Core.Tests.Step10_ValidationTests.ProxyPoolTestResult_Should_Initialize_With_Defaults" computerName="DESKTOP-FL6NJPC" duration="00:00:00.0017623" startTime="2025-08-17T15:55:51.8685249+02:00" endTime="2025-08-17T15:55:51.8685250+02:00" testType="13cdc9d9-ddb5-4fa4-a97d-d965ccfc6d4b" outcome="Passed" testListId="8c84fa94-04c1-424b-9868-57a2d4851a1d" relativeResultsDirectory="95283a2d-8e69-47eb-a5f1-dc2af2308e2a" />
    <UnitTestResult executionId="a78f6b2c-5245-4075-ac04-d58c7b704902" testId="c81039b9-4bff-07db-f581-130b0ce9c098" testName="OpenBullet.Core.Tests.Step5_ExecutionContextTests.AddLog_Should_Add_Entry_And_Update_Statistics" computerName="DESKTOP-FL6NJPC" duration="00:00:00.0014214" startTime="2025-08-17T15:55:52.6903248+02:00" endTime="2025-08-17T15:55:52.6903251+02:00" testType="13cdc9d9-ddb5-4fa4-a97d-d965ccfc6d4b" outcome="Passed" testListId="8c84fa94-04c1-424b-9868-57a2d4851a1d" relativeResultsDirectory="a78f6b2c-5245-4075-ac04-d58c7b704902" />
    <UnitTestResult executionId="c3735e9b-0c44-4f1f-afbd-167b3eb0ec1e" testId="6fe65c4a-cabf-c3c4-c43c-2eaba86b7dcf" testName="OpenBullet.Core.Tests.Step10_ProxyExtensionsTests.CreateUsageResult_Should_Create_Correct_Result(success: False, responseTimeMs: 1000, responseCode: 500, errorMessage: &quot;Server error&quot;)" computerName="DESKTOP-FL6NJPC" duration="00:00:00.0096490" startTime="2025-08-17T15:55:52.1956426+02:00" endTime="2025-08-17T15:55:52.1956428+02:00" testType="13cdc9d9-ddb5-4fa4-a97d-d965ccfc6d4b" outcome="Passed" testListId="8c84fa94-04c1-424b-9868-57a2d4851a1d" relativeResultsDirectory="c3735e9b-0c44-4f1f-afbd-167b3eb0ec1e" />
    <UnitTestResult executionId="d9fc39fb-3a3b-468f-a8a2-13e5f30e350d" testId="386b167f-0e1b-f8b9-d988-a5bcb469c9e5" testName="OpenBullet.Core.Tests.Step8_ValidationTests.KeyChainBuilder_Should_Create_Correct_Chains" computerName="DESKTOP-FL6NJPC" duration="00:00:00.0022618" startTime="2025-08-17T15:55:51.5097370+02:00" endTime="2025-08-17T15:55:51.5097371+02:00" testType="13cdc9d9-ddb5-4fa4-a97d-d965ccfc6d4b" outcome="Passed" testListId="8c84fa94-04c1-424b-9868-57a2d4851a1d" relativeResultsDirectory="d9fc39fb-3a3b-468f-a8a2-13e5f30e350d" />
    <UnitTestResult executionId="a9a5fb3f-a24a-4a09-8889-356f018ebfde" testId="0e28417b-435b-0e88-4f36-d8bc5e92f093" testName="OpenBullet.Core.Tests.Step7_ValidationTests.CssParser_Should_Handle_Basic_Selectors" computerName="DESKTOP-FL6NJPC" duration="00:00:00.0086849" startTime="2025-08-17T15:55:51.7987812+02:00" endTime="2025-08-17T15:55:51.7987825+02:00" testType="13cdc9d9-ddb5-4fa4-a97d-d965ccfc6d4b" outcome="Passed" testListId="8c84fa94-04c1-424b-9868-57a2d4851a1d" relativeResultsDirectory="a9a5fb3f-a24a-4a09-8889-356f018ebfde" />
    <UnitTestResult executionId="f80e9219-cdf2-4f97-b0fe-a79464819705" testId="39c3ca4e-c0ae-49e8-ea84-27f99f50815b" testName="OpenBullet.Core.Tests.Step4_ScriptParserTests.ParseLine_With_Redirector_Should_Parse_Correctly" computerName="DESKTOP-FL6NJPC" duration="00:00:00.0476456" startTime="2025-08-17T15:55:53.1686879+02:00" endTime="2025-08-17T15:55:53.1686884+02:00" testType="13cdc9d9-ddb5-4fa4-a97d-d965ccfc6d4b" outcome="Passed" testListId="8c84fa94-04c1-424b-9868-57a2d4851a1d" relativeResultsDirectory="f80e9219-cdf2-4f97-b0fe-a79464819705" />
    <UnitTestResult executionId="9d4c86ee-122a-43c6-b9f1-9a944f9cf0b7" testId="239f3fb6-f202-2ca8-3f5b-11bd5da36d29" testName="OpenBullet.Core.Tests.Step9_JobManagerTests.JobStatus_State_Properties_Should_Work_Correctly(state: Completed, expectedIsRunning: False, expectedIsCompleted: True)" computerName="DESKTOP-FL6NJPC" duration="00:00:00.0001213" startTime="2025-08-17T15:55:53.1055973+02:00" endTime="2025-08-17T15:55:53.1055974+02:00" testType="13cdc9d9-ddb5-4fa4-a97d-d965ccfc6d4b" outcome="Passed" testListId="8c84fa94-04c1-424b-9868-57a2d4851a1d" relativeResultsDirectory="9d4c86ee-122a-43c6-b9f1-9a944f9cf0b7" />
    <UnitTestResult executionId="2660d381-c684-42c1-82f8-aba40a40e555" testId="10f10726-da39-5d5b-0eae-67a2c419aa85" testName="OpenBullet.Core.Tests.Step8_ValidationTests.BotStatus_String_Conversion_Should_Work(stringValue: &quot;Success&quot;, expectedStatus: Success)" computerName="DESKTOP-FL6NJPC" duration="00:00:00.0000147" startTime="2025-08-17T15:55:51.4657885+02:00" endTime="2025-08-17T15:55:51.4657887+02:00" testType="13cdc9d9-ddb5-4fa4-a97d-d965ccfc6d4b" outcome="Passed" testListId="8c84fa94-04c1-424b-9868-57a2d4851a1d" relativeResultsDirectory="2660d381-c684-42c1-82f8-aba40a40e555" />
    <UnitTestResult executionId="f8fa7959-df93-4893-9dd9-9d822c7f1f97" testId="437e0d6e-4148-f695-ce3b-9251d0b65969" testName="OpenBullet.Core.Tests.Step3_ConfigurationServiceTests.GetConfigsFromDirectoryAsync_With_Nonexistent_Directory_Should_Return_Empty" computerName="DESKTOP-FL6NJPC" duration="00:00:00.0084146" startTime="2025-08-17T15:55:52.9793310+02:00" endTime="2025-08-17T15:55:52.9793315+02:00" testType="13cdc9d9-ddb5-4fa4-a97d-d965ccfc6d4b" outcome="Passed" testListId="8c84fa94-04c1-424b-9868-57a2d4851a1d" relativeResultsDirectory="f8fa7959-df93-4893-9dd9-9d822c7f1f97" />
    <UnitTestResult executionId="6d4ad605-aa29-42fb-b768-898d4a3c06e1" testId="5bde0951-ad63-9f57-37ae-7a81f8a22879" testName="OpenBullet.Core.Tests.Step10_ProxyJobManagerTests.ProxyJobConfiguration_With_Invalid_Settings_Should_Fail_Validation" computerName="DESKTOP-FL6NJPC" duration="00:00:00.0159180" startTime="2025-08-17T15:55:52.9091236+02:00" endTime="2025-08-17T15:55:52.9091239+02:00" testType="13cdc9d9-ddb5-4fa4-a97d-d965ccfc6d4b" outcome="Passed" testListId="8c84fa94-04c1-424b-9868-57a2d4851a1d" relativeResultsDirectory="6d4ad605-aa29-42fb-b768-898d4a3c06e1" />
    <UnitTestResult executionId="e6a803cf-2002-4b0b-946b-331465a5b27b" testId="a1f1b8d4-d1ce-550f-ec2a-8175e154d2e1" testName="OpenBullet.Core.Tests.Step5_VariableManagerTests.SetVariable_Should_Throw_For_Empty_Name(scope: Local)" computerName="DESKTOP-FL6NJPC" duration="00:00:00.0007747" startTime="2025-08-17T15:55:51.8735068+02:00" endTime="2025-08-17T15:55:51.8735070+02:00" testType="13cdc9d9-ddb5-4fa4-a97d-d965ccfc6d4b" outcome="Passed" testListId="8c84fa94-04c1-424b-9868-57a2d4851a1d" relativeResultsDirectory="e6a803cf-2002-4b0b-946b-331465a5b27b" />
    <UnitTestResult executionId="7f61e2cf-2789-4976-8523-d14a03ac19d5" testId="bbb52020-ae6c-5369-bef5-3501d9414b9c" testName="OpenBullet.Core.Tests.Step10_ProxyJobManagerTests.ClearJobDataAsync_Should_Clean_Up_Proxy_Data" computerName="DESKTOP-FL6NJPC" duration="00:00:00.0121947" startTime="2025-08-17T15:55:53.1052317+02:00" endTime="2025-08-17T15:55:53.1052319+02:00" testType="13cdc9d9-ddb5-4fa4-a97d-d965ccfc6d4b" outcome="Passed" testListId="8c84fa94-04c1-424b-9868-57a2d4851a1d" relativeResultsDirectory="7f61e2cf-2789-4976-8523-d14a03ac19d5" />
    <UnitTestResult executionId="5da3ecec-a93b-44cf-9920-f55fc29f3129" testId="1d209a1e-b87a-da98-3e0e-191d14be58ef" testName="OpenBullet.Core.Tests.Step6_CommandMetadataTests.CommandMetadata_Should_Initialize_With_Defaults" computerName="DESKTOP-FL6NJPC" duration="00:00:00.0013247" startTime="2025-08-17T15:55:51.9816722+02:00" endTime="2025-08-17T15:55:51.9816724+02:00" testType="13cdc9d9-ddb5-4fa4-a97d-d965ccfc6d4b" outcome="Passed" testListId="8c84fa94-04c1-424b-9868-57a2d4851a1d" relativeResultsDirectory="5da3ecec-a93b-44cf-9920-f55fc29f3129" />
    <UnitTestResult executionId="2624d83c-2ef1-428b-85db-54f44c916b7a" testId="8e746c9b-8122-cdb5-5d5c-3baf8d4bb2ae" testName="OpenBullet.Core.Tests.Step10_ProxyManagerTests.GetNextProxyAsync_With_RoundRobin_Should_Rotate_Proxies" computerName="DESKTOP-FL6NJPC" duration="00:00:00.0035156" startTime="2025-08-17T15:55:51.5805193+02:00" endTime="2025-08-17T15:55:51.5805197+02:00" testType="13cdc9d9-ddb5-4fa4-a97d-d965ccfc6d4b" outcome="Passed" testListId="8c84fa94-04c1-424b-9868-57a2d4851a1d" relativeResultsDirectory="2624d83c-2ef1-428b-85db-54f44c916b7a" />
    <UnitTestResult executionId="71fa06aa-acd1-4877-b57b-0eb64b720b3b" testId="eafa1820-719e-db1a-f7af-9fab5f36faf6" testName="OpenBullet.Core.Tests.Step5_ValidationTests.VariableStatistics_Should_Initialize_With_Defaults" computerName="DESKTOP-FL6NJPC" duration="00:00:00.0012556" startTime="2025-08-17T15:55:51.9031218+02:00" endTime="2025-08-17T15:55:51.9031221+02:00" testType="13cdc9d9-ddb5-4fa4-a97d-d965ccfc6d4b" outcome="Passed" testListId="8c84fa94-04c1-424b-9868-57a2d4851a1d" relativeResultsDirectory="71fa06aa-acd1-4877-b57b-0eb64b720b3b" />
    <UnitTestResult executionId="3934d649-4167-46f8-bd7a-71b4d417492f" testId="ffc62fe7-bf10-ff76-8ea3-b36c986c00c3" testName="OpenBullet.Core.Tests.Step10_ProxyJobManagerTests.EventArgs_Should_Initialize_With_Defaults" computerName="DESKTOP-FL6NJPC" duration="00:00:00.0031004" startTime="2025-08-17T15:55:52.8921563+02:00" endTime="2025-08-17T15:55:52.8921568+02:00" testType="13cdc9d9-ddb5-4fa4-a97d-d965ccfc6d4b" outcome="Passed" testListId="8c84fa94-04c1-424b-9868-57a2d4851a1d" relativeResultsDirectory="3934d649-4167-46f8-bd7a-71b4d417492f" />
    <UnitTestResult executionId="4852830b-0710-423c-b166-11859976b81d" testId="b7f79a42-f4a3-fffa-976a-b092e7689160" testName="OpenBullet.Core.Tests.Step10_ProxyExtensionsTests.IsValid_Basic_Should_Validate_Correctly(host: &quot;proxy.com&quot;, port: 8080, type: 999, expectedValid: False)" computerName="DESKTOP-FL6NJPC" duration="00:00:00.0004929" startTime="2025-08-17T15:55:52.1287979+02:00" endTime="2025-08-17T15:55:52.1287980+02:00" testType="13cdc9d9-ddb5-4fa4-a97d-d965ccfc6d4b" outcome="Passed" testListId="8c84fa94-04c1-424b-9868-57a2d4851a1d" relativeResultsDirectory="4852830b-0710-423c-b166-11859976b81d" />
    <UnitTestResult executionId="cc775230-b423-4e2b-8d8f-cd04d566a352" testId="795d8d7e-5b2a-6a08-4b8e-120c60d27dc9" testName="OpenBullet.Core.Tests.Step6_CommandFactoryTests.RegisterCommand_Generic_Should_Register_Command_Type" computerName="DESKTOP-FL6NJPC" duration="00:00:00.0012374" startTime="2025-08-17T15:55:52.8429546+02:00" endTime="2025-08-17T15:55:52.8429553+02:00" testType="13cdc9d9-ddb5-4fa4-a97d-d965ccfc6d4b" outcome="Passed" testListId="8c84fa94-04c1-424b-9868-57a2d4851a1d" relativeResultsDirectory="cc775230-b423-4e2b-8d8f-cd04d566a352" />
    <UnitTestResult executionId="e78cb9f2-e769-4961-b21a-df0e8a1d46a2" testId="99cbfd81-006d-d10d-c366-eb79153f35c7" testName="OpenBullet.Core.Tests.Step11_DatabaseManagerTests.DatabaseManager_Should_Handle_Multiple_Concurrent_Operations" computerName="DESKTOP-FL6NJPC" duration="00:00:00.0395242" startTime="2025-08-17T15:55:54.0682417+02:00" endTime="2025-08-17T15:55:54.0682422+02:00" testType="13cdc9d9-ddb5-4fa4-a97d-d965ccfc6d4b" outcome="Passed" testListId="8c84fa94-04c1-424b-9868-57a2d4851a1d" relativeResultsDirectory="e78cb9f2-e769-4961-b21a-df0e8a1d46a2" />
    <UnitTestResult executionId="c597301d-76b1-409b-9e06-9b00659c8a86" testId="b7fa1093-480a-62ec-1c9e-923579d42db0" testName="OpenBullet.Core.Tests.Step5_ExecutionContextTests.Proxy_Property_Should_Be_Settable" computerName="DESKTOP-FL6NJPC" duration="00:00:00.0009532" startTime="2025-08-17T15:55:52.6914584+02:00" endTime="2025-08-17T15:55:52.6914587+02:00" testType="13cdc9d9-ddb5-4fa4-a97d-d965ccfc6d4b" outcome="Passed" testListId="8c84fa94-04c1-424b-9868-57a2d4851a1d" relativeResultsDirectory="c597301d-76b1-409b-9e06-9b00659c8a86" />
    <UnitTestResult executionId="c7dcbf27-055f-484b-99b0-bd5beb8550d4" testId="3ba75224-d37b-b317-404b-8e3fd3f7d624" testName="OpenBullet.Core.Tests.Step10_ProxyExtensionsTests.IsValid_Basic_Should_Validate_Correctly(host: &quot;&quot;, port: 8080, type: Http, expectedValid: False)" computerName="DESKTOP-FL6NJPC" duration="00:00:00.0003249" startTime="2025-08-17T15:55:52.1286183+02:00" endTime="2025-08-17T15:55:52.1286185+02:00" testType="13cdc9d9-ddb5-4fa4-a97d-d965ccfc6d4b" outcome="Passed" testListId="8c84fa94-04c1-424b-9868-57a2d4851a1d" relativeResultsDirectory="c7dcbf27-055f-484b-99b0-bd5beb8550d4" />
    <UnitTestResult executionId="31a3ed16-c959-4aaf-bca3-0e06e980d3c0" testId="081141f2-d1f0-52d5-9d68-1fc5246c7d2a" testName="OpenBullet.Core.Tests.Step11_DatabaseManagerTests.DatabaseProvider_Enum_Should_Have_Expected_Values" computerName="DESKTOP-FL6NJPC" duration="00:00:00.0071176" startTime="2025-08-17T15:55:54.3029610+02:00" endTime="2025-08-17T15:55:54.3029613+02:00" testType="13cdc9d9-ddb5-4fa4-a97d-d965ccfc6d4b" outcome="Passed" testListId="8c84fa94-04c1-424b-9868-57a2d4851a1d" relativeResultsDirectory="31a3ed16-c959-4aaf-bca3-0e06e980d3c0" />
    <UnitTestResult executionId="6c5165a4-3538-4f18-b0c1-da191fe63c1a" testId="fb2a4cdb-8129-5d66-bdd6-df0621c93bb8" testName="OpenBullet.Core.Tests.Step2_HttpClientServiceTests.GetAsync_Extension_Should_Work" computerName="DESKTOP-FL6NJPC" duration="00:00:00.0010000" startTime="2025-08-17T15:55:52.9016536+02:00" endTime="2025-08-17T15:55:52.9016540+02:00" testType="13cdc9d9-ddb5-4fa4-a97d-d965ccfc6d4b" outcome="NotExecuted" testListId="8c84fa94-04c1-424b-9868-57a2d4851a1d" relativeResultsDirectory="6c5165a4-3538-4f18-b0c1-da191fe63c1a">
      <Output>
        <ErrorInfo>
          <Message>Integration test - requires internet connection</Message>
        </ErrorInfo>
      </Output>
    </UnitTestResult>
    <UnitTestResult executionId="20c02c51-e1e2-4364-8a19-1c20cb94d27f" testId="79cbd560-f1c0-9d7b-ce54-dff3fc84d9f5" testName="OpenBullet.Core.Tests.Step10_ProxyManagerTests.ProxyInfo_Clone_Should_Create_Copy" computerName="DESKTOP-FL6NJPC" duration="00:00:00.0016479" startTime="2025-08-17T15:55:51.7286873+02:00" endTime="2025-08-17T15:55:51.7286874+02:00" testType="13cdc9d9-ddb5-4fa4-a97d-d965ccfc6d4b" outcome="Passed" testListId="8c84fa94-04c1-424b-9868-57a2d4851a1d" relativeResultsDirectory="20c02c51-e1e2-4364-8a19-1c20cb94d27f" />
    <UnitTestResult executionId="4e2c2a02-bde8-4d28-8e61-10b1e1f03fbe" testId="f6b1689f-d209-46d9-4927-cd638d03f972" testName="OpenBullet.Core.Tests.Step6_CommandFactoryTests.CommandFactory_Should_Initialize_With_Default_Commands" computerName="DESKTOP-FL6NJPC" duration="00:00:00.0025533" startTime="2025-08-17T15:55:52.8469483+02:00" endTime="2025-08-17T15:55:52.8469488+02:00" testType="13cdc9d9-ddb5-4fa4-a97d-d965ccfc6d4b" outcome="Passed" testListId="8c84fa94-04c1-424b-9868-57a2d4851a1d" relativeResultsDirectory="4e2c2a02-bde8-4d28-8e61-10b1e1f03fbe" />
    <UnitTestResult executionId="a6d52820-e6f2-49b6-90dd-d06bc0fa3c1a" testId="b75d4a9b-2a90-4e52-ef3c-16d2f3071cc4" testName="OpenBullet.Core.Tests.Step10_ProxyJobManagerTests.ProxyJobManager_Should_Track_Job_Statistics" computerName="DESKTOP-FL6NJPC" duration="00:00:00.0070252" startTime="2025-08-17T15:55:52.9875400+02:00" endTime="2025-08-17T15:55:52.9875405+02:00" testType="13cdc9d9-ddb5-4fa4-a97d-d965ccfc6d4b" outcome="Passed" testListId="8c84fa94-04c1-424b-9868-57a2d4851a1d" relativeResultsDirectory="a6d52820-e6f2-49b6-90dd-d06bc0fa3c1a" />
    <UnitTestResult executionId="2a77b89e-fad5-4e48-aa71-90048ef76618" testId="3ef80501-2e91-d0e7-82fd-20652fb2f7df" testName="OpenBullet.Core.Tests.Step5_VariableManagerTests.ResolveVariableReference_Should_Handle_List_Variable" computerName="DESKTOP-FL6NJPC" duration="00:00:00.0007233" startTime="2025-08-17T15:55:52.8575676+02:00" endTime="2025-08-17T15:55:52.8575677+02:00" testType="13cdc9d9-ddb5-4fa4-a97d-d965ccfc6d4b" outcome="Passed" testListId="8c84fa94-04c1-424b-9868-57a2d4851a1d" relativeResultsDirectory="2a77b89e-fad5-4e48-aa71-90048ef76618" />
    <UnitTestResult executionId="4373c590-500e-4954-9f27-a55b01387c8c" testId="19440ba8-0832-d404-fad2-6352246458f8" testName="OpenBullet.Core.Tests.Step8_ValidationTests.KeyCondition_String_Conversion_Should_Work(stringValue: &quot;IsEmpty&quot;, expectedCondition: IsEmpty)" computerName="DESKTOP-FL6NJPC" duration="00:00:00.0000102" startTime="2025-08-17T15:55:51.3507652+02:00" endTime="2025-08-17T15:55:51.3507653+02:00" testType="13cdc9d9-ddb5-4fa4-a97d-d965ccfc6d4b" outcome="Passed" testListId="8c84fa94-04c1-424b-9868-57a2d4851a1d" relativeResultsDirectory="4373c590-500e-4954-9f27-a55b01387c8c" />
    <UnitTestResult executionId="151a0f83-16a0-4715-812c-8e59673f2e0e" testId="7b7f0ce9-11c3-f692-16f3-ae029fc9ef4d" testName="OpenBullet.Core.Tests.Step10_ValidationTests.ProxyValidationResult_Should_Initialize_With_Defaults" computerName="DESKTOP-FL6NJPC" duration="00:00:00.0007930" startTime="2025-08-17T15:55:51.9360602+02:00" endTime="2025-08-17T15:55:51.9360603+02:00" testType="13cdc9d9-ddb5-4fa4-a97d-d965ccfc6d4b" outcome="Passed" testListId="8c84fa94-04c1-424b-9868-57a2d4851a1d" relativeResultsDirectory="151a0f83-16a0-4715-812c-8e59673f2e0e" />
    <UnitTestResult executionId="d9d1a1c5-7bf8-439e-93e4-7b2eac1ea77c" testId="be59ff57-d64f-c76c-1f79-f327a737c973" testName="OpenBullet.Core.Tests.Step6_CommandMetadataTests.CommandParameter_Should_Initialize_With_Defaults" computerName="DESKTOP-FL6NJPC" duration="00:00:00.0034638" startTime="2025-08-17T15:55:51.9840503+02:00" endTime="2025-08-17T15:55:51.9840506+02:00" testType="13cdc9d9-ddb5-4fa4-a97d-d965ccfc6d4b" outcome="Passed" testListId="8c84fa94-04c1-424b-9868-57a2d4851a1d" relativeResultsDirectory="d9d1a1c5-7bf8-439e-93e4-7b2eac1ea77c" />
    <UnitTestResult executionId="a0287414-cd76-4f51-80cb-5a17498ef9f7" testId="3a83a41f-0fcb-508f-ae51-63eb08855d31" testName="OpenBullet.Core.Tests.Step5_ExecutionContextTests.CreateCheckpoint_Should_Create_Valid_Checkpoint" computerName="DESKTOP-FL6NJPC" duration="00:00:00.0451663" startTime="2025-08-17T15:55:52.6110063+02:00" endTime="2025-08-17T15:55:52.6110067+02:00" testType="13cdc9d9-ddb5-4fa4-a97d-d965ccfc6d4b" outcome="Passed" testListId="8c84fa94-04c1-424b-9868-57a2d4851a1d" relativeResultsDirectory="a0287414-cd76-4f51-80cb-5a17498ef9f7" />
    <UnitTestResult executionId="0d39114c-2f35-4ba0-ab34-29e1438b8d04" testId="bdaa7f64-0350-dc40-74ab-7019dba304e2" testName="OpenBullet.Core.Tests.Step10_ProxyExtensionsTests.IsHighPriority_Should_Determine_Priority_Correctly(health: Healthy, successRate: 95, responseTimeMs: 4000, expectedHighPriority: False)" computerName="DESKTOP-FL6NJPC" duration="00:00:00.0006847" startTime="2025-08-17T15:55:52.1683450+02:00" endTime="2025-08-17T15:55:52.1683451+02:00" testType="13cdc9d9-ddb5-4fa4-a97d-d965ccfc6d4b" outcome="Passed" testListId="8c84fa94-04c1-424b-9868-57a2d4851a1d" relativeResultsDirectory="0d39114c-2f35-4ba0-ab34-29e1438b8d04" />
    <UnitTestResult executionId="813f1447-832e-4c47-82fc-7ae098bc1835" testId="443efa92-fbca-7e68-eb3c-5ae76824a61b" testName="OpenBullet.Core.Tests.Step5_ValidationTests.LogLevel_Values_Should_Have_Correct_Numeric_Values(level: Error, expectedValue: 4)" computerName="DESKTOP-FL6NJPC" duration="00:00:00.0000135" startTime="2025-08-17T15:55:51.8664893+02:00" endTime="2025-08-17T15:55:51.8664894+02:00" testType="13cdc9d9-ddb5-4fa4-a97d-d965ccfc6d4b" outcome="Passed" testListId="8c84fa94-04c1-424b-9868-57a2d4851a1d" relativeResultsDirectory="813f1447-832e-4c47-82fc-7ae098bc1835" />
    <UnitTestResult executionId="82b1e0ae-c310-4c3c-8a15-ef9ab09aa0cd" testId="4a920444-f68c-3abb-e52a-e3329e53e9f4" testName="OpenBullet.Core.Tests.Step1_CoreInterfacesTests.BotResult_Should_Initialize_With_Default_Values" computerName="DESKTOP-FL6NJPC" duration="00:00:00.0025552" startTime="2025-08-17T15:55:52.0782421+02:00" endTime="2025-08-17T15:55:52.0782425+02:00" testType="13cdc9d9-ddb5-4fa4-a97d-d965ccfc6d4b" outcome="Failed" testListId="8c84fa94-04c1-424b-9868-57a2d4851a1d" relativeResultsDirectory="82b1e0ae-c310-4c3c-8a15-ef9ab09aa0cd">
      <Output>
        <ErrorInfo>
          <Message>Expected result.CustomStatus to be empty, but found &lt;null&gt;.</Message>
          <StackTrace>   at FluentAssertions.Execution.XUnit2TestFramework.Throw(String message)&#xD;
   at FluentAssertions.Execution.TestFrameworkProvider.Throw(String message)&#xD;
   at FluentAssertions.Execution.DefaultAssertionStrategy.HandleFailure(String message)&#xD;
   at FluentAssertions.Execution.AssertionScope.FailWith(Func`1 failReasonFunc)&#xD;
   at FluentAssertions.Execution.AssertionScope.FailWith(Func`1 failReasonFunc)&#xD;
   at FluentAssertions.Execution.AssertionScope.FailWith(String message, Object[] args)&#xD;
   at FluentAssertions.Primitives.StringAssertions`1.BeEmpty(String because, Object[] becauseArgs)&#xD;
   at OpenBullet.Core.Tests.Step1_CoreInterfacesTests.BotResult_Should_Initialize_With_Default_Values() in C:\Users\futiliter\Downloads\Telegram Desktop\Openbullet 1.4.4 Anomaly Modded Version\OpenBulletRecreation\OpenBullet.Core.Tests\Step1_CoreInterfacesTests.cs:line 208&#xD;
   at System.RuntimeMethodHandle.InvokeMethod(Object target, Void** arguments, Signature sig, Boolean isConstructor)&#xD;
   at System.Reflection.MethodBaseInvoker.InvokeWithNoArgs(Object obj, BindingFlags invokeAttr)</StackTrace>
        </ErrorInfo>
      </Output>
    </UnitTestResult>
    <UnitTestResult executionId="ba3be160-5f12-4aca-9c1e-873482bba7fe" testId="470875f7-e089-85e7-8d23-490f4327870a" testName="OpenBullet.Core.Tests.Step7_ParseCommandTests.ExecuteAsync_With_No_Matches_Should_Set_Empty_Variable" computerName="DESKTOP-FL6NJPC" duration="00:00:00.0077359" startTime="2025-08-17T15:55:51.7344115+02:00" endTime="2025-08-17T15:55:51.7344119+02:00" testType="13cdc9d9-ddb5-4fa4-a97d-d965ccfc6d4b" outcome="Failed" testListId="8c84fa94-04c1-424b-9868-57a2d4851a1d" relativeResultsDirectory="ba3be160-5f12-4aca-9c1e-873482bba7fe">
      <Output>
        <ErrorInfo>
          <Message>Expected result.Success to be true, but found False.</Message>
          <StackTrace>   at FluentAssertions.Execution.XUnit2TestFramework.Throw(String message)&#xD;
   at FluentAssertions.Execution.TestFrameworkProvider.Throw(String message)&#xD;
   at FluentAssertions.Execution.DefaultAssertionStrategy.HandleFailure(String message)&#xD;
   at FluentAssertions.Execution.AssertionScope.FailWith(Func`1 failReasonFunc)&#xD;
   at FluentAssertions.Execution.AssertionScope.FailWith(Func`1 failReasonFunc)&#xD;
   at FluentAssertions.Execution.AssertionScope.FailWith(String message, Object[] args)&#xD;
   at FluentAssertions.Primitives.BooleanAssertions`1.BeTrue(String because, Object[] becauseArgs)&#xD;
   at OpenBullet.Core.Tests.Step7_ParseCommandTests.ExecuteAsync_With_No_Matches_Should_Set_Empty_Variable() in C:\Users\futiliter\Downloads\Telegram Desktop\Openbullet 1.4.4 Anomaly Modded Version\OpenBulletRecreation\OpenBullet.Core.Tests\Step7_ParseCommandTests.cs:line 421&#xD;
--- End of stack trace from previous location ---</StackTrace>
        </ErrorInfo>
      </Output>
    </UnitTestResult>
    <UnitTestResult executionId="4602ae33-8bba-4fda-9d77-b9b06d5b5dff" testId="968148e7-2b0b-ddbe-55f4-e38ce75365d0" testName="OpenBullet.Core.Tests.Step11_StorageServicesTests.JobStorage_Query_Methods_Should_Work" computerName="DESKTOP-FL6NJPC" duration="00:00:00.1103653" startTime="2025-08-17T15:55:54.8840564+02:00" endTime="2025-08-17T15:55:54.8840570+02:00" testType="13cdc9d9-ddb5-4fa4-a97d-d965ccfc6d4b" outcome="Passed" testListId="8c84fa94-04c1-424b-9868-57a2d4851a1d" relativeResultsDirectory="4602ae33-8bba-4fda-9d77-b9b06d5b5dff" />
    <UnitTestResult executionId="ea2fbc0c-50e5-4151-a330-6a4932f941c3" testId="b11da73d-2016-50bd-d9ec-e164cb7545ef" testName="OpenBullet.Core.Tests.Step1_CoreInterfacesTests.BotData_GetVariable_Should_Return_Default_For_Missing_Variable" computerName="DESKTOP-FL6NJPC" duration="00:00:00.0010977" startTime="2025-08-17T15:55:52.0784241+02:00" endTime="2025-08-17T15:55:52.0784244+02:00" testType="13cdc9d9-ddb5-4fa4-a97d-d965ccfc6d4b" outcome="Passed" testListId="8c84fa94-04c1-424b-9868-57a2d4851a1d" relativeResultsDirectory="ea2fbc0c-50e5-4151-a330-6a4932f941c3" />
    <UnitTestResult executionId="b661b8c9-5e17-435e-9652-e7415006292b" testId="f350ac01-2508-7ca2-74f7-b12d4fbb811c" testName="OpenBullet.Core.Tests.Step9_BotRunnerTests.BotStatusExtensions_IsError_Should_Work_Correctly(status: Custom, expectedIsError: False)" computerName="DESKTOP-FL6NJPC" duration="00:00:00.0000813" startTime="2025-08-17T15:55:51.4692554+02:00" endTime="2025-08-17T15:55:51.4692555+02:00" testType="13cdc9d9-ddb5-4fa4-a97d-d965ccfc6d4b" outcome="Passed" testListId="8c84fa94-04c1-424b-9868-57a2d4851a1d" relativeResultsDirectory="b661b8c9-5e17-435e-9652-e7415006292b" />
    <UnitTestResult executionId="74ccb1af-51e4-4ee3-875e-56dba7a483d8" testId="17b4d046-34da-ef52-b033-96a4ee01538c" testName="OpenBullet.Core.Tests.Step9_BotRunnerTests.BotStatusExtensions_ShouldRetry_Should_Work_Correctly(status: Ban, expectedShouldRetry: True)" computerName="DESKTOP-FL6NJPC" duration="00:00:00.0001789" startTime="2025-08-17T15:55:51.4582746+02:00" endTime="2025-08-17T15:55:51.4582747+02:00" testType="13cdc9d9-ddb5-4fa4-a97d-d965ccfc6d4b" outcome="Passed" testListId="8c84fa94-04c1-424b-9868-57a2d4851a1d" relativeResultsDirectory="74ccb1af-51e4-4ee3-875e-56dba7a483d8" />
    <UnitTestResult executionId="9b6869ab-5b2e-4084-b6bf-b9339fc5486b" testId="82d1131b-2834-d889-fe15-70a8299f1805" testName="OpenBullet.Core.Tests.Step10_ProxyJobManagerTests.StartJobAsync_With_Basic_Config_Should_Convert_To_Proxy_Config" computerName="DESKTOP-FL6NJPC" duration="00:00:00.0054429" startTime="2025-08-17T15:55:52.9931771+02:00" endTime="2025-08-17T15:55:52.9931773+02:00" testType="13cdc9d9-ddb5-4fa4-a97d-d965ccfc6d4b" outcome="Passed" testListId="8c84fa94-04c1-424b-9868-57a2d4851a1d" relativeResultsDirectory="9b6869ab-5b2e-4084-b6bf-b9339fc5486b" />
    <UnitTestResult executionId="bf48b121-5ec2-4a47-9717-6cd79399f6b3" testId="b832fa55-3d97-2a0a-86e3-36d7d00e756a" testName="OpenBullet.Core.Tests.Step8_KeyCheckerTests.EvaluateKey_With_Various_Conditions_Should_Work(condition: IsNotNumeric, sourceValue: &quot;not a number&quot;, targetValue: &quot;&quot;, expected: True)" computerName="DESKTOP-FL6NJPC" duration="00:00:00.0000917" startTime="2025-08-17T15:55:51.5701921+02:00" endTime="2025-08-17T15:55:51.5701922+02:00" testType="13cdc9d9-ddb5-4fa4-a97d-d965ccfc6d4b" outcome="Passed" testListId="8c84fa94-04c1-424b-9868-57a2d4851a1d" relativeResultsDirectory="bf48b121-5ec2-4a47-9717-6cd79399f6b3" />
    <UnitTestResult executionId="17b73f37-a284-43c2-808e-223662c6d478" testId="96179d14-bc40-2d4b-414c-e128de4c3a22" testName="OpenBullet.Core.Tests.Step7_ValidationTests.RegexParser_Can_Be_Created" computerName="DESKTOP-FL6NJPC" duration="00:00:00.0003274" startTime="2025-08-17T15:55:51.7771600+02:00" endTime="2025-08-17T15:55:51.7771602+02:00" testType="13cdc9d9-ddb5-4fa4-a97d-d965ccfc6d4b" outcome="Passed" testListId="8c84fa94-04c1-424b-9868-57a2d4851a1d" relativeResultsDirectory="17b73f37-a284-43c2-808e-223662c6d478" />
    <UnitTestResult executionId="58a72196-d6f6-411f-86cd-18310c6f0e2d" testId="9104e701-048a-3580-5187-f11e370df821" testName="OpenBullet.Core.Tests.Step6_ValidationTests.Complex_Request_Instruction_Should_Parse_Correctly" computerName="DESKTOP-FL6NJPC" duration="00:00:00.0017512" startTime="2025-08-17T15:55:51.7822310+02:00" endTime="2025-08-17T15:55:51.7822327+02:00" testType="13cdc9d9-ddb5-4fa4-a97d-d965ccfc6d4b" outcome="Passed" testListId="8c84fa94-04c1-424b-9868-57a2d4851a1d" relativeResultsDirectory="58a72196-d6f6-411f-86cd-18310c6f0e2d" />
    <UnitTestResult executionId="320f6d7b-b3fa-4323-83e8-142c236c2ea9" testId="dd5ac933-b470-e8b0-07ac-698f955eb5c9" testName="OpenBullet.Core.Tests.Step3_ConfigurationServiceTests.ValidateConfigAsync_With_Nonexistent_File_Should_Return_File_Error" computerName="DESKTOP-FL6NJPC" duration="00:00:00.0062771" startTime="2025-08-17T15:55:53.0723937+02:00" endTime="2025-08-17T15:55:53.0723937+02:00" testType="13cdc9d9-ddb5-4fa4-a97d-d965ccfc6d4b" outcome="Passed" testListId="8c84fa94-04c1-424b-9868-57a2d4851a1d" relativeResultsDirectory="320f6d7b-b3fa-4323-83e8-142c236c2ea9" />
    <UnitTestResult executionId="50d8a4de-bc57-4f9d-85e3-9364a4bc48c5" testId="60fc40ad-6da2-285a-0bf0-9ee72e56d106" testName="OpenBullet.Core.Tests.Step5_ExecutionContextTests.ElapsedTime_Should_Increase_Over_Time" computerName="DESKTOP-FL6NJPC" duration="00:00:00.0237396" startTime="2025-08-17T15:55:52.6636652+02:00" endTime="2025-08-17T15:55:52.6636655+02:00" testType="13cdc9d9-ddb5-4fa4-a97d-d965ccfc6d4b" outcome="Passed" testListId="8c84fa94-04c1-424b-9868-57a2d4851a1d" relativeResultsDirectory="50d8a4de-bc57-4f9d-85e3-9364a4bc48c5" />
    <UnitTestResult executionId="78c7173e-be51-4d89-8e51-5cfe9a6a041a" testId="d4d794f0-1b0e-ef7a-a7b9-8331928e8697" testName="OpenBullet.Core.Tests.Step5_ExecutionContextTests.UpdateResponse_Should_Update_Response_Information" computerName="DESKTOP-FL6NJPC" duration="00:00:00.0011729" startTime="2025-08-17T15:55:52.6271944+02:00" endTime="2025-08-17T15:55:52.6271957+02:00" testType="13cdc9d9-ddb5-4fa4-a97d-d965ccfc6d4b" outcome="Passed" testListId="8c84fa94-04c1-424b-9868-57a2d4851a1d" relativeResultsDirectory="78c7173e-be51-4d89-8e51-5cfe9a6a041a" />
    <UnitTestResult executionId="e32ea6b2-fefa-4471-ae8e-3548b1f7ce12" testId="a900c5ae-af96-11e9-9a1f-ef917b14ab4e" testName="OpenBullet.Core.Tests.Step8_KeyCheckCommandTests.ValidateInstruction_Without_Success_Or_Failure_Chain_Should_Warn" computerName="DESKTOP-FL6NJPC" duration="00:00:00.0023881" startTime="2025-08-17T15:55:52.1955600+02:00" endTime="2025-08-17T15:55:52.1955600+02:00" testType="13cdc9d9-ddb5-4fa4-a97d-d965ccfc6d4b" outcome="Passed" testListId="8c84fa94-04c1-424b-9868-57a2d4851a1d" relativeResultsDirectory="e32ea6b2-fefa-4471-ae8e-3548b1f7ce12" />
    <UnitTestResult executionId="5b209d2b-1baa-4912-a0f8-c63dce831d0d" testId="a93179d8-caa5-6a6a-c2ef-f36e7ca78b67" testName="OpenBullet.Core.Tests.Step4_ScriptParserTests.ValidateScript_With_Invalid_Script_Should_Return_Errors" computerName="DESKTOP-FL6NJPC" duration="00:00:00.0346889" startTime="2025-08-17T15:55:52.5859345+02:00" endTime="2025-08-17T15:55:52.5859350+02:00" testType="13cdc9d9-ddb5-4fa4-a97d-d965ccfc6d4b" outcome="Passed" testListId="8c84fa94-04c1-424b-9868-57a2d4851a1d" relativeResultsDirectory="5b209d2b-1baa-4912-a0f8-c63dce831d0d" />
    <UnitTestResult executionId="15e118a8-55cd-448e-a24a-873cd9d254de" testId="1b5addab-f239-e14a-41d8-2e5abd5f68f7" testName="OpenBullet.Core.Tests.Step10_ProxyJobManagerTests.StartProxyJobAsync_With_Insufficient_Proxies_Should_Show_Warning" computerName="DESKTOP-FL6NJPC" duration="00:00:00.0055385" startTime="2025-08-17T15:55:53.1129829+02:00" endTime="2025-08-17T15:55:53.1129832+02:00" testType="13cdc9d9-ddb5-4fa4-a97d-d965ccfc6d4b" outcome="Passed" testListId="8c84fa94-04c1-424b-9868-57a2d4851a1d" relativeResultsDirectory="15e118a8-55cd-448e-a24a-873cd9d254de" />
    <UnitTestResult executionId="3dfce3b7-551a-49d1-8466-5c0a2045fdc3" testId="e85eb308-ddb4-6a20-ed73-44e503a1f19a" testName="OpenBullet.Core.Tests.Step10_ProxyExtensionsTests.ValidateProxy_Should_Validate_Proxy_Strings(proxyString: &quot;socks5://user:pass@proxy.example.com:1080&quot;, expectedValid: True, expectedError: null)" computerName="DESKTOP-FL6NJPC" duration="00:00:00.0004643" startTime="2025-08-17T15:55:52.1564269+02:00" endTime="2025-08-17T15:55:52.1564270+02:00" testType="13cdc9d9-ddb5-4fa4-a97d-d965ccfc6d4b" outcome="Passed" testListId="8c84fa94-04c1-424b-9868-57a2d4851a1d" relativeResultsDirectory="3dfce3b7-551a-49d1-8466-5c0a2045fdc3" />
    <UnitTestResult executionId="7db7b476-a8f3-4338-abb0-0aa8bd8df802" testId="974b1447-5ef9-7dcd-5554-4e9a79a8751b" testName="OpenBullet.Core.Tests.Step13_CoreServicesTests.SyntaxHighlightingService_Should_Handle_Comments" computerName="DESKTOP-FL6NJPC" duration="00:00:00.0019757" startTime="2025-08-17T15:55:51.9986936+02:00" endTime="2025-08-17T15:55:51.9986939+02:00" testType="13cdc9d9-ddb5-4fa4-a97d-d965ccfc6d4b" outcome="Failed" testListId="8c84fa94-04c1-424b-9868-57a2d4851a1d" relativeResultsDirectory="7db7b476-a8f3-4338-abb0-0aa8bd8df802">
      <Output>
        <ErrorInfo>
          <Message>System.NotImplementedException : To be implemented in Step 13</Message>
          <StackTrace>   at OpenBullet.Core.Tests.SyntaxHighlightingService.TokenizeScript(String script) in C:\Users\futiliter\Downloads\Telegram Desktop\Openbullet 1.4.4 Anomaly Modded Version\OpenBulletRecreation\OpenBullet.Core.Tests\Step13_ConfigurationEditorTests.cs:line 462&#xD;
   at OpenBullet.Core.Tests.Step13_CoreServicesTests.SyntaxHighlightingService_Should_Handle_Comments() in C:\Users\futiliter\Downloads\Telegram Desktop\Openbullet 1.4.4 Anomaly Modded Version\OpenBulletRecreation\OpenBullet.Core.Tests\Step13_CoreServicesTests.cs:line 55&#xD;
   at System.RuntimeMethodHandle.InvokeMethod(Object target, Void** arguments, Signature sig, Boolean isConstructor)&#xD;
   at System.Reflection.MethodBaseInvoker.InvokeWithNoArgs(Object obj, BindingFlags invokeAttr)</StackTrace>
        </ErrorInfo>
      </Output>
    </UnitTestResult>
    <UnitTestResult executionId="dc741dec-a859-4f79-8995-d6d88d13aa7c" testId="38b459c7-e39d-d600-c156-2b124ca69f15" testName="OpenBullet.Core.Tests.Step8_KeyCheckerTests.GetSourceValue_With_Special_Sources_Should_Return_Correct_Values" computerName="DESKTOP-FL6NJPC" duration="00:00:00.0007815" startTime="2025-08-17T15:55:51.6411792+02:00" endTime="2025-08-17T15:55:51.6411794+02:00" testType="13cdc9d9-ddb5-4fa4-a97d-d965ccfc6d4b" outcome="Passed" testListId="8c84fa94-04c1-424b-9868-57a2d4851a1d" relativeResultsDirectory="dc741dec-a859-4f79-8995-d6d88d13aa7c" />
    <UnitTestResult executionId="9e6f8b6d-6c19-48f0-a40e-82a6b62b0f33" testId="c20a3744-ddbf-8a54-b237-ee31dab45028" testName="OpenBullet.Core.Tests.Step8_KeyCheckerTests.EvaluateKey_With_EqualTo_Condition_Should_Work" computerName="DESKTOP-FL6NJPC" duration="00:00:00.0025902" startTime="2025-08-17T15:55:51.6720767+02:00" endTime="2025-08-17T15:55:51.6720768+02:00" testType="13cdc9d9-ddb5-4fa4-a97d-d965ccfc6d4b" outcome="Passed" testListId="8c84fa94-04c1-424b-9868-57a2d4851a1d" relativeResultsDirectory="9e6f8b6d-6c19-48f0-a40e-82a6b62b0f33" />
    <UnitTestResult executionId="2b70abed-228d-4f26-ae2c-9b841eb15835" testId="8ec4083a-c238-1f89-ef48-d5590122f0b1" testName="OpenBullet.Core.Tests.Step8_KeyCheckCommandTests.ExecuteAsync_Should_Handle_KeyChecker_Exception" computerName="DESKTOP-FL6NJPC" duration="00:00:00.0147048" startTime="2025-08-17T15:55:52.1873565+02:00" endTime="2025-08-17T15:55:52.1873566+02:00" testType="13cdc9d9-ddb5-4fa4-a97d-d965ccfc6d4b" outcome="Passed" testListId="8c84fa94-04c1-424b-9868-57a2d4851a1d" relativeResultsDirectory="2b70abed-228d-4f26-ae2c-9b841eb15835" />
    <UnitTestResult executionId="31fef837-5d8b-491b-ba5b-53ca2ddec6a6" testId="6035b86a-394b-eddd-5666-b2b71bf2a616" testName="OpenBullet.Core.Tests.Step3_ValidationTests.ParseConfigContent_Should_Handle_All_Numeric_Settings" computerName="DESKTOP-FL6NJPC" duration="00:00:00.0049505" startTime="2025-08-17T15:55:52.1565644+02:00" endTime="2025-08-17T15:55:52.1565645+02:00" testType="13cdc9d9-ddb5-4fa4-a97d-d965ccfc6d4b" outcome="Passed" testListId="8c84fa94-04c1-424b-9868-57a2d4851a1d" relativeResultsDirectory="31fef837-5d8b-491b-ba5b-53ca2ddec6a6" />
    <UnitTestResult executionId="9ef49d6a-c721-41d0-81d7-2d58eb6daa10" testId="e7b6f8ba-1881-bfa9-bf47-3a454dd9fbe6" testName="OpenBullet.Core.Tests.Step6_CommandFactoryTests.Concurrent_Access_Should_Be_Thread_Safe" computerName="DESKTOP-FL6NJPC" duration="00:00:00.8023754" startTime="2025-08-17T15:55:52.8150058+02:00" endTime="2025-08-17T15:55:52.8150061+02:00" testType="13cdc9d9-ddb5-4fa4-a97d-d965ccfc6d4b" outcome="Failed" testListId="8c84fa94-04c1-424b-9868-57a2d4851a1d" relativeResultsDirectory="9ef49d6a-c721-41d0-81d7-2d58eb6daa10">
      <Output>
        <ErrorInfo>
          <Message>Expected commands.Count to be 1000, but found 0 (difference of -1000).</Message>
          <StackTrace>   at FluentAssertions.Execution.XUnit2TestFramework.Throw(String message)&#xD;
   at FluentAssertions.Execution.TestFrameworkProvider.Throw(String message)&#xD;
   at FluentAssertions.Execution.DefaultAssertionStrategy.HandleFailure(String message)&#xD;
   at FluentAssertions.Execution.AssertionScope.FailWith(Func`1 failReasonFunc)&#xD;
   at FluentAssertions.Execution.AssertionScope.FailWith(Func`1 failReasonFunc)&#xD;
   at FluentAssertions.Execution.AssertionScope.FailWith(String message, Object[] args)&#xD;
   at FluentAssertions.Numeric.NumericAssertions`2.Be(T expected, String because, Object[] becauseArgs)&#xD;
   at OpenBullet.Core.Tests.Step6_CommandFactoryTests.Concurrent_Access_Should_Be_Thread_Safe() in C:\Users\futiliter\Downloads\Telegram Desktop\Openbullet 1.4.4 Anomaly Modded Version\OpenBulletRecreation\OpenBullet.Core.Tests\Step6_CommandFactoryTests.cs:line 271&#xD;
--- End of stack trace from previous location ---</StackTrace>
        </ErrorInfo>
      </Output>
    </UnitTestResult>
    <UnitTestResult executionId="5adc53ea-0926-4ecf-b058-0b9b5093ba86" testId="d027507a-becc-391b-5af6-3c3a39e014d6" testName="OpenBullet.Core.Tests.Step5_IntegrationTests.Complex_Variable_Operations_Should_Work" computerName="DESKTOP-FL6NJPC" duration="00:00:00.0031088" startTime="2025-08-17T15:55:52.5544830+02:00" endTime="2025-08-17T15:55:52.5544833+02:00" testType="13cdc9d9-ddb5-4fa4-a97d-d965ccfc6d4b" outcome="Passed" testListId="8c84fa94-04c1-424b-9868-57a2d4851a1d" relativeResultsDirectory="5adc53ea-0926-4ecf-b058-0b9b5093ba86" />
    <UnitTestResult executionId="621ed12a-b67d-44ca-8202-47b3e08b8517" testId="2d72e278-9335-1f74-be4c-a7b96b7f1c29" testName="OpenBullet.Core.Tests.Step10_ProxyExtensionsTests.ValidateProxy_Should_Validate_Proxy_Strings(proxyString: &quot;http://proxy.example.com:3128&quot;, expectedValid: True, expectedError: null)" computerName="DESKTOP-FL6NJPC" duration="00:00:00.0000190" startTime="2025-08-17T15:55:52.1641364+02:00" endTime="2025-08-17T15:55:52.1641365+02:00" testType="13cdc9d9-ddb5-4fa4-a97d-d965ccfc6d4b" outcome="Passed" testListId="8c84fa94-04c1-424b-9868-57a2d4851a1d" relativeResultsDirectory="621ed12a-b67d-44ca-8202-47b3e08b8517" />
    <UnitTestResult executionId="bcec0b5f-0f26-4cdd-8f8d-3df4224c898c" testId="0c1cd877-1d8b-b239-99c2-d1b8d3c6455f" testName="OpenBullet.Core.Tests.Step3_PerformanceTests.SerializeConfig_Should_Be_Fast" computerName="DESKTOP-FL6NJPC" duration="00:00:00.0325880" startTime="2025-08-17T15:55:52.4866958+02:00" endTime="2025-08-17T15:55:52.4866961+02:00" testType="13cdc9d9-ddb5-4fa4-a97d-d965ccfc6d4b" outcome="Passed" testListId="8c84fa94-04c1-424b-9868-57a2d4851a1d" relativeResultsDirectory="bcec0b5f-0f26-4cdd-8f8d-3df4224c898c" />
    <UnitTestResult executionId="d186a87b-b884-4044-86fc-91c17c9bca44" testId="9e09a5e4-0152-96a7-0d26-d3fc51b2292f" testName="OpenBullet.Core.Tests.Step13_ConfigurationEditorTests.TokenizeScript_Should_Correctly_Identify_Token_Types(input: &quot;123&quot;, expectedType: Number, expectedValue: &quot;123&quot;)" computerName="DESKTOP-FL6NJPC" duration="00:00:00.0012764" startTime="2025-08-17T15:55:51.4001242+02:00" endTime="2025-08-17T15:55:51.4001246+02:00" testType="13cdc9d9-ddb5-4fa4-a97d-d965ccfc6d4b" outcome="Failed" testListId="8c84fa94-04c1-424b-9868-57a2d4851a1d" relativeResultsDirectory="d186a87b-b884-4044-86fc-91c17c9bca44">
      <Output>
        <ErrorInfo>
          <Message>System.NotImplementedException : To be implemented in Step 13</Message>
          <StackTrace>   at OpenBullet.Core.Tests.SyntaxHighlightingService.TokenizeScript(String script) in C:\Users\futiliter\Downloads\Telegram Desktop\Openbullet 1.4.4 Anomaly Modded Version\OpenBulletRecreation\OpenBullet.Core.Tests\Step13_ConfigurationEditorTests.cs:line 462&#xD;
   at OpenBullet.Core.Tests.Step13_ConfigurationEditorTests.TokenizeScript_Should_Correctly_Identify_Token_Types(String input, TokenType expectedType, String expectedValue) in C:\Users\futiliter\Downloads\Telegram Desktop\Openbullet 1.4.4 Anomaly Modded Version\OpenBulletRecreation\OpenBullet.Core.Tests\Step13_ConfigurationEditorTests.cs:line 55&#xD;
   at System.RuntimeMethodHandle.InvokeMethod(Object target, Void** arguments, Signature sig, Boolean isConstructor)&#xD;
   at System.Reflection.MethodBaseInvoker.InvokeDirectByRefWithFewArgs(Object obj, Span`1 copyOfArgs, BindingFlags invokeAttr)</StackTrace>
        </ErrorInfo>
      </Output>
    </UnitTestResult>
    <UnitTestResult executionId="7b23f1ca-8a32-4e24-a4ba-9b21ae032165" testId="7de6c8e6-718d-bc01-fc2e-bc4383f15d03" testName="OpenBullet.Core.Tests.Step7_ValidationTests.ParseType_String_Conversion_Should_Work(stringValue: &quot;JSON&quot;, expectedType: Json)" computerName="DESKTOP-FL6NJPC" duration="00:00:00.0005916" startTime="2025-08-17T15:55:51.6756696+02:00" endTime="2025-08-17T15:55:51.6756696+02:00" testType="13cdc9d9-ddb5-4fa4-a97d-d965ccfc6d4b" outcome="Passed" testListId="8c84fa94-04c1-424b-9868-57a2d4851a1d" relativeResultsDirectory="7b23f1ca-8a32-4e24-a4ba-9b21ae032165" />
    <UnitTestResult executionId="87dd8dd8-e366-4a15-940d-71bf93bee3e3" testId="f34a31f0-1b65-81f2-c1bc-77fcd3b722dd" testName="OpenBullet.Core.Tests.Step10_ProxyJobManagerTests.StopJobAsync_Should_Clean_Up_Proxy_Tracking" computerName="DESKTOP-FL6NJPC" duration="00:00:00.0147950" startTime="2025-08-17T15:55:52.8887444+02:00" endTime="2025-08-17T15:55:52.8887445+02:00" testType="13cdc9d9-ddb5-4fa4-a97d-d965ccfc6d4b" outcome="Passed" testListId="8c84fa94-04c1-424b-9868-57a2d4851a1d" relativeResultsDirectory="87dd8dd8-e366-4a15-940d-71bf93bee3e3" />
    <UnitTestResult executionId="30073435-3604-4695-8f38-22a6c0687c45" testId="d9d45d9a-607c-56ed-7ec6-bb94e9d84a9d" testName="OpenBullet.Core.Tests.Step5_ValidationTests.VariableScope_Values_Should_Be_Distinct(scope: Local)" computerName="DESKTOP-FL6NJPC" duration="00:00:00.0000632" startTime="2025-08-17T15:55:51.8012949+02:00" endTime="2025-08-17T15:55:51.8012951+02:00" testType="13cdc9d9-ddb5-4fa4-a97d-d965ccfc6d4b" outcome="Passed" testListId="8c84fa94-04c1-424b-9868-57a2d4851a1d" relativeResultsDirectory="30073435-3604-4695-8f38-22a6c0687c45" />
    <UnitTestResult executionId="f7424a26-9f09-44fa-be07-e21d88f506f9" testId="bcc0662c-b2bc-5cc5-ee67-5e1c42b1f275" testName="OpenBullet.Core.Tests.Step9_BotRunnerTests.BotResult_GetCapturedValue_Should_Return_Correct_Type" computerName="DESKTOP-FL6NJPC" duration="00:00:00.0017685" startTime="2025-08-17T15:55:51.4940426+02:00" endTime="2025-08-17T15:55:51.4940431+02:00" testType="13cdc9d9-ddb5-4fa4-a97d-d965ccfc6d4b" outcome="Passed" testListId="8c84fa94-04c1-424b-9868-57a2d4851a1d" relativeResultsDirectory="f7424a26-9f09-44fa-be07-e21d88f506f9" />
    <UnitTestResult executionId="3914cfdf-9849-4d5a-a5c7-4a966e1cf4f9" testId="240bbfcd-30c2-2296-9746-2c3379d8d4c7" testName="OpenBullet.Core.Tests.Step9_JobManagerTests.JobStatus_State_Properties_Should_Work_Correctly(state: Failed, expectedIsRunning: False, expectedIsCompleted: True)" computerName="DESKTOP-FL6NJPC" duration="00:00:00.0010062" startTime="2025-08-17T15:55:53.1029469+02:00" endTime="2025-08-17T15:55:53.1029471+02:00" testType="13cdc9d9-ddb5-4fa4-a97d-d965ccfc6d4b" outcome="Passed" testListId="8c84fa94-04c1-424b-9868-57a2d4851a1d" relativeResultsDirectory="3914cfdf-9849-4d5a-a5c7-4a966e1cf4f9" />
    <UnitTestResult executionId="0a06cdb4-df9d-44fb-9953-fdd35c3c3868" testId="fa754ee4-6335-18f8-ad23-ad109cfac3e6" testName="OpenBullet.Core.Tests.Step10_ProxyJobManagerTests.ProxyStrategy_Enum_Should_Have_All_Values(strategy: OnePerBot)" computerName="DESKTOP-FL6NJPC" duration="00:00:00.0023723" startTime="2025-08-17T15:55:52.5428449+02:00" endTime="2025-08-17T15:55:52.5428452+02:00" testType="13cdc9d9-ddb5-4fa4-a97d-d965ccfc6d4b" outcome="Passed" testListId="8c84fa94-04c1-424b-9868-57a2d4851a1d" relativeResultsDirectory="0a06cdb4-df9d-44fb-9953-fdd35c3c3868" />
    <UnitTestResult executionId="18978e6d-e302-42ee-9e55-17baa06dcecd" testId="0fe58c99-ec1f-1dc6-44d0-d117d9df8bf6" testName="OpenBullet.Core.Tests.Step10_ValidationTests.All_Components_Should_Be_Testable_Together" computerName="DESKTOP-FL6NJPC" duration="00:00:00.0559708" startTime="2025-08-17T15:55:51.8641600+02:00" endTime="2025-08-17T15:55:51.8641603+02:00" testType="13cdc9d9-ddb5-4fa4-a97d-d965ccfc6d4b" outcome="Failed" testListId="8c84fa94-04c1-424b-9868-57a2d4851a1d" relativeResultsDirectory="18978e6d-e302-42ee-9e55-17baa06dcecd">
      <Output>
        <ErrorInfo>
          <Message>Expected proxyJobManager to be assignable to OpenBullet.Core.Jobs.IJobManager, but OpenBullet.Core.Jobs.ProxyJobManager is not.</Message>
          <StackTrace>   at FluentAssertions.Execution.XUnit2TestFramework.Throw(String message)&#xD;
   at FluentAssertions.Execution.TestFrameworkProvider.Throw(String message)&#xD;
   at FluentAssertions.Execution.DefaultAssertionStrategy.HandleFailure(String message)&#xD;
   at FluentAssertions.Execution.AssertionScope.FailWith(Func`1 failReasonFunc)&#xD;
   at FluentAssertions.Execution.AssertionScope.FailWith(Func`1 failReasonFunc)&#xD;
   at FluentAssertions.Execution.AssertionScope.FailWith(String message, Object[] args)&#xD;
   at FluentAssertions.Primitives.ReferenceTypeAssertions`2.BeAssignableTo[T](String because, Object[] becauseArgs)&#xD;
   at OpenBullet.Core.Tests.Step10_ValidationTests.All_Components_Should_Be_Testable_Together() in C:\Users\futiliter\Downloads\Telegram Desktop\Openbullet 1.4.4 Anomaly Modded Version\OpenBulletRecreation\OpenBullet.Core.Tests\Step10_ValidationTests.cs:line 396&#xD;
   at System.RuntimeMethodHandle.InvokeMethod(Object target, Void** arguments, Signature sig, Boolean isConstructor)&#xD;
   at System.Reflection.MethodBaseInvoker.InvokeWithNoArgs(Object obj, BindingFlags invokeAttr)</StackTrace>
        </ErrorInfo>
      </Output>
    </UnitTestResult>
    <UnitTestResult executionId="db899644-184d-455e-af12-2e7e6dbf5c90" testId="24f85852-d844-fe90-9f95-13f1e8e89aed" testName="OpenBullet.Core.Tests.Step8_KeyCheckCommandTests.KeyCheckCommand_Should_Have_Correct_Properties" computerName="DESKTOP-FL6NJPC" duration="00:00:00.0013888" startTime="2025-08-17T15:55:52.1874842+02:00" endTime="2025-08-17T15:55:52.1874843+02:00" testType="13cdc9d9-ddb5-4fa4-a97d-d965ccfc6d4b" outcome="Passed" testListId="8c84fa94-04c1-424b-9868-57a2d4851a1d" relativeResultsDirectory="db899644-184d-455e-af12-2e7e6dbf5c90" />
    <UnitTestResult executionId="8619bd14-f9ac-4786-8229-7783b4436b62" testId="d12d558d-fd94-8eec-f076-ee96bd2761dd" testName="OpenBullet.Core.Tests.Step10_ProxyExtensionsTests.CreateSuccessResult_Should_Create_Success_Result" computerName="DESKTOP-FL6NJPC" duration="00:00:00.0005618" startTime="2025-08-17T15:55:52.1953642+02:00" endTime="2025-08-17T15:55:52.1953643+02:00" testType="13cdc9d9-ddb5-4fa4-a97d-d965ccfc6d4b" outcome="Passed" testListId="8c84fa94-04c1-424b-9868-57a2d4851a1d" relativeResultsDirectory="8619bd14-f9ac-4786-8229-7783b4436b62" />
    <UnitTestResult executionId="4ab242a9-effc-43ec-9b64-29181717bcea" testId="9e73016f-4965-b81a-7732-b715fe9e895d" testName="OpenBullet.Core.Tests.Step9_ScriptEngineTests.ExecuteAsync_With_Empty_Script_Should_Return_Success" computerName="DESKTOP-FL6NJPC" duration="00:00:00.0018196" startTime="2025-08-17T15:55:51.9080162+02:00" endTime="2025-08-17T15:55:51.9080165+02:00" testType="13cdc9d9-ddb5-4fa4-a97d-d965ccfc6d4b" outcome="Passed" testListId="8c84fa94-04c1-424b-9868-57a2d4851a1d" relativeResultsDirectory="4ab242a9-effc-43ec-9b64-29181717bcea" />
    <UnitTestResult executionId="666b58ad-7c0c-492a-b98d-e7a0e6838469" testId="fc67c30f-18f9-155b-41c4-e969c5daff94" testName="OpenBullet.Core.Tests.Step5_VariableManagerTests.SetVariable_Should_Store_Variable_In_Local_Scope" computerName="DESKTOP-FL6NJPC" duration="00:00:00.0076204" startTime="2025-08-17T15:55:51.8688718+02:00" endTime="2025-08-17T15:55:51.8688719+02:00" testType="13cdc9d9-ddb5-4fa4-a97d-d965ccfc6d4b" outcome="Passed" testListId="8c84fa94-04c1-424b-9868-57a2d4851a1d" relativeResultsDirectory="666b58ad-7c0c-492a-b98d-e7a0e6838469" />
    <UnitTestResult executionId="e56464a4-7567-42cd-9742-36e78be9ab33" testId="2e5420cf-b228-fc37-dc17-60b3cec7d062" testName="OpenBullet.Core.Tests.Step10_ProxyExtensionsTests.CreateUsageResult_Should_Create_Correct_Result(success: False, responseTimeMs: 30000, responseCode: 407, errorMessage: &quot;Proxy auth required&quot;)" computerName="DESKTOP-FL6NJPC" duration="00:00:00.0000266" startTime="2025-08-17T15:55:52.1972424+02:00" endTime="2025-08-17T15:55:52.1972425+02:00" testType="13cdc9d9-ddb5-4fa4-a97d-d965ccfc6d4b" outcome="Passed" testListId="8c84fa94-04c1-424b-9868-57a2d4851a1d" relativeResultsDirectory="e56464a4-7567-42cd-9742-36e78be9ab33" />
    <UnitTestResult executionId="39b1df84-4421-4f59-86b0-ae97c052a666" testId="f02d3313-6ca6-d406-6bed-fa18aed43bf9" testName="OpenBullet.Core.Tests.Step1_CoreInterfacesTests.ScriptInstruction_GetArgument_Should_Return_Correct_Value" computerName="DESKTOP-FL6NJPC" duration="00:00:00.0010469" startTime="2025-08-17T15:55:52.0829525+02:00" endTime="2025-08-17T15:55:52.0829539+02:00" testType="13cdc9d9-ddb5-4fa4-a97d-d965ccfc6d4b" outcome="Passed" testListId="8c84fa94-04c1-424b-9868-57a2d4851a1d" relativeResultsDirectory="39b1df84-4421-4f59-86b0-ae97c052a666" />
    <UnitTestResult executionId="cdd3a50f-cd96-4574-985a-30fcf9758a34" testId="7beb4139-a00e-f579-97af-ca94271f0a32" testName="OpenBullet.Core.Tests.Step10_ProxyExtensionsTests.ToEnhancedProxy_Should_Convert_Basic_To_Enhanced" computerName="DESKTOP-FL6NJPC" duration="00:00:00.0009970" startTime="2025-08-17T15:55:52.2246449+02:00" endTime="2025-08-17T15:55:52.2246449+02:00" testType="13cdc9d9-ddb5-4fa4-a97d-d965ccfc6d4b" outcome="Passed" testListId="8c84fa94-04c1-424b-9868-57a2d4851a1d" relativeResultsDirectory="cdd3a50f-cd96-4574-985a-30fcf9758a34" />
    <UnitTestResult executionId="64a3822e-53de-474c-ae25-193c8f91bdf7" testId="854c2e11-fc55-b59c-4fea-c253010a4719" testName="OpenBullet.Core.Tests.Step9_BotRunnerTests.BotStatusExtensions_IsSuccess_Should_Work_Correctly(status: Custom, expectedIsSuccess: True)" computerName="DESKTOP-FL6NJPC" duration="00:00:00.0005269" startTime="2025-08-17T15:55:51.4626173+02:00" endTime="2025-08-17T15:55:51.4626174+02:00" testType="13cdc9d9-ddb5-4fa4-a97d-d965ccfc6d4b" outcome="Passed" testListId="8c84fa94-04c1-424b-9868-57a2d4851a1d" relativeResultsDirectory="64a3822e-53de-474c-ae25-193c8f91bdf7" />
    <UnitTestResult executionId="83f538af-370a-4e8f-aa22-bd13752297cc" testId="f61dd70b-8234-9807-059b-48baee7252f6" testName="OpenBullet.Core.Tests.Step5_VariableManagerTests.ClearVariables_Should_Clear_Correct_Scope" computerName="DESKTOP-FL6NJPC" duration="00:00:00.0010493" startTime="2025-08-17T15:55:52.8445645+02:00" endTime="2025-08-17T15:55:52.8445649+02:00" testType="13cdc9d9-ddb5-4fa4-a97d-d965ccfc6d4b" outcome="Passed" testListId="8c84fa94-04c1-424b-9868-57a2d4851a1d" relativeResultsDirectory="83f538af-370a-4e8f-aa22-bd13752297cc" />
    <UnitTestResult executionId="b56cc29c-ef50-46f5-9f57-ec6ea046b732" testId="adf46003-b603-4b55-0ce1-dcddadc61ed5" testName="OpenBullet.Core.Tests.Step2_HttpClientServiceTests.HttpClientConfiguration_Should_Initialize_With_Default_Values" computerName="DESKTOP-FL6NJPC" duration="00:00:00.0041541" startTime="2025-08-17T15:55:52.7858367+02:00" endTime="2025-08-17T15:55:52.7858374+02:00" testType="13cdc9d9-ddb5-4fa4-a97d-d965ccfc6d4b" outcome="Passed" testListId="8c84fa94-04c1-424b-9868-57a2d4851a1d" relativeResultsDirectory="b56cc29c-ef50-46f5-9f57-ec6ea046b732" />
    <UnitTestResult executionId="c7ce2835-c657-450e-89fb-9951fba11fdd" testId="dd64cff4-2c99-9779-2b28-b48233dabe58" testName="OpenBullet.Core.Tests.Step9_JobManagerTests.JobConfiguration_Validate_Should_Fail_With_Invalid_Config" computerName="DESKTOP-FL6NJPC" duration="00:00:00.0018590" startTime="2025-08-17T15:55:53.1028065+02:00" endTime="2025-08-17T15:55:53.1028067+02:00" testType="13cdc9d9-ddb5-4fa4-a97d-d965ccfc6d4b" outcome="Passed" testListId="8c84fa94-04c1-424b-9868-57a2d4851a1d" relativeResultsDirectory="c7ce2835-c657-450e-89fb-9951fba11fdd" />
    <UnitTestResult executionId="7d970c84-a37b-424c-a7d2-aa41ce1967f0" testId="6b235c0a-c45f-e548-9a16-4c53af6796e2" testName="OpenBullet.Core.Tests.Step6_CommandFactoryTests.RegisterCommand_Instance_Should_Register_Command_Instance" computerName="DESKTOP-FL6NJPC" duration="00:00:00.0009676" startTime="2025-08-17T15:55:51.9994298+02:00" endTime="2025-08-17T15:55:51.9994303+02:00" testType="13cdc9d9-ddb5-4fa4-a97d-d965ccfc6d4b" outcome="Passed" testListId="8c84fa94-04c1-424b-9868-57a2d4851a1d" relativeResultsDirectory="7d970c84-a37b-424c-a7d2-aa41ce1967f0" />
    <UnitTestResult executionId="8bb3d485-04cf-4359-81f3-4c721d9e5394" testId="81872351-39d7-9f52-5b39-c96360b33df7" testName="OpenBullet.Core.Tests.Step5_ExecutionContextTests.Headers_Should_Be_Modifiable" computerName="DESKTOP-FL6NJPC" duration="00:00:00.0012359" startTime="2025-08-17T15:55:52.6699369+02:00" endTime="2025-08-17T15:55:52.6699372+02:00" testType="13cdc9d9-ddb5-4fa4-a97d-d965ccfc6d4b" outcome="Passed" testListId="8c84fa94-04c1-424b-9868-57a2d4851a1d" relativeResultsDirectory="8bb3d485-04cf-4359-81f3-4c721d9e5394" />
    <UnitTestResult executionId="0ac64ea1-8364-458b-8025-c118684a38bb" testId="69692e2d-0d9a-d982-6e2e-258889761355" testName="OpenBullet.Core.Tests.Step8_KeyCheckerTests.KeyChecker_Can_Be_Created" computerName="DESKTOP-FL6NJPC" duration="00:00:00.0004519" startTime="2025-08-17T15:55:51.5096288+02:00" endTime="2025-08-17T15:55:51.5096291+02:00" testType="13cdc9d9-ddb5-4fa4-a97d-d965ccfc6d4b" outcome="Passed" testListId="8c84fa94-04c1-424b-9868-57a2d4851a1d" relativeResultsDirectory="0ac64ea1-8364-458b-8025-c118684a38bb" />
    <UnitTestResult executionId="09b2d141-af05-418d-abbb-1abf8b7891e2" testId="adf32c4a-06d8-bff8-e2e7-e7b1d5969493" testName="OpenBullet.Core.Tests.Step10_ProxyJobManagerTests.ProxyStrategy_Enum_Should_Have_All_Values(strategy: Shared)" computerName="DESKTOP-FL6NJPC" duration="00:00:00.0019172" startTime="2025-08-17T15:55:52.5495256+02:00" endTime="2025-08-17T15:55:52.5495265+02:00" testType="13cdc9d9-ddb5-4fa4-a97d-d965ccfc6d4b" outcome="Passed" testListId="8c84fa94-04c1-424b-9868-57a2d4851a1d" relativeResultsDirectory="09b2d141-af05-418d-abbb-1abf8b7891e2" />
    <UnitTestResult executionId="b0678787-4483-4086-8b2a-7ec0a6d68bdd" testId="ea18b0f3-1ad1-d70e-3980-50d668114a97" testName="OpenBullet.Core.Tests.Step5_IntegrationTests.Checkpoint_Restore_Should_Maintain_Data_Integrity" computerName="DESKTOP-FL6NJPC" duration="00:00:00.0141066" startTime="2025-08-17T15:55:52.3382094+02:00" endTime="2025-08-17T15:55:52.3382097+02:00" testType="13cdc9d9-ddb5-4fa4-a97d-d965ccfc6d4b" outcome="Passed" testListId="8c84fa94-04c1-424b-9868-57a2d4851a1d" relativeResultsDirectory="b0678787-4483-4086-8b2a-7ec0a6d68bdd" />
    <UnitTestResult executionId="e3b400c7-0d17-41ce-a95e-8814654539ec" testId="abcbc1b6-086b-84f3-b930-8fb567c87ca9" testName="OpenBullet.Core.Tests.Step6_CommandMetadataTests.ParameterType_Values_Should_Be_Available(parameterType: HttpMethod)" computerName="DESKTOP-FL6NJPC" duration="00:00:00.0004510" startTime="2025-08-17T15:55:51.9763099+02:00" endTime="2025-08-17T15:55:51.9763102+02:00" testType="13cdc9d9-ddb5-4fa4-a97d-d965ccfc6d4b" outcome="Passed" testListId="8c84fa94-04c1-424b-9868-57a2d4851a1d" relativeResultsDirectory="e3b400c7-0d17-41ce-a95e-8814654539ec" />
    <UnitTestResult executionId="bceb9eea-f3cb-469c-bc03-b9759c93c339" testId="af479e99-0d4f-2044-20f6-4b3e4ff8fda6" testName="OpenBullet.Core.Tests.Step5_ValidationTests.VariableManager_Should_Handle_Dictionaries" computerName="DESKTOP-FL6NJPC" duration="00:00:00.0010431" startTime="2025-08-17T15:55:51.8894119+02:00" endTime="2025-08-17T15:55:51.8894121+02:00" testType="13cdc9d9-ddb5-4fa4-a97d-d965ccfc6d4b" outcome="Passed" testListId="8c84fa94-04c1-424b-9868-57a2d4851a1d" relativeResultsDirectory="bceb9eea-f3cb-469c-bc03-b9759c93c339" />
    <UnitTestResult executionId="3967a6aa-6161-47bb-862b-619f0540b406" testId="910b19da-9613-6ca1-671f-e69c622df3fd" testName="OpenBullet.Core.Tests.Step9_JobManagerTests.ClearJobDataAsync_Should_Remove_Job_Data" computerName="DESKTOP-FL6NJPC" duration="00:00:00.1200643" startTime="2025-08-17T15:55:54.2679956+02:00" endTime="2025-08-17T15:55:54.2679960+02:00" testType="13cdc9d9-ddb5-4fa4-a97d-d965ccfc6d4b" outcome="Passed" testListId="8c84fa94-04c1-424b-9868-57a2d4851a1d" relativeResultsDirectory="3967a6aa-6161-47bb-862b-619f0540b406" />
    <UnitTestResult executionId="22224637-cd26-4452-b377-ab9575f7a84c" testId="64db2b15-80f7-dad0-9a14-8d996736dd24" testName="OpenBullet.Core.Tests.Step5_VariableManagerTests.HasVariable_Should_Return_Correct_Results" computerName="DESKTOP-FL6NJPC" duration="00:00:00.0014287" startTime="2025-08-17T15:55:51.8541095+02:00" endTime="2025-08-17T15:55:51.8541096+02:00" testType="13cdc9d9-ddb5-4fa4-a97d-d965ccfc6d4b" outcome="Passed" testListId="8c84fa94-04c1-424b-9868-57a2d4851a1d" relativeResultsDirectory="22224637-cd26-4452-b377-ab9575f7a84c" />
    <UnitTestResult executionId="362ce3ca-a31b-45e4-b8c2-6819aa010777" testId="06c5b74e-ffdf-3efb-7486-8bfa5e2f92fd" testName="OpenBullet.Core.Tests.Step8_KeyCheckerTests.EvaluateKey_With_Variable_Reference_Should_Work" computerName="DESKTOP-FL6NJPC" duration="00:00:00.0022877" startTime="2025-08-17T15:55:51.6734223+02:00" endTime="2025-08-17T15:55:51.6734224+02:00" testType="13cdc9d9-ddb5-4fa4-a97d-d965ccfc6d4b" outcome="Passed" testListId="8c84fa94-04c1-424b-9868-57a2d4851a1d" relativeResultsDirectory="362ce3ca-a31b-45e4-b8c2-6819aa010777" />
    <UnitTestResult executionId="cb326ab2-504a-46ce-ab27-0d4c7d8851f6" testId="6f635484-eb11-5d4c-db77-35c322a34f02" testName="OpenBullet.Core.Tests.Step5_ValidationTests.Step5TestHelpers_PopulateWithTestData_Should_Work" computerName="DESKTOP-FL6NJPC" duration="00:00:00.0036041" startTime="2025-08-17T15:55:51.8644184+02:00" endTime="2025-08-17T15:55:51.8644185+02:00" testType="13cdc9d9-ddb5-4fa4-a97d-d965ccfc6d4b" outcome="Passed" testListId="8c84fa94-04c1-424b-9868-57a2d4851a1d" relativeResultsDirectory="cb326ab2-504a-46ce-ab27-0d4c7d8851f6" />
    <UnitTestResult executionId="48cf3ec4-ab46-4f34-8810-c7957a51812e" testId="a4170a04-9005-a916-b3a1-fe984b50d4b8" testName="OpenBullet.Core.Tests.Step6_ValidationTests.ScriptInstruction_Should_Have_Parameters_Property" computerName="DESKTOP-FL6NJPC" duration="00:00:00.0004025" startTime="2025-08-17T15:55:51.7568427+02:00" endTime="2025-08-17T15:55:51.7568429+02:00" testType="13cdc9d9-ddb5-4fa4-a97d-d965ccfc6d4b" outcome="Passed" testListId="8c84fa94-04c1-424b-9868-57a2d4851a1d" relativeResultsDirectory="48cf3ec4-ab46-4f34-8810-c7957a51812e" />
    <UnitTestResult executionId="38d878d0-4187-4c3f-a210-16c8b26f68b1" testId="aec21284-4d83-404b-08d2-199eac1e3ce9" testName="OpenBullet.Core.Tests.Step13_ConfigurationEditorTests.GetCompletions_Should_Return_Parameter_Suggestions" computerName="DESKTOP-FL6NJPC" duration="00:00:00.0025010" startTime="2025-08-17T15:55:51.4455439+02:00" endTime="2025-08-17T15:55:51.4455442+02:00" testType="13cdc9d9-ddb5-4fa4-a97d-d965ccfc6d4b" outcome="Failed" testListId="8c84fa94-04c1-424b-9868-57a2d4851a1d" relativeResultsDirectory="38d878d0-4187-4c3f-a210-16c8b26f68b1">
      <Output>
        <ErrorInfo>
          <Message>System.NotImplementedException : To be implemented in Step 13</Message>
          <StackTrace>   at OpenBullet.Core.Tests.AutoCompletionProvider.GetCompletions(CompletionContext context) in C:\Users\futiliter\Downloads\Telegram Desktop\Openbullet 1.4.4 Anomaly Modded Version\OpenBulletRecreation\OpenBullet.Core.Tests\Step13_ConfigurationEditorTests.cs:line 492&#xD;
   at OpenBullet.Core.Tests.Step13_ConfigurationEditorTests.GetCompletions_Should_Return_Parameter_Suggestions() in C:\Users\futiliter\Downloads\Telegram Desktop\Openbullet 1.4.4 Anomaly Modded Version\OpenBulletRecreation\OpenBullet.Core.Tests\Step13_ConfigurationEditorTests.cs:line 220&#xD;
   at System.RuntimeMethodHandle.InvokeMethod(Object target, Void** arguments, Signature sig, Boolean isConstructor)&#xD;
   at System.Reflection.MethodBaseInvoker.InvokeWithNoArgs(Object obj, BindingFlags invokeAttr)</StackTrace>
        </ErrorInfo>
      </Output>
    </UnitTestResult>
    <UnitTestResult executionId="c599762a-6377-4882-ab0d-9ccd8fceffe7" testId="ead0061b-81c9-2e88-24bf-b425750b9917" testName="OpenBullet.Core.Tests.Step4_PerformanceTests.ExtractVariableReferences_Should_Be_Fast" computerName="DESKTOP-FL6NJPC" duration="00:00:00.0320311" startTime="2025-08-17T15:55:52.8054123+02:00" endTime="2025-08-17T15:55:52.8054128+02:00" testType="13cdc9d9-ddb5-4fa4-a97d-d965ccfc6d4b" outcome="Passed" testListId="8c84fa94-04c1-424b-9868-57a2d4851a1d" relativeResultsDirectory="c599762a-6377-4882-ab0d-9ccd8fceffe7" />
    <UnitTestResult executionId="75b26ee6-8ab8-4f23-8d11-2958a8165e9c" testId="049790dd-f998-36b9-b7dc-8f068106e753" testName="OpenBullet.Core.Tests.Step8_KeyCheckCommandTests.ExecuteAsync_With_Variable_Substitution_Should_Replace_Variables" computerName="DESKTOP-FL6NJPC" duration="00:00:00.0071937" startTime="2025-08-17T15:55:52.1974522+02:00" endTime="2025-08-17T15:55:52.1974523+02:00" testType="13cdc9d9-ddb5-4fa4-a97d-d965ccfc6d4b" outcome="Passed" testListId="8c84fa94-04c1-424b-9868-57a2d4851a1d" relativeResultsDirectory="75b26ee6-8ab8-4f23-8d11-2958a8165e9c" />
    <UnitTestResult executionId="9b0c350a-1503-4c64-ad46-73d6354deb5f" testId="a66afaed-7160-66c3-49d5-715bcafc3c48" testName="OpenBullet.Core.Tests.Step7_ParseCommandTests.ValidateInstruction_With_Invalid_Parse_Type_Should_Fail" computerName="DESKTOP-FL6NJPC" duration="00:00:00.0025896" startTime="2025-08-17T15:55:51.6846519+02:00" endTime="2025-08-17T15:55:51.6846520+02:00" testType="13cdc9d9-ddb5-4fa4-a97d-d965ccfc6d4b" outcome="Passed" testListId="8c84fa94-04c1-424b-9868-57a2d4851a1d" relativeResultsDirectory="9b0c350a-1503-4c64-ad46-73d6354deb5f" />
    <UnitTestResult executionId="d9ec401d-b1d5-4b39-8e81-685c2933eef3" testId="882cf9d2-270d-1015-6473-ce101fc96acd" testName="OpenBullet.Core.Tests.Step6_ValidationTests.RequestCommand_Should_Throw_With_Invalid_ServiceProvider" computerName="DESKTOP-FL6NJPC" duration="00:00:00.0019863" startTime="2025-08-17T15:55:51.7500409+02:00" endTime="2025-08-17T15:55:51.7500410+02:00" testType="13cdc9d9-ddb5-4fa4-a97d-d965ccfc6d4b" outcome="Passed" testListId="8c84fa94-04c1-424b-9868-57a2d4851a1d" relativeResultsDirectory="d9ec401d-b1d5-4b39-8e81-685c2933eef3" />
    <UnitTestResult executionId="6ca04a32-6a7d-4c97-8a22-4c40ff0c6a18" testId="ebf8cab7-2122-6a02-01cc-bad3c20b356e" testName="OpenBullet.Core.Tests.Step4_ScriptParserTests.ParseScript_With_Simple_Script_Should_Parse_All_Instructions" computerName="DESKTOP-FL6NJPC" duration="00:00:00.0254799" startTime="2025-08-17T15:55:53.2036391+02:00" endTime="2025-08-17T15:55:53.2036403+02:00" testType="13cdc9d9-ddb5-4fa4-a97d-d965ccfc6d4b" outcome="Passed" testListId="8c84fa94-04c1-424b-9868-57a2d4851a1d" relativeResultsDirectory="6ca04a32-6a7d-4c97-8a22-4c40ff0c6a18" />
    <UnitTestResult executionId="9a3c9824-1171-45b6-9d1c-f1531948d814" testId="0f4c0f3c-0032-80fb-cd10-895257a23e53" testName="OpenBullet.Core.Tests.Step6_ValidationTests.CommandResult_Should_Initialize_With_Correct_Defaults" computerName="DESKTOP-FL6NJPC" duration="00:00:00.0093110" startTime="2025-08-17T15:55:51.7716839+02:00" endTime="2025-08-17T15:55:51.7716843+02:00" testType="13cdc9d9-ddb5-4fa4-a97d-d965ccfc6d4b" outcome="Passed" testListId="8c84fa94-04c1-424b-9868-57a2d4851a1d" relativeResultsDirectory="9a3c9824-1171-45b6-9d1c-f1531948d814" />
    <UnitTestResult executionId="82398ba8-fcd9-4be4-b5b6-706c9e079531" testId="6267a3c9-9cca-c6c7-c0c7-a27a2153424c" testName="OpenBullet.Core.Tests.Step11_ValidationTests.Statistics_Classes_Should_Initialize_Correctly" computerName="DESKTOP-FL6NJPC" duration="00:00:00.0034290" startTime="2025-08-17T15:55:56.2208191+02:00" endTime="2025-08-17T15:55:56.2208194+02:00" testType="13cdc9d9-ddb5-4fa4-a97d-d965ccfc6d4b" outcome="Passed" testListId="8c84fa94-04c1-424b-9868-57a2d4851a1d" relativeResultsDirectory="82398ba8-fcd9-4be4-b5b6-706c9e079531" />
    <UnitTestResult executionId="48e6b0d1-f724-4960-9387-cad8e4539983" testId="4ec8f5b5-8446-53b9-e33c-98a82d07e2f0" testName="OpenBullet.Core.Tests.Step3_ConfigurationServiceTests.ConfigurationService_Should_Initialize_Successfully" computerName="DESKTOP-FL6NJPC" duration="00:00:00.0051082" startTime="2025-08-17T15:55:53.1037439+02:00" endTime="2025-08-17T15:55:53.1037443+02:00" testType="13cdc9d9-ddb5-4fa4-a97d-d965ccfc6d4b" outcome="Passed" testListId="8c84fa94-04c1-424b-9868-57a2d4851a1d" relativeResultsDirectory="48e6b0d1-f724-4960-9387-cad8e4539983" />
    <UnitTestResult executionId="916d384e-6fee-409a-b395-3a2c77c1f50e" testId="d7beaece-8b3e-4275-a0c6-63a0f3fa23cb" testName="OpenBullet.Core.Tests.Step7_ValidationTests.ParseType_String_Conversion_Should_Work(stringValue: &quot;REGEX&quot;, expectedType: Regex)" computerName="DESKTOP-FL6NJPC" duration="00:00:00.0000134" startTime="2025-08-17T15:55:51.6840676+02:00" endTime="2025-08-17T15:55:51.6840679+02:00" testType="13cdc9d9-ddb5-4fa4-a97d-d965ccfc6d4b" outcome="Passed" testListId="8c84fa94-04c1-424b-9868-57a2d4851a1d" relativeResultsDirectory="916d384e-6fee-409a-b395-3a2c77c1f50e" />
    <UnitTestResult executionId="8a515430-53ea-446c-9d0c-84b4b2a7562f" testId="2de3e0be-cae8-52c1-cf93-7e0582b45b81" testName="OpenBullet.Core.Tests.Step9_ScriptEngineTests.ValidateScript_With_Duplicate_Labels_Should_Report_Error" computerName="DESKTOP-FL6NJPC" duration="00:00:00.0381422" startTime="2025-08-17T15:55:51.8539097+02:00" endTime="2025-08-17T15:55:51.8539098+02:00" testType="13cdc9d9-ddb5-4fa4-a97d-d965ccfc6d4b" outcome="Passed" testListId="8c84fa94-04c1-424b-9868-57a2d4851a1d" relativeResultsDirectory="8a515430-53ea-446c-9d0c-84b4b2a7562f" />
    <UnitTestResult executionId="e71309d3-3ba7-4e25-b925-0bd07f24e008" testId="58158ded-f3a5-a9c3-7fd1-2b877e924eb7" testName="OpenBullet.Core.Tests.Step6_ValidationTests.CommandMetadata_Should_Have_Correct_Structure" computerName="DESKTOP-FL6NJPC" duration="00:00:00.0013315" startTime="2025-08-17T15:55:51.7440747+02:00" endTime="2025-08-17T15:55:51.7440750+02:00" testType="13cdc9d9-ddb5-4fa4-a97d-d965ccfc6d4b" outcome="Passed" testListId="8c84fa94-04c1-424b-9868-57a2d4851a1d" relativeResultsDirectory="e71309d3-3ba7-4e25-b925-0bd07f24e008" />
    <UnitTestResult executionId="8bbbd212-21bd-4c6f-8b25-69d94913bce0" testId="322888f0-481d-eab5-3d30-f59a377b9395" testName="OpenBullet.Core.Tests.Step4_ScriptParserTests.ParseLine_With_Quoted_Arguments_Should_Parse_Correctly" computerName="DESKTOP-FL6NJPC" duration="00:00:00.0265077" startTime="2025-08-17T15:55:52.5515692+02:00" endTime="2025-08-17T15:55:52.5515695+02:00" testType="13cdc9d9-ddb5-4fa4-a97d-d965ccfc6d4b" outcome="Passed" testListId="8c84fa94-04c1-424b-9868-57a2d4851a1d" relativeResultsDirectory="8bbbd212-21bd-4c6f-8b25-69d94913bce0" />
    <UnitTestResult executionId="a9fc5f69-4e64-43c6-bcf5-ed7fc8c4ddf7" testId="0028fb84-01ad-0a89-a87b-8b49d5e570d0" testName="OpenBullet.Core.Tests.Step10_ProxyExtensionsTests.IsValid_Enhanced_Should_Validate_Correctly(host: &quot;proxy.com&quot;, port: 0, type: Http, expectedValid: False)" computerName="DESKTOP-FL6NJPC" duration="00:00:00.0008085" startTime="2025-08-17T15:55:52.1283139+02:00" endTime="2025-08-17T15:55:52.1283143+02:00" testType="13cdc9d9-ddb5-4fa4-a97d-d965ccfc6d4b" outcome="Passed" testListId="8c84fa94-04c1-424b-9868-57a2d4851a1d" relativeResultsDirectory="a9fc5f69-4e64-43c6-bcf5-ed7fc8c4ddf7" />
    <UnitTestResult executionId="11a49002-f11a-4e8a-b39b-f6aa1443f33c" testId="031f4611-6c10-0ee0-1514-cd11518d746e" testName="OpenBullet.Core.Tests.Step6_ValidationTests.RequestCommand_Should_Validate_HTTP_Methods_Correctly(method: &quot;PUT&quot;, shouldBeValid: True)" computerName="DESKTOP-FL6NJPC" duration="00:00:00.0015045" startTime="2025-08-17T15:55:51.6954559+02:00" endTime="2025-08-17T15:55:51.6954566+02:00" testType="13cdc9d9-ddb5-4fa4-a97d-d965ccfc6d4b" outcome="Passed" testListId="8c84fa94-04c1-424b-9868-57a2d4851a1d" relativeResultsDirectory="11a49002-f11a-4e8a-b39b-f6aa1443f33c" />
    <UnitTestResult executionId="40b8447f-d559-4eda-947c-c0739010b092" testId="17c36cf8-c30d-3bd8-48ea-2b46b6fe1593" testName="OpenBullet.Core.Tests.Step10_ProxyExtensionsTests.ProxyTestResult_DetermineHealth_Should_Set_Health_Correctly(initialHealth: Unknown, successRate: 50, responseTimeMs: 1000, expectedHealth: Dead)" computerName="DESKTOP-FL6NJPC" duration="00:00:00.0016497" startTime="2025-08-17T15:55:52.2229638+02:00" endTime="2025-08-17T15:55:52.2229640+02:00" testType="13cdc9d9-ddb5-4fa4-a97d-d965ccfc6d4b" outcome="Failed" testListId="8c84fa94-04c1-424b-9868-57a2d4851a1d" relativeResultsDirectory="40b8447f-d559-4eda-947c-c0739010b092">
      <Output>
        <ErrorInfo>
          <Message>Expected determinedHealth to be ProxyHealth.Dead {value: 4}, but found ProxyHealth.Healthy {value: 1}.</Message>
          <StackTrace>   at FluentAssertions.Execution.XUnit2TestFramework.Throw(String message)&#xD;
   at FluentAssertions.Execution.TestFrameworkProvider.Throw(String message)&#xD;
   at FluentAssertions.Execution.DefaultAssertionStrategy.HandleFailure(String message)&#xD;
   at FluentAssertions.Execution.AssertionScope.FailWith(Func`1 failReasonFunc)&#xD;
   at FluentAssertions.Execution.AssertionScope.FailWith(Func`1 failReasonFunc)&#xD;
   at FluentAssertions.Execution.AssertionScope.FailWith(String message, Object[] args)&#xD;
   at FluentAssertions.Primitives.EnumAssertions`2.Be(TEnum expected, String because, Object[] becauseArgs)&#xD;
   at OpenBullet.Core.Tests.Step10_ProxyExtensionsTests.ProxyTestResult_DetermineHealth_Should_Set_Health_Correctly(ProxyHealth initialHealth, Double successRate, Int32 responseTimeMs, ProxyHealth expectedHealth) in C:\Users\futiliter\Downloads\Telegram Desktop\Openbullet 1.4.4 Anomaly Modded Version\OpenBulletRecreation\OpenBullet.Core.Tests\Step10_ProxyExtensionsTests.cs:line 473&#xD;
   at InvokeStub_Step10_ProxyExtensionsTests.ProxyTestResult_DetermineHealth_Should_Set_Health_Correctly(Object, Span`1)&#xD;
   at System.Reflection.MethodBaseInvoker.InvokeWithFewArgs(Object obj, BindingFlags invokeAttr, Binder binder, Object[] parameters, CultureInfo culture)</StackTrace>
        </ErrorInfo>
      </Output>
    </UnitTestResult>
    <UnitTestResult executionId="b2a502b7-7827-46a4-ad20-95b288e80ab5" testId="70dd8c06-ebcb-65a9-e522-74d74a16ea56" testName="OpenBullet.Core.Tests.Step10_ValidationTests.ProxyPoolStatistics_Should_Initialize_With_Defaults" computerName="DESKTOP-FL6NJPC" duration="00:00:00.0107864" startTime="2025-08-17T15:55:51.7890114+02:00" endTime="2025-08-17T15:55:51.7890116+02:00" testType="13cdc9d9-ddb5-4fa4-a97d-d965ccfc6d4b" outcome="Passed" testListId="8c84fa94-04c1-424b-9868-57a2d4851a1d" relativeResultsDirectory="b2a502b7-7827-46a4-ad20-95b288e80ab5" />
    <UnitTestResult executionId="23dd44fb-1563-45b7-876d-cea826a555e3" testId="4bcb3cba-7f1f-707b-2540-40f494c38e8a" testName="OpenBullet.Core.Tests.Step10_ProxyExtensionsTests.ValidateProxyList_With_All_Valid_Proxies_Should_Pass" computerName="DESKTOP-FL6NJPC" duration="00:00:00.0038130" startTime="2025-08-17T15:55:52.1563230+02:00" endTime="2025-08-17T15:55:52.1563232+02:00" testType="13cdc9d9-ddb5-4fa4-a97d-d965ccfc6d4b" outcome="Passed" testListId="8c84fa94-04c1-424b-9868-57a2d4851a1d" relativeResultsDirectory="23dd44fb-1563-45b7-876d-cea826a555e3" />
    <UnitTestResult executionId="489533ed-d283-4803-bd47-d892758c29e3" testId="7daac975-e406-d049-f190-9aff04e3550f" testName="OpenBullet.Core.Tests.Step10_ProxyExtensionsTests.GetPerformanceScore_Should_Calculate_Correctly(health: Unreliable, successRate: 80, responseTimeMs: 2000, expectedScore: 56)" computerName="DESKTOP-FL6NJPC" duration="00:00:00.0015664" startTime="2025-08-17T15:55:52.1894101+02:00" endTime="2025-08-17T15:55:52.1894104+02:00" testType="13cdc9d9-ddb5-4fa4-a97d-d965ccfc6d4b" outcome="Failed" testListId="8c84fa94-04c1-424b-9868-57a2d4851a1d" relativeResultsDirectory="489533ed-d283-4803-bd47-d892758c29e3">
      <Output>
        <ErrorInfo>
          <Message>Expected score to approximate 56.0 +/- 0.5, but 64.0 differed by 8.0.</Message>
          <StackTrace>   at FluentAssertions.Execution.XUnit2TestFramework.Throw(String message)&#xD;
   at FluentAssertions.Execution.TestFrameworkProvider.Throw(String message)&#xD;
   at FluentAssertions.Execution.DefaultAssertionStrategy.HandleFailure(String message)&#xD;
   at FluentAssertions.Execution.AssertionScope.FailWith(Func`1 failReasonFunc)&#xD;
   at FluentAssertions.Execution.AssertionScope.FailWith(Func`1 failReasonFunc)&#xD;
   at FluentAssertions.Execution.AssertionScope.FailWith(String message, Object[] args)&#xD;
   at FluentAssertions.NumericAssertionsExtensions.FailIfDifferenceOutsidePrecision[T](Boolean differenceWithinPrecision, NumericAssertions`1 parent, T expectedValue, T precision, T actualDifference, String because, Object[] becauseArgs)&#xD;
   at FluentAssertions.NumericAssertionsExtensions.BeApproximately(NumericAssertions`1 parent, Double expectedValue, Double precision, String because, Object[] becauseArgs)&#xD;
   at OpenBullet.Core.Tests.Step10_ProxyExtensionsTests.GetPerformanceScore_Should_Calculate_Correctly(ProxyHealth health, Double successRate, Int32 responseTimeMs, Double expectedScore) in C:\Users\futiliter\Downloads\Telegram Desktop\Openbullet 1.4.4 Anomaly Modded Version\OpenBulletRecreation\OpenBullet.Core.Tests\Step10_ProxyExtensionsTests.cs:line 205&#xD;
   at InvokeStub_Step10_ProxyExtensionsTests.GetPerformanceScore_Should_Calculate_Correctly(Object, Span`1)&#xD;
   at System.Reflection.MethodBaseInvoker.InvokeWithFewArgs(Object obj, BindingFlags invokeAttr, Binder binder, Object[] parameters, CultureInfo culture)</StackTrace>
        </ErrorInfo>
      </Output>
    </UnitTestResult>
    <UnitTestResult executionId="a65f8a1d-867d-4b11-9b31-c9567f5a8bb6" testId="d7ed6c9f-5bcb-9fa6-c954-3410f9ef1fcb" testName="OpenBullet.Core.Tests.Step6_RequestCommandTests.ValidateInstruction_With_Valid_HTTP_Methods_Should_Pass(method: &quot;DELETE&quot;)" computerName="DESKTOP-FL6NJPC" duration="00:00:00.0060249" startTime="2025-08-17T15:55:52.3571939+02:00" endTime="2025-08-17T15:55:52.3571942+02:00" testType="13cdc9d9-ddb5-4fa4-a97d-d965ccfc6d4b" outcome="Passed" testListId="8c84fa94-04c1-424b-9868-57a2d4851a1d" relativeResultsDirectory="a65f8a1d-867d-4b11-9b31-c9567f5a8bb6" />
    <UnitTestResult executionId="deb8c5ff-290b-4e2f-9694-bddf0bd5357b" testId="4fa3e925-cf8b-7887-0333-bde7232e835e" testName="OpenBullet.Core.Tests.Step7_ValidationTests.All_Parser_Types_Should_Be_Testable" computerName="DESKTOP-FL6NJPC" duration="00:00:00.0093922" startTime="2025-08-17T15:55:51.6881682+02:00" endTime="2025-08-17T15:55:51.6881683+02:00" testType="13cdc9d9-ddb5-4fa4-a97d-d965ccfc6d4b" outcome="Passed" testListId="8c84fa94-04c1-424b-9868-57a2d4851a1d" relativeResultsDirectory="deb8c5ff-290b-4e2f-9694-bddf0bd5357b" />
    <UnitTestResult executionId="3645456e-d2c8-4e78-b7c2-b7b62dbefbc1" testId="66d0d83e-9d9a-2c87-e4da-cffad12fb9c4" testName="OpenBullet.Core.Tests.Step6_CommandFactoryTests.RegisterCommandMetadata_Should_Store_Metadata" computerName="DESKTOP-FL6NJPC" duration="00:00:00.0016601" startTime="2025-08-17T15:55:51.9456747+02:00" endTime="2025-08-17T15:55:51.9456748+02:00" testType="13cdc9d9-ddb5-4fa4-a97d-d965ccfc6d4b" outcome="Passed" testListId="8c84fa94-04c1-424b-9868-57a2d4851a1d" relativeResultsDirectory="3645456e-d2c8-4e78-b7c2-b7b62dbefbc1" />
    <UnitTestResult executionId="f9f57a78-5968-4281-be0c-6e6385ca2712" testId="3c52351b-e9fb-6999-c7d5-1a479e0d7784" testName="OpenBullet.Core.Tests.Step9_BotRunnerTests.BotStatusExtensions_ShouldRetry_Should_Work_Correctly(status: Success, expectedShouldRetry: False)" computerName="DESKTOP-FL6NJPC" duration="00:00:00.0014453" startTime="2025-08-17T15:55:51.4581844+02:00" endTime="2025-08-17T15:55:51.4581845+02:00" testType="13cdc9d9-ddb5-4fa4-a97d-d965ccfc6d4b" outcome="Passed" testListId="8c84fa94-04c1-424b-9868-57a2d4851a1d" relativeResultsDirectory="f9f57a78-5968-4281-be0c-6e6385ca2712" />
    <UnitTestResult executionId="1401deb2-e9da-419e-85e5-1654ff4ce6de" testId="dc671206-8be9-309c-b962-69cf439b850a" testName="OpenBullet.Core.Tests.Step10_ValidationTests.Step10TestHelpers_Should_Create_Valid_Objects" computerName="DESKTOP-FL6NJPC" duration="00:00:00.0238746" startTime="2025-08-17T15:55:51.7663316+02:00" endTime="2025-08-17T15:55:51.7663323+02:00" testType="13cdc9d9-ddb5-4fa4-a97d-d965ccfc6d4b" outcome="Passed" testListId="8c84fa94-04c1-424b-9868-57a2d4851a1d" relativeResultsDirectory="1401deb2-e9da-419e-85e5-1654ff4ce6de" />
    <UnitTestResult executionId="f79b56b4-5962-461c-b84b-da7490a95cc3" testId="9e0b2997-948c-a0ec-ac43-88fe5bc3c2bc" testName="OpenBullet.Core.Tests.Step1_CoreInterfacesTests.ConfigSettings_Should_Initialize_With_Default_Values" computerName="DESKTOP-FL6NJPC" duration="00:00:00.0007901" startTime="2025-08-17T15:55:52.1123425+02:00" endTime="2025-08-17T15:55:52.1123426+02:00" testType="13cdc9d9-ddb5-4fa4-a97d-d965ccfc6d4b" outcome="Passed" testListId="8c84fa94-04c1-424b-9868-57a2d4851a1d" relativeResultsDirectory="f79b56b4-5962-461c-b84b-da7490a95cc3" />
    <UnitTestResult executionId="2965c88b-0990-46c1-a9bb-15ef95e889ac" testId="1cadd6e5-ca94-cf2f-4768-3830ebdcb365" testName="OpenBullet.Core.Tests.Step10_ProxyManagerTests.ReturnProxyAsync_With_Failure_Result_Should_Update_Statistics" computerName="DESKTOP-FL6NJPC" duration="00:00:00.0028741" startTime="2025-08-17T15:55:51.7284459+02:00" endTime="2025-08-17T15:55:51.7284463+02:00" testType="13cdc9d9-ddb5-4fa4-a97d-d965ccfc6d4b" outcome="Passed" testListId="8c84fa94-04c1-424b-9868-57a2d4851a1d" relativeResultsDirectory="2965c88b-0990-46c1-a9bb-15ef95e889ac" />
    <UnitTestResult executionId="ac50b467-53fa-4b46-b990-f2c67b178e3c" testId="03e24d99-e42d-49a1-28a4-cea20f22b449" testName="OpenBullet.Core.Tests.Step8_ValidationTests.KeyChain_Should_Initialize_With_Defaults" computerName="DESKTOP-FL6NJPC" duration="00:00:00.0028070" startTime="2025-08-17T15:55:51.5252054+02:00" endTime="2025-08-17T15:55:51.5252057+02:00" testType="13cdc9d9-ddb5-4fa4-a97d-d965ccfc6d4b" outcome="Passed" testListId="8c84fa94-04c1-424b-9868-57a2d4851a1d" relativeResultsDirectory="ac50b467-53fa-4b46-b990-f2c67b178e3c" />
    <UnitTestResult executionId="cc3fe01d-cfaa-4269-91e9-ba833a2e8920" testId="47f4a4c2-94d0-b4dd-21eb-df97252626cd" testName="OpenBullet.Core.Tests.Step5_ValidationTests.ExecutionCheckpoint_Should_Initialize_With_Defaults" computerName="DESKTOP-FL6NJPC" duration="00:00:00.0022885" startTime="2025-08-17T15:55:51.8799302+02:00" endTime="2025-08-17T15:55:51.8799303+02:00" testType="13cdc9d9-ddb5-4fa4-a97d-d965ccfc6d4b" outcome="Passed" testListId="8c84fa94-04c1-424b-9868-57a2d4851a1d" relativeResultsDirectory="cc3fe01d-cfaa-4269-91e9-ba833a2e8920" />
    <UnitTestResult executionId="36d605a3-c6b3-478a-9fcb-3089d23ca0b9" testId="0243d090-4ec6-fffe-6d9a-3015145c0cbb" testName="OpenBullet.Core.Tests.Step8_KeyCheckerTests.EvaluateKey_With_Various_Conditions_Should_Work(condition: IsEmpty, sourceValue: &quot;not empty&quot;, targetValue: &quot;&quot;, expected: False)" computerName="DESKTOP-FL6NJPC" duration="00:00:00.0006658" startTime="2025-08-17T15:55:51.5522760+02:00" endTime="2025-08-17T15:55:51.5522764+02:00" testType="13cdc9d9-ddb5-4fa4-a97d-d965ccfc6d4b" outcome="Passed" testListId="8c84fa94-04c1-424b-9868-57a2d4851a1d" relativeResultsDirectory="36d605a3-c6b3-478a-9fcb-3089d23ca0b9" />
    <UnitTestResult executionId="e3671297-4eca-48f4-9914-715f7d208b7e" testId="87486547-f783-c2c9-e172-f89317762964" testName="OpenBullet.Core.Tests.Step11_ValidationTests.Performance_With_Realistic_Dataset_Should_Be_Acceptable" computerName="DESKTOP-FL6NJPC" duration="00:00:04.1206406" startTime="2025-08-17T15:55:56.1832889+02:00" endTime="2025-08-17T15:55:56.1832892+02:00" testType="13cdc9d9-ddb5-4fa4-a97d-d965ccfc6d4b" outcome="Passed" testListId="8c84fa94-04c1-424b-9868-57a2d4851a1d" relativeResultsDirectory="e3671297-4eca-48f4-9914-715f7d208b7e" />
    <UnitTestResult executionId="f0c3e9cf-6568-49dc-973e-67e3ff0d201f" testId="47775cc6-3ac9-7aab-1917-7a77a2c74714" testName="OpenBullet.Core.Tests.Step5_ValidationTests.ExecutionStatus_Values_Should_Be_Distinct(status: Paused)" computerName="DESKTOP-FL6NJPC" duration="00:00:00.0000112" startTime="2025-08-17T15:55:51.7928838+02:00" endTime="2025-08-17T15:55:51.7928838+02:00" testType="13cdc9d9-ddb5-4fa4-a97d-d965ccfc6d4b" outcome="Passed" testListId="8c84fa94-04c1-424b-9868-57a2d4851a1d" relativeResultsDirectory="f0c3e9cf-6568-49dc-973e-67e3ff0d201f" />
    <UnitTestResult executionId="c4cd8bc7-f062-4fc6-b62a-9e4d1115999e" testId="6e49f417-b943-432d-5126-4d25aa46d8e0" testName="OpenBullet.Core.Tests.Step10_ValidationTests.ProxyJobConfigurationValidationResult_Should_Initialize_With_Defaults" computerName="DESKTOP-FL6NJPC" duration="00:00:00.0004798" startTime="2025-08-17T15:55:51.8684169+02:00" endTime="2025-08-17T15:55:51.8684171+02:00" testType="13cdc9d9-ddb5-4fa4-a97d-d965ccfc6d4b" outcome="Passed" testListId="8c84fa94-04c1-424b-9868-57a2d4851a1d" relativeResultsDirectory="c4cd8bc7-f062-4fc6-b62a-9e4d1115999e" />
    <UnitTestResult executionId="c7d1afaf-a4c4-47a1-a901-aacaa9a0f352" testId="8bae85d9-133a-7c4b-ad56-2f6684f111a8" testName="OpenBullet.Core.Tests.Step6_RequestCommandTests.ValidateInstruction_With_Incomplete_Parameters_Should_Fail" computerName="DESKTOP-FL6NJPC" duration="00:00:00.0093237" startTime="2025-08-17T15:55:52.5295826+02:00" endTime="2025-08-17T15:55:52.5295829+02:00" testType="13cdc9d9-ddb5-4fa4-a97d-d965ccfc6d4b" outcome="Passed" testListId="8c84fa94-04c1-424b-9868-57a2d4851a1d" relativeResultsDirectory="c7d1afaf-a4c4-47a1-a901-aacaa9a0f352" />
    <UnitTestResult executionId="f5b7b270-dbf5-46f9-98b2-2ff55905ece3" testId="9d2b40f6-f9ea-916e-ac63-74483f20488d" testName="OpenBullet.Core.Tests.Step4_ScriptParserTests.ParseLine_With_Boolean_Parameters_Should_Parse_Correctly" computerName="DESKTOP-FL6NJPC" duration="00:00:00.0227987" startTime="2025-08-17T15:55:52.5243866+02:00" endTime="2025-08-17T15:55:52.5243870+02:00" testType="13cdc9d9-ddb5-4fa4-a97d-d965ccfc6d4b" outcome="Passed" testListId="8c84fa94-04c1-424b-9868-57a2d4851a1d" relativeResultsDirectory="f5b7b270-dbf5-46f9-98b2-2ff55905ece3" />
    <UnitTestResult executionId="6d8a91d3-faec-40d0-b699-034f0ee41968" testId="02b01773-fa7c-7dc8-71b8-d2228b70421a" testName="OpenBullet.Core.Tests.Step7_ParsersTests.ParserFactory_Should_Register_Custom_Parser" computerName="DESKTOP-FL6NJPC" duration="00:00:00.0329337" startTime="2025-08-17T15:55:51.7876053+02:00" endTime="2025-08-17T15:55:51.7876057+02:00" testType="13cdc9d9-ddb5-4fa4-a97d-d965ccfc6d4b" outcome="Passed" testListId="8c84fa94-04c1-424b-9868-57a2d4851a1d" relativeResultsDirectory="6d8a91d3-faec-40d0-b699-034f0ee41968" />
    <UnitTestResult executionId="55c6047d-5a28-44cd-8f68-48f90d9c9648" testId="b338dead-9aa7-3cc1-9f40-49db236d3077" testName="OpenBullet.Core.Tests.Step5_ValidationTests.VariableManager_Should_Handle_Type_Conversion" computerName="DESKTOP-FL6NJPC" duration="00:00:00.0014924" startTime="2025-08-17T15:55:51.8993781+02:00" endTime="2025-08-17T15:55:51.8993786+02:00" testType="13cdc9d9-ddb5-4fa4-a97d-d965ccfc6d4b" outcome="Passed" testListId="8c84fa94-04c1-424b-9868-57a2d4851a1d" relativeResultsDirectory="55c6047d-5a28-44cd-8f68-48f90d9c9648" />
    <UnitTestResult executionId="0e9418ad-4f92-419b-a81b-32a1a5f1a4f7" testId="8fc28766-192a-8566-bdd8-08553ebadee1" testName="OpenBullet.Core.Tests.Step8_ValidationTests.KeyCondition_Enum_Should_Have_Expected_Values" computerName="DESKTOP-FL6NJPC" duration="00:00:00.0084980" startTime="2025-08-17T15:55:51.6158261+02:00" endTime="2025-08-17T15:55:51.6158266+02:00" testType="13cdc9d9-ddb5-4fa4-a97d-d965ccfc6d4b" outcome="Passed" testListId="8c84fa94-04c1-424b-9868-57a2d4851a1d" relativeResultsDirectory="0e9418ad-4f92-419b-a81b-32a1a5f1a4f7" />
    <UnitTestResult executionId="5a5b4a21-9753-4059-ad18-2a5ad0eda6e0" testId="e4b16ff7-6965-15c5-ad02-1809d1b11d6e" testName="OpenBullet.Core.Tests.Step7_ValidationTests.ParserFactory_Can_Be_Created" computerName="DESKTOP-FL6NJPC" duration="00:00:00.0004551" startTime="2025-08-17T15:55:51.7781099+02:00" endTime="2025-08-17T15:55:51.7781103+02:00" testType="13cdc9d9-ddb5-4fa4-a97d-d965ccfc6d4b" outcome="Passed" testListId="8c84fa94-04c1-424b-9868-57a2d4851a1d" relativeResultsDirectory="5a5b4a21-9753-4059-ad18-2a5ad0eda6e0" />
    <UnitTestResult executionId="6837b257-c04f-4987-a2ae-07c8528f8ee9" testId="0809062b-0278-3b81-b974-7a63da244f40" testName="OpenBullet.Core.Tests.Step9_BotRunnerTests.BotResult_Properties_Should_Work_Correctly" computerName="DESKTOP-FL6NJPC" duration="00:00:00.0079976" startTime="2025-08-17T15:55:51.4741901+02:00" endTime="2025-08-17T15:55:51.4741903+02:00" testType="13cdc9d9-ddb5-4fa4-a97d-d965ccfc6d4b" outcome="Passed" testListId="8c84fa94-04c1-424b-9868-57a2d4851a1d" relativeResultsDirectory="6837b257-c04f-4987-a2ae-07c8528f8ee9" />
    <UnitTestResult executionId="ebafd9ae-045d-4cae-abd7-5e66dcc85198" testId="6813b3f7-b8f3-8dd3-4fa0-1fcd1ef38927" testName="OpenBullet.Core.Tests.Step8_KeyCheckerTests.EvaluateKey_With_Various_Conditions_Should_Work(condition: IsEmpty, sourceValue: &quot;&quot;, targetValue: &quot;&quot;, expected: True)" computerName="DESKTOP-FL6NJPC" duration="00:00:00.0001688" startTime="2025-08-17T15:55:51.5687799+02:00" endTime="2025-08-17T15:55:51.5687800+02:00" testType="13cdc9d9-ddb5-4fa4-a97d-d965ccfc6d4b" outcome="Passed" testListId="8c84fa94-04c1-424b-9868-57a2d4851a1d" relativeResultsDirectory="ebafd9ae-045d-4cae-abd7-5e66dcc85198" />
    <UnitTestResult executionId="aa919ea4-5554-4d66-9ad1-c5fb3acb39b6" testId="dd61a709-c445-d833-ad16-8ad65336ed27" testName="OpenBullet.Core.Tests.Step5_ExecutionContextTests.ExecutionContext_Should_Initialize_From_BotData" computerName="DESKTOP-FL6NJPC" duration="00:00:00.0019509" startTime="2025-08-17T15:55:52.6720983+02:00" endTime="2025-08-17T15:55:52.6720986+02:00" testType="13cdc9d9-ddb5-4fa4-a97d-d965ccfc6d4b" outcome="Passed" testListId="8c84fa94-04c1-424b-9868-57a2d4851a1d" relativeResultsDirectory="aa919ea4-5554-4d66-9ad1-c5fb3acb39b6" />
    <UnitTestResult executionId="728cc99a-cfa4-4bc6-9d0f-cf52acb3052b" testId="08167004-c953-5cb5-3330-6fa8454f9322" testName="OpenBullet.Core.Tests.Step8_KeyCheckCommandTests.ValidateInstruction_With_Valid_Instruction_Should_Pass" computerName="DESKTOP-FL6NJPC" duration="00:00:00.0018816" startTime="2025-08-17T15:55:52.1716729+02:00" endTime="2025-08-17T15:55:52.1716730+02:00" testType="13cdc9d9-ddb5-4fa4-a97d-d965ccfc6d4b" outcome="Passed" testListId="8c84fa94-04c1-424b-9868-57a2d4851a1d" relativeResultsDirectory="728cc99a-cfa4-4bc6-9d0f-cf52acb3052b" />
    <UnitTestResult executionId="d089cb59-a7b0-4f69-ab46-8b2bd560309f" testId="be64a507-9cbe-c3d4-1244-51e096dc45ef" testName="OpenBullet.Core.Tests.Step10_ValidationTests.Enum_Combinations_Should_Be_Valid(rotationStrategy: HealthBased, strategy: PerDataLine, health: Dead)" computerName="DESKTOP-FL6NJPC" duration="00:00:00.0030962" startTime="2025-08-17T15:55:51.8646033+02:00" endTime="2025-08-17T15:55:51.8646035+02:00" testType="13cdc9d9-ddb5-4fa4-a97d-d965ccfc6d4b" outcome="Passed" testListId="8c84fa94-04c1-424b-9868-57a2d4851a1d" relativeResultsDirectory="d089cb59-a7b0-4f69-ab46-8b2bd560309f" />
    <UnitTestResult executionId="797bbc18-258e-4652-a9c3-d817e7074267" testId="60629f22-4e3e-db60-9276-678c8c2417fd" testName="OpenBullet.Core.Tests.Step5_ValidationTests.ExecutionStatus_Values_Should_Be_Distinct(status: Retrying)" computerName="DESKTOP-FL6NJPC" duration="00:00:00.0004368" startTime="2025-08-17T15:55:51.7915287+02:00" endTime="2025-08-17T15:55:51.7915287+02:00" testType="13cdc9d9-ddb5-4fa4-a97d-d965ccfc6d4b" outcome="Passed" testListId="8c84fa94-04c1-424b-9868-57a2d4851a1d" relativeResultsDirectory="797bbc18-258e-4652-a9c3-d817e7074267" />
    <UnitTestResult executionId="2ab8d271-0e7e-410f-b768-f219387c9658" testId="b878d5a2-938d-3c9b-0cef-4c0c65e5795a" testName="OpenBullet.Core.Tests.Step8_KeyCheckCommandTests.ValidateInstruction_With_Invalid_Status_Should_Fail" computerName="DESKTOP-FL6NJPC" duration="00:00:00.0024179" startTime="2025-08-17T15:55:52.2231234+02:00" endTime="2025-08-17T15:55:52.2231236+02:00" testType="13cdc9d9-ddb5-4fa4-a97d-d965ccfc6d4b" outcome="Passed" testListId="8c84fa94-04c1-424b-9868-57a2d4851a1d" relativeResultsDirectory="2ab8d271-0e7e-410f-b768-f219387c9658" />
    <UnitTestResult executionId="95002014-dcf1-4b56-a5d4-58cb41cd632d" testId="f9abc840-1f1d-a89d-a8c3-125fe0a5f638" testName="OpenBullet.Core.Tests.Step9_ScriptEngineTests.ExecuteAsync_With_Failed_Command_Should_Handle_Error" computerName="DESKTOP-FL6NJPC" duration="00:00:00.0045540" startTime="2025-08-17T15:55:51.8934007+02:00" endTime="2025-08-17T15:55:51.8934016+02:00" testType="13cdc9d9-ddb5-4fa4-a97d-d965ccfc6d4b" outcome="Passed" testListId="8c84fa94-04c1-424b-9868-57a2d4851a1d" relativeResultsDirectory="95002014-dcf1-4b56-a5d4-58cb41cd632d" />
    <UnitTestResult executionId="b8ddc362-48b3-4df8-9216-2977f29d385f" testId="7a0fb384-03ef-63ed-f786-c1ba66d985c3" testName="OpenBullet.Core.Tests.Step7_ParsersTests.JsonParser_Should_Handle_Nested_Objects" computerName="DESKTOP-FL6NJPC" duration="00:00:00.0090982" startTime="2025-08-17T15:55:51.9121583+02:00" endTime="2025-08-17T15:55:51.9121587+02:00" testType="13cdc9d9-ddb5-4fa4-a97d-d965ccfc6d4b" outcome="Passed" testListId="8c84fa94-04c1-424b-9868-57a2d4851a1d" relativeResultsDirectory="b8ddc362-48b3-4df8-9216-2977f29d385f" />
    <UnitTestResult executionId="1e941866-9579-4e38-a395-8e9765cbfad4" testId="0afab173-221b-bd5e-e7c1-60da3e1143c5" testName="OpenBullet.Core.Tests.Step9_BotRunnerTests.BotResult_GetFormattedCapturedData_Should_Convert_To_Strings" computerName="DESKTOP-FL6NJPC" duration="00:00:00.1848977" startTime="2025-08-17T15:55:51.4543945+02:00" endTime="2025-08-17T15:55:51.4543946+02:00" testType="13cdc9d9-ddb5-4fa4-a97d-d965ccfc6d4b" outcome="Passed" testListId="8c84fa94-04c1-424b-9868-57a2d4851a1d" relativeResultsDirectory="1e941866-9579-4e38-a395-8e9765cbfad4" />
    <UnitTestResult executionId="da01ae3f-299e-4027-9241-5cd26cf5e7a5" testId="f7f0043e-3677-912c-5cce-7fa14415c281" testName="OpenBullet.Core.Tests.Step13_ConfigurationEditorTests.TokenizeScript_Should_Correctly_Identify_Token_Types(input: &quot;&lt;variable&gt;&quot;, expectedType: Variable, expectedValue: &quot;variable&quot;)" computerName="DESKTOP-FL6NJPC" duration="00:00:00.0001620" startTime="2025-08-17T15:55:51.4033123+02:00" endTime="2025-08-17T15:55:51.4033130+02:00" testType="13cdc9d9-ddb5-4fa4-a97d-d965ccfc6d4b" outcome="Failed" testListId="8c84fa94-04c1-424b-9868-57a2d4851a1d" relativeResultsDirectory="da01ae3f-299e-4027-9241-5cd26cf5e7a5">
      <Output>
        <ErrorInfo>
          <Message>System.NotImplementedException : To be implemented in Step 13</Message>
          <StackTrace>   at OpenBullet.Core.Tests.SyntaxHighlightingService.TokenizeScript(String script) in C:\Users\futiliter\Downloads\Telegram Desktop\Openbullet 1.4.4 Anomaly Modded Version\OpenBulletRecreation\OpenBullet.Core.Tests\Step13_ConfigurationEditorTests.cs:line 462&#xD;
   at OpenBullet.Core.Tests.Step13_ConfigurationEditorTests.TokenizeScript_Should_Correctly_Identify_Token_Types(String input, TokenType expectedType, String expectedValue) in C:\Users\futiliter\Downloads\Telegram Desktop\Openbullet 1.4.4 Anomaly Modded Version\OpenBulletRecreation\OpenBullet.Core.Tests\Step13_ConfigurationEditorTests.cs:line 55&#xD;
   at InvokeStub_Step13_ConfigurationEditorTests.TokenizeScript_Should_Correctly_Identify_Token_Types(Object, Span`1)&#xD;
   at System.Reflection.MethodBaseInvoker.InvokeWithFewArgs(Object obj, BindingFlags invokeAttr, Binder binder, Object[] parameters, CultureInfo culture)</StackTrace>
        </ErrorInfo>
      </Output>
    </UnitTestResult>
    <UnitTestResult executionId="066086ec-f88a-472d-8ef2-b42856e0251c" testId="0e93f3cd-d6d2-0b53-8fa4-c62ff08f8286" testName="OpenBullet.Core.Tests.Step8_ValidationTests.KeyChain_Factory_Methods_Should_Create_Correct_Instances" computerName="DESKTOP-FL6NJPC" duration="00:00:00.0024207" startTime="2025-08-17T15:55:51.5298301+02:00" endTime="2025-08-17T15:55:51.5298304+02:00" testType="13cdc9d9-ddb5-4fa4-a97d-d965ccfc6d4b" outcome="Passed" testListId="8c84fa94-04c1-424b-9868-57a2d4851a1d" relativeResultsDirectory="066086ec-f88a-472d-8ef2-b42856e0251c" />
    <UnitTestResult executionId="5991db97-7c5a-4f67-9479-6cf966d1b203" testId="ba238646-2cc2-f804-288d-23baf293138f" testName="OpenBullet.Core.Tests.Step7_ParseCommandTests.ValidateInstruction_With_Unavailable_Parser_Type_Should_Fail" computerName="DESKTOP-FL6NJPC" duration="00:00:00.0032228" startTime="2025-08-17T15:55:51.7704391+02:00" endTime="2025-08-17T15:55:51.7704392+02:00" testType="13cdc9d9-ddb5-4fa4-a97d-d965ccfc6d4b" outcome="Passed" testListId="8c84fa94-04c1-424b-9868-57a2d4851a1d" relativeResultsDirectory="5991db97-7c5a-4f67-9479-6cf966d1b203" />
    <UnitTestResult executionId="b55ca959-9c4c-4942-a9ea-cc3daa259ccd" testId="f55a8146-0228-7a4a-1295-02dceacecf55" testName="OpenBullet.Core.Tests.Step13_ConfigurationEditorTests.TokenizeScript_Should_Correctly_Identify_Token_Types(input: &quot;LABEL:TestLabel&quot;, expectedType: Label, expectedValue: &quot;LABEL:&quot;)" computerName="DESKTOP-FL6NJPC" duration="00:00:00.0002040" startTime="2025-08-17T15:55:51.4075649+02:00" endTime="2025-08-17T15:55:51.4075652+02:00" testType="13cdc9d9-ddb5-4fa4-a97d-d965ccfc6d4b" outcome="Failed" testListId="8c84fa94-04c1-424b-9868-57a2d4851a1d" relativeResultsDirectory="b55ca959-9c4c-4942-a9ea-cc3daa259ccd">
      <Output>
        <ErrorInfo>
          <Message>System.NotImplementedException : To be implemented in Step 13</Message>
          <StackTrace>   at OpenBullet.Core.Tests.SyntaxHighlightingService.TokenizeScript(String script) in C:\Users\futiliter\Downloads\Telegram Desktop\Openbullet 1.4.4 Anomaly Modded Version\OpenBulletRecreation\OpenBullet.Core.Tests\Step13_ConfigurationEditorTests.cs:line 462&#xD;
   at OpenBullet.Core.Tests.Step13_ConfigurationEditorTests.TokenizeScript_Should_Correctly_Identify_Token_Types(String input, TokenType expectedType, String expectedValue) in C:\Users\futiliter\Downloads\Telegram Desktop\Openbullet 1.4.4 Anomaly Modded Version\OpenBulletRecreation\OpenBullet.Core.Tests\Step13_ConfigurationEditorTests.cs:line 55&#xD;
   at InvokeStub_Step13_ConfigurationEditorTests.TokenizeScript_Should_Correctly_Identify_Token_Types(Object, Span`1)&#xD;
   at System.Reflection.MethodBaseInvoker.InvokeWithFewArgs(Object obj, BindingFlags invokeAttr, Binder binder, Object[] parameters, CultureInfo culture)</StackTrace>
        </ErrorInfo>
      </Output>
    </UnitTestResult>
    <UnitTestResult executionId="320db86a-6dec-4b15-b712-ef3508d26000" testId="994d1ff2-245f-f3b7-a7dc-17dbde542978" testName="OpenBullet.Core.Tests.Step10_ProxyExtensionsTests.GetPerformanceScore_Should_Calculate_Correctly(health: Dead, successRate: 50, responseTimeMs: 1000, expectedScore: 20)" computerName="DESKTOP-FL6NJPC" duration="00:00:00.0043796" startTime="2025-08-17T15:55:52.1859164+02:00" endTime="2025-08-17T15:55:52.1859166+02:00" testType="13cdc9d9-ddb5-4fa4-a97d-d965ccfc6d4b" outcome="Failed" testListId="8c84fa94-04c1-424b-9868-57a2d4851a1d" relativeResultsDirectory="320db86a-6dec-4b15-b712-ef3508d26000">
      <Output>
        <ErrorInfo>
          <Message>Expected score to approximate 20.0 +/- 0.5, but 40.0 differed by 20.0.</Message>
          <StackTrace>   at FluentAssertions.Execution.XUnit2TestFramework.Throw(String message)&#xD;
   at FluentAssertions.Execution.TestFrameworkProvider.Throw(String message)&#xD;
   at FluentAssertions.Execution.DefaultAssertionStrategy.HandleFailure(String message)&#xD;
   at FluentAssertions.Execution.AssertionScope.FailWith(Func`1 failReasonFunc)&#xD;
   at FluentAssertions.Execution.AssertionScope.FailWith(Func`1 failReasonFunc)&#xD;
   at FluentAssertions.Execution.AssertionScope.FailWith(String message, Object[] args)&#xD;
   at FluentAssertions.NumericAssertionsExtensions.FailIfDifferenceOutsidePrecision[T](Boolean differenceWithinPrecision, NumericAssertions`1 parent, T expectedValue, T precision, T actualDifference, String because, Object[] becauseArgs)&#xD;
   at FluentAssertions.NumericAssertionsExtensions.BeApproximately(NumericAssertions`1 parent, Double expectedValue, Double precision, String because, Object[] becauseArgs)&#xD;
   at OpenBullet.Core.Tests.Step10_ProxyExtensionsTests.GetPerformanceScore_Should_Calculate_Correctly(ProxyHealth health, Double successRate, Int32 responseTimeMs, Double expectedScore) in C:\Users\futiliter\Downloads\Telegram Desktop\Openbullet 1.4.4 Anomaly Modded Version\OpenBulletRecreation\OpenBullet.Core.Tests\Step10_ProxyExtensionsTests.cs:line 205&#xD;
   at InvokeStub_Step10_ProxyExtensionsTests.GetPerformanceScore_Should_Calculate_Correctly(Object, Span`1)&#xD;
   at System.Reflection.MethodBaseInvoker.InvokeWithFewArgs(Object obj, BindingFlags invokeAttr, Binder binder, Object[] parameters, CultureInfo culture)</StackTrace>
        </ErrorInfo>
      </Output>
    </UnitTestResult>
    <UnitTestResult executionId="a627b971-403f-4d03-a0a5-5b8161401f45" testId="1611feb4-c9e0-7ecd-0832-20964279bfed" testName="OpenBullet.Core.Tests.Step13_CoreServicesTests.LoliScriptValidator_Should_Detect_Invalid_Command" computerName="DESKTOP-FL6NJPC" duration="00:00:00.0010305" startTime="2025-08-17T15:55:52.0061058+02:00" endTime="2025-08-17T15:55:52.0061061+02:00" testType="13cdc9d9-ddb5-4fa4-a97d-d965ccfc6d4b" outcome="Failed" testListId="8c84fa94-04c1-424b-9868-57a2d4851a1d" relativeResultsDirectory="a627b971-403f-4d03-a0a5-5b8161401f45">
      <Output>
        <ErrorInfo>
          <Message>System.NotImplementedException : To be implemented in Step 13</Message>
          <StackTrace>   at OpenBullet.Core.Tests.LoliScriptValidator.ValidateScript(String script) in C:\Users\futiliter\Downloads\Telegram Desktop\Openbullet 1.4.4 Anomaly Modded Version\OpenBulletRecreation\OpenBullet.Core.Tests\Step13_ConfigurationEditorTests.cs:line 483&#xD;
   at OpenBullet.Core.Tests.Step13_CoreServicesTests.LoliScriptValidator_Should_Detect_Invalid_Command() in C:\Users\futiliter\Downloads\Telegram Desktop\Openbullet 1.4.4 Anomaly Modded Version\OpenBulletRecreation\OpenBullet.Core.Tests\Step13_CoreServicesTests.cs:line 184&#xD;
   at System.RuntimeMethodHandle.InvokeMethod(Object target, Void** arguments, Signature sig, Boolean isConstructor)&#xD;
   at System.Reflection.MethodBaseInvoker.InvokeWithNoArgs(Object obj, BindingFlags invokeAttr)</StackTrace>
        </ErrorInfo>
      </Output>
    </UnitTestResult>
    <UnitTestResult executionId="ee98c907-912e-4352-8f15-15968a4e6d50" testId="0f17ef61-1c3a-8db6-5d20-cdd3195e73be" testName="OpenBullet.Core.Tests.Step8_KeyCheckerTests.EvaluateKey_With_LengthEqualTo_Condition_Should_Work(sourceValue: &quot;hello&quot;, targetLength: &quot;5&quot;, expected: True)" computerName="DESKTOP-FL6NJPC" duration="00:00:00.0020233" startTime="2025-08-17T15:55:51.5728837+02:00" endTime="2025-08-17T15:55:51.5728842+02:00" testType="13cdc9d9-ddb5-4fa4-a97d-d965ccfc6d4b" outcome="Passed" testListId="8c84fa94-04c1-424b-9868-57a2d4851a1d" relativeResultsDirectory="ee98c907-912e-4352-8f15-15968a4e6d50" />
    <UnitTestResult executionId="972e97c8-c0be-4244-aa0c-f42f678f119a" testId="4a00290b-eeac-138a-1990-188ec216d01c" testName="OpenBullet.Core.Tests.Step5_VariableManagerTests.GetVariable_With_Any_Scope_Should_Check_Local_First" computerName="DESKTOP-FL6NJPC" duration="00:00:00.0005830" startTime="2025-08-17T15:55:52.8381840+02:00" endTime="2025-08-17T15:55:52.8381843+02:00" testType="13cdc9d9-ddb5-4fa4-a97d-d965ccfc6d4b" outcome="Passed" testListId="8c84fa94-04c1-424b-9868-57a2d4851a1d" relativeResultsDirectory="972e97c8-c0be-4244-aa0c-f42f678f119a" />
    <UnitTestResult executionId="2b2da39e-8539-46ce-aeb5-952a9aa6c66c" testId="c1e1b4de-590a-9001-4249-1c7b46471a2e" testName="OpenBullet.Core.Tests.Step5_VariableManagerTests.SetVariable_Should_Throw_For_Empty_Name(scope: Global)" computerName="DESKTOP-FL6NJPC" duration="00:00:00.0038522" startTime="2025-08-17T15:55:51.8705626+02:00" endTime="2025-08-17T15:55:51.8705628+02:00" testType="13cdc9d9-ddb5-4fa4-a97d-d965ccfc6d4b" outcome="Passed" testListId="8c84fa94-04c1-424b-9868-57a2d4851a1d" relativeResultsDirectory="2b2da39e-8539-46ce-aeb5-952a9aa6c66c" />
    <UnitTestResult executionId="6cae07d6-f3e9-4e18-a4be-c4975b2a6267" testId="b6eaebbb-61b1-3fe2-06be-7bb43ce0158c" testName="OpenBullet.Core.Tests.Step9_ScriptEngineTests.ValidateScript_With_Empty_Script_Should_Fail" computerName="DESKTOP-FL6NJPC" duration="00:00:00.0024142" startTime="2025-08-17T15:55:51.9742731+02:00" endTime="2025-08-17T15:55:51.9742733+02:00" testType="13cdc9d9-ddb5-4fa4-a97d-d965ccfc6d4b" outcome="Passed" testListId="8c84fa94-04c1-424b-9868-57a2d4851a1d" relativeResultsDirectory="6cae07d6-f3e9-4e18-a4be-c4975b2a6267" />
    <UnitTestResult executionId="b3b590e1-fea2-423d-9bb9-dff1188fb8f0" testId="4039eac9-ef8c-84d5-16cb-3a62bbf7bd3f" testName="OpenBullet.Core.Tests.Step7_ParsersTests.JsonParser_Should_Parse_JSON_With_Path" computerName="DESKTOP-FL6NJPC" duration="00:00:00.0007788" startTime="2025-08-17T15:55:51.9733439+02:00" endTime="2025-08-17T15:55:51.9733441+02:00" testType="13cdc9d9-ddb5-4fa4-a97d-d965ccfc6d4b" outcome="Passed" testListId="8c84fa94-04c1-424b-9868-57a2d4851a1d" relativeResultsDirectory="b3b590e1-fea2-423d-9bb9-dff1188fb8f0" />
    <UnitTestResult executionId="5c9b65a9-fa69-4087-a084-556199da0d04" testId="81c81dfa-89c2-ad8e-48ef-a47d3127c0c2" testName="OpenBullet.Core.Tests.Step11_StorageServicesTests.ResultStorage_CRUD_Operations_Should_Work" computerName="DESKTOP-FL6NJPC" duration="00:00:00.0375899" startTime="2025-08-17T15:55:54.6387912+02:00" endTime="2025-08-17T15:55:54.6387916+02:00" testType="13cdc9d9-ddb5-4fa4-a97d-d965ccfc6d4b" outcome="Passed" testListId="8c84fa94-04c1-424b-9868-57a2d4851a1d" relativeResultsDirectory="5c9b65a9-fa69-4087-a084-556199da0d04" />
    <UnitTestResult executionId="f33c2296-f38a-42d9-8305-e7f07f7d3fa2" testId="9376ac10-fd14-e58a-1c91-5b505485251b" testName="OpenBullet.Core.Tests.Step6_ValidationTests.CommandFactory_Should_Register_And_Create_Commands" computerName="DESKTOP-FL6NJPC" duration="00:00:00.0383206" startTime="2025-08-17T15:55:51.7413581+02:00" endTime="2025-08-17T15:55:51.7413583+02:00" testType="13cdc9d9-ddb5-4fa4-a97d-d965ccfc6d4b" outcome="Passed" testListId="8c84fa94-04c1-424b-9868-57a2d4851a1d" relativeResultsDirectory="f33c2296-f38a-42d9-8305-e7f07f7d3fa2" />
    <UnitTestResult executionId="cbc86bce-b0b1-4409-98a7-3424931b5445" testId="68f45f20-0184-e8d1-1b2b-e641b72b862a" testName="OpenBullet.Core.Tests.Step9_JobManagerTests.JobStatus_State_Properties_Should_Work_Correctly(state: Paused, expectedIsRunning: False, expectedIsCompleted: False)" computerName="DESKTOP-FL6NJPC" duration="00:00:00.0001325" startTime="2025-08-17T15:55:53.1054991+02:00" endTime="2025-08-17T15:55:53.1054993+02:00" testType="13cdc9d9-ddb5-4fa4-a97d-d965ccfc6d4b" outcome="Passed" testListId="8c84fa94-04c1-424b-9868-57a2d4851a1d" relativeResultsDirectory="cbc86bce-b0b1-4409-98a7-3424931b5445" />
    <UnitTestResult executionId="43932689-521a-4d79-b702-216f47693f65" testId="21ca2cc8-5a75-6c82-6c0e-dc652ffdc399" testName="OpenBullet.Core.Tests.Step3_ConfigurationServiceTests.ParseConfigContent_Should_Handle_Complex_Arrays" computerName="DESKTOP-FL6NJPC" duration="00:00:00.0094797" startTime="2025-08-17T15:55:53.0658788+02:00" endTime="2025-08-17T15:55:53.0658792+02:00" testType="13cdc9d9-ddb5-4fa4-a97d-d965ccfc6d4b" outcome="Passed" testListId="8c84fa94-04c1-424b-9868-57a2d4851a1d" relativeResultsDirectory="43932689-521a-4d79-b702-216f47693f65" />
    <UnitTestResult executionId="5557a9b4-d3f0-454c-bf71-7f8114b34c46" testId="857e0bff-96ed-9ef0-0b5e-a499980fb5a6" testName="OpenBullet.Core.Tests.Step10_ProxyManagerTests.AddProxyAsync_With_Duplicate_Proxy_Should_Return_False" computerName="DESKTOP-FL6NJPC" duration="00:00:00.0020347" startTime="2025-08-17T15:55:51.6867443+02:00" endTime="2025-08-17T15:55:51.6867445+02:00" testType="13cdc9d9-ddb5-4fa4-a97d-d965ccfc6d4b" outcome="Passed" testListId="8c84fa94-04c1-424b-9868-57a2d4851a1d" relativeResultsDirectory="5557a9b4-d3f0-454c-bf71-7f8114b34c46" />
    <UnitTestResult executionId="697ba48b-df0b-4957-9937-9972d928eb08" testId="c5ef2c38-6c57-afcf-4365-aec6c15410f9" testName="OpenBullet.Core.Tests.Step10_ProxyExtensionsTests.ToEnhancedProxy_With_Null_Should_Throw" computerName="DESKTOP-FL6NJPC" duration="00:00:00.0017507" startTime="2025-08-17T15:55:52.1973267+02:00" endTime="2025-08-17T15:55:52.1973268+02:00" testType="13cdc9d9-ddb5-4fa4-a97d-d965ccfc6d4b" outcome="Passed" testListId="8c84fa94-04c1-424b-9868-57a2d4851a1d" relativeResultsDirectory="697ba48b-df0b-4957-9937-9972d928eb08" />
    <UnitTestResult executionId="62f38762-6e3d-420f-bba8-d88a01924707" testId="5f6a5680-95a6-e9a3-ce51-abf9b511824a" testName="OpenBullet.Core.Tests.Step13_ConfigurationEditorTests.TokenizeScript_Should_Correctly_Identify_Token_Types(input: &quot;KEYCHECK SUCCESS \&quot;Hello World\&quot;&quot;, expectedType: Command, expectedValue: &quot;KEYCHECK&quot;)" computerName="DESKTOP-FL6NJPC" duration="00:00:00.0001398" startTime="2025-08-17T15:55:51.4055638+02:00" endTime="2025-08-17T15:55:51.4055640+02:00" testType="13cdc9d9-ddb5-4fa4-a97d-d965ccfc6d4b" outcome="Failed" testListId="8c84fa94-04c1-424b-9868-57a2d4851a1d" relativeResultsDirectory="62f38762-6e3d-420f-bba8-d88a01924707">
      <Output>
        <ErrorInfo>
          <Message>System.NotImplementedException : To be implemented in Step 13</Message>
          <StackTrace>   at OpenBullet.Core.Tests.SyntaxHighlightingService.TokenizeScript(String script) in C:\Users\futiliter\Downloads\Telegram Desktop\Openbullet 1.4.4 Anomaly Modded Version\OpenBulletRecreation\OpenBullet.Core.Tests\Step13_ConfigurationEditorTests.cs:line 462&#xD;
   at OpenBullet.Core.Tests.Step13_ConfigurationEditorTests.TokenizeScript_Should_Correctly_Identify_Token_Types(String input, TokenType expectedType, String expectedValue) in C:\Users\futiliter\Downloads\Telegram Desktop\Openbullet 1.4.4 Anomaly Modded Version\OpenBulletRecreation\OpenBullet.Core.Tests\Step13_ConfigurationEditorTests.cs:line 55&#xD;
   at InvokeStub_Step13_ConfigurationEditorTests.TokenizeScript_Should_Correctly_Identify_Token_Types(Object, Span`1)&#xD;
   at System.Reflection.MethodBaseInvoker.InvokeWithFewArgs(Object obj, BindingFlags invokeAttr, Binder binder, Object[] parameters, CultureInfo culture)</StackTrace>
        </ErrorInfo>
      </Output>
    </UnitTestResult>
    <UnitTestResult executionId="1899da7c-d1dd-4045-b9bb-2ff4572bf59d" testId="6745fa9d-b2d3-5d5a-c76e-766bfd1246e4" testName="OpenBullet.Core.Tests.Step5_ValidationTests.ExecutionStatus_Values_Should_Be_Distinct(status: Failed)" computerName="DESKTOP-FL6NJPC" duration="00:00:00.0000111" startTime="2025-08-17T15:55:51.7928298+02:00" endTime="2025-08-17T15:55:51.7928299+02:00" testType="13cdc9d9-ddb5-4fa4-a97d-d965ccfc6d4b" outcome="Passed" testListId="8c84fa94-04c1-424b-9868-57a2d4851a1d" relativeResultsDirectory="1899da7c-d1dd-4045-b9bb-2ff4572bf59d" />
    <UnitTestResult executionId="d2fd4df0-431f-4ade-88d1-c37291a330ce" testId="3a48450a-2f88-660d-e4b3-f81882183585" testName="OpenBullet.Core.Tests.Step13_CoreServicesTests.LoliScriptValidator_Should_Validate_Line" computerName="DESKTOP-FL6NJPC" duration="00:00:00.0007636" startTime="2025-08-17T15:55:51.9902084+02:00" endTime="2025-08-17T15:55:51.9902086+02:00" testType="13cdc9d9-ddb5-4fa4-a97d-d965ccfc6d4b" outcome="Failed" testListId="8c84fa94-04c1-424b-9868-57a2d4851a1d" relativeResultsDirectory="d2fd4df0-431f-4ade-88d1-c37291a330ce">
      <Output>
        <ErrorInfo>
          <Message>System.NotImplementedException : To be implemented in Step 13</Message>
          <StackTrace>   at OpenBullet.Core.Tests.LoliScriptValidator.ValidateScript(String script) in C:\Users\futiliter\Downloads\Telegram Desktop\Openbullet 1.4.4 Anomaly Modded Version\OpenBulletRecreation\OpenBullet.Core.Tests\Step13_ConfigurationEditorTests.cs:line 483&#xD;
   at OpenBullet.Core.Tests.Step13_CoreServicesTests.LoliScriptValidator_Should_Validate_Line() in C:\Users\futiliter\Downloads\Telegram Desktop\Openbullet 1.4.4 Anomaly Modded Version\OpenBulletRecreation\OpenBullet.Core.Tests\Step13_CoreServicesTests.cs:line 202&#xD;
   at System.RuntimeMethodHandle.InvokeMethod(Object target, Void** arguments, Signature sig, Boolean isConstructor)&#xD;
   at System.Reflection.MethodBaseInvoker.InvokeWithNoArgs(Object obj, BindingFlags invokeAttr)</StackTrace>
        </ErrorInfo>
      </Output>
    </UnitTestResult>
    <UnitTestResult executionId="1ceebf69-1c5a-4901-a6b7-7280538e1f05" testId="b1fcd6ee-f334-2c8f-5238-94d5fbfef977" testName="OpenBullet.Core.Tests.Step10_ValidationTests.Enum_Combinations_Should_Be_Valid(rotationStrategy: LeastUsed, strategy: RoundRobin, health: Unreliable)" computerName="DESKTOP-FL6NJPC" duration="00:00:00.0004610" startTime="2025-08-17T15:55:51.8664634+02:00" endTime="2025-08-17T15:55:51.8664635+02:00" testType="13cdc9d9-ddb5-4fa4-a97d-d965ccfc6d4b" outcome="Passed" testListId="8c84fa94-04c1-424b-9868-57a2d4851a1d" relativeResultsDirectory="1ceebf69-1c5a-4901-a6b7-7280538e1f05" />
    <UnitTestResult executionId="8e5797b6-82f3-495f-9ce5-5ea4b216b9e5" testId="63e44f80-e71d-685b-9f54-0f14029bf3c6" testName="OpenBullet.Core.Tests.Step10_ProxyExtensionsTests.GetPerformanceScore_Should_Calculate_Correctly(health: Slow, successRate: 95, responseTimeMs: 8000, expectedScore: 67.599999999999994)" computerName="DESKTOP-FL6NJPC" duration="00:00:00.0038556" startTime="2025-08-17T15:55:52.1770481+02:00" endTime="2025-08-17T15:55:52.1770494+02:00" testType="13cdc9d9-ddb5-4fa4-a97d-d965ccfc6d4b" outcome="Failed" testListId="8c84fa94-04c1-424b-9868-57a2d4851a1d" relativeResultsDirectory="8e5797b6-82f3-495f-9ce5-5ea4b216b9e5">
      <Output>
        <ErrorInfo>
          <Message>Expected score to approximate 67.6 +/- 0.5, but 74.0 differed by 6.400000000000006.</Message>
          <StackTrace>   at FluentAssertions.Execution.XUnit2TestFramework.Throw(String message)&#xD;
   at FluentAssertions.Execution.TestFrameworkProvider.Throw(String message)&#xD;
   at FluentAssertions.Execution.DefaultAssertionStrategy.HandleFailure(String message)&#xD;
   at FluentAssertions.Execution.AssertionScope.FailWith(Func`1 failReasonFunc)&#xD;
   at FluentAssertions.Execution.AssertionScope.FailWith(Func`1 failReasonFunc)&#xD;
   at FluentAssertions.Execution.AssertionScope.FailWith(String message, Object[] args)&#xD;
   at FluentAssertions.NumericAssertionsExtensions.FailIfDifferenceOutsidePrecision[T](Boolean differenceWithinPrecision, NumericAssertions`1 parent, T expectedValue, T precision, T actualDifference, String because, Object[] becauseArgs)&#xD;
   at FluentAssertions.NumericAssertionsExtensions.BeApproximately(NumericAssertions`1 parent, Double expectedValue, Double precision, String because, Object[] becauseArgs)&#xD;
   at OpenBullet.Core.Tests.Step10_ProxyExtensionsTests.GetPerformanceScore_Should_Calculate_Correctly(ProxyHealth health, Double successRate, Int32 responseTimeMs, Double expectedScore) in C:\Users\futiliter\Downloads\Telegram Desktop\Openbullet 1.4.4 Anomaly Modded Version\OpenBulletRecreation\OpenBullet.Core.Tests\Step10_ProxyExtensionsTests.cs:line 205&#xD;
   at System.RuntimeMethodHandle.InvokeMethod(Object target, Void** arguments, Signature sig, Boolean isConstructor)&#xD;
   at System.Reflection.MethodBaseInvoker.InvokeDirectByRefWithFewArgs(Object obj, Span`1 copyOfArgs, BindingFlags invokeAttr)</StackTrace>
        </ErrorInfo>
      </Output>
    </UnitTestResult>
    <UnitTestResult executionId="94558255-f4ce-4acb-bcd0-50c4a0ca5364" testId="d4c3de08-ba7a-f60f-cd01-a25b7bd50011" testName="OpenBullet.Core.Tests.Step10_ProxyExtensionsTests.IsHighPriority_Should_Determine_Priority_Correctly(health: Slow, successRate: 100, responseTimeMs: 1000, expectedHighPriority: False)" computerName="DESKTOP-FL6NJPC" duration="00:00:00.0000541" startTime="2025-08-17T15:55:52.1685092+02:00" endTime="2025-08-17T15:55:52.1685094+02:00" testType="13cdc9d9-ddb5-4fa4-a97d-d965ccfc6d4b" outcome="Passed" testListId="8c84fa94-04c1-424b-9868-57a2d4851a1d" relativeResultsDirectory="94558255-f4ce-4acb-bcd0-50c4a0ca5364" />
    <UnitTestResult executionId="e7157363-644f-47d5-8b64-6073c2b8856f" testId="0413487e-0655-20c2-4025-a432caa5e7ac" testName="OpenBullet.Core.Tests.Step8_KeyCheckerTests.EvaluateKey_With_Various_Conditions_Should_Work(condition: EndsWith, sourceValue: &quot;Welcome to the dashboard!&quot;, targetValue: &quot;dashboard!&quot;, expected: True)" computerName="DESKTOP-FL6NJPC" duration="00:00:00.0013034" startTime="2025-08-17T15:55:51.5718293+02:00" endTime="2025-08-17T15:55:51.5718297+02:00" testType="13cdc9d9-ddb5-4fa4-a97d-d965ccfc6d4b" outcome="Passed" testListId="8c84fa94-04c1-424b-9868-57a2d4851a1d" relativeResultsDirectory="e7157363-644f-47d5-8b64-6073c2b8856f" />
    <UnitTestResult executionId="adc63fcd-ac28-4fec-9c64-d8c32ead2529" testId="ebf053e7-60fb-ea1a-be50-b4f4da899556" testName="OpenBullet.Core.Tests.Step8_KeyCheckCommandTests.ExecuteAsync_With_Success_KeyChain_Should_Set_Success_Status" computerName="DESKTOP-FL6NJPC" duration="00:00:00.0124293" startTime="2025-08-17T15:55:52.2270048+02:00" endTime="2025-08-17T15:55:52.2270062+02:00" testType="13cdc9d9-ddb5-4fa4-a97d-d965ccfc6d4b" outcome="Passed" testListId="8c84fa94-04c1-424b-9868-57a2d4851a1d" relativeResultsDirectory="adc63fcd-ac28-4fec-9c64-d8c32ead2529" />
    <UnitTestResult executionId="0af1f33c-6214-4215-bc2f-0994a711ffd6" testId="8ebc680b-d879-b8f9-150f-0d9c8a6756c2" testName="OpenBullet.Core.Tests.Step3_ValidationTests.ConfigError_Types_Should_Be_Available(errorType: ParseError)" computerName="DESKTOP-FL6NJPC" duration="00:00:00.0000209" startTime="2025-08-17T15:55:52.1242537+02:00" endTime="2025-08-17T15:55:52.1242538+02:00" testType="13cdc9d9-ddb5-4fa4-a97d-d965ccfc6d4b" outcome="Passed" testListId="8c84fa94-04c1-424b-9868-57a2d4851a1d" relativeResultsDirectory="0af1f33c-6214-4215-bc2f-0994a711ffd6" />
    <UnitTestResult executionId="c0ebac72-1811-4da2-b7a4-ea9b8c3d1581" testId="5477285c-1502-5789-efa7-0d433afb2a99" testName="OpenBullet.Core.Tests.Step10_ValidationTests.Event_Arguments_Should_Initialize_With_Defaults" computerName="DESKTOP-FL6NJPC" duration="00:00:00.0037940" startTime="2025-08-17T15:55:51.8733771+02:00" endTime="2025-08-17T15:55:51.8733773+02:00" testType="13cdc9d9-ddb5-4fa4-a97d-d965ccfc6d4b" outcome="Passed" testListId="8c84fa94-04c1-424b-9868-57a2d4851a1d" relativeResultsDirectory="c0ebac72-1811-4da2-b7a4-ea9b8c3d1581" />
    <UnitTestResult executionId="a785d82a-5e15-4846-b6a1-ec47574da0d9" testId="c5f2159c-8d8f-1acd-679c-de9e87f54dc3" testName="OpenBullet.Core.Tests.Step6_CommandFactoryTests.GetCommandMetadata_Should_Return_Null_For_Unknown_Command" computerName="DESKTOP-FL6NJPC" duration="00:00:00.0010186" startTime="2025-08-17T15:55:52.8409190+02:00" endTime="2025-08-17T15:55:52.8409192+02:00" testType="13cdc9d9-ddb5-4fa4-a97d-d965ccfc6d4b" outcome="Passed" testListId="8c84fa94-04c1-424b-9868-57a2d4851a1d" relativeResultsDirectory="a785d82a-5e15-4846-b6a1-ec47574da0d9" />
    <UnitTestResult executionId="6b3f8de0-3dbc-4f7a-b240-3dc51c06d14d" testId="81de5494-c35d-316b-2e1c-be423ad87364" testName="OpenBullet.Core.Tests.Step9_BotRunnerTests.DictionaryExtensions_AddRange_Should_Add_All_Items" computerName="DESKTOP-FL6NJPC" duration="00:00:00.0037736" startTime="2025-08-17T15:55:51.4686879+02:00" endTime="2025-08-17T15:55:51.4686881+02:00" testType="13cdc9d9-ddb5-4fa4-a97d-d965ccfc6d4b" outcome="Passed" testListId="8c84fa94-04c1-424b-9868-57a2d4851a1d" relativeResultsDirectory="6b3f8de0-3dbc-4f7a-b240-3dc51c06d14d" />
    <UnitTestResult executionId="d9b21ded-03cb-4f3d-b12c-0d46832663d5" testId="f2de2db3-ba43-b1da-0def-3a8869fb77af" testName="OpenBullet.Core.Tests.Step2_ValidationTests.ProxyInfo_Different_Configurations_Work(host: &quot;proxy.example.com&quot;, port: 3128, type: Http)" computerName="DESKTOP-FL6NJPC" duration="00:00:00.0007208" startTime="2025-08-17T15:55:51.9865656+02:00" endTime="2025-08-17T15:55:51.9865659+02:00" testType="13cdc9d9-ddb5-4fa4-a97d-d965ccfc6d4b" outcome="Passed" testListId="8c84fa94-04c1-424b-9868-57a2d4851a1d" relativeResultsDirectory="d9b21ded-03cb-4f3d-b12c-0d46832663d5" />
    <UnitTestResult executionId="7b54fc98-a981-4551-8048-cdddc14110ab" testId="668741d2-cd4d-6ff4-e28f-6a5ec11cde08" testName="OpenBullet.Core.Tests.Step8_KeyCheckerTests.EvaluateKey_With_GreaterThan_Condition_Should_Work(sourceValue: &quot;100&quot;, targetValue: &quot;100&quot;, expected: False)" computerName="DESKTOP-FL6NJPC" duration="00:00:00.0111217" startTime="2025-08-17T15:55:51.5444926+02:00" endTime="2025-08-17T15:55:51.5444931+02:00" testType="13cdc9d9-ddb5-4fa4-a97d-d965ccfc6d4b" outcome="Passed" testListId="8c84fa94-04c1-424b-9868-57a2d4851a1d" relativeResultsDirectory="7b54fc98-a981-4551-8048-cdddc14110ab" />
    <UnitTestResult executionId="7b69ae50-5779-4d06-b1e3-02abd211b905" testId="718d0a72-c13e-16a2-1086-0d0784cc9bf7" testName="OpenBullet.Core.Tests.Step11_DatabaseContextTests.Soft_Delete_Should_Work_For_BaseEntity" computerName="DESKTOP-FL6NJPC" duration="00:00:00.0718595" startTime="2025-08-17T15:55:53.7718271+02:00" endTime="2025-08-17T15:55:53.7718276+02:00" testType="13cdc9d9-ddb5-4fa4-a97d-d965ccfc6d4b" outcome="Passed" testListId="8c84fa94-04c1-424b-9868-57a2d4851a1d" relativeResultsDirectory="7b69ae50-5779-4d06-b1e3-02abd211b905" />
    <UnitTestResult executionId="99407b58-9ab5-4817-97dc-6699d51441a1" testId="8044b9bc-8959-e6fc-47fe-fa65a85e69fa" testName="OpenBullet.Core.Tests.Step3_ValidationTests.ConfigError_Types_Should_Be_Available(errorType: FileNotFound)" computerName="DESKTOP-FL6NJPC" duration="00:00:00.0000155" startTime="2025-08-17T15:55:52.1243927+02:00" endTime="2025-08-17T15:55:52.1243929+02:00" testType="13cdc9d9-ddb5-4fa4-a97d-d965ccfc6d4b" outcome="Passed" testListId="8c84fa94-04c1-424b-9868-57a2d4851a1d" relativeResultsDirectory="99407b58-9ab5-4817-97dc-6699d51441a1" />
    <UnitTestResult executionId="c86c5c06-9540-46b7-af35-b70951946e1a" testId="38620123-825a-1b10-b8f6-eb6c22018e6b" testName="OpenBullet.Core.Tests.Step8_ValidationTests.KeyCheckConfiguration_Should_Initialize_With_Defaults" computerName="DESKTOP-FL6NJPC" duration="00:00:00.0010305" startTime="2025-08-17T15:55:51.6302209+02:00" endTime="2025-08-17T15:55:51.6302218+02:00" testType="13cdc9d9-ddb5-4fa4-a97d-d965ccfc6d4b" outcome="Passed" testListId="8c84fa94-04c1-424b-9868-57a2d4851a1d" relativeResultsDirectory="c86c5c06-9540-46b7-af35-b70951946e1a" />
    <UnitTestResult executionId="2d7deb82-92cc-4ece-bc7d-813a42f979c6" testId="3848f3ea-e15e-e969-eb45-2906e30c4ba2" testName="OpenBullet.Core.Tests.Step7_ParsersTests.RegexParser_Should_Extract_Capture_Groups" computerName="DESKTOP-FL6NJPC" duration="00:00:00.0007743" startTime="2025-08-17T15:55:52.0712868+02:00" endTime="2025-08-17T15:55:52.0712870+02:00" testType="13cdc9d9-ddb5-4fa4-a97d-d965ccfc6d4b" outcome="Passed" testListId="8c84fa94-04c1-424b-9868-57a2d4851a1d" relativeResultsDirectory="2d7deb82-92cc-4ece-bc7d-813a42f979c6" />
    <UnitTestResult executionId="806cd913-43b0-4945-9d73-5bcdb9fd32d1" testId="d1f8ba9d-b8b9-ece7-578f-fed572ad5533" testName="OpenBullet.Core.Tests.Step9_ScriptEngineTests.ExecuteAsync_With_Unknown_Command_Should_Fail" computerName="DESKTOP-FL6NJPC" duration="00:00:00.0364030" startTime="2025-08-17T15:55:51.8896328+02:00" endTime="2025-08-17T15:55:51.8896329+02:00" testType="13cdc9d9-ddb5-4fa4-a97d-d965ccfc6d4b" outcome="Passed" testListId="8c84fa94-04c1-424b-9868-57a2d4851a1d" relativeResultsDirectory="806cd913-43b0-4945-9d73-5bcdb9fd32d1" />
    <UnitTestResult executionId="fac6551b-b55c-41dd-bf3b-7c90e685c540" testId="c81bdce1-dc0c-5672-d961-ffe98c95f871" testName="OpenBullet.Core.Tests.Step11_StorageServicesTests.ConfigurationStorage_CRUD_Operations_Should_Work" computerName="DESKTOP-FL6NJPC" duration="00:00:00.0095635" startTime="2025-08-17T15:55:56.0095466+02:00" endTime="2025-08-17T15:55:56.0095470+02:00" testType="13cdc9d9-ddb5-4fa4-a97d-d965ccfc6d4b" outcome="Passed" testListId="8c84fa94-04c1-424b-9868-57a2d4851a1d" relativeResultsDirectory="fac6551b-b55c-41dd-bf3b-7c90e685c540" />
    <UnitTestResult executionId="f8ccf126-a916-40e3-9ed5-3d5ffadbe548" testId="18420771-3c40-2f0b-7427-bd8657978937" testName="OpenBullet.Core.Tests.Step5_ExecutionContextTests.Status_Property_Should_Not_Fire_Event_When_Set_To_Same_Value" computerName="DESKTOP-FL6NJPC" duration="00:00:00.0011581" startTime="2025-08-17T15:55:52.8338067+02:00" endTime="2025-08-17T15:55:52.8338069+02:00" testType="13cdc9d9-ddb5-4fa4-a97d-d965ccfc6d4b" outcome="Passed" testListId="8c84fa94-04c1-424b-9868-57a2d4851a1d" relativeResultsDirectory="f8ccf126-a916-40e3-9ed5-3d5ffadbe548" />
    <UnitTestResult executionId="8b336ef1-d6b4-4c1f-8804-e9f15a72e251" testId="97322cb3-4638-74c1-9778-2c514860c69b" testName="OpenBullet.Core.Tests.Step8_ValidationTests.KeyChecker_Should_Handle_Basic_Operations" computerName="DESKTOP-FL6NJPC" duration="00:00:00.0658395" startTime="2025-08-17T15:55:51.5018595+02:00" endTime="2025-08-17T15:55:51.5018603+02:00" testType="13cdc9d9-ddb5-4fa4-a97d-d965ccfc6d4b" outcome="Passed" testListId="8c84fa94-04c1-424b-9868-57a2d4851a1d" relativeResultsDirectory="8b336ef1-d6b4-4c1f-8804-e9f15a72e251" />
    <UnitTestResult executionId="01fddf50-0cca-40a2-8d89-08bd87407ee2" testId="ee664148-9144-ab75-0c9f-e6e6f52db375" testName="OpenBullet.Core.Tests.Step11_ValidationTests.Error_Handling_And_Edge_Cases_Should_Work" computerName="DESKTOP-FL6NJPC" duration="00:00:00.0218087" startTime="2025-08-17T15:55:56.2078640+02:00" endTime="2025-08-17T15:55:56.2078643+02:00" testType="13cdc9d9-ddb5-4fa4-a97d-d965ccfc6d4b" outcome="Failed" testListId="8c84fa94-04c1-424b-9868-57a2d4851a1d" relativeResultsDirectory="01fddf50-0cca-40a2-8d89-08bd87407ee2">
      <Output>
        <ErrorInfo>
          <Message>System.NullReferenceException : Object reference not set to an instance of an object.</Message>
          <StackTrace>   at OpenBullet.Core.Data.ConfigurationStorage.SearchAsync(String searchTerm, CancellationToken cancellationToken) in C:\Users\futiliter\Downloads\Telegram Desktop\Openbullet 1.4.4 Anomaly Modded Version\OpenBulletRecreation\OpenBullet.Core\Data\StorageServices.cs:line 41&#xD;
   at OpenBullet.Core.Tests.Step11_ValidationTests.Error_Handling_And_Edge_Cases_Should_Work() in C:\Users\futiliter\Downloads\Telegram Desktop\Openbullet 1.4.4 Anomaly Modded Version\OpenBulletRecreation\OpenBullet.Core.Tests\Step11_ValidationTests.cs:line 456&#xD;
--- End of stack trace from previous location ---</StackTrace>
        </ErrorInfo>
      </Output>
    </UnitTestResult>
    <UnitTestResult executionId="a008fa92-ebda-4ffc-8feb-82ce9c3eed6e" testId="94a1cedb-2045-9282-7cf8-8e1691fd081d" testName="OpenBullet.Core.Tests.Step4_ScriptParserTests.ParseScript_Should_Calculate_Statistics_Correctly" computerName="DESKTOP-FL6NJPC" duration="00:00:00.0746840" startTime="2025-08-17T15:55:52.7542464+02:00" endTime="2025-08-17T15:55:52.7542467+02:00" testType="13cdc9d9-ddb5-4fa4-a97d-d965ccfc6d4b" outcome="Failed" testListId="8c84fa94-04c1-424b-9868-57a2d4851a1d" relativeResultsDirectory="a008fa92-ebda-4ffc-8feb-82ce9c3eed6e">
      <Output>
        <ErrorInfo>
          <Message>Expected result.Statistics.TotalLines to be 10, but found 11 (difference of 1).</Message>
          <StackTrace>   at FluentAssertions.Execution.XUnit2TestFramework.Throw(String message)&#xD;
   at FluentAssertions.Execution.TestFrameworkProvider.Throw(String message)&#xD;
   at FluentAssertions.Execution.DefaultAssertionStrategy.HandleFailure(String message)&#xD;
   at FluentAssertions.Execution.AssertionScope.FailWith(Func`1 failReasonFunc)&#xD;
   at FluentAssertions.Execution.AssertionScope.FailWith(Func`1 failReasonFunc)&#xD;
   at FluentAssertions.Execution.AssertionScope.FailWith(String message, Object[] args)&#xD;
   at FluentAssertions.Numeric.NumericAssertions`2.Be(T expected, String because, Object[] becauseArgs)&#xD;
   at OpenBullet.Core.Tests.Step4_ScriptParserTests.ParseScript_Should_Calculate_Statistics_Correctly() in C:\Users\futiliter\Downloads\Telegram Desktop\Openbullet 1.4.4 Anomaly Modded Version\OpenBulletRecreation\OpenBullet.Core.Tests\Step4_ScriptParserTests.cs:line 424&#xD;
   at System.RuntimeMethodHandle.InvokeMethod(Object target, Void** arguments, Signature sig, Boolean isConstructor)&#xD;
   at System.Reflection.MethodBaseInvoker.InvokeWithNoArgs(Object obj, BindingFlags invokeAttr)</StackTrace>
        </ErrorInfo>
      </Output>
    </UnitTestResult>
    <UnitTestResult executionId="eadadf90-d048-490a-a428-54f6461efb60" testId="561472f0-0e91-099a-e77e-6608ca9e2b53" testName="OpenBullet.Core.Tests.Step6_RequestCommandTests.ValidateInstruction_With_Invalid_HTTP_Method_Should_Fail" computerName="DESKTOP-FL6NJPC" duration="00:00:00.0295687" startTime="2025-08-17T15:55:52.6189992+02:00" endTime="2025-08-17T15:55:52.6189996+02:00" testType="13cdc9d9-ddb5-4fa4-a97d-d965ccfc6d4b" outcome="Passed" testListId="8c84fa94-04c1-424b-9868-57a2d4851a1d" relativeResultsDirectory="eadadf90-d048-490a-a428-54f6461efb60" />
    <UnitTestResult executionId="c18db54c-998d-489b-a5a6-fc62caa997f0" testId="8ef9108c-001c-68dd-a79c-6ab6015d2d48" testName="OpenBullet.Core.Tests.Step6_CommandFactoryTests.CreateCommand_Should_Handle_Construction_Errors" computerName="DESKTOP-FL6NJPC" duration="00:00:00.0007406" startTime="2025-08-17T15:55:52.0013147+02:00" endTime="2025-08-17T15:55:52.0013149+02:00" testType="13cdc9d9-ddb5-4fa4-a97d-d965ccfc6d4b" outcome="Passed" testListId="8c84fa94-04c1-424b-9868-57a2d4851a1d" relativeResultsDirectory="c18db54c-998d-489b-a5a6-fc62caa997f0" />
    <UnitTestResult executionId="1ddc344b-f668-4486-9fe5-775da55ccaf4" testId="d97d8940-f7a1-ba7d-5418-242a72681540" testName="OpenBullet.Core.Tests.Step5_ValidationTests.ExecutionEnvironment_Should_Initialize_With_Defaults" computerName="DESKTOP-FL6NJPC" duration="00:00:00.0041970" startTime="2025-08-17T15:55:51.8686232+02:00" endTime="2025-08-17T15:55:51.8686233+02:00" testType="13cdc9d9-ddb5-4fa4-a97d-d965ccfc6d4b" outcome="Passed" testListId="8c84fa94-04c1-424b-9868-57a2d4851a1d" relativeResultsDirectory="1ddc344b-f668-4486-9fe5-775da55ccaf4" />
    <UnitTestResult executionId="82e1e6f6-9ecb-4a3c-8601-7a53337f260f" testId="daf6b4e6-be77-0717-f1ae-360af31c4fc0" testName="OpenBullet.Core.Tests.Step8_ValidationTests.KeyCondition_String_Conversion_Should_Work(stringValue: &quot;EqualTo&quot;, expectedCondition: EqualTo)" computerName="DESKTOP-FL6NJPC" duration="00:00:00.0374489" startTime="2025-08-17T15:55:51.3034789+02:00" endTime="2025-08-17T15:55:51.3034792+02:00" testType="13cdc9d9-ddb5-4fa4-a97d-d965ccfc6d4b" outcome="Passed" testListId="8c84fa94-04c1-424b-9868-57a2d4851a1d" relativeResultsDirectory="82e1e6f6-9ecb-4a3c-8601-7a53337f260f" />
    <UnitTestResult executionId="303df68b-bbda-441f-a571-3d3c208cd553" testId="17619aad-b6f5-93df-af7d-4d3b7e533c6e" testName="OpenBullet.Core.Tests.Step5_ValidationTests.ExecutionStatus_Enum_Values_Should_Be_Available" computerName="DESKTOP-FL6NJPC" duration="00:00:00.0044058" startTime="2025-08-17T15:55:51.8937083+02:00" endTime="2025-08-17T15:55:51.8937086+02:00" testType="13cdc9d9-ddb5-4fa4-a97d-d965ccfc6d4b" outcome="Passed" testListId="8c84fa94-04c1-424b-9868-57a2d4851a1d" relativeResultsDirectory="303df68b-bbda-441f-a571-3d3c208cd553" />
    <UnitTestResult executionId="b1bb2bde-3366-4d41-b33f-5210cfbeff73" testId="5befbb11-8abb-149f-4352-3e1d6fb870ec" testName="OpenBullet.Core.Tests.Step2_HttpClientServiceTests.CreateClient_With_Custom_Configuration_Should_Apply_Settings" computerName="DESKTOP-FL6NJPC" duration="00:00:00.0009405" startTime="2025-08-17T15:55:52.8827831+02:00" endTime="2025-08-17T15:55:52.8827834+02:00" testType="13cdc9d9-ddb5-4fa4-a97d-d965ccfc6d4b" outcome="Passed" testListId="8c84fa94-04c1-424b-9868-57a2d4851a1d" relativeResultsDirectory="b1bb2bde-3366-4d41-b33f-5210cfbeff73" />
    <UnitTestResult executionId="b34800aa-51b5-459c-b3ee-fc728eb47fe5" testId="f3b753fc-a87e-3fe8-58af-81bbc01cb5df" testName="OpenBullet.Core.Tests.Step6_ValidationTests.RequestCommand_Should_Validate_HTTP_Methods_Correctly(method: &quot;POST&quot;, shouldBeValid: True)" computerName="DESKTOP-FL6NJPC" duration="00:00:00.0007052" startTime="2025-08-17T15:55:51.6992013+02:00" endTime="2025-08-17T15:55:51.6992019+02:00" testType="13cdc9d9-ddb5-4fa4-a97d-d965ccfc6d4b" outcome="Passed" testListId="8c84fa94-04c1-424b-9868-57a2d4851a1d" relativeResultsDirectory="b34800aa-51b5-459c-b3ee-fc728eb47fe5" />
    <UnitTestResult executionId="1ed3a7f5-2c2f-4ccc-a8bd-09a37f270377" testId="e67a39f1-cd5a-f9e6-4fbb-9ad69ead4293" testName="OpenBullet.Core.Tests.Step11_DatabaseContextTests.Repository_Ordering_Should_Work" computerName="DESKTOP-FL6NJPC" duration="00:00:00.1314509" startTime="2025-08-17T15:55:54.1105304+02:00" endTime="2025-08-17T15:55:54.1105308+02:00" testType="13cdc9d9-ddb5-4fa4-a97d-d965ccfc6d4b" outcome="Passed" testListId="8c84fa94-04c1-424b-9868-57a2d4851a1d" relativeResultsDirectory="1ed3a7f5-2c2f-4ccc-a8bd-09a37f270377" />
    <UnitTestResult executionId="50e1be3b-04f2-401a-ac63-ad3634b46529" testId="0778397d-73b1-4ca8-2365-758e699d9f01" testName="OpenBullet.Core.Tests.Step13_CoreServicesTests.SyntaxHighlightingService_Should_Tokenize_Simple_Command" computerName="DESKTOP-FL6NJPC" duration="00:00:00.0014259" startTime="2025-08-17T15:55:51.9958550+02:00" endTime="2025-08-17T15:55:51.9958553+02:00" testType="13cdc9d9-ddb5-4fa4-a97d-d965ccfc6d4b" outcome="Failed" testListId="8c84fa94-04c1-424b-9868-57a2d4851a1d" relativeResultsDirectory="50e1be3b-04f2-401a-ac63-ad3634b46529">
      <Output>
        <ErrorInfo>
          <Message>System.NotImplementedException : To be implemented in Step 13</Message>
          <StackTrace>   at OpenBullet.Core.Tests.SyntaxHighlightingService.TokenizeScript(String script) in C:\Users\futiliter\Downloads\Telegram Desktop\Openbullet 1.4.4 Anomaly Modded Version\OpenBulletRecreation\OpenBullet.Core.Tests\Step13_ConfigurationEditorTests.cs:line 462&#xD;
   at OpenBullet.Core.Tests.Step13_CoreServicesTests.SyntaxHighlightingService_Should_Tokenize_Simple_Command() in C:\Users\futiliter\Downloads\Telegram Desktop\Openbullet 1.4.4 Anomaly Modded Version\OpenBulletRecreation\OpenBullet.Core.Tests\Step13_CoreServicesTests.cs:line 38&#xD;
   at System.RuntimeMethodHandle.InvokeMethod(Object target, Void** arguments, Signature sig, Boolean isConstructor)&#xD;
   at System.Reflection.MethodBaseInvoker.InvokeWithNoArgs(Object obj, BindingFlags invokeAttr)</StackTrace>
        </ErrorInfo>
      </Output>
    </UnitTestResult>
    <UnitTestResult executionId="4fd55ce7-20a7-4ff1-94ef-cf00785f3e80" testId="0cd01c64-5f3c-ddd4-1535-70553916cc23" testName="OpenBullet.Core.Tests.Step4_ScriptParserTests.ParseLine_With_Various_Valid_Syntaxes_Should_Parse_Successfully(commandLine: &quot;KEYCHECK BanOn4XX=True BanOnToCheck=False&quot;)" computerName="DESKTOP-FL6NJPC" duration="00:00:00.0201491" startTime="2025-08-17T15:55:52.4652038+02:00" endTime="2025-08-17T15:55:52.4652042+02:00" testType="13cdc9d9-ddb5-4fa4-a97d-d965ccfc6d4b" outcome="Passed" testListId="8c84fa94-04c1-424b-9868-57a2d4851a1d" relativeResultsDirectory="4fd55ce7-20a7-4ff1-94ef-cf00785f3e80" />
    <UnitTestResult executionId="d1940dcb-02ee-42ad-bdaa-07fc675aa5a7" testId="9ff4b0c6-18bc-4620-6351-d7b5bd1c87e2" testName="OpenBullet.Core.Tests.Step10_ProxyExtensionsTests.IsValid_Enhanced_Should_Validate_Correctly(host: &quot;proxy.com&quot;, port: 8080, type: Http, expectedValid: True)" computerName="DESKTOP-FL6NJPC" duration="00:00:00.0004914" startTime="2025-08-17T15:55:52.1246646+02:00" endTime="2025-08-17T15:55:52.1246647+02:00" testType="13cdc9d9-ddb5-4fa4-a97d-d965ccfc6d4b" outcome="Passed" testListId="8c84fa94-04c1-424b-9868-57a2d4851a1d" relativeResultsDirectory="d1940dcb-02ee-42ad-bdaa-07fc675aa5a7" />
    <UnitTestResult executionId="c5952962-108f-4486-afbe-1df0d63cbad9" testId="383df813-bbdb-4995-f86b-dce30cb47e36" testName="OpenBullet.Core.Tests.Step13_ConfigurationEditorTests.SyntaxHighlightingService_Should_Initialize_Successfully" computerName="DESKTOP-FL6NJPC" duration="00:00:00.0043272" startTime="2025-08-17T15:55:51.4236739+02:00" endTime="2025-08-17T15:55:51.4236741+02:00" testType="13cdc9d9-ddb5-4fa4-a97d-d965ccfc6d4b" outcome="Passed" testListId="8c84fa94-04c1-424b-9868-57a2d4851a1d" relativeResultsDirectory="c5952962-108f-4486-afbe-1df0d63cbad9" />
    <UnitTestResult executionId="f5eb465d-266b-419f-897a-4745d3768bc6" testId="fa2c474f-46e7-9c3e-0c4e-96ccf1b7783a" testName="OpenBullet.Core.Tests.Step8_ValidationTests.KeyChainLogic_String_Conversion_Should_Work(stringValue: &quot;OR&quot;, expectedLogic: OR)" computerName="DESKTOP-FL6NJPC" duration="00:00:00.0004466" startTime="2025-08-17T15:55:51.5059511+02:00" endTime="2025-08-17T15:55:51.5059513+02:00" testType="13cdc9d9-ddb5-4fa4-a97d-d965ccfc6d4b" outcome="Passed" testListId="8c84fa94-04c1-424b-9868-57a2d4851a1d" relativeResultsDirectory="f5eb465d-266b-419f-897a-4745d3768bc6" />
    <UnitTestResult executionId="0a675b26-5220-4bb2-83b1-1c76b53be16b" testId="86c62949-66b4-dc02-47cd-bab7ce0afb60" testName="OpenBullet.Core.Tests.Step9_JobManagerTests.JobStatus_Properties_Should_Calculate_Correctly" computerName="DESKTOP-FL6NJPC" duration="00:00:00.0056294" startTime="2025-08-17T15:55:53.9601684+02:00" endTime="2025-08-17T15:55:53.9601688+02:00" testType="13cdc9d9-ddb5-4fa4-a97d-d965ccfc6d4b" outcome="Failed" testListId="8c84fa94-04c1-424b-9868-57a2d4851a1d" relativeResultsDirectory="0a675b26-5220-4bb2-83b1-1c76b53be16b">
      <Output>
        <ErrorInfo>
          <Message>Expected status.BotsPerMinute to be greater than 0.0, but found 0.0.</Message>
          <StackTrace>   at FluentAssertions.Execution.XUnit2TestFramework.Throw(String message)&#xD;
   at FluentAssertions.Execution.TestFrameworkProvider.Throw(String message)&#xD;
   at FluentAssertions.Execution.DefaultAssertionStrategy.HandleFailure(String message)&#xD;
   at FluentAssertions.Execution.AssertionScope.FailWith(Func`1 failReasonFunc)&#xD;
   at FluentAssertions.Execution.AssertionScope.FailWith(Func`1 failReasonFunc)&#xD;
   at FluentAssertions.Execution.AssertionScope.FailWith(String message, Object[] args)&#xD;
   at FluentAssertions.Numeric.NumericAssertions`2.BeGreaterThan(T expected, String because, Object[] becauseArgs)&#xD;
   at OpenBullet.Core.Tests.Step9_JobManagerTests.JobStatus_Properties_Should_Calculate_Correctly() in C:\Users\futiliter\Downloads\Telegram Desktop\Openbullet 1.4.4 Anomaly Modded Version\OpenBulletRecreation\OpenBullet.Core.Tests\Step9_JobManagerTests.cs:line 430&#xD;
   at System.RuntimeMethodHandle.InvokeMethod(Object target, Void** arguments, Signature sig, Boolean isConstructor)&#xD;
   at System.Reflection.MethodBaseInvoker.InvokeWithNoArgs(Object obj, BindingFlags invokeAttr)</StackTrace>
        </ErrorInfo>
      </Output>
    </UnitTestResult>
    <UnitTestResult executionId="599c13fb-3980-4fe4-bea3-d6e78d64305a" testId="7cb036e9-0990-131c-e57f-09ea387733ca" testName="OpenBullet.Core.Tests.Step8_ValidationTests.KeyCheckCommand_Should_Validate_Basic_Instructions" computerName="DESKTOP-FL6NJPC" duration="00:00:00.0116451" startTime="2025-08-17T15:55:51.5212566+02:00" endTime="2025-08-17T15:55:51.5212569+02:00" testType="13cdc9d9-ddb5-4fa4-a97d-d965ccfc6d4b" outcome="Passed" testListId="8c84fa94-04c1-424b-9868-57a2d4851a1d" relativeResultsDirectory="599c13fb-3980-4fe4-bea3-d6e78d64305a" />
    <UnitTestResult executionId="6af96254-a9b3-46b9-9a55-4cbbe7ab2652" testId="ed150657-3062-358e-2e96-09f31a9c3228" testName="OpenBullet.Core.Tests.Step1_CoreInterfacesTests.BotData_GetVariable_Should_Return_Correct_Type" computerName="DESKTOP-FL6NJPC" duration="00:00:00.0016298" startTime="2025-08-17T15:55:52.0785369+02:00" endTime="2025-08-17T15:55:52.0785370+02:00" testType="13cdc9d9-ddb5-4fa4-a97d-d965ccfc6d4b" outcome="Passed" testListId="8c84fa94-04c1-424b-9868-57a2d4851a1d" relativeResultsDirectory="6af96254-a9b3-46b9-9a55-4cbbe7ab2652" />
    <UnitTestResult executionId="aa64d9b8-bec7-46b0-b2d8-64d27b4f1fa7" testId="1524f2a8-e306-6bb8-c5fe-a21cf6bcd240" testName="OpenBullet.Core.Tests.Step8_ValidationTests.BotStatus_String_Conversion_Should_Work(stringValue: &quot;Retry&quot;, expectedStatus: Retry)" computerName="DESKTOP-FL6NJPC" duration="00:00:00.0004181" startTime="2025-08-17T15:55:51.4652360+02:00" endTime="2025-08-17T15:55:51.4652362+02:00" testType="13cdc9d9-ddb5-4fa4-a97d-d965ccfc6d4b" outcome="Passed" testListId="8c84fa94-04c1-424b-9868-57a2d4851a1d" relativeResultsDirectory="aa64d9b8-bec7-46b0-b2d8-64d27b4f1fa7" />
    <UnitTestResult executionId="800e7698-7640-44d9-8f3c-e32e75f63901" testId="1bf4afb0-961f-d01f-638b-e235fae8883b" testName="OpenBullet.Core.Tests.Step1_CoreInterfacesTests.CommandResult_Should_Initialize_With_Default_Values" computerName="DESKTOP-FL6NJPC" duration="00:00:00.0009734" startTime="2025-08-17T15:55:52.1108710+02:00" endTime="2025-08-17T15:55:52.1108711+02:00" testType="13cdc9d9-ddb5-4fa4-a97d-d965ccfc6d4b" outcome="Passed" testListId="8c84fa94-04c1-424b-9868-57a2d4851a1d" relativeResultsDirectory="800e7698-7640-44d9-8f3c-e32e75f63901" />
    <UnitTestResult executionId="244e54fd-d249-46ea-a160-fb0edb6e173b" testId="51baaa75-bf94-e777-8bbe-330c126008c9" testName="OpenBullet.Core.Tests.Step11_DatabaseManagerTests.DatabaseManager_Performance_Test" computerName="DESKTOP-FL6NJPC" duration="00:00:00.0332262" startTime="2025-08-17T15:55:54.4525546+02:00" endTime="2025-08-17T15:55:54.4525550+02:00" testType="13cdc9d9-ddb5-4fa4-a97d-d965ccfc6d4b" outcome="Passed" testListId="8c84fa94-04c1-424b-9868-57a2d4851a1d" relativeResultsDirectory="244e54fd-d249-46ea-a160-fb0edb6e173b" />
    <UnitTestResult executionId="031bd131-495a-496f-b1de-ffd8956c569f" testId="4f3055f6-2534-584e-e71e-117756734691" testName="OpenBullet.Core.Tests.Step4_ScriptParserTests.ExtractVariableReferences_Should_Find_All_Variables" computerName="DESKTOP-FL6NJPC" duration="00:00:00.0230784" startTime="2025-08-17T15:55:52.3024613+02:00" endTime="2025-08-17T15:55:52.3024617+02:00" testType="13cdc9d9-ddb5-4fa4-a97d-d965ccfc6d4b" outcome="Passed" testListId="8c84fa94-04c1-424b-9868-57a2d4851a1d" relativeResultsDirectory="031bd131-495a-496f-b1de-ffd8956c569f" />
    <UnitTestResult executionId="d89c7d1a-cfaf-4ec8-a30f-15ba5390fb1c" testId="4122c05c-2989-1749-f5bf-5002046ffebb" testName="OpenBullet.Core.Tests.Step4_ScriptParserTests.ParseLine_With_Non_Command_Lines_Should_Return_Null(line: &quot;\t\t&quot;)" computerName="DESKTOP-FL6NJPC" duration="00:00:00.0012845" startTime="2025-08-17T15:55:52.7560713+02:00" endTime="2025-08-17T15:55:52.7560714+02:00" testType="13cdc9d9-ddb5-4fa4-a97d-d965ccfc6d4b" outcome="Passed" testListId="8c84fa94-04c1-424b-9868-57a2d4851a1d" relativeResultsDirectory="d89c7d1a-cfaf-4ec8-a30f-15ba5390fb1c" />
    <UnitTestResult executionId="e015eb5d-0141-46bd-a59c-697311eb4c0a" testId="1d2ad80e-709f-dc9c-73ad-1102704985a8" testName="OpenBullet.Core.Tests.Step10_ProxyExtensionsTests.ProxyTestResult_DetermineHealth_Should_Set_Health_Correctly(initialHealth: Unknown, successRate: 95, responseTimeMs: 11000, expectedHealth: Slow)" computerName="DESKTOP-FL6NJPC" duration="00:00:00.0018287" startTime="2025-08-17T15:55:52.1973974+02:00" endTime="2025-08-17T15:55:52.1973975+02:00" testType="13cdc9d9-ddb5-4fa4-a97d-d965ccfc6d4b" outcome="Passed" testListId="8c84fa94-04c1-424b-9868-57a2d4851a1d" relativeResultsDirectory="e015eb5d-0141-46bd-a59c-697311eb4c0a" />
    <UnitTestResult executionId="6b490cf1-7c74-4adf-a8eb-9df2b8f68506" testId="5035f9b0-84d5-fd4a-d86c-158f70ac5eda" testName="OpenBullet.Core.Tests.Step6_CommandMetadataTests.ParameterType_Values_Should_Be_Available(parameterType: Integer)" computerName="DESKTOP-FL6NJPC" duration="00:00:00.0000276" startTime="2025-08-17T15:55:51.9790277+02:00" endTime="2025-08-17T15:55:51.9790279+02:00" testType="13cdc9d9-ddb5-4fa4-a97d-d965ccfc6d4b" outcome="Passed" testListId="8c84fa94-04c1-424b-9868-57a2d4851a1d" relativeResultsDirectory="6b490cf1-7c74-4adf-a8eb-9df2b8f68506" />
    <UnitTestResult executionId="bac1bc5e-7b0d-41b1-93a5-af0412f9cb6f" testId="02129da7-2564-a3fd-5b71-ccd2d609ac42" testName="OpenBullet.Core.Tests.Step10_ProxyExtensionsTests.ProxyInfo_Equals_Should_Work_Correctly" computerName="DESKTOP-FL6NJPC" duration="00:00:00.0009747" startTime="2025-08-17T15:55:52.2249738+02:00" endTime="2025-08-17T15:55:52.2249739+02:00" testType="13cdc9d9-ddb5-4fa4-a97d-d965ccfc6d4b" outcome="Passed" testListId="8c84fa94-04c1-424b-9868-57a2d4851a1d" relativeResultsDirectory="bac1bc5e-7b0d-41b1-93a5-af0412f9cb6f" />
    <UnitTestResult executionId="2e32f85e-46f7-49f7-bcee-ca0d91424a3a" testId="02fe2f9b-94bb-124d-6c21-5a1502a67e94" testName="OpenBullet.Core.Tests.Step7_ParsersTests.RegexParser_Should_Handle_Invalid_Pattern" computerName="DESKTOP-FL6NJPC" duration="00:00:00.0005973" startTime="2025-08-17T15:55:51.9210851+02:00" endTime="2025-08-17T15:55:51.9210853+02:00" testType="13cdc9d9-ddb5-4fa4-a97d-d965ccfc6d4b" outcome="Passed" testListId="8c84fa94-04c1-424b-9868-57a2d4851a1d" relativeResultsDirectory="2e32f85e-46f7-49f7-bcee-ca0d91424a3a" />
    <UnitTestResult executionId="ed79234e-0bc2-41d2-a875-b4c8f51237e4" testId="c305459d-3e27-6c38-124a-8e315a098596" testName="OpenBullet.Core.Tests.Step7_ValidationTests.ParseValidationResult_Should_Initialize_With_Defaults" computerName="DESKTOP-FL6NJPC" duration="00:00:00.0038452" startTime="2025-08-17T15:55:51.7647895+02:00" endTime="2025-08-17T15:55:51.7647899+02:00" testType="13cdc9d9-ddb5-4fa4-a97d-d965ccfc6d4b" outcome="Passed" testListId="8c84fa94-04c1-424b-9868-57a2d4851a1d" relativeResultsDirectory="ed79234e-0bc2-41d2-a875-b4c8f51237e4" />
    <UnitTestResult executionId="254ee8e3-3a2d-469c-a318-a09ed537aa6d" testId="aaf59d18-5282-58e0-4300-9ca3c0844752" testName="OpenBullet.Core.Tests.Step9_JobManagerTests.StartJobAsync_With_Invalid_Config_Should_Throw_Exception" computerName="DESKTOP-FL6NJPC" duration="00:00:00.0224632" startTime="2025-08-17T15:55:52.8709641+02:00" endTime="2025-08-17T15:55:52.8709644+02:00" testType="13cdc9d9-ddb5-4fa4-a97d-d965ccfc6d4b" outcome="Passed" testListId="8c84fa94-04c1-424b-9868-57a2d4851a1d" relativeResultsDirectory="254ee8e3-3a2d-469c-a318-a09ed537aa6d" />
    <UnitTestResult executionId="b3aa2126-a764-43a4-a981-875f246ccee1" testId="edc38b60-9567-3e2f-9e58-92f602ba62a5" testName="OpenBullet.Core.Tests.Step9_BotRunnerTests.BotResult_GetVariableValue_Should_Return_Correct_Type" computerName="DESKTOP-FL6NJPC" duration="00:00:00.0029992" startTime="2025-08-17T15:55:51.4661168+02:00" endTime="2025-08-17T15:55:51.4661181+02:00" testType="13cdc9d9-ddb5-4fa4-a97d-d965ccfc6d4b" outcome="Passed" testListId="8c84fa94-04c1-424b-9868-57a2d4851a1d" relativeResultsDirectory="b3aa2126-a764-43a4-a981-875f246ccee1" />
    <UnitTestResult executionId="6d576576-530f-49d4-8cd2-0d74ca221341" testId="936a4820-dee7-7418-fe65-db5b6a47c6e9" testName="OpenBullet.Core.Tests.Step13_CoreServicesTests.SyntaxHighlightingService_Should_Initialize_Successfully" computerName="DESKTOP-FL6NJPC" duration="00:00:00.0004888" startTime="2025-08-17T15:55:52.0073179+02:00" endTime="2025-08-17T15:55:52.0073180+02:00" testType="13cdc9d9-ddb5-4fa4-a97d-d965ccfc6d4b" outcome="Passed" testListId="8c84fa94-04c1-424b-9868-57a2d4851a1d" relativeResultsDirectory="6d576576-530f-49d4-8cd2-0d74ca221341" />
    <UnitTestResult executionId="5f9e7e89-b7d0-42e0-8050-98ebea30a1be" testId="9825f355-b5e7-0601-034d-3bfdf1ae7c09" testName="OpenBullet.Core.Tests.Step1_CoreInterfacesTests.BotData_Should_Initialize_With_Default_Values" computerName="DESKTOP-FL6NJPC" duration="00:00:00.0017234" startTime="2025-08-17T15:55:52.1105545+02:00" endTime="2025-08-17T15:55:52.1105548+02:00" testType="13cdc9d9-ddb5-4fa4-a97d-d965ccfc6d4b" outcome="Passed" testListId="8c84fa94-04c1-424b-9868-57a2d4851a1d" relativeResultsDirectory="5f9e7e89-b7d0-42e0-8050-98ebea30a1be" />
    <UnitTestResult executionId="ebb274c4-6cca-4607-9d79-ffc9fd3dee26" testId="d8852705-9a5a-671a-28e6-c1482406b8d8" testName="OpenBullet.Core.Tests.Step6_RequestCommandTests.ValidateInstruction_With_Valid_HTTP_Methods_Should_Pass(method: &quot;GET&quot;)" computerName="DESKTOP-FL6NJPC" duration="00:00:00.0055908" startTime="2025-08-17T15:55:52.4081767+02:00" endTime="2025-08-17T15:55:52.4081771+02:00" testType="13cdc9d9-ddb5-4fa4-a97d-d965ccfc6d4b" outcome="Passed" testListId="8c84fa94-04c1-424b-9868-57a2d4851a1d" relativeResultsDirectory="ebb274c4-6cca-4607-9d79-ffc9fd3dee26" />
    <UnitTestResult executionId="ad0ebd71-b165-425f-977e-b76642333f7c" testId="e2fcb372-3ce7-39e8-dde9-92219259f333" testName="OpenBullet.Core.Tests.Step3_ConfigurationServiceTests.IsValidConfigFile_With_Invalid_Extension_Should_Return_False" computerName="DESKTOP-FL6NJPC" duration="00:00:00.0080346" startTime="2025-08-17T15:55:53.1131129+02:00" endTime="2025-08-17T15:55:53.1131130+02:00" testType="13cdc9d9-ddb5-4fa4-a97d-d965ccfc6d4b" outcome="Passed" testListId="8c84fa94-04c1-424b-9868-57a2d4851a1d" relativeResultsDirectory="ad0ebd71-b165-425f-977e-b76642333f7c" />
    <UnitTestResult executionId="49946663-75bd-4f96-8235-0b0f8c36bf5f" testId="fb5054a5-0813-d325-5d0d-e25ca0b52f5b" testName="OpenBullet.Core.Tests.Step10_ProxyJobManagerTests.ProxyStrategy_Enum_Should_Have_All_Values(strategy: RoundRobin)" computerName="DESKTOP-FL6NJPC" duration="00:00:00.0017415" startTime="2025-08-17T15:55:52.5473640+02:00" endTime="2025-08-17T15:55:52.5473644+02:00" testType="13cdc9d9-ddb5-4fa4-a97d-d965ccfc6d4b" outcome="Passed" testListId="8c84fa94-04c1-424b-9868-57a2d4851a1d" relativeResultsDirectory="49946663-75bd-4f96-8235-0b0f8c36bf5f" />
    <UnitTestResult executionId="94878930-346e-46dc-8b1e-1f21af40833c" testId="645528e2-40da-a3b6-7ce8-4b7c3e3825d5" testName="OpenBullet.Core.Tests.Step10_ProxyManagerTests.ReturnProxyAsync_With_Success_Result_Should_Update_Statistics" computerName="DESKTOP-FL6NJPC" duration="00:00:00.0029993" startTime="2025-08-17T15:55:51.7346069+02:00" endTime="2025-08-17T15:55:51.7346071+02:00" testType="13cdc9d9-ddb5-4fa4-a97d-d965ccfc6d4b" outcome="Passed" testListId="8c84fa94-04c1-424b-9868-57a2d4851a1d" relativeResultsDirectory="94878930-346e-46dc-8b1e-1f21af40833c" />
    <UnitTestResult executionId="390899a8-8505-46c1-84af-9e7366292cec" testId="b70fe192-1695-16d4-7c61-36256390569c" testName="OpenBullet.Core.Tests.Step10_ValidationTests.ProxyManager_Can_Be_Created_With_Valid_Dependencies" computerName="DESKTOP-FL6NJPC" duration="00:00:00.0007984" startTime="2025-08-17T15:55:51.9707620+02:00" endTime="2025-08-17T15:55:51.9707622+02:00" testType="13cdc9d9-ddb5-4fa4-a97d-d965ccfc6d4b" outcome="Passed" testListId="8c84fa94-04c1-424b-9868-57a2d4851a1d" relativeResultsDirectory="390899a8-8505-46c1-84af-9e7366292cec" />
    <UnitTestResult executionId="cb9c9290-580a-41d8-8789-44a194f7ba0e" testId="9e9832ac-625e-5942-14f6-1ac04e25bb22" testName="OpenBullet.Core.Tests.Step6_RequestCommandTests.ExecuteAsync_With_Headers_Should_Include_Headers" computerName="DESKTOP-FL6NJPC" duration="00:00:00.0403801" startTime="2025-08-17T15:55:52.7615014+02:00" endTime="2025-08-17T15:55:52.7615019+02:00" testType="13cdc9d9-ddb5-4fa4-a97d-d965ccfc6d4b" outcome="Passed" testListId="8c84fa94-04c1-424b-9868-57a2d4851a1d" relativeResultsDirectory="cb9c9290-580a-41d8-8789-44a194f7ba0e" />
    <UnitTestResult executionId="330e6bfc-995c-4834-a5ad-a3004d578a49" testId="14a32241-5e94-0ce6-c8c3-c3e0dfa7a90e" testName="OpenBullet.Core.Tests.Step10_ProxyManagerTests.LoadProxiesFromListAsync_With_Invalid_Proxies_Should_Skip_Invalid_Ones" computerName="DESKTOP-FL6NJPC" duration="00:00:00.0349233" startTime="2025-08-17T15:55:51.6673314+02:00" endTime="2025-08-17T15:55:51.6673317+02:00" testType="13cdc9d9-ddb5-4fa4-a97d-d965ccfc6d4b" outcome="Failed" testListId="8c84fa94-04c1-424b-9868-57a2d4851a1d" relativeResultsDirectory="330e6bfc-995c-4834-a5ad-a3004d578a49">
      <Output>
        <ErrorInfo>
          <Message>Expected loadedCount to be 2, but found 3.</Message>
          <StackTrace>   at FluentAssertions.Execution.XUnit2TestFramework.Throw(String message)&#xD;
   at FluentAssertions.Execution.TestFrameworkProvider.Throw(String message)&#xD;
   at FluentAssertions.Execution.DefaultAssertionStrategy.HandleFailure(String message)&#xD;
   at FluentAssertions.Execution.AssertionScope.FailWith(Func`1 failReasonFunc)&#xD;
   at FluentAssertions.Execution.AssertionScope.FailWith(Func`1 failReasonFunc)&#xD;
   at FluentAssertions.Execution.AssertionScope.FailWith(String message, Object[] args)&#xD;
   at FluentAssertions.Numeric.NumericAssertions`2.Be(T expected, String because, Object[] becauseArgs)&#xD;
   at OpenBullet.Core.Tests.Step10_ProxyManagerTests.LoadProxiesFromListAsync_With_Invalid_Proxies_Should_Skip_Invalid_Ones() in C:\Users\futiliter\Downloads\Telegram Desktop\Openbullet 1.4.4 Anomaly Modded Version\OpenBulletRecreation\OpenBullet.Core.Tests\Step10_ProxyManagerTests.cs:line 87&#xD;
--- End of stack trace from previous location ---</StackTrace>
        </ErrorInfo>
      </Output>
    </UnitTestResult>
    <UnitTestResult executionId="0edf2518-dab7-4830-9b45-52df9693de35" testId="2bb979f9-ca5b-3153-722f-c99eea6aa974" testName="OpenBullet.Core.Tests.Step8_KeyCheckerTests.EvaluateKey_With_Various_Conditions_Should_Work(condition: EndsWith, sourceValue: &quot;Welcome to the dashboard!&quot;, targetValue: &quot;DASHBOARD!&quot;, expected: False)" computerName="DESKTOP-FL6NJPC" duration="00:00:00.0135640" startTime="2025-08-17T15:55:51.5686929+02:00" endTime="2025-08-17T15:55:51.5686932+02:00" testType="13cdc9d9-ddb5-4fa4-a97d-d965ccfc6d4b" outcome="Passed" testListId="8c84fa94-04c1-424b-9868-57a2d4851a1d" relativeResultsDirectory="0edf2518-dab7-4830-9b45-52df9693de35" />
    <UnitTestResult executionId="1ec71a56-5ec6-4f59-ba50-4a3e7b5a9509" testId="8d710c2c-914e-8ce4-d5ff-4106d92147ce" testName="OpenBullet.Core.Tests.Step7_ValidationTests.ParseCommand_Should_Validate_Basic_Instructions" computerName="DESKTOP-FL6NJPC" duration="00:00:00.0030017" startTime="2025-08-17T15:55:51.7765539+02:00" endTime="2025-08-17T15:55:51.7765730+02:00" testType="13cdc9d9-ddb5-4fa4-a97d-d965ccfc6d4b" outcome="Failed" testListId="8c84fa94-04c1-424b-9868-57a2d4851a1d" relativeResultsDirectory="1ec71a56-5ec6-4f59-ba50-4a3e7b5a9509">
      <Output>
        <ErrorInfo>
          <Message>Expected validResult.IsValid to be true, but found False.</Message>
          <StackTrace>   at FluentAssertions.Execution.XUnit2TestFramework.Throw(String message)&#xD;
   at FluentAssertions.Execution.TestFrameworkProvider.Throw(String message)&#xD;
   at FluentAssertions.Execution.DefaultAssertionStrategy.HandleFailure(String message)&#xD;
   at FluentAssertions.Execution.AssertionScope.FailWith(Func`1 failReasonFunc)&#xD;
   at FluentAssertions.Execution.AssertionScope.FailWith(Func`1 failReasonFunc)&#xD;
   at FluentAssertions.Execution.AssertionScope.FailWith(String message, Object[] args)&#xD;
   at FluentAssertions.Primitives.BooleanAssertions`1.BeTrue(String because, Object[] becauseArgs)&#xD;
   at OpenBullet.Core.Tests.Step7_ValidationTests.ParseCommand_Should_Validate_Basic_Instructions() in C:\Users\futiliter\Downloads\Telegram Desktop\Openbullet 1.4.4 Anomaly Modded Version\OpenBulletRecreation\OpenBullet.Core.Tests\Step7_ValidationTests.cs:line 289&#xD;
   at System.RuntimeMethodHandle.InvokeMethod(Object target, Void** arguments, Signature sig, Boolean isConstructor)&#xD;
   at System.Reflection.MethodBaseInvoker.InvokeWithNoArgs(Object obj, BindingFlags invokeAttr)</StackTrace>
        </ErrorInfo>
      </Output>
    </UnitTestResult>
    <UnitTestResult executionId="5dd1be4f-dcd4-4f56-83ff-e3690637ed28" testId="20988706-6f9a-5d52-6369-608ea43877be" testName="OpenBullet.Core.Tests.Step13_ConfigurationEditorTests.TokenizeScript_Should_Correctly_Identify_Token_Types(input: &quot;PARSE \&quot;&lt;title&gt;(.*?)&lt;/title&gt;\&quot; REGEX&quot;, expectedType: Command, expectedValue: &quot;PARSE&quot;)" computerName="DESKTOP-FL6NJPC" duration="00:00:00.0001772" startTime="2025-08-17T15:55:51.4044931+02:00" endTime="2025-08-17T15:55:51.4044934+02:00" testType="13cdc9d9-ddb5-4fa4-a97d-d965ccfc6d4b" outcome="Failed" testListId="8c84fa94-04c1-424b-9868-57a2d4851a1d" relativeResultsDirectory="5dd1be4f-dcd4-4f56-83ff-e3690637ed28">
      <Output>
        <ErrorInfo>
          <Message>System.NotImplementedException : To be implemented in Step 13</Message>
          <StackTrace>   at OpenBullet.Core.Tests.SyntaxHighlightingService.TokenizeScript(String script) in C:\Users\futiliter\Downloads\Telegram Desktop\Openbullet 1.4.4 Anomaly Modded Version\OpenBulletRecreation\OpenBullet.Core.Tests\Step13_ConfigurationEditorTests.cs:line 462&#xD;
   at OpenBullet.Core.Tests.Step13_ConfigurationEditorTests.TokenizeScript_Should_Correctly_Identify_Token_Types(String input, TokenType expectedType, String expectedValue) in C:\Users\futiliter\Downloads\Telegram Desktop\Openbullet 1.4.4 Anomaly Modded Version\OpenBulletRecreation\OpenBullet.Core.Tests\Step13_ConfigurationEditorTests.cs:line 55&#xD;
   at InvokeStub_Step13_ConfigurationEditorTests.TokenizeScript_Should_Correctly_Identify_Token_Types(Object, Span`1)&#xD;
   at System.Reflection.MethodBaseInvoker.InvokeWithFewArgs(Object obj, BindingFlags invokeAttr, Binder binder, Object[] parameters, CultureInfo culture)</StackTrace>
        </ErrorInfo>
      </Output>
    </UnitTestResult>
    <UnitTestResult executionId="86bb9725-b919-4ec2-bd6f-e1593002a4ae" testId="56b419cc-467e-3d34-99b7-8da03c1873d6" testName="OpenBullet.Core.Tests.Step2_ValidationTests.Step2TestHelpers_Create_Valid_Objects" computerName="DESKTOP-FL6NJPC" duration="00:00:00.0017862" startTime="2025-08-17T15:55:52.8743917+02:00" endTime="2025-08-17T15:55:52.8743920+02:00" testType="13cdc9d9-ddb5-4fa4-a97d-d965ccfc6d4b" outcome="Passed" testListId="8c84fa94-04c1-424b-9868-57a2d4851a1d" relativeResultsDirectory="86bb9725-b919-4ec2-bd6f-e1593002a4ae" />
    <UnitTestResult executionId="fcade92f-6b10-4d3d-9473-a7552cd34b9c" testId="73cdad3f-a050-f089-281f-3c3b46f469e6" testName="OpenBullet.Core.Tests.Step8_ValidationTests.KeyCondition_String_Conversion_Should_Work(stringValue: &quot;DoesNotContain&quot;, expectedCondition: DoesNotContain)" computerName="DESKTOP-FL6NJPC" duration="00:00:00.0000177" startTime="2025-08-17T15:55:51.3507068+02:00" endTime="2025-08-17T15:55:51.3507069+02:00" testType="13cdc9d9-ddb5-4fa4-a97d-d965ccfc6d4b" outcome="Passed" testListId="8c84fa94-04c1-424b-9868-57a2d4851a1d" relativeResultsDirectory="fcade92f-6b10-4d3d-9473-a7552cd34b9c" />
    <UnitTestResult executionId="502d711f-3a54-47d4-b287-f9ec8af31b55" testId="b9ed03d3-29c0-cbec-9b91-34fc0a4831ba" testName="OpenBullet.Core.Tests.Step11_DatabaseContextTests.DatabaseContext_Should_Be_Created_Successfully" computerName="DESKTOP-FL6NJPC" duration="00:00:00.0055812" startTime="2025-08-17T15:55:54.3606040+02:00" endTime="2025-08-17T15:55:54.3606043+02:00" testType="13cdc9d9-ddb5-4fa4-a97d-d965ccfc6d4b" outcome="Passed" testListId="8c84fa94-04c1-424b-9868-57a2d4851a1d" relativeResultsDirectory="502d711f-3a54-47d4-b287-f9ec8af31b55" />
    <UnitTestResult executionId="ebb72bc3-2a8d-4bdd-ada4-6fc49a72f6a9" testId="7da42efb-3bca-6f0f-add1-7b7a03e11808" testName="OpenBullet.Core.Tests.Step11_DatabaseManagerTests.DatabaseManager_Health_With_Data_Should_Show_Counts" computerName="DESKTOP-FL6NJPC" duration="00:00:00.1644961" startTime="2025-08-17T15:55:54.2410892+02:00" endTime="2025-08-17T15:55:54.2410895+02:00" testType="13cdc9d9-ddb5-4fa4-a97d-d965ccfc6d4b" outcome="Passed" testListId="8c84fa94-04c1-424b-9868-57a2d4851a1d" relativeResultsDirectory="ebb72bc3-2a8d-4bdd-ada4-6fc49a72f6a9" />
    <UnitTestResult executionId="3a3f79f0-13a2-410c-8304-67cc7e9784fd" testId="3a32b3db-515e-bd34-94d4-fa489549a0d4" testName="OpenBullet.Core.Tests.Step10_ProxyJobManagerTests.ProxyStrategy_Enum_Should_Have_All_Values(strategy: PerDataLine)" computerName="DESKTOP-FL6NJPC" duration="00:00:00.0024535" startTime="2025-08-17T15:55:52.5454997+02:00" endTime="2025-08-17T15:55:52.5455000+02:00" testType="13cdc9d9-ddb5-4fa4-a97d-d965ccfc6d4b" outcome="Passed" testListId="8c84fa94-04c1-424b-9868-57a2d4851a1d" relativeResultsDirectory="3a3f79f0-13a2-410c-8304-67cc7e9784fd" />
    <UnitTestResult executionId="39416c67-5492-410b-9357-97b0829e91d5" testId="af9be12a-f702-52d0-4e25-15dd53004247" testName="OpenBullet.Core.Tests.Step8_KeyCheckerTests.EvaluateKey_With_LengthEqualTo_Condition_Should_Work(sourceValue: &quot;hello world&quot;, targetLength: &quot;11&quot;, expected: True)" computerName="DESKTOP-FL6NJPC" duration="00:00:00.0020409" startTime="2025-08-17T15:55:51.5784210+02:00" endTime="2025-08-17T15:55:51.5784211+02:00" testType="13cdc9d9-ddb5-4fa4-a97d-d965ccfc6d4b" outcome="Passed" testListId="8c84fa94-04c1-424b-9868-57a2d4851a1d" relativeResultsDirectory="39416c67-5492-410b-9357-97b0829e91d5" />
    <UnitTestResult executionId="f27ddf1d-da0c-4d0b-b2ef-09f3c664b77c" testId="5eed3030-76e1-2a66-fe04-1aeca5d20365" testName="OpenBullet.Core.Tests.Step13_ConfigurationEditorTests.TokenizeScript_Should_Correctly_Identify_Token_Types(input: &quot;REQUEST GET \&quot;https://example.com\&quot;&quot;, expectedType: Command, expectedValue: &quot;REQUEST&quot;)" computerName="DESKTOP-FL6NJPC" duration="00:00:00.0006287" startTime="2025-08-17T15:55:51.4014504+02:00" endTime="2025-08-17T15:55:51.4014506+02:00" testType="13cdc9d9-ddb5-4fa4-a97d-d965ccfc6d4b" outcome="Failed" testListId="8c84fa94-04c1-424b-9868-57a2d4851a1d" relativeResultsDirectory="f27ddf1d-da0c-4d0b-b2ef-09f3c664b77c">
      <Output>
        <ErrorInfo>
          <Message>System.NotImplementedException : To be implemented in Step 13</Message>
          <StackTrace>   at OpenBullet.Core.Tests.SyntaxHighlightingService.TokenizeScript(String script) in C:\Users\futiliter\Downloads\Telegram Desktop\Openbullet 1.4.4 Anomaly Modded Version\OpenBulletRecreation\OpenBullet.Core.Tests\Step13_ConfigurationEditorTests.cs:line 462&#xD;
   at OpenBullet.Core.Tests.Step13_ConfigurationEditorTests.TokenizeScript_Should_Correctly_Identify_Token_Types(String input, TokenType expectedType, String expectedValue) in C:\Users\futiliter\Downloads\Telegram Desktop\Openbullet 1.4.4 Anomaly Modded Version\OpenBulletRecreation\OpenBullet.Core.Tests\Step13_ConfigurationEditorTests.cs:line 55&#xD;
   at InvokeStub_Step13_ConfigurationEditorTests.TokenizeScript_Should_Correctly_Identify_Token_Types(Object, Span`1)&#xD;
   at System.Reflection.MethodBaseInvoker.InvokeWithFewArgs(Object obj, BindingFlags invokeAttr, Binder binder, Object[] parameters, CultureInfo culture)</StackTrace>
        </ErrorInfo>
      </Output>
    </UnitTestResult>
    <UnitTestResult executionId="c526f1ec-e01e-4231-bc4b-e45f0b6d0299" testId="15059a8f-bdb4-b57e-f601-5d0021636754" testName="OpenBullet.Core.Tests.Step6_CommandFactoryTests.GetCommandMetadata_Should_Return_Null_For_Invalid_Input" computerName="DESKTOP-FL6NJPC" duration="00:00:00.0005308" startTime="2025-08-17T15:55:51.9996301+02:00" endTime="2025-08-17T15:55:51.9996302+02:00" testType="13cdc9d9-ddb5-4fa4-a97d-d965ccfc6d4b" outcome="Passed" testListId="8c84fa94-04c1-424b-9868-57a2d4851a1d" relativeResultsDirectory="c526f1ec-e01e-4231-bc4b-e45f0b6d0299" />
    <UnitTestResult executionId="a107bd45-e088-41cb-86d9-c2879f8648f6" testId="f17bdeeb-2fb5-d738-1a7b-cc2584c9953a" testName="OpenBullet.Core.Tests.Step10_ProxyJobManagerTests.ProxyAwareBotRunner_Should_Handle_Proxy_Assignment" computerName="DESKTOP-FL6NJPC" duration="00:00:00.0145101" startTime="2025-08-17T15:55:53.0918112+02:00" endTime="2025-08-17T15:55:53.0918116+02:00" testType="13cdc9d9-ddb5-4fa4-a97d-d965ccfc6d4b" outcome="Passed" testListId="8c84fa94-04c1-424b-9868-57a2d4851a1d" relativeResultsDirectory="a107bd45-e088-41cb-86d9-c2879f8648f6" />
    <UnitTestResult executionId="7c5a3f75-76bd-4c32-a717-6f7babb6a696" testId="18ce4253-99a3-2d40-035c-d390139f61d8" testName="OpenBullet.Core.Tests.Step5_ValidationTests.VariableMetadata_Should_Initialize_With_Defaults" computerName="DESKTOP-FL6NJPC" duration="00:00:00.0361641" startTime="2025-08-17T15:55:51.8508016+02:00" endTime="2025-08-17T15:55:51.8508022+02:00" testType="13cdc9d9-ddb5-4fa4-a97d-d965ccfc6d4b" outcome="Passed" testListId="8c84fa94-04c1-424b-9868-57a2d4851a1d" relativeResultsDirectory="7c5a3f75-76bd-4c32-a717-6f7babb6a696" />
    <UnitTestResult executionId="67747849-7e35-48d4-a78b-5cd25e5c7ea9" testId="67f3043a-8634-5fff-450d-ffaa9627f2de" testName="OpenBullet.Core.Tests.Step6_CommandFactoryTests.RegisterCommandMetadata_Should_Throw_For_Invalid_Arguments" computerName="DESKTOP-FL6NJPC" duration="00:00:00.0073715" startTime="2025-08-17T15:55:51.9455388+02:00" endTime="2025-08-17T15:55:51.9455390+02:00" testType="13cdc9d9-ddb5-4fa4-a97d-d965ccfc6d4b" outcome="Passed" testListId="8c84fa94-04c1-424b-9868-57a2d4851a1d" relativeResultsDirectory="67747849-7e35-48d4-a78b-5cd25e5c7ea9" />
    <UnitTestResult executionId="be342cc4-dc72-4219-b9b3-2fa01aeaf929" testId="5693cff7-7f84-bbae-5e2a-34f3e63ea80d" testName="OpenBullet.Core.Tests.Step6_ValidationTests.RequestCommand_Should_Validate_HTTP_Methods_Correctly(method: &quot;INVALID&quot;, shouldBeValid: False)" computerName="DESKTOP-FL6NJPC" duration="00:00:00.0002869" startTime="2025-08-17T15:55:51.6977655+02:00" endTime="2025-08-17T15:55:51.6977658+02:00" testType="13cdc9d9-ddb5-4fa4-a97d-d965ccfc6d4b" outcome="Passed" testListId="8c84fa94-04c1-424b-9868-57a2d4851a1d" relativeResultsDirectory="be342cc4-dc72-4219-b9b3-2fa01aeaf929" />
    <UnitTestResult executionId="f441c38c-4fc1-43e4-b69c-61c70a379eba" testId="f377092e-300a-3aa4-4cff-93fec4bd2c8c" testName="OpenBullet.Core.Tests.Step8_ValidationTests.KeyCheckResult_Should_Initialize_With_Defaults" computerName="DESKTOP-FL6NJPC" duration="00:00:00.0024174" startTime="2025-08-17T15:55:51.6357112+02:00" endTime="2025-08-17T15:55:51.6357117+02:00" testType="13cdc9d9-ddb5-4fa4-a97d-d965ccfc6d4b" outcome="Passed" testListId="8c84fa94-04c1-424b-9868-57a2d4851a1d" relativeResultsDirectory="f441c38c-4fc1-43e4-b69c-61c70a379eba" />
    <UnitTestResult executionId="676074ea-281a-4cbe-8029-92c83d91e868" testId="b70eac5d-c92b-6a37-1dc9-8663243775db" testName="OpenBullet.Core.Tests.Step5_ExecutionContextTests.Dispose_Should_Map_Status_Correctly" computerName="DESKTOP-FL6NJPC" duration="00:00:00.0019002" startTime="2025-08-17T15:55:52.6345364+02:00" endTime="2025-08-17T15:55:52.6345367+02:00" testType="13cdc9d9-ddb5-4fa4-a97d-d965ccfc6d4b" outcome="Passed" testListId="8c84fa94-04c1-424b-9868-57a2d4851a1d" relativeResultsDirectory="676074ea-281a-4cbe-8029-92c83d91e868" />
    <UnitTestResult executionId="340fd655-d9b3-470a-b2ba-efa04b3e1d61" testId="3975380f-9501-a4cf-48b1-45fa195e806b" testName="OpenBullet.Core.Tests.Step13_ConfigurationEditorTests.TokenizeScript_Should_Correctly_Identify_Token_Types(input: &quot;\&quot;string value\&quot;&quot;, expectedType: String, expectedValue: &quot;string value&quot;)" computerName="DESKTOP-FL6NJPC" duration="00:00:00.0001531" startTime="2025-08-17T15:55:51.4085076+02:00" endTime="2025-08-17T15:55:51.4085080+02:00" testType="13cdc9d9-ddb5-4fa4-a97d-d965ccfc6d4b" outcome="Failed" testListId="8c84fa94-04c1-424b-9868-57a2d4851a1d" relativeResultsDirectory="340fd655-d9b3-470a-b2ba-efa04b3e1d61">
      <Output>
        <ErrorInfo>
          <Message>System.NotImplementedException : To be implemented in Step 13</Message>
          <StackTrace>   at OpenBullet.Core.Tests.SyntaxHighlightingService.TokenizeScript(String script) in C:\Users\futiliter\Downloads\Telegram Desktop\Openbullet 1.4.4 Anomaly Modded Version\OpenBulletRecreation\OpenBullet.Core.Tests\Step13_ConfigurationEditorTests.cs:line 462&#xD;
   at OpenBullet.Core.Tests.Step13_ConfigurationEditorTests.TokenizeScript_Should_Correctly_Identify_Token_Types(String input, TokenType expectedType, String expectedValue) in C:\Users\futiliter\Downloads\Telegram Desktop\Openbullet 1.4.4 Anomaly Modded Version\OpenBulletRecreation\OpenBullet.Core.Tests\Step13_ConfigurationEditorTests.cs:line 55&#xD;
   at InvokeStub_Step13_ConfigurationEditorTests.TokenizeScript_Should_Correctly_Identify_Token_Types(Object, Span`1)&#xD;
   at System.Reflection.MethodBaseInvoker.InvokeWithFewArgs(Object obj, BindingFlags invokeAttr, Binder binder, Object[] parameters, CultureInfo culture)</StackTrace>
        </ErrorInfo>
      </Output>
    </UnitTestResult>
    <UnitTestResult executionId="d9ac37e0-482d-448a-8749-5695f5253756" testId="38aa4239-aa6d-02f3-d950-83295b66172c" testName="OpenBullet.Core.Tests.Step6_RequestCommandTests.ExecuteAsync_With_Boolean_Parameters_Should_Apply_Settings" computerName="DESKTOP-FL6NJPC" duration="00:00:00.0179746" startTime="2025-08-17T15:55:52.6371475+02:00" endTime="2025-08-17T15:55:52.6371478+02:00" testType="13cdc9d9-ddb5-4fa4-a97d-d965ccfc6d4b" outcome="Passed" testListId="8c84fa94-04c1-424b-9868-57a2d4851a1d" relativeResultsDirectory="d9ac37e0-482d-448a-8749-5695f5253756" />
    <UnitTestResult executionId="3097f075-3431-4fda-bbea-d2cc67f54a30" testId="9b3637a5-0ac7-9abf-3434-dcb55983e669" testName="OpenBullet.Core.Tests.Step3_ValidationTests.ParseConfigContent_With_Valid_Json_Should_Work" computerName="DESKTOP-FL6NJPC" duration="00:00:00.0228055" startTime="2025-08-17T15:55:52.1714608+02:00" endTime="2025-08-17T15:55:52.1714610+02:00" testType="13cdc9d9-ddb5-4fa4-a97d-d965ccfc6d4b" outcome="Passed" testListId="8c84fa94-04c1-424b-9868-57a2d4851a1d" relativeResultsDirectory="3097f075-3431-4fda-bbea-d2cc67f54a30" />
    <UnitTestResult executionId="552e5110-ae33-4693-aa77-40af2e9d0aeb" testId="f5e63c97-f917-de8f-01bd-476794860761" testName="OpenBullet.Core.Tests.Step7_ParseCommandTests.ValidateInstruction_Without_Redirector_Should_Warn" computerName="DESKTOP-FL6NJPC" duration="00:00:00.1246203" startTime="2025-08-17T15:55:51.6716123+02:00" endTime="2025-08-17T15:55:51.6716125+02:00" testType="13cdc9d9-ddb5-4fa4-a97d-d965ccfc6d4b" outcome="Failed" testListId="8c84fa94-04c1-424b-9868-57a2d4851a1d" relativeResultsDirectory="552e5110-ae33-4693-aa77-40af2e9d0aeb">
      <Output>
        <ErrorInfo>
          <Message>Expected result.IsValid to be true, but found False.</Message>
          <StackTrace>   at FluentAssertions.Execution.XUnit2TestFramework.Throw(String message)&#xD;
   at FluentAssertions.Execution.TestFrameworkProvider.Throw(String message)&#xD;
   at FluentAssertions.Execution.DefaultAssertionStrategy.HandleFailure(String message)&#xD;
   at FluentAssertions.Execution.AssertionScope.FailWith(Func`1 failReasonFunc)&#xD;
   at FluentAssertions.Execution.AssertionScope.FailWith(Func`1 failReasonFunc)&#xD;
   at FluentAssertions.Execution.AssertionScope.FailWith(String message, Object[] args)&#xD;
   at FluentAssertions.Primitives.BooleanAssertions`1.BeTrue(String because, Object[] becauseArgs)&#xD;
   at OpenBullet.Core.Tests.Step7_ParseCommandTests.ValidateInstruction_Without_Redirector_Should_Warn() in C:\Users\futiliter\Downloads\Telegram Desktop\Openbullet 1.4.4 Anomaly Modded Version\OpenBulletRecreation\OpenBullet.Core.Tests\Step7_ParseCommandTests.cs:line 537&#xD;
   at System.RuntimeMethodHandle.InvokeMethod(Object target, Void** arguments, Signature sig, Boolean isConstructor)&#xD;
   at System.Reflection.MethodBaseInvoker.InvokeWithNoArgs(Object obj, BindingFlags invokeAttr)</StackTrace>
        </ErrorInfo>
      </Output>
    </UnitTestResult>
    <UnitTestResult executionId="1a1e0491-8bf4-46e3-bba1-b66bcec5b917" testId="b836d42a-3ac0-145f-4eb9-e7e029d7ce90" testName="OpenBullet.Core.Tests.Step11_ValidationTests.Filter_Classes_Should_Initialize_Correctly" computerName="DESKTOP-FL6NJPC" duration="00:00:00.0026391" startTime="2025-08-17T15:55:56.2355142+02:00" endTime="2025-08-17T15:55:56.2355145+02:00" testType="13cdc9d9-ddb5-4fa4-a97d-d965ccfc6d4b" outcome="Passed" testListId="8c84fa94-04c1-424b-9868-57a2d4851a1d" relativeResultsDirectory="1a1e0491-8bf4-46e3-bba1-b66bcec5b917" />
    <UnitTestResult executionId="189abad8-0b6c-42d1-8cdc-53cd2640bed1" testId="32520795-8b6d-1150-b21d-5239232dbffd" testName="OpenBullet.Core.Tests.Step9_BotRunnerTests.BotStatusExtensions_IsSuccess_Should_Work_Correctly(status: Failure, expectedIsSuccess: False)" computerName="DESKTOP-FL6NJPC" duration="00:00:00.0000867" startTime="2025-08-17T15:55:51.4631768+02:00" endTime="2025-08-17T15:55:51.4631771+02:00" testType="13cdc9d9-ddb5-4fa4-a97d-d965ccfc6d4b" outcome="Passed" testListId="8c84fa94-04c1-424b-9868-57a2d4851a1d" relativeResultsDirectory="189abad8-0b6c-42d1-8cdc-53cd2640bed1" />
    <UnitTestResult executionId="594fe194-8e3f-4e71-a875-daea7e769c16" testId="7b6bd507-2c89-2620-9f91-cf3bef38ad85" testName="OpenBullet.Core.Tests.Step10_ProxyJobManagerTests.ProxyJobConfiguration_Constructor_From_Base_Should_Copy_Properties" computerName="DESKTOP-FL6NJPC" duration="00:00:00.0058285" startTime="2025-08-17T15:55:52.5402754+02:00" endTime="2025-08-17T15:55:52.5402757+02:00" testType="13cdc9d9-ddb5-4fa4-a97d-d965ccfc6d4b" outcome="Passed" testListId="8c84fa94-04c1-424b-9868-57a2d4851a1d" relativeResultsDirectory="594fe194-8e3f-4e71-a875-daea7e769c16" />
    <UnitTestResult executionId="6093a65e-a629-404e-877e-9a567be7abc0" testId="69004bea-20b2-62dc-ad7c-7f2cf9934cd0" testName="OpenBullet.Core.Tests.Step8_KeyCheckerTests.EvaluateKeyChains_With_Ban_Chain_Should_Set_Ban_Flag" computerName="DESKTOP-FL6NJPC" duration="00:00:00.0042165" startTime="2025-08-17T15:55:51.6719294+02:00" endTime="2025-08-17T15:55:51.6719296+02:00" testType="13cdc9d9-ddb5-4fa4-a97d-d965ccfc6d4b" outcome="Passed" testListId="8c84fa94-04c1-424b-9868-57a2d4851a1d" relativeResultsDirectory="6093a65e-a629-404e-877e-9a567be7abc0" />
    <UnitTestResult executionId="edc9ebd4-4d0d-4202-9d66-e23dda0431ee" testId="24af7e81-cde3-226a-eb3f-726b9c92c9c1" testName="OpenBullet.Core.Tests.Step7_ParseCommandTests.ExecuteAsync_With_Boolean_Parameters_Should_Apply_Options" computerName="DESKTOP-FL6NJPC" duration="00:00:00.0086120" startTime="2025-08-17T15:55:51.7524666+02:00" endTime="2025-08-17T15:55:51.7524667+02:00" testType="13cdc9d9-ddb5-4fa4-a97d-d965ccfc6d4b" outcome="Passed" testListId="8c84fa94-04c1-424b-9868-57a2d4851a1d" relativeResultsDirectory="edc9ebd4-4d0d-4202-9d66-e23dda0431ee" />
    <UnitTestResult executionId="0b76551d-0c39-4699-9bc9-ae8d5e5308a3" testId="46b38ea0-b955-6685-8a77-d43834a585d0" testName="OpenBullet.Core.Tests.Step3_ConfigurationServiceTests.ValidateConfigAsync_With_Invalid_Json_Should_Return_Errors" computerName="DESKTOP-FL6NJPC" duration="00:00:00.0224387" startTime="2025-08-17T15:55:52.9006409+02:00" endTime="2025-08-17T15:55:52.9006414+02:00" testType="13cdc9d9-ddb5-4fa4-a97d-d965ccfc6d4b" outcome="Passed" testListId="8c84fa94-04c1-424b-9868-57a2d4851a1d" relativeResultsDirectory="0b76551d-0c39-4699-9bc9-ae8d5e5308a3" />
    <UnitTestResult executionId="2cc1c106-27f9-49ad-80eb-15e9a5bff061" testId="843a55ab-00a9-951c-7d58-882ca47f2e21" testName="OpenBullet.Core.Tests.Step10_ProxyManagerTests.ProxyManager_Can_Be_Created" computerName="DESKTOP-FL6NJPC" duration="00:00:00.0004234" startTime="2025-08-17T15:55:51.7417562+02:00" endTime="2025-08-17T15:55:51.7417563+02:00" testType="13cdc9d9-ddb5-4fa4-a97d-d965ccfc6d4b" outcome="Passed" testListId="8c84fa94-04c1-424b-9868-57a2d4851a1d" relativeResultsDirectory="2cc1c106-27f9-49ad-80eb-15e9a5bff061" />
    <UnitTestResult executionId="3ee5659b-f7b2-483e-add0-084e334e72cc" testId="e5adcbd1-6038-d960-f10a-e0eadfa43946" testName="OpenBullet.Core.Tests.Step5_ExecutionContextTests.RestoreCheckpoint_Should_Restore_State" computerName="DESKTOP-FL6NJPC" duration="00:00:00.0047085" startTime="2025-08-17T15:55:52.6685361+02:00" endTime="2025-08-17T15:55:52.6685366+02:00" testType="13cdc9d9-ddb5-4fa4-a97d-d965ccfc6d4b" outcome="Passed" testListId="8c84fa94-04c1-424b-9868-57a2d4851a1d" relativeResultsDirectory="3ee5659b-f7b2-483e-add0-084e334e72cc" />
    <UnitTestResult executionId="4bb74786-48af-4a12-81cc-0d69bf7ae7cb" testId="1649cb82-dcf5-5e34-241c-3de0826d81c0" testName="OpenBullet.Core.Tests.Step10_ProxyExtensionsTests.GetPerformanceScore_Should_Calculate_Correctly(health: Healthy, successRate: 100, responseTimeMs: 500, expectedScore: 95)" computerName="DESKTOP-FL6NJPC" duration="00:00:00.0014134" startTime="2025-08-17T15:55:52.1923553+02:00" endTime="2025-08-17T15:55:52.1923556+02:00" testType="13cdc9d9-ddb5-4fa4-a97d-d965ccfc6d4b" outcome="Failed" testListId="8c84fa94-04c1-424b-9868-57a2d4851a1d" relativeResultsDirectory="4bb74786-48af-4a12-81cc-0d69bf7ae7cb">
      <Output>
        <ErrorInfo>
          <Message>Expected score to approximate 95.0 +/- 0.5, but 100.0 differed by 5.0.</Message>
          <StackTrace>   at FluentAssertions.Execution.XUnit2TestFramework.Throw(String message)&#xD;
   at FluentAssertions.Execution.TestFrameworkProvider.Throw(String message)&#xD;
   at FluentAssertions.Execution.DefaultAssertionStrategy.HandleFailure(String message)&#xD;
   at FluentAssertions.Execution.AssertionScope.FailWith(Func`1 failReasonFunc)&#xD;
   at FluentAssertions.Execution.AssertionScope.FailWith(Func`1 failReasonFunc)&#xD;
   at FluentAssertions.Execution.AssertionScope.FailWith(String message, Object[] args)&#xD;
   at FluentAssertions.NumericAssertionsExtensions.FailIfDifferenceOutsidePrecision[T](Boolean differenceWithinPrecision, NumericAssertions`1 parent, T expectedValue, T precision, T actualDifference, String because, Object[] becauseArgs)&#xD;
   at FluentAssertions.NumericAssertionsExtensions.BeApproximately(NumericAssertions`1 parent, Double expectedValue, Double precision, String because, Object[] becauseArgs)&#xD;
   at OpenBullet.Core.Tests.Step10_ProxyExtensionsTests.GetPerformanceScore_Should_Calculate_Correctly(ProxyHealth health, Double successRate, Int32 responseTimeMs, Double expectedScore) in C:\Users\futiliter\Downloads\Telegram Desktop\Openbullet 1.4.4 Anomaly Modded Version\OpenBulletRecreation\OpenBullet.Core.Tests\Step10_ProxyExtensionsTests.cs:line 205&#xD;
   at InvokeStub_Step10_ProxyExtensionsTests.GetPerformanceScore_Should_Calculate_Correctly(Object, Span`1)&#xD;
   at System.Reflection.MethodBaseInvoker.InvokeWithFewArgs(Object obj, BindingFlags invokeAttr, Binder binder, Object[] parameters, CultureInfo culture)</StackTrace>
        </ErrorInfo>
      </Output>
    </UnitTestResult>
    <UnitTestResult executionId="7b685ad4-f52d-4faa-94a1-9b5432407872" testId="416809a2-7b2d-d210-0f7d-91d5963607a1" testName="OpenBullet.Core.Tests.Step8_ValidationTests.BotStatus_String_Conversion_Should_Work(stringValue: &quot;Failure&quot;, expectedStatus: Failure)" computerName="DESKTOP-FL6NJPC" duration="00:00:00.0000189" startTime="2025-08-17T15:55:51.4654935+02:00" endTime="2025-08-17T15:55:51.4654936+02:00" testType="13cdc9d9-ddb5-4fa4-a97d-d965ccfc6d4b" outcome="Passed" testListId="8c84fa94-04c1-424b-9868-57a2d4851a1d" relativeResultsDirectory="7b685ad4-f52d-4faa-94a1-9b5432407872" />
    <UnitTestResult executionId="d5f128c6-da00-41bf-bdca-1d90ae7505ef" testId="218c1993-0218-0f33-1716-9ace8de00ffc" testName="OpenBullet.Core.Tests.Step10_ProxyJobManagerTests.ProxyJobStatistics_Should_Calculate_Success_Rate" computerName="DESKTOP-FL6NJPC" duration="00:00:00.0021294" startTime="2025-08-17T15:55:52.8737616+02:00" endTime="2025-08-17T15:55:52.8737618+02:00" testType="13cdc9d9-ddb5-4fa4-a97d-d965ccfc6d4b" outcome="Passed" testListId="8c84fa94-04c1-424b-9868-57a2d4851a1d" relativeResultsDirectory="d5f128c6-da00-41bf-bdca-1d90ae7505ef" />
    <UnitTestResult executionId="68cdbe7d-6dea-45d7-8048-081ad9589e19" testId="39e28652-04ec-cd2a-9c71-82b2792bea14" testName="OpenBullet.Core.Tests.Step11_DatabaseContextTests.Complex_Queries_Should_Work" computerName="DESKTOP-FL6NJPC" duration="00:00:00.1344702" startTime="2025-08-17T15:55:54.3589271+02:00" endTime="2025-08-17T15:55:54.3589274+02:00" testType="13cdc9d9-ddb5-4fa4-a97d-d965ccfc6d4b" outcome="Failed" testListId="8c84fa94-04c1-424b-9868-57a2d4851a1d" relativeResultsDirectory="68cdbe7d-6dea-45d7-8048-081ad9589e19">
      <Output>
        <ErrorInfo>
          <Message>Expected jobsWithHighSuccess to contain 4 item(s), but found 5: OpenBullet.Core.Data.JobEntity&#xD;
    {&#xD;
        CompletedAt = &lt;null&gt;, &#xD;
        ConcurrentBots = 1, &#xD;
        Configuration = OpenBullet.Core.Data.ConfigurationEntity&#xD;
        {&#xD;
            Author = "", &#xD;
            Category = "Category2", &#xD;
            CreatedAt = &lt;2025-08-17 13:55:54.2205276&gt;, &#xD;
            CreatedBy = &lt;null&gt;, &#xD;
            DeletedAt = &lt;null&gt;, &#xD;
            Description = &lt;null&gt;, &#xD;
            Id = "67cb9827-ec79-4a1a-8f57-c073e4069c39", &#xD;
            IsActive = True, &#xD;
            IsDeleted = False, &#xD;
            IsPublic = False, &#xD;
            Jobs = {{Cyclic reference to type OpenBullet.Core.Data.JobEntity detected}}, &#xD;
            LastUsed = &lt;null&gt;, &#xD;
            Metadata = {empty}, &#xD;
            MetadataJson = "{}", &#xD;
            Name = "Config 10", &#xD;
            RequiredPluginsJson = &lt;null&gt;, &#xD;
            Script = "", &#xD;
            SettingsJson = &lt;null&gt;, &#xD;
            SuccessRate = &lt;null&gt;, &#xD;
            TagsJson = &lt;null&gt;, &#xD;
            UpdatedAt = &lt;2025-08-17 13:55:54.2205277&gt;, &#xD;
            UpdatedBy = &lt;null&gt;, &#xD;
            UsageCount = 100, &#xD;
            Version = "1.0.0"&#xD;
        }, &#xD;
        ConfigurationId = "67cb9827-ec79-4a1a-8f57-c073e4069c39", &#xD;
        CreatedAt = &lt;2025-08-17 13:55:54.2205287&gt;, &#xD;
        CreatedBy = &lt;null&gt;, &#xD;
        DataLinesJson = &lt;null&gt;, &#xD;
        DeletedAt = &lt;null&gt;, &#xD;
        Description = &lt;null&gt;, &#xD;
        Duration = &lt;null&gt;, &#xD;
        ErrorItems = 0, &#xD;
        ErrorMessage = &lt;null&gt;, &#xD;
        FailedItems = 20, &#xD;
        Id = "136dd56d-f5fd-4e4b-a0e0-8d39fc25cbdf", &#xD;
        IsCompleted = True, &#xD;
        IsDeleted = False, &#xD;
        IsRunning = False, &#xD;
        ItemsPerMinute = &lt;null&gt;, &#xD;
        Metadata = {empty}, &#xD;
        MetadataJson = "{}", &#xD;
        Name = "Job 10", &#xD;
        ProcessedItems = 0, &#xD;
        ProgressPercentage = 0.0, &#xD;
        ProxiesUsed = 0, &#xD;
        Results = {empty}, &#xD;
        SettingsJson = &lt;null&gt;, &#xD;
        StartedAt = &lt;2025-08-17 03:55:54.2205291&gt;, &#xD;
        Status = JobStatus.Failed {value: 6}, &#xD;
        SuccessRate = &lt;null&gt;, &#xD;
        SuccessfulItems = 50, &#xD;
        TotalItems = 0, &#xD;
        UpdatedAt = &lt;2025-08-17 13:55:54.2205288&gt;, &#xD;
        UpdatedBy = &lt;null&gt;, &#xD;
        UseProxies = False&#xD;
    }OpenBullet.Core.Data.JobEntity&#xD;
    {&#xD;
        CompletedAt = &lt;null&gt;, &#xD;
        ConcurrentBots = 1, &#xD;
        Configuration = OpenBullet.Core.Data.ConfigurationEntity&#xD;
        {&#xD;
            Author = "", &#xD;
            Category = "Category2", &#xD;
            CreatedAt = &lt;2025-08-17 13:55:54.2205255&gt;, &#xD;
            CreatedBy = &lt;null&gt;, &#xD;
            DeletedAt = &lt;null&gt;, &#xD;
            Description = &lt;null&gt;, &#xD;
            Id = "532b8798-ff68-491c-9bba-f50e01c5be4c", &#xD;
            IsActive = False, &#xD;
            IsDeleted = False, &#xD;
            IsPublic = False, &#xD;
            Jobs = {{Cyclic reference to type OpenBullet.Core.Data.JobEntity detected}}, &#xD;
            LastUsed = &lt;null&gt;, &#xD;
            Metadata = {empty}, &#xD;
            MetadataJson = "{}", &#xD;
            Name = "Config 9", &#xD;
            RequiredPluginsJson = &lt;null&gt;, &#xD;
            Script = "", &#xD;
            SettingsJson = &lt;null&gt;, &#xD;
            SuccessRate = &lt;null&gt;, &#xD;
            TagsJson = &lt;null&gt;, &#xD;
            UpdatedAt = &lt;2025-08-17 13:55:54.2205256&gt;, &#xD;
            UpdatedBy = &lt;null&gt;, &#xD;
            UsageCount = 90, &#xD;
            Version = "1.0.0"&#xD;
        }, &#xD;
        ConfigurationId = "532b8798-ff68-491c-9bba-f50e01c5be4c", &#xD;
        CreatedAt = &lt;2025-08-17 13:55:54.2205265&gt;, &#xD;
        CreatedBy = &lt;null&gt;, &#xD;
        DataLinesJson = &lt;null&gt;, &#xD;
        DeletedAt = &lt;null&gt;, &#xD;
        Description = &lt;null&gt;, &#xD;
        Duration = &lt;null&gt;, &#xD;
&#xD;
(Output has exceeded the maximum of 100 lines. Increase FormattingOptions.MaxLines on AssertionScope or AssertionOptions to include more lines.)&#xD;
        ErrorItems = 0, .</Message>
          <StackTrace>   at FluentAssertions.Execution.XUnit2TestFramework.Throw(String message)&#xD;
   at FluentAssertions.Execution.TestFrameworkProvider.Throw(String message)&#xD;
   at FluentAssertions.Execution.DefaultAssertionStrategy.HandleFailure(String message)&#xD;
   at FluentAssertions.Execution.AssertionScope.FailWith(Func`1 failReasonFunc)&#xD;
   at FluentAssertions.Execution.AssertionScope.FailWith(Func`1 failReasonFunc)&#xD;
   at FluentAssertions.Execution.AssertionScope.FailWith(String message, Object[] args)&#xD;
   at FluentAssertions.Collections.GenericCollectionAssertions`3.HaveCount(Int32 expected, String because, Object[] becauseArgs)&#xD;
   at OpenBullet.Core.Tests.Step11_DatabaseContextTests.Complex_Queries_Should_Work() in C:\Users\futiliter\Downloads\Telegram Desktop\Openbullet 1.4.4 Anomaly Modded Version\OpenBulletRecreation\OpenBullet.Core.Tests\Step11_DatabaseContextTests.cs:line 359&#xD;
--- End of stack trace from previous location ---</StackTrace>
        </ErrorInfo>
      </Output>
    </UnitTestResult>
    <UnitTestResult executionId="9a823b87-e4fb-47da-9a84-5b9862a6163f" testId="4652ddc9-df14-d52e-b255-fa05a76f9c6e" testName="OpenBullet.Core.Tests.Step9_BotRunnerTests.BotStatusExtensions_ShouldRetry_Should_Work_Correctly(status: Retry, expectedShouldRetry: True)" computerName="DESKTOP-FL6NJPC" duration="00:00:00.0000796" startTime="2025-08-17T15:55:51.4624797+02:00" endTime="2025-08-17T15:55:51.4624800+02:00" testType="13cdc9d9-ddb5-4fa4-a97d-d965ccfc6d4b" outcome="Passed" testListId="8c84fa94-04c1-424b-9868-57a2d4851a1d" relativeResultsDirectory="9a823b87-e4fb-47da-9a84-5b9862a6163f" />
    <UnitTestResult executionId="4ebd8dec-396a-4a6f-abcd-cf7ff16cc05b" testId="e551e131-6d29-215c-47af-14f91061a57f" testName="OpenBullet.Core.Tests.Step3_ValidationTests.ParseConfigContent_Should_Handle_All_Boolean_Settings" computerName="DESKTOP-FL6NJPC" duration="00:00:00.0070198" startTime="2025-08-17T15:55:52.1559728+02:00" endTime="2025-08-17T15:55:52.1559732+02:00" testType="13cdc9d9-ddb5-4fa4-a97d-d965ccfc6d4b" outcome="Passed" testListId="8c84fa94-04c1-424b-9868-57a2d4851a1d" relativeResultsDirectory="4ebd8dec-396a-4a6f-abcd-cf7ff16cc05b" />
    <UnitTestResult executionId="0b82cbaf-1dff-4ca8-8faa-fedf45a49e4f" testId="5be807f5-8dd9-e723-982b-c651fbc957c3" testName="OpenBullet.Core.Tests.Step9_JobManagerTests.JobManager_Should_Track_Statistics_Correctly" computerName="DESKTOP-FL6NJPC" duration="00:00:00.0688230" startTime="2025-08-17T15:55:53.7069793+02:00" endTime="2025-08-17T15:55:53.7069797+02:00" testType="13cdc9d9-ddb5-4fa4-a97d-d965ccfc6d4b" outcome="Passed" testListId="8c84fa94-04c1-424b-9868-57a2d4851a1d" relativeResultsDirectory="0b82cbaf-1dff-4ca8-8faa-fedf45a49e4f" />
    <UnitTestResult executionId="69891e41-8def-45be-a6c5-2a9e91fa1276" testId="776d4ddc-711a-105f-dbf8-5878cb8d1a55" testName="OpenBullet.Core.Tests.Step10_ProxyExtensionsTests.ValidateProxy_Should_Validate_Proxy_Strings(proxyString: &quot;proxy.example.com:8080&quot;, expectedValid: True, expectedError: null)" computerName="DESKTOP-FL6NJPC" duration="00:00:00.0000171" startTime="2025-08-17T15:55:52.1642082+02:00" endTime="2025-08-17T15:55:52.1643058+02:00" testType="13cdc9d9-ddb5-4fa4-a97d-d965ccfc6d4b" outcome="Passed" testListId="8c84fa94-04c1-424b-9868-57a2d4851a1d" relativeResultsDirectory="69891e41-8def-45be-a6c5-2a9e91fa1276" />
    <UnitTestResult executionId="a8e710b4-10cd-48b9-8676-87a49ef34680" testId="08639bf9-c531-6580-662b-57e861308682" testName="OpenBullet.Core.Tests.Step2_ValidationTests.HttpClientService_TestProxyAsync_Handles_Invalid_Url" computerName="DESKTOP-FL6NJPC" duration="00:00:00.8181247" startTime="2025-08-17T15:55:52.8576460+02:00" endTime="2025-08-17T15:55:52.8576461+02:00" testType="13cdc9d9-ddb5-4fa4-a97d-d965ccfc6d4b" outcome="Passed" testListId="8c84fa94-04c1-424b-9868-57a2d4851a1d" relativeResultsDirectory="a8e710b4-10cd-48b9-8676-87a49ef34680" />
    <UnitTestResult executionId="3e427b6d-f962-4243-bc1a-be749127ba62" testId="836f2c08-2dfd-ae9d-9d3b-0f0b4470fea8" testName="OpenBullet.Core.Tests.Step8_ValidationTests.KeyChainLogic_String_Conversion_Should_Work(stringValue: &quot;AND&quot;, expectedLogic: AND)" computerName="DESKTOP-FL6NJPC" duration="00:00:00.0035982" startTime="2025-08-17T15:55:51.5058421+02:00" endTime="2025-08-17T15:55:51.5058425+02:00" testType="13cdc9d9-ddb5-4fa4-a97d-d965ccfc6d4b" outcome="Passed" testListId="8c84fa94-04c1-424b-9868-57a2d4851a1d" relativeResultsDirectory="3e427b6d-f962-4243-bc1a-be749127ba62" />
    <UnitTestResult executionId="1cad49fd-571e-40a6-8127-febe27903bda" testId="f5d74f65-f765-38f5-78e0-f979630f12f5" testName="OpenBullet.Core.Tests.Step8_KeyCheckerTests.EvaluateKeyChain_With_AND_Logic_Should_Work" computerName="DESKTOP-FL6NJPC" duration="00:00:00.0055769" startTime="2025-08-17T15:55:51.6388987+02:00" endTime="2025-08-17T15:55:51.6388992+02:00" testType="13cdc9d9-ddb5-4fa4-a97d-d965ccfc6d4b" outcome="Passed" testListId="8c84fa94-04c1-424b-9868-57a2d4851a1d" relativeResultsDirectory="1cad49fd-571e-40a6-8127-febe27903bda" />
    <UnitTestResult executionId="886959a3-ce2a-4ba3-b3a0-179bb60af369" testId="82df0d54-4912-5c94-117a-92dc174f18af" testName="OpenBullet.Core.Tests.Step10_ProxyManagerTests.ProxyInfo_Properties_Should_Calculate_Correctly" computerName="DESKTOP-FL6NJPC" duration="00:00:00.0005793" startTime="2025-08-17T15:55:51.7418738+02:00" endTime="2025-08-17T15:55:51.7418739+02:00" testType="13cdc9d9-ddb5-4fa4-a97d-d965ccfc6d4b" outcome="Passed" testListId="8c84fa94-04c1-424b-9868-57a2d4851a1d" relativeResultsDirectory="886959a3-ce2a-4ba3-b3a0-179bb60af369" />
    <UnitTestResult executionId="1cfd3a45-6b99-4a42-aa84-1a15fa2506a0" testId="6230c944-3a6b-6066-21f3-414ed94e8dd4" testName="OpenBullet.Core.Tests.Step1_CoreInterfacesTests.ConfigModel_Should_Initialize_With_Default_Values" computerName="DESKTOP-FL6NJPC" duration="00:00:00.0009081" startTime="2025-08-17T15:55:52.0792542+02:00" endTime="2025-08-17T15:55:52.0792546+02:00" testType="13cdc9d9-ddb5-4fa4-a97d-d965ccfc6d4b" outcome="Passed" testListId="8c84fa94-04c1-424b-9868-57a2d4851a1d" relativeResultsDirectory="1cfd3a45-6b99-4a42-aa84-1a15fa2506a0" />
    <UnitTestResult executionId="0e0220c2-cdbb-44f2-9ce4-1899c54fe980" testId="b7884a83-a699-ea0e-a842-b61155210cd3" testName="OpenBullet.Core.Tests.Step7_ParsersTests.ParseResult_Should_Have_Helper_Methods" computerName="DESKTOP-FL6NJPC" duration="00:00:00.0044198" startTime="2025-08-17T15:55:51.4627205+02:00" endTime="2025-08-17T15:55:51.4627206+02:00" testType="13cdc9d9-ddb5-4fa4-a97d-d965ccfc6d4b" outcome="Passed" testListId="8c84fa94-04c1-424b-9868-57a2d4851a1d" relativeResultsDirectory="0e0220c2-cdbb-44f2-9ce4-1899c54fe980" />
    <UnitTestResult executionId="a190c61b-bd4a-4f42-895b-31b6d4a3f7b0" testId="3b50a1f4-4adf-5501-ffdb-cddcd1275dba" testName="OpenBullet.Core.Tests.Step10_ValidationTests.ProxyUsageResult_Should_Initialize_With_Defaults" computerName="DESKTOP-FL6NJPC" duration="00:00:00.0017939" startTime="2025-08-17T15:55:51.8687333+02:00" endTime="2025-08-17T15:55:51.8687335+02:00" testType="13cdc9d9-ddb5-4fa4-a97d-d965ccfc6d4b" outcome="Passed" testListId="8c84fa94-04c1-424b-9868-57a2d4851a1d" relativeResultsDirectory="a190c61b-bd4a-4f42-895b-31b6d4a3f7b0" />
    <UnitTestResult executionId="54e9d622-23c0-4bfb-b562-786868fdac53" testId="6dec2c4c-ba25-e8b6-eed7-1ceb4856f77f" testName="OpenBullet.Core.Tests.Step10_ProxyExtensionsTests.ProxyPoolTestResult_Properties_Should_Calculate_Correctly" computerName="DESKTOP-FL6NJPC" duration="00:00:00.0005252" startTime="2025-08-17T15:55:52.2247529+02:00" endTime="2025-08-17T15:55:52.2247530+02:00" testType="13cdc9d9-ddb5-4fa4-a97d-d965ccfc6d4b" outcome="Passed" testListId="8c84fa94-04c1-424b-9868-57a2d4851a1d" relativeResultsDirectory="54e9d622-23c0-4bfb-b562-786868fdac53" />
    <UnitTestResult executionId="312bbead-97f6-4ef2-89fd-f45a5a6f76bc" testId="b486ba41-7d1f-4bf8-fe94-2732c66d23e3" testName="OpenBullet.Core.Tests.Step2_HttpClientServiceTests.ProxyTestResult_Should_Initialize_With_Default_Values" computerName="DESKTOP-FL6NJPC" duration="00:00:00.0010041" startTime="2025-08-17T15:55:52.8966963+02:00" endTime="2025-08-17T15:55:52.8966969+02:00" testType="13cdc9d9-ddb5-4fa4-a97d-d965ccfc6d4b" outcome="Passed" testListId="8c84fa94-04c1-424b-9868-57a2d4851a1d" relativeResultsDirectory="312bbead-97f6-4ef2-89fd-f45a5a6f76bc" />
    <UnitTestResult executionId="2dc30a9b-565c-4a62-9609-03eef22d9b6e" testId="1e9eb98d-d86b-8aa3-9beb-56c6c611f173" testName="OpenBullet.Core.Tests.Step3_ValidationTests.ConfigWarning_Types_Should_Be_Available(warningType: PerformanceWarning)" computerName="DESKTOP-FL6NJPC" duration="00:00:00.0003975" startTime="2025-08-17T15:55:52.1215104+02:00" endTime="2025-08-17T15:55:52.1215106+02:00" testType="13cdc9d9-ddb5-4fa4-a97d-d965ccfc6d4b" outcome="Passed" testListId="8c84fa94-04c1-424b-9868-57a2d4851a1d" relativeResultsDirectory="2dc30a9b-565c-4a62-9609-03eef22d9b6e" />
    <UnitTestResult executionId="87b1eba0-be53-4f92-b572-028f850f5e74" testId="68f9f0d5-1ffb-eb14-ca8b-d7d0d56ea79f" testName="OpenBullet.Core.Tests.Step7_ParsersTests.ParserFactory_Should_Create_Parsers_For_All_Types" computerName="DESKTOP-FL6NJPC" duration="00:00:00.0194552" startTime="2025-08-17T15:55:51.8741408+02:00" endTime="2025-08-17T15:55:51.8741411+02:00" testType="13cdc9d9-ddb5-4fa4-a97d-d965ccfc6d4b" outcome="Passed" testListId="8c84fa94-04c1-424b-9868-57a2d4851a1d" relativeResultsDirectory="87b1eba0-be53-4f92-b572-028f850f5e74" />
    <UnitTestResult executionId="fcf4949d-74ee-4bcf-b17c-6d4325af0031" testId="a8737418-50f3-d097-0c29-7de5b76539f2" testName="OpenBullet.Core.Tests.Step6_ValidationTests.RequestCommand_Should_Validate_HTTP_Methods_Correctly(method: &quot;HEAD&quot;, shouldBeValid: True)" computerName="DESKTOP-FL6NJPC" duration="00:00:00.0005139" startTime="2025-08-17T15:55:51.6974162+02:00" endTime="2025-08-17T15:55:51.6974166+02:00" testType="13cdc9d9-ddb5-4fa4-a97d-d965ccfc6d4b" outcome="Passed" testListId="8c84fa94-04c1-424b-9868-57a2d4851a1d" relativeResultsDirectory="fcf4949d-74ee-4bcf-b17c-6d4325af0031" />
    <UnitTestResult executionId="db97ed21-ca0f-4b9d-9c72-bb5d4823ec26" testId="aad9d53c-1391-76d3-b8d0-7e6f74fd3dc1" testName="OpenBullet.Core.Tests.Step13_CoreServicesTests.SyntaxHighlightingService_Should_Return_Color_Schemes" computerName="DESKTOP-FL6NJPC" duration="00:00:00.0011949" startTime="2025-08-17T15:55:51.9913337+02:00" endTime="2025-08-17T15:55:51.9913339+02:00" testType="13cdc9d9-ddb5-4fa4-a97d-d965ccfc6d4b" outcome="Failed" testListId="8c84fa94-04c1-424b-9868-57a2d4851a1d" relativeResultsDirectory="db97ed21-ca0f-4b9d-9c72-bb5d4823ec26">
      <Output>
        <ErrorInfo>
          <Message>System.NotImplementedException : To be implemented in Step 13</Message>
          <StackTrace>   at OpenBullet.Core.Tests.SyntaxHighlightingService.GetColorScheme(String themeName) in C:\Users\futiliter\Downloads\Telegram Desktop\Openbullet 1.4.4 Anomaly Modded Version\OpenBulletRecreation\OpenBullet.Core.Tests\Step13_ConfigurationEditorTests.cs:line 474&#xD;
   at OpenBullet.Core.Tests.Step13_CoreServicesTests.SyntaxHighlightingService_Should_Return_Color_Schemes() in C:\Users\futiliter\Downloads\Telegram Desktop\Openbullet 1.4.4 Anomaly Modded Version\OpenBulletRecreation\OpenBullet.Core.Tests\Step13_CoreServicesTests.cs:line 87&#xD;
   at System.RuntimeMethodHandle.InvokeMethod(Object target, Void** arguments, Signature sig, Boolean isConstructor)&#xD;
   at System.Reflection.MethodBaseInvoker.InvokeWithNoArgs(Object obj, BindingFlags invokeAttr)</StackTrace>
        </ErrorInfo>
      </Output>
    </UnitTestResult>
    <UnitTestResult executionId="c6dde18a-df46-4dcf-80cc-a067ca076eee" testId="d9e91a06-f624-0848-346f-faa448dfa384" testName="OpenBullet.Core.Tests.Step6_CommandMetadataTests.ParameterType_Values_Should_Be_Available(parameterType: FilePath)" computerName="DESKTOP-FL6NJPC" duration="00:00:00.0000153" startTime="2025-08-17T15:55:51.9783184+02:00" endTime="2025-08-17T15:55:51.9783186+02:00" testType="13cdc9d9-ddb5-4fa4-a97d-d965ccfc6d4b" outcome="Passed" testListId="8c84fa94-04c1-424b-9868-57a2d4851a1d" relativeResultsDirectory="c6dde18a-df46-4dcf-80cc-a067ca076eee" />
    <UnitTestResult executionId="f361a22d-0b20-4bd5-ae93-cd72b2fc25ef" testId="b53ed772-4d87-287e-f364-7ed109a1f20f" testName="OpenBullet.Core.Tests.Step11_DatabaseManagerTests.DatabaseManager_SeedDefaultData_Should_Work" computerName="DESKTOP-FL6NJPC" duration="00:00:00.1079133" startTime="2025-08-17T15:55:53.9768002+02:00" endTime="2025-08-17T15:55:53.9768007+02:00" testType="13cdc9d9-ddb5-4fa4-a97d-d965ccfc6d4b" outcome="Passed" testListId="8c84fa94-04c1-424b-9868-57a2d4851a1d" relativeResultsDirectory="f361a22d-0b20-4bd5-ae93-cd72b2fc25ef" />
    <UnitTestResult executionId="09de60ce-c905-4b1b-a213-f879823fdbf9" testId="9935e1cc-a695-1f8c-6656-b65b61ea86ea" testName="OpenBullet.Core.Tests.Step6_ValidationTests.FlowControl_Enum_Should_Have_Expected_Values" computerName="DESKTOP-FL6NJPC" duration="00:00:00.0058746" startTime="2025-08-17T15:55:51.7563254+02:00" endTime="2025-08-17T15:55:51.7563257+02:00" testType="13cdc9d9-ddb5-4fa4-a97d-d965ccfc6d4b" outcome="Passed" testListId="8c84fa94-04c1-424b-9868-57a2d4851a1d" relativeResultsDirectory="09de60ce-c905-4b1b-a213-f879823fdbf9" />
    <UnitTestResult executionId="846ac998-6ba4-4196-a2f9-c717121d174a" testId="2352f53f-4f84-b6fd-7a83-d186551e0277" testName="OpenBullet.Core.Tests.Step5_ValidationTests.LogLevel_Values_Should_Have_Correct_Numeric_Values(level: Information, expectedValue: 2)" computerName="DESKTOP-FL6NJPC" duration="00:00:00.0009957" startTime="2025-08-17T15:55:51.8645315+02:00" endTime="2025-08-17T15:55:51.8645316+02:00" testType="13cdc9d9-ddb5-4fa4-a97d-d965ccfc6d4b" outcome="Passed" testListId="8c84fa94-04c1-424b-9868-57a2d4851a1d" relativeResultsDirectory="846ac998-6ba4-4196-a2f9-c717121d174a" />
    <UnitTestResult executionId="12d7d37b-6b0a-48ce-916e-130ca3ca8369" testId="4f923c5e-c28b-f928-e3ed-8138487aa135" testName="OpenBullet.Core.Tests.Step8_KeyCheckCommandTests.ValidateInstruction_With_No_KeyChains_Should_Fail" computerName="DESKTOP-FL6NJPC" duration="00:00:00.0016072" startTime="2025-08-17T15:55:52.2299378+02:00" endTime="2025-08-17T15:55:52.2299382+02:00" testType="13cdc9d9-ddb5-4fa4-a97d-d965ccfc6d4b" outcome="Passed" testListId="8c84fa94-04c1-424b-9868-57a2d4851a1d" relativeResultsDirectory="12d7d37b-6b0a-48ce-916e-130ca3ca8369" />
    <UnitTestResult executionId="e1979a11-774a-451b-8da8-92cdb10c82d2" testId="f8f3c42b-b5c9-1248-dc75-6642cf1b9238" testName="OpenBullet.Core.Tests.Step10_ProxyExtensionsTests.ToDisplayString_Basic_Should_Format_Correctly(host: &quot;proxy.com&quot;, port: 8080, type: Http, username: &quot;user&quot;, password: &quot;pass&quot;, includeCredentials: True, expected: &quot;http://user:pass@proxy.com:8080&quot;)" computerName="DESKTOP-FL6NJPC" duration="00:00:00.0000181" startTime="2025-08-17T15:55:52.1682570+02:00" endTime="2025-08-17T15:55:52.1682571+02:00" testType="13cdc9d9-ddb5-4fa4-a97d-d965ccfc6d4b" outcome="Passed" testListId="8c84fa94-04c1-424b-9868-57a2d4851a1d" relativeResultsDirectory="e1979a11-774a-451b-8da8-92cdb10c82d2" />
    <UnitTestResult executionId="c39cde62-1284-460f-90fa-68178556d4cd" testId="f7087ed5-42d4-57cd-47b2-109b4021a31e" testName="OpenBullet.Core.Tests.Step13_CoreServicesTests.AutoCompletionProvider_Should_Return_Command_Completions" computerName="DESKTOP-FL6NJPC" duration="00:00:00.0026437" startTime="2025-08-17T15:55:52.0138558+02:00" endTime="2025-08-17T15:55:52.0138561+02:00" testType="13cdc9d9-ddb5-4fa4-a97d-d965ccfc6d4b" outcome="Failed" testListId="8c84fa94-04c1-424b-9868-57a2d4851a1d" relativeResultsDirectory="c39cde62-1284-460f-90fa-68178556d4cd">
      <Output>
        <ErrorInfo>
          <Message>System.NotImplementedException : To be implemented in Step 13</Message>
          <StackTrace>   at OpenBullet.Core.Tests.AutoCompletionProvider.GetCompletions(CompletionContext context) in C:\Users\futiliter\Downloads\Telegram Desktop\Openbullet 1.4.4 Anomaly Modded Version\OpenBulletRecreation\OpenBullet.Core.Tests\Step13_ConfigurationEditorTests.cs:line 492&#xD;
   at OpenBullet.Core.Tests.Step13_CoreServicesTests.AutoCompletionProvider_Should_Return_Command_Completions() in C:\Users\futiliter\Downloads\Telegram Desktop\Openbullet 1.4.4 Anomaly Modded Version\OpenBulletRecreation\OpenBullet.Core.Tests\Step13_CoreServicesTests.cs:line 120&#xD;
   at System.RuntimeMethodHandle.InvokeMethod(Object target, Void** arguments, Signature sig, Boolean isConstructor)&#xD;
   at System.Reflection.MethodBaseInvoker.InvokeWithNoArgs(Object obj, BindingFlags invokeAttr)</StackTrace>
        </ErrorInfo>
      </Output>
    </UnitTestResult>
    <UnitTestResult executionId="d1672da8-994f-454c-986d-dd6a3ebf57dc" testId="2b5873d0-0aa5-9a89-92fb-4c692765db30" testName="OpenBullet.Core.Tests.Step10_ProxyJobManagerTests.GetProxyPoolStatisticsAsync_Should_Return_Pool_Stats" computerName="DESKTOP-FL6NJPC" duration="00:00:00.0073965" startTime="2025-08-17T15:55:52.9802377+02:00" endTime="2025-08-17T15:55:52.9802381+02:00" testType="13cdc9d9-ddb5-4fa4-a97d-d965ccfc6d4b" outcome="Passed" testListId="8c84fa94-04c1-424b-9868-57a2d4851a1d" relativeResultsDirectory="d1672da8-994f-454c-986d-dd6a3ebf57dc" />
    <UnitTestResult executionId="bb658c09-56e5-41eb-9257-09e2f7d53280" testId="52b3cea5-cf84-bd90-b8b2-b51ecaf432fe" testName="OpenBullet.Core.Tests.Step4_ScriptParserTests.ParseScript_With_Complex_Script_Should_Handle_Sub_Instructions" computerName="DESKTOP-FL6NJPC" duration="00:00:00.0540193" startTime="2025-08-17T15:55:52.6555216+02:00" endTime="2025-08-17T15:55:52.6555219+02:00" testType="13cdc9d9-ddb5-4fa4-a97d-d965ccfc6d4b" outcome="Failed" testListId="8c84fa94-04c1-424b-9868-57a2d4851a1d" relativeResultsDirectory="bb658c09-56e5-41eb-9257-09e2f7d53280">
      <Output>
        <ErrorInfo>
          <Message>Expected keycheckInstruction.SubInstructions to contain 4 item(s), but found 6: &#xD;
{&#xD;
    OpenBullet.Core.Interfaces.ScriptInstruction&#xD;
    {&#xD;
        Arguments = {"Success", "OR"}, &#xD;
        CommandName = "KEYCHAIN", &#xD;
        Label = &lt;null&gt;, &#xD;
        LineNumber = 2, &#xD;
        Parameters = {empty}, &#xD;
        RawLine = "KEYCHAIN Success OR", &#xD;
        SubInstructions = {empty}&#xD;
    }, &#xD;
    OpenBullet.Core.Interfaces.ScriptInstruction&#xD;
    {&#xD;
        Arguments = {"welcome"}, &#xD;
        CommandName = "KEY", &#xD;
        Label = &lt;null&gt;, &#xD;
        LineNumber = 3, &#xD;
        Parameters = {empty}, &#xD;
        RawLine = "KEY "welcome"", &#xD;
        SubInstructions = {empty}&#xD;
    }, &#xD;
    OpenBullet.Core.Interfaces.ScriptInstruction&#xD;
    {&#xD;
        Arguments = {"dashboard"}, &#xD;
        CommandName = "KEY", &#xD;
        Label = &lt;null&gt;, &#xD;
        LineNumber = 4, &#xD;
        Parameters = {empty}, &#xD;
        RawLine = "KEY "dashboard"", &#xD;
        SubInstructions = {empty}&#xD;
    }, &#xD;
    OpenBullet.Core.Interfaces.ScriptInstruction&#xD;
    {&#xD;
        Arguments = {"Failure", "OR"}, &#xD;
        CommandName = "KEYCHAIN", &#xD;
        Label = &lt;null&gt;, &#xD;
        LineNumber = 5, &#xD;
        Parameters = {empty}, &#xD;
        RawLine = "KEYCHAIN Failure OR", &#xD;
        SubInstructions = {empty}&#xD;
    }, &#xD;
    OpenBullet.Core.Interfaces.ScriptInstruction&#xD;
    {&#xD;
        Arguments = {"error"}, &#xD;
        CommandName = "KEY", &#xD;
        Label = &lt;null&gt;, &#xD;
        LineNumber = 6, &#xD;
        Parameters = {empty}, &#xD;
        RawLine = "KEY "error"", &#xD;
        SubInstructions = {empty}&#xD;
    }, &#xD;
    OpenBullet.Core.Interfaces.ScriptInstruction&#xD;
    {&#xD;
        Arguments = {"invalid"}, &#xD;
        CommandName = "KEY", &#xD;
        Label = &lt;null&gt;, &#xD;
        LineNumber = 7, &#xD;
        Parameters = {empty}, &#xD;
        RawLine = "KEY "invalid"", &#xD;
        SubInstructions = {empty}&#xD;
    }&#xD;
}.</Message>
          <StackTrace>   at FluentAssertions.Execution.XUnit2TestFramework.Throw(String message)&#xD;
   at FluentAssertions.Execution.TestFrameworkProvider.Throw(String message)&#xD;
   at FluentAssertions.Execution.DefaultAssertionStrategy.HandleFailure(String message)&#xD;
   at FluentAssertions.Execution.AssertionScope.FailWith(Func`1 failReasonFunc)&#xD;
   at FluentAssertions.Execution.AssertionScope.FailWith(Func`1 failReasonFunc)&#xD;
   at FluentAssertions.Execution.AssertionScope.FailWith(String message, Object[] args)&#xD;
   at FluentAssertions.Collections.GenericCollectionAssertions`3.HaveCount(Int32 expected, String because, Object[] becauseArgs)&#xD;
   at OpenBullet.Core.Tests.Step4_ScriptParserTests.ParseScript_With_Complex_Script_Should_Handle_Sub_Instructions() in C:\Users\futiliter\Downloads\Telegram Desktop\Openbullet 1.4.4 Anomaly Modded Version\OpenBulletRecreation\OpenBullet.Core.Tests\Step4_ScriptParserTests.cs:line 219&#xD;
   at System.RuntimeMethodHandle.InvokeMethod(Object target, Void** arguments, Signature sig, Boolean isConstructor)&#xD;
   at System.Reflection.MethodBaseInvoker.InvokeWithNoArgs(Object obj, BindingFlags invokeAttr)</StackTrace>
        </ErrorInfo>
      </Output>
    </UnitTestResult>
    <UnitTestResult executionId="eb052f16-c6a7-4fc0-9cd7-5460feb3558d" testId="5bff06c5-fde9-c2b5-99eb-cd5ccd84aef9" testName="OpenBullet.Core.Tests.Step10_ProxyJobManagerTests.ProxyStrategy_Enum_Should_Have_All_Values(strategy: None)" computerName="DESKTOP-FL6NJPC" duration="00:00:00.0022209" startTime="2025-08-17T15:55:52.5519358+02:00" endTime="2025-08-17T15:55:52.5519360+02:00" testType="13cdc9d9-ddb5-4fa4-a97d-d965ccfc6d4b" outcome="Passed" testListId="8c84fa94-04c1-424b-9868-57a2d4851a1d" relativeResultsDirectory="eb052f16-c6a7-4fc0-9cd7-5460feb3558d" />
    <UnitTestResult executionId="e49cb21b-36bd-4bf7-b6b3-f6d92ccedf52" testId="5c4b079a-a305-7bf2-f908-f3cf8ebb6734" testName="OpenBullet.Core.Tests.Step9_JobManagerTests.JobManager_Should_Fire_Events" computerName="DESKTOP-FL6NJPC" duration="00:00:00.5227546" startTime="2025-08-17T15:55:53.6361833+02:00" endTime="2025-08-17T15:55:53.6361837+02:00" testType="13cdc9d9-ddb5-4fa4-a97d-d965ccfc6d4b" outcome="Failed" testListId="8c84fa94-04c1-424b-9868-57a2d4851a1d" relativeResultsDirectory="e49cb21b-36bd-4bf7-b6b3-f6d92ccedf52">
      <Output>
        <ErrorInfo>
          <Message>Expected botCompletedEvents not to be empty.</Message>
          <StackTrace>   at FluentAssertions.Execution.XUnit2TestFramework.Throw(String message)&#xD;
   at FluentAssertions.Execution.TestFrameworkProvider.Throw(String message)&#xD;
   at FluentAssertions.Execution.DefaultAssertionStrategy.HandleFailure(String message)&#xD;
   at FluentAssertions.Execution.AssertionScope.FailWith(Func`1 failReasonFunc)&#xD;
   at FluentAssertions.Execution.AssertionScope.FailWith(Func`1 failReasonFunc)&#xD;
   at FluentAssertions.Execution.AssertionScope.FailWith(String message, Object[] args)&#xD;
   at FluentAssertions.Execution.GivenSelector`1.FailWith(String message, Object[] args)&#xD;
   at FluentAssertions.Execution.GivenSelector`1.FailWith(String message)&#xD;
   at FluentAssertions.Collections.GenericCollectionAssertions`3.NotBeEmpty(String because, Object[] becauseArgs)&#xD;
   at OpenBullet.Core.Tests.Step9_JobManagerTests.JobManager_Should_Fire_Events() in C:\Users\futiliter\Downloads\Telegram Desktop\Openbullet 1.4.4 Anomaly Modded Version\OpenBulletRecreation\OpenBullet.Core.Tests\Step9_JobManagerTests.cs:line 338&#xD;
--- End of stack trace from previous location ---</StackTrace>
        </ErrorInfo>
      </Output>
    </UnitTestResult>
    <UnitTestResult executionId="b15bc154-1c26-429a-a8fd-4471cd166fa8" testId="99229951-7814-f0ae-2d79-fcdfbb6094a4" testName="OpenBullet.Core.Tests.Step10_ProxyManagerTests.GetNextProxyAsync_With_No_Available_Proxies_Should_Return_Null" computerName="DESKTOP-FL6NJPC" duration="00:00:00.0015983" startTime="2025-08-17T15:55:51.6878989+02:00" endTime="2025-08-17T15:55:51.6878991+02:00" testType="13cdc9d9-ddb5-4fa4-a97d-d965ccfc6d4b" outcome="Passed" testListId="8c84fa94-04c1-424b-9868-57a2d4851a1d" relativeResultsDirectory="b15bc154-1c26-429a-a8fd-4471cd166fa8" />
    <UnitTestResult executionId="14202739-9856-4279-ad81-7794cb0daac4" testId="0464fe04-123d-b0a6-fc7d-8710fecf4204" testName="OpenBullet.Core.Tests.Step8_KeyCheckerTests.EvaluateKeyChains_With_No_Matches_Should_Return_Failure" computerName="DESKTOP-FL6NJPC" duration="00:00:00.0141950" startTime="2025-08-17T15:55:51.6332606+02:00" endTime="2025-08-17T15:55:51.6332608+02:00" testType="13cdc9d9-ddb5-4fa4-a97d-d965ccfc6d4b" outcome="Passed" testListId="8c84fa94-04c1-424b-9868-57a2d4851a1d" relativeResultsDirectory="14202739-9856-4279-ad81-7794cb0daac4" />
    <UnitTestResult executionId="979cf86b-1fa8-4ff5-8bb1-06e0f91da577" testId="0f58601a-65b4-76cc-b92f-8bc4ff800416" testName="OpenBullet.Core.Tests.Step3_ConfigurationServiceTests.LoadConfigAsync_With_Minimal_File_Should_Parse_With_Defaults" computerName="DESKTOP-FL6NJPC" duration="00:00:00.0825164" startTime="2025-08-17T15:55:52.8760050+02:00" endTime="2025-08-17T15:55:52.8760054+02:00" testType="13cdc9d9-ddb5-4fa4-a97d-d965ccfc6d4b" outcome="Passed" testListId="8c84fa94-04c1-424b-9868-57a2d4851a1d" relativeResultsDirectory="979cf86b-1fa8-4ff5-8bb1-06e0f91da577" />
    <UnitTestResult executionId="8679a7a4-9ad1-40fc-b1e3-9cb630fac9ef" testId="60c352d6-4545-7c40-9e1f-180bc2651aba" testName="OpenBullet.Core.Tests.Step10_ProxyExtensionsTests.IsValid_Enhanced_Should_Validate_Correctly(host: &quot;proxy.com&quot;, port: 65536, type: Http, expectedValid: False)" computerName="DESKTOP-FL6NJPC" duration="00:00:00.0000129" startTime="2025-08-17T15:55:52.1284752+02:00" endTime="2025-08-17T15:55:52.1284753+02:00" testType="13cdc9d9-ddb5-4fa4-a97d-d965ccfc6d4b" outcome="Passed" testListId="8c84fa94-04c1-424b-9868-57a2d4851a1d" relativeResultsDirectory="8679a7a4-9ad1-40fc-b1e3-9cb630fac9ef" />
    <UnitTestResult executionId="9362ccfa-28cb-42d4-a096-382274bcf402" testId="a8a9c030-d796-26d7-170f-dbfadfbc49ca" testName="OpenBullet.Core.Tests.Step2_ValidationTests.HttpClientService_CreateClient_Returns_Configured_Client" computerName="DESKTOP-FL6NJPC" duration="00:00:00.0011513" startTime="2025-08-17T15:55:52.8699693+02:00" endTime="2025-08-17T15:55:52.8699698+02:00" testType="13cdc9d9-ddb5-4fa4-a97d-d965ccfc6d4b" outcome="Passed" testListId="8c84fa94-04c1-424b-9868-57a2d4851a1d" relativeResultsDirectory="9362ccfa-28cb-42d4-a096-382274bcf402" />
    <UnitTestResult executionId="06722c2f-0643-4012-9f44-d57c61d34682" testId="37043cf7-1aee-38a4-1564-1da51315d469" testName="OpenBullet.Core.Tests.Step7_ValidationTests.IDataParser_Interface_Should_Be_Properly_Defined" computerName="DESKTOP-FL6NJPC" duration="00:00:00.0144707" startTime="2025-08-17T15:55:51.7204806+02:00" endTime="2025-08-17T15:55:51.7204813+02:00" testType="13cdc9d9-ddb5-4fa4-a97d-d965ccfc6d4b" outcome="Failed" testListId="8c84fa94-04c1-424b-9868-57a2d4851a1d" relativeResultsDirectory="06722c2f-0643-4012-9f44-d57c61d34682">
      <Output>
        <ErrorInfo>
          <Message>Expected methods {OpenBullet.Core.Parsing.ParseResult Parse(System.String, System.String, OpenBullet.Core.Parsing.ParseOptions), OpenBullet.Core.Parsing.ParseType get_ParserType(), Boolean IsValidPattern(System.String)} to have an item matching (m.Name == "ParserType").</Message>
          <StackTrace>   at FluentAssertions.Execution.XUnit2TestFramework.Throw(String message)&#xD;
   at FluentAssertions.Execution.TestFrameworkProvider.Throw(String message)&#xD;
   at FluentAssertions.Execution.DefaultAssertionStrategy.HandleFailure(String message)&#xD;
   at FluentAssertions.Execution.AssertionScope.FailWith(Func`1 failReasonFunc)&#xD;
   at FluentAssertions.Execution.AssertionScope.FailWith(Func`1 failReasonFunc)&#xD;
   at FluentAssertions.Execution.AssertionScope.FailWith(String message, Object[] args)&#xD;
   at FluentAssertions.Collections.GenericCollectionAssertions`3.Contain(Expression`1 predicate, String because, Object[] becauseArgs)&#xD;
   at OpenBullet.Core.Tests.Step7_ValidationTests.IDataParser_Interface_Should_Be_Properly_Defined() in C:\Users\futiliter\Downloads\Telegram Desktop\Openbullet 1.4.4 Anomaly Modded Version\OpenBulletRecreation\OpenBullet.Core.Tests\Step7_ValidationTests.cs:line 27&#xD;
   at System.RuntimeMethodHandle.InvokeMethod(Object target, Void** arguments, Signature sig, Boolean isConstructor)&#xD;
   at System.Reflection.MethodBaseInvoker.InvokeWithNoArgs(Object obj, BindingFlags invokeAttr)</StackTrace>
        </ErrorInfo>
      </Output>
    </UnitTestResult>
    <UnitTestResult executionId="490c7740-ceb2-4c25-bb1e-e495152caa78" testId="6be0a5ed-292e-4cf1-8c7d-e3519b69a011" testName="OpenBullet.Core.Tests.Step11_DatabaseManagerTests.DatabaseManager_Should_Initialize_Successfully" computerName="DESKTOP-FL6NJPC" duration="00:00:00.0480111" startTime="2025-08-17T15:55:54.0285865+02:00" endTime="2025-08-17T15:55:54.0285872+02:00" testType="13cdc9d9-ddb5-4fa4-a97d-d965ccfc6d4b" outcome="Passed" testListId="8c84fa94-04c1-424b-9868-57a2d4851a1d" relativeResultsDirectory="490c7740-ceb2-4c25-bb1e-e495152caa78" />
    <UnitTestResult executionId="1fd2d2bd-eee8-4501-afeb-e65dd9cbcf29" testId="4e9d257c-fc57-734a-4313-35a6f23c9ff7" testName="OpenBullet.Core.Tests.Step10_ValidationTests.Enum_Combinations_Should_Be_Valid(rotationStrategy: Random, strategy: Shared, health: Slow)" computerName="DESKTOP-FL6NJPC" duration="00:00:00.0000231" startTime="2025-08-17T15:55:51.8670130+02:00" endTime="2025-08-17T15:55:51.8670132+02:00" testType="13cdc9d9-ddb5-4fa4-a97d-d965ccfc6d4b" outcome="Passed" testListId="8c84fa94-04c1-424b-9868-57a2d4851a1d" relativeResultsDirectory="1fd2d2bd-eee8-4501-afeb-e65dd9cbcf29" />
    <UnitTestResult executionId="d006d721-0695-46c3-acf1-a2a8d141ee16" testId="b19923d0-bb2d-dc42-0047-5defaf6f4e27" testName="OpenBullet.Core.Tests.Step3_ConfigurationServiceTests.SaveConfigAsync_Should_Create_Valid_File" computerName="DESKTOP-FL6NJPC" duration="00:00:00.0526520" startTime="2025-08-17T15:55:53.1795296+02:00" endTime="2025-08-17T15:55:53.1795300+02:00" testType="13cdc9d9-ddb5-4fa4-a97d-d965ccfc6d4b" outcome="Passed" testListId="8c84fa94-04c1-424b-9868-57a2d4851a1d" relativeResultsDirectory="d006d721-0695-46c3-acf1-a2a8d141ee16" />
    <UnitTestResult executionId="d4ae835a-58ee-4485-8d5b-884094b4d1f4" testId="371ed3e7-f281-d637-7ed6-6d2e165a2d80" testName="OpenBullet.Core.Tests.Step6_RequestCommandTests.ExecuteAsync_With_HTTP_Error_Should_Handle_Gracefully" computerName="DESKTOP-FL6NJPC" duration="00:00:00.0110362" startTime="2025-08-17T15:55:52.5499992+02:00" endTime="2025-08-17T15:55:52.5499995+02:00" testType="13cdc9d9-ddb5-4fa4-a97d-d965ccfc6d4b" outcome="Passed" testListId="8c84fa94-04c1-424b-9868-57a2d4851a1d" relativeResultsDirectory="d4ae835a-58ee-4485-8d5b-884094b4d1f4" />
    <UnitTestResult executionId="30a9f876-91a2-4973-a9e5-70828afecf48" testId="9c037589-52ac-45f6-aca9-9c4338053352" testName="OpenBullet.Core.Tests.Step6_RequestCommandTests.ValidateInstruction_With_Valid_GET_Should_Pass" computerName="DESKTOP-FL6NJPC" duration="00:00:00.0080318" startTime="2025-08-17T15:55:52.5582642+02:00" endTime="2025-08-17T15:55:52.5582646+02:00" testType="13cdc9d9-ddb5-4fa4-a97d-d965ccfc6d4b" outcome="Passed" testListId="8c84fa94-04c1-424b-9868-57a2d4851a1d" relativeResultsDirectory="30a9f876-91a2-4973-a9e5-70828afecf48" />
    <UnitTestResult executionId="a92dd921-9021-4f39-ab57-019b67146208" testId="8abb1709-3b90-39ce-9f33-e3bcbffe3f6e" testName="OpenBullet.Core.Tests.Step9_BotRunnerTests.BotStatusExtensions_IsSuccess_Should_Work_Correctly(status: Success, expectedIsSuccess: True)" computerName="DESKTOP-FL6NJPC" duration="00:00:00.0000727" startTime="2025-08-17T15:55:51.4653358+02:00" endTime="2025-08-17T15:55:51.4653360+02:00" testType="13cdc9d9-ddb5-4fa4-a97d-d965ccfc6d4b" outcome="Passed" testListId="8c84fa94-04c1-424b-9868-57a2d4851a1d" relativeResultsDirectory="a92dd921-9021-4f39-ab57-019b67146208" />
    <UnitTestResult executionId="336e208c-e6d5-4862-b6e8-326fe9c0b878" testId="9f9e8691-504d-2796-3137-a146d82e7586" testName="OpenBullet.Core.Tests.Step6_IntegrationTests.RequestCommand_Should_Create_With_Valid_ServiceProvider" computerName="DESKTOP-FL6NJPC" duration="00:00:00.3025358" startTime="2025-08-17T15:55:52.3205511+02:00" endTime="2025-08-17T15:55:52.3205516+02:00" testType="13cdc9d9-ddb5-4fa4-a97d-d965ccfc6d4b" outcome="Passed" testListId="8c84fa94-04c1-424b-9868-57a2d4851a1d" relativeResultsDirectory="336e208c-e6d5-4862-b6e8-326fe9c0b878" />
    <UnitTestResult executionId="cb95f8c0-fd74-45ac-a36a-3eaa355ca792" testId="d74d8cea-7b5d-c6ba-7fee-73c4644ccaab" testName="OpenBullet.Core.Tests.Step5_VariableManagerTests.SetDictionaryValue_Should_Set_Value_In_Existing_Dictionary" computerName="DESKTOP-FL6NJPC" duration="00:00:00.0009617" startTime="2025-08-17T15:55:51.9341440+02:00" endTime="2025-08-17T15:55:51.9341442+02:00" testType="13cdc9d9-ddb5-4fa4-a97d-d965ccfc6d4b" outcome="Passed" testListId="8c84fa94-04c1-424b-9868-57a2d4851a1d" relativeResultsDirectory="cb95f8c0-fd74-45ac-a36a-3eaa355ca792" />
    <UnitTestResult executionId="129cb87c-2f44-4181-979f-ea30fdec5b5d" testId="627f5fd5-feb3-0b09-e13c-a2081ad96b14" testName="OpenBullet.Core.Tests.Step11_DatabaseManagerTests.DatabaseHealth_Should_Initialize_Correctly" computerName="DESKTOP-FL6NJPC" duration="00:00:00.0029361" startTime="2025-08-17T15:55:53.9807412+02:00" endTime="2025-08-17T15:55:53.9807418+02:00" testType="13cdc9d9-ddb5-4fa4-a97d-d965ccfc6d4b" outcome="Passed" testListId="8c84fa94-04c1-424b-9868-57a2d4851a1d" relativeResultsDirectory="129cb87c-2f44-4181-979f-ea30fdec5b5d" />
    <UnitTestResult executionId="1bbe4c0d-4bdf-4039-93de-70567d836497" testId="651425b0-1fcd-072b-c5bc-dff4ae47e8b2" testName="OpenBullet.Core.Tests.Step8_KeyCheckerTests.EvaluateKey_With_GreaterThan_Condition_Should_Work(sourceValue: &quot;not a number&quot;, targetValue: &quot;50&quot;, expected: False)" computerName="DESKTOP-FL6NJPC" duration="00:00:00.0023406" startTime="2025-08-17T15:55:51.5341448+02:00" endTime="2025-08-17T15:55:51.5341450+02:00" testType="13cdc9d9-ddb5-4fa4-a97d-d965ccfc6d4b" outcome="Passed" testListId="8c84fa94-04c1-424b-9868-57a2d4851a1d" relativeResultsDirectory="1bbe4c0d-4bdf-4039-93de-70567d836497" />
    <UnitTestResult executionId="1253c605-8c7a-494c-bd78-ef8f1b340f5f" testId="a06acb67-9665-e4c5-2626-ca6b11b480cc" testName="OpenBullet.Core.Tests.Step10_ProxyJobManagerTests.TestAllProxiesAsync_Should_Delegate_To_ProxyManager" computerName="DESKTOP-FL6NJPC" duration="00:00:00.0124223" startTime="2025-08-17T15:55:53.0664212+02:00" endTime="2025-08-17T15:55:53.0664215+02:00" testType="13cdc9d9-ddb5-4fa4-a97d-d965ccfc6d4b" outcome="Passed" testListId="8c84fa94-04c1-424b-9868-57a2d4851a1d" relativeResultsDirectory="1253c605-8c7a-494c-bd78-ef8f1b340f5f" />
    <UnitTestResult executionId="a3a1052c-2293-43c9-b906-d120acaca1e6" testId="9ecebe1a-d64f-a9ce-ebf9-f65e3d051caf" testName="OpenBullet.Core.Tests.Step9_BotRunnerTests.RunAsync_With_Cancellation_Should_Return_Cancelled_Result" computerName="DESKTOP-FL6NJPC" duration="00:00:00.0065678" startTime="2025-08-17T15:55:51.5191798+02:00" endTime="2025-08-17T15:55:51.5192024+02:00" testType="13cdc9d9-ddb5-4fa4-a97d-d965ccfc6d4b" outcome="Passed" testListId="8c84fa94-04c1-424b-9868-57a2d4851a1d" relativeResultsDirectory="a3a1052c-2293-43c9-b906-d120acaca1e6" />
    <UnitTestResult executionId="78cae84c-9a4f-494a-8886-84a9b8280409" testId="b06ba365-166a-406b-8187-79b49efb2b50" testName="OpenBullet.Core.Tests.Step9_ScriptEngineTests.ExecuteAsync_Should_Handle_All_Flow_Control_Types(flowControl: Stop)" computerName="DESKTOP-FL6NJPC" duration="00:00:00.0026763" startTime="2025-08-17T15:55:51.7784183+02:00" endTime="2025-08-17T15:55:51.7784184+02:00" testType="13cdc9d9-ddb5-4fa4-a97d-d965ccfc6d4b" outcome="Passed" testListId="8c84fa94-04c1-424b-9868-57a2d4851a1d" relativeResultsDirectory="78cae84c-9a4f-494a-8886-84a9b8280409" />
    <UnitTestResult executionId="23d296f2-0b5b-44b9-9a3a-0f10e4b41b79" testId="155713e7-3918-2fc8-9853-a648eb8f7a52" testName="OpenBullet.Core.Tests.Step10_ValidationTests.IProxyManager_Interface_Should_Be_Properly_Defined" computerName="DESKTOP-FL6NJPC" duration="00:00:00.0124267" startTime="2025-08-17T15:55:51.8082127+02:00" endTime="2025-08-17T15:55:51.8082129+02:00" testType="13cdc9d9-ddb5-4fa4-a97d-d965ccfc6d4b" outcome="Passed" testListId="8c84fa94-04c1-424b-9868-57a2d4851a1d" relativeResultsDirectory="23d296f2-0b5b-44b9-9a3a-0f10e4b41b79" />
    <UnitTestResult executionId="f2cfcc0a-5a4a-4ec8-9a95-85a813d5e7ac" testId="df73b972-cba0-8798-33f1-29d4f1cf6b22" testName="OpenBullet.Core.Tests.Step2_ValidationTests.HttpResponseWrapper_Implements_IDisposable" computerName="DESKTOP-FL6NJPC" duration="00:00:00.0038966" startTime="2025-08-17T15:55:52.8641461+02:00" endTime="2025-08-17T15:55:52.8641465+02:00" testType="13cdc9d9-ddb5-4fa4-a97d-d965ccfc6d4b" outcome="Passed" testListId="8c84fa94-04c1-424b-9868-57a2d4851a1d" relativeResultsDirectory="f2cfcc0a-5a4a-4ec8-9a95-85a813d5e7ac" />
    <UnitTestResult executionId="6742e788-6306-4cb9-9a69-c6b60e207263" testId="09c72b3b-1776-b2e2-797d-927aae6e376b" testName="OpenBullet.Core.Tests.Step3_ConfigurationServiceTests.IsValidConfigFile_With_Missing_Sections_Should_Return_False" computerName="DESKTOP-FL6NJPC" duration="00:00:00.0181730" startTime="2025-08-17T15:55:52.7562337+02:00" endTime="2025-08-17T15:55:52.7562339+02:00" testType="13cdc9d9-ddb5-4fa4-a97d-d965ccfc6d4b" outcome="Passed" testListId="8c84fa94-04c1-424b-9868-57a2d4851a1d" relativeResultsDirectory="6742e788-6306-4cb9-9a69-c6b60e207263" />
    <UnitTestResult executionId="1d2d58d0-4b62-4ae9-aeae-b7668efcb3f6" testId="ccb6f917-0afc-c8e9-2e0a-1c6bbace4176" testName="OpenBullet.Core.Tests.Step9_ScriptEngineTests.GetExecutionStatistics_Should_Return_Current_Statistics" computerName="DESKTOP-FL6NJPC" duration="00:00:00.0020157" startTime="2025-08-17T15:55:51.9358357+02:00" endTime="2025-08-17T15:55:51.9358358+02:00" testType="13cdc9d9-ddb5-4fa4-a97d-d965ccfc6d4b" outcome="Passed" testListId="8c84fa94-04c1-424b-9868-57a2d4851a1d" relativeResultsDirectory="1d2d58d0-4b62-4ae9-aeae-b7668efcb3f6" />
    <UnitTestResult executionId="4f16852f-d658-4af1-a173-341b70e42182" testId="74e8dcd7-fd59-c2bb-2e03-2b5e49692534" testName="OpenBullet.Core.Tests.Step5_ValidationTests.LogLevel_Enum_Values_Should_Be_Available" computerName="DESKTOP-FL6NJPC" duration="00:00:00.0153521" startTime="2025-08-17T15:55:51.8464278+02:00" endTime="2025-08-17T15:55:51.8464292+02:00" testType="13cdc9d9-ddb5-4fa4-a97d-d965ccfc6d4b" outcome="Passed" testListId="8c84fa94-04c1-424b-9868-57a2d4851a1d" relativeResultsDirectory="4f16852f-d658-4af1-a173-341b70e42182" />
    <UnitTestResult executionId="1af1739b-7aec-4bd1-87a7-27942521a183" testId="b3d05fdf-5953-b0c7-4a90-ae01a8a66d01" testName="OpenBullet.Core.Tests.Step6_ValidationTests.RequestCommand_Should_Validate_HTTP_Methods_Correctly(method: &quot;PATCH&quot;, shouldBeValid: True)" computerName="DESKTOP-FL6NJPC" duration="00:00:00.0003781" startTime="2025-08-17T15:55:51.6982478+02:00" endTime="2025-08-17T15:55:51.6982480+02:00" testType="13cdc9d9-ddb5-4fa4-a97d-d965ccfc6d4b" outcome="Passed" testListId="8c84fa94-04c1-424b-9868-57a2d4851a1d" relativeResultsDirectory="1af1739b-7aec-4bd1-87a7-27942521a183" />
    <UnitTestResult executionId="9f4efa0c-7a78-487a-aa5b-d1ed145cb16d" testId="42e86ef4-16ce-4f38-30e5-76cabb02c6bf" testName="OpenBullet.Core.Tests.Step10_ValidationTests.ProxyTestResult_Should_Initialize_With_Defaults" computerName="DESKTOP-FL6NJPC" duration="00:00:00.0021664" startTime="2025-08-17T15:55:51.8853253+02:00" endTime="2025-08-17T15:55:51.8853255+02:00" testType="13cdc9d9-ddb5-4fa4-a97d-d965ccfc6d4b" outcome="Passed" testListId="8c84fa94-04c1-424b-9868-57a2d4851a1d" relativeResultsDirectory="9f4efa0c-7a78-487a-aa5b-d1ed145cb16d" />
    <UnitTestResult executionId="09425264-2227-4498-af47-82eebe89715e" testId="7def2c2d-172e-b661-4ea7-aff41992a36f" testName="OpenBullet.Core.Tests.Step5_ValidationTests.LogLevel_Values_Should_Have_Correct_Numeric_Values(level: Warning, expectedValue: 3)" computerName="DESKTOP-FL6NJPC" duration="00:00:00.0004747" startTime="2025-08-17T15:55:51.8646846+02:00" endTime="2025-08-17T15:55:51.8646848+02:00" testType="13cdc9d9-ddb5-4fa4-a97d-d965ccfc6d4b" outcome="Passed" testListId="8c84fa94-04c1-424b-9868-57a2d4851a1d" relativeResultsDirectory="09425264-2227-4498-af47-82eebe89715e" />
    <UnitTestResult executionId="3c2914c4-b625-4f32-bd5c-7044b9dae15e" testId="6c9fe93a-bff8-ffc6-9145-785d1af40ee3" testName="OpenBullet.Core.Tests.Step13_ConfigurationEditorTests.ValidateScript_Should_Detect_Syntax_Errors(invalidScript: &quot;PARSE \&quot;pattern\&quot; INVALID_TYPE&quot;, expectedErrorType: &quot;Unknown parsing type&quot;)" computerName="DESKTOP-FL6NJPC" duration="00:00:00.0134697" startTime="2025-08-17T15:55:51.4178087+02:00" endTime="2025-08-17T15:55:51.4178090+02:00" testType="13cdc9d9-ddb5-4fa4-a97d-d965ccfc6d4b" outcome="Failed" testListId="8c84fa94-04c1-424b-9868-57a2d4851a1d" relativeResultsDirectory="3c2914c4-b625-4f32-bd5c-7044b9dae15e">
      <Output>
        <ErrorInfo>
          <Message>System.NotImplementedException : To be implemented in Step 13</Message>
          <StackTrace>   at OpenBullet.Core.Tests.LoliScriptValidator.ValidateScript(String script) in C:\Users\futiliter\Downloads\Telegram Desktop\Openbullet 1.4.4 Anomaly Modded Version\OpenBulletRecreation\OpenBullet.Core.Tests\Step13_ConfigurationEditorTests.cs:line 483&#xD;
   at OpenBullet.Core.Tests.Step13_ConfigurationEditorTests.ValidateScript_Should_Detect_Syntax_Errors(String invalidScript, String expectedErrorType) in C:\Users\futiliter\Downloads\Telegram Desktop\Openbullet 1.4.4 Anomaly Modded Version\OpenBulletRecreation\OpenBullet.Core.Tests\Step13_ConfigurationEditorTests.cs:line 136&#xD;
   at InvokeStub_Step13_ConfigurationEditorTests.ValidateScript_Should_Detect_Syntax_Errors(Object, Span`1)&#xD;
   at System.Reflection.MethodBaseInvoker.InvokeWithFewArgs(Object obj, BindingFlags invokeAttr, Binder binder, Object[] parameters, CultureInfo culture)</StackTrace>
        </ErrorInfo>
      </Output>
    </UnitTestResult>
    <UnitTestResult executionId="ce27a944-b36a-492c-a76e-67cd5c2ae1f3" testId="0b6c6303-ad7e-9e0c-9850-7f633025a325" testName="OpenBullet.Core.Tests.Step8_KeyCheckerTests.KeyCheckResult_ApplyToBotData_Should_Update_BotData" computerName="DESKTOP-FL6NJPC" duration="00:00:00.0012011" startTime="2025-08-17T15:55:51.6402537+02:00" endTime="2025-08-17T15:55:51.6402539+02:00" testType="13cdc9d9-ddb5-4fa4-a97d-d965ccfc6d4b" outcome="Passed" testListId="8c84fa94-04c1-424b-9868-57a2d4851a1d" relativeResultsDirectory="ce27a944-b36a-492c-a76e-67cd5c2ae1f3" />
    <UnitTestResult executionId="ff9f4aae-a8d6-4e47-883e-23518839279e" testId="2a294386-576f-ad18-6dd4-97d4cce8f8c0" testName="OpenBullet.Core.Tests.Step8_ValidationTests.Key_Factory_Methods_Should_Create_Correct_Instances" computerName="DESKTOP-FL6NJPC" duration="00:00:00.0012868" startTime="2025-08-17T15:55:51.6313273+02:00" endTime="2025-08-17T15:55:51.6313276+02:00" testType="13cdc9d9-ddb5-4fa4-a97d-d965ccfc6d4b" outcome="Passed" testListId="8c84fa94-04c1-424b-9868-57a2d4851a1d" relativeResultsDirectory="ff9f4aae-a8d6-4e47-883e-23518839279e" />
    <UnitTestResult executionId="f5a9ea3c-4cbf-45d2-85f6-1250c4f527da" testId="8ee95d42-b90f-0ede-02db-90b084c00ad4" testName="OpenBullet.Core.Tests.Step7_ValidationTests.ParserFactory_Should_Handle_Basic_Operations" computerName="DESKTOP-FL6NJPC" duration="00:00:00.0008849" startTime="2025-08-17T15:55:51.8541902+02:00" endTime="2025-08-17T15:55:51.8541903+02:00" testType="13cdc9d9-ddb5-4fa4-a97d-d965ccfc6d4b" outcome="Passed" testListId="8c84fa94-04c1-424b-9868-57a2d4851a1d" relativeResultsDirectory="f5a9ea3c-4cbf-45d2-85f6-1250c4f527da" />
    <UnitTestResult executionId="de058ff0-4923-4dfa-b05c-7cc2848daa03" testId="866615b3-1aa9-c710-5039-e42dfdd3b21b" testName="OpenBullet.Core.Tests.Step5_ExecutionContextTests.Validate_Should_Detect_Issues" computerName="DESKTOP-FL6NJPC" duration="00:00:00.0011423" startTime="2025-08-17T15:55:52.6397867+02:00" endTime="2025-08-17T15:55:52.6397870+02:00" testType="13cdc9d9-ddb5-4fa4-a97d-d965ccfc6d4b" outcome="Passed" testListId="8c84fa94-04c1-424b-9868-57a2d4851a1d" relativeResultsDirectory="de058ff0-4923-4dfa-b05c-7cc2848daa03" />
    <UnitTestResult executionId="d6a28c51-87d9-405a-b7e1-0d94a1bcf154" testId="fb31c6e2-e652-49d0-7f2b-e4deffe17614" testName="OpenBullet.Core.Tests.Step10_ProxyExtensionsTests.ValidateProxyList_With_Empty_List_Should_Pass" computerName="DESKTOP-FL6NJPC" duration="00:00:00.0006639" startTime="2025-08-17T15:55:52.1952612+02:00" endTime="2025-08-17T15:55:52.1952613+02:00" testType="13cdc9d9-ddb5-4fa4-a97d-d965ccfc6d4b" outcome="Passed" testListId="8c84fa94-04c1-424b-9868-57a2d4851a1d" relativeResultsDirectory="d6a28c51-87d9-405a-b7e1-0d94a1bcf154" />
    <UnitTestResult executionId="948c80c5-7521-4a89-8cbe-e9b269f88bfa" testId="dc03f1f8-0f39-6857-d1c2-aed0bcc3a22d" testName="OpenBullet.Core.Tests.Step9_JobManagerTests.JobStatus_State_Properties_Should_Work_Correctly(state: Stopping, expectedIsRunning: False, expectedIsCompleted: False)" computerName="DESKTOP-FL6NJPC" duration="00:00:00.0002092" startTime="2025-08-17T15:55:53.1053842+02:00" endTime="2025-08-17T15:55:53.1053844+02:00" testType="13cdc9d9-ddb5-4fa4-a97d-d965ccfc6d4b" outcome="Passed" testListId="8c84fa94-04c1-424b-9868-57a2d4851a1d" relativeResultsDirectory="948c80c5-7521-4a89-8cbe-e9b269f88bfa" />
    <UnitTestResult executionId="4bcaacd2-6f5b-4dfe-b5f2-17ddb6f1c822" testId="0c9aecf7-edb6-6f0f-bb68-9ecdaa09ab58" testName="OpenBullet.Core.Tests.Step9_BotRunnerTests.EnhancedBotRunner_Can_Be_Created" computerName="DESKTOP-FL6NJPC" duration="00:00:00.0012091" startTime="2025-08-17T15:55:51.6718304+02:00" endTime="2025-08-17T15:55:51.6718305+02:00" testType="13cdc9d9-ddb5-4fa4-a97d-d965ccfc6d4b" outcome="Passed" testListId="8c84fa94-04c1-424b-9868-57a2d4851a1d" relativeResultsDirectory="4bcaacd2-6f5b-4dfe-b5f2-17ddb6f1c822" />
    <UnitTestResult executionId="e59e1e2d-066e-41a2-a2af-9b6a12f649bb" testId="ec7de5ee-2465-685b-85b8-7a3b6ac22a28" testName="OpenBullet.Core.Tests.Step10_ProxyManagerTests.SetConfiguration_Should_Update_Configuration" computerName="DESKTOP-FL6NJPC" duration="00:00:00.0014153" startTime="2025-08-17T15:55:51.7285803+02:00" endTime="2025-08-17T15:55:51.7285805+02:00" testType="13cdc9d9-ddb5-4fa4-a97d-d965ccfc6d4b" outcome="Passed" testListId="8c84fa94-04c1-424b-9868-57a2d4851a1d" relativeResultsDirectory="e59e1e2d-066e-41a2-a2af-9b6a12f649bb" />
    <UnitTestResult executionId="78371cad-eca9-4aae-9935-efae5e8e36e4" testId="e7991943-9253-d5e7-68e7-2e99dc8f23db" testName="OpenBullet.Core.Tests.Step8_KeyCheckerTests.GetSourceValue_With_Variable_Reference_Should_Return_Variable_Value" computerName="DESKTOP-FL6NJPC" duration="00:00:00.0013770" startTime="2025-08-17T15:55:51.5849901+02:00" endTime="2025-08-17T15:55:51.5849906+02:00" testType="13cdc9d9-ddb5-4fa4-a97d-d965ccfc6d4b" outcome="Passed" testListId="8c84fa94-04c1-424b-9868-57a2d4851a1d" relativeResultsDirectory="78371cad-eca9-4aae-9935-efae5e8e36e4" />
    <UnitTestResult executionId="67cb94cd-5d91-461f-8836-f0cf3ca9b23a" testId="0286a9e5-841e-b5ab-260c-4653e17c2747" testName="OpenBullet.Core.Tests.Step9_ScriptEngineTests.ValidateScript_With_Invalid_Command_Should_Fail" computerName="DESKTOP-FL6NJPC" duration="00:00:00.0023614" startTime="2025-08-17T15:55:51.9063508+02:00" endTime="2025-08-17T15:55:51.9063510+02:00" testType="13cdc9d9-ddb5-4fa4-a97d-d965ccfc6d4b" outcome="Passed" testListId="8c84fa94-04c1-424b-9868-57a2d4851a1d" relativeResultsDirectory="67cb94cd-5d91-461f-8836-f0cf3ca9b23a" />
    <UnitTestResult executionId="0c51221d-f166-4fa0-a739-90bdf7972db8" testId="fe4d3eb4-3a2b-3703-4a26-8d825f15a438" testName="OpenBullet.Core.Tests.Step11_ValidationTests.ExportHelper_Static_Methods_Should_Be_Available" computerName="DESKTOP-FL6NJPC" duration="00:00:00.0019949" startTime="2025-08-17T15:55:56.2172294+02:00" endTime="2025-08-17T15:55:56.2172296+02:00" testType="13cdc9d9-ddb5-4fa4-a97d-d965ccfc6d4b" outcome="Passed" testListId="8c84fa94-04c1-424b-9868-57a2d4851a1d" relativeResultsDirectory="0c51221d-f166-4fa0-a739-90bdf7972db8" />
    <UnitTestResult executionId="3c813817-2ca0-4b70-8c7e-f1ad5ba6f5b0" testId="cedb2254-2fe4-be53-49d6-7ccf81574afa" testName="OpenBullet.Core.Tests.Step5_ValidationTests.ContextValidationResult_Should_Initialize_With_Defaults" computerName="DESKTOP-FL6NJPC" duration="00:00:00.0012215" startTime="2025-08-17T15:55:51.9018599+02:00" endTime="2025-08-17T15:55:51.9018601+02:00" testType="13cdc9d9-ddb5-4fa4-a97d-d965ccfc6d4b" outcome="Passed" testListId="8c84fa94-04c1-424b-9868-57a2d4851a1d" relativeResultsDirectory="3c813817-2ca0-4b70-8c7e-f1ad5ba6f5b0" />
    <UnitTestResult executionId="f4309b66-bbdf-4180-8edf-1303a49103ff" testId="00dfe427-2d98-ab43-1cf1-f6a5cdb85b20" testName="OpenBullet.Core.Tests.Step6_ValidationTests.ScriptInstruction_GetParameter_Should_Work" computerName="DESKTOP-FL6NJPC" duration="00:00:00.0015234" startTime="2025-08-17T15:55:51.6937109+02:00" endTime="2025-08-17T15:55:51.6937129+02:00" testType="13cdc9d9-ddb5-4fa4-a97d-d965ccfc6d4b" outcome="Passed" testListId="8c84fa94-04c1-424b-9868-57a2d4851a1d" relativeResultsDirectory="f4309b66-bbdf-4180-8edf-1303a49103ff" />
    <UnitTestResult executionId="e9a1db86-75ab-4ad3-9167-b9e511d8941e" testId="a035c6b7-76bd-4fdd-77a3-93ac7d18e6ac" testName="OpenBullet.Core.Tests.Step7_ParsersTests.LeftRightParser_Should_Handle_Max_Matches" computerName="DESKTOP-FL6NJPC" duration="00:00:00.0007237" startTime="2025-08-17T15:55:51.8496638+02:00" endTime="2025-08-17T15:55:51.8496641+02:00" testType="13cdc9d9-ddb5-4fa4-a97d-d965ccfc6d4b" outcome="Passed" testListId="8c84fa94-04c1-424b-9868-57a2d4851a1d" relativeResultsDirectory="e9a1db86-75ab-4ad3-9167-b9e511d8941e" />
    <UnitTestResult executionId="9ccfd434-79b1-42f5-9e82-2cf790542616" testId="0638662d-5472-9cbe-6ecd-4913486c9742" testName="OpenBullet.Core.Tests.Step5_ValidationTests.DataCapturedEventArgs_Should_Initialize_With_Defaults" computerName="DESKTOP-FL6NJPC" duration="00:00:00.0009679" startTime="2025-08-17T15:55:51.7930408+02:00" endTime="2025-08-17T15:55:51.7930409+02:00" testType="13cdc9d9-ddb5-4fa4-a97d-d965ccfc6d4b" outcome="Passed" testListId="8c84fa94-04c1-424b-9868-57a2d4851a1d" relativeResultsDirectory="9ccfd434-79b1-42f5-9e82-2cf790542616" />
    <UnitTestResult executionId="12fe4a36-c99f-40fc-b22d-aa12a47675d1" testId="e0f6c9ce-d80e-2d6d-2fc5-cd4df9d51f8b" testName="OpenBullet.Core.Tests.Step6_RequestCommandTests.ValidateInstruction_With_Invalid_URL_Format_Should_Warn" computerName="DESKTOP-FL6NJPC" duration="00:00:00.0205849" startTime="2025-08-17T15:55:52.7823021+02:00" endTime="2025-08-17T15:55:52.7823026+02:00" testType="13cdc9d9-ddb5-4fa4-a97d-d965ccfc6d4b" outcome="Passed" testListId="8c84fa94-04c1-424b-9868-57a2d4851a1d" relativeResultsDirectory="12fe4a36-c99f-40fc-b22d-aa12a47675d1" />
    <UnitTestResult executionId="d2cf0f1c-263b-4f19-be9c-499e53ae91b2" testId="fc098fef-6fff-c8c7-2d1f-2624854feb5e" testName="OpenBullet.Core.Tests.Step6_CommandMetadataTests.ParameterType_Values_Should_Be_Available(parameterType: ContentType)" computerName="DESKTOP-FL6NJPC" duration="00:00:00.0000424" startTime="2025-08-17T15:55:51.9779799+02:00" endTime="2025-08-17T15:55:51.9779801+02:00" testType="13cdc9d9-ddb5-4fa4-a97d-d965ccfc6d4b" outcome="Passed" testListId="8c84fa94-04c1-424b-9868-57a2d4851a1d" relativeResultsDirectory="d2cf0f1c-263b-4f19-be9c-499e53ae91b2" />
    <UnitTestResult executionId="e6e71459-056f-4920-883e-1b3b45a21cd4" testId="b8afedbd-e3a8-f0d9-23f9-3f3a96c0794a" testName="OpenBullet.Core.Tests.Step5_ValidationTests.LogLevel_Values_Should_Have_Correct_Numeric_Values(level: Debug, expectedValue: 1)" computerName="DESKTOP-FL6NJPC" duration="00:00:00.0000090" startTime="2025-08-17T15:55:51.8666274+02:00" endTime="2025-08-17T15:55:51.8666275+02:00" testType="13cdc9d9-ddb5-4fa4-a97d-d965ccfc6d4b" outcome="Passed" testListId="8c84fa94-04c1-424b-9868-57a2d4851a1d" relativeResultsDirectory="e6e71459-056f-4920-883e-1b3b45a21cd4" />
    <UnitTestResult executionId="fd81b937-1f0a-4ebc-b227-e7dc80ce84f7" testId="453b440e-7587-cffd-1959-0b4b00396d0f" testName="OpenBullet.Core.Tests.Step4_ScriptParserTests.ParseLine_With_Various_Valid_Syntaxes_Should_Parse_Successfully(commandLine: &quot;PARSE \&quot;&lt;SOURCE&gt;\&quot; LR \&quot;left\&quot; \&quot;right\&quot; -&gt; VAR \&quot;&quot;···)" computerName="DESKTOP-FL6NJPC" duration="00:00:00.0440338" startTime="2025-08-17T15:55:52.3851736+02:00" endTime="2025-08-17T15:55:52.3851742+02:00" testType="13cdc9d9-ddb5-4fa4-a97d-d965ccfc6d4b" outcome="Passed" testListId="8c84fa94-04c1-424b-9868-57a2d4851a1d" relativeResultsDirectory="fd81b937-1f0a-4ebc-b227-e7dc80ce84f7" />
    <UnitTestResult executionId="920defef-85ae-46d0-8c5e-f2a83e0f0c90" testId="4582570b-c13a-29db-8dd4-1d6c7cb15560" testName="OpenBullet.Core.Tests.Step11_DatabaseManagerTests.DatabaseManager_Cleanup_With_Default_Options_Should_Work" computerName="DESKTOP-FL6NJPC" duration="00:00:00.0171388" startTime="2025-08-17T15:55:54.2937213+02:00" endTime="2025-08-17T15:55:54.2937218+02:00" testType="13cdc9d9-ddb5-4fa4-a97d-d965ccfc6d4b" outcome="Failed" testListId="8c84fa94-04c1-424b-9868-57a2d4851a1d" relativeResultsDirectory="920defef-85ae-46d0-8c5e-f2a83e0f0c90">
      <Output>
        <ErrorInfo>
          <Message>Expected result.Success to be true, but found False.</Message>
          <StackTrace>   at FluentAssertions.Execution.XUnit2TestFramework.Throw(String message)&#xD;
   at FluentAssertions.Execution.TestFrameworkProvider.Throw(String message)&#xD;
   at FluentAssertions.Execution.DefaultAssertionStrategy.HandleFailure(String message)&#xD;
   at FluentAssertions.Execution.AssertionScope.FailWith(Func`1 failReasonFunc)&#xD;
   at FluentAssertions.Execution.AssertionScope.FailWith(Func`1 failReasonFunc)&#xD;
   at FluentAssertions.Execution.AssertionScope.FailWith(String message, Object[] args)&#xD;
   at FluentAssertions.Primitives.BooleanAssertions`1.BeTrue(String because, Object[] becauseArgs)&#xD;
   at OpenBullet.Core.Tests.Step11_DatabaseManagerTests.DatabaseManager_Cleanup_With_Default_Options_Should_Work() in C:\Users\futiliter\Downloads\Telegram Desktop\Openbullet 1.4.4 Anomaly Modded Version\OpenBulletRecreation\OpenBullet.Core.Tests\Step11_DatabaseManagerTests.cs:line 269&#xD;
--- End of stack trace from previous location ---</StackTrace>
        </ErrorInfo>
      </Output>
    </UnitTestResult>
    <UnitTestResult executionId="ef5e6b99-ced2-4855-94ce-1971328c5bff" testId="c20d4df9-da38-ca2a-b36b-a9dcb1fcde08" testName="OpenBullet.Core.Tests.Step11_ValidationTests.PagedResult_Should_Calculate_Properties_Correctly" computerName="DESKTOP-FL6NJPC" duration="00:00:00.0020998" startTime="2025-08-17T15:55:52.0118186+02:00" endTime="2025-08-17T15:55:52.0118188+02:00" testType="13cdc9d9-ddb5-4fa4-a97d-d965ccfc6d4b" outcome="Passed" testListId="8c84fa94-04c1-424b-9868-57a2d4851a1d" relativeResultsDirectory="ef5e6b99-ced2-4855-94ce-1971328c5bff" />
    <UnitTestResult executionId="3e67f8c3-f5fa-4894-a063-12ed01655c82" testId="80665fdb-8b36-3afa-3ad0-19405758b490" testName="OpenBullet.Core.Tests.Step6_RequestCommandTests.ValidateInstruction_With_Valid_HTTP_Methods_Should_Pass(method: &quot;PUT&quot;)" computerName="DESKTOP-FL6NJPC" duration="00:00:00.0078010" startTime="2025-08-17T15:55:52.4024474+02:00" endTime="2025-08-17T15:55:52.4024477+02:00" testType="13cdc9d9-ddb5-4fa4-a97d-d965ccfc6d4b" outcome="Passed" testListId="8c84fa94-04c1-424b-9868-57a2d4851a1d" relativeResultsDirectory="3e67f8c3-f5fa-4894-a063-12ed01655c82" />
    <UnitTestResult executionId="3f16e4f0-9845-4ced-8df0-0457032d9c8e" testId="99025b28-6600-f42a-918d-4eb73ff42eac" testName="OpenBullet.Core.Tests.Step9_ScriptEngineTests.ExecuteAsync_With_Stop_Flow_Control_Should_Stop_Execution" computerName="DESKTOP-FL6NJPC" duration="00:00:00.0097161" startTime="2025-08-17T15:55:51.9052810+02:00" endTime="2025-08-17T15:55:51.9052812+02:00" testType="13cdc9d9-ddb5-4fa4-a97d-d965ccfc6d4b" outcome="Failed" testListId="8c84fa94-04c1-424b-9868-57a2d4851a1d" relativeResultsDirectory="3f16e4f0-9845-4ced-8df0-0457032d9c8e">
      <Output>
        <ErrorInfo>
          <Message>Expected result.Success to be true, but found False.</Message>
          <StackTrace>   at FluentAssertions.Execution.XUnit2TestFramework.Throw(String message)&#xD;
   at FluentAssertions.Execution.TestFrameworkProvider.Throw(String message)&#xD;
   at FluentAssertions.Execution.DefaultAssertionStrategy.HandleFailure(String message)&#xD;
   at FluentAssertions.Execution.AssertionScope.FailWith(Func`1 failReasonFunc)&#xD;
   at FluentAssertions.Execution.AssertionScope.FailWith(Func`1 failReasonFunc)&#xD;
   at FluentAssertions.Execution.AssertionScope.FailWith(String message, Object[] args)&#xD;
   at FluentAssertions.Primitives.BooleanAssertions`1.BeTrue(String because, Object[] becauseArgs)&#xD;
   at OpenBullet.Core.Tests.Step9_ScriptEngineTests.ExecuteAsync_With_Stop_Flow_Control_Should_Stop_Execution() in C:\Users\futiliter\Downloads\Telegram Desktop\Openbullet 1.4.4 Anomaly Modded Version\OpenBulletRecreation\OpenBullet.Core.Tests\Step9_ScriptEngineTests.cs:line 218&#xD;
--- End of stack trace from previous location ---</StackTrace>
        </ErrorInfo>
      </Output>
    </UnitTestResult>
    <UnitTestResult executionId="8d5c48c7-5008-47d5-bf95-5504c79c43d4" testId="c37d6231-b9a7-d180-9c20-befdd74d7b32" testName="OpenBullet.Core.Tests.Step9_ScriptEngineTests.ExecuteAsync_Should_Update_Statistics" computerName="DESKTOP-FL6NJPC" duration="00:00:00.0126486" startTime="2025-08-17T15:55:51.9293878+02:00" endTime="2025-08-17T15:55:51.9293880+02:00" testType="13cdc9d9-ddb5-4fa4-a97d-d965ccfc6d4b" outcome="Failed" testListId="8c84fa94-04c1-424b-9868-57a2d4851a1d" relativeResultsDirectory="8d5c48c7-5008-47d5-bf95-5504c79c43d4">
      <Output>
        <ErrorInfo>
          <Message>Expected result.Success to be true, but found False.</Message>
          <StackTrace>   at FluentAssertions.Execution.XUnit2TestFramework.Throw(String message)&#xD;
   at FluentAssertions.Execution.TestFrameworkProvider.Throw(String message)&#xD;
   at FluentAssertions.Execution.DefaultAssertionStrategy.HandleFailure(String message)&#xD;
   at FluentAssertions.Execution.AssertionScope.FailWith(Func`1 failReasonFunc)&#xD;
   at FluentAssertions.Execution.AssertionScope.FailWith(Func`1 failReasonFunc)&#xD;
   at FluentAssertions.Execution.AssertionScope.FailWith(String message, Object[] args)&#xD;
   at FluentAssertions.Primitives.BooleanAssertions`1.BeTrue(String because, Object[] becauseArgs)&#xD;
   at OpenBullet.Core.Tests.Step9_ScriptEngineTests.ExecuteAsync_Should_Update_Statistics() in C:\Users\futiliter\Downloads\Telegram Desktop\Openbullet 1.4.4 Anomaly Modded Version\OpenBulletRecreation\OpenBullet.Core.Tests\Step9_ScriptEngineTests.cs:line 250&#xD;
--- End of stack trace from previous location ---</StackTrace>
        </ErrorInfo>
      </Output>
    </UnitTestResult>
    <UnitTestResult executionId="2956507d-421c-44bd-8168-0b7bb548dcc3" testId="15a209b8-ea5f-f97d-1631-cd694e48f69f" testName="OpenBullet.Core.Tests.Step6_CommandMetadataTests.ParameterType_Values_Should_Be_Available(parameterType: Enum)" computerName="DESKTOP-FL6NJPC" duration="00:00:00.0000105" startTime="2025-08-17T15:55:51.9781617+02:00" endTime="2025-08-17T15:55:51.9781618+02:00" testType="13cdc9d9-ddb5-4fa4-a97d-d965ccfc6d4b" outcome="Passed" testListId="8c84fa94-04c1-424b-9868-57a2d4851a1d" relativeResultsDirectory="2956507d-421c-44bd-8168-0b7bb548dcc3" />
    <UnitTestResult executionId="afe0022a-3baf-4595-ba23-c18a09feacb0" testId="f6074d9a-3155-1c78-5fcb-6860c71b427f" testName="OpenBullet.Core.Tests.Step10_ProxyManagerTests.GetNextProxyAsync_Should_Work_With_All_Rotation_Strategies(strategy: LeastUsed)" computerName="DESKTOP-FL6NJPC" duration="00:00:00.0002679" startTime="2025-08-17T15:55:51.4694535+02:00" endTime="2025-08-17T15:55:51.4694536+02:00" testType="13cdc9d9-ddb5-4fa4-a97d-d965ccfc6d4b" outcome="Passed" testListId="8c84fa94-04c1-424b-9868-57a2d4851a1d" relativeResultsDirectory="afe0022a-3baf-4595-ba23-c18a09feacb0" />
    <UnitTestResult executionId="c29f207f-1e20-4199-90c4-1a07737059cf" testId="e071af6c-3fa2-354f-0dfc-c6f23e506063" testName="OpenBullet.Core.Tests.Step10_ValidationTests.Enum_Combinations_Should_Be_Valid(rotationStrategy: ResponseTimeBased, strategy: None, health: Unknown)" computerName="DESKTOP-FL6NJPC" duration="00:00:00.0000257" startTime="2025-08-17T15:55:51.8668823+02:00" endTime="2025-08-17T15:55:51.8668825+02:00" testType="13cdc9d9-ddb5-4fa4-a97d-d965ccfc6d4b" outcome="Passed" testListId="8c84fa94-04c1-424b-9868-57a2d4851a1d" relativeResultsDirectory="c29f207f-1e20-4199-90c4-1a07737059cf" />
    <UnitTestResult executionId="c76f6e18-0856-427f-bd3a-b5f9f1737676" testId="a492da78-410f-4852-f430-9959d0f889c6" testName="OpenBullet.Core.Tests.Step10_ProxyExtensionsTests.ValidateProxy_Should_Validate_Proxy_Strings(proxyString: &quot;&quot;, expectedValid: False, expectedError: &quot;Proxy string is empty&quot;)" computerName="DESKTOP-FL6NJPC" duration="00:00:00.0006806" startTime="2025-08-17T15:55:52.1564963+02:00" endTime="2025-08-17T15:55:52.1564964+02:00" testType="13cdc9d9-ddb5-4fa4-a97d-d965ccfc6d4b" outcome="Passed" testListId="8c84fa94-04c1-424b-9868-57a2d4851a1d" relativeResultsDirectory="c76f6e18-0856-427f-bd3a-b5f9f1737676" />
    <UnitTestResult executionId="5d188b30-4f63-4db2-ad55-7d9eb6467788" testId="a34b78a4-36e0-de2d-1e26-61e8b5e16368" testName="OpenBullet.Core.Tests.Step10_ValidationTests.Complex_Integration_Should_Work" computerName="DESKTOP-FL6NJPC" duration="00:00:00.0268738" startTime="2025-08-17T15:55:51.9625862+02:00" endTime="2025-08-17T15:55:51.9625863+02:00" testType="13cdc9d9-ddb5-4fa4-a97d-d965ccfc6d4b" outcome="Passed" testListId="8c84fa94-04c1-424b-9868-57a2d4851a1d" relativeResultsDirectory="5d188b30-4f63-4db2-ad55-7d9eb6467788" />
    <UnitTestResult executionId="e981c689-02bf-4a16-af07-8f900a9b5cea" testId="52028fce-3fbb-884e-ec01-8d05da58de0a" testName="OpenBullet.Core.Tests.Step10_ValidationTests.ProxyPoolConfiguration_Should_Initialize_With_Defaults" computerName="DESKTOP-FL6NJPC" duration="00:00:00.0063276" startTime="2025-08-17T15:55:51.9706365+02:00" endTime="2025-08-17T15:55:51.9706368+02:00" testType="13cdc9d9-ddb5-4fa4-a97d-d965ccfc6d4b" outcome="Passed" testListId="8c84fa94-04c1-424b-9868-57a2d4851a1d" relativeResultsDirectory="e981c689-02bf-4a16-af07-8f900a9b5cea" />
    <UnitTestResult executionId="fa2da5ff-abfb-44c2-a9e1-a3353649ef38" testId="12ca5254-bb67-9016-6329-c6a945ef9175" testName="OpenBullet.Core.Tests.Step10_ProxyJobManagerTests.StartProxyJobAsync_With_Valid_Config_Should_Start_Successfully" computerName="DESKTOP-FL6NJPC" duration="00:00:00.0056086" startTime="2025-08-17T15:55:53.0769106+02:00" endTime="2025-08-17T15:55:53.0769110+02:00" testType="13cdc9d9-ddb5-4fa4-a97d-d965ccfc6d4b" outcome="Passed" testListId="8c84fa94-04c1-424b-9868-57a2d4851a1d" relativeResultsDirectory="fa2da5ff-abfb-44c2-a9e1-a3353649ef38" />
    <UnitTestResult executionId="eb00d4cb-09f9-426a-94ac-6986076f8315" testId="869a1573-83a2-e45d-811d-6269cd671d1c" testName="OpenBullet.Core.Tests.Step2_HttpClientServiceTests.HttpResponseWrapper_Should_Initialize_With_Default_Values" computerName="DESKTOP-FL6NJPC" duration="00:00:00.0061734" startTime="2025-08-17T15:55:52.8954784+02:00" endTime="2025-08-17T15:55:52.8954789+02:00" testType="13cdc9d9-ddb5-4fa4-a97d-d965ccfc6d4b" outcome="Passed" testListId="8c84fa94-04c1-424b-9868-57a2d4851a1d" relativeResultsDirectory="eb00d4cb-09f9-426a-94ac-6986076f8315" />
    <UnitTestResult executionId="8b456eee-f9f3-437b-a15a-01be4039d329" testId="fe6da401-0731-edee-23df-297a0b5064bb" testName="OpenBullet.Core.Tests.Step8_KeyCheckerTests.EvaluateKey_With_Contains_Case_Sensitive_Should_Work" computerName="DESKTOP-FL6NJPC" duration="00:00:00.0032774" startTime="2025-08-17T15:55:51.5482332+02:00" endTime="2025-08-17T15:55:51.5482335+02:00" testType="13cdc9d9-ddb5-4fa4-a97d-d965ccfc6d4b" outcome="Passed" testListId="8c84fa94-04c1-424b-9868-57a2d4851a1d" relativeResultsDirectory="8b456eee-f9f3-437b-a15a-01be4039d329" />
    <UnitTestResult executionId="ac41ed82-34aa-47d8-a53e-e30b9ff3fcad" testId="0ddbcab5-2c85-659b-ca1f-460d8216cc82" testName="OpenBullet.Core.Tests.Step3_ValidationTests.ConfigWarning_Types_Should_Be_Available(warningType: SuggestedImprovement)" computerName="DESKTOP-FL6NJPC" duration="00:00:00.0051626" startTime="2025-08-17T15:55:52.1199649+02:00" endTime="2025-08-17T15:55:52.1199651+02:00" testType="13cdc9d9-ddb5-4fa4-a97d-d965ccfc6d4b" outcome="Passed" testListId="8c84fa94-04c1-424b-9868-57a2d4851a1d" relativeResultsDirectory="ac41ed82-34aa-47d8-a53e-e30b9ff3fcad" />
    <UnitTestResult executionId="af29af83-703e-4dd7-a5d7-5b910b9d395f" testId="5d27011e-c720-366b-67ce-e0b756ab4acb" testName="OpenBullet.Core.Tests.Step11_ValidationTests.All_Interfaces_Should_Be_Properly_Defined" computerName="DESKTOP-FL6NJPC" duration="00:00:00.0117345" startTime="2025-08-17T15:55:56.2327561+02:00" endTime="2025-08-17T15:55:56.2327565+02:00" testType="13cdc9d9-ddb5-4fa4-a97d-d965ccfc6d4b" outcome="Passed" testListId="8c84fa94-04c1-424b-9868-57a2d4851a1d" relativeResultsDirectory="af29af83-703e-4dd7-a5d7-5b910b9d395f" />
    <UnitTestResult executionId="3c03edc5-28a1-4921-9ed6-920bed197ac7" testId="53c167cc-8451-6ea2-de4c-d6ab1b2369c3" testName="OpenBullet.Core.Tests.Step5_VariableManagerTests.RemoveVariable_Should_Return_False_For_Missing_Variable" computerName="DESKTOP-FL6NJPC" duration="00:00:00.0004462" startTime="2025-08-17T15:55:52.8461448+02:00" endTime="2025-08-17T15:55:52.8461452+02:00" testType="13cdc9d9-ddb5-4fa4-a97d-d965ccfc6d4b" outcome="Passed" testListId="8c84fa94-04c1-424b-9868-57a2d4851a1d" relativeResultsDirectory="3c03edc5-28a1-4921-9ed6-920bed197ac7" />
    <UnitTestResult executionId="8a168d31-67c3-493b-b77b-ed223de4a785" testId="35fb3a3f-0197-1aaf-42c3-fe0a9b4fe4b3" testName="OpenBullet.Core.Tests.Step6_RequestCommandTests.ExecuteAsync_With_Simple_GET_Should_Work" computerName="DESKTOP-FL6NJPC" duration="00:00:00.0241664" startTime="2025-08-17T15:55:52.5200861+02:00" endTime="2025-08-17T15:55:52.5200866+02:00" testType="13cdc9d9-ddb5-4fa4-a97d-d965ccfc6d4b" outcome="Passed" testListId="8c84fa94-04c1-424b-9868-57a2d4851a1d" relativeResultsDirectory="8a168d31-67c3-493b-b77b-ed223de4a785" />
    <UnitTestResult executionId="17443b53-2a1b-4460-9472-0ef53d1a0c5c" testId="9f46a511-7569-f2c8-10d8-b20235c943c7" testName="OpenBullet.Core.Tests.Step10_ProxyExtensionsTests.IsValid_Basic_Should_Validate_Correctly(host: &quot;proxy.com&quot;, port: 0, type: Http, expectedValid: False)" computerName="DESKTOP-FL6NJPC" duration="00:00:00.0000197" startTime="2025-08-17T15:55:52.1542435+02:00" endTime="2025-08-17T15:55:52.1542436+02:00" testType="13cdc9d9-ddb5-4fa4-a97d-d965ccfc6d4b" outcome="Passed" testListId="8c84fa94-04c1-424b-9868-57a2d4851a1d" relativeResultsDirectory="17443b53-2a1b-4460-9472-0ef53d1a0c5c" />
    <UnitTestResult executionId="3e58cedb-d403-4656-998f-124ee93f697b" testId="d04391df-420e-7590-2c4d-1629acdfc18a" testName="OpenBullet.Core.Tests.Step9_ScriptEngineTests.ExecuteAsync_With_Cancellation_Should_Cancel_Gracefully" computerName="DESKTOP-FL6NJPC" duration="00:00:00.0047111" startTime="2025-08-17T15:55:51.9208725+02:00" endTime="2025-08-17T15:55:51.9208728+02:00" testType="13cdc9d9-ddb5-4fa4-a97d-d965ccfc6d4b" outcome="Failed" testListId="8c84fa94-04c1-424b-9868-57a2d4851a1d" relativeResultsDirectory="3e58cedb-d403-4656-998f-124ee93f697b">
      <Output>
        <ErrorInfo>
          <Message>Expected result.ErrorMessage to be "Script execution was cancelled", but found &lt;null&gt;.</Message>
          <StackTrace>   at FluentAssertions.Execution.XUnit2TestFramework.Throw(String message)&#xD;
   at FluentAssertions.Execution.TestFrameworkProvider.Throw(String message)&#xD;
   at FluentAssertions.Execution.DefaultAssertionStrategy.HandleFailure(String message)&#xD;
   at FluentAssertions.Execution.AssertionScope.FailWith(Func`1 failReasonFunc)&#xD;
   at FluentAssertions.Execution.AssertionScope.FailWith(Func`1 failReasonFunc)&#xD;
   at FluentAssertions.Execution.AssertionScope.FailWith(String message, Object[] args)&#xD;
   at FluentAssertions.Primitives.StringValidator.ValidateAgainstNulls()&#xD;
   at FluentAssertions.Primitives.StringValidator.Validate()&#xD;
   at FluentAssertions.Primitives.StringAssertions`1.Be(String expected, String because, Object[] becauseArgs)&#xD;
   at OpenBullet.Core.Tests.Step9_ScriptEngineTests.ExecuteAsync_With_Cancellation_Should_Cancel_Gracefully() in C:\Users\futiliter\Downloads\Telegram Desktop\Openbullet 1.4.4 Anomaly Modded Version\OpenBulletRecreation\OpenBullet.Core.Tests\Step9_ScriptEngineTests.cs:line 280&#xD;
--- End of stack trace from previous location ---</StackTrace>
        </ErrorInfo>
      </Output>
    </UnitTestResult>
    <UnitTestResult executionId="1ec4a280-a12d-4f91-b5cb-7dd09966990f" testId="7dae8765-760e-4b4b-0d16-cc084a3be092" testName="OpenBullet.Core.Tests.Step10_ValidationTests.ProxyStrategy_Enum_Should_Have_Expected_Values" computerName="DESKTOP-FL6NJPC" duration="00:00:00.0056433" startTime="2025-08-17T15:55:51.8812278+02:00" endTime="2025-08-17T15:55:51.8812281+02:00" testType="13cdc9d9-ddb5-4fa4-a97d-d965ccfc6d4b" outcome="Passed" testListId="8c84fa94-04c1-424b-9868-57a2d4851a1d" relativeResultsDirectory="1ec4a280-a12d-4f91-b5cb-7dd09966990f" />
    <UnitTestResult executionId="7a10df6b-83f7-4479-b76f-4c410b1645d7" testId="471949a3-956c-9fe9-fac4-e98d0218b8aa" testName="OpenBullet.Core.Tests.Step9_JobManagerTests.ResumeJobAsync_With_Paused_Job_Should_Resume_Job" computerName="DESKTOP-FL6NJPC" duration="00:00:00.6023316" startTime="2025-08-17T15:55:52.8533337+02:00" endTime="2025-08-17T15:55:52.8533341+02:00" testType="13cdc9d9-ddb5-4fa4-a97d-d965ccfc6d4b" outcome="Failed" testListId="8c84fa94-04c1-424b-9868-57a2d4851a1d" relativeResultsDirectory="7a10df6b-83f7-4479-b76f-4c410b1645d7">
      <Output>
        <ErrorInfo>
          <Message>Expected resumed to be true, but found False.</Message>
          <StackTrace>   at FluentAssertions.Execution.XUnit2TestFramework.Throw(String message)&#xD;
   at FluentAssertions.Execution.TestFrameworkProvider.Throw(String message)&#xD;
   at FluentAssertions.Execution.DefaultAssertionStrategy.HandleFailure(String message)&#xD;
   at FluentAssertions.Execution.AssertionScope.FailWith(Func`1 failReasonFunc)&#xD;
   at FluentAssertions.Execution.AssertionScope.FailWith(Func`1 failReasonFunc)&#xD;
   at FluentAssertions.Execution.AssertionScope.FailWith(String message, Object[] args)&#xD;
   at FluentAssertions.Primitives.BooleanAssertions`1.BeTrue(String because, Object[] becauseArgs)&#xD;
   at OpenBullet.Core.Tests.Step9_JobManagerTests.ResumeJobAsync_With_Paused_Job_Should_Resume_Job() in C:\Users\futiliter\Downloads\Telegram Desktop\Openbullet 1.4.4 Anomaly Modded Version\OpenBulletRecreation\OpenBullet.Core.Tests\Step9_JobManagerTests.cs:line 165&#xD;
--- End of stack trace from previous location ---</StackTrace>
        </ErrorInfo>
      </Output>
    </UnitTestResult>
    <UnitTestResult executionId="508c97e0-f0fa-4d77-9513-635e0b549c1c" testId="5ebc4c65-c03d-504a-0b5e-3cd936a96058" testName="OpenBullet.Core.Tests.Step13_ConfigurationEditorTests.ValidateScript_Should_Detect_Syntax_Errors(invalidScript: &quot;KEYCHECK INVALID_CONDITION&quot;, expectedErrorType: &quot;Unknown condition type&quot;)" computerName="DESKTOP-FL6NJPC" duration="00:00:00.0001307" startTime="2025-08-17T15:55:51.4213866+02:00" endTime="2025-08-17T15:55:51.4213868+02:00" testType="13cdc9d9-ddb5-4fa4-a97d-d965ccfc6d4b" outcome="Failed" testListId="8c84fa94-04c1-424b-9868-57a2d4851a1d" relativeResultsDirectory="508c97e0-f0fa-4d77-9513-635e0b549c1c">
      <Output>
        <ErrorInfo>
          <Message>System.NotImplementedException : To be implemented in Step 13</Message>
          <StackTrace>   at OpenBullet.Core.Tests.LoliScriptValidator.ValidateScript(String script) in C:\Users\futiliter\Downloads\Telegram Desktop\Openbullet 1.4.4 Anomaly Modded Version\OpenBulletRecreation\OpenBullet.Core.Tests\Step13_ConfigurationEditorTests.cs:line 483&#xD;
   at OpenBullet.Core.Tests.Step13_ConfigurationEditorTests.ValidateScript_Should_Detect_Syntax_Errors(String invalidScript, String expectedErrorType) in C:\Users\futiliter\Downloads\Telegram Desktop\Openbullet 1.4.4 Anomaly Modded Version\OpenBulletRecreation\OpenBullet.Core.Tests\Step13_ConfigurationEditorTests.cs:line 136&#xD;
   at InvokeStub_Step13_ConfigurationEditorTests.ValidateScript_Should_Detect_Syntax_Errors(Object, Span`1)&#xD;
   at System.Reflection.MethodBaseInvoker.InvokeWithFewArgs(Object obj, BindingFlags invokeAttr, Binder binder, Object[] parameters, CultureInfo culture)</StackTrace>
        </ErrorInfo>
      </Output>
    </UnitTestResult>
    <UnitTestResult executionId="9d0225ed-8616-4883-a59e-1253ac9fa69e" testId="42dfffbf-46bb-b307-b15a-66533e569554" testName="OpenBullet.Core.Tests.Step5_ValidationTests.LogEntry_Should_Initialize_With_Defaults" computerName="DESKTOP-FL6NJPC" duration="00:00:00.0059730" startTime="2025-08-17T15:55:51.9227932+02:00" endTime="2025-08-17T15:55:51.9227933+02:00" testType="13cdc9d9-ddb5-4fa4-a97d-d965ccfc6d4b" outcome="Passed" testListId="8c84fa94-04c1-424b-9868-57a2d4851a1d" relativeResultsDirectory="9d0225ed-8616-4883-a59e-1253ac9fa69e" />
    <UnitTestResult executionId="86571237-8a20-4978-af1f-92d886b90a48" testId="f73cf995-7130-dfe2-c07d-77808eeb785c" testName="OpenBullet.Core.Tests.Step7_ParsersTests.JsonParser_Should_Parse_Array_Elements" computerName="DESKTOP-FL6NJPC" duration="00:00:00.0011358" startTime="2025-08-17T15:55:51.9846394+02:00" endTime="2025-08-17T15:55:51.9846397+02:00" testType="13cdc9d9-ddb5-4fa4-a97d-d965ccfc6d4b" outcome="Passed" testListId="8c84fa94-04c1-424b-9868-57a2d4851a1d" relativeResultsDirectory="86571237-8a20-4978-af1f-92d886b90a48" />
    <UnitTestResult executionId="5a64c28c-39bb-468b-83e9-6f0f4c85bb2f" testId="4ab842e3-22e8-3e2a-f1bd-98a7f6c9799c" testName="OpenBullet.Core.Tests.Step3_ValidationTests.Step3TestHelpers_Should_Create_Valid_Objects" computerName="DESKTOP-FL6NJPC" duration="00:00:00.0055112" startTime="2025-08-17T15:55:52.1871014+02:00" endTime="2025-08-17T15:55:52.1871016+02:00" testType="13cdc9d9-ddb5-4fa4-a97d-d965ccfc6d4b" outcome="Passed" testListId="8c84fa94-04c1-424b-9868-57a2d4851a1d" relativeResultsDirectory="5a64c28c-39bb-468b-83e9-6f0f4c85bb2f" />
    <UnitTestResult executionId="690b08aa-9fa0-40c8-925e-c0cac69e8827" testId="7d943b5f-38f3-2662-b4d2-d8514c5fba1c" testName="OpenBullet.Core.Tests.Step10_ProxyExtensionsTests.ToDisplayString_Basic_Should_Format_Correctly(host: &quot;proxy.com&quot;, port: 8080, type: Http, username: &quot;&quot;, password: &quot;&quot;, includeCredentials: False, expected: &quot;http://proxy.com:8080&quot;)" computerName="DESKTOP-FL6NJPC" duration="00:00:00.0010558" startTime="2025-08-17T15:55:52.1647065+02:00" endTime="2025-08-17T15:55:52.1647066+02:00" testType="13cdc9d9-ddb5-4fa4-a97d-d965ccfc6d4b" outcome="Passed" testListId="8c84fa94-04c1-424b-9868-57a2d4851a1d" relativeResultsDirectory="690b08aa-9fa0-40c8-925e-c0cac69e8827" />
    <UnitTestResult executionId="ef0f7e3c-97e6-436c-af7f-f78b409e361a" testId="b8e3be37-3943-edb5-f8eb-661f963a9d4c" testName="OpenBullet.Core.Tests.Step3_ValidationTests.ConfigParsingOptions_Should_Initialize_With_Defaults" computerName="DESKTOP-FL6NJPC" duration="00:00:00.0014049" startTime="2025-08-17T15:55:52.1217762+02:00" endTime="2025-08-17T15:55:52.1217763+02:00" testType="13cdc9d9-ddb5-4fa4-a97d-d965ccfc6d4b" outcome="Passed" testListId="8c84fa94-04c1-424b-9868-57a2d4851a1d" relativeResultsDirectory="ef0f7e3c-97e6-436c-af7f-f78b409e361a" />
    <UnitTestResult executionId="3d321e01-c02e-49be-8536-1041ebadb16b" testId="56971bf6-cc99-bd6c-86bd-090709878391" testName="OpenBullet.Core.Tests.Step7_ValidationTests.ParseOptions_Should_Initialize_With_Defaults" computerName="DESKTOP-FL6NJPC" duration="00:00:00.0033535" startTime="2025-08-17T15:55:51.6862333+02:00" endTime="2025-08-17T15:55:51.6862334+02:00" testType="13cdc9d9-ddb5-4fa4-a97d-d965ccfc6d4b" outcome="Passed" testListId="8c84fa94-04c1-424b-9868-57a2d4851a1d" relativeResultsDirectory="3d321e01-c02e-49be-8536-1041ebadb16b" />
    <UnitTestResult executionId="d0f1a406-cb8a-4404-9c93-ca9a08f3d03a" testId="12d29959-b009-2110-7334-f1534ef6a6ac" testName="OpenBullet.Core.Tests.Step13_ConfigurationEditorTests.ValidateScript_Should_Check_Variable_Usage" computerName="DESKTOP-FL6NJPC" duration="00:00:00.0010394" startTime="2025-08-17T15:55:51.4263146+02:00" endTime="2025-08-17T15:55:51.4263150+02:00" testType="13cdc9d9-ddb5-4fa4-a97d-d965ccfc6d4b" outcome="Failed" testListId="8c84fa94-04c1-424b-9868-57a2d4851a1d" relativeResultsDirectory="d0f1a406-cb8a-4404-9c93-ca9a08f3d03a">
      <Output>
        <ErrorInfo>
          <Message>System.NotImplementedException : To be implemented in Step 13</Message>
          <StackTrace>   at OpenBullet.Core.Tests.LoliScriptValidator.ValidateScript(String script) in C:\Users\futiliter\Downloads\Telegram Desktop\Openbullet 1.4.4 Anomaly Modded Version\OpenBulletRecreation\OpenBullet.Core.Tests\Step13_ConfigurationEditorTests.cs:line 483&#xD;
   at OpenBullet.Core.Tests.Step13_ConfigurationEditorTests.ValidateScript_Should_Check_Variable_Usage() in C:\Users\futiliter\Downloads\Telegram Desktop\Openbullet 1.4.4 Anomaly Modded Version\OpenBulletRecreation\OpenBullet.Core.Tests\Step13_ConfigurationEditorTests.cs:line 176&#xD;
   at System.RuntimeMethodHandle.InvokeMethod(Object target, Void** arguments, Signature sig, Boolean isConstructor)&#xD;
   at System.Reflection.MethodBaseInvoker.InvokeWithNoArgs(Object obj, BindingFlags invokeAttr)</StackTrace>
        </ErrorInfo>
      </Output>
    </UnitTestResult>
    <UnitTestResult executionId="bc3f7a48-7bef-44b6-9f73-4a229606c352" testId="eb154641-b684-c239-4cae-d8fffb9e3adb" testName="OpenBullet.Core.Tests.Step5_VariableManagerTests.SetVariable_Should_Store_Variable_In_Global_Scope" computerName="DESKTOP-FL6NJPC" duration="00:00:00.0018714" startTime="2025-08-17T15:55:51.8643304+02:00" endTime="2025-08-17T15:55:51.8643305+02:00" testType="13cdc9d9-ddb5-4fa4-a97d-d965ccfc6d4b" outcome="Passed" testListId="8c84fa94-04c1-424b-9868-57a2d4851a1d" relativeResultsDirectory="bc3f7a48-7bef-44b6-9f73-4a229606c352" />
    <UnitTestResult executionId="caba0084-20c6-4918-8309-e95d50f84111" testId="bc7cb1b0-c8e9-586e-6bb4-6218422eb73a" testName="OpenBullet.Core.Tests.Step10_ProxyManagerTests.GetStatisticsAsync_Should_Return_Pool_Statistics" computerName="DESKTOP-FL6NJPC" duration="00:00:00.0291512" startTime="2025-08-17T15:55:51.6091542+02:00" endTime="2025-08-17T15:55:51.6091546+02:00" testType="13cdc9d9-ddb5-4fa4-a97d-d965ccfc6d4b" outcome="Passed" testListId="8c84fa94-04c1-424b-9868-57a2d4851a1d" relativeResultsDirectory="caba0084-20c6-4918-8309-e95d50f84111" />
    <UnitTestResult executionId="04696d71-13db-4f21-8e59-affc4024f98e" testId="cf8fa09a-937a-7d58-7c03-423cb32a00ac" testName="OpenBullet.Core.Tests.Step3_ConfigurationServiceTests.GetConfigsFromDirectoryAsync_Should_Return_All_Configs" computerName="DESKTOP-FL6NJPC" duration="00:00:00.0390481" startTime="2025-08-17T15:55:53.0323097+02:00" endTime="2025-08-17T15:55:53.0323103+02:00" testType="13cdc9d9-ddb5-4fa4-a97d-d965ccfc6d4b" outcome="Passed" testListId="8c84fa94-04c1-424b-9868-57a2d4851a1d" relativeResultsDirectory="04696d71-13db-4f21-8e59-affc4024f98e" />
    <UnitTestResult executionId="8688ea99-3e32-46c8-9ea4-a442b984d104" testId="566dd1b0-618e-2e69-f444-ac3d74b4a47a" testName="OpenBullet.Core.Tests.Step5_ExecutionContextTests.Status_Property_Should_Fire_Event_When_Changed" computerName="DESKTOP-FL6NJPC" duration="00:00:00.0031471" startTime="2025-08-17T15:55:52.6769437+02:00" endTime="2025-08-17T15:55:52.6769441+02:00" testType="13cdc9d9-ddb5-4fa4-a97d-d965ccfc6d4b" outcome="Passed" testListId="8c84fa94-04c1-424b-9868-57a2d4851a1d" relativeResultsDirectory="8688ea99-3e32-46c8-9ea4-a442b984d104" />
    <UnitTestResult executionId="5f4a85df-c504-4a45-86e2-8b92c53aac7a" testId="4f9add7d-32a9-d042-9c32-793f788f3cd4" testName="OpenBullet.Core.Tests.Step10_ValidationTests.ProxyJobConfiguration_Should_Initialize_With_Defaults" computerName="DESKTOP-FL6NJPC" duration="00:00:00.0120619" startTime="2025-08-17T15:55:51.9832464+02:00" endTime="2025-08-17T15:55:51.9832468+02:00" testType="13cdc9d9-ddb5-4fa4-a97d-d965ccfc6d4b" outcome="Passed" testListId="8c84fa94-04c1-424b-9868-57a2d4851a1d" relativeResultsDirectory="5f4a85df-c504-4a45-86e2-8b92c53aac7a" />
    <UnitTestResult executionId="ae1cafb2-0b04-469e-a11e-f861a874201b" testId="06ce39cc-ded1-5d01-5cd3-13c77270f64c" testName="OpenBullet.Core.Tests.Step5_VariableManagerTests.VariableChanged_Event_Should_Be_Fired" computerName="DESKTOP-FL6NJPC" duration="00:00:00.0032409" startTime="2025-08-17T15:55:51.8570548+02:00" endTime="2025-08-17T15:55:51.8570549+02:00" testType="13cdc9d9-ddb5-4fa4-a97d-d965ccfc6d4b" outcome="Passed" testListId="8c84fa94-04c1-424b-9868-57a2d4851a1d" relativeResultsDirectory="ae1cafb2-0b04-469e-a11e-f861a874201b" />
    <UnitTestResult executionId="a6997f77-6289-4e3d-a1a6-d909a62064bd" testId="4fb2afba-2ad0-1985-467e-e523cd70c442" testName="OpenBullet.Core.Tests.Step13_ConfigurationEditorTests.AutoCompletion_Should_Be_Fast" computerName="DESKTOP-FL6NJPC" duration="00:00:00.0009591" startTime="2025-08-17T15:55:51.4501353+02:00" endTime="2025-08-17T15:55:51.4501359+02:00" testType="13cdc9d9-ddb5-4fa4-a97d-d965ccfc6d4b" outcome="Failed" testListId="8c84fa94-04c1-424b-9868-57a2d4851a1d" relativeResultsDirectory="a6997f77-6289-4e3d-a1a6-d909a62064bd">
      <Output>
        <ErrorInfo>
          <Message>System.NotImplementedException : To be implemented in Step 13</Message>
          <StackTrace>   at OpenBullet.Core.Tests.AutoCompletionProvider.GetCompletions(CompletionContext context) in C:\Users\futiliter\Downloads\Telegram Desktop\Openbullet 1.4.4 Anomaly Modded Version\OpenBulletRecreation\OpenBullet.Core.Tests\Step13_ConfigurationEditorTests.cs:line 492&#xD;
   at OpenBullet.Core.Tests.Step13_ConfigurationEditorTests.AutoCompletion_Should_Be_Fast() in C:\Users\futiliter\Downloads\Telegram Desktop\Openbullet 1.4.4 Anomaly Modded Version\OpenBulletRecreation\OpenBullet.Core.Tests\Step13_ConfigurationEditorTests.cs:line 306&#xD;
   at System.RuntimeMethodHandle.InvokeMethod(Object target, Void** arguments, Signature sig, Boolean isConstructor)&#xD;
   at System.Reflection.MethodBaseInvoker.InvokeWithNoArgs(Object obj, BindingFlags invokeAttr)</StackTrace>
        </ErrorInfo>
      </Output>
    </UnitTestResult>
    <UnitTestResult executionId="382406b1-2dec-47fe-9908-6754e678e85d" testId="57427bf3-c720-111a-0b89-68433dcab6fe" testName="OpenBullet.Core.Tests.Step10_ProxyJobManagerTests.ForceProxyRotationAsync_With_Invalid_Job_Should_Return_False" computerName="DESKTOP-FL6NJPC" duration="00:00:00.0068034" startTime="2025-08-17T15:55:52.5342507+02:00" endTime="2025-08-17T15:55:52.5342511+02:00" testType="13cdc9d9-ddb5-4fa4-a97d-d965ccfc6d4b" outcome="Passed" testListId="8c84fa94-04c1-424b-9868-57a2d4851a1d" relativeResultsDirectory="382406b1-2dec-47fe-9908-6754e678e85d" />
    <UnitTestResult executionId="fba6d834-6e9b-4355-8f71-04e6819b6b7b" testId="fcc970f2-ee68-5d9d-a574-431b6a6a1fc8" testName="OpenBullet.Core.Tests.Step8_KeyCheckerTests.EvaluateKeyChains_Should_Include_Evaluations" computerName="DESKTOP-FL6NJPC" duration="00:00:00.2638488" startTime="2025-08-17T15:55:51.5083572+02:00" endTime="2025-08-17T15:55:51.5083574+02:00" testType="13cdc9d9-ddb5-4fa4-a97d-d965ccfc6d4b" outcome="Passed" testListId="8c84fa94-04c1-424b-9868-57a2d4851a1d" relativeResultsDirectory="fba6d834-6e9b-4355-8f71-04e6819b6b7b" />
    <UnitTestResult executionId="c2b30675-eec1-40b9-8ce0-06fc5a3f36ca" testId="43234470-efd0-99c6-786a-074ef36f8d09" testName="OpenBullet.Core.Tests.Step2_HttpClientServiceTests.HttpClientService_Should_Initialize_With_Default_Configuration" computerName="DESKTOP-FL6NJPC" duration="00:00:00.0035461" startTime="2025-08-17T15:55:52.8864855+02:00" endTime="2025-08-17T15:55:52.8864859+02:00" testType="13cdc9d9-ddb5-4fa4-a97d-d965ccfc6d4b" outcome="Passed" testListId="8c84fa94-04c1-424b-9868-57a2d4851a1d" relativeResultsDirectory="c2b30675-eec1-40b9-8ce0-06fc5a3f36ca" />
    <UnitTestResult executionId="40c14617-ed45-4dbe-843c-00d32e12a8e7" testId="da43875f-2b50-cdf6-2f8d-cb45a0485aeb" testName="OpenBullet.Core.Tests.Step11_DatabaseManagerTests.Multiple_Database_Contexts_Should_Work_Independently" computerName="DESKTOP-FL6NJPC" duration="00:00:02.3212938" startTime="2025-08-17T15:55:53.7759758+02:00" endTime="2025-08-17T15:55:53.7759762+02:00" testType="13cdc9d9-ddb5-4fa4-a97d-d965ccfc6d4b" outcome="Passed" testListId="8c84fa94-04c1-424b-9868-57a2d4851a1d" relativeResultsDirectory="40c14617-ed45-4dbe-843c-00d32e12a8e7" />
    <UnitTestResult executionId="5642193a-ba2e-4b3b-a3e2-ca86a84b5814" testId="47bb8602-56e5-fb52-a97a-d38ed885d159" testName="OpenBullet.Core.Tests.Step8_ValidationTests.KeyCheckCommand_Should_Throw_With_Invalid_ServiceProvider" computerName="DESKTOP-FL6NJPC" duration="00:00:00.0101960" startTime="2025-08-17T15:55:51.6287115+02:00" endTime="2025-08-17T15:55:51.6287118+02:00" testType="13cdc9d9-ddb5-4fa4-a97d-d965ccfc6d4b" outcome="Passed" testListId="8c84fa94-04c1-424b-9868-57a2d4851a1d" relativeResultsDirectory="5642193a-ba2e-4b3b-a3e2-ca86a84b5814" />
    <UnitTestResult executionId="af0e505e-6ead-47be-813e-ec656ad664fe" testId="657a307f-dfaa-5548-55eb-97ad5976b156" testName="OpenBullet.Core.Tests.Step11_StorageServicesTests.Performance_Test_Large_Dataset" computerName="DESKTOP-FL6NJPC" duration="00:00:00.6729809" startTime="2025-08-17T15:55:55.9996454+02:00" endTime="2025-08-17T15:55:55.9996463+02:00" testType="13cdc9d9-ddb5-4fa4-a97d-d965ccfc6d4b" outcome="Passed" testListId="8c84fa94-04c1-424b-9868-57a2d4851a1d" relativeResultsDirectory="af0e505e-6ead-47be-813e-ec656ad664fe" />
    <UnitTestResult executionId="ef62c3dd-3147-4804-94e4-fa3b52c9b166" testId="935f6edc-bcb3-d728-7362-da63a0fe9388" testName="OpenBullet.Core.Tests.Step10_ProxyExtensionsTests.ValidateProxy_Should_Validate_Proxy_Strings(proxyString: &quot;proxy.com:abc&quot;, expectedValid: False, expectedError: &quot;Invalid port number: abc&quot;)" computerName="DESKTOP-FL6NJPC" duration="00:00:00.0018616" startTime="2025-08-17T15:55:52.1593163+02:00" endTime="2025-08-17T15:55:52.1593166+02:00" testType="13cdc9d9-ddb5-4fa4-a97d-d965ccfc6d4b" outcome="Failed" testListId="8c84fa94-04c1-424b-9868-57a2d4851a1d" relativeResultsDirectory="ef62c3dd-3147-4804-94e4-fa3b52c9b166">
      <Output>
        <ErrorInfo>
          <Message>Expected result.ErrorMessage "Invalid proxy format. Expected: [type://][username:password@]host:port" to contain "Invalid port number: abc".</Message>
          <StackTrace>   at FluentAssertions.Execution.XUnit2TestFramework.Throw(String message)&#xD;
   at FluentAssertions.Execution.TestFrameworkProvider.Throw(String message)&#xD;
   at FluentAssertions.Execution.DefaultAssertionStrategy.HandleFailure(String message)&#xD;
   at FluentAssertions.Execution.AssertionScope.FailWith(Func`1 failReasonFunc)&#xD;
   at FluentAssertions.Execution.AssertionScope.FailWith(Func`1 failReasonFunc)&#xD;
   at FluentAssertions.Execution.AssertionScope.FailWith(String message, Object[] args)&#xD;
   at FluentAssertions.Primitives.StringAssertions`1.Contain(String expected, String because, Object[] becauseArgs)&#xD;
   at OpenBullet.Core.Tests.Step10_ProxyExtensionsTests.ValidateProxy_Should_Validate_Proxy_Strings(String proxyString, Boolean expectedValid, String expectedError) in C:\Users\futiliter\Downloads\Telegram Desktop\Openbullet 1.4.4 Anomaly Modded Version\OpenBulletRecreation\OpenBullet.Core.Tests\Step10_ProxyExtensionsTests.cs:line 322&#xD;
   at InvokeStub_Step10_ProxyExtensionsTests.ValidateProxy_Should_Validate_Proxy_Strings(Object, Span`1)&#xD;
   at System.Reflection.MethodBaseInvoker.InvokeWithFewArgs(Object obj, BindingFlags invokeAttr, Binder binder, Object[] parameters, CultureInfo culture)</StackTrace>
        </ErrorInfo>
      </Output>
    </UnitTestResult>
    <UnitTestResult executionId="8c3326c9-b2a3-47d7-98bd-a5613e2d3261" testId="8f80afa6-e6b1-deb1-4de8-14ad4f901804" testName="OpenBullet.Core.Tests.Step10_ProxyExtensionsTests.ProxyTestResult_DetermineHealth_Should_Set_Health_Correctly(initialHealth: Unknown, successRate: 85, responseTimeMs: 3000, expectedHealth: Unreliable)" computerName="DESKTOP-FL6NJPC" duration="00:00:00.0052636" startTime="2025-08-17T15:55:52.2028824+02:00" endTime="2025-08-17T15:55:52.2028827+02:00" testType="13cdc9d9-ddb5-4fa4-a97d-d965ccfc6d4b" outcome="Failed" testListId="8c84fa94-04c1-424b-9868-57a2d4851a1d" relativeResultsDirectory="8c3326c9-b2a3-47d7-98bd-a5613e2d3261">
      <Output>
        <ErrorInfo>
          <Message>Expected determinedHealth to be ProxyHealth.Unreliable {value: 3}, but found ProxyHealth.Healthy {value: 1}.</Message>
          <StackTrace>   at FluentAssertions.Execution.XUnit2TestFramework.Throw(String message)&#xD;
   at FluentAssertions.Execution.TestFrameworkProvider.Throw(String message)&#xD;
   at FluentAssertions.Execution.DefaultAssertionStrategy.HandleFailure(String message)&#xD;
   at FluentAssertions.Execution.AssertionScope.FailWith(Func`1 failReasonFunc)&#xD;
   at FluentAssertions.Execution.AssertionScope.FailWith(Func`1 failReasonFunc)&#xD;
   at FluentAssertions.Execution.AssertionScope.FailWith(String message, Object[] args)&#xD;
   at FluentAssertions.Primitives.EnumAssertions`2.Be(TEnum expected, String because, Object[] becauseArgs)&#xD;
   at OpenBullet.Core.Tests.Step10_ProxyExtensionsTests.ProxyTestResult_DetermineHealth_Should_Set_Health_Correctly(ProxyHealth initialHealth, Double successRate, Int32 responseTimeMs, ProxyHealth expectedHealth) in C:\Users\futiliter\Downloads\Telegram Desktop\Openbullet 1.4.4 Anomaly Modded Version\OpenBulletRecreation\OpenBullet.Core.Tests\Step10_ProxyExtensionsTests.cs:line 473&#xD;
   at InvokeStub_Step10_ProxyExtensionsTests.ProxyTestResult_DetermineHealth_Should_Set_Health_Correctly(Object, Span`1)&#xD;
   at System.Reflection.MethodBaseInvoker.InvokeWithFewArgs(Object obj, BindingFlags invokeAttr, Binder binder, Object[] parameters, CultureInfo culture)</StackTrace>
        </ErrorInfo>
      </Output>
    </UnitTestResult>
    <UnitTestResult executionId="bc719425-4b0e-4209-b2b6-d0d74b9f398a" testId="dfe93350-c7d4-cbe2-be19-2588907bbbfd" testName="OpenBullet.Core.Tests.Step5_ExecutionContextTests.GetCapture_Should_Return_Default_For_Missing_Data" computerName="DESKTOP-FL6NJPC" duration="00:00:00.0010825" startTime="2025-08-17T15:55:52.7289108+02:00" endTime="2025-08-17T15:55:52.7289110+02:00" testType="13cdc9d9-ddb5-4fa4-a97d-d965ccfc6d4b" outcome="Passed" testListId="8c84fa94-04c1-424b-9868-57a2d4851a1d" relativeResultsDirectory="bc719425-4b0e-4209-b2b6-d0d74b9f398a" />
    <UnitTestResult executionId="1b9f8cac-566b-4dc6-88bc-a5e2dfc12a23" testId="c3d46a4a-1270-0345-653a-65176cc47090" testName="OpenBullet.Core.Tests.Step7_ParsersTests.LeftRightParser_Should_Handle_Multiple_Matches" computerName="DESKTOP-FL6NJPC" duration="00:00:00.0007362" startTime="2025-08-17T15:55:51.9142929+02:00" endTime="2025-08-17T15:55:51.9142932+02:00" testType="13cdc9d9-ddb5-4fa4-a97d-d965ccfc6d4b" outcome="Passed" testListId="8c84fa94-04c1-424b-9868-57a2d4851a1d" relativeResultsDirectory="1b9f8cac-566b-4dc6-88bc-a5e2dfc12a23" />
    <UnitTestResult executionId="a35c779f-982a-4b80-aead-1e5700c48ba4" testId="8e8ae8e7-4a46-9b5c-d9ae-1f600f739547" testName="OpenBullet.Core.Tests.Step8_KeyCheckCommandTests.ValidateInstruction_With_Insufficient_Key_Arguments_Should_Fail" computerName="DESKTOP-FL6NJPC" duration="00:00:00.0015445" startTime="2025-08-17T15:55:52.2248362+02:00" endTime="2025-08-17T15:55:52.2248363+02:00" testType="13cdc9d9-ddb5-4fa4-a97d-d965ccfc6d4b" outcome="Passed" testListId="8c84fa94-04c1-424b-9868-57a2d4851a1d" relativeResultsDirectory="a35c779f-982a-4b80-aead-1e5700c48ba4" />
    <UnitTestResult executionId="3f98bf4e-05c3-4c12-9883-e4e5014d47fe" testId="5fdccb70-bf72-4654-2735-b1455c20885f" testName="OpenBullet.Core.Tests.Step8_KeyCheckerTests.EvaluateKeyChains_With_Custom_Status_Should_Set_Custom_Status" computerName="DESKTOP-FL6NJPC" duration="00:00:00.0043585" startTime="2025-08-17T15:55:51.5978742+02:00" endTime="2025-08-17T15:55:51.5978745+02:00" testType="13cdc9d9-ddb5-4fa4-a97d-d965ccfc6d4b" outcome="Passed" testListId="8c84fa94-04c1-424b-9868-57a2d4851a1d" relativeResultsDirectory="3f98bf4e-05c3-4c12-9883-e4e5014d47fe" />
    <UnitTestResult executionId="045b2e55-0f7e-4ed1-9b59-450b335880c9" testId="86ba4a50-66c2-e773-9473-176e52c9ca01" testName="OpenBullet.Core.Tests.Step2_ValidationTests.ProxyInfo_Different_Configurations_Work(host: &quot;socks.example.com&quot;, port: 1080, type: Socks5)" computerName="DESKTOP-FL6NJPC" duration="00:00:00.0006158" startTime="2025-08-17T15:55:51.9866717+02:00" endTime="2025-08-17T15:55:51.9866719+02:00" testType="13cdc9d9-ddb5-4fa4-a97d-d965ccfc6d4b" outcome="Passed" testListId="8c84fa94-04c1-424b-9868-57a2d4851a1d" relativeResultsDirectory="045b2e55-0f7e-4ed1-9b59-450b335880c9" />
    <UnitTestResult executionId="4ec80e83-7032-4a6c-8fb4-5cf9d5507425" testId="53ae6dcc-e054-e130-d831-7ebae00cbe7d" testName="OpenBullet.Core.Tests.Step3_ValidationTests.ConfigInfo_Should_Initialize_Correctly" computerName="DESKTOP-FL6NJPC" duration="00:00:00.0019649" startTime="2025-08-17T15:55:52.1875623+02:00" endTime="2025-08-17T15:55:52.1875624+02:00" testType="13cdc9d9-ddb5-4fa4-a97d-d965ccfc6d4b" outcome="Passed" testListId="8c84fa94-04c1-424b-9868-57a2d4851a1d" relativeResultsDirectory="4ec80e83-7032-4a6c-8fb4-5cf9d5507425" />
    <UnitTestResult executionId="01d065ae-73d3-4864-b604-e8ffcfdc5942" testId="18401180-fee1-8e5c-84b6-01a6bb5f19a2" testName="OpenBullet.Core.Tests.Step9_ScriptEngineTests.ExecuteInstructionAsync_Should_Execute_Single_Instruction" computerName="DESKTOP-FL6NJPC" duration="00:00:00.0051624" startTime="2025-08-17T15:55:51.8137198+02:00" endTime="2025-08-17T15:55:51.8137205+02:00" testType="13cdc9d9-ddb5-4fa4-a97d-d965ccfc6d4b" outcome="Passed" testListId="8c84fa94-04c1-424b-9868-57a2d4851a1d" relativeResultsDirectory="01d065ae-73d3-4864-b604-e8ffcfdc5942" />
    <UnitTestResult executionId="4f8dd64b-df98-4d62-b5a8-b72c876ce38d" testId="3a656a4a-a0e1-f388-7337-055944412a5a" testName="OpenBullet.Core.Tests.Step2_ValidationTests.HttpClientService_CreateClient_With_Proxy_Does_Not_Throw" computerName="DESKTOP-FL6NJPC" duration="00:00:00.0023326" startTime="2025-08-17T15:55:52.8724657+02:00" endTime="2025-08-17T15:55:52.8724660+02:00" testType="13cdc9d9-ddb5-4fa4-a97d-d965ccfc6d4b" outcome="Passed" testListId="8c84fa94-04c1-424b-9868-57a2d4851a1d" relativeResultsDirectory="4f8dd64b-df98-4d62-b5a8-b72c876ce38d" />
    <UnitTestResult executionId="4bac64b4-7dbc-406b-a3cd-5ce6d7f510ba" testId="4f836eef-e78a-84cb-6bcc-2b2e9ce95ffe" testName="OpenBullet.Core.Tests.Step10_ProxyManagerTests.GetNextProxyAsync_Should_Work_With_All_Rotation_Strategies(strategy: HealthBased)" computerName="DESKTOP-FL6NJPC" duration="00:00:00.0022195" startTime="2025-08-17T15:55:51.4693633+02:00" endTime="2025-08-17T15:55:51.4693634+02:00" testType="13cdc9d9-ddb5-4fa4-a97d-d965ccfc6d4b" outcome="Passed" testListId="8c84fa94-04c1-424b-9868-57a2d4851a1d" relativeResultsDirectory="4bac64b4-7dbc-406b-a3cd-5ce6d7f510ba" />
    <UnitTestResult executionId="02ad4ed5-f438-426a-82f9-c9cb084bb671" testId="f08fe84d-35b8-14f0-efac-d7320a606aea" testName="OpenBullet.Core.Tests.Step10_ProxyManagerTests.LoadProxiesFromListAsync_With_Valid_Proxies_Should_Load_Successfully" computerName="DESKTOP-FL6NJPC" duration="00:00:00.0165970" startTime="2025-08-17T15:55:51.6993290+02:00" endTime="2025-08-17T15:55:51.6993292+02:00" testType="13cdc9d9-ddb5-4fa4-a97d-d965ccfc6d4b" outcome="Passed" testListId="8c84fa94-04c1-424b-9868-57a2d4851a1d" relativeResultsDirectory="02ad4ed5-f438-426a-82f9-c9cb084bb671" />
    <UnitTestResult executionId="d4759ad4-8bc7-4a70-b578-1acb7f43c3e5" testId="4b769a2f-909d-8c49-c1d0-dbcc83ae0ec2" testName="OpenBullet.Core.Tests.Step8_KeyCheckCommandTests.ValidateInstruction_With_Valid_Statuses_Should_Pass(status: &quot;Ban&quot;)" computerName="DESKTOP-FL6NJPC" duration="00:00:00.0020390" startTime="2025-08-17T15:55:52.1221161+02:00" endTime="2025-08-17T15:55:52.1221162+02:00" testType="13cdc9d9-ddb5-4fa4-a97d-d965ccfc6d4b" outcome="Passed" testListId="8c84fa94-04c1-424b-9868-57a2d4851a1d" relativeResultsDirectory="d4759ad4-8bc7-4a70-b578-1acb7f43c3e5" />
    <UnitTestResult executionId="0b4efbbe-007b-47e3-8140-92333be93afd" testId="2dd346a9-cba9-b957-d234-1bed473906a2" testName="OpenBullet.Core.Tests.Step5_VariableManagerTests.CreateSnapshot_And_RestoreSnapshot_Should_Work" computerName="DESKTOP-FL6NJPC" duration="00:00:00.0058500" startTime="2025-08-17T15:55:51.8923344+02:00" endTime="2025-08-17T15:55:51.8923346+02:00" testType="13cdc9d9-ddb5-4fa4-a97d-d965ccfc6d4b" outcome="Passed" testListId="8c84fa94-04c1-424b-9868-57a2d4851a1d" relativeResultsDirectory="0b4efbbe-007b-47e3-8140-92333be93afd" />
    <UnitTestResult executionId="dc118ff7-b852-49b0-8ed3-444c5a797803" testId="837762a6-c1b4-71cf-531c-1700b6f677a2" testName="OpenBullet.Core.Tests.Step11_ValidationTests.All_Entity_Classes_Should_Be_Properly_Defined" computerName="DESKTOP-FL6NJPC" duration="00:00:00.0427700" startTime="2025-08-17T15:55:52.0526118+02:00" endTime="2025-08-17T15:55:52.0526122+02:00" testType="13cdc9d9-ddb5-4fa4-a97d-d965ccfc6d4b" outcome="Passed" testListId="8c84fa94-04c1-424b-9868-57a2d4851a1d" relativeResultsDirectory="dc118ff7-b852-49b0-8ed3-444c5a797803" />
    <UnitTestResult executionId="2b458b70-7459-427a-921f-63bb94948882" testId="29cd6cd4-f7e8-b2c1-f5a2-e68260e2ee67" testName="OpenBullet.Core.Tests.Step4_PerformanceTests.ParseScript_With_Large_Script_Should_Be_Fast" computerName="DESKTOP-FL6NJPC" duration="00:00:00.1177319" startTime="2025-08-17T15:55:52.7731890+02:00" endTime="2025-08-17T15:55:52.7731894+02:00" testType="13cdc9d9-ddb5-4fa4-a97d-d965ccfc6d4b" outcome="Passed" testListId="8c84fa94-04c1-424b-9868-57a2d4851a1d" relativeResultsDirectory="2b458b70-7459-427a-921f-63bb94948882" />
    <UnitTestResult executionId="f6d4908c-35ed-4618-be2e-9f9b66b291c4" testId="a91b7ced-4a33-2b8e-a6a8-89d95a0f4581" testName="OpenBullet.Core.Tests.Step8_KeyCheckerTests.EvaluateKeyChains_With_Success_Chain_Should_Return_Success" computerName="DESKTOP-FL6NJPC" duration="00:00:00.0082903" startTime="2025-08-17T15:55:51.6064281+02:00" endTime="2025-08-17T15:55:51.6064283+02:00" testType="13cdc9d9-ddb5-4fa4-a97d-d965ccfc6d4b" outcome="Passed" testListId="8c84fa94-04c1-424b-9868-57a2d4851a1d" relativeResultsDirectory="f6d4908c-35ed-4618-be2e-9f9b66b291c4" />
    <UnitTestResult executionId="10bb5637-b78f-4c20-a95e-407136e952ea" testId="8de2efe1-8b69-e012-2fd3-f76e4f9277f4" testName="OpenBullet.Core.Tests.Step9_JobManagerTests.StopJobAsync_With_Invalid_JobId_Should_Return_False" computerName="DESKTOP-FL6NJPC" duration="00:00:00.0011236" startTime="2025-08-17T15:55:53.6379406+02:00" endTime="2025-08-17T15:55:53.6379408+02:00" testType="13cdc9d9-ddb5-4fa4-a97d-d965ccfc6d4b" outcome="Passed" testListId="8c84fa94-04c1-424b-9868-57a2d4851a1d" relativeResultsDirectory="10bb5637-b78f-4c20-a95e-407136e952ea" />
    <UnitTestResult executionId="7b3a1184-f534-4de7-ae74-4cb455e48e79" testId="db2014df-22d8-907b-24fd-ebddc081e878" testName="OpenBullet.Core.Tests.Step11_DatabaseManagerTests.DatabaseManager_Optimize_Should_Work" computerName="DESKTOP-FL6NJPC" duration="00:00:00.0252894" startTime="2025-08-17T15:55:54.4807313+02:00" endTime="2025-08-17T15:55:54.4807316+02:00" testType="13cdc9d9-ddb5-4fa4-a97d-d965ccfc6d4b" outcome="Passed" testListId="8c84fa94-04c1-424b-9868-57a2d4851a1d" relativeResultsDirectory="7b3a1184-f534-4de7-ae74-4cb455e48e79" />
    <UnitTestResult executionId="b215e633-f86f-4c88-bda9-89992812fe04" testId="280bc978-4cea-a415-8aa8-df89c3c8db84" testName="OpenBullet.Core.Tests.Step7_ParseCommandTests.ExecuteAsync_With_CSS_Parser_Should_Extract_Data" computerName="DESKTOP-FL6NJPC" duration="00:00:00.0041976" startTime="2025-08-17T15:55:51.7782333+02:00" endTime="2025-08-17T15:55:51.7782334+02:00" testType="13cdc9d9-ddb5-4fa4-a97d-d965ccfc6d4b" outcome="Passed" testListId="8c84fa94-04c1-424b-9868-57a2d4851a1d" relativeResultsDirectory="b215e633-f86f-4c88-bda9-89992812fe04" />
    <UnitTestResult executionId="ea289688-f03f-4234-9ab4-4b062e318327" testId="4cefb632-34cb-9851-47a0-2c247f399f17" testName="OpenBullet.Core.Tests.Step4_ScriptParserTests.SubstituteVariables_With_List_Should_Handle_Index_Access" computerName="DESKTOP-FL6NJPC" duration="00:00:00.0241382" startTime="2025-08-17T15:55:52.7773167+02:00" endTime="2025-08-17T15:55:52.7773185+02:00" testType="13cdc9d9-ddb5-4fa4-a97d-d965ccfc6d4b" outcome="Passed" testListId="8c84fa94-04c1-424b-9868-57a2d4851a1d" relativeResultsDirectory="ea289688-f03f-4234-9ab4-4b062e318327" />
    <UnitTestResult executionId="47ac427e-2071-438b-9245-1ca22be788a9" testId="e6a0505f-4fbf-426f-89de-2106af50e6fb" testName="OpenBullet.Core.Tests.Step8_KeyCheckCommandTests.ExecuteAsync_With_Failure_KeyChain_Should_Set_Failure_Status" computerName="DESKTOP-FL6NJPC" duration="00:00:00.0055708" startTime="2025-08-17T15:55:52.2281605+02:00" endTime="2025-08-17T15:55:52.2281607+02:00" testType="13cdc9d9-ddb5-4fa4-a97d-d965ccfc6d4b" outcome="Passed" testListId="8c84fa94-04c1-424b-9868-57a2d4851a1d" relativeResultsDirectory="47ac427e-2071-438b-9245-1ca22be788a9" />
    <UnitTestResult executionId="54f47549-a567-4b71-b2b1-4d7a73eb2e80" testId="6d4c8ceb-d6e7-8bcc-ff05-e656dad1c056" testName="OpenBullet.Core.Tests.Step5_ExecutionContextTests.Cookies_Should_Be_Accessible" computerName="DESKTOP-FL6NJPC" duration="00:00:00.0048266" startTime="2025-08-17T15:55:52.7336920+02:00" endTime="2025-08-17T15:55:52.7336924+02:00" testType="13cdc9d9-ddb5-4fa4-a97d-d965ccfc6d4b" outcome="Passed" testListId="8c84fa94-04c1-424b-9868-57a2d4851a1d" relativeResultsDirectory="54f47549-a567-4b71-b2b1-4d7a73eb2e80" />
    <UnitTestResult executionId="bef0f63c-307c-444b-bf26-7658c9ad30de" testId="1607748e-f93b-6407-b197-4af20117fbeb" testName="OpenBullet.Core.Tests.Step9_BotRunnerTests.RunAsync_With_Successful_Script_Should_Return_Success_Result" computerName="DESKTOP-FL6NJPC" duration="00:00:00.0063479" startTime="2025-08-17T15:55:51.5293951+02:00" endTime="2025-08-17T15:55:51.5293955+02:00" testType="13cdc9d9-ddb5-4fa4-a97d-d965ccfc6d4b" outcome="Passed" testListId="8c84fa94-04c1-424b-9868-57a2d4851a1d" relativeResultsDirectory="bef0f63c-307c-444b-bf26-7658c9ad30de" />
    <UnitTestResult executionId="d386d808-83ce-4e13-add9-ce9f829853e1" testId="8feb31a0-884a-c1d5-2ed1-040f43acd874" testName="OpenBullet.Core.Tests.Step8_ValidationTests.KeyCondition_String_Conversion_Should_Work(stringValue: &quot;MatchesRegex&quot;, expectedCondition: MatchesRegex)" computerName="DESKTOP-FL6NJPC" duration="00:00:00.0000140" startTime="2025-08-17T15:55:51.3508087+02:00" endTime="2025-08-17T15:55:51.3508088+02:00" testType="13cdc9d9-ddb5-4fa4-a97d-d965ccfc6d4b" outcome="Passed" testListId="8c84fa94-04c1-424b-9868-57a2d4851a1d" relativeResultsDirectory="d386d808-83ce-4e13-add9-ce9f829853e1" />
    <UnitTestResult executionId="55adbfcb-f8cf-4fb2-be65-87713baa58e5" testId="f3a3952b-b656-2f21-21fc-98ac2bf82ebc" testName="OpenBullet.Core.Tests.Step10_ProxyJobManagerTests.GetStatistics_Should_Include_Proxy_Metrics" computerName="DESKTOP-FL6NJPC" duration="00:00:00.0603431" startTime="2025-08-17T15:55:53.0537495+02:00" endTime="2025-08-17T15:55:53.0537499+02:00" testType="13cdc9d9-ddb5-4fa4-a97d-d965ccfc6d4b" outcome="Passed" testListId="8c84fa94-04c1-424b-9868-57a2d4851a1d" relativeResultsDirectory="55adbfcb-f8cf-4fb2-be65-87713baa58e5" />
    <UnitTestResult executionId="bf646bb2-557a-44f7-b8d6-827b7020442d" testId="599eae20-2ece-1559-a972-b221f89fb5aa" testName="OpenBullet.Core.Tests.Step11_StorageServicesTests.ResultStorage_CapturedData_Operations_Should_Work" computerName="DESKTOP-FL6NJPC" duration="00:00:00.0454795" startTime="2025-08-17T15:55:54.4593305+02:00" endTime="2025-08-17T15:55:54.4593308+02:00" testType="13cdc9d9-ddb5-4fa4-a97d-d965ccfc6d4b" outcome="Passed" testListId="8c84fa94-04c1-424b-9868-57a2d4851a1d" relativeResultsDirectory="bf646bb2-557a-44f7-b8d6-827b7020442d" />
    <UnitTestResult executionId="25db0118-c335-4772-b03f-2bb7583f1d2a" testId="4064cbf5-2b6b-a24f-63a1-f2e162325cea" testName="OpenBullet.Core.Tests.Step3_PerformanceTests.ParseConfigContent_Should_Be_Fast" computerName="DESKTOP-FL6NJPC" duration="00:00:00.1162903" startTime="2025-08-17T15:55:52.4539550+02:00" endTime="2025-08-17T15:55:52.4539552+02:00" testType="13cdc9d9-ddb5-4fa4-a97d-d965ccfc6d4b" outcome="Passed" testListId="8c84fa94-04c1-424b-9868-57a2d4851a1d" relativeResultsDirectory="25db0118-c335-4772-b03f-2bb7583f1d2a" />
    <UnitTestResult executionId="1827ca98-06a4-4f0a-a35a-8ea841039d73" testId="dce4cce8-b2ec-c9b5-64a7-100b0488624a" testName="OpenBullet.Core.Tests.Step7_ParseCommandTests.ValidateInstruction_With_Missing_Arguments_Should_Fail" computerName="DESKTOP-FL6NJPC" duration="00:00:00.2375440" startTime="2025-08-17T15:55:51.4837564+02:00" endTime="2025-08-17T15:55:51.4837569+02:00" testType="13cdc9d9-ddb5-4fa4-a97d-d965ccfc6d4b" outcome="Passed" testListId="8c84fa94-04c1-424b-9868-57a2d4851a1d" relativeResultsDirectory="1827ca98-06a4-4f0a-a35a-8ea841039d73" />
    <UnitTestResult executionId="6153510d-1d25-492f-8b86-b64588c68b46" testId="a2e46c68-e04f-d11c-cd4d-ab706cafcd89" testName="OpenBullet.Core.Tests.Step7_ParsersTests.CssParser_Should_Handle_Complex_Selectors" computerName="DESKTOP-FL6NJPC" duration="00:00:00.0850975" startTime="2025-08-17T15:55:52.0699202+02:00" endTime="2025-08-17T15:55:52.0699206+02:00" testType="13cdc9d9-ddb5-4fa4-a97d-d965ccfc6d4b" outcome="Passed" testListId="8c84fa94-04c1-424b-9868-57a2d4851a1d" relativeResultsDirectory="6153510d-1d25-492f-8b86-b64588c68b46" />
    <UnitTestResult executionId="b495e6f1-4e71-4160-9adc-5b4dbd78ad9b" testId="75c23dcd-5d6f-d3d2-f00c-617749bc2090" testName="OpenBullet.Core.Tests.Step5_ValidationTests.VariableManager_Should_Track_Statistics" computerName="DESKTOP-FL6NJPC" duration="00:00:00.0039344" startTime="2025-08-17T15:55:51.8872157+02:00" endTime="2025-08-17T15:55:51.8872160+02:00" testType="13cdc9d9-ddb5-4fa4-a97d-d965ccfc6d4b" outcome="Failed" testListId="8c84fa94-04c1-424b-9868-57a2d4851a1d" relativeResultsDirectory="b495e6f1-4e71-4160-9adc-5b4dbd78ad9b">
      <Output>
        <ErrorInfo>
          <Message>Expected stats.GlobalVariableCount to be 1, but found 4.</Message>
          <StackTrace>   at FluentAssertions.Execution.XUnit2TestFramework.Throw(String message)&#xD;
   at FluentAssertions.Execution.TestFrameworkProvider.Throw(String message)&#xD;
   at FluentAssertions.Execution.DefaultAssertionStrategy.HandleFailure(String message)&#xD;
   at FluentAssertions.Execution.AssertionScope.FailWith(Func`1 failReasonFunc)&#xD;
   at FluentAssertions.Execution.AssertionScope.FailWith(Func`1 failReasonFunc)&#xD;
   at FluentAssertions.Execution.AssertionScope.FailWith(String message, Object[] args)&#xD;
   at FluentAssertions.Numeric.NumericAssertions`2.Be(T expected, String because, Object[] becauseArgs)&#xD;
   at OpenBullet.Core.Tests.Step5_ValidationTests.VariableManager_Should_Track_Statistics() in C:\Users\futiliter\Downloads\Telegram Desktop\Openbullet 1.4.4 Anomaly Modded Version\OpenBulletRecreation\OpenBullet.Core.Tests\Step5_ValidationTests.cs:line 389&#xD;
   at System.RuntimeMethodHandle.InvokeMethod(Object target, Void** arguments, Signature sig, Boolean isConstructor)&#xD;
   at System.Reflection.MethodBaseInvoker.InvokeWithNoArgs(Object obj, BindingFlags invokeAttr)</StackTrace>
        </ErrorInfo>
      </Output>
    </UnitTestResult>
    <UnitTestResult executionId="e3d2cb95-de31-4a61-9963-fcdd98d7508f" testId="fa904025-dfe3-d3d5-8026-ba051bc31a17" testName="OpenBullet.Core.Tests.Step11_StorageServicesTests.ProxyStorage_Filtering_Should_Work" computerName="DESKTOP-FL6NJPC" duration="00:00:00.1796667" startTime="2025-08-17T15:55:55.1004068+02:00" endTime="2025-08-17T15:55:55.1004081+02:00" testType="13cdc9d9-ddb5-4fa4-a97d-d965ccfc6d4b" outcome="Passed" testListId="8c84fa94-04c1-424b-9868-57a2d4851a1d" relativeResultsDirectory="e3d2cb95-de31-4a61-9963-fcdd98d7508f" />
    <UnitTestResult executionId="53e68a93-cebc-4afe-87c4-cf8b2dc21423" testId="76fc591e-5a14-3db9-3cbe-4b458a910530" testName="OpenBullet.Core.Tests.Step5_ExecutionContextTests.SetVariable_Should_Call_VariableManager_And_Update_Statistics" computerName="DESKTOP-FL6NJPC" duration="00:00:00.0029766" startTime="2025-08-17T15:55:52.6384976+02:00" endTime="2025-08-17T15:55:52.6384979+02:00" testType="13cdc9d9-ddb5-4fa4-a97d-d965ccfc6d4b" outcome="Passed" testListId="8c84fa94-04c1-424b-9868-57a2d4851a1d" relativeResultsDirectory="53e68a93-cebc-4afe-87c4-cf8b2dc21423" />
    <UnitTestResult executionId="ff3f42d6-ce26-4304-90ca-14ff642585a7" testId="dc49688f-94d6-e673-aa4d-ab256222be17" testName="OpenBullet.Core.Tests.Step4_ScriptParserTests.ParseLine_With_Non_Command_Lines_Should_Return_Null(line: &quot;## This is a comment&quot;)" computerName="DESKTOP-FL6NJPC" duration="00:00:00.0060286" startTime="2025-08-17T15:55:52.7559649+02:00" endTime="2025-08-17T15:55:52.7559650+02:00" testType="13cdc9d9-ddb5-4fa4-a97d-d965ccfc6d4b" outcome="Passed" testListId="8c84fa94-04c1-424b-9868-57a2d4851a1d" relativeResultsDirectory="ff3f42d6-ce26-4304-90ca-14ff642585a7" />
    <UnitTestResult executionId="6ec185a1-5a1c-49b4-94c2-6c7638136f7a" testId="7a02f363-e482-dbf4-1850-b97dcd48c8cf" testName="OpenBullet.Core.Tests.Step8_ValidationTests.BotStatus_String_Conversion_Should_Work(stringValue: &quot;Custom&quot;, expectedStatus: Custom)" computerName="DESKTOP-FL6NJPC" duration="00:00:00.0033451" startTime="2025-08-17T15:55:51.4629180+02:00" endTime="2025-08-17T15:55:51.4629181+02:00" testType="13cdc9d9-ddb5-4fa4-a97d-d965ccfc6d4b" outcome="Passed" testListId="8c84fa94-04c1-424b-9868-57a2d4851a1d" relativeResultsDirectory="6ec185a1-5a1c-49b4-94c2-6c7638136f7a" />
    <UnitTestResult executionId="f480dccd-325b-4a4f-b153-3ccac644472b" testId="d6a63130-55e5-f42e-7e61-e25af34e07c6" testName="OpenBullet.Core.Tests.Step10_ProxyExtensionsTests.ToDisplayString_Enhanced_Should_Format_Correctly(host: &quot;proxy.com&quot;, port: 8080, type: Http, username: &quot;user&quot;, password: &quot;pass&quot;, includeCredentials: False, expected: &quot;http://proxy.com:8080&quot;)" computerName="DESKTOP-FL6NJPC" duration="00:00:00.0000370" startTime="2025-08-17T15:55:52.1546491+02:00" endTime="2025-08-17T15:55:52.1546492+02:00" testType="13cdc9d9-ddb5-4fa4-a97d-d965ccfc6d4b" outcome="Passed" testListId="8c84fa94-04c1-424b-9868-57a2d4851a1d" relativeResultsDirectory="f480dccd-325b-4a4f-b153-3ccac644472b" />
    <UnitTestResult executionId="51000590-5798-458a-af96-caac8c61c896" testId="4f45625f-14a2-4ecc-7a37-46886e2da571" testName="OpenBullet.Core.Tests.Step8_KeyCheckerTests.EvaluateKey_With_DoesNotContain_Condition_Should_Work" computerName="DESKTOP-FL6NJPC" duration="00:00:00.0021450" startTime="2025-08-17T15:55:51.6436442+02:00" endTime="2025-08-17T15:55:51.6436458+02:00" testType="13cdc9d9-ddb5-4fa4-a97d-d965ccfc6d4b" outcome="Passed" testListId="8c84fa94-04c1-424b-9868-57a2d4851a1d" relativeResultsDirectory="51000590-5798-458a-af96-caac8c61c896" />
    <UnitTestResult executionId="6441731d-1e2a-4078-a0b6-4b873b0e1edc" testId="72b4cadd-b0f3-4d68-f4c1-d4377e8e2b6b" testName="OpenBullet.Core.Tests.Step8_KeyCheckCommandTests.ValidateInstruction_With_Valid_Statuses_Should_Pass(status: &quot;Custom&quot;)" computerName="DESKTOP-FL6NJPC" duration="00:00:00.0138249" startTime="2025-08-17T15:55:52.1219258+02:00" endTime="2025-08-17T15:55:52.1219259+02:00" testType="13cdc9d9-ddb5-4fa4-a97d-d965ccfc6d4b" outcome="Passed" testListId="8c84fa94-04c1-424b-9868-57a2d4851a1d" relativeResultsDirectory="6441731d-1e2a-4078-a0b6-4b873b0e1edc" />
    <UnitTestResult executionId="763ddf96-cfd6-4903-9619-c28772e25a34" testId="1c61054b-c59e-796e-42fb-a64202407d6a" testName="OpenBullet.Core.Tests.Step7_ParseCommandTests.ValidateInstruction_With_Valid_Parse_Types_Should_Pass(parseType: &quot;JSON&quot;)" computerName="DESKTOP-FL6NJPC" duration="00:00:00.0044551" startTime="2025-08-17T15:55:51.7564314+02:00" endTime="2025-08-17T15:55:51.7564315+02:00" testType="13cdc9d9-ddb5-4fa4-a97d-d965ccfc6d4b" outcome="Passed" testListId="8c84fa94-04c1-424b-9868-57a2d4851a1d" relativeResultsDirectory="763ddf96-cfd6-4903-9619-c28772e25a34" />
    <UnitTestResult executionId="15b6a39f-29e4-4d85-a5c1-4f7df8b484b5" testId="f179df7c-bae7-1aaa-b4b4-14f4d3305ab7" testName="OpenBullet.Core.Tests.Step5_ValidationTests.VariableManager_Should_Handle_Lists" computerName="DESKTOP-FL6NJPC" duration="00:00:00.0008964" startTime="2025-08-17T15:55:51.8895630+02:00" endTime="2025-08-17T15:55:51.8895631+02:00" testType="13cdc9d9-ddb5-4fa4-a97d-d965ccfc6d4b" outcome="Passed" testListId="8c84fa94-04c1-424b-9868-57a2d4851a1d" relativeResultsDirectory="15b6a39f-29e4-4d85-a5c1-4f7df8b484b5" />
    <UnitTestResult executionId="7069fcb8-9f8d-42fd-85e0-923d6754945a" testId="fc70e022-7c68-14ac-b1fe-14f52a69be30" testName="OpenBullet.Core.Tests.Step13_ConfigurationEditorTests.ValidateScript_Should_Detect_Logical_Warnings" computerName="DESKTOP-FL6NJPC" duration="00:00:00.0009823" startTime="2025-08-17T15:55:51.4394123+02:00" endTime="2025-08-17T15:55:51.4394126+02:00" testType="13cdc9d9-ddb5-4fa4-a97d-d965ccfc6d4b" outcome="Failed" testListId="8c84fa94-04c1-424b-9868-57a2d4851a1d" relativeResultsDirectory="7069fcb8-9f8d-42fd-85e0-923d6754945a">
      <Output>
        <ErrorInfo>
          <Message>System.NotImplementedException : To be implemented in Step 13</Message>
          <StackTrace>   at OpenBullet.Core.Tests.LoliScriptValidator.ValidateScript(String script) in C:\Users\futiliter\Downloads\Telegram Desktop\Openbullet 1.4.4 Anomaly Modded Version\OpenBulletRecreation\OpenBullet.Core.Tests\Step13_ConfigurationEditorTests.cs:line 483&#xD;
   at OpenBullet.Core.Tests.Step13_ConfigurationEditorTests.ValidateScript_Should_Detect_Logical_Warnings() in C:\Users\futiliter\Downloads\Telegram Desktop\Openbullet 1.4.4 Anomaly Modded Version\OpenBulletRecreation\OpenBullet.Core.Tests\Step13_ConfigurationEditorTests.cs:line 156&#xD;
   at System.RuntimeMethodHandle.InvokeMethod(Object target, Void** arguments, Signature sig, Boolean isConstructor)&#xD;
   at System.Reflection.MethodBaseInvoker.InvokeWithNoArgs(Object obj, BindingFlags invokeAttr)</StackTrace>
        </ErrorInfo>
      </Output>
    </UnitTestResult>
    <UnitTestResult executionId="a9e5b99f-abe8-474e-85e8-9324905def61" testId="3aaee4e6-fc81-df91-ea3f-1781becf89ed" testName="OpenBullet.Core.Tests.Step9_JobManagerTests.StartJobAsync_With_Valid_Config_Should_Return_JobId" computerName="DESKTOP-FL6NJPC" duration="00:00:00.1200943" startTime="2025-08-17T15:55:54.0757607+02:00" endTime="2025-08-17T15:55:54.0757611+02:00" testType="13cdc9d9-ddb5-4fa4-a97d-d965ccfc6d4b" outcome="Failed" testListId="8c84fa94-04c1-424b-9868-57a2d4851a1d" relativeResultsDirectory="a9e5b99f-abe8-474e-85e8-9324905def61">
      <Output>
        <ErrorInfo>
          <Message>Expected status.JobId to be "7f6097bb-9a37-44d9-a69f-b13dfef30835", but "2aa5ac5d-2b99-4768-bf30-f9afeefe6112" differs near "2aa" (index 0).</Message>
          <StackTrace>   at FluentAssertions.Execution.XUnit2TestFramework.Throw(String message)&#xD;
   at FluentAssertions.Execution.TestFrameworkProvider.Throw(String message)&#xD;
   at FluentAssertions.Execution.DefaultAssertionStrategy.HandleFailure(String message)&#xD;
   at FluentAssertions.Execution.AssertionScope.FailWith(Func`1 failReasonFunc)&#xD;
   at FluentAssertions.Execution.AssertionScope.FailWith(Func`1 failReasonFunc)&#xD;
   at FluentAssertions.Execution.AssertionScope.FailWith(String message, Object[] args)&#xD;
   at FluentAssertions.Primitives.StringEqualityValidator.ValidateAgainstMismatch()&#xD;
   at FluentAssertions.Primitives.StringValidator.Validate()&#xD;
   at FluentAssertions.Primitives.StringAssertions`1.Be(String expected, String because, Object[] becauseArgs)&#xD;
   at OpenBullet.Core.Tests.Step9_JobManagerTests.StartJobAsync_With_Valid_Config_Should_Return_JobId() in C:\Users\futiliter\Downloads\Telegram Desktop\Openbullet 1.4.4 Anomaly Modded Version\OpenBulletRecreation\OpenBullet.Core.Tests\Step9_JobManagerTests.cs:line 75&#xD;
--- End of stack trace from previous location ---</StackTrace>
        </ErrorInfo>
      </Output>
    </UnitTestResult>
    <UnitTestResult executionId="2188fcb1-4a2b-4b03-a474-1f1335a680e4" testId="a636ed45-28c4-df16-0c05-092030269550" testName="OpenBullet.Core.Tests.Step8_KeyCheckerTests.EvaluateKey_With_Various_Conditions_Should_Work(condition: IsNumeric, sourceValue: &quot;123.45&quot;, targetValue: &quot;&quot;, expected: True)" computerName="DESKTOP-FL6NJPC" duration="00:00:00.0001518" startTime="2025-08-17T15:55:51.5719293+02:00" endTime="2025-08-17T15:55:51.5719294+02:00" testType="13cdc9d9-ddb5-4fa4-a97d-d965ccfc6d4b" outcome="Passed" testListId="8c84fa94-04c1-424b-9868-57a2d4851a1d" relativeResultsDirectory="2188fcb1-4a2b-4b03-a474-1f1335a680e4" />
    <UnitTestResult executionId="1fd9fa08-ec25-4656-8e4d-caa33b00ea2e" testId="2c2605c5-e220-92d4-f532-5ab6053d8923" testName="OpenBullet.Core.Tests.Step4_ScriptParserTests.ParseLine_With_Non_Command_Lines_Should_Return_Null(line: &quot;&quot;)" computerName="DESKTOP-FL6NJPC" duration="00:00:00.0020428" startTime="2025-08-17T15:55:52.7558602+02:00" endTime="2025-08-17T15:55:52.7558605+02:00" testType="13cdc9d9-ddb5-4fa4-a97d-d965ccfc6d4b" outcome="Passed" testListId="8c84fa94-04c1-424b-9868-57a2d4851a1d" relativeResultsDirectory="1fd9fa08-ec25-4656-8e4d-caa33b00ea2e" />
    <UnitTestResult executionId="e5a0d1cb-6534-4e05-b82d-2ecfed294a65" testId="5b0773ae-6d6f-adee-cd13-7ad57ff9695b" testName="OpenBullet.Core.Tests.Step11_StorageServicesTests.ResultStorage_CreateFromBotResult_Should_Work" computerName="DESKTOP-FL6NJPC" duration="00:00:00.0196746" startTime="2025-08-17T15:55:54.4793044+02:00" endTime="2025-08-17T15:55:54.4793050+02:00" testType="13cdc9d9-ddb5-4fa4-a97d-d965ccfc6d4b" outcome="Passed" testListId="8c84fa94-04c1-424b-9868-57a2d4851a1d" relativeResultsDirectory="e5a0d1cb-6534-4e05-b82d-2ecfed294a65" />
    <UnitTestResult executionId="9bbe9386-ccdf-4cd4-885e-ff050c280d99" testId="40a9f3d9-e546-b9d8-1aa0-edc105057e01" testName="OpenBullet.Core.Tests.Step9_BotRunnerTests.RunAsync_With_Exception_Should_Return_Error_Result" computerName="DESKTOP-FL6NJPC" duration="00:00:00.0051411" startTime="2025-08-17T15:55:51.5313776+02:00" endTime="2025-08-17T15:55:51.5313780+02:00" testType="13cdc9d9-ddb5-4fa4-a97d-d965ccfc6d4b" outcome="Passed" testListId="8c84fa94-04c1-424b-9868-57a2d4851a1d" relativeResultsDirectory="9bbe9386-ccdf-4cd4-885e-ff050c280d99" />
    <UnitTestResult executionId="c4032125-6be8-486f-b741-f306bfa8ae30" testId="0c065394-6552-202f-734b-73f02785745c" testName="OpenBullet.Core.Tests.Step10_ProxyExtensionsTests.IsHighPriority_Should_Determine_Priority_Correctly(health: Healthy, successRate: 95, responseTimeMs: 2500, expectedHighPriority: True)" computerName="DESKTOP-FL6NJPC" duration="00:00:00.0006489" startTime="2025-08-17T15:55:52.1684136+02:00" endTime="2025-08-17T15:55:52.1684137+02:00" testType="13cdc9d9-ddb5-4fa4-a97d-d965ccfc6d4b" outcome="Passed" testListId="8c84fa94-04c1-424b-9868-57a2d4851a1d" relativeResultsDirectory="c4032125-6be8-486f-b741-f306bfa8ae30" />
    <UnitTestResult executionId="55155d56-bc45-4a40-ba1f-84b78c31aade" testId="e7a3f082-4639-4818-058e-fa3d80b1eb8e" testName="OpenBullet.Core.Tests.Step8_KeyCheckCommandTests.ExecuteAsync_With_Ban_KeyChain_Should_Set_Ban_Status_And_Flag" computerName="DESKTOP-FL6NJPC" duration="00:00:00.0050029" startTime="2025-08-17T15:55:52.2245722+02:00" endTime="2025-08-17T15:55:52.2245723+02:00" testType="13cdc9d9-ddb5-4fa4-a97d-d965ccfc6d4b" outcome="Passed" testListId="8c84fa94-04c1-424b-9868-57a2d4851a1d" relativeResultsDirectory="55155d56-bc45-4a40-ba1f-84b78c31aade" />
    <UnitTestResult executionId="bc7414b9-941d-478a-906e-f8336683a540" testId="9ae6b803-08e1-ddf4-d9fe-4cdd7bef9e4d" testName="OpenBullet.Core.Tests.Step5_ValidationTests.ExecutionStatus_Values_Should_Be_Distinct(status: NotStarted)" computerName="DESKTOP-FL6NJPC" duration="00:00:00.0000158" startTime="2025-08-17T15:55:51.7926966+02:00" endTime="2025-08-17T15:55:51.7926967+02:00" testType="13cdc9d9-ddb5-4fa4-a97d-d965ccfc6d4b" outcome="Passed" testListId="8c84fa94-04c1-424b-9868-57a2d4851a1d" relativeResultsDirectory="bc7414b9-941d-478a-906e-f8336683a540" />
    <UnitTestResult executionId="365a8a3f-0849-49fe-8815-64d0f31d7042" testId="ba2b630a-2d93-e4b0-814b-a1c22e86ca5e" testName="OpenBullet.Core.Tests.Step7_ParseCommandTests.ValidateInstruction_With_Valid_Parse_Types_Should_Pass(parseType: &quot;LR&quot;)" computerName="DESKTOP-FL6NJPC" duration="00:00:00.0027517" startTime="2025-08-17T15:55:51.7624895+02:00" endTime="2025-08-17T15:55:51.7624898+02:00" testType="13cdc9d9-ddb5-4fa4-a97d-d965ccfc6d4b" outcome="Failed" testListId="8c84fa94-04c1-424b-9868-57a2d4851a1d" relativeResultsDirectory="365a8a3f-0849-49fe-8815-64d0f31d7042">
      <Output>
        <ErrorInfo>
          <Message>Expected result.IsValid to be true, but found False.</Message>
          <StackTrace>   at FluentAssertions.Execution.XUnit2TestFramework.Throw(String message)&#xD;
   at FluentAssertions.Execution.TestFrameworkProvider.Throw(String message)&#xD;
   at FluentAssertions.Execution.DefaultAssertionStrategy.HandleFailure(String message)&#xD;
   at FluentAssertions.Execution.AssertionScope.FailWith(Func`1 failReasonFunc)&#xD;
   at FluentAssertions.Execution.AssertionScope.FailWith(Func`1 failReasonFunc)&#xD;
   at FluentAssertions.Execution.AssertionScope.FailWith(String message, Object[] args)&#xD;
   at FluentAssertions.Primitives.BooleanAssertions`1.BeTrue(String because, Object[] becauseArgs)&#xD;
   at OpenBullet.Core.Tests.Step7_ParseCommandTests.ValidateInstruction_With_Valid_Parse_Types_Should_Pass(String parseType) in C:\Users\futiliter\Downloads\Telegram Desktop\Openbullet 1.4.4 Anomaly Modded Version\OpenBulletRecreation\OpenBullet.Core.Tests\Step7_ParseCommandTests.cs:line 596&#xD;
   at InvokeStub_Step7_ParseCommandTests.ValidateInstruction_With_Valid_Parse_Types_Should_Pass(Object, Span`1)&#xD;
   at System.Reflection.MethodBaseInvoker.InvokeWithOneArg(Object obj, BindingFlags invokeAttr, Binder binder, Object[] parameters, CultureInfo culture)</StackTrace>
        </ErrorInfo>
      </Output>
    </UnitTestResult>
    <UnitTestResult executionId="5a2e9007-ec14-4110-b398-ef02efd92b1f" testId="ed674e3e-0cb7-6daf-5b28-d92c3e590bd8" testName="OpenBullet.Core.Tests.Step8_ValidationTests.KeyCondition_String_Conversion_Should_Work(stringValue: &quot;IsNumeric&quot;, expectedCondition: IsNumeric)" computerName="DESKTOP-FL6NJPC" duration="00:00:00.0000200" startTime="2025-08-17T15:55:51.3508409+02:00" endTime="2025-08-17T15:55:51.3508410+02:00" testType="13cdc9d9-ddb5-4fa4-a97d-d965ccfc6d4b" outcome="Passed" testListId="8c84fa94-04c1-424b-9868-57a2d4851a1d" relativeResultsDirectory="5a2e9007-ec14-4110-b398-ef02efd92b1f" />
    <UnitTestResult executionId="343cbacd-2a8b-49a6-8c1b-67e9ef1b16a2" testId="beb4c095-01ad-1b8c-6e3d-300680a49dce" testName="OpenBullet.Core.Tests.Step8_ValidationTests.Key_Should_Initialize_With_Defaults" computerName="DESKTOP-FL6NJPC" duration="00:00:00.0014407" startTime="2025-08-17T15:55:51.6330733+02:00" endTime="2025-08-17T15:55:51.6330735+02:00" testType="13cdc9d9-ddb5-4fa4-a97d-d965ccfc6d4b" outcome="Passed" testListId="8c84fa94-04c1-424b-9868-57a2d4851a1d" relativeResultsDirectory="343cbacd-2a8b-49a6-8c1b-67e9ef1b16a2" />
    <UnitTestResult executionId="f7f225e9-57cb-4f4b-8a35-6b1db43d63d7" testId="b3147ef4-6445-c980-d561-634e38b04aed" testName="OpenBullet.Core.Tests.Step8_KeyCheckerTests.EvaluateKeyChain_With_OR_Logic_Should_Work" computerName="DESKTOP-FL6NJPC" duration="00:00:00.0049635" startTime="2025-08-17T15:55:51.5901510+02:00" endTime="2025-08-17T15:55:51.5901517+02:00" testType="13cdc9d9-ddb5-4fa4-a97d-d965ccfc6d4b" outcome="Passed" testListId="8c84fa94-04c1-424b-9868-57a2d4851a1d" relativeResultsDirectory="f7f225e9-57cb-4f4b-8a35-6b1db43d63d7" />
    <UnitTestResult executionId="b29869f6-8884-4b1d-9cdf-1811a106c84a" testId="ea3e4223-f663-cb8b-89b4-506b54083ac0" testName="OpenBullet.Core.Tests.Step7_ParsersTests.JsonParser_Should_Handle_Invalid_JSON" computerName="DESKTOP-FL6NJPC" duration="00:00:00.0176519" startTime="2025-08-17T15:55:51.9029388+02:00" endTime="2025-08-17T15:55:51.9029391+02:00" testType="13cdc9d9-ddb5-4fa4-a97d-d965ccfc6d4b" outcome="Passed" testListId="8c84fa94-04c1-424b-9868-57a2d4851a1d" relativeResultsDirectory="b29869f6-8884-4b1d-9cdf-1811a106c84a" />
    <UnitTestResult executionId="42864766-8e34-453d-9a66-5da0d89af8e9" testId="664170bb-49ab-2dbc-6999-0004d66bb43b" testName="OpenBullet.Core.Tests.Step2_HttpClientServiceTests.SetGlobalConfiguration_With_Null_Should_Throw" computerName="DESKTOP-FL6NJPC" duration="00:00:00.0033090" startTime="2025-08-17T15:55:52.9009579+02:00" endTime="2025-08-17T15:55:52.9009584+02:00" testType="13cdc9d9-ddb5-4fa4-a97d-d965ccfc6d4b" outcome="Passed" testListId="8c84fa94-04c1-424b-9868-57a2d4851a1d" relativeResultsDirectory="42864766-8e34-453d-9a66-5da0d89af8e9" />
    <UnitTestResult executionId="f6d67ed9-128d-4bf3-bc9d-084fb0ea8b6b" testId="6e120ffe-f4c5-ac9e-c93a-157e4b295794" testName="OpenBullet.Core.Tests.Step11_StorageServicesTests.ConfigurationStorage_Search_And_Filter_Should_Work" computerName="DESKTOP-FL6NJPC" duration="00:00:00.0957361" startTime="2025-08-17T15:55:55.2359591+02:00" endTime="2025-08-17T15:55:55.2359595+02:00" testType="13cdc9d9-ddb5-4fa4-a97d-d965ccfc6d4b" outcome="Passed" testListId="8c84fa94-04c1-424b-9868-57a2d4851a1d" relativeResultsDirectory="f6d67ed9-128d-4bf3-bc9d-084fb0ea8b6b" />
    <UnitTestResult executionId="09946da5-2cff-482f-8440-0022af9b2f69" testId="0879a322-14aa-85e0-6c67-10da13ec48d3" testName="OpenBullet.Core.Tests.Step4_ScriptParserTests.ParseLine_With_Simple_Command_Should_Parse_Correctly" computerName="DESKTOP-FL6NJPC" duration="00:00:00.0256615" startTime="2025-08-17T15:55:52.6662809+02:00" endTime="2025-08-17T15:55:52.6662813+02:00" testType="13cdc9d9-ddb5-4fa4-a97d-d965ccfc6d4b" outcome="Passed" testListId="8c84fa94-04c1-424b-9868-57a2d4851a1d" relativeResultsDirectory="09946da5-2cff-482f-8440-0022af9b2f69" />
    <UnitTestResult executionId="455b035f-e34b-4c09-bbed-34318a55193b" testId="d491557e-4e6e-da32-295b-c0fe96f5f2d5" testName="OpenBullet.Core.Tests.Step13_CoreServicesTests.AutoCompletionProvider_Should_Handle_Empty_Context" computerName="DESKTOP-FL6NJPC" duration="00:00:00.0005336" startTime="2025-08-17T15:55:52.0071907+02:00" endTime="2025-08-17T15:55:52.0071913+02:00" testType="13cdc9d9-ddb5-4fa4-a97d-d965ccfc6d4b" outcome="Failed" testListId="8c84fa94-04c1-424b-9868-57a2d4851a1d" relativeResultsDirectory="455b035f-e34b-4c09-bbed-34318a55193b">
      <Output>
        <ErrorInfo>
          <Message>System.NotImplementedException : To be implemented in Step 13</Message>
          <StackTrace>   at OpenBullet.Core.Tests.AutoCompletionProvider.GetCompletions(CompletionContext context) in C:\Users\futiliter\Downloads\Telegram Desktop\Openbullet 1.4.4 Anomaly Modded Version\OpenBulletRecreation\OpenBullet.Core.Tests\Step13_ConfigurationEditorTests.cs:line 492&#xD;
   at OpenBullet.Core.Tests.Step13_CoreServicesTests.AutoCompletionProvider_Should_Handle_Empty_Context() in C:\Users\futiliter\Downloads\Telegram Desktop\Openbullet 1.4.4 Anomaly Modded Version\OpenBulletRecreation\OpenBullet.Core.Tests\Step13_CoreServicesTests.cs:line 251&#xD;
   at System.RuntimeMethodHandle.InvokeMethod(Object target, Void** arguments, Signature sig, Boolean isConstructor)&#xD;
   at System.Reflection.MethodBaseInvoker.InvokeWithNoArgs(Object obj, BindingFlags invokeAttr)</StackTrace>
        </ErrorInfo>
      </Output>
    </UnitTestResult>
    <UnitTestResult executionId="8a8f5447-509b-44f4-b798-0b87b1e3d09b" testId="b5f85b83-0444-a65b-f380-80c5a736852f" testName="OpenBullet.Core.Tests.Step8_KeyCheckerTests.GetSourceValue_With_Literal_Value_Should_Return_As_Is" computerName="DESKTOP-FL6NJPC" duration="00:00:00.0003475" startTime="2025-08-17T15:55:51.5941885+02:00" endTime="2025-08-17T15:55:51.5941887+02:00" testType="13cdc9d9-ddb5-4fa4-a97d-d965ccfc6d4b" outcome="Passed" testListId="8c84fa94-04c1-424b-9868-57a2d4851a1d" relativeResultsDirectory="8a8f5447-509b-44f4-b798-0b87b1e3d09b" />
    <UnitTestResult executionId="908d0656-88d2-4b9e-bd2c-90fca37c307c" testId="b148b7ee-13d7-0a4a-1ad3-6f0a4e1dd38e" testName="OpenBullet.Core.Tests.Step10_ProxyExtensionsTests.IsValid_Enhanced_Should_Validate_Correctly(host: &quot;proxy.com&quot;, port: 8080, type: 999, expectedValid: False)" computerName="DESKTOP-FL6NJPC" duration="00:00:00.0000352" startTime="2025-08-17T15:55:52.1284128+02:00" endTime="2025-08-17T15:55:52.1284129+02:00" testType="13cdc9d9-ddb5-4fa4-a97d-d965ccfc6d4b" outcome="Passed" testListId="8c84fa94-04c1-424b-9868-57a2d4851a1d" relativeResultsDirectory="908d0656-88d2-4b9e-bd2c-90fca37c307c" />
    <UnitTestResult executionId="6de993c8-1a57-495e-8174-adbf9a5ec18b" testId="0694cc0a-6cd0-3b31-257c-62bbc623d4a1" testName="OpenBullet.Core.Tests.Step5_ExecutionContextTests.Dispose_Should_Update_BotData_Status" computerName="DESKTOP-FL6NJPC" duration="00:00:00.0038397" startTime="2025-08-17T15:55:52.7285766+02:00" endTime="2025-08-17T15:55:52.7285769+02:00" testType="13cdc9d9-ddb5-4fa4-a97d-d965ccfc6d4b" outcome="Failed" testListId="8c84fa94-04c1-424b-9868-57a2d4851a1d" relativeResultsDirectory="6de993c8-1a57-495e-8174-adbf9a5ec18b">
      <Output>
        <ErrorInfo>
          <Message>Expected _botData.ExecutionTime to be greater than 0L, but found 0L.</Message>
          <StackTrace>   at FluentAssertions.Execution.XUnit2TestFramework.Throw(String message)&#xD;
   at FluentAssertions.Execution.TestFrameworkProvider.Throw(String message)&#xD;
   at FluentAssertions.Execution.DefaultAssertionStrategy.HandleFailure(String message)&#xD;
   at FluentAssertions.Execution.AssertionScope.FailWith(Func`1 failReasonFunc)&#xD;
   at FluentAssertions.Execution.AssertionScope.FailWith(Func`1 failReasonFunc)&#xD;
   at FluentAssertions.Execution.AssertionScope.FailWith(String message, Object[] args)&#xD;
   at FluentAssertions.Numeric.NumericAssertions`2.BeGreaterThan(T expected, String because, Object[] becauseArgs)&#xD;
   at OpenBullet.Core.Tests.Step5_ExecutionContextTests.Dispose_Should_Update_BotData_Status() in C:\Users\futiliter\Downloads\Telegram Desktop\Openbullet 1.4.4 Anomaly Modded Version\OpenBulletRecreation\OpenBullet.Core.Tests\Step5_ExecutionContextTests.cs:line 483&#xD;
   at System.RuntimeMethodHandle.InvokeMethod(Object target, Void** arguments, Signature sig, Boolean isConstructor)&#xD;
   at System.Reflection.MethodBaseInvoker.InvokeWithNoArgs(Object obj, BindingFlags invokeAttr)</StackTrace>
        </ErrorInfo>
      </Output>
    </UnitTestResult>
    <UnitTestResult executionId="db8346de-b9ed-4df5-95b2-b9fb229c3a03" testId="ee736e89-d291-f35d-f66e-facf0a010e0e" testName="OpenBullet.Core.Tests.Step8_ValidationTests.KeyChainBuilder_Should_Build_Fluently" computerName="DESKTOP-FL6NJPC" duration="00:00:00.0016960" startTime="2025-08-17T15:55:51.6071248+02:00" endTime="2025-08-17T15:55:51.6071250+02:00" testType="13cdc9d9-ddb5-4fa4-a97d-d965ccfc6d4b" outcome="Passed" testListId="8c84fa94-04c1-424b-9868-57a2d4851a1d" relativeResultsDirectory="db8346de-b9ed-4df5-95b2-b9fb229c3a03" />
    <UnitTestResult executionId="021c5c9e-df90-46ee-a4cd-19fa5d05f236" testId="4573ce37-608e-a3a0-f76b-58fac49442be" testName="OpenBullet.Core.Tests.Step13_CoreServicesTests.LoliScriptValidator_Should_Handle_Empty_Input" computerName="DESKTOP-FL6NJPC" duration="00:00:00.0071657" startTime="2025-08-17T15:55:52.0034354+02:00" endTime="2025-08-17T15:55:52.0034357+02:00" testType="13cdc9d9-ddb5-4fa4-a97d-d965ccfc6d4b" outcome="Failed" testListId="8c84fa94-04c1-424b-9868-57a2d4851a1d" relativeResultsDirectory="021c5c9e-df90-46ee-a4cd-19fa5d05f236">
      <Output>
        <ErrorInfo>
          <Message>System.NotImplementedException : To be implemented in Step 13</Message>
          <StackTrace>   at OpenBullet.Core.Tests.LoliScriptValidator.ValidateScript(String script) in C:\Users\futiliter\Downloads\Telegram Desktop\Openbullet 1.4.4 Anomaly Modded Version\OpenBulletRecreation\OpenBullet.Core.Tests\Step13_ConfigurationEditorTests.cs:line 483&#xD;
   at OpenBullet.Core.Tests.Step13_CoreServicesTests.LoliScriptValidator_Should_Handle_Empty_Input() in C:\Users\futiliter\Downloads\Telegram Desktop\Openbullet 1.4.4 Anomaly Modded Version\OpenBulletRecreation\OpenBullet.Core.Tests\Step13_CoreServicesTests.cs:line 221&#xD;
   at System.RuntimeMethodHandle.InvokeMethod(Object target, Void** arguments, Signature sig, Boolean isConstructor)&#xD;
   at System.Reflection.MethodBaseInvoker.InvokeWithNoArgs(Object obj, BindingFlags invokeAttr)</StackTrace>
        </ErrorInfo>
      </Output>
    </UnitTestResult>
    <UnitTestResult executionId="2a9adde2-d704-4d30-9ba9-fab6874b69e6" testId="3fe36f03-f9d7-0426-009c-ca02a330dd24" testName="OpenBullet.Core.Tests.Step4_ScriptParserTests.ParseLine_With_Various_Valid_Syntaxes_Should_Parse_Successfully(commandLine: &quot;PRINT Simple message&quot;)" computerName="DESKTOP-FL6NJPC" duration="00:00:00.0359430" startTime="2025-08-17T15:55:52.3409923+02:00" endTime="2025-08-17T15:55:52.3409927+02:00" testType="13cdc9d9-ddb5-4fa4-a97d-d965ccfc6d4b" outcome="Passed" testListId="8c84fa94-04c1-424b-9868-57a2d4851a1d" relativeResultsDirectory="2a9adde2-d704-4d30-9ba9-fab6874b69e6" />
    <UnitTestResult executionId="d0a5638a-c4eb-4375-8afa-3ec85301d473" testId="e7074543-b841-7b51-8d3b-1448590c64bb" testName="OpenBullet.Core.Tests.Step7_ValidationTests.ParseType_Enum_Should_Have_Expected_Values" computerName="DESKTOP-FL6NJPC" duration="00:00:00.0136849" startTime="2025-08-17T15:55:51.7877410+02:00" endTime="2025-08-17T15:55:51.7877411+02:00" testType="13cdc9d9-ddb5-4fa4-a97d-d965ccfc6d4b" outcome="Passed" testListId="8c84fa94-04c1-424b-9868-57a2d4851a1d" relativeResultsDirectory="d0a5638a-c4eb-4375-8afa-3ec85301d473" />
  </Results>
  <TestDefinitions>
    <UnitTest name="OpenBullet.Core.Tests.Step10_ProxyJobManagerTests.ForceProxyRotationAsync_With_Invalid_Job_Should_Return_False" storage="c:\users\futiliter\downloads\telegram desktop\openbullet 1.4.4 anomaly modded version\openbulletrecreation\openbullet.core.tests\bin\debug\net9.0\openbullet.core.tests.dll" id="57427bf3-c720-111a-0b89-68433dcab6fe">
      <Execution id="382406b1-2dec-47fe-9908-6754e678e85d" />
      <TestMethod codeBase="C:\Users\futiliter\Downloads\Telegram Desktop\Openbullet 1.4.4 Anomaly Modded Version\OpenBulletRecreation\OpenBullet.Core.Tests\bin\Debug\net9.0\OpenBullet.Core.Tests.dll" adapterTypeName="executor://xunit/VsTestRunner2/netcoreapp" className="OpenBullet.Core.Tests.Step10_ProxyJobManagerTests" name="ForceProxyRotationAsync_With_Invalid_Job_Should_Return_False" />
    </UnitTest>
    <UnitTest name="OpenBullet.Core.Tests.Step9_BotRunnerTests.BotResult_GetVariableValue_Should_Return_Correct_Type" storage="c:\users\futiliter\downloads\telegram desktop\openbullet 1.4.4 anomaly modded version\openbulletrecreation\openbullet.core.tests\bin\debug\net9.0\openbullet.core.tests.dll" id="edc38b60-9567-3e2f-9e58-92f602ba62a5">
      <Execution id="b3aa2126-a764-43a4-a981-875f246ccee1" />
      <TestMethod codeBase="C:\Users\futiliter\Downloads\Telegram Desktop\Openbullet 1.4.4 Anomaly Modded Version\OpenBulletRecreation\OpenBullet.Core.Tests\bin\Debug\net9.0\OpenBullet.Core.Tests.dll" adapterTypeName="executor://xunit/VsTestRunner2/netcoreapp" className="OpenBullet.Core.Tests.Step9_BotRunnerTests" name="BotResult_GetVariableValue_Should_Return_Correct_Type" />
    </UnitTest>
    <UnitTest name="OpenBullet.Core.Tests.Step7_ParsersTests.JsonParser_Should_Parse_JSON_With_Path" storage="c:\users\futiliter\downloads\telegram desktop\openbullet 1.4.4 anomaly modded version\openbulletrecreation\openbullet.core.tests\bin\debug\net9.0\openbullet.core.tests.dll" id="4039eac9-ef8c-84d5-16cb-3a62bbf7bd3f">
      <Execution id="b3b590e1-fea2-423d-9bb9-dff1188fb8f0" />
      <TestMethod codeBase="C:\Users\futiliter\Downloads\Telegram Desktop\Openbullet 1.4.4 Anomaly Modded Version\OpenBulletRecreation\OpenBullet.Core.Tests\bin\Debug\net9.0\OpenBullet.Core.Tests.dll" adapterTypeName="executor://xunit/VsTestRunner2/netcoreapp" className="OpenBullet.Core.Tests.Step7_ParsersTests" name="JsonParser_Should_Parse_JSON_With_Path" />
    </UnitTest>
    <UnitTest name="OpenBullet.Core.Tests.Step9_BotRunnerTests.BotResult_GetFormattedCapturedData_Should_Convert_To_Strings" storage="c:\users\futiliter\downloads\telegram desktop\openbullet 1.4.4 anomaly modded version\openbulletrecreation\openbullet.core.tests\bin\debug\net9.0\openbullet.core.tests.dll" id="0afab173-221b-bd5e-e7c1-60da3e1143c5">
      <Execution id="1e941866-9579-4e38-a395-8e9765cbfad4" />
      <TestMethod codeBase="C:\Users\futiliter\Downloads\Telegram Desktop\Openbullet 1.4.4 Anomaly Modded Version\OpenBulletRecreation\OpenBullet.Core.Tests\bin\Debug\net9.0\OpenBullet.Core.Tests.dll" adapterTypeName="executor://xunit/VsTestRunner2/netcoreapp" className="OpenBullet.Core.Tests.Step9_BotRunnerTests" name="BotResult_GetFormattedCapturedData_Should_Convert_To_Strings" />
    </UnitTest>
    <UnitTest name="OpenBullet.Core.Tests.Step11_ValidationTests.Error_Handling_And_Edge_Cases_Should_Work" storage="c:\users\futiliter\downloads\telegram desktop\openbullet 1.4.4 anomaly modded version\openbulletrecreation\openbullet.core.tests\bin\debug\net9.0\openbullet.core.tests.dll" id="ee664148-9144-ab75-0c9f-e6e6f52db375">
      <Execution id="01fddf50-0cca-40a2-8d89-08bd87407ee2" />
      <TestMethod codeBase="C:\Users\futiliter\Downloads\Telegram Desktop\Openbullet 1.4.4 Anomaly Modded Version\OpenBulletRecreation\OpenBullet.Core.Tests\bin\Debug\net9.0\OpenBullet.Core.Tests.dll" adapterTypeName="executor://xunit/VsTestRunner2/netcoreapp" className="OpenBullet.Core.Tests.Step11_ValidationTests" name="Error_Handling_And_Edge_Cases_Should_Work" />
    </UnitTest>
    <UnitTest name="OpenBullet.Core.Tests.Step5_VariableManagerTests.AddToList_Should_Create_List_If_Not_Exists" storage="c:\users\futiliter\downloads\telegram desktop\openbullet 1.4.4 anomaly modded version\openbulletrecreation\openbullet.core.tests\bin\debug\net9.0\openbullet.core.tests.dll" id="aba7ba27-773c-3c24-b573-f8c89d863e7b">
      <Execution id="bb7ca318-4b28-4738-9def-cdcd4ffc8095" />
      <TestMethod codeBase="C:\Users\futiliter\Downloads\Telegram Desktop\Openbullet 1.4.4 Anomaly Modded Version\OpenBulletRecreation\OpenBullet.Core.Tests\bin\Debug\net9.0\OpenBullet.Core.Tests.dll" adapterTypeName="executor://xunit/VsTestRunner2/netcoreapp" className="OpenBullet.Core.Tests.Step5_VariableManagerTests" name="AddToList_Should_Create_List_If_Not_Exists" />
    </UnitTest>
    <UnitTest name="OpenBullet.Core.Tests.Step10_ProxyManagerTests.SetRotationStrategy_Should_Update_Strategy" storage="c:\users\futiliter\downloads\telegram desktop\openbullet 1.4.4 anomaly modded version\openbulletrecreation\openbullet.core.tests\bin\debug\net9.0\openbullet.core.tests.dll" id="345c0749-6c48-eaf2-38ab-ad410e247b5e">
      <Execution id="0ed4c0fa-e9c5-4bc9-b5c7-bc804f66a7f3" />
      <TestMethod codeBase="C:\Users\futiliter\Downloads\Telegram Desktop\Openbullet 1.4.4 Anomaly Modded Version\OpenBulletRecreation\OpenBullet.Core.Tests\bin\Debug\net9.0\OpenBullet.Core.Tests.dll" adapterTypeName="executor://xunit/VsTestRunner2/netcoreapp" className="OpenBullet.Core.Tests.Step10_ProxyManagerTests" name="SetRotationStrategy_Should_Update_Strategy" />
    </UnitTest>
    <UnitTest name="OpenBullet.Core.Tests.Step7_ValidationTests.ParseType_String_Conversion_Should_Work(stringValue: &quot;REGEX&quot;, expectedType: Regex)" storage="c:\users\futiliter\downloads\telegram desktop\openbullet 1.4.4 anomaly modded version\openbulletrecreation\openbullet.core.tests\bin\debug\net9.0\openbullet.core.tests.dll" id="d7beaece-8b3e-4275-a0c6-63a0f3fa23cb">
      <Execution id="916d384e-6fee-409a-b395-3a2c77c1f50e" />
      <TestMethod codeBase="C:\Users\futiliter\Downloads\Telegram Desktop\Openbullet 1.4.4 Anomaly Modded Version\OpenBulletRecreation\OpenBullet.Core.Tests\bin\Debug\net9.0\OpenBullet.Core.Tests.dll" adapterTypeName="executor://xunit/VsTestRunner2/netcoreapp" className="OpenBullet.Core.Tests.Step7_ValidationTests" name="ParseType_String_Conversion_Should_Work" />
    </UnitTest>
    <UnitTest name="OpenBullet.Core.Tests.Step11_DatabaseManagerTests.LiteDbContext_Should_Not_Be_Implemented_Yet" storage="c:\users\futiliter\downloads\telegram desktop\openbullet 1.4.4 anomaly modded version\openbulletrecreation\openbullet.core.tests\bin\debug\net9.0\openbullet.core.tests.dll" id="5008f26d-fb96-8b27-b374-8fd0430000ef">
      <Execution id="925630f1-f52a-4122-aedf-2bfc99263d65" />
      <TestMethod codeBase="C:\Users\futiliter\Downloads\Telegram Desktop\Openbullet 1.4.4 Anomaly Modded Version\OpenBulletRecreation\OpenBullet.Core.Tests\bin\Debug\net9.0\OpenBullet.Core.Tests.dll" adapterTypeName="executor://xunit/VsTestRunner2/netcoreapp" className="OpenBullet.Core.Tests.Step11_DatabaseManagerTests" name="LiteDbContext_Should_Not_Be_Implemented_Yet" />
    </UnitTest>
    <UnitTest name="OpenBullet.Core.Tests.Step10_ProxyExtensionsTests.IsHighPriority_Should_Determine_Priority_Correctly(health: Healthy, successRate: 90, responseTimeMs: 2500, expectedHighPriority: False)" storage="c:\users\futiliter\downloads\telegram desktop\openbullet 1.4.4 anomaly modded version\openbulletrecreation\openbullet.core.tests\bin\debug\net9.0\openbullet.core.tests.dll" id="1a9f3807-58c4-6a5e-9d69-704a5c2f954d">
      <Execution id="e0e4c0ae-aee4-491c-9777-2c04654f25f4" />
      <TestMethod codeBase="C:\Users\futiliter\Downloads\Telegram Desktop\Openbullet 1.4.4 Anomaly Modded Version\OpenBulletRecreation\OpenBullet.Core.Tests\bin\Debug\net9.0\OpenBullet.Core.Tests.dll" adapterTypeName="executor://xunit/VsTestRunner2/netcoreapp" className="OpenBullet.Core.Tests.Step10_ProxyExtensionsTests" name="IsHighPriority_Should_Determine_Priority_Correctly" />
    </UnitTest>
    <UnitTest name="OpenBullet.Core.Tests.Step4_ScriptParserTests.SubstituteVariables_With_Dictionary_Should_Handle_Key_Access" storage="c:\users\futiliter\downloads\telegram desktop\openbullet 1.4.4 anomaly modded version\openbulletrecreation\openbullet.core.tests\bin\debug\net9.0\openbullet.core.tests.dll" id="f065c67b-ace7-4443-45cb-a596be43fc90">
      <Execution id="5b13ca6f-e583-4810-9592-6480d07dbcc9" />
      <TestMethod codeBase="C:\Users\futiliter\Downloads\Telegram Desktop\Openbullet 1.4.4 Anomaly Modded Version\OpenBulletRecreation\OpenBullet.Core.Tests\bin\Debug\net9.0\OpenBullet.Core.Tests.dll" adapterTypeName="executor://xunit/VsTestRunner2/netcoreapp" className="OpenBullet.Core.Tests.Step4_ScriptParserTests" name="SubstituteVariables_With_Dictionary_Should_Handle_Key_Access" />
    </UnitTest>
    <UnitTest name="OpenBullet.Core.Tests.Step13_ConfigurationEditorTests.TokenizeScript_Should_Correctly_Identify_Token_Types(input: &quot;LABEL:TestLabel&quot;, expectedType: Label, expectedValue: &quot;LABEL:&quot;)" storage="c:\users\futiliter\downloads\telegram desktop\openbullet 1.4.4 anomaly modded version\openbulletrecreation\openbullet.core.tests\bin\debug\net9.0\openbullet.core.tests.dll" id="f55a8146-0228-7a4a-1295-02dceacecf55">
      <Execution id="b55ca959-9c4c-4942-a9ea-cc3daa259ccd" />
      <TestMethod codeBase="C:\Users\futiliter\Downloads\Telegram Desktop\Openbullet 1.4.4 Anomaly Modded Version\OpenBulletRecreation\OpenBullet.Core.Tests\bin\Debug\net9.0\OpenBullet.Core.Tests.dll" adapterTypeName="executor://xunit/VsTestRunner2/netcoreapp" className="OpenBullet.Core.Tests.Step13_ConfigurationEditorTests" name="TokenizeScript_Should_Correctly_Identify_Token_Types" />
    </UnitTest>
    <UnitTest name="OpenBullet.Core.Tests.Step9_BotRunnerTests.EnhancedBotRunner_Can_Be_Created" storage="c:\users\futiliter\downloads\telegram desktop\openbullet 1.4.4 anomaly modded version\openbulletrecreation\openbullet.core.tests\bin\debug\net9.0\openbullet.core.tests.dll" id="0c9aecf7-edb6-6f0f-bb68-9ecdaa09ab58">
      <Execution id="4bcaacd2-6f5b-4dfe-b5f2-17ddb6f1c822" />
      <TestMethod codeBase="C:\Users\futiliter\Downloads\Telegram Desktop\Openbullet 1.4.4 Anomaly Modded Version\OpenBulletRecreation\OpenBullet.Core.Tests\bin\Debug\net9.0\OpenBullet.Core.Tests.dll" adapterTypeName="executor://xunit/VsTestRunner2/netcoreapp" className="OpenBullet.Core.Tests.Step9_BotRunnerTests" name="EnhancedBotRunner_Can_Be_Created" />
    </UnitTest>
    <UnitTest name="OpenBullet.Core.Tests.Step10_ProxyManagerTests.GetNextProxyAsync_Should_Work_With_All_Rotation_Strategies(strategy: RoundRobin)" storage="c:\users\futiliter\downloads\telegram desktop\openbullet 1.4.4 anomaly modded version\openbulletrecreation\openbullet.core.tests\bin\debug\net9.0\openbullet.core.tests.dll" id="f273dbff-de3c-85cf-13df-09fb04a5fc0d">
      <Execution id="7d866bbe-ef21-4bb1-96e4-43b7a7583d90" />
      <TestMethod codeBase="C:\Users\futiliter\Downloads\Telegram Desktop\Openbullet 1.4.4 Anomaly Modded Version\OpenBulletRecreation\OpenBullet.Core.Tests\bin\Debug\net9.0\OpenBullet.Core.Tests.dll" adapterTypeName="executor://xunit/VsTestRunner2/netcoreapp" className="OpenBullet.Core.Tests.Step10_ProxyManagerTests" name="GetNextProxyAsync_Should_Work_With_All_Rotation_Strategies" />
    </UnitTest>
    <UnitTest name="OpenBullet.Core.Tests.Step5_VariableManagerTests.SetList_And_GetList_Should_Work_Correctly" storage="c:\users\futiliter\downloads\telegram desktop\openbullet 1.4.4 anomaly modded version\openbulletrecreation\openbullet.core.tests\bin\debug\net9.0\openbullet.core.tests.dll" id="8bce5556-6a58-462f-c473-cdc49fd11336">
      <Execution id="0850f0f9-b976-4ebe-88d9-1da906c03b25" />
      <TestMethod codeBase="C:\Users\futiliter\Downloads\Telegram Desktop\Openbullet 1.4.4 Anomaly Modded Version\OpenBulletRecreation\OpenBullet.Core.Tests\bin\Debug\net9.0\OpenBullet.Core.Tests.dll" adapterTypeName="executor://xunit/VsTestRunner2/netcoreapp" className="OpenBullet.Core.Tests.Step5_VariableManagerTests" name="SetList_And_GetList_Should_Work_Correctly" />
    </UnitTest>
    <UnitTest name="OpenBullet.Core.Tests.Step10_ProxyManagerTests.ProxyManager_Should_Fire_Events" storage="c:\users\futiliter\downloads\telegram desktop\openbullet 1.4.4 anomaly modded version\openbulletrecreation\openbullet.core.tests\bin\debug\net9.0\openbullet.core.tests.dll" id="55344598-4474-3408-ce19-b79d332cc895">
      <Execution id="fd4ab18d-a1ff-4c90-b5c3-da33090e82d3" />
      <TestMethod codeBase="C:\Users\futiliter\Downloads\Telegram Desktop\Openbullet 1.4.4 Anomaly Modded Version\OpenBulletRecreation\OpenBullet.Core.Tests\bin\Debug\net9.0\OpenBullet.Core.Tests.dll" adapterTypeName="executor://xunit/VsTestRunner2/netcoreapp" className="OpenBullet.Core.Tests.Step10_ProxyManagerTests" name="ProxyManager_Should_Fire_Events" />
    </UnitTest>
    <UnitTest name="OpenBullet.Core.Tests.Step13_CoreServicesTests.SyntaxHighlightingService_Should_Handle_Comments" storage="c:\users\futiliter\downloads\telegram desktop\openbullet 1.4.4 anomaly modded version\openbulletrecreation\openbullet.core.tests\bin\debug\net9.0\openbullet.core.tests.dll" id="974b1447-5ef9-7dcd-5554-4e9a79a8751b">
      <Execution id="7db7b476-a8f3-4338-abb0-0aa8bd8df802" />
      <TestMethod codeBase="C:\Users\futiliter\Downloads\Telegram Desktop\Openbullet 1.4.4 Anomaly Modded Version\OpenBulletRecreation\OpenBullet.Core.Tests\bin\Debug\net9.0\OpenBullet.Core.Tests.dll" adapterTypeName="executor://xunit/VsTestRunner2/netcoreapp" className="OpenBullet.Core.Tests.Step13_CoreServicesTests" name="SyntaxHighlightingService_Should_Handle_Comments" />
    </UnitTest>
    <UnitTest name="OpenBullet.Core.Tests.Step7_ValidationTests.Enhanced_Parsers_Should_Extend_Base_Functionality" storage="c:\users\futiliter\downloads\telegram desktop\openbullet 1.4.4 anomaly modded version\openbulletrecreation\openbullet.core.tests\bin\debug\net9.0\openbullet.core.tests.dll" id="455c6b6b-2653-cd2b-53aa-9789a202faf4">
      <Execution id="7e055af9-52c1-43a3-95bc-e4e2d21780bf" />
      <TestMethod codeBase="C:\Users\futiliter\Downloads\Telegram Desktop\Openbullet 1.4.4 Anomaly Modded Version\OpenBulletRecreation\OpenBullet.Core.Tests\bin\Debug\net9.0\OpenBullet.Core.Tests.dll" adapterTypeName="executor://xunit/VsTestRunner2/netcoreapp" className="OpenBullet.Core.Tests.Step7_ValidationTests" name="Enhanced_Parsers_Should_Extend_Base_Functionality" />
    </UnitTest>
    <UnitTest name="OpenBullet.Core.Tests.Step13_CoreServicesTests.AutoCompletionProvider_Should_Return_Parameter_Hints" storage="c:\users\futiliter\downloads\telegram desktop\openbullet 1.4.4 anomaly modded version\openbulletrecreation\openbullet.core.tests\bin\debug\net9.0\openbullet.core.tests.dll" id="f74c8133-eb91-f4c0-e30f-3d2eed1f7ab6">
      <Execution id="5336515d-8215-4bdc-b3e7-7430a21f59fd" />
      <TestMethod codeBase="C:\Users\futiliter\Downloads\Telegram Desktop\Openbullet 1.4.4 Anomaly Modded Version\OpenBulletRecreation\OpenBullet.Core.Tests\bin\Debug\net9.0\OpenBullet.Core.Tests.dll" adapterTypeName="executor://xunit/VsTestRunner2/netcoreapp" className="OpenBullet.Core.Tests.Step13_CoreServicesTests" name="AutoCompletionProvider_Should_Return_Parameter_Hints" />
    </UnitTest>
    <UnitTest name="OpenBullet.Core.Tests.Step9_ScriptEngineTests.ScriptEngine_Can_Be_Created" storage="c:\users\futiliter\downloads\telegram desktop\openbullet 1.4.4 anomaly modded version\openbulletrecreation\openbullet.core.tests\bin\debug\net9.0\openbullet.core.tests.dll" id="fbb9cc16-c127-2492-a3bd-17cea7b748d7">
      <Execution id="f75d21f1-df6d-445f-a4c8-6e94e9540c24" />
      <TestMethod codeBase="C:\Users\futiliter\Downloads\Telegram Desktop\Openbullet 1.4.4 Anomaly Modded Version\OpenBulletRecreation\OpenBullet.Core.Tests\bin\Debug\net9.0\OpenBullet.Core.Tests.dll" adapterTypeName="executor://xunit/VsTestRunner2/netcoreapp" className="OpenBullet.Core.Tests.Step9_ScriptEngineTests" name="ScriptEngine_Can_Be_Created" />
    </UnitTest>
    <UnitTest name="OpenBullet.Core.Tests.Step5_VariableManagerTests.CreateSnapshot_And_RestoreSnapshot_Should_Work" storage="c:\users\futiliter\downloads\telegram desktop\openbullet 1.4.4 anomaly modded version\openbulletrecreation\openbullet.core.tests\bin\debug\net9.0\openbullet.core.tests.dll" id="2dd346a9-cba9-b957-d234-1bed473906a2">
      <Execution id="0b4efbbe-007b-47e3-8140-92333be93afd" />
      <TestMethod codeBase="C:\Users\futiliter\Downloads\Telegram Desktop\Openbullet 1.4.4 Anomaly Modded Version\OpenBulletRecreation\OpenBullet.Core.Tests\bin\Debug\net9.0\OpenBullet.Core.Tests.dll" adapterTypeName="executor://xunit/VsTestRunner2/netcoreapp" className="OpenBullet.Core.Tests.Step5_VariableManagerTests" name="CreateSnapshot_And_RestoreSnapshot_Should_Work" />
    </UnitTest>
    <UnitTest name="OpenBullet.Core.Tests.Step3_ValidationTests.ConfigError_Types_Should_Be_Available(errorType: ParseError)" storage="c:\users\futiliter\downloads\telegram desktop\openbullet 1.4.4 anomaly modded version\openbulletrecreation\openbullet.core.tests\bin\debug\net9.0\openbullet.core.tests.dll" id="8ebc680b-d879-b8f9-150f-0d9c8a6756c2">
      <Execution id="0af1f33c-6214-4215-bc2f-0994a711ffd6" />
      <TestMethod codeBase="C:\Users\futiliter\Downloads\Telegram Desktop\Openbullet 1.4.4 Anomaly Modded Version\OpenBulletRecreation\OpenBullet.Core.Tests\bin\Debug\net9.0\OpenBullet.Core.Tests.dll" adapterTypeName="executor://xunit/VsTestRunner2/netcoreapp" className="OpenBullet.Core.Tests.Step3_ValidationTests" name="ConfigError_Types_Should_Be_Available" />
    </UnitTest>
    <UnitTest name="OpenBullet.Core.Tests.Step3_ValidationTests.ConfigError_Types_Should_Be_Available(errorType: InvalidScript)" storage="c:\users\futiliter\downloads\telegram desktop\openbullet 1.4.4 anomaly modded version\openbulletrecreation\openbullet.core.tests\bin\debug\net9.0\openbullet.core.tests.dll" id="d1314f02-8a72-8c28-be2f-2a47d260df56">
      <Execution id="e45b8c6f-b49f-4cb7-8e71-9bbfd4cf5723" />
      <TestMethod codeBase="C:\Users\futiliter\Downloads\Telegram Desktop\Openbullet 1.4.4 Anomaly Modded Version\OpenBulletRecreation\OpenBullet.Core.Tests\bin\Debug\net9.0\OpenBullet.Core.Tests.dll" adapterTypeName="executor://xunit/VsTestRunner2/netcoreapp" className="OpenBullet.Core.Tests.Step3_ValidationTests" name="ConfigError_Types_Should_Be_Available" />
    </UnitTest>
    <UnitTest name="OpenBullet.Core.Tests.Step13_ConfigurationEditorTests.TokenizeScript_Should_Correctly_Identify_Token_Types(input: &quot;# Another comment style&quot;, expectedType: Comment, expectedValue: &quot;#&quot;)" storage="c:\users\futiliter\downloads\telegram desktop\openbullet 1.4.4 anomaly modded version\openbulletrecreation\openbullet.core.tests\bin\debug\net9.0\openbullet.core.tests.dll" id="4c160b0b-d56f-ad61-3740-8a1e4ec3b048">
      <Execution id="bfdb9aca-b2e5-4275-a5d6-1b377e649e94" />
      <TestMethod codeBase="C:\Users\futiliter\Downloads\Telegram Desktop\Openbullet 1.4.4 Anomaly Modded Version\OpenBulletRecreation\OpenBullet.Core.Tests\bin\Debug\net9.0\OpenBullet.Core.Tests.dll" adapterTypeName="executor://xunit/VsTestRunner2/netcoreapp" className="OpenBullet.Core.Tests.Step13_ConfigurationEditorTests" name="TokenizeScript_Should_Correctly_Identify_Token_Types" />
    </UnitTest>
    <UnitTest name="OpenBullet.Core.Tests.Step8_ValidationTests.KeyCheckCommand_Should_Throw_With_Invalid_ServiceProvider" storage="c:\users\futiliter\downloads\telegram desktop\openbullet 1.4.4 anomaly modded version\openbulletrecreation\openbullet.core.tests\bin\debug\net9.0\openbullet.core.tests.dll" id="47bb8602-56e5-fb52-a97a-d38ed885d159">
      <Execution id="5642193a-ba2e-4b3b-a3e2-ca86a84b5814" />
      <TestMethod codeBase="C:\Users\futiliter\Downloads\Telegram Desktop\Openbullet 1.4.4 Anomaly Modded Version\OpenBulletRecreation\OpenBullet.Core.Tests\bin\Debug\net9.0\OpenBullet.Core.Tests.dll" adapterTypeName="executor://xunit/VsTestRunner2/netcoreapp" className="OpenBullet.Core.Tests.Step8_ValidationTests" name="KeyCheckCommand_Should_Throw_With_Invalid_ServiceProvider" />
    </UnitTest>
    <UnitTest name="OpenBullet.Core.Tests.Step6_ValidationTests.RequestCommand_Should_Validate_HTTP_Methods_Correctly(method: &quot;DELETE&quot;, shouldBeValid: True)" storage="c:\users\futiliter\downloads\telegram desktop\openbullet 1.4.4 anomaly modded version\openbulletrecreation\openbullet.core.tests\bin\debug\net9.0\openbullet.core.tests.dll" id="4e48bfef-fcaf-5f76-7d7f-10e88f3176eb">
      <Execution id="33d8960b-620d-4252-94b2-c82a58b261b0" />
      <TestMethod codeBase="C:\Users\futiliter\Downloads\Telegram Desktop\Openbullet 1.4.4 Anomaly Modded Version\OpenBulletRecreation\OpenBullet.Core.Tests\bin\Debug\net9.0\OpenBullet.Core.Tests.dll" adapterTypeName="executor://xunit/VsTestRunner2/netcoreapp" className="OpenBullet.Core.Tests.Step6_ValidationTests" name="RequestCommand_Should_Validate_HTTP_Methods_Correctly" />
    </UnitTest>
    <UnitTest name="OpenBullet.Core.Tests.Step6_CommandFactoryTests.CreateCommand_Should_Throw_For_Null_Or_Empty_Name" storage="c:\users\futiliter\downloads\telegram desktop\openbullet 1.4.4 anomaly modded version\openbulletrecreation\openbullet.core.tests\bin\debug\net9.0\openbullet.core.tests.dll" id="497fa292-b039-cf82-e430-6551cd5f708f">
      <Execution id="a530b464-1c33-456e-8d1d-1239da31a2b9" />
      <TestMethod codeBase="C:\Users\futiliter\Downloads\Telegram Desktop\Openbullet 1.4.4 Anomaly Modded Version\OpenBulletRecreation\OpenBullet.Core.Tests\bin\Debug\net9.0\OpenBullet.Core.Tests.dll" adapterTypeName="executor://xunit/VsTestRunner2/netcoreapp" className="OpenBullet.Core.Tests.Step6_CommandFactoryTests" name="CreateCommand_Should_Throw_For_Null_Or_Empty_Name" />
    </UnitTest>
    <UnitTest name="OpenBullet.Core.Tests.Step9_JobManagerTests.ResumeJobAsync_With_Paused_Job_Should_Resume_Job" storage="c:\users\futiliter\downloads\telegram desktop\openbullet 1.4.4 anomaly modded version\openbulletrecreation\openbullet.core.tests\bin\debug\net9.0\openbullet.core.tests.dll" id="471949a3-956c-9fe9-fac4-e98d0218b8aa">
      <Execution id="7a10df6b-83f7-4479-b76f-4c410b1645d7" />
      <TestMethod codeBase="C:\Users\futiliter\Downloads\Telegram Desktop\Openbullet 1.4.4 Anomaly Modded Version\OpenBulletRecreation\OpenBullet.Core.Tests\bin\Debug\net9.0\OpenBullet.Core.Tests.dll" adapterTypeName="executor://xunit/VsTestRunner2/netcoreapp" className="OpenBullet.Core.Tests.Step9_JobManagerTests" name="ResumeJobAsync_With_Paused_Job_Should_Resume_Job" />
    </UnitTest>
    <UnitTest name="OpenBullet.Core.Tests.Step10_ProxyManagerTests.ClearPoolAsync_Should_Remove_All_Proxies" storage="c:\users\futiliter\downloads\telegram desktop\openbullet 1.4.4 anomaly modded version\openbulletrecreation\openbullet.core.tests\bin\debug\net9.0\openbullet.core.tests.dll" id="c8498f69-bd88-881c-6034-e658a956530b">
      <Execution id="b78b466f-5390-44ce-bb7b-6283f3376674" />
      <TestMethod codeBase="C:\Users\futiliter\Downloads\Telegram Desktop\Openbullet 1.4.4 Anomaly Modded Version\OpenBulletRecreation\OpenBullet.Core.Tests\bin\Debug\net9.0\OpenBullet.Core.Tests.dll" adapterTypeName="executor://xunit/VsTestRunner2/netcoreapp" className="OpenBullet.Core.Tests.Step10_ProxyManagerTests" name="ClearPoolAsync_Should_Remove_All_Proxies" />
    </UnitTest>
    <UnitTest name="OpenBullet.Core.Tests.Step11_ValidationTests.Filter_Classes_Should_Initialize_Correctly" storage="c:\users\futiliter\downloads\telegram desktop\openbullet 1.4.4 anomaly modded version\openbulletrecreation\openbullet.core.tests\bin\debug\net9.0\openbullet.core.tests.dll" id="b836d42a-3ac0-145f-4eb9-e7e029d7ce90">
      <Execution id="1a1e0491-8bf4-46e3-bba1-b66bcec5b917" />
      <TestMethod codeBase="C:\Users\futiliter\Downloads\Telegram Desktop\Openbullet 1.4.4 Anomaly Modded Version\OpenBulletRecreation\OpenBullet.Core.Tests\bin\Debug\net9.0\OpenBullet.Core.Tests.dll" adapterTypeName="executor://xunit/VsTestRunner2/netcoreapp" className="OpenBullet.Core.Tests.Step11_ValidationTests" name="Filter_Classes_Should_Initialize_Correctly" />
    </UnitTest>
    <UnitTest name="OpenBullet.Core.Tests.Step7_ParseCommandTests.ExecuteAsync_With_Variable_Substitution_Should_Replace_Variables" storage="c:\users\futiliter\downloads\telegram desktop\openbullet 1.4.4 anomaly modded version\openbulletrecreation\openbullet.core.tests\bin\debug\net9.0\openbullet.core.tests.dll" id="4e09aa20-21f3-d5fa-9813-a6a859003f5b">
      <Execution id="b0d58c77-bc4c-4e21-8c48-f6a51f23897b" />
      <TestMethod codeBase="C:\Users\futiliter\Downloads\Telegram Desktop\Openbullet 1.4.4 Anomaly Modded Version\OpenBulletRecreation\OpenBullet.Core.Tests\bin\Debug\net9.0\OpenBullet.Core.Tests.dll" adapterTypeName="executor://xunit/VsTestRunner2/netcoreapp" className="OpenBullet.Core.Tests.Step7_ParseCommandTests" name="ExecuteAsync_With_Variable_Substitution_Should_Replace_Variables" />
    </UnitTest>
    <UnitTest name="OpenBullet.Core.Tests.Step7_ParseCommandTests.ValidateInstruction_With_Valid_Instruction_Should_Pass" storage="c:\users\futiliter\downloads\telegram desktop\openbullet 1.4.4 anomaly modded version\openbulletrecreation\openbullet.core.tests\bin\debug\net9.0\openbullet.core.tests.dll" id="64d3ae81-fb6f-7e6c-b7df-7b373ac8c752">
      <Execution id="c0f83d3d-cf64-422d-840b-cd6c64480c4d" />
      <TestMethod codeBase="C:\Users\futiliter\Downloads\Telegram Desktop\Openbullet 1.4.4 Anomaly Modded Version\OpenBulletRecreation\OpenBullet.Core.Tests\bin\Debug\net9.0\OpenBullet.Core.Tests.dll" adapterTypeName="executor://xunit/VsTestRunner2/netcoreapp" className="OpenBullet.Core.Tests.Step7_ParseCommandTests" name="ValidateInstruction_With_Valid_Instruction_Should_Pass" />
    </UnitTest>
    <UnitTest name="OpenBullet.Core.Tests.Step7_ParseCommandTests.ValidateInstruction_With_Valid_Parse_Types_Should_Pass(parseType: &quot;REGEX&quot;)" storage="c:\users\futiliter\downloads\telegram desktop\openbullet 1.4.4 anomaly modded version\openbulletrecreation\openbullet.core.tests\bin\debug\net9.0\openbullet.core.tests.dll" id="f111a54e-1bbe-4eb8-e153-00f0f1ffd263">
      <Execution id="c14318b8-1474-4553-8cdf-0f1f83b95ba8" />
      <TestMethod codeBase="C:\Users\futiliter\Downloads\Telegram Desktop\Openbullet 1.4.4 Anomaly Modded Version\OpenBulletRecreation\OpenBullet.Core.Tests\bin\Debug\net9.0\OpenBullet.Core.Tests.dll" adapterTypeName="executor://xunit/VsTestRunner2/netcoreapp" className="OpenBullet.Core.Tests.Step7_ParseCommandTests" name="ValidateInstruction_With_Valid_Parse_Types_Should_Pass" />
    </UnitTest>
    <UnitTest name="OpenBullet.Core.Tests.Step4_ScriptParserTests.ParseLine_With_Empty_Line_Should_Return_Null" storage="c:\users\futiliter\downloads\telegram desktop\openbullet 1.4.4 anomaly modded version\openbulletrecreation\openbullet.core.tests\bin\debug\net9.0\openbullet.core.tests.dll" id="faae4379-4939-5ac2-cbb7-2b46b6356448">
      <Execution id="6f6c2527-8931-4c22-9d0b-186f3fe73a75" />
      <TestMethod codeBase="C:\Users\futiliter\Downloads\Telegram Desktop\Openbullet 1.4.4 Anomaly Modded Version\OpenBulletRecreation\OpenBullet.Core.Tests\bin\Debug\net9.0\OpenBullet.Core.Tests.dll" adapterTypeName="executor://xunit/VsTestRunner2/netcoreapp" className="OpenBullet.Core.Tests.Step4_ScriptParserTests" name="ParseLine_With_Empty_Line_Should_Return_Null" />
    </UnitTest>
    <UnitTest name="OpenBullet.Core.Tests.Step3_ConfigurationServiceTests.ValidateConfigAsync_With_Valid_File_Should_Return_Success" storage="c:\users\futiliter\downloads\telegram desktop\openbullet 1.4.4 anomaly modded version\openbulletrecreation\openbullet.core.tests\bin\debug\net9.0\openbullet.core.tests.dll" id="2dc0f0c9-6f90-11af-6e18-6f484f19e9bf">
      <Execution id="864d64c3-9c5b-4b35-9e29-f40428a338d4" />
      <TestMethod codeBase="C:\Users\futiliter\Downloads\Telegram Desktop\Openbullet 1.4.4 Anomaly Modded Version\OpenBulletRecreation\OpenBullet.Core.Tests\bin\Debug\net9.0\OpenBullet.Core.Tests.dll" adapterTypeName="executor://xunit/VsTestRunner2/netcoreapp" className="OpenBullet.Core.Tests.Step3_ConfigurationServiceTests" name="ValidateConfigAsync_With_Valid_File_Should_Return_Success" />
    </UnitTest>
    <UnitTest name="OpenBullet.Core.Tests.Step13_ConfigurationEditorTests.ValidateScript_Should_Detect_Syntax_Errors(invalidScript: &quot;REQUEST GET&quot;, expectedErrorType: &quot;Missing URL parameter&quot;)" storage="c:\users\futiliter\downloads\telegram desktop\openbullet 1.4.4 anomaly modded version\openbulletrecreation\openbullet.core.tests\bin\debug\net9.0\openbullet.core.tests.dll" id="978e5bab-0012-d45d-d8b5-34714046a991">
      <Execution id="94a0c357-bbd2-49f4-a296-c1dab4c78899" />
      <TestMethod codeBase="C:\Users\futiliter\Downloads\Telegram Desktop\Openbullet 1.4.4 Anomaly Modded Version\OpenBulletRecreation\OpenBullet.Core.Tests\bin\Debug\net9.0\OpenBullet.Core.Tests.dll" adapterTypeName="executor://xunit/VsTestRunner2/netcoreapp" className="OpenBullet.Core.Tests.Step13_ConfigurationEditorTests" name="ValidateScript_Should_Detect_Syntax_Errors" />
    </UnitTest>
    <UnitTest name="OpenBullet.Core.Tests.Step5_ValidationTests.ExecutionStatistics_AverageResponseTime_Should_Calculate_Correctly" storage="c:\users\futiliter\downloads\telegram desktop\openbullet 1.4.4 anomaly modded version\openbulletrecreation\openbullet.core.tests\bin\debug\net9.0\openbullet.core.tests.dll" id="db232419-00c3-310b-e05d-079fddcbcaca">
      <Execution id="18cec459-d42b-4647-8f2c-9c4ea06b9866" />
      <TestMethod codeBase="C:\Users\futiliter\Downloads\Telegram Desktop\Openbullet 1.4.4 Anomaly Modded Version\OpenBulletRecreation\OpenBullet.Core.Tests\bin\Debug\net9.0\OpenBullet.Core.Tests.dll" adapterTypeName="executor://xunit/VsTestRunner2/netcoreapp" className="OpenBullet.Core.Tests.Step5_ValidationTests" name="ExecutionStatistics_AverageResponseTime_Should_Calculate_Correctly" />
    </UnitTest>
    <UnitTest name="OpenBullet.Core.Tests.Step11_DatabaseContextTests.Repository_Ordering_Should_Work" storage="c:\users\futiliter\downloads\telegram desktop\openbullet 1.4.4 anomaly modded version\openbulletrecreation\openbullet.core.tests\bin\debug\net9.0\openbullet.core.tests.dll" id="e67a39f1-cd5a-f9e6-4fbb-9ad69ead4293">
      <Execution id="1ed3a7f5-2c2f-4ccc-a8bd-09a37f270377" />
      <TestMethod codeBase="C:\Users\futiliter\Downloads\Telegram Desktop\Openbullet 1.4.4 Anomaly Modded Version\OpenBulletRecreation\OpenBullet.Core.Tests\bin\Debug\net9.0\OpenBullet.Core.Tests.dll" adapterTypeName="executor://xunit/VsTestRunner2/netcoreapp" className="OpenBullet.Core.Tests.Step11_DatabaseContextTests" name="Repository_Ordering_Should_Work" />
    </UnitTest>
    <UnitTest name="OpenBullet.Core.Tests.Step6_ValidationTests.ICommandFactory_Interface_Should_Be_Properly_Defined" storage="c:\users\futiliter\downloads\telegram desktop\openbullet 1.4.4 anomaly modded version\openbulletrecreation\openbullet.core.tests\bin\debug\net9.0\openbullet.core.tests.dll" id="b6e899e4-06d2-25ca-0f90-141ff4dfb919">
      <Execution id="328c20f7-34c6-478e-b4d5-513bc69afa4f" />
      <TestMethod codeBase="C:\Users\futiliter\Downloads\Telegram Desktop\Openbullet 1.4.4 Anomaly Modded Version\OpenBulletRecreation\OpenBullet.Core.Tests\bin\Debug\net9.0\OpenBullet.Core.Tests.dll" adapterTypeName="executor://xunit/VsTestRunner2/netcoreapp" className="OpenBullet.Core.Tests.Step6_ValidationTests" name="ICommandFactory_Interface_Should_Be_Properly_Defined" />
    </UnitTest>
    <UnitTest name="OpenBullet.Core.Tests.Step11_DatabaseManagerTests.DatabaseManager_Should_Handle_Multiple_Concurrent_Operations" storage="c:\users\futiliter\downloads\telegram desktop\openbullet 1.4.4 anomaly modded version\openbulletrecreation\openbullet.core.tests\bin\debug\net9.0\openbullet.core.tests.dll" id="99cbfd81-006d-d10d-c366-eb79153f35c7">
      <Execution id="e78cb9f2-e769-4961-b21a-df0e8a1d46a2" />
      <TestMethod codeBase="C:\Users\futiliter\Downloads\Telegram Desktop\Openbullet 1.4.4 Anomaly Modded Version\OpenBulletRecreation\OpenBullet.Core.Tests\bin\Debug\net9.0\OpenBullet.Core.Tests.dll" adapterTypeName="executor://xunit/VsTestRunner2/netcoreapp" className="OpenBullet.Core.Tests.Step11_DatabaseManagerTests" name="DatabaseManager_Should_Handle_Multiple_Concurrent_Operations" />
    </UnitTest>
    <UnitTest name="OpenBullet.Core.Tests.Step13_CoreServicesTests.LoliScriptValidator_Should_Validate_Valid_Script" storage="c:\users\futiliter\downloads\telegram desktop\openbullet 1.4.4 anomaly modded version\openbulletrecreation\openbullet.core.tests\bin\debug\net9.0\openbullet.core.tests.dll" id="701a8e58-b927-0a87-0ebc-e444f562f0dd">
      <Execution id="e9941d52-79fd-414d-bb5a-6e65522fcc5c" />
      <TestMethod codeBase="C:\Users\futiliter\Downloads\Telegram Desktop\Openbullet 1.4.4 Anomaly Modded Version\OpenBulletRecreation\OpenBullet.Core.Tests\bin\Debug\net9.0\OpenBullet.Core.Tests.dll" adapterTypeName="executor://xunit/VsTestRunner2/netcoreapp" className="OpenBullet.Core.Tests.Step13_CoreServicesTests" name="LoliScriptValidator_Should_Validate_Valid_Script" />
    </UnitTest>
    <UnitTest name="OpenBullet.Core.Tests.Step2_HttpClientServiceTests.CreateClient_With_Custom_Configuration_Should_Apply_Settings" storage="c:\users\futiliter\downloads\telegram desktop\openbullet 1.4.4 anomaly modded version\openbulletrecreation\openbullet.core.tests\bin\debug\net9.0\openbullet.core.tests.dll" id="5befbb11-8abb-149f-4352-3e1d6fb870ec">
      <Execution id="b1bb2bde-3366-4d41-b33f-5210cfbeff73" />
      <TestMethod codeBase="C:\Users\futiliter\Downloads\Telegram Desktop\Openbullet 1.4.4 Anomaly Modded Version\OpenBulletRecreation\OpenBullet.Core.Tests\bin\Debug\net9.0\OpenBullet.Core.Tests.dll" adapterTypeName="executor://xunit/VsTestRunner2/netcoreapp" className="OpenBullet.Core.Tests.Step2_HttpClientServiceTests" name="CreateClient_With_Custom_Configuration_Should_Apply_Settings" />
    </UnitTest>
    <UnitTest name="OpenBullet.Core.Tests.Step5_ValidationTests.ExecutionStatus_Values_Should_Be_Distinct(status: Cancelled)" storage="c:\users\futiliter\downloads\telegram desktop\openbullet 1.4.4 anomaly modded version\openbulletrecreation\openbullet.core.tests\bin\debug\net9.0\openbullet.core.tests.dll" id="a9267348-c1a3-a4c2-4cb9-c5c09e790f58">
      <Execution id="3b84de4f-9ee8-4e05-a5f1-9ee969f9906c" />
      <TestMethod codeBase="C:\Users\futiliter\Downloads\Telegram Desktop\Openbullet 1.4.4 Anomaly Modded Version\OpenBulletRecreation\OpenBullet.Core.Tests\bin\Debug\net9.0\OpenBullet.Core.Tests.dll" adapterTypeName="executor://xunit/VsTestRunner2/netcoreapp" className="OpenBullet.Core.Tests.Step5_ValidationTests" name="ExecutionStatus_Values_Should_Be_Distinct" />
    </UnitTest>
    <UnitTest name="OpenBullet.Core.Tests.Step4_ScriptParserTests.ParseLine_With_Label_Should_Parse_Correctly" storage="c:\users\futiliter\downloads\telegram desktop\openbullet 1.4.4 anomaly modded version\openbulletrecreation\openbullet.core.tests\bin\debug\net9.0\openbullet.core.tests.dll" id="ceea69a3-cac2-7126-ea88-592af4159682">
      <Execution id="0f8cb70c-4c13-43f8-9e88-0efe18e33dbf" />
      <TestMethod codeBase="C:\Users\futiliter\Downloads\Telegram Desktop\Openbullet 1.4.4 Anomaly Modded Version\OpenBulletRecreation\OpenBullet.Core.Tests\bin\Debug\net9.0\OpenBullet.Core.Tests.dll" adapterTypeName="executor://xunit/VsTestRunner2/netcoreapp" className="OpenBullet.Core.Tests.Step4_ScriptParserTests" name="ParseLine_With_Label_Should_Parse_Correctly" />
    </UnitTest>
    <UnitTest name="OpenBullet.Core.Tests.Step10_ProxyExtensionsTests.CreateUsageResult_Should_Create_Correct_Result(success: False, responseTimeMs: 30000, responseCode: 407, errorMessage: &quot;Proxy auth required&quot;)" storage="c:\users\futiliter\downloads\telegram desktop\openbullet 1.4.4 anomaly modded version\openbulletrecreation\openbullet.core.tests\bin\debug\net9.0\openbullet.core.tests.dll" id="2e5420cf-b228-fc37-dc17-60b3cec7d062">
      <Execution id="e56464a4-7567-42cd-9742-36e78be9ab33" />
      <TestMethod codeBase="C:\Users\futiliter\Downloads\Telegram Desktop\Openbullet 1.4.4 Anomaly Modded Version\OpenBulletRecreation\OpenBullet.Core.Tests\bin\Debug\net9.0\OpenBullet.Core.Tests.dll" adapterTypeName="executor://xunit/VsTestRunner2/netcoreapp" className="OpenBullet.Core.Tests.Step10_ProxyExtensionsTests" name="CreateUsageResult_Should_Create_Correct_Result" />
    </UnitTest>
    <UnitTest name="OpenBullet.Core.Tests.Step5_IntegrationTests.Full_Execution_Workflow_Should_Work" storage="c:\users\futiliter\downloads\telegram desktop\openbullet 1.4.4 anomaly modded version\openbulletrecreation\openbullet.core.tests\bin\debug\net9.0\openbullet.core.tests.dll" id="ddf122af-44b1-7bde-2a36-d8b68ef0de43">
      <Execution id="662aed7c-7304-4028-a4f8-89ac0638227e" />
      <TestMethod codeBase="C:\Users\futiliter\Downloads\Telegram Desktop\Openbullet 1.4.4 Anomaly Modded Version\OpenBulletRecreation\OpenBullet.Core.Tests\bin\Debug\net9.0\OpenBullet.Core.Tests.dll" adapterTypeName="executor://xunit/VsTestRunner2/netcoreapp" className="OpenBullet.Core.Tests.Step5_IntegrationTests" name="Full_Execution_Workflow_Should_Work" />
    </UnitTest>
    <UnitTest name="OpenBullet.Core.Tests.Step9_JobManagerTests.JobConfiguration_Validate_Should_Pass_With_Valid_Config" storage="c:\users\futiliter\downloads\telegram desktop\openbullet 1.4.4 anomaly modded version\openbulletrecreation\openbullet.core.tests\bin\debug\net9.0\openbullet.core.tests.dll" id="f459cdb8-8233-8af6-013d-12691d2d3202">
      <Execution id="c770d124-495e-46af-9109-39a675b0d9ac" />
      <TestMethod codeBase="C:\Users\futiliter\Downloads\Telegram Desktop\Openbullet 1.4.4 Anomaly Modded Version\OpenBulletRecreation\OpenBullet.Core.Tests\bin\Debug\net9.0\OpenBullet.Core.Tests.dll" adapterTypeName="executor://xunit/VsTestRunner2/netcoreapp" className="OpenBullet.Core.Tests.Step9_JobManagerTests" name="JobConfiguration_Validate_Should_Pass_With_Valid_Config" />
    </UnitTest>
    <UnitTest name="OpenBullet.Core.Tests.Step11_ValidationTests.Model_Classes_Should_Have_Proper_Validation" storage="c:\users\futiliter\downloads\telegram desktop\openbullet 1.4.4 anomaly modded version\openbulletrecreation\openbullet.core.tests\bin\debug\net9.0\openbullet.core.tests.dll" id="49693a35-c967-1fe0-33aa-5a0fd086e25e">
      <Execution id="e5f3183f-7fb6-48a2-99af-edea8fdaf50e" />
      <TestMethod codeBase="C:\Users\futiliter\Downloads\Telegram Desktop\Openbullet 1.4.4 Anomaly Modded Version\OpenBulletRecreation\OpenBullet.Core.Tests\bin\Debug\net9.0\OpenBullet.Core.Tests.dll" adapterTypeName="executor://xunit/VsTestRunner2/netcoreapp" className="OpenBullet.Core.Tests.Step11_ValidationTests" name="Model_Classes_Should_Have_Proper_Validation" />
    </UnitTest>
    <UnitTest name="OpenBullet.Core.Tests.Step7_ValidationTests.All_Parser_Types_Should_Be_Testable" storage="c:\users\futiliter\downloads\telegram desktop\openbullet 1.4.4 anomaly modded version\openbulletrecreation\openbullet.core.tests\bin\debug\net9.0\openbullet.core.tests.dll" id="4fa3e925-cf8b-7887-0333-bde7232e835e">
      <Execution id="deb8c5ff-290b-4e2f-9694-bddf0bd5357b" />
      <TestMethod codeBase="C:\Users\futiliter\Downloads\Telegram Desktop\Openbullet 1.4.4 Anomaly Modded Version\OpenBulletRecreation\OpenBullet.Core.Tests\bin\Debug\net9.0\OpenBullet.Core.Tests.dll" adapterTypeName="executor://xunit/VsTestRunner2/netcoreapp" className="OpenBullet.Core.Tests.Step7_ValidationTests" name="All_Parser_Types_Should_Be_Testable" />
    </UnitTest>
    <UnitTest name="OpenBullet.Core.Tests.Step10_ProxyJobManagerTests.ProxyJobStatistics_Should_Calculate_Success_Rate" storage="c:\users\futiliter\downloads\telegram desktop\openbullet 1.4.4 anomaly modded version\openbulletrecreation\openbullet.core.tests\bin\debug\net9.0\openbullet.core.tests.dll" id="218c1993-0218-0f33-1716-9ace8de00ffc">
      <Execution id="d5f128c6-da00-41bf-bdca-1d90ae7505ef" />
      <TestMethod codeBase="C:\Users\futiliter\Downloads\Telegram Desktop\Openbullet 1.4.4 Anomaly Modded Version\OpenBulletRecreation\OpenBullet.Core.Tests\bin\Debug\net9.0\OpenBullet.Core.Tests.dll" adapterTypeName="executor://xunit/VsTestRunner2/netcoreapp" className="OpenBullet.Core.Tests.Step10_ProxyJobManagerTests" name="ProxyJobStatistics_Should_Calculate_Success_Rate" />
    </UnitTest>
    <UnitTest name="OpenBullet.Core.Tests.Step8_ValidationTests.KeyChainLogic_String_Conversion_Should_Work(stringValue: &quot;OR&quot;, expectedLogic: OR)" storage="c:\users\futiliter\downloads\telegram desktop\openbullet 1.4.4 anomaly modded version\openbulletrecreation\openbullet.core.tests\bin\debug\net9.0\openbullet.core.tests.dll" id="fa2c474f-46e7-9c3e-0c4e-96ccf1b7783a">
      <Execution id="f5eb465d-266b-419f-897a-4745d3768bc6" />
      <TestMethod codeBase="C:\Users\futiliter\Downloads\Telegram Desktop\Openbullet 1.4.4 Anomaly Modded Version\OpenBulletRecreation\OpenBullet.Core.Tests\bin\Debug\net9.0\OpenBullet.Core.Tests.dll" adapterTypeName="executor://xunit/VsTestRunner2/netcoreapp" className="OpenBullet.Core.Tests.Step8_ValidationTests" name="KeyChainLogic_String_Conversion_Should_Work" />
    </UnitTest>
    <UnitTest name="OpenBullet.Core.Tests.Step9_ScriptEngineTests.ValidateScript_With_Duplicate_Labels_Should_Report_Error" storage="c:\users\futiliter\downloads\telegram desktop\openbullet 1.4.4 anomaly modded version\openbulletrecreation\openbullet.core.tests\bin\debug\net9.0\openbullet.core.tests.dll" id="2de3e0be-cae8-52c1-cf93-7e0582b45b81">
      <Execution id="8a515430-53ea-446c-9d0c-84b4b2a7562f" />
      <TestMethod codeBase="C:\Users\futiliter\Downloads\Telegram Desktop\Openbullet 1.4.4 Anomaly Modded Version\OpenBulletRecreation\OpenBullet.Core.Tests\bin\Debug\net9.0\OpenBullet.Core.Tests.dll" adapterTypeName="executor://xunit/VsTestRunner2/netcoreapp" className="OpenBullet.Core.Tests.Step9_ScriptEngineTests" name="ValidateScript_With_Duplicate_Labels_Should_Report_Error" />
    </UnitTest>
    <UnitTest name="OpenBullet.Core.Tests.Step5_ValidationTests.ExecutionStatistics_Should_Initialize_With_Defaults" storage="c:\users\futiliter\downloads\telegram desktop\openbullet 1.4.4 anomaly modded version\openbulletrecreation\openbullet.core.tests\bin\debug\net9.0\openbullet.core.tests.dll" id="fa5c1c94-63d0-1aa5-5a2e-901f12d238a2">
      <Execution id="d7c1ca67-4397-42ce-8bb4-00f77ea6cd58" />
      <TestMethod codeBase="C:\Users\futiliter\Downloads\Telegram Desktop\Openbullet 1.4.4 Anomaly Modded Version\OpenBulletRecreation\OpenBullet.Core.Tests\bin\Debug\net9.0\OpenBullet.Core.Tests.dll" adapterTypeName="executor://xunit/VsTestRunner2/netcoreapp" className="OpenBullet.Core.Tests.Step5_ValidationTests" name="ExecutionStatistics_Should_Initialize_With_Defaults" />
    </UnitTest>
    <UnitTest name="OpenBullet.Core.Tests.Step10_ProxyManagerTests.GetNextProxyAsync_Should_Work_With_All_Rotation_Strategies(strategy: ResponseTimeBased)" storage="c:\users\futiliter\downloads\telegram desktop\openbullet 1.4.4 anomaly modded version\openbulletrecreation\openbullet.core.tests\bin\debug\net9.0\openbullet.core.tests.dll" id="6cf8f1ab-79e0-b104-43f4-5bcaf7500c40">
      <Execution id="63307355-f03f-4c23-9323-a7fd7d76375b" />
      <TestMethod codeBase="C:\Users\futiliter\Downloads\Telegram Desktop\Openbullet 1.4.4 Anomaly Modded Version\OpenBulletRecreation\OpenBullet.Core.Tests\bin\Debug\net9.0\OpenBullet.Core.Tests.dll" adapterTypeName="executor://xunit/VsTestRunner2/netcoreapp" className="OpenBullet.Core.Tests.Step10_ProxyManagerTests" name="GetNextProxyAsync_Should_Work_With_All_Rotation_Strategies" />
    </UnitTest>
    <UnitTest name="OpenBullet.Core.Tests.Step10_ValidationTests.All_Components_Should_Be_Testable_Together" storage="c:\users\futiliter\downloads\telegram desktop\openbullet 1.4.4 anomaly modded version\openbulletrecreation\openbullet.core.tests\bin\debug\net9.0\openbullet.core.tests.dll" id="0fe58c99-ec1f-1dc6-44d0-d117d9df8bf6">
      <Execution id="18978e6d-e302-42ee-9e55-17baa06dcecd" />
      <TestMethod codeBase="C:\Users\futiliter\Downloads\Telegram Desktop\Openbullet 1.4.4 Anomaly Modded Version\OpenBulletRecreation\OpenBullet.Core.Tests\bin\Debug\net9.0\OpenBullet.Core.Tests.dll" adapterTypeName="executor://xunit/VsTestRunner2/netcoreapp" className="OpenBullet.Core.Tests.Step10_ValidationTests" name="All_Components_Should_Be_Testable_Together" />
    </UnitTest>
    <UnitTest name="OpenBullet.Core.Tests.Step8_KeyCheckerTests.EvaluateKey_With_LengthEqualTo_Condition_Should_Work(sourceValue: &quot;hello&quot;, targetLength: &quot;5&quot;, expected: True)" storage="c:\users\futiliter\downloads\telegram desktop\openbullet 1.4.4 anomaly modded version\openbulletrecreation\openbullet.core.tests\bin\debug\net9.0\openbullet.core.tests.dll" id="0f17ef61-1c3a-8db6-5d20-cdd3195e73be">
      <Execution id="ee98c907-912e-4352-8f15-15968a4e6d50" />
      <TestMethod codeBase="C:\Users\futiliter\Downloads\Telegram Desktop\Openbullet 1.4.4 Anomaly Modded Version\OpenBulletRecreation\OpenBullet.Core.Tests\bin\Debug\net9.0\OpenBullet.Core.Tests.dll" adapterTypeName="executor://xunit/VsTestRunner2/netcoreapp" className="OpenBullet.Core.Tests.Step8_KeyCheckerTests" name="EvaluateKey_With_LengthEqualTo_Condition_Should_Work" />
    </UnitTest>
    <UnitTest name="OpenBullet.Core.Tests.Step11_DatabaseManagerTests.DatabaseManager_Migration_Should_Work" storage="c:\users\futiliter\downloads\telegram desktop\openbullet 1.4.4 anomaly modded version\openbulletrecreation\openbullet.core.tests\bin\debug\net9.0\openbullet.core.tests.dll" id="ac55df1a-50d7-6977-dbc4-51d07685d0de">
      <Execution id="76c25513-b94d-4645-8432-b3b573100248" />
      <TestMethod codeBase="C:\Users\futiliter\Downloads\Telegram Desktop\Openbullet 1.4.4 Anomaly Modded Version\OpenBulletRecreation\OpenBullet.Core.Tests\bin\Debug\net9.0\OpenBullet.Core.Tests.dll" adapterTypeName="executor://xunit/VsTestRunner2/netcoreapp" className="OpenBullet.Core.Tests.Step11_DatabaseManagerTests" name="DatabaseManager_Migration_Should_Work" />
    </UnitTest>
    <UnitTest name="OpenBullet.Core.Tests.Step11_DatabaseManagerTests.ServiceProvider_InitializeDatabaseAsync_Extension_Should_Work" storage="c:\users\futiliter\downloads\telegram desktop\openbullet 1.4.4 anomaly modded version\openbulletrecreation\openbullet.core.tests\bin\debug\net9.0\openbullet.core.tests.dll" id="974f607a-f6e7-63ce-296c-0b177591a0c3">
      <Execution id="92e618fd-9ea5-46f8-a12b-8df8d436e955" />
      <TestMethod codeBase="C:\Users\futiliter\Downloads\Telegram Desktop\Openbullet 1.4.4 Anomaly Modded Version\OpenBulletRecreation\OpenBullet.Core.Tests\bin\Debug\net9.0\OpenBullet.Core.Tests.dll" adapterTypeName="executor://xunit/VsTestRunner2/netcoreapp" className="OpenBullet.Core.Tests.Step11_DatabaseManagerTests" name="ServiceProvider_InitializeDatabaseAsync_Extension_Should_Work" />
    </UnitTest>
    <UnitTest name="OpenBullet.Core.Tests.Step9_BotRunnerTests.RunAsync_With_Successful_Script_Should_Return_Success_Result" storage="c:\users\futiliter\downloads\telegram desktop\openbullet 1.4.4 anomaly modded version\openbulletrecreation\openbullet.core.tests\bin\debug\net9.0\openbullet.core.tests.dll" id="1607748e-f93b-6407-b197-4af20117fbeb">
      <Execution id="bef0f63c-307c-444b-bf26-7658c9ad30de" />
      <TestMethod codeBase="C:\Users\futiliter\Downloads\Telegram Desktop\Openbullet 1.4.4 Anomaly Modded Version\OpenBulletRecreation\OpenBullet.Core.Tests\bin\Debug\net9.0\OpenBullet.Core.Tests.dll" adapterTypeName="executor://xunit/VsTestRunner2/netcoreapp" className="OpenBullet.Core.Tests.Step9_BotRunnerTests" name="RunAsync_With_Successful_Script_Should_Return_Success_Result" />
    </UnitTest>
    <UnitTest name="OpenBullet.Core.Tests.Step6_ValidationTests.RequestCommand_Should_Validate_HTTP_Methods_Correctly(method: &quot;PATCH&quot;, shouldBeValid: True)" storage="c:\users\futiliter\downloads\telegram desktop\openbullet 1.4.4 anomaly modded version\openbulletrecreation\openbullet.core.tests\bin\debug\net9.0\openbullet.core.tests.dll" id="b3d05fdf-5953-b0c7-4a90-ae01a8a66d01">
      <Execution id="1af1739b-7aec-4bd1-87a7-27942521a183" />
      <TestMethod codeBase="C:\Users\futiliter\Downloads\Telegram Desktop\Openbullet 1.4.4 Anomaly Modded Version\OpenBulletRecreation\OpenBullet.Core.Tests\bin\Debug\net9.0\OpenBullet.Core.Tests.dll" adapterTypeName="executor://xunit/VsTestRunner2/netcoreapp" className="OpenBullet.Core.Tests.Step6_ValidationTests" name="RequestCommand_Should_Validate_HTTP_Methods_Correctly" />
    </UnitTest>
    <UnitTest name="OpenBullet.Core.Tests.Step10_ProxyExtensionsTests.ProxyTestResult_DetermineHealth_Should_Set_Health_Correctly(initialHealth: Healthy, successRate: 100, responseTimeMs: 1000, expectedHealth: Healthy)" storage="c:\users\futiliter\downloads\telegram desktop\openbullet 1.4.4 anomaly modded version\openbulletrecreation\openbullet.core.tests\bin\debug\net9.0\openbullet.core.tests.dll" id="d37fd4e7-c306-66c1-b466-335f4948f9a1">
      <Execution id="4282ff40-5150-459f-892f-966bdc2f6b7c" />
      <TestMethod codeBase="C:\Users\futiliter\Downloads\Telegram Desktop\Openbullet 1.4.4 Anomaly Modded Version\OpenBulletRecreation\OpenBullet.Core.Tests\bin\Debug\net9.0\OpenBullet.Core.Tests.dll" adapterTypeName="executor://xunit/VsTestRunner2/netcoreapp" className="OpenBullet.Core.Tests.Step10_ProxyExtensionsTests" name="ProxyTestResult_DetermineHealth_Should_Set_Health_Correctly" />
    </UnitTest>
    <UnitTest name="OpenBullet.Core.Tests.Step7_ParsersTests.LeftRightParser_Should_Handle_Quoted_Delimiters" storage="c:\users\futiliter\downloads\telegram desktop\openbullet 1.4.4 anomaly modded version\openbulletrecreation\openbullet.core.tests\bin\debug\net9.0\openbullet.core.tests.dll" id="9e7fe619-9d7f-700f-675e-f9c8b6562019">
      <Execution id="9f4722b2-723a-4009-b8c4-885bf8219d89" />
      <TestMethod codeBase="C:\Users\futiliter\Downloads\Telegram Desktop\Openbullet 1.4.4 Anomaly Modded Version\OpenBulletRecreation\OpenBullet.Core.Tests\bin\Debug\net9.0\OpenBullet.Core.Tests.dll" adapterTypeName="executor://xunit/VsTestRunner2/netcoreapp" className="OpenBullet.Core.Tests.Step7_ParsersTests" name="LeftRightParser_Should_Handle_Quoted_Delimiters" />
    </UnitTest>
    <UnitTest name="OpenBullet.Core.Tests.Step7_ParsersTests.RegexParser_Should_Extract_Capture_Groups" storage="c:\users\futiliter\downloads\telegram desktop\openbullet 1.4.4 anomaly modded version\openbulletrecreation\openbullet.core.tests\bin\debug\net9.0\openbullet.core.tests.dll" id="3848f3ea-e15e-e969-eb45-2906e30c4ba2">
      <Execution id="2d7deb82-92cc-4ece-bc7d-813a42f979c6" />
      <TestMethod codeBase="C:\Users\futiliter\Downloads\Telegram Desktop\Openbullet 1.4.4 Anomaly Modded Version\OpenBulletRecreation\OpenBullet.Core.Tests\bin\Debug\net9.0\OpenBullet.Core.Tests.dll" adapterTypeName="executor://xunit/VsTestRunner2/netcoreapp" className="OpenBullet.Core.Tests.Step7_ParsersTests" name="RegexParser_Should_Extract_Capture_Groups" />
    </UnitTest>
    <UnitTest name="OpenBullet.Core.Tests.Step10_ProxyJobManagerTests.StartProxyJobAsync_With_Valid_Config_Should_Start_Successfully" storage="c:\users\futiliter\downloads\telegram desktop\openbullet 1.4.4 anomaly modded version\openbulletrecreation\openbullet.core.tests\bin\debug\net9.0\openbullet.core.tests.dll" id="12ca5254-bb67-9016-6329-c6a945ef9175">
      <Execution id="fa2da5ff-abfb-44c2-a9e1-a3353649ef38" />
      <TestMethod codeBase="C:\Users\futiliter\Downloads\Telegram Desktop\Openbullet 1.4.4 Anomaly Modded Version\OpenBulletRecreation\OpenBullet.Core.Tests\bin\Debug\net9.0\OpenBullet.Core.Tests.dll" adapterTypeName="executor://xunit/VsTestRunner2/netcoreapp" className="OpenBullet.Core.Tests.Step10_ProxyJobManagerTests" name="StartProxyJobAsync_With_Valid_Config_Should_Start_Successfully" />
    </UnitTest>
    <UnitTest name="OpenBullet.Core.Tests.Step10_ProxyJobManagerTests.ProxyJobManager_Should_Track_Job_Statistics" storage="c:\users\futiliter\downloads\telegram desktop\openbullet 1.4.4 anomaly modded version\openbulletrecreation\openbullet.core.tests\bin\debug\net9.0\openbullet.core.tests.dll" id="b75d4a9b-2a90-4e52-ef3c-16d2f3071cc4">
      <Execution id="a6d52820-e6f2-49b6-90dd-d06bc0fa3c1a" />
      <TestMethod codeBase="C:\Users\futiliter\Downloads\Telegram Desktop\Openbullet 1.4.4 Anomaly Modded Version\OpenBulletRecreation\OpenBullet.Core.Tests\bin\Debug\net9.0\OpenBullet.Core.Tests.dll" adapterTypeName="executor://xunit/VsTestRunner2/netcoreapp" className="OpenBullet.Core.Tests.Step10_ProxyJobManagerTests" name="ProxyJobManager_Should_Track_Job_Statistics" />
    </UnitTest>
    <UnitTest name="OpenBullet.Core.Tests.Step3_ValidationTests.ParseConfigContent_Should_Handle_All_String_Settings" storage="c:\users\futiliter\downloads\telegram desktop\openbullet 1.4.4 anomaly modded version\openbulletrecreation\openbullet.core.tests\bin\debug\net9.0\openbullet.core.tests.dll" id="f77e79ef-dd63-0f6b-f91c-8950db496964">
      <Execution id="bac00284-d3ee-416f-a29a-8cb3fbefd0ac" />
      <TestMethod codeBase="C:\Users\futiliter\Downloads\Telegram Desktop\Openbullet 1.4.4 Anomaly Modded Version\OpenBulletRecreation\OpenBullet.Core.Tests\bin\Debug\net9.0\OpenBullet.Core.Tests.dll" adapterTypeName="executor://xunit/VsTestRunner2/netcoreapp" className="OpenBullet.Core.Tests.Step3_ValidationTests" name="ParseConfigContent_Should_Handle_All_String_Settings" />
    </UnitTest>
    <UnitTest name="OpenBullet.Core.Tests.Step7_ParsersTests.ParserFactory_Should_Get_Suggested_Patterns" storage="c:\users\futiliter\downloads\telegram desktop\openbullet 1.4.4 anomaly modded version\openbulletrecreation\openbullet.core.tests\bin\debug\net9.0\openbullet.core.tests.dll" id="fa401a77-74e5-1074-e285-63b4b33fe3d6">
      <Execution id="2cc5fefb-38dd-4a72-9fbe-bca5403580d9" />
      <TestMethod codeBase="C:\Users\futiliter\Downloads\Telegram Desktop\Openbullet 1.4.4 Anomaly Modded Version\OpenBulletRecreation\OpenBullet.Core.Tests\bin\Debug\net9.0\OpenBullet.Core.Tests.dll" adapterTypeName="executor://xunit/VsTestRunner2/netcoreapp" className="OpenBullet.Core.Tests.Step7_ParsersTests" name="ParserFactory_Should_Get_Suggested_Patterns" />
    </UnitTest>
    <UnitTest name="OpenBullet.Core.Tests.Step4_ScriptParserTests.ParseLine_With_Comment_Should_Return_Null" storage="c:\users\futiliter\downloads\telegram desktop\openbullet 1.4.4 anomaly modded version\openbulletrecreation\openbullet.core.tests\bin\debug\net9.0\openbullet.core.tests.dll" id="973958a0-ddda-ef61-3536-734320036212">
      <Execution id="11d12c08-51a8-4694-bf2a-c4cd904929a0" />
      <TestMethod codeBase="C:\Users\futiliter\Downloads\Telegram Desktop\Openbullet 1.4.4 Anomaly Modded Version\OpenBulletRecreation\OpenBullet.Core.Tests\bin\Debug\net9.0\OpenBullet.Core.Tests.dll" adapterTypeName="executor://xunit/VsTestRunner2/netcoreapp" className="OpenBullet.Core.Tests.Step4_ScriptParserTests" name="ParseLine_With_Comment_Should_Return_Null" />
    </UnitTest>
    <UnitTest name="OpenBullet.Core.Tests.Step9_ScriptEngineTests.ExecuteAsync_With_Stop_Flow_Control_Should_Stop_Execution" storage="c:\users\futiliter\downloads\telegram desktop\openbullet 1.4.4 anomaly modded version\openbulletrecreation\openbullet.core.tests\bin\debug\net9.0\openbullet.core.tests.dll" id="99025b28-6600-f42a-918d-4eb73ff42eac">
      <Execution id="3f16e4f0-9845-4ced-8df0-0457032d9c8e" />
      <TestMethod codeBase="C:\Users\futiliter\Downloads\Telegram Desktop\Openbullet 1.4.4 Anomaly Modded Version\OpenBulletRecreation\OpenBullet.Core.Tests\bin\Debug\net9.0\OpenBullet.Core.Tests.dll" adapterTypeName="executor://xunit/VsTestRunner2/netcoreapp" className="OpenBullet.Core.Tests.Step9_ScriptEngineTests" name="ExecuteAsync_With_Stop_Flow_Control_Should_Stop_Execution" />
    </UnitTest>
    <UnitTest name="OpenBullet.Core.Tests.Step7_ParsersTests.LeftRightParser_Should_Parse_Between_Delimiters" storage="c:\users\futiliter\downloads\telegram desktop\openbullet 1.4.4 anomaly modded version\openbulletrecreation\openbullet.core.tests\bin\debug\net9.0\openbullet.core.tests.dll" id="a65617e9-248e-82d5-e71f-804f194e9310">
      <Execution id="3320eb5d-eb49-4164-aff0-749458290381" />
      <TestMethod codeBase="C:\Users\futiliter\Downloads\Telegram Desktop\Openbullet 1.4.4 Anomaly Modded Version\OpenBulletRecreation\OpenBullet.Core.Tests\bin\Debug\net9.0\OpenBullet.Core.Tests.dll" adapterTypeName="executor://xunit/VsTestRunner2/netcoreapp" className="OpenBullet.Core.Tests.Step7_ParsersTests" name="LeftRightParser_Should_Parse_Between_Delimiters" />
    </UnitTest>
    <UnitTest name="OpenBullet.Core.Tests.Step10_ProxyManagerTests.GetNextProxyAsync_Should_Work_With_All_Rotation_Strategies(strategy: Random)" storage="c:\users\futiliter\downloads\telegram desktop\openbullet 1.4.4 anomaly modded version\openbulletrecreation\openbullet.core.tests\bin\debug\net9.0\openbullet.core.tests.dll" id="3c603292-bdd4-c1a8-9c09-b38b853fe6bc">
      <Execution id="0d763f33-f014-4140-a639-2fb329bbc5e5" />
      <TestMethod codeBase="C:\Users\futiliter\Downloads\Telegram Desktop\Openbullet 1.4.4 Anomaly Modded Version\OpenBulletRecreation\OpenBullet.Core.Tests\bin\Debug\net9.0\OpenBullet.Core.Tests.dll" adapterTypeName="executor://xunit/VsTestRunner2/netcoreapp" className="OpenBullet.Core.Tests.Step10_ProxyManagerTests" name="GetNextProxyAsync_Should_Work_With_All_Rotation_Strategies" />
    </UnitTest>
    <UnitTest name="OpenBullet.Core.Tests.Step8_KeyCheckCommandTests.ValidateInstruction_With_Valid_Statuses_Should_Pass(status: &quot;Retry&quot;)" storage="c:\users\futiliter\downloads\telegram desktop\openbullet 1.4.4 anomaly modded version\openbulletrecreation\openbullet.core.tests\bin\debug\net9.0\openbullet.core.tests.dll" id="8d82cafd-6f0f-bf94-bb65-148d75d4b4a9">
      <Execution id="936181d1-8b51-4fca-91a0-a5fdb7a80bf2" />
      <TestMethod codeBase="C:\Users\futiliter\Downloads\Telegram Desktop\Openbullet 1.4.4 Anomaly Modded Version\OpenBulletRecreation\OpenBullet.Core.Tests\bin\Debug\net9.0\OpenBullet.Core.Tests.dll" adapterTypeName="executor://xunit/VsTestRunner2/netcoreapp" className="OpenBullet.Core.Tests.Step8_KeyCheckCommandTests" name="ValidateInstruction_With_Valid_Statuses_Should_Pass" />
    </UnitTest>
    <UnitTest name="OpenBullet.Core.Tests.Step3_ConfigurationServiceTests.GetConfigsFromDirectoryAsync_With_Nonexistent_Directory_Should_Return_Empty" storage="c:\users\futiliter\downloads\telegram desktop\openbullet 1.4.4 anomaly modded version\openbulletrecreation\openbullet.core.tests\bin\debug\net9.0\openbullet.core.tests.dll" id="437e0d6e-4148-f695-ce3b-9251d0b65969">
      <Execution id="f8fa7959-df93-4893-9dd9-9d822c7f1f97" />
      <TestMethod codeBase="C:\Users\futiliter\Downloads\Telegram Desktop\Openbullet 1.4.4 Anomaly Modded Version\OpenBulletRecreation\OpenBullet.Core.Tests\bin\Debug\net9.0\OpenBullet.Core.Tests.dll" adapterTypeName="executor://xunit/VsTestRunner2/netcoreapp" className="OpenBullet.Core.Tests.Step3_ConfigurationServiceTests" name="GetConfigsFromDirectoryAsync_With_Nonexistent_Directory_Should_Return_Empty" />
    </UnitTest>
    <UnitTest name="OpenBullet.Core.Tests.Step10_ProxyExtensionsTests.GetPerformanceScore_Should_Calculate_Correctly(health: Healthy, successRate: 100, responseTimeMs: 500, expectedScore: 95)" storage="c:\users\futiliter\downloads\telegram desktop\openbullet 1.4.4 anomaly modded version\openbulletrecreation\openbullet.core.tests\bin\debug\net9.0\openbullet.core.tests.dll" id="1649cb82-dcf5-5e34-241c-3de0826d81c0">
      <Execution id="4bb74786-48af-4a12-81cc-0d69bf7ae7cb" />
      <TestMethod codeBase="C:\Users\futiliter\Downloads\Telegram Desktop\Openbullet 1.4.4 Anomaly Modded Version\OpenBulletRecreation\OpenBullet.Core.Tests\bin\Debug\net9.0\OpenBullet.Core.Tests.dll" adapterTypeName="executor://xunit/VsTestRunner2/netcoreapp" className="OpenBullet.Core.Tests.Step10_ProxyExtensionsTests" name="GetPerformanceScore_Should_Calculate_Correctly" />
    </UnitTest>
    <UnitTest name="OpenBullet.Core.Tests.Step11_DatabaseManagerTests.DatabaseManager_Should_Initialize_Successfully" storage="c:\users\futiliter\downloads\telegram desktop\openbullet 1.4.4 anomaly modded version\openbulletrecreation\openbullet.core.tests\bin\debug\net9.0\openbullet.core.tests.dll" id="6be0a5ed-292e-4cf1-8c7d-e3519b69a011">
      <Execution id="490c7740-ceb2-4c25-bb1e-e495152caa78" />
      <TestMethod codeBase="C:\Users\futiliter\Downloads\Telegram Desktop\Openbullet 1.4.4 Anomaly Modded Version\OpenBulletRecreation\OpenBullet.Core.Tests\bin\Debug\net9.0\OpenBullet.Core.Tests.dll" adapterTypeName="executor://xunit/VsTestRunner2/netcoreapp" className="OpenBullet.Core.Tests.Step11_DatabaseManagerTests" name="DatabaseManager_Should_Initialize_Successfully" />
    </UnitTest>
    <UnitTest name="OpenBullet.Core.Tests.Step10_ProxyJobManagerTests.StartProxyJobAsync_With_Insufficient_Proxies_Should_Show_Warning" storage="c:\users\futiliter\downloads\telegram desktop\openbullet 1.4.4 anomaly modded version\openbulletrecreation\openbullet.core.tests\bin\debug\net9.0\openbullet.core.tests.dll" id="1b5addab-f239-e14a-41d8-2e5abd5f68f7">
      <Execution id="15e118a8-55cd-448e-a24a-873cd9d254de" />
      <TestMethod codeBase="C:\Users\futiliter\Downloads\Telegram Desktop\Openbullet 1.4.4 Anomaly Modded Version\OpenBulletRecreation\OpenBullet.Core.Tests\bin\Debug\net9.0\OpenBullet.Core.Tests.dll" adapterTypeName="executor://xunit/VsTestRunner2/netcoreapp" className="OpenBullet.Core.Tests.Step10_ProxyJobManagerTests" name="StartProxyJobAsync_With_Insufficient_Proxies_Should_Show_Warning" />
    </UnitTest>
    <UnitTest name="OpenBullet.Core.Tests.Step6_ValidationTests.RequestCommand_Should_Validate_HTTP_Methods_Correctly(method: &quot;POST&quot;, shouldBeValid: True)" storage="c:\users\futiliter\downloads\telegram desktop\openbullet 1.4.4 anomaly modded version\openbulletrecreation\openbullet.core.tests\bin\debug\net9.0\openbullet.core.tests.dll" id="f3b753fc-a87e-3fe8-58af-81bbc01cb5df">
      <Execution id="b34800aa-51b5-459c-b3ee-fc728eb47fe5" />
      <TestMethod codeBase="C:\Users\futiliter\Downloads\Telegram Desktop\Openbullet 1.4.4 Anomaly Modded Version\OpenBulletRecreation\OpenBullet.Core.Tests\bin\Debug\net9.0\OpenBullet.Core.Tests.dll" adapterTypeName="executor://xunit/VsTestRunner2/netcoreapp" className="OpenBullet.Core.Tests.Step6_ValidationTests" name="RequestCommand_Should_Validate_HTTP_Methods_Correctly" />
    </UnitTest>
    <UnitTest name="OpenBullet.Core.Tests.Step10_ValidationTests.ProxyStrategy_Enum_Should_Have_Expected_Values" storage="c:\users\futiliter\downloads\telegram desktop\openbullet 1.4.4 anomaly modded version\openbulletrecreation\openbullet.core.tests\bin\debug\net9.0\openbullet.core.tests.dll" id="7dae8765-760e-4b4b-0d16-cc084a3be092">
      <Execution id="1ec4a280-a12d-4f91-b5cb-7dd09966990f" />
      <TestMethod codeBase="C:\Users\futiliter\Downloads\Telegram Desktop\Openbullet 1.4.4 Anomaly Modded Version\OpenBulletRecreation\OpenBullet.Core.Tests\bin\Debug\net9.0\OpenBullet.Core.Tests.dll" adapterTypeName="executor://xunit/VsTestRunner2/netcoreapp" className="OpenBullet.Core.Tests.Step10_ValidationTests" name="ProxyStrategy_Enum_Should_Have_Expected_Values" />
    </UnitTest>
    <UnitTest name="OpenBullet.Core.Tests.Step5_ValidationTests.LogLevel_Values_Should_Have_Correct_Numeric_Values(level: Information, expectedValue: 2)" storage="c:\users\futiliter\downloads\telegram desktop\openbullet 1.4.4 anomaly modded version\openbulletrecreation\openbullet.core.tests\bin\debug\net9.0\openbullet.core.tests.dll" id="2352f53f-4f84-b6fd-7a83-d186551e0277">
      <Execution id="846ac998-6ba4-4196-a2f9-c717121d174a" />
      <TestMethod codeBase="C:\Users\futiliter\Downloads\Telegram Desktop\Openbullet 1.4.4 Anomaly Modded Version\OpenBulletRecreation\OpenBullet.Core.Tests\bin\Debug\net9.0\OpenBullet.Core.Tests.dll" adapterTypeName="executor://xunit/VsTestRunner2/netcoreapp" className="OpenBullet.Core.Tests.Step5_ValidationTests" name="LogLevel_Values_Should_Have_Correct_Numeric_Values" />
    </UnitTest>
    <UnitTest name="OpenBullet.Core.Tests.Step5_ValidationTests.VariableManager_Should_Handle_Different_Types" storage="c:\users\futiliter\downloads\telegram desktop\openbullet 1.4.4 anomaly modded version\openbulletrecreation\openbullet.core.tests\bin\debug\net9.0\openbullet.core.tests.dll" id="b661abc9-d54d-ec64-33a4-0b8da4c5dd2c">
      <Execution id="5cf52880-276a-44a3-994b-b56067492d46" />
      <TestMethod codeBase="C:\Users\futiliter\Downloads\Telegram Desktop\Openbullet 1.4.4 Anomaly Modded Version\OpenBulletRecreation\OpenBullet.Core.Tests\bin\Debug\net9.0\OpenBullet.Core.Tests.dll" adapterTypeName="executor://xunit/VsTestRunner2/netcoreapp" className="OpenBullet.Core.Tests.Step5_ValidationTests" name="VariableManager_Should_Handle_Different_Types" />
    </UnitTest>
    <UnitTest name="OpenBullet.Core.Tests.Step6_ValidationTests.RequestCommand_Can_Be_Created_With_Valid_ServiceProvider" storage="c:\users\futiliter\downloads\telegram desktop\openbullet 1.4.4 anomaly modded version\openbulletrecreation\openbullet.core.tests\bin\debug\net9.0\openbullet.core.tests.dll" id="4bc0ba2d-3a38-9479-b614-c90a204fb1cb">
      <Execution id="877b4955-ef7e-40fd-a115-50de4eea03d9" />
      <TestMethod codeBase="C:\Users\futiliter\Downloads\Telegram Desktop\Openbullet 1.4.4 Anomaly Modded Version\OpenBulletRecreation\OpenBullet.Core.Tests\bin\Debug\net9.0\OpenBullet.Core.Tests.dll" adapterTypeName="executor://xunit/VsTestRunner2/netcoreapp" className="OpenBullet.Core.Tests.Step6_ValidationTests" name="RequestCommand_Can_Be_Created_With_Valid_ServiceProvider" />
    </UnitTest>
    <UnitTest name="OpenBullet.Core.Tests.Step10_ProxyExtensionsTests.ToDisplayString_Basic_Should_Format_Correctly(host: &quot;proxy.com&quot;, port: 1080, type: Socks5, username: &quot;user&quot;, password: &quot;pass&quot;, includeCredentials: True, expected: &quot;socks5://user:pass@proxy.com:1080&quot;)" storage="c:\users\futiliter\downloads\telegram desktop\openbullet 1.4.4 anomaly modded version\openbulletrecreation\openbullet.core.tests\bin\debug\net9.0\openbullet.core.tests.dll" id="29449348-3f69-c12b-fc41-b539693e4187">
      <Execution id="10c54ec9-ead6-4f76-9f1b-175e3200ad1c" />
      <TestMethod codeBase="C:\Users\futiliter\Downloads\Telegram Desktop\Openbullet 1.4.4 Anomaly Modded Version\OpenBulletRecreation\OpenBullet.Core.Tests\bin\Debug\net9.0\OpenBullet.Core.Tests.dll" adapterTypeName="executor://xunit/VsTestRunner2/netcoreapp" className="OpenBullet.Core.Tests.Step10_ProxyExtensionsTests" name="ToDisplayString_Basic_Should_Format_Correctly" />
    </UnitTest>
    <UnitTest name="OpenBullet.Core.Tests.Step10_ProxyExtensionsTests.IsHighPriority_Should_Determine_Priority_Correctly(health: Healthy, successRate: 95, responseTimeMs: 2500, expectedHighPriority: True)" storage="c:\users\futiliter\downloads\telegram desktop\openbullet 1.4.4 anomaly modded version\openbulletrecreation\openbullet.core.tests\bin\debug\net9.0\openbullet.core.tests.dll" id="0c065394-6552-202f-734b-73f02785745c">
      <Execution id="c4032125-6be8-486f-b741-f306bfa8ae30" />
      <TestMethod codeBase="C:\Users\futiliter\Downloads\Telegram Desktop\Openbullet 1.4.4 Anomaly Modded Version\OpenBulletRecreation\OpenBullet.Core.Tests\bin\Debug\net9.0\OpenBullet.Core.Tests.dll" adapterTypeName="executor://xunit/VsTestRunner2/netcoreapp" className="OpenBullet.Core.Tests.Step10_ProxyExtensionsTests" name="IsHighPriority_Should_Determine_Priority_Correctly" />
    </UnitTest>
    <UnitTest name="OpenBullet.Core.Tests.Step10_ProxyJobManagerTests.ProxyJobConfiguration_With_Invalid_Settings_Should_Fail_Validation" storage="c:\users\futiliter\downloads\telegram desktop\openbullet 1.4.4 anomaly modded version\openbulletrecreation\openbullet.core.tests\bin\debug\net9.0\openbullet.core.tests.dll" id="5bde0951-ad63-9f57-37ae-7a81f8a22879">
      <Execution id="6d4ad605-aa29-42fb-b768-898d4a3c06e1" />
      <TestMethod codeBase="C:\Users\futiliter\Downloads\Telegram Desktop\Openbullet 1.4.4 Anomaly Modded Version\OpenBulletRecreation\OpenBullet.Core.Tests\bin\Debug\net9.0\OpenBullet.Core.Tests.dll" adapterTypeName="executor://xunit/VsTestRunner2/netcoreapp" className="OpenBullet.Core.Tests.Step10_ProxyJobManagerTests" name="ProxyJobConfiguration_With_Invalid_Settings_Should_Fail_Validation" />
    </UnitTest>
    <UnitTest name="OpenBullet.Core.Tests.Step10_ProxyJobManagerTests.EventArgs_Should_Initialize_With_Defaults" storage="c:\users\futiliter\downloads\telegram desktop\openbullet 1.4.4 anomaly modded version\openbulletrecreation\openbullet.core.tests\bin\debug\net9.0\openbullet.core.tests.dll" id="ffc62fe7-bf10-ff76-8ea3-b36c986c00c3">
      <Execution id="3934d649-4167-46f8-bd7a-71b4d417492f" />
      <TestMethod codeBase="C:\Users\futiliter\Downloads\Telegram Desktop\Openbullet 1.4.4 Anomaly Modded Version\OpenBulletRecreation\OpenBullet.Core.Tests\bin\Debug\net9.0\OpenBullet.Core.Tests.dll" adapterTypeName="executor://xunit/VsTestRunner2/netcoreapp" className="OpenBullet.Core.Tests.Step10_ProxyJobManagerTests" name="EventArgs_Should_Initialize_With_Defaults" />
    </UnitTest>
    <UnitTest name="OpenBullet.Core.Tests.Step5_ValidationTests.LogLevel_Enum_Values_Should_Be_Available" storage="c:\users\futiliter\downloads\telegram desktop\openbullet 1.4.4 anomaly modded version\openbulletrecreation\openbullet.core.tests\bin\debug\net9.0\openbullet.core.tests.dll" id="74e8dcd7-fd59-c2bb-2e03-2b5e49692534">
      <Execution id="4f16852f-d658-4af1-a173-341b70e42182" />
      <TestMethod codeBase="C:\Users\futiliter\Downloads\Telegram Desktop\Openbullet 1.4.4 Anomaly Modded Version\OpenBulletRecreation\OpenBullet.Core.Tests\bin\Debug\net9.0\OpenBullet.Core.Tests.dll" adapterTypeName="executor://xunit/VsTestRunner2/netcoreapp" className="OpenBullet.Core.Tests.Step5_ValidationTests" name="LogLevel_Enum_Values_Should_Be_Available" />
    </UnitTest>
    <UnitTest name="OpenBullet.Core.Tests.Step7_ParsersTests.ParserFactory_Should_Create_Parsers_For_All_Types" storage="c:\users\futiliter\downloads\telegram desktop\openbullet 1.4.4 anomaly modded version\openbulletrecreation\openbullet.core.tests\bin\debug\net9.0\openbullet.core.tests.dll" id="68f9f0d5-1ffb-eb14-ca8b-d7d0d56ea79f">
      <Execution id="87b1eba0-be53-4f92-b572-028f850f5e74" />
      <TestMethod codeBase="C:\Users\futiliter\Downloads\Telegram Desktop\Openbullet 1.4.4 Anomaly Modded Version\OpenBulletRecreation\OpenBullet.Core.Tests\bin\Debug\net9.0\OpenBullet.Core.Tests.dll" adapterTypeName="executor://xunit/VsTestRunner2/netcoreapp" className="OpenBullet.Core.Tests.Step7_ParsersTests" name="ParserFactory_Should_Create_Parsers_For_All_Types" />
    </UnitTest>
    <UnitTest name="OpenBullet.Core.Tests.Step10_ProxyManagerTests.AddProxyAsync_With_Duplicate_Proxy_Should_Return_False" storage="c:\users\futiliter\downloads\telegram desktop\openbullet 1.4.4 anomaly modded version\openbulletrecreation\openbullet.core.tests\bin\debug\net9.0\openbullet.core.tests.dll" id="857e0bff-96ed-9ef0-0b5e-a499980fb5a6">
      <Execution id="5557a9b4-d3f0-454c-bf71-7f8114b34c46" />
      <TestMethod codeBase="C:\Users\futiliter\Downloads\Telegram Desktop\Openbullet 1.4.4 Anomaly Modded Version\OpenBulletRecreation\OpenBullet.Core.Tests\bin\Debug\net9.0\OpenBullet.Core.Tests.dll" adapterTypeName="executor://xunit/VsTestRunner2/netcoreapp" className="OpenBullet.Core.Tests.Step10_ProxyManagerTests" name="AddProxyAsync_With_Duplicate_Proxy_Should_Return_False" />
    </UnitTest>
    <UnitTest name="OpenBullet.Core.Tests.Step5_ValidationTests.VariableManager_Should_Handle_Lists" storage="c:\users\futiliter\downloads\telegram desktop\openbullet 1.4.4 anomaly modded version\openbulletrecreation\openbullet.core.tests\bin\debug\net9.0\openbullet.core.tests.dll" id="f179df7c-bae7-1aaa-b4b4-14f4d3305ab7">
      <Execution id="15b6a39f-29e4-4d85-a5c1-4f7df8b484b5" />
      <TestMethod codeBase="C:\Users\futiliter\Downloads\Telegram Desktop\Openbullet 1.4.4 Anomaly Modded Version\OpenBulletRecreation\OpenBullet.Core.Tests\bin\Debug\net9.0\OpenBullet.Core.Tests.dll" adapterTypeName="executor://xunit/VsTestRunner2/netcoreapp" className="OpenBullet.Core.Tests.Step5_ValidationTests" name="VariableManager_Should_Handle_Lists" />
    </UnitTest>
    <UnitTest name="OpenBullet.Core.Tests.Step8_ValidationTests.IKeyChecker_Interface_Should_Be_Properly_Defined" storage="c:\users\futiliter\downloads\telegram desktop\openbullet 1.4.4 anomaly modded version\openbulletrecreation\openbullet.core.tests\bin\debug\net9.0\openbullet.core.tests.dll" id="68c6d7f4-71b6-6add-0e5c-bcb265d1d3da">
      <Execution id="1fdeb641-5e82-4131-9f55-bc9cdcaa246b" />
      <TestMethod codeBase="C:\Users\futiliter\Downloads\Telegram Desktop\Openbullet 1.4.4 Anomaly Modded Version\OpenBulletRecreation\OpenBullet.Core.Tests\bin\Debug\net9.0\OpenBullet.Core.Tests.dll" adapterTypeName="executor://xunit/VsTestRunner2/netcoreapp" className="OpenBullet.Core.Tests.Step8_ValidationTests" name="IKeyChecker_Interface_Should_Be_Properly_Defined" />
    </UnitTest>
    <UnitTest name="OpenBullet.Core.Tests.Step6_ValidationTests.CommandFactory_Can_Be_Created" storage="c:\users\futiliter\downloads\telegram desktop\openbullet 1.4.4 anomaly modded version\openbulletrecreation\openbullet.core.tests\bin\debug\net9.0\openbullet.core.tests.dll" id="d11c9541-ada8-4e6c-de6e-7b3340a7505c">
      <Execution id="d32129d0-1524-4824-b7d4-6f9538cd66c4" />
      <TestMethod codeBase="C:\Users\futiliter\Downloads\Telegram Desktop\Openbullet 1.4.4 Anomaly Modded Version\OpenBulletRecreation\OpenBullet.Core.Tests\bin\Debug\net9.0\OpenBullet.Core.Tests.dll" adapterTypeName="executor://xunit/VsTestRunner2/netcoreapp" className="OpenBullet.Core.Tests.Step6_ValidationTests" name="CommandFactory_Can_Be_Created" />
    </UnitTest>
    <UnitTest name="OpenBullet.Core.Tests.Step6_RequestCommandTests.ValidateInstruction_With_Invalid_Timeout_Should_Fail" storage="c:\users\futiliter\downloads\telegram desktop\openbullet 1.4.4 anomaly modded version\openbulletrecreation\openbullet.core.tests\bin\debug\net9.0\openbullet.core.tests.dll" id="2461b60c-3c94-2efa-942c-f40653eb5daf">
      <Execution id="ff44becf-2869-45f6-92f8-b85a03c47820" />
      <TestMethod codeBase="C:\Users\futiliter\Downloads\Telegram Desktop\Openbullet 1.4.4 Anomaly Modded Version\OpenBulletRecreation\OpenBullet.Core.Tests\bin\Debug\net9.0\OpenBullet.Core.Tests.dll" adapterTypeName="executor://xunit/VsTestRunner2/netcoreapp" className="OpenBullet.Core.Tests.Step6_RequestCommandTests" name="ValidateInstruction_With_Invalid_Timeout_Should_Fail" />
    </UnitTest>
    <UnitTest name="OpenBullet.Core.Tests.Step5_VariableManagerTests.RemoveVariable_Should_Return_False_For_Missing_Variable" storage="c:\users\futiliter\downloads\telegram desktop\openbullet 1.4.4 anomaly modded version\openbulletrecreation\openbullet.core.tests\bin\debug\net9.0\openbullet.core.tests.dll" id="53c167cc-8451-6ea2-de4c-d6ab1b2369c3">
      <Execution id="3c03edc5-28a1-4921-9ed6-920bed197ac7" />
      <TestMethod codeBase="C:\Users\futiliter\Downloads\Telegram Desktop\Openbullet 1.4.4 Anomaly Modded Version\OpenBulletRecreation\OpenBullet.Core.Tests\bin\Debug\net9.0\OpenBullet.Core.Tests.dll" adapterTypeName="executor://xunit/VsTestRunner2/netcoreapp" className="OpenBullet.Core.Tests.Step5_VariableManagerTests" name="RemoveVariable_Should_Return_False_For_Missing_Variable" />
    </UnitTest>
    <UnitTest name="OpenBullet.Core.Tests.Step6_ValidationTests.RequestCommand_ValidateInstruction_Should_Handle_Basic_Cases" storage="c:\users\futiliter\downloads\telegram desktop\openbullet 1.4.4 anomaly modded version\openbulletrecreation\openbullet.core.tests\bin\debug\net9.0\openbullet.core.tests.dll" id="3e5af76e-3385-17a3-1b33-2e6c06dc4e51">
      <Execution id="3431793a-70b4-45c5-a1c2-8745591b44c5" />
      <TestMethod codeBase="C:\Users\futiliter\Downloads\Telegram Desktop\Openbullet 1.4.4 Anomaly Modded Version\OpenBulletRecreation\OpenBullet.Core.Tests\bin\Debug\net9.0\OpenBullet.Core.Tests.dll" adapterTypeName="executor://xunit/VsTestRunner2/netcoreapp" className="OpenBullet.Core.Tests.Step6_ValidationTests" name="RequestCommand_ValidateInstruction_Should_Handle_Basic_Cases" />
    </UnitTest>
    <UnitTest name="OpenBullet.Core.Tests.Step6_RequestCommandTests.ValidateInstruction_With_Valid_HTTP_Methods_Should_Pass(method: &quot;OPTIONS&quot;)" storage="c:\users\futiliter\downloads\telegram desktop\openbullet 1.4.4 anomaly modded version\openbulletrecreation\openbullet.core.tests\bin\debug\net9.0\openbullet.core.tests.dll" id="58cfe46c-49db-945e-3de3-3d50b09f64db">
      <Execution id="eb557b80-c180-4a9b-9bef-26d433e17eea" />
      <TestMethod codeBase="C:\Users\futiliter\Downloads\Telegram Desktop\Openbullet 1.4.4 Anomaly Modded Version\OpenBulletRecreation\OpenBullet.Core.Tests\bin\Debug\net9.0\OpenBullet.Core.Tests.dll" adapterTypeName="executor://xunit/VsTestRunner2/netcoreapp" className="OpenBullet.Core.Tests.Step6_RequestCommandTests" name="ValidateInstruction_With_Valid_HTTP_Methods_Should_Pass" />
    </UnitTest>
    <UnitTest name="OpenBullet.Core.Tests.Step3_ConfigurationServiceTests.LoadConfigAsync_With_Minimal_File_Should_Parse_With_Defaults" storage="c:\users\futiliter\downloads\telegram desktop\openbullet 1.4.4 anomaly modded version\openbulletrecreation\openbullet.core.tests\bin\debug\net9.0\openbullet.core.tests.dll" id="0f58601a-65b4-76cc-b92f-8bc4ff800416">
      <Execution id="979cf86b-1fa8-4ff5-8bb1-06e0f91da577" />
      <TestMethod codeBase="C:\Users\futiliter\Downloads\Telegram Desktop\Openbullet 1.4.4 Anomaly Modded Version\OpenBulletRecreation\OpenBullet.Core.Tests\bin\Debug\net9.0\OpenBullet.Core.Tests.dll" adapterTypeName="executor://xunit/VsTestRunner2/netcoreapp" className="OpenBullet.Core.Tests.Step3_ConfigurationServiceTests" name="LoadConfigAsync_With_Minimal_File_Should_Parse_With_Defaults" />
    </UnitTest>
    <UnitTest name="OpenBullet.Core.Tests.Step6_RequestCommandTests.ValidateInstruction_With_Missing_Arguments_Should_Fail" storage="c:\users\futiliter\downloads\telegram desktop\openbullet 1.4.4 anomaly modded version\openbulletrecreation\openbullet.core.tests\bin\debug\net9.0\openbullet.core.tests.dll" id="96eb43c8-a067-59e8-ea7d-da5eac7320d8">
      <Execution id="2c28d343-048b-47c7-a2be-e9539ecfca99" />
      <TestMethod codeBase="C:\Users\futiliter\Downloads\Telegram Desktop\Openbullet 1.4.4 Anomaly Modded Version\OpenBulletRecreation\OpenBullet.Core.Tests\bin\Debug\net9.0\OpenBullet.Core.Tests.dll" adapterTypeName="executor://xunit/VsTestRunner2/netcoreapp" className="OpenBullet.Core.Tests.Step6_RequestCommandTests" name="ValidateInstruction_With_Missing_Arguments_Should_Fail" />
    </UnitTest>
    <UnitTest name="OpenBullet.Core.Tests.Step5_ExecutionContextTests.Status_Property_Should_Not_Fire_Event_When_Set_To_Same_Value" storage="c:\users\futiliter\downloads\telegram desktop\openbullet 1.4.4 anomaly modded version\openbulletrecreation\openbullet.core.tests\bin\debug\net9.0\openbullet.core.tests.dll" id="18420771-3c40-2f0b-7427-bd8657978937">
      <Execution id="f8ccf126-a916-40e3-9ed5-3d5ffadbe548" />
      <TestMethod codeBase="C:\Users\futiliter\Downloads\Telegram Desktop\Openbullet 1.4.4 Anomaly Modded Version\OpenBulletRecreation\OpenBullet.Core.Tests\bin\Debug\net9.0\OpenBullet.Core.Tests.dll" adapterTypeName="executor://xunit/VsTestRunner2/netcoreapp" className="OpenBullet.Core.Tests.Step5_ExecutionContextTests" name="Status_Property_Should_Not_Fire_Event_When_Set_To_Same_Value" />
    </UnitTest>
    <UnitTest name="OpenBullet.Core.Tests.Step5_ValidationTests.VariableScope_Values_Should_Be_Distinct(scope: Global)" storage="c:\users\futiliter\downloads\telegram desktop\openbullet 1.4.4 anomaly modded version\openbulletrecreation\openbullet.core.tests\bin\debug\net9.0\openbullet.core.tests.dll" id="945a8485-c53c-5030-db53-446e4438116a">
      <Execution id="e9a26de4-cd64-48b7-8770-8aa335000362" />
      <TestMethod codeBase="C:\Users\futiliter\Downloads\Telegram Desktop\Openbullet 1.4.4 Anomaly Modded Version\OpenBulletRecreation\OpenBullet.Core.Tests\bin\Debug\net9.0\OpenBullet.Core.Tests.dll" adapterTypeName="executor://xunit/VsTestRunner2/netcoreapp" className="OpenBullet.Core.Tests.Step5_ValidationTests" name="VariableScope_Values_Should_Be_Distinct" />
    </UnitTest>
    <UnitTest name="OpenBullet.Core.Tests.Step3_ValidationTests.ParseConfigContent_Should_Handle_All_Boolean_Settings" storage="c:\users\futiliter\downloads\telegram desktop\openbullet 1.4.4 anomaly modded version\openbulletrecreation\openbullet.core.tests\bin\debug\net9.0\openbullet.core.tests.dll" id="e551e131-6d29-215c-47af-14f91061a57f">
      <Execution id="4ebd8dec-396a-4a6f-abcd-cf7ff16cc05b" />
      <TestMethod codeBase="C:\Users\futiliter\Downloads\Telegram Desktop\Openbullet 1.4.4 Anomaly Modded Version\OpenBulletRecreation\OpenBullet.Core.Tests\bin\Debug\net9.0\OpenBullet.Core.Tests.dll" adapterTypeName="executor://xunit/VsTestRunner2/netcoreapp" className="OpenBullet.Core.Tests.Step3_ValidationTests" name="ParseConfigContent_Should_Handle_All_Boolean_Settings" />
    </UnitTest>
    <UnitTest name="OpenBullet.Core.Tests.Step6_RequestCommandTests.ExecuteAsync_With_SubInstructions_Should_Process_All" storage="c:\users\futiliter\downloads\telegram desktop\openbullet 1.4.4 anomaly modded version\openbulletrecreation\openbullet.core.tests\bin\debug\net9.0\openbullet.core.tests.dll" id="8df55b78-708a-2ef2-2500-017602b95b45">
      <Execution id="a4a5d088-0f18-4a43-9259-d57cecba57bf" />
      <TestMethod codeBase="C:\Users\futiliter\Downloads\Telegram Desktop\Openbullet 1.4.4 Anomaly Modded Version\OpenBulletRecreation\OpenBullet.Core.Tests\bin\Debug\net9.0\OpenBullet.Core.Tests.dll" adapterTypeName="executor://xunit/VsTestRunner2/netcoreapp" className="OpenBullet.Core.Tests.Step6_RequestCommandTests" name="ExecuteAsync_With_SubInstructions_Should_Process_All" />
    </UnitTest>
    <UnitTest name="OpenBullet.Core.Tests.Step7_ValidationTests.ParseCommand_Should_Throw_With_Invalid_ServiceProvider" storage="c:\users\futiliter\downloads\telegram desktop\openbullet 1.4.4 anomaly modded version\openbulletrecreation\openbullet.core.tests\bin\debug\net9.0\openbullet.core.tests.dll" id="b66eef98-13d1-4ff0-6047-9434685fd210">
      <Execution id="cf77726b-702b-4d91-a72e-421f74f70543" />
      <TestMethod codeBase="C:\Users\futiliter\Downloads\Telegram Desktop\Openbullet 1.4.4 Anomaly Modded Version\OpenBulletRecreation\OpenBullet.Core.Tests\bin\Debug\net9.0\OpenBullet.Core.Tests.dll" adapterTypeName="executor://xunit/VsTestRunner2/netcoreapp" className="OpenBullet.Core.Tests.Step7_ValidationTests" name="ParseCommand_Should_Throw_With_Invalid_ServiceProvider" />
    </UnitTest>
    <UnitTest name="OpenBullet.Core.Tests.Step5_ExecutionContextTests.GetCapture_Should_Return_Default_For_Missing_Data" storage="c:\users\futiliter\downloads\telegram desktop\openbullet 1.4.4 anomaly modded version\openbulletrecreation\openbullet.core.tests\bin\debug\net9.0\openbullet.core.tests.dll" id="dfe93350-c7d4-cbe2-be19-2588907bbbfd">
      <Execution id="bc719425-4b0e-4209-b2b6-d0d74b9f398a" />
      <TestMethod codeBase="C:\Users\futiliter\Downloads\Telegram Desktop\Openbullet 1.4.4 Anomaly Modded Version\OpenBulletRecreation\OpenBullet.Core.Tests\bin\Debug\net9.0\OpenBullet.Core.Tests.dll" adapterTypeName="executor://xunit/VsTestRunner2/netcoreapp" className="OpenBullet.Core.Tests.Step5_ExecutionContextTests" name="GetCapture_Should_Return_Default_For_Missing_Data" />
    </UnitTest>
    <UnitTest name="OpenBullet.Core.Tests.Step7_ValidationTests.IParserFactory_Interface_Should_Be_Properly_Defined" storage="c:\users\futiliter\downloads\telegram desktop\openbullet 1.4.4 anomaly modded version\openbulletrecreation\openbullet.core.tests\bin\debug\net9.0\openbullet.core.tests.dll" id="5f922443-b093-b25c-2fcc-b9fb03f0edb7">
      <Execution id="cbec51cd-bc26-4646-803c-3e8df028a33c" />
      <TestMethod codeBase="C:\Users\futiliter\Downloads\Telegram Desktop\Openbullet 1.4.4 Anomaly Modded Version\OpenBulletRecreation\OpenBullet.Core.Tests\bin\Debug\net9.0\OpenBullet.Core.Tests.dll" adapterTypeName="executor://xunit/VsTestRunner2/netcoreapp" className="OpenBullet.Core.Tests.Step7_ValidationTests" name="IParserFactory_Interface_Should_Be_Properly_Defined" />
    </UnitTest>
    <UnitTest name="OpenBullet.Core.Tests.Step5_ValidationTests.ExecutionStatus_Values_Should_Be_Distinct(status: Completed)" storage="c:\users\futiliter\downloads\telegram desktop\openbullet 1.4.4 anomaly modded version\openbulletrecreation\openbullet.core.tests\bin\debug\net9.0\openbullet.core.tests.dll" id="4d955c5f-8b61-1aef-e38e-2f73a9d86646">
      <Execution id="afbaa7d8-1768-4f22-a3d8-3e38d75f9391" />
      <TestMethod codeBase="C:\Users\futiliter\Downloads\Telegram Desktop\Openbullet 1.4.4 Anomaly Modded Version\OpenBulletRecreation\OpenBullet.Core.Tests\bin\Debug\net9.0\OpenBullet.Core.Tests.dll" adapterTypeName="executor://xunit/VsTestRunner2/netcoreapp" className="OpenBullet.Core.Tests.Step5_ValidationTests" name="ExecutionStatus_Values_Should_Be_Distinct" />
    </UnitTest>
    <UnitTest name="OpenBullet.Core.Tests.Step7_ValidationTests.ParseType_String_Conversion_Should_Work(stringValue: &quot;LR&quot;, expectedType: LeftRight)" storage="c:\users\futiliter\downloads\telegram desktop\openbullet 1.4.4 anomaly modded version\openbulletrecreation\openbullet.core.tests\bin\debug\net9.0\openbullet.core.tests.dll" id="b54b547b-4903-c771-76e3-21a963dde920">
      <Execution id="069c93ba-be01-4aa6-b6e8-fa6f331554ba" />
      <TestMethod codeBase="C:\Users\futiliter\Downloads\Telegram Desktop\Openbullet 1.4.4 Anomaly Modded Version\OpenBulletRecreation\OpenBullet.Core.Tests\bin\Debug\net9.0\OpenBullet.Core.Tests.dll" adapterTypeName="executor://xunit/VsTestRunner2/netcoreapp" className="OpenBullet.Core.Tests.Step7_ValidationTests" name="ParseType_String_Conversion_Should_Work" />
    </UnitTest>
    <UnitTest name="OpenBullet.Core.Tests.Step5_ValidationTests.Step5TestHelpers_Should_Create_Valid_Objects" storage="c:\users\futiliter\downloads\telegram desktop\openbullet 1.4.4 anomaly modded version\openbulletrecreation\openbullet.core.tests\bin\debug\net9.0\openbullet.core.tests.dll" id="59911ad0-698f-36ea-0182-9a4eb60f5b60">
      <Execution id="30e837a5-5bed-4ff2-84f0-858d34bf82bd" />
      <TestMethod codeBase="C:\Users\futiliter\Downloads\Telegram Desktop\Openbullet 1.4.4 Anomaly Modded Version\OpenBulletRecreation\OpenBullet.Core.Tests\bin\Debug\net9.0\OpenBullet.Core.Tests.dll" adapterTypeName="executor://xunit/VsTestRunner2/netcoreapp" className="OpenBullet.Core.Tests.Step5_ValidationTests" name="Step5TestHelpers_Should_Create_Valid_Objects" />
    </UnitTest>
    <UnitTest name="OpenBullet.Core.Tests.Step13_ConfigurationEditorTests.ValidateScript_Should_Detect_Syntax_Errors(invalidScript: &quot;INVALID_COMMAND GET \&quot;url\&quot;&quot;, expectedErrorType: &quot;Unknown command&quot;)" storage="c:\users\futiliter\downloads\telegram desktop\openbullet 1.4.4 anomaly modded version\openbulletrecreation\openbullet.core.tests\bin\debug\net9.0\openbullet.core.tests.dll" id="9c49c18f-333e-b167-0629-864bbad82609">
      <Execution id="5d017442-7995-446d-97e6-e23bb6406a2b" />
      <TestMethod codeBase="C:\Users\futiliter\Downloads\Telegram Desktop\Openbullet 1.4.4 Anomaly Modded Version\OpenBulletRecreation\OpenBullet.Core.Tests\bin\Debug\net9.0\OpenBullet.Core.Tests.dll" adapterTypeName="executor://xunit/VsTestRunner2/netcoreapp" className="OpenBullet.Core.Tests.Step13_ConfigurationEditorTests" name="ValidateScript_Should_Detect_Syntax_Errors" />
    </UnitTest>
    <UnitTest name="OpenBullet.Core.Tests.Step2_ValidationTests.HttpResponseWrapper_Implements_IDisposable" storage="c:\users\futiliter\downloads\telegram desktop\openbullet 1.4.4 anomaly modded version\openbulletrecreation\openbullet.core.tests\bin\debug\net9.0\openbullet.core.tests.dll" id="df73b972-cba0-8798-33f1-29d4f1cf6b22">
      <Execution id="f2cfcc0a-5a4a-4ec8-9a95-85a813d5e7ac" />
      <TestMethod codeBase="C:\Users\futiliter\Downloads\Telegram Desktop\Openbullet 1.4.4 Anomaly Modded Version\OpenBulletRecreation\OpenBullet.Core.Tests\bin\Debug\net9.0\OpenBullet.Core.Tests.dll" adapterTypeName="executor://xunit/VsTestRunner2/netcoreapp" className="OpenBullet.Core.Tests.Step2_ValidationTests" name="HttpResponseWrapper_Implements_IDisposable" />
    </UnitTest>
    <UnitTest name="OpenBullet.Core.Tests.Step3_PerformanceTests.ParseConfigContent_Should_Be_Fast" storage="c:\users\futiliter\downloads\telegram desktop\openbullet 1.4.4 anomaly modded version\openbulletrecreation\openbullet.core.tests\bin\debug\net9.0\openbullet.core.tests.dll" id="4064cbf5-2b6b-a24f-63a1-f2e162325cea">
      <Execution id="25db0118-c335-4772-b03f-2bb7583f1d2a" />
      <TestMethod codeBase="C:\Users\futiliter\Downloads\Telegram Desktop\Openbullet 1.4.4 Anomaly Modded Version\OpenBulletRecreation\OpenBullet.Core.Tests\bin\Debug\net9.0\OpenBullet.Core.Tests.dll" adapterTypeName="executor://xunit/VsTestRunner2/netcoreapp" className="OpenBullet.Core.Tests.Step3_PerformanceTests" name="ParseConfigContent_Should_Be_Fast" />
    </UnitTest>
    <UnitTest name="OpenBullet.Core.Tests.Step13_ConfigurationEditorTests.SyntaxHighlighting_Should_Be_Fast_For_Large_Scripts" storage="c:\users\futiliter\downloads\telegram desktop\openbullet 1.4.4 anomaly modded version\openbulletrecreation\openbullet.core.tests\bin\debug\net9.0\openbullet.core.tests.dll" id="e7d51273-9093-1521-7934-bbea40dab723">
      <Execution id="25324cad-d11d-4c93-883a-e4c88882ed35" />
      <TestMethod codeBase="C:\Users\futiliter\Downloads\Telegram Desktop\Openbullet 1.4.4 Anomaly Modded Version\OpenBulletRecreation\OpenBullet.Core.Tests\bin\Debug\net9.0\OpenBullet.Core.Tests.dll" adapterTypeName="executor://xunit/VsTestRunner2/netcoreapp" className="OpenBullet.Core.Tests.Step13_ConfigurationEditorTests" name="SyntaxHighlighting_Should_Be_Fast_For_Large_Scripts" />
    </UnitTest>
    <UnitTest name="OpenBullet.Core.Tests.Step7_ParsersTests.CssParser_Should_Parse_HTML_With_CSS_Selector" storage="c:\users\futiliter\downloads\telegram desktop\openbullet 1.4.4 anomaly modded version\openbulletrecreation\openbullet.core.tests\bin\debug\net9.0\openbullet.core.tests.dll" id="7131bd4c-a48a-0f0f-a536-716be4b4c07d">
      <Execution id="8c974a30-6ee4-4604-95b5-2b9caed65969" />
      <TestMethod codeBase="C:\Users\futiliter\Downloads\Telegram Desktop\Openbullet 1.4.4 Anomaly Modded Version\OpenBulletRecreation\OpenBullet.Core.Tests\bin\Debug\net9.0\OpenBullet.Core.Tests.dll" adapterTypeName="executor://xunit/VsTestRunner2/netcoreapp" className="OpenBullet.Core.Tests.Step7_ParsersTests" name="CssParser_Should_Parse_HTML_With_CSS_Selector" />
    </UnitTest>
    <UnitTest name="OpenBullet.Core.Tests.Step11_DatabaseContextTests.Complex_Queries_Should_Work" storage="c:\users\futiliter\downloads\telegram desktop\openbullet 1.4.4 anomaly modded version\openbulletrecreation\openbullet.core.tests\bin\debug\net9.0\openbullet.core.tests.dll" id="39e28652-04ec-cd2a-9c71-82b2792bea14">
      <Execution id="68cdbe7d-6dea-45d7-8048-081ad9589e19" />
      <TestMethod codeBase="C:\Users\futiliter\Downloads\Telegram Desktop\Openbullet 1.4.4 Anomaly Modded Version\OpenBulletRecreation\OpenBullet.Core.Tests\bin\Debug\net9.0\OpenBullet.Core.Tests.dll" adapterTypeName="executor://xunit/VsTestRunner2/netcoreapp" className="OpenBullet.Core.Tests.Step11_DatabaseContextTests" name="Complex_Queries_Should_Work" />
    </UnitTest>
    <UnitTest name="OpenBullet.Core.Tests.Step8_KeyCheckerTests.EvaluateKey_With_Various_Conditions_Should_Work(condition: EndsWith, sourceValue: &quot;Welcome to the dashboard!&quot;, targetValue: &quot;DASHBOARD!&quot;, expected: False)" storage="c:\users\futiliter\downloads\telegram desktop\openbullet 1.4.4 anomaly modded version\openbulletrecreation\openbullet.core.tests\bin\debug\net9.0\openbullet.core.tests.dll" id="2bb979f9-ca5b-3153-722f-c99eea6aa974">
      <Execution id="0edf2518-dab7-4830-9b45-52df9693de35" />
      <TestMethod codeBase="C:\Users\futiliter\Downloads\Telegram Desktop\Openbullet 1.4.4 Anomaly Modded Version\OpenBulletRecreation\OpenBullet.Core.Tests\bin\Debug\net9.0\OpenBullet.Core.Tests.dll" adapterTypeName="executor://xunit/VsTestRunner2/netcoreapp" className="OpenBullet.Core.Tests.Step8_KeyCheckerTests" name="EvaluateKey_With_Various_Conditions_Should_Work" />
    </UnitTest>
    <UnitTest name="OpenBullet.Core.Tests.Step5_ValidationTests.VariableManager_Should_Handle_Dictionaries" storage="c:\users\futiliter\downloads\telegram desktop\openbullet 1.4.4 anomaly modded version\openbulletrecreation\openbullet.core.tests\bin\debug\net9.0\openbullet.core.tests.dll" id="af479e99-0d4f-2044-20f6-4b3e4ff8fda6">
      <Execution id="bceb9eea-f3cb-469c-bc03-b9759c93c339" />
      <TestMethod codeBase="C:\Users\futiliter\Downloads\Telegram Desktop\Openbullet 1.4.4 Anomaly Modded Version\OpenBulletRecreation\OpenBullet.Core.Tests\bin\Debug\net9.0\OpenBullet.Core.Tests.dll" adapterTypeName="executor://xunit/VsTestRunner2/netcoreapp" className="OpenBullet.Core.Tests.Step5_ValidationTests" name="VariableManager_Should_Handle_Dictionaries" />
    </UnitTest>
    <UnitTest name="OpenBullet.Core.Tests.Step8_KeyCheckCommandTests.ValidateInstruction_With_Invalid_Status_Should_Fail" storage="c:\users\futiliter\downloads\telegram desktop\openbullet 1.4.4 anomaly modded version\openbulletrecreation\openbullet.core.tests\bin\debug\net9.0\openbullet.core.tests.dll" id="b878d5a2-938d-3c9b-0cef-4c0c65e5795a">
      <Execution id="2ab8d271-0e7e-410f-b768-f219387c9658" />
      <TestMethod codeBase="C:\Users\futiliter\Downloads\Telegram Desktop\Openbullet 1.4.4 Anomaly Modded Version\OpenBulletRecreation\OpenBullet.Core.Tests\bin\Debug\net9.0\OpenBullet.Core.Tests.dll" adapterTypeName="executor://xunit/VsTestRunner2/netcoreapp" className="OpenBullet.Core.Tests.Step8_KeyCheckCommandTests" name="ValidateInstruction_With_Invalid_Status_Should_Fail" />
    </UnitTest>
    <UnitTest name="OpenBullet.Core.Tests.Step8_KeyCheckerTests.EvaluateKey_With_Contains_Condition_Should_Work" storage="c:\users\futiliter\downloads\telegram desktop\openbullet 1.4.4 anomaly modded version\openbulletrecreation\openbullet.core.tests\bin\debug\net9.0\openbullet.core.tests.dll" id="aaf1bc9d-b7bd-4541-8a05-dbf993f0060b">
      <Execution id="3222c202-c35d-4f65-9bf2-95b794a48f38" />
      <TestMethod codeBase="C:\Users\futiliter\Downloads\Telegram Desktop\Openbullet 1.4.4 Anomaly Modded Version\OpenBulletRecreation\OpenBullet.Core.Tests\bin\Debug\net9.0\OpenBullet.Core.Tests.dll" adapterTypeName="executor://xunit/VsTestRunner2/netcoreapp" className="OpenBullet.Core.Tests.Step8_KeyCheckerTests" name="EvaluateKey_With_Contains_Condition_Should_Work" />
    </UnitTest>
    <UnitTest name="OpenBullet.Core.Tests.Step1_CoreInterfacesTests.CommandResult_Should_Initialize_With_Default_Values" storage="c:\users\futiliter\downloads\telegram desktop\openbullet 1.4.4 anomaly modded version\openbulletrecreation\openbullet.core.tests\bin\debug\net9.0\openbullet.core.tests.dll" id="1bf4afb0-961f-d01f-638b-e235fae8883b">
      <Execution id="800e7698-7640-44d9-8f3c-e32e75f63901" />
      <TestMethod codeBase="C:\Users\futiliter\Downloads\Telegram Desktop\Openbullet 1.4.4 Anomaly Modded Version\OpenBulletRecreation\OpenBullet.Core.Tests\bin\Debug\net9.0\OpenBullet.Core.Tests.dll" adapterTypeName="executor://xunit/VsTestRunner2/netcoreapp" className="OpenBullet.Core.Tests.Step1_CoreInterfacesTests" name="CommandResult_Should_Initialize_With_Default_Values" />
    </UnitTest>
    <UnitTest name="OpenBullet.Core.Tests.Step5_ExecutionContextTests.ExecutionContext_Should_Initialize_Successfully" storage="c:\users\futiliter\downloads\telegram desktop\openbullet 1.4.4 anomaly modded version\openbulletrecreation\openbullet.core.tests\bin\debug\net9.0\openbullet.core.tests.dll" id="876d4165-c411-58f3-b6e4-4d69672376fe">
      <Execution id="15ac810b-45ec-42b9-b408-46298b800fe8" />
      <TestMethod codeBase="C:\Users\futiliter\Downloads\Telegram Desktop\Openbullet 1.4.4 Anomaly Modded Version\OpenBulletRecreation\OpenBullet.Core.Tests\bin\Debug\net9.0\OpenBullet.Core.Tests.dll" adapterTypeName="executor://xunit/VsTestRunner2/netcoreapp" className="OpenBullet.Core.Tests.Step5_ExecutionContextTests" name="ExecutionContext_Should_Initialize_Successfully" />
    </UnitTest>
    <UnitTest name="OpenBullet.Core.Tests.Step7_ParseCommandTests.ExecuteAsync_With_Boolean_Parameters_Should_Apply_Options" storage="c:\users\futiliter\downloads\telegram desktop\openbullet 1.4.4 anomaly modded version\openbulletrecreation\openbullet.core.tests\bin\debug\net9.0\openbullet.core.tests.dll" id="24af7e81-cde3-226a-eb3f-726b9c92c9c1">
      <Execution id="edc9ebd4-4d0d-4202-9d66-e23dda0431ee" />
      <TestMethod codeBase="C:\Users\futiliter\Downloads\Telegram Desktop\Openbullet 1.4.4 Anomaly Modded Version\OpenBulletRecreation\OpenBullet.Core.Tests\bin\Debug\net9.0\OpenBullet.Core.Tests.dll" adapterTypeName="executor://xunit/VsTestRunner2/netcoreapp" className="OpenBullet.Core.Tests.Step7_ParseCommandTests" name="ExecuteAsync_With_Boolean_Parameters_Should_Apply_Options" />
    </UnitTest>
    <UnitTest name="OpenBullet.Core.Tests.Step10_ProxyManagerTests.SetConfiguration_Should_Update_Configuration" storage="c:\users\futiliter\downloads\telegram desktop\openbullet 1.4.4 anomaly modded version\openbulletrecreation\openbullet.core.tests\bin\debug\net9.0\openbullet.core.tests.dll" id="ec7de5ee-2465-685b-85b8-7a3b6ac22a28">
      <Execution id="e59e1e2d-066e-41a2-a2af-9b6a12f649bb" />
      <TestMethod codeBase="C:\Users\futiliter\Downloads\Telegram Desktop\Openbullet 1.4.4 Anomaly Modded Version\OpenBulletRecreation\OpenBullet.Core.Tests\bin\Debug\net9.0\OpenBullet.Core.Tests.dll" adapterTypeName="executor://xunit/VsTestRunner2/netcoreapp" className="OpenBullet.Core.Tests.Step10_ProxyManagerTests" name="SetConfiguration_Should_Update_Configuration" />
    </UnitTest>
    <UnitTest name="OpenBullet.Core.Tests.Step9_ScriptEngineTests.ExecuteAsync_With_Cancellation_Should_Cancel_Gracefully" storage="c:\users\futiliter\downloads\telegram desktop\openbullet 1.4.4 anomaly modded version\openbulletrecreation\openbullet.core.tests\bin\debug\net9.0\openbullet.core.tests.dll" id="d04391df-420e-7590-2c4d-1629acdfc18a">
      <Execution id="3e58cedb-d403-4656-998f-124ee93f697b" />
      <TestMethod codeBase="C:\Users\futiliter\Downloads\Telegram Desktop\Openbullet 1.4.4 Anomaly Modded Version\OpenBulletRecreation\OpenBullet.Core.Tests\bin\Debug\net9.0\OpenBullet.Core.Tests.dll" adapterTypeName="executor://xunit/VsTestRunner2/netcoreapp" className="OpenBullet.Core.Tests.Step9_ScriptEngineTests" name="ExecuteAsync_With_Cancellation_Should_Cancel_Gracefully" />
    </UnitTest>
    <UnitTest name="OpenBullet.Core.Tests.Step9_BotRunnerTests.BotStatusExtensions_ShouldRetry_Should_Work_Correctly(status: Error, expectedShouldRetry: False)" storage="c:\users\futiliter\downloads\telegram desktop\openbullet 1.4.4 anomaly modded version\openbulletrecreation\openbullet.core.tests\bin\debug\net9.0\openbullet.core.tests.dll" id="5a2d6cd4-b61d-cc50-f56f-d0d08b920f51">
      <Execution id="b41350ca-9b32-46e6-8adc-3c696d618719" />
      <TestMethod codeBase="C:\Users\futiliter\Downloads\Telegram Desktop\Openbullet 1.4.4 Anomaly Modded Version\OpenBulletRecreation\OpenBullet.Core.Tests\bin\Debug\net9.0\OpenBullet.Core.Tests.dll" adapterTypeName="executor://xunit/VsTestRunner2/netcoreapp" className="OpenBullet.Core.Tests.Step9_BotRunnerTests" name="BotStatusExtensions_ShouldRetry_Should_Work_Correctly" />
    </UnitTest>
    <UnitTest name="OpenBullet.Core.Tests.Step1_CoreInterfacesTests.BotData_GetVariable_Should_Return_Correct_Type" storage="c:\users\futiliter\downloads\telegram desktop\openbullet 1.4.4 anomaly modded version\openbulletrecreation\openbullet.core.tests\bin\debug\net9.0\openbullet.core.tests.dll" id="ed150657-3062-358e-2e96-09f31a9c3228">
      <Execution id="6af96254-a9b3-46b9-9a55-4cbbe7ab2652" />
      <TestMethod codeBase="C:\Users\futiliter\Downloads\Telegram Desktop\Openbullet 1.4.4 Anomaly Modded Version\OpenBulletRecreation\OpenBullet.Core.Tests\bin\Debug\net9.0\OpenBullet.Core.Tests.dll" adapterTypeName="executor://xunit/VsTestRunner2/netcoreapp" className="OpenBullet.Core.Tests.Step1_CoreInterfacesTests" name="BotData_GetVariable_Should_Return_Correct_Type" />
    </UnitTest>
    <UnitTest name="OpenBullet.Core.Tests.Step6_RequestCommandTests.ExecuteAsync_With_Network_Exception_Should_Handle_Error" storage="c:\users\futiliter\downloads\telegram desktop\openbullet 1.4.4 anomaly modded version\openbulletrecreation\openbullet.core.tests\bin\debug\net9.0\openbullet.core.tests.dll" id="09957469-3c46-3725-ebd1-df5f5780ebe5">
      <Execution id="03ba0822-1d85-453e-8eed-1d3d51bc1c77" />
      <TestMethod codeBase="C:\Users\futiliter\Downloads\Telegram Desktop\Openbullet 1.4.4 Anomaly Modded Version\OpenBulletRecreation\OpenBullet.Core.Tests\bin\Debug\net9.0\OpenBullet.Core.Tests.dll" adapterTypeName="executor://xunit/VsTestRunner2/netcoreapp" className="OpenBullet.Core.Tests.Step6_RequestCommandTests" name="ExecuteAsync_With_Network_Exception_Should_Handle_Error" />
    </UnitTest>
    <UnitTest name="OpenBullet.Core.Tests.Step11_DatabaseManagerTests.DatabaseServiceProvider_Should_Register_All_Services" storage="c:\users\futiliter\downloads\telegram desktop\openbullet 1.4.4 anomaly modded version\openbulletrecreation\openbullet.core.tests\bin\debug\net9.0\openbullet.core.tests.dll" id="8cf7d030-8f63-dd72-2113-b6ca6aae373c">
      <Execution id="bd0225f4-e4c9-4eb7-aae5-1c2da5139bf4" />
      <TestMethod codeBase="C:\Users\futiliter\Downloads\Telegram Desktop\Openbullet 1.4.4 Anomaly Modded Version\OpenBulletRecreation\OpenBullet.Core.Tests\bin\Debug\net9.0\OpenBullet.Core.Tests.dll" adapterTypeName="executor://xunit/VsTestRunner2/netcoreapp" className="OpenBullet.Core.Tests.Step11_DatabaseManagerTests" name="DatabaseServiceProvider_Should_Register_All_Services" />
    </UnitTest>
    <UnitTest name="OpenBullet.Core.Tests.Step5_VariableManagerTests.GetVariable_With_Any_Scope_Should_Check_Local_First" storage="c:\users\futiliter\downloads\telegram desktop\openbullet 1.4.4 anomaly modded version\openbulletrecreation\openbullet.core.tests\bin\debug\net9.0\openbullet.core.tests.dll" id="4a00290b-eeac-138a-1990-188ec216d01c">
      <Execution id="972e97c8-c0be-4244-aa0c-f42f678f119a" />
      <TestMethod codeBase="C:\Users\futiliter\Downloads\Telegram Desktop\Openbullet 1.4.4 Anomaly Modded Version\OpenBulletRecreation\OpenBullet.Core.Tests\bin\Debug\net9.0\OpenBullet.Core.Tests.dll" adapterTypeName="executor://xunit/VsTestRunner2/netcoreapp" className="OpenBullet.Core.Tests.Step5_VariableManagerTests" name="GetVariable_With_Any_Scope_Should_Check_Local_First" />
    </UnitTest>
    <UnitTest name="OpenBullet.Core.Tests.Step5_ValidationTests.Step5TestHelpers_PopulateWithTestData_Should_Work" storage="c:\users\futiliter\downloads\telegram desktop\openbullet 1.4.4 anomaly modded version\openbulletrecreation\openbullet.core.tests\bin\debug\net9.0\openbullet.core.tests.dll" id="6f635484-eb11-5d4c-db77-35c322a34f02">
      <Execution id="cb326ab2-504a-46ce-ab27-0d4c7d8851f6" />
      <TestMethod codeBase="C:\Users\futiliter\Downloads\Telegram Desktop\Openbullet 1.4.4 Anomaly Modded Version\OpenBulletRecreation\OpenBullet.Core.Tests\bin\Debug\net9.0\OpenBullet.Core.Tests.dll" adapterTypeName="executor://xunit/VsTestRunner2/netcoreapp" className="OpenBullet.Core.Tests.Step5_ValidationTests" name="Step5TestHelpers_PopulateWithTestData_Should_Work" />
    </UnitTest>
    <UnitTest name="OpenBullet.Core.Tests.Step5_ValidationTests.ExecutionStatus_Values_Should_Be_Distinct(status: NotStarted)" storage="c:\users\futiliter\downloads\telegram desktop\openbullet 1.4.4 anomaly modded version\openbulletrecreation\openbullet.core.tests\bin\debug\net9.0\openbullet.core.tests.dll" id="9ae6b803-08e1-ddf4-d9fe-4cdd7bef9e4d">
      <Execution id="bc7414b9-941d-478a-906e-f8336683a540" />
      <TestMethod codeBase="C:\Users\futiliter\Downloads\Telegram Desktop\Openbullet 1.4.4 Anomaly Modded Version\OpenBulletRecreation\OpenBullet.Core.Tests\bin\Debug\net9.0\OpenBullet.Core.Tests.dll" adapterTypeName="executor://xunit/VsTestRunner2/netcoreapp" className="OpenBullet.Core.Tests.Step5_ValidationTests" name="ExecutionStatus_Values_Should_Be_Distinct" />
    </UnitTest>
    <UnitTest name="OpenBullet.Core.Tests.Step4_ScriptParserTests.ParseScript_With_Complex_Script_Should_Handle_Sub_Instructions" storage="c:\users\futiliter\downloads\telegram desktop\openbullet 1.4.4 anomaly modded version\openbulletrecreation\openbullet.core.tests\bin\debug\net9.0\openbullet.core.tests.dll" id="52b3cea5-cf84-bd90-b8b2-b51ecaf432fe">
      <Execution id="bb658c09-56e5-41eb-9257-09e2f7d53280" />
      <TestMethod codeBase="C:\Users\futiliter\Downloads\Telegram Desktop\Openbullet 1.4.4 Anomaly Modded Version\OpenBulletRecreation\OpenBullet.Core.Tests\bin\Debug\net9.0\OpenBullet.Core.Tests.dll" adapterTypeName="executor://xunit/VsTestRunner2/netcoreapp" className="OpenBullet.Core.Tests.Step4_ScriptParserTests" name="ParseScript_With_Complex_Script_Should_Handle_Sub_Instructions" />
    </UnitTest>
    <UnitTest name="OpenBullet.Core.Tests.Step9_BotRunnerTests.BotResult_Properties_Should_Work_Correctly" storage="c:\users\futiliter\downloads\telegram desktop\openbullet 1.4.4 anomaly modded version\openbulletrecreation\openbullet.core.tests\bin\debug\net9.0\openbullet.core.tests.dll" id="0809062b-0278-3b81-b974-7a63da244f40">
      <Execution id="6837b257-c04f-4987-a2ae-07c8528f8ee9" />
      <TestMethod codeBase="C:\Users\futiliter\Downloads\Telegram Desktop\Openbullet 1.4.4 Anomaly Modded Version\OpenBulletRecreation\OpenBullet.Core.Tests\bin\Debug\net9.0\OpenBullet.Core.Tests.dll" adapterTypeName="executor://xunit/VsTestRunner2/netcoreapp" className="OpenBullet.Core.Tests.Step9_BotRunnerTests" name="BotResult_Properties_Should_Work_Correctly" />
    </UnitTest>
    <UnitTest name="OpenBullet.Core.Tests.Step10_ProxyExtensionsTests.CreateUsageResult_Should_Create_Correct_Result(success: False, responseTimeMs: 70000, responseCode: 200, errorMessage: &quot;Timeout&quot;)" storage="c:\users\futiliter\downloads\telegram desktop\openbullet 1.4.4 anomaly modded version\openbulletrecreation\openbullet.core.tests\bin\debug\net9.0\openbullet.core.tests.dll" id="4e0d4311-de33-1e07-126e-caaabf69a0b9">
      <Execution id="a1b2e963-cdc1-4fe1-9e4d-a5a0ff2062b5" />
      <TestMethod codeBase="C:\Users\futiliter\Downloads\Telegram Desktop\Openbullet 1.4.4 Anomaly Modded Version\OpenBulletRecreation\OpenBullet.Core.Tests\bin\Debug\net9.0\OpenBullet.Core.Tests.dll" adapterTypeName="executor://xunit/VsTestRunner2/netcoreapp" className="OpenBullet.Core.Tests.Step10_ProxyExtensionsTests" name="CreateUsageResult_Should_Create_Correct_Result" />
    </UnitTest>
    <UnitTest name="OpenBullet.Core.Tests.Step9_BotRunnerTests.BotStatusExtensions_IsError_Should_Work_Correctly(status: Custom, expectedIsError: False)" storage="c:\users\futiliter\downloads\telegram desktop\openbullet 1.4.4 anomaly modded version\openbulletrecreation\openbullet.core.tests\bin\debug\net9.0\openbullet.core.tests.dll" id="f350ac01-2508-7ca2-74f7-b12d4fbb811c">
      <Execution id="b661b8c9-5e17-435e-9652-e7415006292b" />
      <TestMethod codeBase="C:\Users\futiliter\Downloads\Telegram Desktop\Openbullet 1.4.4 Anomaly Modded Version\OpenBulletRecreation\OpenBullet.Core.Tests\bin\Debug\net9.0\OpenBullet.Core.Tests.dll" adapterTypeName="executor://xunit/VsTestRunner2/netcoreapp" className="OpenBullet.Core.Tests.Step9_BotRunnerTests" name="BotStatusExtensions_IsError_Should_Work_Correctly" />
    </UnitTest>
    <UnitTest name="OpenBullet.Core.Tests.Step5_VariableManagerTests.AddToList_Should_Add_Item_To_Existing_List" storage="c:\users\futiliter\downloads\telegram desktop\openbullet 1.4.4 anomaly modded version\openbulletrecreation\openbullet.core.tests\bin\debug\net9.0\openbullet.core.tests.dll" id="4f16533c-aa45-d2a3-84ea-8d558b510b34">
      <Execution id="46d8b274-3c0e-414f-a137-c66917e8eec8" />
      <TestMethod codeBase="C:\Users\futiliter\Downloads\Telegram Desktop\Openbullet 1.4.4 Anomaly Modded Version\OpenBulletRecreation\OpenBullet.Core.Tests\bin\Debug\net9.0\OpenBullet.Core.Tests.dll" adapterTypeName="executor://xunit/VsTestRunner2/netcoreapp" className="OpenBullet.Core.Tests.Step5_VariableManagerTests" name="AddToList_Should_Add_Item_To_Existing_List" />
    </UnitTest>
    <UnitTest name="OpenBullet.Core.Tests.Step2_ValidationTests.HttpClientService_CreateClient_With_Proxy_Does_Not_Throw" storage="c:\users\futiliter\downloads\telegram desktop\openbullet 1.4.4 anomaly modded version\openbulletrecreation\openbullet.core.tests\bin\debug\net9.0\openbullet.core.tests.dll" id="3a656a4a-a0e1-f388-7337-055944412a5a">
      <Execution id="4f8dd64b-df98-4d62-b5a8-b72c876ce38d" />
      <TestMethod codeBase="C:\Users\futiliter\Downloads\Telegram Desktop\Openbullet 1.4.4 Anomaly Modded Version\OpenBulletRecreation\OpenBullet.Core.Tests\bin\Debug\net9.0\OpenBullet.Core.Tests.dll" adapterTypeName="executor://xunit/VsTestRunner2/netcoreapp" className="OpenBullet.Core.Tests.Step2_ValidationTests" name="HttpClientService_CreateClient_With_Proxy_Does_Not_Throw" />
    </UnitTest>
    <UnitTest name="OpenBullet.Core.Tests.Step6_CommandMetadataTests.ParameterType_Values_Should_Be_Available(parameterType: String)" storage="c:\users\futiliter\downloads\telegram desktop\openbullet 1.4.4 anomaly modded version\openbulletrecreation\openbullet.core.tests\bin\debug\net9.0\openbullet.core.tests.dll" id="86181c36-e074-eb81-7b71-5092747521aa">
      <Execution id="12247a3f-95d4-4271-a1a6-b7ad19d3ae29" />
      <TestMethod codeBase="C:\Users\futiliter\Downloads\Telegram Desktop\Openbullet 1.4.4 Anomaly Modded Version\OpenBulletRecreation\OpenBullet.Core.Tests\bin\Debug\net9.0\OpenBullet.Core.Tests.dll" adapterTypeName="executor://xunit/VsTestRunner2/netcoreapp" className="OpenBullet.Core.Tests.Step6_CommandMetadataTests" name="ParameterType_Values_Should_Be_Available" />
    </UnitTest>
    <UnitTest name="OpenBullet.Core.Tests.Step10_ProxyExtensionsTests.CreateSuccessResult_Should_Create_Success_Result" storage="c:\users\futiliter\downloads\telegram desktop\openbullet 1.4.4 anomaly modded version\openbulletrecreation\openbullet.core.tests\bin\debug\net9.0\openbullet.core.tests.dll" id="d12d558d-fd94-8eec-f076-ee96bd2761dd">
      <Execution id="8619bd14-f9ac-4786-8229-7783b4436b62" />
      <TestMethod codeBase="C:\Users\futiliter\Downloads\Telegram Desktop\Openbullet 1.4.4 Anomaly Modded Version\OpenBulletRecreation\OpenBullet.Core.Tests\bin\Debug\net9.0\OpenBullet.Core.Tests.dll" adapterTypeName="executor://xunit/VsTestRunner2/netcoreapp" className="OpenBullet.Core.Tests.Step10_ProxyExtensionsTests" name="CreateSuccessResult_Should_Create_Success_Result" />
    </UnitTest>
    <UnitTest name="OpenBullet.Core.Tests.Step3_ValidationTests.ParseConfigContent_Should_Handle_All_Numeric_Settings" storage="c:\users\futiliter\downloads\telegram desktop\openbullet 1.4.4 anomaly modded version\openbulletrecreation\openbullet.core.tests\bin\debug\net9.0\openbullet.core.tests.dll" id="6035b86a-394b-eddd-5666-b2b71bf2a616">
      <Execution id="31fef837-5d8b-491b-ba5b-53ca2ddec6a6" />
      <TestMethod codeBase="C:\Users\futiliter\Downloads\Telegram Desktop\Openbullet 1.4.4 Anomaly Modded Version\OpenBulletRecreation\OpenBullet.Core.Tests\bin\Debug\net9.0\OpenBullet.Core.Tests.dll" adapterTypeName="executor://xunit/VsTestRunner2/netcoreapp" className="OpenBullet.Core.Tests.Step3_ValidationTests" name="ParseConfigContent_Should_Handle_All_Numeric_Settings" />
    </UnitTest>
    <UnitTest name="OpenBullet.Core.Tests.Step2_HttpClientServiceTests.PostJsonAsync_Extension_Should_Work" storage="c:\users\futiliter\downloads\telegram desktop\openbullet 1.4.4 anomaly modded version\openbulletrecreation\openbullet.core.tests\bin\debug\net9.0\openbullet.core.tests.dll" id="d7327dbc-0e81-3101-15f7-1f992cd8ce40">
      <Execution id="ecceb86c-2bcd-4f0b-8d9f-b38d43ddfbcf" />
      <TestMethod codeBase="C:\Users\futiliter\Downloads\Telegram Desktop\Openbullet 1.4.4 Anomaly Modded Version\OpenBulletRecreation\OpenBullet.Core.Tests\bin\Debug\net9.0\OpenBullet.Core.Tests.dll" adapterTypeName="executor://xunit/VsTestRunner2/netcoreapp" className="OpenBullet.Core.Tests.Step2_HttpClientServiceTests" name="PostJsonAsync_Extension_Should_Work" />
    </UnitTest>
    <UnitTest name="OpenBullet.Core.Tests.Step5_ValidationTests.LogLevel_Values_Should_Have_Correct_Numeric_Values(level: Critical, expectedValue: 5)" storage="c:\users\futiliter\downloads\telegram desktop\openbullet 1.4.4 anomaly modded version\openbulletrecreation\openbullet.core.tests\bin\debug\net9.0\openbullet.core.tests.dll" id="0252ecb8-cded-3292-7c8f-842d80385781">
      <Execution id="85cdfa0a-0871-46d5-bab5-55de8b1f74b5" />
      <TestMethod codeBase="C:\Users\futiliter\Downloads\Telegram Desktop\Openbullet 1.4.4 Anomaly Modded Version\OpenBulletRecreation\OpenBullet.Core.Tests\bin\Debug\net9.0\OpenBullet.Core.Tests.dll" adapterTypeName="executor://xunit/VsTestRunner2/netcoreapp" className="OpenBullet.Core.Tests.Step5_ValidationTests" name="LogLevel_Values_Should_Have_Correct_Numeric_Values" />
    </UnitTest>
    <UnitTest name="OpenBullet.Core.Tests.Step7_ValidationTests.CssParser_Can_Be_Created" storage="c:\users\futiliter\downloads\telegram desktop\openbullet 1.4.4 anomaly modded version\openbulletrecreation\openbullet.core.tests\bin\debug\net9.0\openbullet.core.tests.dll" id="a96cf2f3-8cc0-8f1d-6997-a590ed23663c">
      <Execution id="d88752cf-bf63-40d1-89e3-7f17814b1409" />
      <TestMethod codeBase="C:\Users\futiliter\Downloads\Telegram Desktop\Openbullet 1.4.4 Anomaly Modded Version\OpenBulletRecreation\OpenBullet.Core.Tests\bin\Debug\net9.0\OpenBullet.Core.Tests.dll" adapterTypeName="executor://xunit/VsTestRunner2/netcoreapp" className="OpenBullet.Core.Tests.Step7_ValidationTests" name="CssParser_Can_Be_Created" />
    </UnitTest>
    <UnitTest name="OpenBullet.Core.Tests.Step6_CommandFactoryTests.GetCommandMetadata_Should_Return_Null_For_Unknown_Command" storage="c:\users\futiliter\downloads\telegram desktop\openbullet 1.4.4 anomaly modded version\openbulletrecreation\openbullet.core.tests\bin\debug\net9.0\openbullet.core.tests.dll" id="c5f2159c-8d8f-1acd-679c-de9e87f54dc3">
      <Execution id="a785d82a-5e15-4846-b6a1-ec47574da0d9" />
      <TestMethod codeBase="C:\Users\futiliter\Downloads\Telegram Desktop\Openbullet 1.4.4 Anomaly Modded Version\OpenBulletRecreation\OpenBullet.Core.Tests\bin\Debug\net9.0\OpenBullet.Core.Tests.dll" adapterTypeName="executor://xunit/VsTestRunner2/netcoreapp" className="OpenBullet.Core.Tests.Step6_CommandFactoryTests" name="GetCommandMetadata_Should_Return_Null_For_Unknown_Command" />
    </UnitTest>
    <UnitTest name="OpenBullet.Core.Tests.Step11_StorageServicesTests.ResultStorage_CapturedData_Operations_Should_Work" storage="c:\users\futiliter\downloads\telegram desktop\openbullet 1.4.4 anomaly modded version\openbulletrecreation\openbullet.core.tests\bin\debug\net9.0\openbullet.core.tests.dll" id="599eae20-2ece-1559-a972-b221f89fb5aa">
      <Execution id="bf646bb2-557a-44f7-b8d6-827b7020442d" />
      <TestMethod codeBase="C:\Users\futiliter\Downloads\Telegram Desktop\Openbullet 1.4.4 Anomaly Modded Version\OpenBulletRecreation\OpenBullet.Core.Tests\bin\Debug\net9.0\OpenBullet.Core.Tests.dll" adapterTypeName="executor://xunit/VsTestRunner2/netcoreapp" className="OpenBullet.Core.Tests.Step11_StorageServicesTests" name="ResultStorage_CapturedData_Operations_Should_Work" />
    </UnitTest>
    <UnitTest name="OpenBullet.Core.Tests.Step6_ValidationTests.RequestCommand_Should_Validate_HTTP_Methods_Correctly(method: &quot;GET&quot;, shouldBeValid: True)" storage="c:\users\futiliter\downloads\telegram desktop\openbullet 1.4.4 anomaly modded version\openbulletrecreation\openbullet.core.tests\bin\debug\net9.0\openbullet.core.tests.dll" id="d83ec912-7da5-53f6-df3f-f6133fa0cc7e">
      <Execution id="7da9e79f-e7a3-4bab-8f6b-0a972fe1bbe8" />
      <TestMethod codeBase="C:\Users\futiliter\Downloads\Telegram Desktop\Openbullet 1.4.4 Anomaly Modded Version\OpenBulletRecreation\OpenBullet.Core.Tests\bin\Debug\net9.0\OpenBullet.Core.Tests.dll" adapterTypeName="executor://xunit/VsTestRunner2/netcoreapp" className="OpenBullet.Core.Tests.Step6_ValidationTests" name="RequestCommand_Should_Validate_HTTP_Methods_Correctly" />
    </UnitTest>
    <UnitTest name="OpenBullet.Core.Tests.Step6_ValidationTests.RequestCommand_Should_Throw_With_Invalid_ServiceProvider" storage="c:\users\futiliter\downloads\telegram desktop\openbullet 1.4.4 anomaly modded version\openbulletrecreation\openbullet.core.tests\bin\debug\net9.0\openbullet.core.tests.dll" id="882cf9d2-270d-1015-6473-ce101fc96acd">
      <Execution id="d9ec401d-b1d5-4b39-8e81-685c2933eef3" />
      <TestMethod codeBase="C:\Users\futiliter\Downloads\Telegram Desktop\Openbullet 1.4.4 Anomaly Modded Version\OpenBulletRecreation\OpenBullet.Core.Tests\bin\Debug\net9.0\OpenBullet.Core.Tests.dll" adapterTypeName="executor://xunit/VsTestRunner2/netcoreapp" className="OpenBullet.Core.Tests.Step6_ValidationTests" name="RequestCommand_Should_Throw_With_Invalid_ServiceProvider" />
    </UnitTest>
    <UnitTest name="OpenBullet.Core.Tests.Step13_CoreServicesTests.AutoCompletionProvider_Should_Return_Command_Completions" storage="c:\users\futiliter\downloads\telegram desktop\openbullet 1.4.4 anomaly modded version\openbulletrecreation\openbullet.core.tests\bin\debug\net9.0\openbullet.core.tests.dll" id="f7087ed5-42d4-57cd-47b2-109b4021a31e">
      <Execution id="c39cde62-1284-460f-90fa-68178556d4cd" />
      <TestMethod codeBase="C:\Users\futiliter\Downloads\Telegram Desktop\Openbullet 1.4.4 Anomaly Modded Version\OpenBulletRecreation\OpenBullet.Core.Tests\bin\Debug\net9.0\OpenBullet.Core.Tests.dll" adapterTypeName="executor://xunit/VsTestRunner2/netcoreapp" className="OpenBullet.Core.Tests.Step13_CoreServicesTests" name="AutoCompletionProvider_Should_Return_Command_Completions" />
    </UnitTest>
    <UnitTest name="OpenBullet.Core.Tests.Step13_ConfigurationEditorTests.TokenizeScript_Should_Correctly_Identify_Token_Types(input: &quot;123&quot;, expectedType: Number, expectedValue: &quot;123&quot;)" storage="c:\users\futiliter\downloads\telegram desktop\openbullet 1.4.4 anomaly modded version\openbulletrecreation\openbullet.core.tests\bin\debug\net9.0\openbullet.core.tests.dll" id="9e09a5e4-0152-96a7-0d26-d3fc51b2292f">
      <Execution id="d186a87b-b884-4044-86fc-91c17c9bca44" />
      <TestMethod codeBase="C:\Users\futiliter\Downloads\Telegram Desktop\Openbullet 1.4.4 Anomaly Modded Version\OpenBulletRecreation\OpenBullet.Core.Tests\bin\Debug\net9.0\OpenBullet.Core.Tests.dll" adapterTypeName="executor://xunit/VsTestRunner2/netcoreapp" className="OpenBullet.Core.Tests.Step13_ConfigurationEditorTests" name="TokenizeScript_Should_Correctly_Identify_Token_Types" />
    </UnitTest>
    <UnitTest name="OpenBullet.Core.Tests.Step3_ConfigurationServiceTests.LoadConfigAsync_With_Valid_File_Should_Parse_Correctly" storage="c:\users\futiliter\downloads\telegram desktop\openbullet 1.4.4 anomaly modded version\openbulletrecreation\openbullet.core.tests\bin\debug\net9.0\openbullet.core.tests.dll" id="35c72424-e405-02bc-a4d5-1bc455556e49">
      <Execution id="59a83d65-5292-4089-84f1-56f0199af483" />
      <TestMethod codeBase="C:\Users\futiliter\Downloads\Telegram Desktop\Openbullet 1.4.4 Anomaly Modded Version\OpenBulletRecreation\OpenBullet.Core.Tests\bin\Debug\net9.0\OpenBullet.Core.Tests.dll" adapterTypeName="executor://xunit/VsTestRunner2/netcoreapp" className="OpenBullet.Core.Tests.Step3_ConfigurationServiceTests" name="LoadConfigAsync_With_Valid_File_Should_Parse_Correctly" />
    </UnitTest>
    <UnitTest name="OpenBullet.Core.Tests.Step5_IntegrationTests.Complex_Variable_Operations_Should_Work" storage="c:\users\futiliter\downloads\telegram desktop\openbullet 1.4.4 anomaly modded version\openbulletrecreation\openbullet.core.tests\bin\debug\net9.0\openbullet.core.tests.dll" id="d027507a-becc-391b-5af6-3c3a39e014d6">
      <Execution id="5adc53ea-0926-4ecf-b058-0b9b5093ba86" />
      <TestMethod codeBase="C:\Users\futiliter\Downloads\Telegram Desktop\Openbullet 1.4.4 Anomaly Modded Version\OpenBulletRecreation\OpenBullet.Core.Tests\bin\Debug\net9.0\OpenBullet.Core.Tests.dll" adapterTypeName="executor://xunit/VsTestRunner2/netcoreapp" className="OpenBullet.Core.Tests.Step5_IntegrationTests" name="Complex_Variable_Operations_Should_Work" />
    </UnitTest>
    <UnitTest name="OpenBullet.Core.Tests.Step11_StorageServicesTests.ConfigurationStorage_CRUD_Operations_Should_Work" storage="c:\users\futiliter\downloads\telegram desktop\openbullet 1.4.4 anomaly modded version\openbulletrecreation\openbullet.core.tests\bin\debug\net9.0\openbullet.core.tests.dll" id="c81bdce1-dc0c-5672-d961-ffe98c95f871">
      <Execution id="fac6551b-b55c-41dd-bf3b-7c90e685c540" />
      <TestMethod codeBase="C:\Users\futiliter\Downloads\Telegram Desktop\Openbullet 1.4.4 Anomaly Modded Version\OpenBulletRecreation\OpenBullet.Core.Tests\bin\Debug\net9.0\OpenBullet.Core.Tests.dll" adapterTypeName="executor://xunit/VsTestRunner2/netcoreapp" className="OpenBullet.Core.Tests.Step11_StorageServicesTests" name="ConfigurationStorage_CRUD_Operations_Should_Work" />
    </UnitTest>
    <UnitTest name="OpenBullet.Core.Tests.Step8_KeyCheckerTests.EvaluateKey_With_Various_Conditions_Should_Work(condition: IsNotNumeric, sourceValue: &quot;not a number&quot;, targetValue: &quot;&quot;, expected: True)" storage="c:\users\futiliter\downloads\telegram desktop\openbullet 1.4.4 anomaly modded version\openbulletrecreation\openbullet.core.tests\bin\debug\net9.0\openbullet.core.tests.dll" id="b832fa55-3d97-2a0a-86e3-36d7d00e756a">
      <Execution id="bf48b121-5ec2-4a47-9717-6cd79399f6b3" />
      <TestMethod codeBase="C:\Users\futiliter\Downloads\Telegram Desktop\Openbullet 1.4.4 Anomaly Modded Version\OpenBulletRecreation\OpenBullet.Core.Tests\bin\Debug\net9.0\OpenBullet.Core.Tests.dll" adapterTypeName="executor://xunit/VsTestRunner2/netcoreapp" className="OpenBullet.Core.Tests.Step8_KeyCheckerTests" name="EvaluateKey_With_Various_Conditions_Should_Work" />
    </UnitTest>
    <UnitTest name="OpenBullet.Core.Tests.Step4_ScriptParserTests.SubstituteVariables_Should_Replace_Variables_Correctly" storage="c:\users\futiliter\downloads\telegram desktop\openbullet 1.4.4 anomaly modded version\openbulletrecreation\openbullet.core.tests\bin\debug\net9.0\openbullet.core.tests.dll" id="b26f44e1-c1b2-6913-34e0-0ace7835a356">
      <Execution id="d1bf8452-152b-49ce-b813-09687b7d55c5" />
      <TestMethod codeBase="C:\Users\futiliter\Downloads\Telegram Desktop\Openbullet 1.4.4 Anomaly Modded Version\OpenBulletRecreation\OpenBullet.Core.Tests\bin\Debug\net9.0\OpenBullet.Core.Tests.dll" adapterTypeName="executor://xunit/VsTestRunner2/netcoreapp" className="OpenBullet.Core.Tests.Step4_ScriptParserTests" name="SubstituteVariables_Should_Replace_Variables_Correctly" />
    </UnitTest>
    <UnitTest name="OpenBullet.Core.Tests.Step10_ProxyManagerTests.BanProxyAsync_Should_Ban_Proxy_Successfully" storage="c:\users\futiliter\downloads\telegram desktop\openbullet 1.4.4 anomaly modded version\openbulletrecreation\openbullet.core.tests\bin\debug\net9.0\openbullet.core.tests.dll" id="6231df44-767d-1ee1-a3ab-e3f4ddef1577">
      <Execution id="0f37a81f-0a59-446d-9a02-91107dfe343d" />
      <TestMethod codeBase="C:\Users\futiliter\Downloads\Telegram Desktop\Openbullet 1.4.4 Anomaly Modded Version\OpenBulletRecreation\OpenBullet.Core.Tests\bin\Debug\net9.0\OpenBullet.Core.Tests.dll" adapterTypeName="executor://xunit/VsTestRunner2/netcoreapp" className="OpenBullet.Core.Tests.Step10_ProxyManagerTests" name="BanProxyAsync_Should_Ban_Proxy_Successfully" />
    </UnitTest>
    <UnitTest name="OpenBullet.Core.Tests.Step11_StorageServicesTests.SettingsStorage_Categories_Should_Work" storage="c:\users\futiliter\downloads\telegram desktop\openbullet 1.4.4 anomaly modded version\openbulletrecreation\openbullet.core.tests\bin\debug\net9.0\openbullet.core.tests.dll" id="96350af9-7081-874f-7608-1f39c0cb5cd1">
      <Execution id="15a36287-6c86-4f60-9c53-7c172ff00e75" />
      <TestMethod codeBase="C:\Users\futiliter\Downloads\Telegram Desktop\Openbullet 1.4.4 Anomaly Modded Version\OpenBulletRecreation\OpenBullet.Core.Tests\bin\Debug\net9.0\OpenBullet.Core.Tests.dll" adapterTypeName="executor://xunit/VsTestRunner2/netcoreapp" className="OpenBullet.Core.Tests.Step11_StorageServicesTests" name="SettingsStorage_Categories_Should_Work" />
    </UnitTest>
    <UnitTest name="OpenBullet.Core.Tests.Step5_VariableManagerTests.VariableManager_Should_Initialize_Successfully" storage="c:\users\futiliter\downloads\telegram desktop\openbullet 1.4.4 anomaly modded version\openbulletrecreation\openbullet.core.tests\bin\debug\net9.0\openbullet.core.tests.dll" id="d1d35dd5-03e9-cac6-9404-804268e8039f">
      <Execution id="6b6c99e8-7ede-4e5a-9f6e-5557100f54c4" />
      <TestMethod codeBase="C:\Users\futiliter\Downloads\Telegram Desktop\Openbullet 1.4.4 Anomaly Modded Version\OpenBulletRecreation\OpenBullet.Core.Tests\bin\Debug\net9.0\OpenBullet.Core.Tests.dll" adapterTypeName="executor://xunit/VsTestRunner2/netcoreapp" className="OpenBullet.Core.Tests.Step5_VariableManagerTests" name="VariableManager_Should_Initialize_Successfully" />
    </UnitTest>
    <UnitTest name="OpenBullet.Core.Tests.Step6_CommandFactoryTests.Concurrent_Access_Should_Be_Thread_Safe" storage="c:\users\futiliter\downloads\telegram desktop\openbullet 1.4.4 anomaly modded version\openbulletrecreation\openbullet.core.tests\bin\debug\net9.0\openbullet.core.tests.dll" id="e7b6f8ba-1881-bfa9-bf47-3a454dd9fbe6">
      <Execution id="9ef49d6a-c721-41d0-81d7-2d58eb6daa10" />
      <TestMethod codeBase="C:\Users\futiliter\Downloads\Telegram Desktop\Openbullet 1.4.4 Anomaly Modded Version\OpenBulletRecreation\OpenBullet.Core.Tests\bin\Debug\net9.0\OpenBullet.Core.Tests.dll" adapterTypeName="executor://xunit/VsTestRunner2/netcoreapp" className="OpenBullet.Core.Tests.Step6_CommandFactoryTests" name="Concurrent_Access_Should_Be_Thread_Safe" />
    </UnitTest>
    <UnitTest name="OpenBullet.Core.Tests.Step10_ValidationTests.Enum_Combinations_Should_Be_Valid(rotationStrategy: ResponseTimeBased, strategy: None, health: Unknown)" storage="c:\users\futiliter\downloads\telegram desktop\openbullet 1.4.4 anomaly modded version\openbulletrecreation\openbullet.core.tests\bin\debug\net9.0\openbullet.core.tests.dll" id="e071af6c-3fa2-354f-0dfc-c6f23e506063">
      <Execution id="c29f207f-1e20-4199-90c4-1a07737059cf" />
      <TestMethod codeBase="C:\Users\futiliter\Downloads\Telegram Desktop\Openbullet 1.4.4 Anomaly Modded Version\OpenBulletRecreation\OpenBullet.Core.Tests\bin\Debug\net9.0\OpenBullet.Core.Tests.dll" adapterTypeName="executor://xunit/VsTestRunner2/netcoreapp" className="OpenBullet.Core.Tests.Step10_ValidationTests" name="Enum_Combinations_Should_Be_Valid" />
    </UnitTest>
    <UnitTest name="OpenBullet.Core.Tests.Step10_ProxyExtensionsTests.ValidateProxyList_With_All_Valid_Proxies_Should_Pass" storage="c:\users\futiliter\downloads\telegram desktop\openbullet 1.4.4 anomaly modded version\openbulletrecreation\openbullet.core.tests\bin\debug\net9.0\openbullet.core.tests.dll" id="4bcb3cba-7f1f-707b-2540-40f494c38e8a">
      <Execution id="23dd44fb-1563-45b7-876d-cea826a555e3" />
      <TestMethod codeBase="C:\Users\futiliter\Downloads\Telegram Desktop\Openbullet 1.4.4 Anomaly Modded Version\OpenBulletRecreation\OpenBullet.Core.Tests\bin\Debug\net9.0\OpenBullet.Core.Tests.dll" adapterTypeName="executor://xunit/VsTestRunner2/netcoreapp" className="OpenBullet.Core.Tests.Step10_ProxyExtensionsTests" name="ValidateProxyList_With_All_Valid_Proxies_Should_Pass" />
    </UnitTest>
    <UnitTest name="OpenBullet.Core.Tests.Step5_ExecutionContextTests.SetCapture_Should_Store_Data_And_Fire_Event" storage="c:\users\futiliter\downloads\telegram desktop\openbullet 1.4.4 anomaly modded version\openbulletrecreation\openbullet.core.tests\bin\debug\net9.0\openbullet.core.tests.dll" id="9b8d71c5-38dc-f745-6b33-a029f4e31da9">
      <Execution id="c04ca99d-e97d-441a-a85e-661c113d6dfe" />
      <TestMethod codeBase="C:\Users\futiliter\Downloads\Telegram Desktop\Openbullet 1.4.4 Anomaly Modded Version\OpenBulletRecreation\OpenBullet.Core.Tests\bin\Debug\net9.0\OpenBullet.Core.Tests.dll" adapterTypeName="executor://xunit/VsTestRunner2/netcoreapp" className="OpenBullet.Core.Tests.Step5_ExecutionContextTests" name="SetCapture_Should_Store_Data_And_Fire_Event" />
    </UnitTest>
    <UnitTest name="OpenBullet.Core.Tests.Step10_ValidationTests.ProxyInfo_Should_Initialize_With_Defaults" storage="c:\users\futiliter\downloads\telegram desktop\openbullet 1.4.4 anomaly modded version\openbulletrecreation\openbullet.core.tests\bin\debug\net9.0\openbullet.core.tests.dll" id="fd8a62a8-a361-8751-d329-c765ebaaf3f7">
      <Execution id="baaf0ca5-e00c-4346-a2f6-05c69131b89e" />
      <TestMethod codeBase="C:\Users\futiliter\Downloads\Telegram Desktop\Openbullet 1.4.4 Anomaly Modded Version\OpenBulletRecreation\OpenBullet.Core.Tests\bin\Debug\net9.0\OpenBullet.Core.Tests.dll" adapterTypeName="executor://xunit/VsTestRunner2/netcoreapp" className="OpenBullet.Core.Tests.Step10_ValidationTests" name="ProxyInfo_Should_Initialize_With_Defaults" />
    </UnitTest>
    <UnitTest name="OpenBullet.Core.Tests.Step10_ProxyExtensionsTests.IsValid_Basic_Should_Validate_Correctly(host: &quot;&quot;, port: 8080, type: Http, expectedValid: False)" storage="c:\users\futiliter\downloads\telegram desktop\openbullet 1.4.4 anomaly modded version\openbulletrecreation\openbullet.core.tests\bin\debug\net9.0\openbullet.core.tests.dll" id="3ba75224-d37b-b317-404b-8e3fd3f7d624">
      <Execution id="c7dcbf27-055f-484b-99b0-bd5beb8550d4" />
      <TestMethod codeBase="C:\Users\futiliter\Downloads\Telegram Desktop\Openbullet 1.4.4 Anomaly Modded Version\OpenBulletRecreation\OpenBullet.Core.Tests\bin\Debug\net9.0\OpenBullet.Core.Tests.dll" adapterTypeName="executor://xunit/VsTestRunner2/netcoreapp" className="OpenBullet.Core.Tests.Step10_ProxyExtensionsTests" name="IsValid_Basic_Should_Validate_Correctly" />
    </UnitTest>
    <UnitTest name="OpenBullet.Core.Tests.Step5_ExecutionContextTests.GetVariable_Should_Call_VariableManager_And_Update_Statistics" storage="c:\users\futiliter\downloads\telegram desktop\openbullet 1.4.4 anomaly modded version\openbulletrecreation\openbullet.core.tests\bin\debug\net9.0\openbullet.core.tests.dll" id="90a0338b-5576-97c6-8950-66bd8519cb8c">
      <Execution id="867920cc-3625-4fd2-8cde-a4e60344f590" />
      <TestMethod codeBase="C:\Users\futiliter\Downloads\Telegram Desktop\Openbullet 1.4.4 Anomaly Modded Version\OpenBulletRecreation\OpenBullet.Core.Tests\bin\Debug\net9.0\OpenBullet.Core.Tests.dll" adapterTypeName="executor://xunit/VsTestRunner2/netcoreapp" className="OpenBullet.Core.Tests.Step5_ExecutionContextTests" name="GetVariable_Should_Call_VariableManager_And_Update_Statistics" />
    </UnitTest>
    <UnitTest name="OpenBullet.Core.Tests.MockHttpClientServiceTests.SendAsync_Should_Handle_Timeout" storage="c:\users\futiliter\downloads\telegram desktop\openbullet 1.4.4 anomaly modded version\openbulletrecreation\openbullet.core.tests\bin\debug\net9.0\openbullet.core.tests.dll" id="3509285f-89e8-6da3-f241-a91e80598941">
      <Execution id="f5c56594-c3fa-4529-b72a-2b0452f11ba2" />
      <TestMethod codeBase="C:\Users\futiliter\Downloads\Telegram Desktop\Openbullet 1.4.4 Anomaly Modded Version\OpenBulletRecreation\OpenBullet.Core.Tests\bin\Debug\net9.0\OpenBullet.Core.Tests.dll" adapterTypeName="executor://xunit/VsTestRunner2/netcoreapp" className="OpenBullet.Core.Tests.MockHttpClientServiceTests" name="SendAsync_Should_Handle_Timeout" />
    </UnitTest>
    <UnitTest name="OpenBullet.Core.Tests.Step3_ConfigurationServiceTests.ParseConfigContent_Should_Handle_Complex_Arrays" storage="c:\users\futiliter\downloads\telegram desktop\openbullet 1.4.4 anomaly modded version\openbulletrecreation\openbullet.core.tests\bin\debug\net9.0\openbullet.core.tests.dll" id="21ca2cc8-5a75-6c82-6c0e-dc652ffdc399">
      <Execution id="43932689-521a-4d79-b702-216f47693f65" />
      <TestMethod codeBase="C:\Users\futiliter\Downloads\Telegram Desktop\Openbullet 1.4.4 Anomaly Modded Version\OpenBulletRecreation\OpenBullet.Core.Tests\bin\Debug\net9.0\OpenBullet.Core.Tests.dll" adapterTypeName="executor://xunit/VsTestRunner2/netcoreapp" className="OpenBullet.Core.Tests.Step3_ConfigurationServiceTests" name="ParseConfigContent_Should_Handle_Complex_Arrays" />
    </UnitTest>
    <UnitTest name="OpenBullet.Core.Tests.Step4_ScriptParserTests.SubstituteVariables_With_List_Should_Handle_Index_Access" storage="c:\users\futiliter\downloads\telegram desktop\openbullet 1.4.4 anomaly modded version\openbulletrecreation\openbullet.core.tests\bin\debug\net9.0\openbullet.core.tests.dll" id="4cefb632-34cb-9851-47a0-2c247f399f17">
      <Execution id="ea289688-f03f-4234-9ab4-4b062e318327" />
      <TestMethod codeBase="C:\Users\futiliter\Downloads\Telegram Desktop\Openbullet 1.4.4 Anomaly Modded Version\OpenBulletRecreation\OpenBullet.Core.Tests\bin\Debug\net9.0\OpenBullet.Core.Tests.dll" adapterTypeName="executor://xunit/VsTestRunner2/netcoreapp" className="OpenBullet.Core.Tests.Step4_ScriptParserTests" name="SubstituteVariables_With_List_Should_Handle_Index_Access" />
    </UnitTest>
    <UnitTest name="OpenBullet.Core.Tests.Step5_VariableManagerTests.SetVariable_Should_Store_Variable_In_Local_Scope" storage="c:\users\futiliter\downloads\telegram desktop\openbullet 1.4.4 anomaly modded version\openbulletrecreation\openbullet.core.tests\bin\debug\net9.0\openbullet.core.tests.dll" id="fc67c30f-18f9-155b-41c4-e969c5daff94">
      <Execution id="666b58ad-7c0c-492a-b98d-e7a0e6838469" />
      <TestMethod codeBase="C:\Users\futiliter\Downloads\Telegram Desktop\Openbullet 1.4.4 Anomaly Modded Version\OpenBulletRecreation\OpenBullet.Core.Tests\bin\Debug\net9.0\OpenBullet.Core.Tests.dll" adapterTypeName="executor://xunit/VsTestRunner2/netcoreapp" className="OpenBullet.Core.Tests.Step5_VariableManagerTests" name="SetVariable_Should_Store_Variable_In_Local_Scope" />
    </UnitTest>
    <UnitTest name="OpenBullet.Core.Tests.Step7_ParseCommandTests.ValidateInstruction_With_Valid_Parse_Types_Should_Pass(parseType: &quot;JSON&quot;)" storage="c:\users\futiliter\downloads\telegram desktop\openbullet 1.4.4 anomaly modded version\openbulletrecreation\openbullet.core.tests\bin\debug\net9.0\openbullet.core.tests.dll" id="1c61054b-c59e-796e-42fb-a64202407d6a">
      <Execution id="763ddf96-cfd6-4903-9619-c28772e25a34" />
      <TestMethod codeBase="C:\Users\futiliter\Downloads\Telegram Desktop\Openbullet 1.4.4 Anomaly Modded Version\OpenBulletRecreation\OpenBullet.Core.Tests\bin\Debug\net9.0\OpenBullet.Core.Tests.dll" adapterTypeName="executor://xunit/VsTestRunner2/netcoreapp" className="OpenBullet.Core.Tests.Step7_ParseCommandTests" name="ValidateInstruction_With_Valid_Parse_Types_Should_Pass" />
    </UnitTest>
    <UnitTest name="OpenBullet.Core.Tests.Step4_PerformanceTests.ExtractVariableReferences_Should_Be_Fast" storage="c:\users\futiliter\downloads\telegram desktop\openbullet 1.4.4 anomaly modded version\openbulletrecreation\openbullet.core.tests\bin\debug\net9.0\openbullet.core.tests.dll" id="ead0061b-81c9-2e88-24bf-b425750b9917">
      <Execution id="c599762a-6377-4882-ab0d-9ccd8fceffe7" />
      <TestMethod codeBase="C:\Users\futiliter\Downloads\Telegram Desktop\Openbullet 1.4.4 Anomaly Modded Version\OpenBulletRecreation\OpenBullet.Core.Tests\bin\Debug\net9.0\OpenBullet.Core.Tests.dll" adapterTypeName="executor://xunit/VsTestRunner2/netcoreapp" className="OpenBullet.Core.Tests.Step4_PerformanceTests" name="ExtractVariableReferences_Should_Be_Fast" />
    </UnitTest>
    <UnitTest name="OpenBullet.Core.Tests.Step10_ProxyManagerTests.TestAllProxiesAsync_Should_Test_All_Proxies" storage="c:\users\futiliter\downloads\telegram desktop\openbullet 1.4.4 anomaly modded version\openbulletrecreation\openbullet.core.tests\bin\debug\net9.0\openbullet.core.tests.dll" id="f639d686-f744-5cba-1e82-b60fbb7f76b7">
      <Execution id="608badf2-08a5-4526-a1e6-7c6b7cbd3022" />
      <TestMethod codeBase="C:\Users\futiliter\Downloads\Telegram Desktop\Openbullet 1.4.4 Anomaly Modded Version\OpenBulletRecreation\OpenBullet.Core.Tests\bin\Debug\net9.0\OpenBullet.Core.Tests.dll" adapterTypeName="executor://xunit/VsTestRunner2/netcoreapp" className="OpenBullet.Core.Tests.Step10_ProxyManagerTests" name="TestAllProxiesAsync_Should_Test_All_Proxies" />
    </UnitTest>
    <UnitTest name="OpenBullet.Core.Tests.Step8_KeyCheckCommandTests.ExecuteAsync_With_No_KeyChains_Should_Return_Error" storage="c:\users\futiliter\downloads\telegram desktop\openbullet 1.4.4 anomaly modded version\openbulletrecreation\openbullet.core.tests\bin\debug\net9.0\openbullet.core.tests.dll" id="959556f7-a660-0b79-e2fc-a69ef54321f8">
      <Execution id="f437f6d0-b76d-4720-97c6-12fbb35cc16f" />
      <TestMethod codeBase="C:\Users\futiliter\Downloads\Telegram Desktop\Openbullet 1.4.4 Anomaly Modded Version\OpenBulletRecreation\OpenBullet.Core.Tests\bin\Debug\net9.0\OpenBullet.Core.Tests.dll" adapterTypeName="executor://xunit/VsTestRunner2/netcoreapp" className="OpenBullet.Core.Tests.Step8_KeyCheckCommandTests" name="ExecuteAsync_With_No_KeyChains_Should_Return_Error" />
    </UnitTest>
    <UnitTest name="OpenBullet.Core.Tests.Step6_ValidationTests.Step6TestHelpers_Should_Create_Valid_Objects" storage="c:\users\futiliter\downloads\telegram desktop\openbullet 1.4.4 anomaly modded version\openbulletrecreation\openbullet.core.tests\bin\debug\net9.0\openbullet.core.tests.dll" id="111bc2d9-426e-d8cf-51e1-3bdcfb249efb">
      <Execution id="ed9bee5e-6f43-41f3-a557-0a1c161549d7" />
      <TestMethod codeBase="C:\Users\futiliter\Downloads\Telegram Desktop\Openbullet 1.4.4 Anomaly Modded Version\OpenBulletRecreation\OpenBullet.Core.Tests\bin\Debug\net9.0\OpenBullet.Core.Tests.dll" adapterTypeName="executor://xunit/VsTestRunner2/netcoreapp" className="OpenBullet.Core.Tests.Step6_ValidationTests" name="Step6TestHelpers_Should_Create_Valid_Objects" />
    </UnitTest>
    <UnitTest name="OpenBullet.Core.Tests.Step5_VariableManagerTests.SetVariable_Should_Throw_For_Empty_Name(scope: Any)" storage="c:\users\futiliter\downloads\telegram desktop\openbullet 1.4.4 anomaly modded version\openbulletrecreation\openbullet.core.tests\bin\debug\net9.0\openbullet.core.tests.dll" id="8dcbe007-67b8-3d95-8cba-58733aef7081">
      <Execution id="b5872e35-f6e5-41af-830d-d861fb6f102a" />
      <TestMethod codeBase="C:\Users\futiliter\Downloads\Telegram Desktop\Openbullet 1.4.4 Anomaly Modded Version\OpenBulletRecreation\OpenBullet.Core.Tests\bin\Debug\net9.0\OpenBullet.Core.Tests.dll" adapterTypeName="executor://xunit/VsTestRunner2/netcoreapp" className="OpenBullet.Core.Tests.Step5_VariableManagerTests" name="SetVariable_Should_Throw_For_Empty_Name" />
    </UnitTest>
    <UnitTest name="OpenBullet.Core.Tests.Step8_KeyCheckerTests.KeyChainBuilder_Should_Create_Chains_Fluently" storage="c:\users\futiliter\downloads\telegram desktop\openbullet 1.4.4 anomaly modded version\openbulletrecreation\openbullet.core.tests\bin\debug\net9.0\openbullet.core.tests.dll" id="d003cb11-6cc1-04b2-a043-510a0c585863">
      <Execution id="1c40d57b-f3be-4ef9-85a7-4f5b8c4a1efc" />
      <TestMethod codeBase="C:\Users\futiliter\Downloads\Telegram Desktop\Openbullet 1.4.4 Anomaly Modded Version\OpenBulletRecreation\OpenBullet.Core.Tests\bin\Debug\net9.0\OpenBullet.Core.Tests.dll" adapterTypeName="executor://xunit/VsTestRunner2/netcoreapp" className="OpenBullet.Core.Tests.Step8_KeyCheckerTests" name="KeyChainBuilder_Should_Create_Chains_Fluently" />
    </UnitTest>
    <UnitTest name="OpenBullet.Core.Tests.Step8_ValidationTests.Key_Factory_Methods_Should_Create_Correct_Instances" storage="c:\users\futiliter\downloads\telegram desktop\openbullet 1.4.4 anomaly modded version\openbulletrecreation\openbullet.core.tests\bin\debug\net9.0\openbullet.core.tests.dll" id="2a294386-576f-ad18-6dd4-97d4cce8f8c0">
      <Execution id="ff9f4aae-a8d6-4e47-883e-23518839279e" />
      <TestMethod codeBase="C:\Users\futiliter\Downloads\Telegram Desktop\Openbullet 1.4.4 Anomaly Modded Version\OpenBulletRecreation\OpenBullet.Core.Tests\bin\Debug\net9.0\OpenBullet.Core.Tests.dll" adapterTypeName="executor://xunit/VsTestRunner2/netcoreapp" className="OpenBullet.Core.Tests.Step8_ValidationTests" name="Key_Factory_Methods_Should_Create_Correct_Instances" />
    </UnitTest>
    <UnitTest name="OpenBullet.Core.Tests.Step3_ConfigurationServiceTests.SaveConfigAsync_Should_Create_Directory_If_Not_Exists" storage="c:\users\futiliter\downloads\telegram desktop\openbullet 1.4.4 anomaly modded version\openbulletrecreation\openbullet.core.tests\bin\debug\net9.0\openbullet.core.tests.dll" id="96a21a63-5270-5813-43fd-0995a0cd521f">
      <Execution id="f6701716-c12d-4305-9635-4f99a5e3fc40" />
      <TestMethod codeBase="C:\Users\futiliter\Downloads\Telegram Desktop\Openbullet 1.4.4 Anomaly Modded Version\OpenBulletRecreation\OpenBullet.Core.Tests\bin\Debug\net9.0\OpenBullet.Core.Tests.dll" adapterTypeName="executor://xunit/VsTestRunner2/netcoreapp" className="OpenBullet.Core.Tests.Step3_ConfigurationServiceTests" name="SaveConfigAsync_Should_Create_Directory_If_Not_Exists" />
    </UnitTest>
    <UnitTest name="OpenBullet.Core.Tests.Step10_ProxyExtensionsTests.ToEnhancedProxy_Should_Convert_Basic_To_Enhanced" storage="c:\users\futiliter\downloads\telegram desktop\openbullet 1.4.4 anomaly modded version\openbulletrecreation\openbullet.core.tests\bin\debug\net9.0\openbullet.core.tests.dll" id="7beb4139-a00e-f579-97af-ca94271f0a32">
      <Execution id="cdd3a50f-cd96-4574-985a-30fcf9758a34" />
      <TestMethod codeBase="C:\Users\futiliter\Downloads\Telegram Desktop\Openbullet 1.4.4 Anomaly Modded Version\OpenBulletRecreation\OpenBullet.Core.Tests\bin\Debug\net9.0\OpenBullet.Core.Tests.dll" adapterTypeName="executor://xunit/VsTestRunner2/netcoreapp" className="OpenBullet.Core.Tests.Step10_ProxyExtensionsTests" name="ToEnhancedProxy_Should_Convert_Basic_To_Enhanced" />
    </UnitTest>
    <UnitTest name="OpenBullet.Core.Tests.Step5_VariableManagerTests.HasVariable_Should_Return_Correct_Results" storage="c:\users\futiliter\downloads\telegram desktop\openbullet 1.4.4 anomaly modded version\openbulletrecreation\openbullet.core.tests\bin\debug\net9.0\openbullet.core.tests.dll" id="64db2b15-80f7-dad0-9a14-8d996736dd24">
      <Execution id="22224637-cd26-4452-b377-ab9575f7a84c" />
      <TestMethod codeBase="C:\Users\futiliter\Downloads\Telegram Desktop\Openbullet 1.4.4 Anomaly Modded Version\OpenBulletRecreation\OpenBullet.Core.Tests\bin\Debug\net9.0\OpenBullet.Core.Tests.dll" adapterTypeName="executor://xunit/VsTestRunner2/netcoreapp" className="OpenBullet.Core.Tests.Step5_VariableManagerTests" name="HasVariable_Should_Return_Correct_Results" />
    </UnitTest>
    <UnitTest name="OpenBullet.Core.Tests.Step13_ConfigurationEditorTests.SyntaxHighlightingService_Should_Initialize_Successfully" storage="c:\users\futiliter\downloads\telegram desktop\openbullet 1.4.4 anomaly modded version\openbulletrecreation\openbullet.core.tests\bin\debug\net9.0\openbullet.core.tests.dll" id="383df813-bbdb-4995-f86b-dce30cb47e36">
      <Execution id="c5952962-108f-4486-afbe-1df0d63cbad9" />
      <TestMethod codeBase="C:\Users\futiliter\Downloads\Telegram Desktop\Openbullet 1.4.4 Anomaly Modded Version\OpenBulletRecreation\OpenBullet.Core.Tests\bin\Debug\net9.0\OpenBullet.Core.Tests.dll" adapterTypeName="executor://xunit/VsTestRunner2/netcoreapp" className="OpenBullet.Core.Tests.Step13_ConfigurationEditorTests" name="SyntaxHighlightingService_Should_Initialize_Successfully" />
    </UnitTest>
    <UnitTest name="OpenBullet.Core.Tests.Step10_ValidationTests.ProxyManager_Can_Be_Created_With_Valid_Dependencies" storage="c:\users\futiliter\downloads\telegram desktop\openbullet 1.4.4 anomaly modded version\openbulletrecreation\openbullet.core.tests\bin\debug\net9.0\openbullet.core.tests.dll" id="b70fe192-1695-16d4-7c61-36256390569c">
      <Execution id="390899a8-8505-46c1-84af-9e7366292cec" />
      <TestMethod codeBase="C:\Users\futiliter\Downloads\Telegram Desktop\Openbullet 1.4.4 Anomaly Modded Version\OpenBulletRecreation\OpenBullet.Core.Tests\bin\Debug\net9.0\OpenBullet.Core.Tests.dll" adapterTypeName="executor://xunit/VsTestRunner2/netcoreapp" className="OpenBullet.Core.Tests.Step10_ValidationTests" name="ProxyManager_Can_Be_Created_With_Valid_Dependencies" />
    </UnitTest>
    <UnitTest name="OpenBullet.Core.Tests.Step10_ProxyJobManagerTests.ProxyAwareBotRunner_Should_Handle_Proxy_Assignment" storage="c:\users\futiliter\downloads\telegram desktop\openbullet 1.4.4 anomaly modded version\openbulletrecreation\openbullet.core.tests\bin\debug\net9.0\openbullet.core.tests.dll" id="f17bdeeb-2fb5-d738-1a7b-cc2584c9953a">
      <Execution id="a107bd45-e088-41cb-86d9-c2879f8648f6" />
      <TestMethod codeBase="C:\Users\futiliter\Downloads\Telegram Desktop\Openbullet 1.4.4 Anomaly Modded Version\OpenBulletRecreation\OpenBullet.Core.Tests\bin\Debug\net9.0\OpenBullet.Core.Tests.dll" adapterTypeName="executor://xunit/VsTestRunner2/netcoreapp" className="OpenBullet.Core.Tests.Step10_ProxyJobManagerTests" name="ProxyAwareBotRunner_Should_Handle_Proxy_Assignment" />
    </UnitTest>
    <UnitTest name="OpenBullet.Core.Tests.Step10_ProxyManagerTests.GetNextProxyAsync_With_RoundRobin_Should_Rotate_Proxies" storage="c:\users\futiliter\downloads\telegram desktop\openbullet 1.4.4 anomaly modded version\openbulletrecreation\openbullet.core.tests\bin\debug\net9.0\openbullet.core.tests.dll" id="8e746c9b-8122-cdb5-5d5c-3baf8d4bb2ae">
      <Execution id="2624d83c-2ef1-428b-85db-54f44c916b7a" />
      <TestMethod codeBase="C:\Users\futiliter\Downloads\Telegram Desktop\Openbullet 1.4.4 Anomaly Modded Version\OpenBulletRecreation\OpenBullet.Core.Tests\bin\Debug\net9.0\OpenBullet.Core.Tests.dll" adapterTypeName="executor://xunit/VsTestRunner2/netcoreapp" className="OpenBullet.Core.Tests.Step10_ProxyManagerTests" name="GetNextProxyAsync_With_RoundRobin_Should_Rotate_Proxies" />
    </UnitTest>
    <UnitTest name="OpenBullet.Core.Tests.Step13_ConfigurationEditorTests.ValidateScript_Should_Detect_Logical_Warnings" storage="c:\users\futiliter\downloads\telegram desktop\openbullet 1.4.4 anomaly modded version\openbulletrecreation\openbullet.core.tests\bin\debug\net9.0\openbullet.core.tests.dll" id="fc70e022-7c68-14ac-b1fe-14f52a69be30">
      <Execution id="7069fcb8-9f8d-42fd-85e0-923d6754945a" />
      <TestMethod codeBase="C:\Users\futiliter\Downloads\Telegram Desktop\Openbullet 1.4.4 Anomaly Modded Version\OpenBulletRecreation\OpenBullet.Core.Tests\bin\Debug\net9.0\OpenBullet.Core.Tests.dll" adapterTypeName="executor://xunit/VsTestRunner2/netcoreapp" className="OpenBullet.Core.Tests.Step13_ConfigurationEditorTests" name="ValidateScript_Should_Detect_Logical_Warnings" />
    </UnitTest>
    <UnitTest name="OpenBullet.Core.Tests.Step10_ProxyManagerTests.TestProxyAsync_Should_Test_Proxy_Connectivity" storage="c:\users\futiliter\downloads\telegram desktop\openbullet 1.4.4 anomaly modded version\openbulletrecreation\openbullet.core.tests\bin\debug\net9.0\openbullet.core.tests.dll" id="1c507879-f950-6597-0aac-e5d9797c919e">
      <Execution id="09e0ddf7-5a72-449f-9cc2-2e932b3b6af4" />
      <TestMethod codeBase="C:\Users\futiliter\Downloads\Telegram Desktop\Openbullet 1.4.4 Anomaly Modded Version\OpenBulletRecreation\OpenBullet.Core.Tests\bin\Debug\net9.0\OpenBullet.Core.Tests.dll" adapterTypeName="executor://xunit/VsTestRunner2/netcoreapp" className="OpenBullet.Core.Tests.Step10_ProxyManagerTests" name="TestProxyAsync_Should_Test_Proxy_Connectivity" />
    </UnitTest>
    <UnitTest name="OpenBullet.Core.Tests.Step5_ExecutionContextTests.Statistics_Should_Track_Command_Counts" storage="c:\users\futiliter\downloads\telegram desktop\openbullet 1.4.4 anomaly modded version\openbulletrecreation\openbullet.core.tests\bin\debug\net9.0\openbullet.core.tests.dll" id="7587d28b-e41e-0fb1-4a88-3c131f9f0498">
      <Execution id="d6e8bb7b-5404-4d25-bb27-7d860c6347dc" />
      <TestMethod codeBase="C:\Users\futiliter\Downloads\Telegram Desktop\Openbullet 1.4.4 Anomaly Modded Version\OpenBulletRecreation\OpenBullet.Core.Tests\bin\Debug\net9.0\OpenBullet.Core.Tests.dll" adapterTypeName="executor://xunit/VsTestRunner2/netcoreapp" className="OpenBullet.Core.Tests.Step5_ExecutionContextTests" name="Statistics_Should_Track_Command_Counts" />
    </UnitTest>
    <UnitTest name="OpenBullet.Core.Tests.Step8_KeyCheckerTests.Key_Factory_Methods_Should_Create_Correct_Keys" storage="c:\users\futiliter\downloads\telegram desktop\openbullet 1.4.4 anomaly modded version\openbulletrecreation\openbullet.core.tests\bin\debug\net9.0\openbullet.core.tests.dll" id="6dcfc090-f623-b350-b672-5d83aa4d33be">
      <Execution id="1f991b52-fcc9-4df9-8917-38f0acf83554" />
      <TestMethod codeBase="C:\Users\futiliter\Downloads\Telegram Desktop\Openbullet 1.4.4 Anomaly Modded Version\OpenBulletRecreation\OpenBullet.Core.Tests\bin\Debug\net9.0\OpenBullet.Core.Tests.dll" adapterTypeName="executor://xunit/VsTestRunner2/netcoreapp" className="OpenBullet.Core.Tests.Step8_KeyCheckerTests" name="Key_Factory_Methods_Should_Create_Correct_Keys" />
    </UnitTest>
    <UnitTest name="OpenBullet.Core.Tests.Step9_BotRunnerTests.RunAsync_Should_Include_Proxy_Metadata_When_Available" storage="c:\users\futiliter\downloads\telegram desktop\openbullet 1.4.4 anomaly modded version\openbulletrecreation\openbullet.core.tests\bin\debug\net9.0\openbullet.core.tests.dll" id="53d68821-c8ba-d625-bca0-f5b7e0e7fb60">
      <Execution id="919cd97e-38ff-4eaf-82c8-852d64f99ef2" />
      <TestMethod codeBase="C:\Users\futiliter\Downloads\Telegram Desktop\Openbullet 1.4.4 Anomaly Modded Version\OpenBulletRecreation\OpenBullet.Core.Tests\bin\Debug\net9.0\OpenBullet.Core.Tests.dll" adapterTypeName="executor://xunit/VsTestRunner2/netcoreapp" className="OpenBullet.Core.Tests.Step9_BotRunnerTests" name="RunAsync_Should_Include_Proxy_Metadata_When_Available" />
    </UnitTest>
    <UnitTest name="OpenBullet.Core.Tests.Step13_CoreServicesTests.SyntaxHighlightingService_Should_Identify_Variables" storage="c:\users\futiliter\downloads\telegram desktop\openbullet 1.4.4 anomaly modded version\openbulletrecreation\openbullet.core.tests\bin\debug\net9.0\openbullet.core.tests.dll" id="f76f95b2-f6ab-fd3e-f32d-372621ec999d">
      <Execution id="fec0ca34-e897-42f3-8fe3-074387303042" />
      <TestMethod codeBase="C:\Users\futiliter\Downloads\Telegram Desktop\Openbullet 1.4.4 Anomaly Modded Version\OpenBulletRecreation\OpenBullet.Core.Tests\bin\Debug\net9.0\OpenBullet.Core.Tests.dll" adapterTypeName="executor://xunit/VsTestRunner2/netcoreapp" className="OpenBullet.Core.Tests.Step13_CoreServicesTests" name="SyntaxHighlightingService_Should_Identify_Variables" />
    </UnitTest>
    <UnitTest name="OpenBullet.Core.Tests.Step13_ConfigurationEditorTests.GetCompletions_Should_Return_Command_Suggestions" storage="c:\users\futiliter\downloads\telegram desktop\openbullet 1.4.4 anomaly modded version\openbulletrecreation\openbullet.core.tests\bin\debug\net9.0\openbullet.core.tests.dll" id="f7b38d8d-a9f6-9739-707a-0e72c418b618">
      <Execution id="f3bd7846-5d47-4259-87a8-1a2582ed4a08" />
      <TestMethod codeBase="C:\Users\futiliter\Downloads\Telegram Desktop\Openbullet 1.4.4 Anomaly Modded Version\OpenBulletRecreation\OpenBullet.Core.Tests\bin\Debug\net9.0\OpenBullet.Core.Tests.dll" adapterTypeName="executor://xunit/VsTestRunner2/netcoreapp" className="OpenBullet.Core.Tests.Step13_ConfigurationEditorTests" name="GetCompletions_Should_Return_Command_Suggestions" />
    </UnitTest>
    <UnitTest name="OpenBullet.Core.Tests.Step10_ProxyExtensionsTests.ToDisplayString_Enhanced_Should_Format_Correctly(host: &quot;proxy.com&quot;, port: 1080, type: Socks5, username: &quot;user&quot;, password: &quot;pass&quot;, includeCredentials: True, expected: &quot;socks5://user:pass@proxy.com:1080&quot;)" storage="c:\users\futiliter\downloads\telegram desktop\openbullet 1.4.4 anomaly modded version\openbulletrecreation\openbullet.core.tests\bin\debug\net9.0\openbullet.core.tests.dll" id="f349d62f-2106-f635-f1b4-3603b61cf268">
      <Execution id="6e59fde1-2cce-469e-972c-60697597f0c4" />
      <TestMethod codeBase="C:\Users\futiliter\Downloads\Telegram Desktop\Openbullet 1.4.4 Anomaly Modded Version\OpenBulletRecreation\OpenBullet.Core.Tests\bin\Debug\net9.0\OpenBullet.Core.Tests.dll" adapterTypeName="executor://xunit/VsTestRunner2/netcoreapp" className="OpenBullet.Core.Tests.Step10_ProxyExtensionsTests" name="ToDisplayString_Enhanced_Should_Format_Correctly" />
    </UnitTest>
    <UnitTest name="OpenBullet.Core.Tests.Step10_ValidationTests.ProxyJobConfigurationValidationResult_Should_Initialize_With_Defaults" storage="c:\users\futiliter\downloads\telegram desktop\openbullet 1.4.4 anomaly modded version\openbulletrecreation\openbullet.core.tests\bin\debug\net9.0\openbullet.core.tests.dll" id="6e49f417-b943-432d-5126-4d25aa46d8e0">
      <Execution id="c4cd8bc7-f062-4fc6-b62a-9e4d1115999e" />
      <TestMethod codeBase="C:\Users\futiliter\Downloads\Telegram Desktop\Openbullet 1.4.4 Anomaly Modded Version\OpenBulletRecreation\OpenBullet.Core.Tests\bin\Debug\net9.0\OpenBullet.Core.Tests.dll" adapterTypeName="executor://xunit/VsTestRunner2/netcoreapp" className="OpenBullet.Core.Tests.Step10_ValidationTests" name="ProxyJobConfigurationValidationResult_Should_Initialize_With_Defaults" />
    </UnitTest>
    <UnitTest name="OpenBullet.Core.Tests.Step9_JobManagerTests.GetStatistics_Should_Return_Manager_Statistics" storage="c:\users\futiliter\downloads\telegram desktop\openbullet 1.4.4 anomaly modded version\openbulletrecreation\openbullet.core.tests\bin\debug\net9.0\openbullet.core.tests.dll" id="7226f096-c4ad-0255-dd48-6b6cf179b818">
      <Execution id="e77a6730-f70f-4892-9149-999cf0f18787" />
      <TestMethod codeBase="C:\Users\futiliter\Downloads\Telegram Desktop\Openbullet 1.4.4 Anomaly Modded Version\OpenBulletRecreation\OpenBullet.Core.Tests\bin\Debug\net9.0\OpenBullet.Core.Tests.dll" adapterTypeName="executor://xunit/VsTestRunner2/netcoreapp" className="OpenBullet.Core.Tests.Step9_JobManagerTests" name="GetStatistics_Should_Return_Manager_Statistics" />
    </UnitTest>
    <UnitTest name="OpenBullet.Core.Tests.Step7_ValidationTests.ParseOptions_Should_Initialize_With_Defaults" storage="c:\users\futiliter\downloads\telegram desktop\openbullet 1.4.4 anomaly modded version\openbulletrecreation\openbullet.core.tests\bin\debug\net9.0\openbullet.core.tests.dll" id="56971bf6-cc99-bd6c-86bd-090709878391">
      <Execution id="3d321e01-c02e-49be-8536-1041ebadb16b" />
      <TestMethod codeBase="C:\Users\futiliter\Downloads\Telegram Desktop\Openbullet 1.4.4 Anomaly Modded Version\OpenBulletRecreation\OpenBullet.Core.Tests\bin\Debug\net9.0\OpenBullet.Core.Tests.dll" adapterTypeName="executor://xunit/VsTestRunner2/netcoreapp" className="OpenBullet.Core.Tests.Step7_ValidationTests" name="ParseOptions_Should_Initialize_With_Defaults" />
    </UnitTest>
    <UnitTest name="OpenBullet.Core.Tests.Step7_ParsersTests.ParserFactory_Should_Register_Custom_Parser" storage="c:\users\futiliter\downloads\telegram desktop\openbullet 1.4.4 anomaly modded version\openbulletrecreation\openbullet.core.tests\bin\debug\net9.0\openbullet.core.tests.dll" id="02b01773-fa7c-7dc8-71b8-d2228b70421a">
      <Execution id="6d8a91d3-faec-40d0-b699-034f0ee41968" />
      <TestMethod codeBase="C:\Users\futiliter\Downloads\Telegram Desktop\Openbullet 1.4.4 Anomaly Modded Version\OpenBulletRecreation\OpenBullet.Core.Tests\bin\Debug\net9.0\OpenBullet.Core.Tests.dll" adapterTypeName="executor://xunit/VsTestRunner2/netcoreapp" className="OpenBullet.Core.Tests.Step7_ParsersTests" name="ParserFactory_Should_Register_Custom_Parser" />
    </UnitTest>
    <UnitTest name="OpenBullet.Core.Tests.Step8_ValidationTests.KeyCondition_String_Conversion_Should_Work(stringValue: &quot;Contains&quot;, expectedCondition: Contains)" storage="c:\users\futiliter\downloads\telegram desktop\openbullet 1.4.4 anomaly modded version\openbulletrecreation\openbullet.core.tests\bin\debug\net9.0\openbullet.core.tests.dll" id="24a7a5b6-602e-cd90-6aa7-316028b0768b">
      <Execution id="82439577-0627-4520-be6b-f5423bcc26bd" />
      <TestMethod codeBase="C:\Users\futiliter\Downloads\Telegram Desktop\Openbullet 1.4.4 Anomaly Modded Version\OpenBulletRecreation\OpenBullet.Core.Tests\bin\Debug\net9.0\OpenBullet.Core.Tests.dll" adapterTypeName="executor://xunit/VsTestRunner2/netcoreapp" className="OpenBullet.Core.Tests.Step8_ValidationTests" name="KeyCondition_String_Conversion_Should_Work" />
    </UnitTest>
    <UnitTest name="OpenBullet.Core.Tests.Step7_ValidationTests.ParseCommand_Should_Validate_Basic_Instructions" storage="c:\users\futiliter\downloads\telegram desktop\openbullet 1.4.4 anomaly modded version\openbulletrecreation\openbullet.core.tests\bin\debug\net9.0\openbullet.core.tests.dll" id="8d710c2c-914e-8ce4-d5ff-4106d92147ce">
      <Execution id="1ec71a56-5ec6-4f59-ba50-4a3e7b5a9509" />
      <TestMethod codeBase="C:\Users\futiliter\Downloads\Telegram Desktop\Openbullet 1.4.4 Anomaly Modded Version\OpenBulletRecreation\OpenBullet.Core.Tests\bin\Debug\net9.0\OpenBullet.Core.Tests.dll" adapterTypeName="executor://xunit/VsTestRunner2/netcoreapp" className="OpenBullet.Core.Tests.Step7_ValidationTests" name="ParseCommand_Should_Validate_Basic_Instructions" />
    </UnitTest>
    <UnitTest name="OpenBullet.Core.Tests.Step10_ProxyJobManagerTests.GetProxyPoolStatisticsAsync_Should_Return_Pool_Stats" storage="c:\users\futiliter\downloads\telegram desktop\openbullet 1.4.4 anomaly modded version\openbulletrecreation\openbullet.core.tests\bin\debug\net9.0\openbullet.core.tests.dll" id="2b5873d0-0aa5-9a89-92fb-4c692765db30">
      <Execution id="d1672da8-994f-454c-986d-dd6a3ebf57dc" />
      <TestMethod codeBase="C:\Users\futiliter\Downloads\Telegram Desktop\Openbullet 1.4.4 Anomaly Modded Version\OpenBulletRecreation\OpenBullet.Core.Tests\bin\Debug\net9.0\OpenBullet.Core.Tests.dll" adapterTypeName="executor://xunit/VsTestRunner2/netcoreapp" className="OpenBullet.Core.Tests.Step10_ProxyJobManagerTests" name="GetProxyPoolStatisticsAsync_Should_Return_Pool_Stats" />
    </UnitTest>
    <UnitTest name="OpenBullet.Core.Tests.Step8_KeyCheckerTests.KeyChain_Factory_Methods_Should_Create_Correct_Chains" storage="c:\users\futiliter\downloads\telegram desktop\openbullet 1.4.4 anomaly modded version\openbulletrecreation\openbullet.core.tests\bin\debug\net9.0\openbullet.core.tests.dll" id="44b488fa-827c-25b6-c6ca-6dece53df16e">
      <Execution id="163c79d5-6e28-4206-b4d9-1b2e272d2e42" />
      <TestMethod codeBase="C:\Users\futiliter\Downloads\Telegram Desktop\Openbullet 1.4.4 Anomaly Modded Version\OpenBulletRecreation\OpenBullet.Core.Tests\bin\Debug\net9.0\OpenBullet.Core.Tests.dll" adapterTypeName="executor://xunit/VsTestRunner2/netcoreapp" className="OpenBullet.Core.Tests.Step8_KeyCheckerTests" name="KeyChain_Factory_Methods_Should_Create_Correct_Chains" />
    </UnitTest>
    <UnitTest name="OpenBullet.Core.Tests.Step5_ValidationTests.VariableScope_Values_Should_Be_Distinct(scope: Any)" storage="c:\users\futiliter\downloads\telegram desktop\openbullet 1.4.4 anomaly modded version\openbulletrecreation\openbullet.core.tests\bin\debug\net9.0\openbullet.core.tests.dll" id="80397e98-8b65-9d77-11c3-ff54a6741b08">
      <Execution id="768c8a9c-77be-4a6c-a1ef-294ce9173395" />
      <TestMethod codeBase="C:\Users\futiliter\Downloads\Telegram Desktop\Openbullet 1.4.4 Anomaly Modded Version\OpenBulletRecreation\OpenBullet.Core.Tests\bin\Debug\net9.0\OpenBullet.Core.Tests.dll" adapterTypeName="executor://xunit/VsTestRunner2/netcoreapp" className="OpenBullet.Core.Tests.Step5_ValidationTests" name="VariableScope_Values_Should_Be_Distinct" />
    </UnitTest>
    <UnitTest name="OpenBullet.Core.Tests.Step7_ParseCommandTests.ValidateInstruction_Without_Redirector_Should_Warn" storage="c:\users\futiliter\downloads\telegram desktop\openbullet 1.4.4 anomaly modded version\openbulletrecreation\openbullet.core.tests\bin\debug\net9.0\openbullet.core.tests.dll" id="f5e63c97-f917-de8f-01bd-476794860761">
      <Execution id="552e5110-ae33-4693-aa77-40af2e9d0aeb" />
      <TestMethod codeBase="C:\Users\futiliter\Downloads\Telegram Desktop\Openbullet 1.4.4 Anomaly Modded Version\OpenBulletRecreation\OpenBullet.Core.Tests\bin\Debug\net9.0\OpenBullet.Core.Tests.dll" adapterTypeName="executor://xunit/VsTestRunner2/netcoreapp" className="OpenBullet.Core.Tests.Step7_ParseCommandTests" name="ValidateInstruction_Without_Redirector_Should_Warn" />
    </UnitTest>
    <UnitTest name="OpenBullet.Core.Tests.Step5_ValidationTests.LogLevel_Values_Should_Have_Correct_Numeric_Values(level: Error, expectedValue: 4)" storage="c:\users\futiliter\downloads\telegram desktop\openbullet 1.4.4 anomaly modded version\openbulletrecreation\openbullet.core.tests\bin\debug\net9.0\openbullet.core.tests.dll" id="443efa92-fbca-7e68-eb3c-5ae76824a61b">
      <Execution id="813f1447-832e-4c47-82fc-7ae098bc1835" />
      <TestMethod codeBase="C:\Users\futiliter\Downloads\Telegram Desktop\Openbullet 1.4.4 Anomaly Modded Version\OpenBulletRecreation\OpenBullet.Core.Tests\bin\Debug\net9.0\OpenBullet.Core.Tests.dll" adapterTypeName="executor://xunit/VsTestRunner2/netcoreapp" className="OpenBullet.Core.Tests.Step5_ValidationTests" name="LogLevel_Values_Should_Have_Correct_Numeric_Values" />
    </UnitTest>
    <UnitTest name="OpenBullet.Core.Tests.Step9_JobManagerTests.JobStatus_State_Properties_Should_Work_Correctly(state: Starting, expectedIsRunning: False, expectedIsCompleted: False)" storage="c:\users\futiliter\downloads\telegram desktop\openbullet 1.4.4 anomaly modded version\openbulletrecreation\openbullet.core.tests\bin\debug\net9.0\openbullet.core.tests.dll" id="09a6479c-1b1a-ecc3-a56f-3eae405b4f0b">
      <Execution id="38512075-170c-4b75-be53-2d0a280d82f2" />
      <TestMethod codeBase="C:\Users\futiliter\Downloads\Telegram Desktop\Openbullet 1.4.4 Anomaly Modded Version\OpenBulletRecreation\OpenBullet.Core.Tests\bin\Debug\net9.0\OpenBullet.Core.Tests.dll" adapterTypeName="executor://xunit/VsTestRunner2/netcoreapp" className="OpenBullet.Core.Tests.Step9_JobManagerTests" name="JobStatus_State_Properties_Should_Work_Correctly" />
    </UnitTest>
    <UnitTest name="OpenBullet.Core.Tests.Step4_ScriptParserTests.ParseLine_With_Various_Valid_Syntaxes_Should_Parse_Successfully(commandLine: &quot;#LABEL FUNCTION Constant \&quot;test\&quot; -&gt; VAR \&quot;OUTPUT\&quot;···)" storage="c:\users\futiliter\downloads\telegram desktop\openbullet 1.4.4 anomaly modded version\openbulletrecreation\openbullet.core.tests\bin\debug\net9.0\openbullet.core.tests.dll" id="43900a6f-ae22-4d68-bf58-9ad59ead952d">
      <Execution id="56608f3c-2546-4389-829a-c80d3b0195c7" />
      <TestMethod codeBase="C:\Users\futiliter\Downloads\Telegram Desktop\Openbullet 1.4.4 Anomaly Modded Version\OpenBulletRecreation\OpenBullet.Core.Tests\bin\Debug\net9.0\OpenBullet.Core.Tests.dll" adapterTypeName="executor://xunit/VsTestRunner2/netcoreapp" className="OpenBullet.Core.Tests.Step4_ScriptParserTests" name="ParseLine_With_Various_Valid_Syntaxes_Should_Parse_Successfully" />
    </UnitTest>
    <UnitTest name="OpenBullet.Core.Tests.Step6_RequestCommandTests.ValidateInstruction_With_Invalid_Boolean_Parameter_Should_Fail" storage="c:\users\futiliter\downloads\telegram desktop\openbullet 1.4.4 anomaly modded version\openbulletrecreation\openbullet.core.tests\bin\debug\net9.0\openbullet.core.tests.dll" id="e6fb7818-bcde-bda5-4f01-5c56f758bb4d">
      <Execution id="60241b39-f368-4346-8938-882e33a3bb76" />
      <TestMethod codeBase="C:\Users\futiliter\Downloads\Telegram Desktop\Openbullet 1.4.4 Anomaly Modded Version\OpenBulletRecreation\OpenBullet.Core.Tests\bin\Debug\net9.0\OpenBullet.Core.Tests.dll" adapterTypeName="executor://xunit/VsTestRunner2/netcoreapp" className="OpenBullet.Core.Tests.Step6_RequestCommandTests" name="ValidateInstruction_With_Invalid_Boolean_Parameter_Should_Fail" />
    </UnitTest>
    <UnitTest name="OpenBullet.Core.Tests.Step5_ExecutionContextTests.Proxy_Property_Should_Be_Settable" storage="c:\users\futiliter\downloads\telegram desktop\openbullet 1.4.4 anomaly modded version\openbulletrecreation\openbullet.core.tests\bin\debug\net9.0\openbullet.core.tests.dll" id="b7fa1093-480a-62ec-1c9e-923579d42db0">
      <Execution id="c597301d-76b1-409b-9e06-9b00659c8a86" />
      <TestMethod codeBase="C:\Users\futiliter\Downloads\Telegram Desktop\Openbullet 1.4.4 Anomaly Modded Version\OpenBulletRecreation\OpenBullet.Core.Tests\bin\Debug\net9.0\OpenBullet.Core.Tests.dll" adapterTypeName="executor://xunit/VsTestRunner2/netcoreapp" className="OpenBullet.Core.Tests.Step5_ExecutionContextTests" name="Proxy_Property_Should_Be_Settable" />
    </UnitTest>
    <UnitTest name="OpenBullet.Core.Tests.Step13_CoreServicesTests.SyntaxHighlightingService_Should_Handle_Empty_Input" storage="c:\users\futiliter\downloads\telegram desktop\openbullet 1.4.4 anomaly modded version\openbulletrecreation\openbullet.core.tests\bin\debug\net9.0\openbullet.core.tests.dll" id="bb4aed98-e5bf-8783-120a-528d735e74df">
      <Execution id="2d660fa3-f9eb-46fe-ad5b-2549dd16d173" />
      <TestMethod codeBase="C:\Users\futiliter\Downloads\Telegram Desktop\Openbullet 1.4.4 Anomaly Modded Version\OpenBulletRecreation\OpenBullet.Core.Tests\bin\Debug\net9.0\OpenBullet.Core.Tests.dll" adapterTypeName="executor://xunit/VsTestRunner2/netcoreapp" className="OpenBullet.Core.Tests.Step13_CoreServicesTests" name="SyntaxHighlightingService_Should_Handle_Empty_Input" />
    </UnitTest>
    <UnitTest name="OpenBullet.Core.Tests.Step5_ValidationTests.ExecutionStatusChangedEventArgs_Should_Initialize_With_Defaults" storage="c:\users\futiliter\downloads\telegram desktop\openbullet 1.4.4 anomaly modded version\openbulletrecreation\openbullet.core.tests\bin\debug\net9.0\openbullet.core.tests.dll" id="06340c1d-fb82-504f-1ff0-51f3cdd48661">
      <Execution id="a5a2fd3b-13b4-422d-a2a5-e6d934559e42" />
      <TestMethod codeBase="C:\Users\futiliter\Downloads\Telegram Desktop\Openbullet 1.4.4 Anomaly Modded Version\OpenBulletRecreation\OpenBullet.Core.Tests\bin\Debug\net9.0\OpenBullet.Core.Tests.dll" adapterTypeName="executor://xunit/VsTestRunner2/netcoreapp" className="OpenBullet.Core.Tests.Step5_ValidationTests" name="ExecutionStatusChangedEventArgs_Should_Initialize_With_Defaults" />
    </UnitTest>
    <UnitTest name="OpenBullet.Core.Tests.Step8_ValidationTests.Step8TestHelpers_Should_Create_Valid_Objects" storage="c:\users\futiliter\downloads\telegram desktop\openbullet 1.4.4 anomaly modded version\openbulletrecreation\openbullet.core.tests\bin\debug\net9.0\openbullet.core.tests.dll" id="421ba4d9-0990-373f-4f5f-1011eda12e01">
      <Execution id="ec4c787b-2c94-4dfb-b73e-01499cece90f" />
      <TestMethod codeBase="C:\Users\futiliter\Downloads\Telegram Desktop\Openbullet 1.4.4 Anomaly Modded Version\OpenBulletRecreation\OpenBullet.Core.Tests\bin\Debug\net9.0\OpenBullet.Core.Tests.dll" adapterTypeName="executor://xunit/VsTestRunner2/netcoreapp" className="OpenBullet.Core.Tests.Step8_ValidationTests" name="Step8TestHelpers_Should_Create_Valid_Objects" />
    </UnitTest>
    <UnitTest name="OpenBullet.Core.Tests.Step8_ValidationTests.KeyChecker_Should_Handle_Basic_Operations" storage="c:\users\futiliter\downloads\telegram desktop\openbullet 1.4.4 anomaly modded version\openbulletrecreation\openbullet.core.tests\bin\debug\net9.0\openbullet.core.tests.dll" id="97322cb3-4638-74c1-9778-2c514860c69b">
      <Execution id="8b336ef1-d6b4-4c1f-8804-e9f15a72e251" />
      <TestMethod codeBase="C:\Users\futiliter\Downloads\Telegram Desktop\Openbullet 1.4.4 Anomaly Modded Version\OpenBulletRecreation\OpenBullet.Core.Tests\bin\Debug\net9.0\OpenBullet.Core.Tests.dll" adapterTypeName="executor://xunit/VsTestRunner2/netcoreapp" className="OpenBullet.Core.Tests.Step8_ValidationTests" name="KeyChecker_Should_Handle_Basic_Operations" />
    </UnitTest>
    <UnitTest name="OpenBullet.Core.Tests.Step5_ExecutionContextTests.ExecutionContext_Should_Initialize_From_BotData" storage="c:\users\futiliter\downloads\telegram desktop\openbullet 1.4.4 anomaly modded version\openbulletrecreation\openbullet.core.tests\bin\debug\net9.0\openbullet.core.tests.dll" id="dd61a709-c445-d833-ad16-8ad65336ed27">
      <Execution id="aa919ea4-5554-4d66-9ad1-c5fb3acb39b6" />
      <TestMethod codeBase="C:\Users\futiliter\Downloads\Telegram Desktop\Openbullet 1.4.4 Anomaly Modded Version\OpenBulletRecreation\OpenBullet.Core.Tests\bin\Debug\net9.0\OpenBullet.Core.Tests.dll" adapterTypeName="executor://xunit/VsTestRunner2/netcoreapp" className="OpenBullet.Core.Tests.Step5_ExecutionContextTests" name="ExecutionContext_Should_Initialize_From_BotData" />
    </UnitTest>
    <UnitTest name="OpenBullet.Core.Tests.Step3_ValidationTests.ConfigValidationResult_Should_Initialize_Correctly" storage="c:\users\futiliter\downloads\telegram desktop\openbullet 1.4.4 anomaly modded version\openbulletrecreation\openbullet.core.tests\bin\debug\net9.0\openbullet.core.tests.dll" id="f77a8434-f2f1-f2d2-3783-3c5ddccd022d">
      <Execution id="0b63f1e3-ac38-43e1-860c-5c5554f994ee" />
      <TestMethod codeBase="C:\Users\futiliter\Downloads\Telegram Desktop\Openbullet 1.4.4 Anomaly Modded Version\OpenBulletRecreation\OpenBullet.Core.Tests\bin\Debug\net9.0\OpenBullet.Core.Tests.dll" adapterTypeName="executor://xunit/VsTestRunner2/netcoreapp" className="OpenBullet.Core.Tests.Step3_ValidationTests" name="ConfigValidationResult_Should_Initialize_Correctly" />
    </UnitTest>
    <UnitTest name="OpenBullet.Core.Tests.Step10_ProxyExtensionsTests.IsValid_Basic_Should_Validate_Correctly(host: &quot;proxy.com&quot;, port: 65536, type: Http, expectedValid: False)" storage="c:\users\futiliter\downloads\telegram desktop\openbullet 1.4.4 anomaly modded version\openbulletrecreation\openbullet.core.tests\bin\debug\net9.0\openbullet.core.tests.dll" id="e196ee69-5dbd-50ce-cf08-67c039e37245">
      <Execution id="7d91ddeb-adb6-48dd-95fc-85c71739d6f1" />
      <TestMethod codeBase="C:\Users\futiliter\Downloads\Telegram Desktop\Openbullet 1.4.4 Anomaly Modded Version\OpenBulletRecreation\OpenBullet.Core.Tests\bin\Debug\net9.0\OpenBullet.Core.Tests.dll" adapterTypeName="executor://xunit/VsTestRunner2/netcoreapp" className="OpenBullet.Core.Tests.Step10_ProxyExtensionsTests" name="IsValid_Basic_Should_Validate_Correctly" />
    </UnitTest>
    <UnitTest name="OpenBullet.Core.Tests.Step11_ValidationTests.ImportResult_Should_Initialize_Correctly" storage="c:\users\futiliter\downloads\telegram desktop\openbullet 1.4.4 anomaly modded version\openbulletrecreation\openbullet.core.tests\bin\debug\net9.0\openbullet.core.tests.dll" id="6d3165fe-ef76-51fa-7cb5-cf3133ba2208">
      <Execution id="6ba3e486-f15a-4e9e-bf33-52761f731b5d" />
      <TestMethod codeBase="C:\Users\futiliter\Downloads\Telegram Desktop\Openbullet 1.4.4 Anomaly Modded Version\OpenBulletRecreation\OpenBullet.Core.Tests\bin\Debug\net9.0\OpenBullet.Core.Tests.dll" adapterTypeName="executor://xunit/VsTestRunner2/netcoreapp" className="OpenBullet.Core.Tests.Step11_ValidationTests" name="ImportResult_Should_Initialize_Correctly" />
    </UnitTest>
    <UnitTest name="OpenBullet.Core.Tests.Step2_ValidationTests.HttpClientConfiguration_Can_Be_Modified" storage="c:\users\futiliter\downloads\telegram desktop\openbullet 1.4.4 anomaly modded version\openbulletrecreation\openbullet.core.tests\bin\debug\net9.0\openbullet.core.tests.dll" id="7b84a055-d3c3-9427-ee2e-8bd4b9279649">
      <Execution id="c10c6521-53f7-495a-bdb1-f8d818169f1f" />
      <TestMethod codeBase="C:\Users\futiliter\Downloads\Telegram Desktop\Openbullet 1.4.4 Anomaly Modded Version\OpenBulletRecreation\OpenBullet.Core.Tests\bin\Debug\net9.0\OpenBullet.Core.Tests.dll" adapterTypeName="executor://xunit/VsTestRunner2/netcoreapp" className="OpenBullet.Core.Tests.Step2_ValidationTests" name="HttpClientConfiguration_Can_Be_Modified" />
    </UnitTest>
    <UnitTest name="OpenBullet.Core.Tests.Step9_BotRunnerTests.BotStatusExtensions_ShouldRetry_Should_Work_Correctly(status: Failure, expectedShouldRetry: False)" storage="c:\users\futiliter\downloads\telegram desktop\openbullet 1.4.4 anomaly modded version\openbulletrecreation\openbullet.core.tests\bin\debug\net9.0\openbullet.core.tests.dll" id="230e6670-419c-e15b-6235-d733e081961a">
      <Execution id="5b9640b6-b099-4cf4-87cb-377df288ef51" />
      <TestMethod codeBase="C:\Users\futiliter\Downloads\Telegram Desktop\Openbullet 1.4.4 Anomaly Modded Version\OpenBulletRecreation\OpenBullet.Core.Tests\bin\Debug\net9.0\OpenBullet.Core.Tests.dll" adapterTypeName="executor://xunit/VsTestRunner2/netcoreapp" className="OpenBullet.Core.Tests.Step9_BotRunnerTests" name="BotStatusExtensions_ShouldRetry_Should_Work_Correctly" />
    </UnitTest>
    <UnitTest name="OpenBullet.Core.Tests.Step7_ParsersTests.LeftRightParser_Should_Handle_Max_Matches" storage="c:\users\futiliter\downloads\telegram desktop\openbullet 1.4.4 anomaly modded version\openbulletrecreation\openbullet.core.tests\bin\debug\net9.0\openbullet.core.tests.dll" id="a035c6b7-76bd-4fdd-77a3-93ac7d18e6ac">
      <Execution id="e9a1db86-75ab-4ad3-9167-b9e511d8941e" />
      <TestMethod codeBase="C:\Users\futiliter\Downloads\Telegram Desktop\Openbullet 1.4.4 Anomaly Modded Version\OpenBulletRecreation\OpenBullet.Core.Tests\bin\Debug\net9.0\OpenBullet.Core.Tests.dll" adapterTypeName="executor://xunit/VsTestRunner2/netcoreapp" className="OpenBullet.Core.Tests.Step7_ParsersTests" name="LeftRightParser_Should_Handle_Max_Matches" />
    </UnitTest>
    <UnitTest name="OpenBullet.Core.Tests.Step13_ConfigurationEditorTests.GetColorScheme_Should_Return_Valid_Theme_Colors" storage="c:\users\futiliter\downloads\telegram desktop\openbullet 1.4.4 anomaly modded version\openbulletrecreation\openbullet.core.tests\bin\debug\net9.0\openbullet.core.tests.dll" id="6ee5e64f-818a-e856-067d-9abaf9076562">
      <Execution id="bac1345a-5cc0-4ed3-a2e4-90942b677975" />
      <TestMethod codeBase="C:\Users\futiliter\Downloads\Telegram Desktop\Openbullet 1.4.4 Anomaly Modded Version\OpenBulletRecreation\OpenBullet.Core.Tests\bin\Debug\net9.0\OpenBullet.Core.Tests.dll" adapterTypeName="executor://xunit/VsTestRunner2/netcoreapp" className="OpenBullet.Core.Tests.Step13_ConfigurationEditorTests" name="GetColorScheme_Should_Return_Valid_Theme_Colors" />
    </UnitTest>
    <UnitTest name="OpenBullet.Core.Tests.Step6_RequestCommandTests.ValidateInstruction_With_Empty_URL_Should_Fail" storage="c:\users\futiliter\downloads\telegram desktop\openbullet 1.4.4 anomaly modded version\openbulletrecreation\openbullet.core.tests\bin\debug\net9.0\openbullet.core.tests.dll" id="830f728c-a30f-897e-e925-b07241b974ae">
      <Execution id="2c5c9f48-cfec-49c8-b1eb-99aa155e415b" />
      <TestMethod codeBase="C:\Users\futiliter\Downloads\Telegram Desktop\Openbullet 1.4.4 Anomaly Modded Version\OpenBulletRecreation\OpenBullet.Core.Tests\bin\Debug\net9.0\OpenBullet.Core.Tests.dll" adapterTypeName="executor://xunit/VsTestRunner2/netcoreapp" className="OpenBullet.Core.Tests.Step6_RequestCommandTests" name="ValidateInstruction_With_Empty_URL_Should_Fail" />
    </UnitTest>
    <UnitTest name="OpenBullet.Core.Tests.Step10_ProxyJobManagerTests.ProxyStrategy_Enum_Should_Have_All_Values(strategy: RoundRobin)" storage="c:\users\futiliter\downloads\telegram desktop\openbullet 1.4.4 anomaly modded version\openbulletrecreation\openbullet.core.tests\bin\debug\net9.0\openbullet.core.tests.dll" id="fb5054a5-0813-d325-5d0d-e25ca0b52f5b">
      <Execution id="49946663-75bd-4f96-8235-0b0f8c36bf5f" />
      <TestMethod codeBase="C:\Users\futiliter\Downloads\Telegram Desktop\Openbullet 1.4.4 Anomaly Modded Version\OpenBulletRecreation\OpenBullet.Core.Tests\bin\Debug\net9.0\OpenBullet.Core.Tests.dll" adapterTypeName="executor://xunit/VsTestRunner2/netcoreapp" className="OpenBullet.Core.Tests.Step10_ProxyJobManagerTests" name="ProxyStrategy_Enum_Should_Have_All_Values" />
    </UnitTest>
    <UnitTest name="OpenBullet.Core.Tests.Step7_ParsersTests.JsonParser_Should_Handle_Invalid_JSON" storage="c:\users\futiliter\downloads\telegram desktop\openbullet 1.4.4 anomaly modded version\openbulletrecreation\openbullet.core.tests\bin\debug\net9.0\openbullet.core.tests.dll" id="ea3e4223-f663-cb8b-89b4-506b54083ac0">
      <Execution id="b29869f6-8884-4b1d-9cdf-1811a106c84a" />
      <TestMethod codeBase="C:\Users\futiliter\Downloads\Telegram Desktop\Openbullet 1.4.4 Anomaly Modded Version\OpenBulletRecreation\OpenBullet.Core.Tests\bin\Debug\net9.0\OpenBullet.Core.Tests.dll" adapterTypeName="executor://xunit/VsTestRunner2/netcoreapp" className="OpenBullet.Core.Tests.Step7_ParsersTests" name="JsonParser_Should_Handle_Invalid_JSON" />
    </UnitTest>
    <UnitTest name="OpenBullet.Core.Tests.Step11_DatabaseContextTests.Repository_Query_Operations_Should_Work" storage="c:\users\futiliter\downloads\telegram desktop\openbullet 1.4.4 anomaly modded version\openbulletrecreation\openbullet.core.tests\bin\debug\net9.0\openbullet.core.tests.dll" id="cda12faf-96fd-24f3-2774-93e9eafcb82f">
      <Execution id="6dd8bd7a-bd23-4cca-9316-6a1971e343e6" />
      <TestMethod codeBase="C:\Users\futiliter\Downloads\Telegram Desktop\Openbullet 1.4.4 Anomaly Modded Version\OpenBulletRecreation\OpenBullet.Core.Tests\bin\Debug\net9.0\OpenBullet.Core.Tests.dll" adapterTypeName="executor://xunit/VsTestRunner2/netcoreapp" className="OpenBullet.Core.Tests.Step11_DatabaseContextTests" name="Repository_Query_Operations_Should_Work" />
    </UnitTest>
    <UnitTest name="OpenBullet.Core.Tests.Step5_ValidationTests.VariableReference_Should_Handle_All_Types" storage="c:\users\futiliter\downloads\telegram desktop\openbullet 1.4.4 anomaly modded version\openbulletrecreation\openbullet.core.tests\bin\debug\net9.0\openbullet.core.tests.dll" id="168024dd-a888-2d1f-a24c-590ecae8cad3">
      <Execution id="a718fb17-e1b3-498d-aee2-7cea21dfc658" />
      <TestMethod codeBase="C:\Users\futiliter\Downloads\Telegram Desktop\Openbullet 1.4.4 Anomaly Modded Version\OpenBulletRecreation\OpenBullet.Core.Tests\bin\Debug\net9.0\OpenBullet.Core.Tests.dll" adapterTypeName="executor://xunit/VsTestRunner2/netcoreapp" className="OpenBullet.Core.Tests.Step5_ValidationTests" name="VariableReference_Should_Handle_All_Types" />
    </UnitTest>
    <UnitTest name="OpenBullet.Core.Tests.Step10_ProxyExtensionsTests.ToDisplayString_Basic_Should_Format_Correctly(host: &quot;proxy.com&quot;, port: 8080, type: Http, username: &quot;user&quot;, password: &quot;pass&quot;, includeCredentials: True, expected: &quot;http://user:pass@proxy.com:8080&quot;)" storage="c:\users\futiliter\downloads\telegram desktop\openbullet 1.4.4 anomaly modded version\openbulletrecreation\openbullet.core.tests\bin\debug\net9.0\openbullet.core.tests.dll" id="f8f3c42b-b5c9-1248-dc75-6642cf1b9238">
      <Execution id="e1979a11-774a-451b-8da8-92cdb10c82d2" />
      <TestMethod codeBase="C:\Users\futiliter\Downloads\Telegram Desktop\Openbullet 1.4.4 Anomaly Modded Version\OpenBulletRecreation\OpenBullet.Core.Tests\bin\Debug\net9.0\OpenBullet.Core.Tests.dll" adapterTypeName="executor://xunit/VsTestRunner2/netcoreapp" className="OpenBullet.Core.Tests.Step10_ProxyExtensionsTests" name="ToDisplayString_Basic_Should_Format_Correctly" />
    </UnitTest>
    <UnitTest name="OpenBullet.Core.Tests.Step9_JobManagerTests.JobManager_Can_Be_Created" storage="c:\users\futiliter\downloads\telegram desktop\openbullet 1.4.4 anomaly modded version\openbulletrecreation\openbullet.core.tests\bin\debug\net9.0\openbullet.core.tests.dll" id="53707680-0a72-81bf-c411-a9d3ca6f8403">
      <Execution id="c4db1854-80fe-4718-bcd2-0adbaf6f1bc6" />
      <TestMethod codeBase="C:\Users\futiliter\Downloads\Telegram Desktop\Openbullet 1.4.4 Anomaly Modded Version\OpenBulletRecreation\OpenBullet.Core.Tests\bin\Debug\net9.0\OpenBullet.Core.Tests.dll" adapterTypeName="executor://xunit/VsTestRunner2/netcoreapp" className="OpenBullet.Core.Tests.Step9_JobManagerTests" name="JobManager_Can_Be_Created" />
    </UnitTest>
    <UnitTest name="OpenBullet.Core.Tests.Step9_JobManagerTests.JobStatus_Properties_Should_Calculate_Correctly" storage="c:\users\futiliter\downloads\telegram desktop\openbullet 1.4.4 anomaly modded version\openbulletrecreation\openbullet.core.tests\bin\debug\net9.0\openbullet.core.tests.dll" id="86c62949-66b4-dc02-47cd-bab7ce0afb60">
      <Execution id="0a675b26-5220-4bb2-83b1-1c76b53be16b" />
      <TestMethod codeBase="C:\Users\futiliter\Downloads\Telegram Desktop\Openbullet 1.4.4 Anomaly Modded Version\OpenBulletRecreation\OpenBullet.Core.Tests\bin\Debug\net9.0\OpenBullet.Core.Tests.dll" adapterTypeName="executor://xunit/VsTestRunner2/netcoreapp" className="OpenBullet.Core.Tests.Step9_JobManagerTests" name="JobStatus_Properties_Should_Calculate_Correctly" />
    </UnitTest>
    <UnitTest name="OpenBullet.Core.Tests.Step5_VariableManagerTests.SetDictionary_And_GetDictionary_Should_Work_Correctly" storage="c:\users\futiliter\downloads\telegram desktop\openbullet 1.4.4 anomaly modded version\openbulletrecreation\openbullet.core.tests\bin\debug\net9.0\openbullet.core.tests.dll" id="da186ae3-63f7-3fdc-9820-63a44256c9de">
      <Execution id="d9bf91f2-f721-4d3d-945a-ab4ccb5be846" />
      <TestMethod codeBase="C:\Users\futiliter\Downloads\Telegram Desktop\Openbullet 1.4.4 Anomaly Modded Version\OpenBulletRecreation\OpenBullet.Core.Tests\bin\Debug\net9.0\OpenBullet.Core.Tests.dll" adapterTypeName="executor://xunit/VsTestRunner2/netcoreapp" className="OpenBullet.Core.Tests.Step5_VariableManagerTests" name="SetDictionary_And_GetDictionary_Should_Work_Correctly" />
    </UnitTest>
    <UnitTest name="OpenBullet.Core.Tests.Step10_ProxyExtensionsTests.IsValid_Enhanced_Should_Validate_Correctly(host: &quot;proxy.com&quot;, port: 0, type: Http, expectedValid: False)" storage="c:\users\futiliter\downloads\telegram desktop\openbullet 1.4.4 anomaly modded version\openbulletrecreation\openbullet.core.tests\bin\debug\net9.0\openbullet.core.tests.dll" id="0028fb84-01ad-0a89-a87b-8b49d5e570d0">
      <Execution id="a9fc5f69-4e64-43c6-bcf5-ed7fc8c4ddf7" />
      <TestMethod codeBase="C:\Users\futiliter\Downloads\Telegram Desktop\Openbullet 1.4.4 Anomaly Modded Version\OpenBulletRecreation\OpenBullet.Core.Tests\bin\Debug\net9.0\OpenBullet.Core.Tests.dll" adapterTypeName="executor://xunit/VsTestRunner2/netcoreapp" className="OpenBullet.Core.Tests.Step10_ProxyExtensionsTests" name="IsValid_Enhanced_Should_Validate_Correctly" />
    </UnitTest>
    <UnitTest name="OpenBullet.Core.Tests.Step8_KeyCheckCommandTests.ExecuteAsync_With_Failure_KeyChain_Should_Set_Failure_Status" storage="c:\users\futiliter\downloads\telegram desktop\openbullet 1.4.4 anomaly modded version\openbulletrecreation\openbullet.core.tests\bin\debug\net9.0\openbullet.core.tests.dll" id="e6a0505f-4fbf-426f-89de-2106af50e6fb">
      <Execution id="47ac427e-2071-438b-9245-1ca22be788a9" />
      <TestMethod codeBase="C:\Users\futiliter\Downloads\Telegram Desktop\Openbullet 1.4.4 Anomaly Modded Version\OpenBulletRecreation\OpenBullet.Core.Tests\bin\Debug\net9.0\OpenBullet.Core.Tests.dll" adapterTypeName="executor://xunit/VsTestRunner2/netcoreapp" className="OpenBullet.Core.Tests.Step8_KeyCheckCommandTests" name="ExecuteAsync_With_Failure_KeyChain_Should_Set_Failure_Status" />
    </UnitTest>
    <UnitTest name="OpenBullet.Core.Tests.Step6_RequestCommandTests.ValidateInstruction_With_Valid_HTTP_Methods_Should_Pass(method: &quot;GET&quot;)" storage="c:\users\futiliter\downloads\telegram desktop\openbullet 1.4.4 anomaly modded version\openbulletrecreation\openbullet.core.tests\bin\debug\net9.0\openbullet.core.tests.dll" id="d8852705-9a5a-671a-28e6-c1482406b8d8">
      <Execution id="ebb274c4-6cca-4607-9d79-ffc9fd3dee26" />
      <TestMethod codeBase="C:\Users\futiliter\Downloads\Telegram Desktop\Openbullet 1.4.4 Anomaly Modded Version\OpenBulletRecreation\OpenBullet.Core.Tests\bin\Debug\net9.0\OpenBullet.Core.Tests.dll" adapterTypeName="executor://xunit/VsTestRunner2/netcoreapp" className="OpenBullet.Core.Tests.Step6_RequestCommandTests" name="ValidateInstruction_With_Valid_HTTP_Methods_Should_Pass" />
    </UnitTest>
    <UnitTest name="OpenBullet.Core.Tests.Step4_ScriptParserTests.ParseLine_With_Various_Valid_Syntaxes_Should_Parse_Successfully(commandLine: &quot;PARSE \&quot;&lt;SOURCE&gt;\&quot; LR \&quot;left\&quot; \&quot;right\&quot; -&gt; VAR \&quot;&quot;···)" storage="c:\users\futiliter\downloads\telegram desktop\openbullet 1.4.4 anomaly modded version\openbulletrecreation\openbullet.core.tests\bin\debug\net9.0\openbullet.core.tests.dll" id="453b440e-7587-cffd-1959-0b4b00396d0f">
      <Execution id="fd81b937-1f0a-4ebc-b227-e7dc80ce84f7" />
      <TestMethod codeBase="C:\Users\futiliter\Downloads\Telegram Desktop\Openbullet 1.4.4 Anomaly Modded Version\OpenBulletRecreation\OpenBullet.Core.Tests\bin\Debug\net9.0\OpenBullet.Core.Tests.dll" adapterTypeName="executor://xunit/VsTestRunner2/netcoreapp" className="OpenBullet.Core.Tests.Step4_ScriptParserTests" name="ParseLine_With_Various_Valid_Syntaxes_Should_Parse_Successfully" />
    </UnitTest>
    <UnitTest name="OpenBullet.Core.Tests.Step7_ParseCommandTests.ParseCommand_Should_Have_Correct_Properties" storage="c:\users\futiliter\downloads\telegram desktop\openbullet 1.4.4 anomaly modded version\openbulletrecreation\openbullet.core.tests\bin\debug\net9.0\openbullet.core.tests.dll" id="dccfa276-d7e6-4890-1e38-5a8619fc37b8">
      <Execution id="9d271e4b-159f-4758-bc8f-00b0a386264a" />
      <TestMethod codeBase="C:\Users\futiliter\Downloads\Telegram Desktop\Openbullet 1.4.4 Anomaly Modded Version\OpenBulletRecreation\OpenBullet.Core.Tests\bin\Debug\net9.0\OpenBullet.Core.Tests.dll" adapterTypeName="executor://xunit/VsTestRunner2/netcoreapp" className="OpenBullet.Core.Tests.Step7_ParseCommandTests" name="ParseCommand_Should_Have_Correct_Properties" />
    </UnitTest>
    <UnitTest name="OpenBullet.Core.Tests.Step2_ValidationTests.HttpClientService_Extension_Methods_Are_Available" storage="c:\users\futiliter\downloads\telegram desktop\openbullet 1.4.4 anomaly modded version\openbulletrecreation\openbullet.core.tests\bin\debug\net9.0\openbullet.core.tests.dll" id="8c4fafba-ccaa-3135-0a17-f6bdaa0ec1bf">
      <Execution id="b3a50a50-8f19-4c67-b7f6-25c03a35849a" />
      <TestMethod codeBase="C:\Users\futiliter\Downloads\Telegram Desktop\Openbullet 1.4.4 Anomaly Modded Version\OpenBulletRecreation\OpenBullet.Core.Tests\bin\Debug\net9.0\OpenBullet.Core.Tests.dll" adapterTypeName="executor://xunit/VsTestRunner2/netcoreapp" className="OpenBullet.Core.Tests.Step2_ValidationTests" name="HttpClientService_Extension_Methods_Are_Available" />
    </UnitTest>
    <UnitTest name="OpenBullet.Core.Tests.Step4_ScriptParserTests.ParseLine_With_Non_Command_Lines_Should_Return_Null(line: &quot;&quot;)" storage="c:\users\futiliter\downloads\telegram desktop\openbullet 1.4.4 anomaly modded version\openbulletrecreation\openbullet.core.tests\bin\debug\net9.0\openbullet.core.tests.dll" id="2c2605c5-e220-92d4-f532-5ab6053d8923">
      <Execution id="1fd9fa08-ec25-4656-8e4d-caa33b00ea2e" />
      <TestMethod codeBase="C:\Users\futiliter\Downloads\Telegram Desktop\Openbullet 1.4.4 Anomaly Modded Version\OpenBulletRecreation\OpenBullet.Core.Tests\bin\Debug\net9.0\OpenBullet.Core.Tests.dll" adapterTypeName="executor://xunit/VsTestRunner2/netcoreapp" className="OpenBullet.Core.Tests.Step4_ScriptParserTests" name="ParseLine_With_Non_Command_Lines_Should_Return_Null" />
    </UnitTest>
    <UnitTest name="OpenBullet.Core.Tests.Step8_ValidationTests.KeyChain_Factory_Methods_Should_Create_Correct_Instances" storage="c:\users\futiliter\downloads\telegram desktop\openbullet 1.4.4 anomaly modded version\openbulletrecreation\openbullet.core.tests\bin\debug\net9.0\openbullet.core.tests.dll" id="0e93f3cd-d6d2-0b53-8fa4-c62ff08f8286">
      <Execution id="066086ec-f88a-472d-8ef2-b42856e0251c" />
      <TestMethod codeBase="C:\Users\futiliter\Downloads\Telegram Desktop\Openbullet 1.4.4 Anomaly Modded Version\OpenBulletRecreation\OpenBullet.Core.Tests\bin\Debug\net9.0\OpenBullet.Core.Tests.dll" adapterTypeName="executor://xunit/VsTestRunner2/netcoreapp" className="OpenBullet.Core.Tests.Step8_ValidationTests" name="KeyChain_Factory_Methods_Should_Create_Correct_Instances" />
    </UnitTest>
    <UnitTest name="OpenBullet.Core.Tests.Step6_ValidationTests.RequestCommand_Should_Validate_HTTP_Methods_Correctly(method: &quot;OPTIONS&quot;, shouldBeValid: True)" storage="c:\users\futiliter\downloads\telegram desktop\openbullet 1.4.4 anomaly modded version\openbulletrecreation\openbullet.core.tests\bin\debug\net9.0\openbullet.core.tests.dll" id="2f7e5abc-6fc6-d2d9-1e35-1c5255f7e229">
      <Execution id="b40b3eb1-7da4-4492-83dd-4fc312ab7b51" />
      <TestMethod codeBase="C:\Users\futiliter\Downloads\Telegram Desktop\Openbullet 1.4.4 Anomaly Modded Version\OpenBulletRecreation\OpenBullet.Core.Tests\bin\Debug\net9.0\OpenBullet.Core.Tests.dll" adapterTypeName="executor://xunit/VsTestRunner2/netcoreapp" className="OpenBullet.Core.Tests.Step6_ValidationTests" name="RequestCommand_Should_Validate_HTTP_Methods_Correctly" />
    </UnitTest>
    <UnitTest name="OpenBullet.Core.Tests.Step8_ValidationTests.KeyChecker_Can_Be_Created" storage="c:\users\futiliter\downloads\telegram desktop\openbullet 1.4.4 anomaly modded version\openbulletrecreation\openbullet.core.tests\bin\debug\net9.0\openbullet.core.tests.dll" id="127304ee-3ef5-706b-170c-8158b028346b">
      <Execution id="1b6a1e2f-212c-40d6-990e-e75712621d7d" />
      <TestMethod codeBase="C:\Users\futiliter\Downloads\Telegram Desktop\Openbullet 1.4.4 Anomaly Modded Version\OpenBulletRecreation\OpenBullet.Core.Tests\bin\Debug\net9.0\OpenBullet.Core.Tests.dll" adapterTypeName="executor://xunit/VsTestRunner2/netcoreapp" className="OpenBullet.Core.Tests.Step8_ValidationTests" name="KeyChecker_Can_Be_Created" />
    </UnitTest>
    <UnitTest name="OpenBullet.Core.Tests.Step9_BotRunnerTests.BotStatusExtensions_IsSuccess_Should_Work_Correctly(status: Ban, expectedIsSuccess: False)" storage="c:\users\futiliter\downloads\telegram desktop\openbullet 1.4.4 anomaly modded version\openbulletrecreation\openbullet.core.tests\bin\debug\net9.0\openbullet.core.tests.dll" id="370ac391-9c12-e825-92dd-a29a853a19e2">
      <Execution id="16f81915-45ee-4a46-9c12-c0792d299917" />
      <TestMethod codeBase="C:\Users\futiliter\Downloads\Telegram Desktop\Openbullet 1.4.4 Anomaly Modded Version\OpenBulletRecreation\OpenBullet.Core.Tests\bin\Debug\net9.0\OpenBullet.Core.Tests.dll" adapterTypeName="executor://xunit/VsTestRunner2/netcoreapp" className="OpenBullet.Core.Tests.Step9_BotRunnerTests" name="BotStatusExtensions_IsSuccess_Should_Work_Correctly" />
    </UnitTest>
    <UnitTest name="OpenBullet.Core.Tests.Step4_ScriptParserTests.ParseScript_With_Simple_Script_Should_Parse_All_Instructions" storage="c:\users\futiliter\downloads\telegram desktop\openbullet 1.4.4 anomaly modded version\openbulletrecreation\openbullet.core.tests\bin\debug\net9.0\openbullet.core.tests.dll" id="ebf8cab7-2122-6a02-01cc-bad3c20b356e">
      <Execution id="6ca04a32-6a7d-4c97-8a22-4c40ff0c6a18" />
      <TestMethod codeBase="C:\Users\futiliter\Downloads\Telegram Desktop\Openbullet 1.4.4 Anomaly Modded Version\OpenBulletRecreation\OpenBullet.Core.Tests\bin\Debug\net9.0\OpenBullet.Core.Tests.dll" adapterTypeName="executor://xunit/VsTestRunner2/netcoreapp" className="OpenBullet.Core.Tests.Step4_ScriptParserTests" name="ParseScript_With_Simple_Script_Should_Parse_All_Instructions" />
    </UnitTest>
    <UnitTest name="OpenBullet.Core.Tests.Step2_HttpClientServiceTests.SendAsync_Should_Make_Successful_Request" storage="c:\users\futiliter\downloads\telegram desktop\openbullet 1.4.4 anomaly modded version\openbulletrecreation\openbullet.core.tests\bin\debug\net9.0\openbullet.core.tests.dll" id="3df2cdf9-6c07-77da-d5f2-ef5a3fd3414e">
      <Execution id="411d400a-7a92-44fe-ae46-b9cc85c09056" />
      <TestMethod codeBase="C:\Users\futiliter\Downloads\Telegram Desktop\Openbullet 1.4.4 Anomaly Modded Version\OpenBulletRecreation\OpenBullet.Core.Tests\bin\Debug\net9.0\OpenBullet.Core.Tests.dll" adapterTypeName="executor://xunit/VsTestRunner2/netcoreapp" className="OpenBullet.Core.Tests.Step2_HttpClientServiceTests" name="SendAsync_Should_Make_Successful_Request" />
    </UnitTest>
    <UnitTest name="OpenBullet.Core.Tests.Step10_ProxyJobManagerTests.ProxyStrategy_Enum_Should_Have_All_Values(strategy: Shared)" storage="c:\users\futiliter\downloads\telegram desktop\openbullet 1.4.4 anomaly modded version\openbulletrecreation\openbullet.core.tests\bin\debug\net9.0\openbullet.core.tests.dll" id="adf32c4a-06d8-bff8-e2e7-e7b1d5969493">
      <Execution id="09b2d141-af05-418d-abbb-1abf8b7891e2" />
      <TestMethod codeBase="C:\Users\futiliter\Downloads\Telegram Desktop\Openbullet 1.4.4 Anomaly Modded Version\OpenBulletRecreation\OpenBullet.Core.Tests\bin\Debug\net9.0\OpenBullet.Core.Tests.dll" adapterTypeName="executor://xunit/VsTestRunner2/netcoreapp" className="OpenBullet.Core.Tests.Step10_ProxyJobManagerTests" name="ProxyStrategy_Enum_Should_Have_All_Values" />
    </UnitTest>
    <UnitTest name="OpenBullet.Core.Tests.Step9_BotRunnerTests.BotResult_GetCapturedValue_Should_Return_Correct_Type" storage="c:\users\futiliter\downloads\telegram desktop\openbullet 1.4.4 anomaly modded version\openbulletrecreation\openbullet.core.tests\bin\debug\net9.0\openbullet.core.tests.dll" id="bcc0662c-b2bc-5cc5-ee67-5e1c42b1f275">
      <Execution id="f7424a26-9f09-44fa-be07-e21d88f506f9" />
      <TestMethod codeBase="C:\Users\futiliter\Downloads\Telegram Desktop\Openbullet 1.4.4 Anomaly Modded Version\OpenBulletRecreation\OpenBullet.Core.Tests\bin\Debug\net9.0\OpenBullet.Core.Tests.dll" adapterTypeName="executor://xunit/VsTestRunner2/netcoreapp" className="OpenBullet.Core.Tests.Step9_BotRunnerTests" name="BotResult_GetCapturedValue_Should_Return_Correct_Type" />
    </UnitTest>
    <UnitTest name="OpenBullet.Core.Tests.Step5_ExecutionContextTests.ElapsedTime_Should_Increase_Over_Time" storage="c:\users\futiliter\downloads\telegram desktop\openbullet 1.4.4 anomaly modded version\openbulletrecreation\openbullet.core.tests\bin\debug\net9.0\openbullet.core.tests.dll" id="60fc40ad-6da2-285a-0bf0-9ee72e56d106">
      <Execution id="50d8a4de-bc57-4f9d-85e3-9364a4bc48c5" />
      <TestMethod codeBase="C:\Users\futiliter\Downloads\Telegram Desktop\Openbullet 1.4.4 Anomaly Modded Version\OpenBulletRecreation\OpenBullet.Core.Tests\bin\Debug\net9.0\OpenBullet.Core.Tests.dll" adapterTypeName="executor://xunit/VsTestRunner2/netcoreapp" className="OpenBullet.Core.Tests.Step5_ExecutionContextTests" name="ElapsedTime_Should_Increase_Over_Time" />
    </UnitTest>
    <UnitTest name="OpenBullet.Core.Tests.Step9_JobManagerTests.GetActiveJobs_Should_Return_All_Active_Jobs" storage="c:\users\futiliter\downloads\telegram desktop\openbullet 1.4.4 anomaly modded version\openbulletrecreation\openbullet.core.tests\bin\debug\net9.0\openbullet.core.tests.dll" id="8ed7bd12-8938-6577-f557-679b7677fed2">
      <Execution id="a723b6ec-2700-4086-b2bb-ab457d35c3aa" />
      <TestMethod codeBase="C:\Users\futiliter\Downloads\Telegram Desktop\Openbullet 1.4.4 Anomaly Modded Version\OpenBulletRecreation\OpenBullet.Core.Tests\bin\Debug\net9.0\OpenBullet.Core.Tests.dll" adapterTypeName="executor://xunit/VsTestRunner2/netcoreapp" className="OpenBullet.Core.Tests.Step9_JobManagerTests" name="GetActiveJobs_Should_Return_All_Active_Jobs" />
    </UnitTest>
    <UnitTest name="OpenBullet.Core.Tests.Step3_ValidationTests.ConfigError_Types_Should_Be_Available(errorType: AccessDenied)" storage="c:\users\futiliter\downloads\telegram desktop\openbullet 1.4.4 anomaly modded version\openbulletrecreation\openbullet.core.tests\bin\debug\net9.0\openbullet.core.tests.dll" id="0d940bf3-42cd-0017-6a12-10e087786e31">
      <Execution id="bccb2853-455e-4f1c-a4bc-0a3782ee1c8a" />
      <TestMethod codeBase="C:\Users\futiliter\Downloads\Telegram Desktop\Openbullet 1.4.4 Anomaly Modded Version\OpenBulletRecreation\OpenBullet.Core.Tests\bin\Debug\net9.0\OpenBullet.Core.Tests.dll" adapterTypeName="executor://xunit/VsTestRunner2/netcoreapp" className="OpenBullet.Core.Tests.Step3_ValidationTests" name="ConfigError_Types_Should_Be_Available" />
    </UnitTest>
    <UnitTest name="OpenBullet.Core.Tests.Step6_CommandFactoryTests.RegisterCommand_Generic_Should_Register_Command_Type" storage="c:\users\futiliter\downloads\telegram desktop\openbullet 1.4.4 anomaly modded version\openbulletrecreation\openbullet.core.tests\bin\debug\net9.0\openbullet.core.tests.dll" id="795d8d7e-5b2a-6a08-4b8e-120c60d27dc9">
      <Execution id="cc775230-b423-4e2b-8d8f-cd04d566a352" />
      <TestMethod codeBase="C:\Users\futiliter\Downloads\Telegram Desktop\Openbullet 1.4.4 Anomaly Modded Version\OpenBulletRecreation\OpenBullet.Core.Tests\bin\Debug\net9.0\OpenBullet.Core.Tests.dll" adapterTypeName="executor://xunit/VsTestRunner2/netcoreapp" className="OpenBullet.Core.Tests.Step6_CommandFactoryTests" name="RegisterCommand_Generic_Should_Register_Command_Type" />
    </UnitTest>
    <UnitTest name="OpenBullet.Core.Tests.Step6_RequestCommandTests.ValidateInstruction_With_Invalid_HTTP_Method_Should_Fail" storage="c:\users\futiliter\downloads\telegram desktop\openbullet 1.4.4 anomaly modded version\openbulletrecreation\openbullet.core.tests\bin\debug\net9.0\openbullet.core.tests.dll" id="561472f0-0e91-099a-e77e-6608ca9e2b53">
      <Execution id="eadadf90-d048-490a-a428-54f6461efb60" />
      <TestMethod codeBase="C:\Users\futiliter\Downloads\Telegram Desktop\Openbullet 1.4.4 Anomaly Modded Version\OpenBulletRecreation\OpenBullet.Core.Tests\bin\Debug\net9.0\OpenBullet.Core.Tests.dll" adapterTypeName="executor://xunit/VsTestRunner2/netcoreapp" className="OpenBullet.Core.Tests.Step6_RequestCommandTests" name="ValidateInstruction_With_Invalid_HTTP_Method_Should_Fail" />
    </UnitTest>
    <UnitTest name="OpenBullet.Core.Tests.Step2_HttpClientServiceTests.HttpClientService_Should_Initialize_With_Default_Configuration" storage="c:\users\futiliter\downloads\telegram desktop\openbullet 1.4.4 anomaly modded version\openbulletrecreation\openbullet.core.tests\bin\debug\net9.0\openbullet.core.tests.dll" id="43234470-efd0-99c6-786a-074ef36f8d09">
      <Execution id="c2b30675-eec1-40b9-8ce0-06fc5a3f36ca" />
      <TestMethod codeBase="C:\Users\futiliter\Downloads\Telegram Desktop\Openbullet 1.4.4 Anomaly Modded Version\OpenBulletRecreation\OpenBullet.Core.Tests\bin\Debug\net9.0\OpenBullet.Core.Tests.dll" adapterTypeName="executor://xunit/VsTestRunner2/netcoreapp" className="OpenBullet.Core.Tests.Step2_HttpClientServiceTests" name="HttpClientService_Should_Initialize_With_Default_Configuration" />
    </UnitTest>
    <UnitTest name="OpenBullet.Core.Tests.Step13_ConfigurationEditorTests.TokenizeScript_Should_Correctly_Identify_Token_Types(input: &quot;REQUEST GET \&quot;https://example.com\&quot;&quot;, expectedType: Command, expectedValue: &quot;REQUEST&quot;)" storage="c:\users\futiliter\downloads\telegram desktop\openbullet 1.4.4 anomaly modded version\openbulletrecreation\openbullet.core.tests\bin\debug\net9.0\openbullet.core.tests.dll" id="5eed3030-76e1-2a66-fe04-1aeca5d20365">
      <Execution id="f27ddf1d-da0c-4d0b-b2ef-09f3c664b77c" />
      <TestMethod codeBase="C:\Users\futiliter\Downloads\Telegram Desktop\Openbullet 1.4.4 Anomaly Modded Version\OpenBulletRecreation\OpenBullet.Core.Tests\bin\Debug\net9.0\OpenBullet.Core.Tests.dll" adapterTypeName="executor://xunit/VsTestRunner2/netcoreapp" className="OpenBullet.Core.Tests.Step13_ConfigurationEditorTests" name="TokenizeScript_Should_Correctly_Identify_Token_Types" />
    </UnitTest>
    <UnitTest name="OpenBullet.Core.Tests.Step10_ProxyExtensionsTests.IsValid_Enhanced_Should_Validate_Correctly(host: &quot;proxy.com&quot;, port: 65536, type: Http, expectedValid: False)" storage="c:\users\futiliter\downloads\telegram desktop\openbullet 1.4.4 anomaly modded version\openbulletrecreation\openbullet.core.tests\bin\debug\net9.0\openbullet.core.tests.dll" id="60c352d6-4545-7c40-9e1f-180bc2651aba">
      <Execution id="8679a7a4-9ad1-40fc-b1e3-9cb630fac9ef" />
      <TestMethod codeBase="C:\Users\futiliter\Downloads\Telegram Desktop\Openbullet 1.4.4 Anomaly Modded Version\OpenBulletRecreation\OpenBullet.Core.Tests\bin\Debug\net9.0\OpenBullet.Core.Tests.dll" adapterTypeName="executor://xunit/VsTestRunner2/netcoreapp" className="OpenBullet.Core.Tests.Step10_ProxyExtensionsTests" name="IsValid_Enhanced_Should_Validate_Correctly" />
    </UnitTest>
    <UnitTest name="OpenBullet.Core.Tests.Step6_CommandMetadataTests.ParameterType_Values_Should_Be_Available(parameterType: ContentType)" storage="c:\users\futiliter\downloads\telegram desktop\openbullet 1.4.4 anomaly modded version\openbulletrecreation\openbullet.core.tests\bin\debug\net9.0\openbullet.core.tests.dll" id="fc098fef-6fff-c8c7-2d1f-2624854feb5e">
      <Execution id="d2cf0f1c-263b-4f19-be9c-499e53ae91b2" />
      <TestMethod codeBase="C:\Users\futiliter\Downloads\Telegram Desktop\Openbullet 1.4.4 Anomaly Modded Version\OpenBulletRecreation\OpenBullet.Core.Tests\bin\Debug\net9.0\OpenBullet.Core.Tests.dll" adapterTypeName="executor://xunit/VsTestRunner2/netcoreapp" className="OpenBullet.Core.Tests.Step6_CommandMetadataTests" name="ParameterType_Values_Should_Be_Available" />
    </UnitTest>
    <UnitTest name="OpenBullet.Core.Tests.Step5_ValidationTests.VariableManager_Should_Support_Snapshots" storage="c:\users\futiliter\downloads\telegram desktop\openbullet 1.4.4 anomaly modded version\openbulletrecreation\openbullet.core.tests\bin\debug\net9.0\openbullet.core.tests.dll" id="e12f0657-5b3e-4b60-21dd-5408860200a9">
      <Execution id="192146d8-56ab-45df-ba32-ccf508dd1baa" />
      <TestMethod codeBase="C:\Users\futiliter\Downloads\Telegram Desktop\Openbullet 1.4.4 Anomaly Modded Version\OpenBulletRecreation\OpenBullet.Core.Tests\bin\Debug\net9.0\OpenBullet.Core.Tests.dll" adapterTypeName="executor://xunit/VsTestRunner2/netcoreapp" className="OpenBullet.Core.Tests.Step5_ValidationTests" name="VariableManager_Should_Support_Snapshots" />
    </UnitTest>
    <UnitTest name="OpenBullet.Core.Tests.Step11_DatabaseManagerTests.Multiple_Database_Contexts_Should_Work_Independently" storage="c:\users\futiliter\downloads\telegram desktop\openbullet 1.4.4 anomaly modded version\openbulletrecreation\openbullet.core.tests\bin\debug\net9.0\openbullet.core.tests.dll" id="da43875f-2b50-cdf6-2f8d-cb45a0485aeb">
      <Execution id="40c14617-ed45-4dbe-843c-00d32e12a8e7" />
      <TestMethod codeBase="C:\Users\futiliter\Downloads\Telegram Desktop\Openbullet 1.4.4 Anomaly Modded Version\OpenBulletRecreation\OpenBullet.Core.Tests\bin\Debug\net9.0\OpenBullet.Core.Tests.dll" adapterTypeName="executor://xunit/VsTestRunner2/netcoreapp" className="OpenBullet.Core.Tests.Step11_DatabaseManagerTests" name="Multiple_Database_Contexts_Should_Work_Independently" />
    </UnitTest>
    <UnitTest name="OpenBullet.Core.Tests.Step8_KeyCheckCommandTests.ValidateInstruction_With_Valid_Instruction_Should_Pass" storage="c:\users\futiliter\downloads\telegram desktop\openbullet 1.4.4 anomaly modded version\openbulletrecreation\openbullet.core.tests\bin\debug\net9.0\openbullet.core.tests.dll" id="08167004-c953-5cb5-3330-6fa8454f9322">
      <Execution id="728cc99a-cfa4-4bc6-9d0f-cf52acb3052b" />
      <TestMethod codeBase="C:\Users\futiliter\Downloads\Telegram Desktop\Openbullet 1.4.4 Anomaly Modded Version\OpenBulletRecreation\OpenBullet.Core.Tests\bin\Debug\net9.0\OpenBullet.Core.Tests.dll" adapterTypeName="executor://xunit/VsTestRunner2/netcoreapp" className="OpenBullet.Core.Tests.Step8_KeyCheckCommandTests" name="ValidateInstruction_With_Valid_Instruction_Should_Pass" />
    </UnitTest>
    <UnitTest name="OpenBullet.Core.Tests.Step8_KeyCheckCommandTests.ValidateInstruction_With_Invalid_Key_Should_Fail" storage="c:\users\futiliter\downloads\telegram desktop\openbullet 1.4.4 anomaly modded version\openbulletrecreation\openbullet.core.tests\bin\debug\net9.0\openbullet.core.tests.dll" id="4c7ecf26-9558-7bb4-0605-4f9b3b1b64a3">
      <Execution id="029ab814-f431-4dfb-923f-512c40af6c23" />
      <TestMethod codeBase="C:\Users\futiliter\Downloads\Telegram Desktop\Openbullet 1.4.4 Anomaly Modded Version\OpenBulletRecreation\OpenBullet.Core.Tests\bin\Debug\net9.0\OpenBullet.Core.Tests.dll" adapterTypeName="executor://xunit/VsTestRunner2/netcoreapp" className="OpenBullet.Core.Tests.Step8_KeyCheckCommandTests" name="ValidateInstruction_With_Invalid_Key_Should_Fail" />
    </UnitTest>
    <UnitTest name="OpenBullet.Core.Tests.Step11_DatabaseManagerTests.DatabaseCleanupResult_Should_Initialize_Correctly" storage="c:\users\futiliter\downloads\telegram desktop\openbullet 1.4.4 anomaly modded version\openbulletrecreation\openbullet.core.tests\bin\debug\net9.0\openbullet.core.tests.dll" id="9de8b005-e15d-3966-4490-e2c8ed5673ee">
      <Execution id="3b6866c5-4ce6-460f-be46-f9264efde1ed" />
      <TestMethod codeBase="C:\Users\futiliter\Downloads\Telegram Desktop\Openbullet 1.4.4 Anomaly Modded Version\OpenBulletRecreation\OpenBullet.Core.Tests\bin\Debug\net9.0\OpenBullet.Core.Tests.dll" adapterTypeName="executor://xunit/VsTestRunner2/netcoreapp" className="OpenBullet.Core.Tests.Step11_DatabaseManagerTests" name="DatabaseCleanupResult_Should_Initialize_Correctly" />
    </UnitTest>
    <UnitTest name="OpenBullet.Core.Tests.Step10_ValidationTests.ProxyListValidationResult_Should_Initialize_With_Defaults" storage="c:\users\futiliter\downloads\telegram desktop\openbullet 1.4.4 anomaly modded version\openbulletrecreation\openbullet.core.tests\bin\debug\net9.0\openbullet.core.tests.dll" id="4feffd7b-626e-08da-dbea-4cc1906fcb20">
      <Execution id="6bc31b7e-ecf3-4faa-a45d-44e4cfa2319c" />
      <TestMethod codeBase="C:\Users\futiliter\Downloads\Telegram Desktop\Openbullet 1.4.4 Anomaly Modded Version\OpenBulletRecreation\OpenBullet.Core.Tests\bin\Debug\net9.0\OpenBullet.Core.Tests.dll" adapterTypeName="executor://xunit/VsTestRunner2/netcoreapp" className="OpenBullet.Core.Tests.Step10_ValidationTests" name="ProxyListValidationResult_Should_Initialize_With_Defaults" />
    </UnitTest>
    <UnitTest name="OpenBullet.Core.Tests.Step10_ValidationTests.ProxyValidationResult_Should_Initialize_With_Defaults" storage="c:\users\futiliter\downloads\telegram desktop\openbullet 1.4.4 anomaly modded version\openbulletrecreation\openbullet.core.tests\bin\debug\net9.0\openbullet.core.tests.dll" id="7b7f0ce9-11c3-f692-16f3-ae029fc9ef4d">
      <Execution id="151a0f83-16a0-4715-812c-8e59673f2e0e" />
      <TestMethod codeBase="C:\Users\futiliter\Downloads\Telegram Desktop\Openbullet 1.4.4 Anomaly Modded Version\OpenBulletRecreation\OpenBullet.Core.Tests\bin\Debug\net9.0\OpenBullet.Core.Tests.dll" adapterTypeName="executor://xunit/VsTestRunner2/netcoreapp" className="OpenBullet.Core.Tests.Step10_ValidationTests" name="ProxyValidationResult_Should_Initialize_With_Defaults" />
    </UnitTest>
    <UnitTest name="OpenBullet.Core.Tests.Step4_ScriptParserTests.ParseLine_With_Non_Command_Lines_Should_Return_Null(line: &quot;   &quot;)" storage="c:\users\futiliter\downloads\telegram desktop\openbullet 1.4.4 anomaly modded version\openbulletrecreation\openbullet.core.tests\bin\debug\net9.0\openbullet.core.tests.dll" id="0af07894-6f10-d02b-3b4d-a39670d01f8f">
      <Execution id="42080579-c24c-4449-ad3c-9068f5d67e78" />
      <TestMethod codeBase="C:\Users\futiliter\Downloads\Telegram Desktop\Openbullet 1.4.4 Anomaly Modded Version\OpenBulletRecreation\OpenBullet.Core.Tests\bin\Debug\net9.0\OpenBullet.Core.Tests.dll" adapterTypeName="executor://xunit/VsTestRunner2/netcoreapp" className="OpenBullet.Core.Tests.Step4_ScriptParserTests" name="ParseLine_With_Non_Command_Lines_Should_Return_Null" />
    </UnitTest>
    <UnitTest name="OpenBullet.Core.Tests.Step10_ProxyJobManagerTests.ForceProxyRotationAsync_Should_Handle_Valid_Job" storage="c:\users\futiliter\downloads\telegram desktop\openbullet 1.4.4 anomaly modded version\openbulletrecreation\openbullet.core.tests\bin\debug\net9.0\openbullet.core.tests.dll" id="68c5a928-3ebb-3506-04aa-8d385f1a8faa">
      <Execution id="25d9e4af-44ac-4c6a-896c-ceeef9cc0942" />
      <TestMethod codeBase="C:\Users\futiliter\Downloads\Telegram Desktop\Openbullet 1.4.4 Anomaly Modded Version\OpenBulletRecreation\OpenBullet.Core.Tests\bin\Debug\net9.0\OpenBullet.Core.Tests.dll" adapterTypeName="executor://xunit/VsTestRunner2/netcoreapp" className="OpenBullet.Core.Tests.Step10_ProxyJobManagerTests" name="ForceProxyRotationAsync_Should_Handle_Valid_Job" />
    </UnitTest>
    <UnitTest name="OpenBullet.Core.Tests.Step8_KeyCheckCommandTests.ValidateInstruction_With_No_KeyChains_Should_Fail" storage="c:\users\futiliter\downloads\telegram desktop\openbullet 1.4.4 anomaly modded version\openbulletrecreation\openbullet.core.tests\bin\debug\net9.0\openbullet.core.tests.dll" id="4f923c5e-c28b-f928-e3ed-8138487aa135">
      <Execution id="12d7d37b-6b0a-48ce-916e-130ca3ca8369" />
      <TestMethod codeBase="C:\Users\futiliter\Downloads\Telegram Desktop\Openbullet 1.4.4 Anomaly Modded Version\OpenBulletRecreation\OpenBullet.Core.Tests\bin\Debug\net9.0\OpenBullet.Core.Tests.dll" adapterTypeName="executor://xunit/VsTestRunner2/netcoreapp" className="OpenBullet.Core.Tests.Step8_KeyCheckCommandTests" name="ValidateInstruction_With_No_KeyChains_Should_Fail" />
    </UnitTest>
    <UnitTest name="OpenBullet.Core.Tests.Step11_DatabaseManagerTests.DatabaseManager_Performance_Test" storage="c:\users\futiliter\downloads\telegram desktop\openbullet 1.4.4 anomaly modded version\openbulletrecreation\openbullet.core.tests\bin\debug\net9.0\openbullet.core.tests.dll" id="51baaa75-bf94-e777-8bbe-330c126008c9">
      <Execution id="244e54fd-d249-46ea-a160-fb0edb6e173b" />
      <TestMethod codeBase="C:\Users\futiliter\Downloads\Telegram Desktop\Openbullet 1.4.4 Anomaly Modded Version\OpenBulletRecreation\OpenBullet.Core.Tests\bin\Debug\net9.0\OpenBullet.Core.Tests.dll" adapterTypeName="executor://xunit/VsTestRunner2/netcoreapp" className="OpenBullet.Core.Tests.Step11_DatabaseManagerTests" name="DatabaseManager_Performance_Test" />
    </UnitTest>
    <UnitTest name="OpenBullet.Core.Tests.Step10_ProxyManagerTests.LoadProxiesFromListAsync_With_Duplicate_Proxies_Should_Skip_Duplicates" storage="c:\users\futiliter\downloads\telegram desktop\openbullet 1.4.4 anomaly modded version\openbulletrecreation\openbullet.core.tests\bin\debug\net9.0\openbullet.core.tests.dll" id="c2471f9f-ce39-a1d8-d803-9ee82ced1bbd">
      <Execution id="c2f133a7-12a5-485f-ad36-5429f6f19f3e" />
      <TestMethod codeBase="C:\Users\futiliter\Downloads\Telegram Desktop\Openbullet 1.4.4 Anomaly Modded Version\OpenBulletRecreation\OpenBullet.Core.Tests\bin\Debug\net9.0\OpenBullet.Core.Tests.dll" adapterTypeName="executor://xunit/VsTestRunner2/netcoreapp" className="OpenBullet.Core.Tests.Step10_ProxyManagerTests" name="LoadProxiesFromListAsync_With_Duplicate_Proxies_Should_Skip_Duplicates" />
    </UnitTest>
    <UnitTest name="OpenBullet.Core.Tests.Step10_ProxyExtensionsTests.GetPerformanceScore_Should_Calculate_Correctly(health: Unknown, successRate: 0, responseTimeMs: 500, expectedScore: 50)" storage="c:\users\futiliter\downloads\telegram desktop\openbullet 1.4.4 anomaly modded version\openbulletrecreation\openbullet.core.tests\bin\debug\net9.0\openbullet.core.tests.dll" id="11c81421-8aa7-575a-8034-3de76e90719e">
      <Execution id="57a8b1f5-16d4-4d76-b1dd-c32f2272c5cb" />
      <TestMethod codeBase="C:\Users\futiliter\Downloads\Telegram Desktop\Openbullet 1.4.4 Anomaly Modded Version\OpenBulletRecreation\OpenBullet.Core.Tests\bin\Debug\net9.0\OpenBullet.Core.Tests.dll" adapterTypeName="executor://xunit/VsTestRunner2/netcoreapp" className="OpenBullet.Core.Tests.Step10_ProxyExtensionsTests" name="GetPerformanceScore_Should_Calculate_Correctly" />
    </UnitTest>
    <UnitTest name="OpenBullet.Core.Tests.Step5_ExecutionContextTests.AddLog_Should_Skip_When_Logging_Disabled" storage="c:\users\futiliter\downloads\telegram desktop\openbullet 1.4.4 anomaly modded version\openbulletrecreation\openbullet.core.tests\bin\debug\net9.0\openbullet.core.tests.dll" id="99adada5-7325-18bb-db49-420fe1474dae">
      <Execution id="0121abec-63ea-47cc-8315-e7ce66620a71" />
      <TestMethod codeBase="C:\Users\futiliter\Downloads\Telegram Desktop\Openbullet 1.4.4 Anomaly Modded Version\OpenBulletRecreation\OpenBullet.Core.Tests\bin\Debug\net9.0\OpenBullet.Core.Tests.dll" adapterTypeName="executor://xunit/VsTestRunner2/netcoreapp" className="OpenBullet.Core.Tests.Step5_ExecutionContextTests" name="AddLog_Should_Skip_When_Logging_Disabled" />
    </UnitTest>
    <UnitTest name="OpenBullet.Core.Tests.Step5_ExecutionContextTests.Cookies_Should_Be_Accessible" storage="c:\users\futiliter\downloads\telegram desktop\openbullet 1.4.4 anomaly modded version\openbulletrecreation\openbullet.core.tests\bin\debug\net9.0\openbullet.core.tests.dll" id="6d4c8ceb-d6e7-8bcc-ff05-e656dad1c056">
      <Execution id="54f47549-a567-4b71-b2b1-4d7a73eb2e80" />
      <TestMethod codeBase="C:\Users\futiliter\Downloads\Telegram Desktop\Openbullet 1.4.4 Anomaly Modded Version\OpenBulletRecreation\OpenBullet.Core.Tests\bin\Debug\net9.0\OpenBullet.Core.Tests.dll" adapterTypeName="executor://xunit/VsTestRunner2/netcoreapp" className="OpenBullet.Core.Tests.Step5_ExecutionContextTests" name="Cookies_Should_Be_Accessible" />
    </UnitTest>
    <UnitTest name="OpenBullet.Core.Tests.Step8_KeyCheckerTests.EvaluateKeyChain_With_AND_Logic_Should_Work" storage="c:\users\futiliter\downloads\telegram desktop\openbullet 1.4.4 anomaly modded version\openbulletrecreation\openbullet.core.tests\bin\debug\net9.0\openbullet.core.tests.dll" id="f5d74f65-f765-38f5-78e0-f979630f12f5">
      <Execution id="1cad49fd-571e-40a6-8127-febe27903bda" />
      <TestMethod codeBase="C:\Users\futiliter\Downloads\Telegram Desktop\Openbullet 1.4.4 Anomaly Modded Version\OpenBulletRecreation\OpenBullet.Core.Tests\bin\Debug\net9.0\OpenBullet.Core.Tests.dll" adapterTypeName="executor://xunit/VsTestRunner2/netcoreapp" className="OpenBullet.Core.Tests.Step8_KeyCheckerTests" name="EvaluateKeyChain_With_AND_Logic_Should_Work" />
    </UnitTest>
    <UnitTest name="OpenBullet.Core.Tests.Step11_StorageServicesTests.SettingsStorage_CRUD_Operations_Should_Work" storage="c:\users\futiliter\downloads\telegram desktop\openbullet 1.4.4 anomaly modded version\openbulletrecreation\openbullet.core.tests\bin\debug\net9.0\openbullet.core.tests.dll" id="3c68c493-9c46-66d0-72bc-77621415baad">
      <Execution id="f827bd81-ff68-4691-b4cc-6bb06f779937" />
      <TestMethod codeBase="C:\Users\futiliter\Downloads\Telegram Desktop\Openbullet 1.4.4 Anomaly Modded Version\OpenBulletRecreation\OpenBullet.Core.Tests\bin\Debug\net9.0\OpenBullet.Core.Tests.dll" adapterTypeName="executor://xunit/VsTestRunner2/netcoreapp" className="OpenBullet.Core.Tests.Step11_StorageServicesTests" name="SettingsStorage_CRUD_Operations_Should_Work" />
    </UnitTest>
    <UnitTest name="OpenBullet.Core.Tests.Step8_ValidationTests.KeyCheckConfiguration_Should_Initialize_With_Defaults" storage="c:\users\futiliter\downloads\telegram desktop\openbullet 1.4.4 anomaly modded version\openbulletrecreation\openbullet.core.tests\bin\debug\net9.0\openbullet.core.tests.dll" id="38620123-825a-1b10-b8f6-eb6c22018e6b">
      <Execution id="c86c5c06-9540-46b7-af35-b70951946e1a" />
      <TestMethod codeBase="C:\Users\futiliter\Downloads\Telegram Desktop\Openbullet 1.4.4 Anomaly Modded Version\OpenBulletRecreation\OpenBullet.Core.Tests\bin\Debug\net9.0\OpenBullet.Core.Tests.dll" adapterTypeName="executor://xunit/VsTestRunner2/netcoreapp" className="OpenBullet.Core.Tests.Step8_ValidationTests" name="KeyCheckConfiguration_Should_Initialize_With_Defaults" />
    </UnitTest>
    <UnitTest name="OpenBullet.Core.Tests.Step5_VariableManagerTests.SetVariable_Should_Throw_For_Empty_Name(scope: Global)" storage="c:\users\futiliter\downloads\telegram desktop\openbullet 1.4.4 anomaly modded version\openbulletrecreation\openbullet.core.tests\bin\debug\net9.0\openbullet.core.tests.dll" id="c1e1b4de-590a-9001-4249-1c7b46471a2e">
      <Execution id="2b2da39e-8539-46ce-aeb5-952a9aa6c66c" />
      <TestMethod codeBase="C:\Users\futiliter\Downloads\Telegram Desktop\Openbullet 1.4.4 Anomaly Modded Version\OpenBulletRecreation\OpenBullet.Core.Tests\bin\Debug\net9.0\OpenBullet.Core.Tests.dll" adapterTypeName="executor://xunit/VsTestRunner2/netcoreapp" className="OpenBullet.Core.Tests.Step5_VariableManagerTests" name="SetVariable_Should_Throw_For_Empty_Name" />
    </UnitTest>
    <UnitTest name="OpenBullet.Core.Tests.Step5_ValidationTests.VariableChangedEventArgs_Should_Initialize_With_Defaults" storage="c:\users\futiliter\downloads\telegram desktop\openbullet 1.4.4 anomaly modded version\openbulletrecreation\openbullet.core.tests\bin\debug\net9.0\openbullet.core.tests.dll" id="73ac76b1-d6ae-a775-3f9e-bd8231721f2a">
      <Execution id="b33c9731-3834-4b12-97d6-8816f04f5a6c" />
      <TestMethod codeBase="C:\Users\futiliter\Downloads\Telegram Desktop\Openbullet 1.4.4 Anomaly Modded Version\OpenBulletRecreation\OpenBullet.Core.Tests\bin\Debug\net9.0\OpenBullet.Core.Tests.dll" adapterTypeName="executor://xunit/VsTestRunner2/netcoreapp" className="OpenBullet.Core.Tests.Step5_ValidationTests" name="VariableChangedEventArgs_Should_Initialize_With_Defaults" />
    </UnitTest>
    <UnitTest name="OpenBullet.Core.Tests.Step8_KeyCheckerTests.KeyChecker_Can_Be_Created" storage="c:\users\futiliter\downloads\telegram desktop\openbullet 1.4.4 anomaly modded version\openbulletrecreation\openbullet.core.tests\bin\debug\net9.0\openbullet.core.tests.dll" id="69692e2d-0d9a-d982-6e2e-258889761355">
      <Execution id="0ac64ea1-8364-458b-8025-c118684a38bb" />
      <TestMethod codeBase="C:\Users\futiliter\Downloads\Telegram Desktop\Openbullet 1.4.4 Anomaly Modded Version\OpenBulletRecreation\OpenBullet.Core.Tests\bin\Debug\net9.0\OpenBullet.Core.Tests.dll" adapterTypeName="executor://xunit/VsTestRunner2/netcoreapp" className="OpenBullet.Core.Tests.Step8_KeyCheckerTests" name="KeyChecker_Can_Be_Created" />
    </UnitTest>
    <UnitTest name="OpenBullet.Core.Tests.Step8_KeyCheckerTests.EvaluateKey_With_GreaterThan_Condition_Should_Work(sourceValue: &quot;100&quot;, targetValue: &quot;50&quot;, expected: True)" storage="c:\users\futiliter\downloads\telegram desktop\openbullet 1.4.4 anomaly modded version\openbulletrecreation\openbullet.core.tests\bin\debug\net9.0\openbullet.core.tests.dll" id="37bee28a-4420-ebfc-3e87-1a2608bc9e12">
      <Execution id="8fe447c4-e69d-4481-bddc-65b7cd64ed15" />
      <TestMethod codeBase="C:\Users\futiliter\Downloads\Telegram Desktop\Openbullet 1.4.4 Anomaly Modded Version\OpenBulletRecreation\OpenBullet.Core.Tests\bin\Debug\net9.0\OpenBullet.Core.Tests.dll" adapterTypeName="executor://xunit/VsTestRunner2/netcoreapp" className="OpenBullet.Core.Tests.Step8_KeyCheckerTests" name="EvaluateKey_With_GreaterThan_Condition_Should_Work" />
    </UnitTest>
    <UnitTest name="OpenBullet.Core.Tests.Step5_VariableManagerTests.ResolveVariableReference_Should_Handle_List_Variable" storage="c:\users\futiliter\downloads\telegram desktop\openbullet 1.4.4 anomaly modded version\openbulletrecreation\openbullet.core.tests\bin\debug\net9.0\openbullet.core.tests.dll" id="3ef80501-2e91-d0e7-82fd-20652fb2f7df">
      <Execution id="2a77b89e-fad5-4e48-aa71-90048ef76618" />
      <TestMethod codeBase="C:\Users\futiliter\Downloads\Telegram Desktop\Openbullet 1.4.4 Anomaly Modded Version\OpenBulletRecreation\OpenBullet.Core.Tests\bin\Debug\net9.0\OpenBullet.Core.Tests.dll" adapterTypeName="executor://xunit/VsTestRunner2/netcoreapp" className="OpenBullet.Core.Tests.Step5_VariableManagerTests" name="ResolveVariableReference_Should_Handle_List_Variable" />
    </UnitTest>
    <UnitTest name="OpenBullet.Core.Tests.Step7_ValidationTests.LeftRightParser_Can_Be_Created" storage="c:\users\futiliter\downloads\telegram desktop\openbullet 1.4.4 anomaly modded version\openbulletrecreation\openbullet.core.tests\bin\debug\net9.0\openbullet.core.tests.dll" id="699ef298-53c8-f5f9-b1d4-5966a52ffc09">
      <Execution id="665d430a-ab93-430b-8981-7bcd8119a233" />
      <TestMethod codeBase="C:\Users\futiliter\Downloads\Telegram Desktop\Openbullet 1.4.4 Anomaly Modded Version\OpenBulletRecreation\OpenBullet.Core.Tests\bin\Debug\net9.0\OpenBullet.Core.Tests.dll" adapterTypeName="executor://xunit/VsTestRunner2/netcoreapp" className="OpenBullet.Core.Tests.Step7_ValidationTests" name="LeftRightParser_Can_Be_Created" />
    </UnitTest>
    <UnitTest name="OpenBullet.Core.Tests.Step10_ProxyManagerTests.ProxyManager_Can_Be_Created" storage="c:\users\futiliter\downloads\telegram desktop\openbullet 1.4.4 anomaly modded version\openbulletrecreation\openbullet.core.tests\bin\debug\net9.0\openbullet.core.tests.dll" id="843a55ab-00a9-951c-7d58-882ca47f2e21">
      <Execution id="2cc1c106-27f9-49ad-80eb-15e9a5bff061" />
      <TestMethod codeBase="C:\Users\futiliter\Downloads\Telegram Desktop\Openbullet 1.4.4 Anomaly Modded Version\OpenBulletRecreation\OpenBullet.Core.Tests\bin\Debug\net9.0\OpenBullet.Core.Tests.dll" adapterTypeName="executor://xunit/VsTestRunner2/netcoreapp" className="OpenBullet.Core.Tests.Step10_ProxyManagerTests" name="ProxyManager_Can_Be_Created" />
    </UnitTest>
    <UnitTest name="OpenBullet.Core.Tests.Step3_ConfigurationServiceTests.SaveConfigAsync_Should_Create_Valid_File" storage="c:\users\futiliter\downloads\telegram desktop\openbullet 1.4.4 anomaly modded version\openbulletrecreation\openbullet.core.tests\bin\debug\net9.0\openbullet.core.tests.dll" id="b19923d0-bb2d-dc42-0047-5defaf6f4e27">
      <Execution id="d006d721-0695-46c3-acf1-a2a8d141ee16" />
      <TestMethod codeBase="C:\Users\futiliter\Downloads\Telegram Desktop\Openbullet 1.4.4 Anomaly Modded Version\OpenBulletRecreation\OpenBullet.Core.Tests\bin\Debug\net9.0\OpenBullet.Core.Tests.dll" adapterTypeName="executor://xunit/VsTestRunner2/netcoreapp" className="OpenBullet.Core.Tests.Step3_ConfigurationServiceTests" name="SaveConfigAsync_Should_Create_Valid_File" />
    </UnitTest>
    <UnitTest name="OpenBullet.Core.Tests.Step5_ValidationTests.LogLevel_Values_Should_Have_Correct_Numeric_Values(level: Trace, expectedValue: 0)" storage="c:\users\futiliter\downloads\telegram desktop\openbullet 1.4.4 anomaly modded version\openbulletrecreation\openbullet.core.tests\bin\debug\net9.0\openbullet.core.tests.dll" id="4f0e045b-e09c-ee2f-bc78-2dc44d9a57c0">
      <Execution id="659c18c5-923e-4247-aa95-eedc51ed1184" />
      <TestMethod codeBase="C:\Users\futiliter\Downloads\Telegram Desktop\Openbullet 1.4.4 Anomaly Modded Version\OpenBulletRecreation\OpenBullet.Core.Tests\bin\Debug\net9.0\OpenBullet.Core.Tests.dll" adapterTypeName="executor://xunit/VsTestRunner2/netcoreapp" className="OpenBullet.Core.Tests.Step5_ValidationTests" name="LogLevel_Values_Should_Have_Correct_Numeric_Values" />
    </UnitTest>
    <UnitTest name="OpenBullet.Core.Tests.Step9_BotRunnerTests.BotStatusExtensions_IsError_Should_Work_Correctly(status: Success, expectedIsError: False)" storage="c:\users\futiliter\downloads\telegram desktop\openbullet 1.4.4 anomaly modded version\openbulletrecreation\openbullet.core.tests\bin\debug\net9.0\openbullet.core.tests.dll" id="2d8b2c47-4ccb-26a3-11e1-27fd507550aa">
      <Execution id="e80dcce9-8765-4565-8b96-7faa93ff0cea" />
      <TestMethod codeBase="C:\Users\futiliter\Downloads\Telegram Desktop\Openbullet 1.4.4 Anomaly Modded Version\OpenBulletRecreation\OpenBullet.Core.Tests\bin\Debug\net9.0\OpenBullet.Core.Tests.dll" adapterTypeName="executor://xunit/VsTestRunner2/netcoreapp" className="OpenBullet.Core.Tests.Step9_BotRunnerTests" name="BotStatusExtensions_IsError_Should_Work_Correctly" />
    </UnitTest>
    <UnitTest name="OpenBullet.Core.Tests.Step6_CommandMetadataTests.ParameterType_Values_Should_Be_Available(parameterType: Enum)" storage="c:\users\futiliter\downloads\telegram desktop\openbullet 1.4.4 anomaly modded version\openbulletrecreation\openbullet.core.tests\bin\debug\net9.0\openbullet.core.tests.dll" id="15a209b8-ea5f-f97d-1631-cd694e48f69f">
      <Execution id="2956507d-421c-44bd-8168-0b7bb548dcc3" />
      <TestMethod codeBase="C:\Users\futiliter\Downloads\Telegram Desktop\Openbullet 1.4.4 Anomaly Modded Version\OpenBulletRecreation\OpenBullet.Core.Tests\bin\Debug\net9.0\OpenBullet.Core.Tests.dll" adapterTypeName="executor://xunit/VsTestRunner2/netcoreapp" className="OpenBullet.Core.Tests.Step6_CommandMetadataTests" name="ParameterType_Values_Should_Be_Available" />
    </UnitTest>
    <UnitTest name="OpenBullet.Core.Tests.Step7_ParsersTests.ParserFactory_Should_Validate_Patterns" storage="c:\users\futiliter\downloads\telegram desktop\openbullet 1.4.4 anomaly modded version\openbulletrecreation\openbullet.core.tests\bin\debug\net9.0\openbullet.core.tests.dll" id="2a136ac0-e526-99b3-ffb5-c4d89373ebed">
      <Execution id="614fe3c2-48fd-42d6-97f4-12a0a275a36c" />
      <TestMethod codeBase="C:\Users\futiliter\Downloads\Telegram Desktop\Openbullet 1.4.4 Anomaly Modded Version\OpenBulletRecreation\OpenBullet.Core.Tests\bin\Debug\net9.0\OpenBullet.Core.Tests.dll" adapterTypeName="executor://xunit/VsTestRunner2/netcoreapp" className="OpenBullet.Core.Tests.Step7_ParsersTests" name="ParserFactory_Should_Validate_Patterns" />
    </UnitTest>
    <UnitTest name="OpenBullet.Core.Tests.Step8_ValidationTests.KeyCondition_String_Conversion_Should_Work(stringValue: &quot;MatchesRegex&quot;, expectedCondition: MatchesRegex)" storage="c:\users\futiliter\downloads\telegram desktop\openbullet 1.4.4 anomaly modded version\openbulletrecreation\openbullet.core.tests\bin\debug\net9.0\openbullet.core.tests.dll" id="8feb31a0-884a-c1d5-2ed1-040f43acd874">
      <Execution id="d386d808-83ce-4e13-add9-ce9f829853e1" />
      <TestMethod codeBase="C:\Users\futiliter\Downloads\Telegram Desktop\Openbullet 1.4.4 Anomaly Modded Version\OpenBulletRecreation\OpenBullet.Core.Tests\bin\Debug\net9.0\OpenBullet.Core.Tests.dll" adapterTypeName="executor://xunit/VsTestRunner2/netcoreapp" className="OpenBullet.Core.Tests.Step8_ValidationTests" name="KeyCondition_String_Conversion_Should_Work" />
    </UnitTest>
    <UnitTest name="OpenBullet.Core.Tests.Step5_VariableManagerTests.Concurrent_Access_Should_Be_Thread_Safe" storage="c:\users\futiliter\downloads\telegram desktop\openbullet 1.4.4 anomaly modded version\openbulletrecreation\openbullet.core.tests\bin\debug\net9.0\openbullet.core.tests.dll" id="d4adcb5d-abf4-0da8-f53e-70f23174047b">
      <Execution id="6b987e27-ee4f-4441-b4d1-f38372043cd0" />
      <TestMethod codeBase="C:\Users\futiliter\Downloads\Telegram Desktop\Openbullet 1.4.4 Anomaly Modded Version\OpenBulletRecreation\OpenBullet.Core.Tests\bin\Debug\net9.0\OpenBullet.Core.Tests.dll" adapterTypeName="executor://xunit/VsTestRunner2/netcoreapp" className="OpenBullet.Core.Tests.Step5_VariableManagerTests" name="Concurrent_Access_Should_Be_Thread_Safe" />
    </UnitTest>
    <UnitTest name="OpenBullet.Core.Tests.Step6_ValidationTests.ScriptInstruction_GetParameter_Should_Work" storage="c:\users\futiliter\downloads\telegram desktop\openbullet 1.4.4 anomaly modded version\openbulletrecreation\openbullet.core.tests\bin\debug\net9.0\openbullet.core.tests.dll" id="00dfe427-2d98-ab43-1cf1-f6a5cdb85b20">
      <Execution id="f4309b66-bbdf-4180-8edf-1303a49103ff" />
      <TestMethod codeBase="C:\Users\futiliter\Downloads\Telegram Desktop\Openbullet 1.4.4 Anomaly Modded Version\OpenBulletRecreation\OpenBullet.Core.Tests\bin\Debug\net9.0\OpenBullet.Core.Tests.dll" adapterTypeName="executor://xunit/VsTestRunner2/netcoreapp" className="OpenBullet.Core.Tests.Step6_ValidationTests" name="ScriptInstruction_GetParameter_Should_Work" />
    </UnitTest>
    <UnitTest name="OpenBullet.Core.Tests.Step4_ScriptParserTests.GetAvailableCommands_Should_Return_Command_List" storage="c:\users\futiliter\downloads\telegram desktop\openbullet 1.4.4 anomaly modded version\openbulletrecreation\openbullet.core.tests\bin\debug\net9.0\openbullet.core.tests.dll" id="c7e4ab9c-0a48-f6fb-2339-3621b6949c88">
      <Execution id="23b1e9e9-b6d5-47f5-a2eb-fc8e6dc48f2b" />
      <TestMethod codeBase="C:\Users\futiliter\Downloads\Telegram Desktop\Openbullet 1.4.4 Anomaly Modded Version\OpenBulletRecreation\OpenBullet.Core.Tests\bin\Debug\net9.0\OpenBullet.Core.Tests.dll" adapterTypeName="executor://xunit/VsTestRunner2/netcoreapp" className="OpenBullet.Core.Tests.Step4_ScriptParserTests" name="GetAvailableCommands_Should_Return_Command_List" />
    </UnitTest>
    <UnitTest name="OpenBullet.Core.Tests.Step10_ValidationTests.Complex_Integration_Should_Work" storage="c:\users\futiliter\downloads\telegram desktop\openbullet 1.4.4 anomaly modded version\openbulletrecreation\openbullet.core.tests\bin\debug\net9.0\openbullet.core.tests.dll" id="a34b78a4-36e0-de2d-1e26-61e8b5e16368">
      <Execution id="5d188b30-4f63-4db2-ad55-7d9eb6467788" />
      <TestMethod codeBase="C:\Users\futiliter\Downloads\Telegram Desktop\Openbullet 1.4.4 Anomaly Modded Version\OpenBulletRecreation\OpenBullet.Core.Tests\bin\Debug\net9.0\OpenBullet.Core.Tests.dll" adapterTypeName="executor://xunit/VsTestRunner2/netcoreapp" className="OpenBullet.Core.Tests.Step10_ValidationTests" name="Complex_Integration_Should_Work" />
    </UnitTest>
    <UnitTest name="OpenBullet.Core.Tests.Step11_StorageServicesTests.JobStorage_Query_Methods_Should_Work" storage="c:\users\futiliter\downloads\telegram desktop\openbullet 1.4.4 anomaly modded version\openbulletrecreation\openbullet.core.tests\bin\debug\net9.0\openbullet.core.tests.dll" id="968148e7-2b0b-ddbe-55f4-e38ce75365d0">
      <Execution id="4602ae33-8bba-4fda-9d77-b9b06d5b5dff" />
      <TestMethod codeBase="C:\Users\futiliter\Downloads\Telegram Desktop\Openbullet 1.4.4 Anomaly Modded Version\OpenBulletRecreation\OpenBullet.Core.Tests\bin\Debug\net9.0\OpenBullet.Core.Tests.dll" adapterTypeName="executor://xunit/VsTestRunner2/netcoreapp" className="OpenBullet.Core.Tests.Step11_StorageServicesTests" name="JobStorage_Query_Methods_Should_Work" />
    </UnitTest>
    <UnitTest name="OpenBullet.Core.Tests.Step6_CommandMetadataTests.ParameterType_Values_Should_Be_Available(parameterType: Url)" storage="c:\users\futiliter\downloads\telegram desktop\openbullet 1.4.4 anomaly modded version\openbulletrecreation\openbullet.core.tests\bin\debug\net9.0\openbullet.core.tests.dll" id="449a57cc-e36d-fbda-ec51-064bceb18dd3">
      <Execution id="a39ee33f-a31d-4723-8cfb-d3708d5ac7a0" />
      <TestMethod codeBase="C:\Users\futiliter\Downloads\Telegram Desktop\Openbullet 1.4.4 Anomaly Modded Version\OpenBulletRecreation\OpenBullet.Core.Tests\bin\Debug\net9.0\OpenBullet.Core.Tests.dll" adapterTypeName="executor://xunit/VsTestRunner2/netcoreapp" className="OpenBullet.Core.Tests.Step6_CommandMetadataTests" name="ParameterType_Values_Should_Be_Available" />
    </UnitTest>
    <UnitTest name="OpenBullet.Core.Tests.Step10_ValidationTests.Enum_Combinations_Should_Be_Valid(rotationStrategy: LeastUsed, strategy: RoundRobin, health: Unreliable)" storage="c:\users\futiliter\downloads\telegram desktop\openbullet 1.4.4 anomaly modded version\openbulletrecreation\openbullet.core.tests\bin\debug\net9.0\openbullet.core.tests.dll" id="b1fcd6ee-f334-2c8f-5238-94d5fbfef977">
      <Execution id="1ceebf69-1c5a-4901-a6b7-7280538e1f05" />
      <TestMethod codeBase="C:\Users\futiliter\Downloads\Telegram Desktop\Openbullet 1.4.4 Anomaly Modded Version\OpenBulletRecreation\OpenBullet.Core.Tests\bin\Debug\net9.0\OpenBullet.Core.Tests.dll" adapterTypeName="executor://xunit/VsTestRunner2/netcoreapp" className="OpenBullet.Core.Tests.Step10_ValidationTests" name="Enum_Combinations_Should_Be_Valid" />
    </UnitTest>
    <UnitTest name="OpenBullet.Core.Tests.Step7_ValidationTests.ParserFactory_Can_Be_Created" storage="c:\users\futiliter\downloads\telegram desktop\openbullet 1.4.4 anomaly modded version\openbulletrecreation\openbullet.core.tests\bin\debug\net9.0\openbullet.core.tests.dll" id="e4b16ff7-6965-15c5-ad02-1809d1b11d6e">
      <Execution id="5a5b4a21-9753-4059-ad18-2a5ad0eda6e0" />
      <TestMethod codeBase="C:\Users\futiliter\Downloads\Telegram Desktop\Openbullet 1.4.4 Anomaly Modded Version\OpenBulletRecreation\OpenBullet.Core.Tests\bin\Debug\net9.0\OpenBullet.Core.Tests.dll" adapterTypeName="executor://xunit/VsTestRunner2/netcoreapp" className="OpenBullet.Core.Tests.Step7_ValidationTests" name="ParserFactory_Can_Be_Created" />
    </UnitTest>
    <UnitTest name="OpenBullet.Core.Tests.Step9_JobManagerTests.StartJobAsync_With_Valid_Config_Should_Return_JobId" storage="c:\users\futiliter\downloads\telegram desktop\openbullet 1.4.4 anomaly modded version\openbulletrecreation\openbullet.core.tests\bin\debug\net9.0\openbullet.core.tests.dll" id="3aaee4e6-fc81-df91-ea3f-1781becf89ed">
      <Execution id="a9e5b99f-abe8-474e-85e8-9324905def61" />
      <TestMethod codeBase="C:\Users\futiliter\Downloads\Telegram Desktop\Openbullet 1.4.4 Anomaly Modded Version\OpenBulletRecreation\OpenBullet.Core.Tests\bin\Debug\net9.0\OpenBullet.Core.Tests.dll" adapterTypeName="executor://xunit/VsTestRunner2/netcoreapp" className="OpenBullet.Core.Tests.Step9_JobManagerTests" name="StartJobAsync_With_Valid_Config_Should_Return_JobId" />
    </UnitTest>
    <UnitTest name="OpenBullet.Core.Tests.Step6_CommandFactoryTests.RegisterCommandMetadata_Should_Throw_For_Invalid_Arguments" storage="c:\users\futiliter\downloads\telegram desktop\openbullet 1.4.4 anomaly modded version\openbulletrecreation\openbullet.core.tests\bin\debug\net9.0\openbullet.core.tests.dll" id="67f3043a-8634-5fff-450d-ffaa9627f2de">
      <Execution id="67747849-7e35-48d4-a78b-5cd25e5c7ea9" />
      <TestMethod codeBase="C:\Users\futiliter\Downloads\Telegram Desktop\Openbullet 1.4.4 Anomaly Modded Version\OpenBulletRecreation\OpenBullet.Core.Tests\bin\Debug\net9.0\OpenBullet.Core.Tests.dll" adapterTypeName="executor://xunit/VsTestRunner2/netcoreapp" className="OpenBullet.Core.Tests.Step6_CommandFactoryTests" name="RegisterCommandMetadata_Should_Throw_For_Invalid_Arguments" />
    </UnitTest>
    <UnitTest name="OpenBullet.Core.Tests.Step9_BotRunnerTests.BotStatusExtensions_IsSuccess_Should_Work_Correctly(status: Failure, expectedIsSuccess: False)" storage="c:\users\futiliter\downloads\telegram desktop\openbullet 1.4.4 anomaly modded version\openbulletrecreation\openbullet.core.tests\bin\debug\net9.0\openbullet.core.tests.dll" id="32520795-8b6d-1150-b21d-5239232dbffd">
      <Execution id="189abad8-0b6c-42d1-8cdc-53cd2640bed1" />
      <TestMethod codeBase="C:\Users\futiliter\Downloads\Telegram Desktop\Openbullet 1.4.4 Anomaly Modded Version\OpenBulletRecreation\OpenBullet.Core.Tests\bin\Debug\net9.0\OpenBullet.Core.Tests.dll" adapterTypeName="executor://xunit/VsTestRunner2/netcoreapp" className="OpenBullet.Core.Tests.Step9_BotRunnerTests" name="BotStatusExtensions_IsSuccess_Should_Work_Correctly" />
    </UnitTest>
    <UnitTest name="OpenBullet.Core.Tests.Step11_StorageServicesTests.JobStorage_CreateFromConfiguration_Should_Work" storage="c:\users\futiliter\downloads\telegram desktop\openbullet 1.4.4 anomaly modded version\openbulletrecreation\openbullet.core.tests\bin\debug\net9.0\openbullet.core.tests.dll" id="2de2e4d6-4459-63f5-b38b-2eb88e6fa7ef">
      <Execution id="55271c97-7c1b-4043-8d30-65a1896abd9e" />
      <TestMethod codeBase="C:\Users\futiliter\Downloads\Telegram Desktop\Openbullet 1.4.4 Anomaly Modded Version\OpenBulletRecreation\OpenBullet.Core.Tests\bin\Debug\net9.0\OpenBullet.Core.Tests.dll" adapterTypeName="executor://xunit/VsTestRunner2/netcoreapp" className="OpenBullet.Core.Tests.Step11_StorageServicesTests" name="JobStorage_CreateFromConfiguration_Should_Work" />
    </UnitTest>
    <UnitTest name="OpenBullet.Core.Tests.Step11_ValidationTests.Complete_Workflow_Integration_Test" storage="c:\users\futiliter\downloads\telegram desktop\openbullet 1.4.4 anomaly modded version\openbulletrecreation\openbullet.core.tests\bin\debug\net9.0\openbullet.core.tests.dll" id="d6c17794-8c56-dc36-b09a-0197742c5587">
      <Execution id="d77490b2-d761-4bb7-9000-ea5abe399c8c" />
      <TestMethod codeBase="C:\Users\futiliter\Downloads\Telegram Desktop\Openbullet 1.4.4 Anomaly Modded Version\OpenBulletRecreation\OpenBullet.Core.Tests\bin\Debug\net9.0\OpenBullet.Core.Tests.dll" adapterTypeName="executor://xunit/VsTestRunner2/netcoreapp" className="OpenBullet.Core.Tests.Step11_ValidationTests" name="Complete_Workflow_Integration_Test" />
    </UnitTest>
    <UnitTest name="OpenBullet.Core.Tests.Step13_ConfigurationEditorTests.TokenizeScript_Should_Correctly_Identify_Token_Types(input: &quot;\&quot;string value\&quot;&quot;, expectedType: String, expectedValue: &quot;string value&quot;)" storage="c:\users\futiliter\downloads\telegram desktop\openbullet 1.4.4 anomaly modded version\openbulletrecreation\openbullet.core.tests\bin\debug\net9.0\openbullet.core.tests.dll" id="3975380f-9501-a4cf-48b1-45fa195e806b">
      <Execution id="340fd655-d9b3-470a-b2ba-efa04b3e1d61" />
      <TestMethod codeBase="C:\Users\futiliter\Downloads\Telegram Desktop\Openbullet 1.4.4 Anomaly Modded Version\OpenBulletRecreation\OpenBullet.Core.Tests\bin\Debug\net9.0\OpenBullet.Core.Tests.dll" adapterTypeName="executor://xunit/VsTestRunner2/netcoreapp" className="OpenBullet.Core.Tests.Step13_ConfigurationEditorTests" name="TokenizeScript_Should_Correctly_Identify_Token_Types" />
    </UnitTest>
    <UnitTest name="OpenBullet.Core.Tests.Step8_KeyCheckerTests.EvaluateKey_With_GreaterThan_Condition_Should_Work(sourceValue: &quot;not a number&quot;, targetValue: &quot;50&quot;, expected: False)" storage="c:\users\futiliter\downloads\telegram desktop\openbullet 1.4.4 anomaly modded version\openbulletrecreation\openbullet.core.tests\bin\debug\net9.0\openbullet.core.tests.dll" id="651425b0-1fcd-072b-c5bc-dff4ae47e8b2">
      <Execution id="1bbe4c0d-4bdf-4039-93de-70567d836497" />
      <TestMethod codeBase="C:\Users\futiliter\Downloads\Telegram Desktop\Openbullet 1.4.4 Anomaly Modded Version\OpenBulletRecreation\OpenBullet.Core.Tests\bin\Debug\net9.0\OpenBullet.Core.Tests.dll" adapterTypeName="executor://xunit/VsTestRunner2/netcoreapp" className="OpenBullet.Core.Tests.Step8_KeyCheckerTests" name="EvaluateKey_With_GreaterThan_Condition_Should_Work" />
    </UnitTest>
    <UnitTest name="OpenBullet.Core.Tests.Step9_JobManagerTests.JobStatus_State_Properties_Should_Work_Correctly(state: Stopping, expectedIsRunning: False, expectedIsCompleted: False)" storage="c:\users\futiliter\downloads\telegram desktop\openbullet 1.4.4 anomaly modded version\openbulletrecreation\openbullet.core.tests\bin\debug\net9.0\openbullet.core.tests.dll" id="dc03f1f8-0f39-6857-d1c2-aed0bcc3a22d">
      <Execution id="948c80c5-7521-4a89-8cbe-e9b269f88bfa" />
      <TestMethod codeBase="C:\Users\futiliter\Downloads\Telegram Desktop\Openbullet 1.4.4 Anomaly Modded Version\OpenBulletRecreation\OpenBullet.Core.Tests\bin\Debug\net9.0\OpenBullet.Core.Tests.dll" adapterTypeName="executor://xunit/VsTestRunner2/netcoreapp" className="OpenBullet.Core.Tests.Step9_JobManagerTests" name="JobStatus_State_Properties_Should_Work_Correctly" />
    </UnitTest>
    <UnitTest name="OpenBullet.Core.Tests.Step8_ValidationTests.All_KeyConditions_Should_Be_Testable" storage="c:\users\futiliter\downloads\telegram desktop\openbullet 1.4.4 anomaly modded version\openbulletrecreation\openbullet.core.tests\bin\debug\net9.0\openbullet.core.tests.dll" id="a8fd5864-22ef-41e3-2ea4-dae7428a9010">
      <Execution id="cbf9d56a-6248-4cb3-9978-a2140631cdd6" />
      <TestMethod codeBase="C:\Users\futiliter\Downloads\Telegram Desktop\Openbullet 1.4.4 Anomaly Modded Version\OpenBulletRecreation\OpenBullet.Core.Tests\bin\Debug\net9.0\OpenBullet.Core.Tests.dll" adapterTypeName="executor://xunit/VsTestRunner2/netcoreapp" className="OpenBullet.Core.Tests.Step8_ValidationTests" name="All_KeyConditions_Should_Be_Testable" />
    </UnitTest>
    <UnitTest name="OpenBullet.Core.Tests.Step5_ExecutionContextTests.AddLog_Should_Add_Entry_And_Update_Statistics" storage="c:\users\futiliter\downloads\telegram desktop\openbullet 1.4.4 anomaly modded version\openbulletrecreation\openbullet.core.tests\bin\debug\net9.0\openbullet.core.tests.dll" id="c81039b9-4bff-07db-f581-130b0ce9c098">
      <Execution id="a78f6b2c-5245-4075-ac04-d58c7b704902" />
      <TestMethod codeBase="C:\Users\futiliter\Downloads\Telegram Desktop\Openbullet 1.4.4 Anomaly Modded Version\OpenBulletRecreation\OpenBullet.Core.Tests\bin\Debug\net9.0\OpenBullet.Core.Tests.dll" adapterTypeName="executor://xunit/VsTestRunner2/netcoreapp" className="OpenBullet.Core.Tests.Step5_ExecutionContextTests" name="AddLog_Should_Add_Entry_And_Update_Statistics" />
    </UnitTest>
    <UnitTest name="OpenBullet.Core.Tests.Step10_ProxyExtensionsTests.CreateUsageResult_Should_Create_Correct_Result(success: False, responseTimeMs: 1000, responseCode: 500, errorMessage: &quot;Server error&quot;)" storage="c:\users\futiliter\downloads\telegram desktop\openbullet 1.4.4 anomaly modded version\openbulletrecreation\openbullet.core.tests\bin\debug\net9.0\openbullet.core.tests.dll" id="6fe65c4a-cabf-c3c4-c43c-2eaba86b7dcf">
      <Execution id="c3735e9b-0c44-4f1f-afbd-167b3eb0ec1e" />
      <TestMethod codeBase="C:\Users\futiliter\Downloads\Telegram Desktop\Openbullet 1.4.4 Anomaly Modded Version\OpenBulletRecreation\OpenBullet.Core.Tests\bin\Debug\net9.0\OpenBullet.Core.Tests.dll" adapterTypeName="executor://xunit/VsTestRunner2/netcoreapp" className="OpenBullet.Core.Tests.Step10_ProxyExtensionsTests" name="CreateUsageResult_Should_Create_Correct_Result" />
    </UnitTest>
    <UnitTest name="OpenBullet.Core.Tests.Step8_KeyCheckerTests.EvaluateKey_With_Various_Conditions_Should_Work(condition: IsNotEmpty, sourceValue: &quot;&quot;, targetValue: &quot;&quot;, expected: False)" storage="c:\users\futiliter\downloads\telegram desktop\openbullet 1.4.4 anomaly modded version\openbulletrecreation\openbullet.core.tests\bin\debug\net9.0\openbullet.core.tests.dll" id="77678d0c-a0b0-7926-d3de-ec8d711f9974">
      <Execution id="b2963cc3-d150-4566-9305-2ae9e0968ed5" />
      <TestMethod codeBase="C:\Users\futiliter\Downloads\Telegram Desktop\Openbullet 1.4.4 Anomaly Modded Version\OpenBulletRecreation\OpenBullet.Core.Tests\bin\Debug\net9.0\OpenBullet.Core.Tests.dll" adapterTypeName="executor://xunit/VsTestRunner2/netcoreapp" className="OpenBullet.Core.Tests.Step8_KeyCheckerTests" name="EvaluateKey_With_Various_Conditions_Should_Work" />
    </UnitTest>
    <UnitTest name="OpenBullet.Core.Tests.Step6_ValidationTests.FlowControl_Enum_Should_Have_Expected_Values" storage="c:\users\futiliter\downloads\telegram desktop\openbullet 1.4.4 anomaly modded version\openbulletrecreation\openbullet.core.tests\bin\debug\net9.0\openbullet.core.tests.dll" id="9935e1cc-a695-1f8c-6656-b65b61ea86ea">
      <Execution id="09de60ce-c905-4b1b-a213-f879823fdbf9" />
      <TestMethod codeBase="C:\Users\futiliter\Downloads\Telegram Desktop\Openbullet 1.4.4 Anomaly Modded Version\OpenBulletRecreation\OpenBullet.Core.Tests\bin\Debug\net9.0\OpenBullet.Core.Tests.dll" adapterTypeName="executor://xunit/VsTestRunner2/netcoreapp" className="OpenBullet.Core.Tests.Step6_ValidationTests" name="FlowControl_Enum_Should_Have_Expected_Values" />
    </UnitTest>
    <UnitTest name="OpenBullet.Core.Tests.Step9_BotRunnerTests.EnhancedBotRunner_Should_Add_Analysis_Metadata" storage="c:\users\futiliter\downloads\telegram desktop\openbullet 1.4.4 anomaly modded version\openbulletrecreation\openbullet.core.tests\bin\debug\net9.0\openbullet.core.tests.dll" id="8873f8de-ccac-48f8-e221-4a26fb7be853">
      <Execution id="c624dad7-bbef-45ea-b1ac-20a4be496155" />
      <TestMethod codeBase="C:\Users\futiliter\Downloads\Telegram Desktop\Openbullet 1.4.4 Anomaly Modded Version\OpenBulletRecreation\OpenBullet.Core.Tests\bin\Debug\net9.0\OpenBullet.Core.Tests.dll" adapterTypeName="executor://xunit/VsTestRunner2/netcoreapp" className="OpenBullet.Core.Tests.Step9_BotRunnerTests" name="EnhancedBotRunner_Should_Add_Analysis_Metadata" />
    </UnitTest>
    <UnitTest name="OpenBullet.Core.Tests.Step10_ProxyExtensionsTests.GetPerformanceScore_Should_Calculate_Correctly(health: Slow, successRate: 95, responseTimeMs: 8000, expectedScore: 67.599999999999994)" storage="c:\users\futiliter\downloads\telegram desktop\openbullet 1.4.4 anomaly modded version\openbulletrecreation\openbullet.core.tests\bin\debug\net9.0\openbullet.core.tests.dll" id="63e44f80-e71d-685b-9f54-0f14029bf3c6">
      <Execution id="8e5797b6-82f3-495f-9ce5-5ea4b216b9e5" />
      <TestMethod codeBase="C:\Users\futiliter\Downloads\Telegram Desktop\Openbullet 1.4.4 Anomaly Modded Version\OpenBulletRecreation\OpenBullet.Core.Tests\bin\Debug\net9.0\OpenBullet.Core.Tests.dll" adapterTypeName="executor://xunit/VsTestRunner2/netcoreapp" className="OpenBullet.Core.Tests.Step10_ProxyExtensionsTests" name="GetPerformanceScore_Should_Calculate_Correctly" />
    </UnitTest>
    <UnitTest name="OpenBullet.Core.Tests.Step9_JobManagerTests.JobStatus_State_Properties_Should_Work_Correctly(state: Cancelled, expectedIsRunning: False, expectedIsCompleted: True)" storage="c:\users\futiliter\downloads\telegram desktop\openbullet 1.4.4 anomaly modded version\openbulletrecreation\openbullet.core.tests\bin\debug\net9.0\openbullet.core.tests.dll" id="cb302a93-56c0-f91a-7b7d-69e44a8795b3">
      <Execution id="9bd3da8d-4b8f-4422-b995-bb7891e56c11" />
      <TestMethod codeBase="C:\Users\futiliter\Downloads\Telegram Desktop\Openbullet 1.4.4 Anomaly Modded Version\OpenBulletRecreation\OpenBullet.Core.Tests\bin\Debug\net9.0\OpenBullet.Core.Tests.dll" adapterTypeName="executor://xunit/VsTestRunner2/netcoreapp" className="OpenBullet.Core.Tests.Step9_JobManagerTests" name="JobStatus_State_Properties_Should_Work_Correctly" />
    </UnitTest>
    <UnitTest name="OpenBullet.Core.Tests.Step10_ProxyExtensionsTests.IsHighPriority_Should_Determine_Priority_Correctly(health: Slow, successRate: 100, responseTimeMs: 1000, expectedHighPriority: False)" storage="c:\users\futiliter\downloads\telegram desktop\openbullet 1.4.4 anomaly modded version\openbulletrecreation\openbullet.core.tests\bin\debug\net9.0\openbullet.core.tests.dll" id="d4c3de08-ba7a-f60f-cd01-a25b7bd50011">
      <Execution id="94558255-f4ce-4acb-bcd0-50c4a0ca5364" />
      <TestMethod codeBase="C:\Users\futiliter\Downloads\Telegram Desktop\Openbullet 1.4.4 Anomaly Modded Version\OpenBulletRecreation\OpenBullet.Core.Tests\bin\Debug\net9.0\OpenBullet.Core.Tests.dll" adapterTypeName="executor://xunit/VsTestRunner2/netcoreapp" className="OpenBullet.Core.Tests.Step10_ProxyExtensionsTests" name="IsHighPriority_Should_Determine_Priority_Correctly" />
    </UnitTest>
    <UnitTest name="OpenBullet.Core.Tests.Step7_ParseCommandTests.ExecuteAsync_With_Parse_Failure_Should_Handle_Error" storage="c:\users\futiliter\downloads\telegram desktop\openbullet 1.4.4 anomaly modded version\openbulletrecreation\openbullet.core.tests\bin\debug\net9.0\openbullet.core.tests.dll" id="1493bf72-799b-e2f3-77ba-25346d784678">
      <Execution id="e9eb449f-1efd-4446-a575-7deb246cd677" />
      <TestMethod codeBase="C:\Users\futiliter\Downloads\Telegram Desktop\Openbullet 1.4.4 Anomaly Modded Version\OpenBulletRecreation\OpenBullet.Core.Tests\bin\Debug\net9.0\OpenBullet.Core.Tests.dll" adapterTypeName="executor://xunit/VsTestRunner2/netcoreapp" className="OpenBullet.Core.Tests.Step7_ParseCommandTests" name="ExecuteAsync_With_Parse_Failure_Should_Handle_Error" />
    </UnitTest>
    <UnitTest name="OpenBullet.Core.Tests.Step11_StorageServicesTests.ResultStorage_CRUD_Operations_Should_Work" storage="c:\users\futiliter\downloads\telegram desktop\openbullet 1.4.4 anomaly modded version\openbulletrecreation\openbullet.core.tests\bin\debug\net9.0\openbullet.core.tests.dll" id="81c81dfa-89c2-ad8e-48ef-a47d3127c0c2">
      <Execution id="5c9b65a9-fa69-4087-a084-556199da0d04" />
      <TestMethod codeBase="C:\Users\futiliter\Downloads\Telegram Desktop\Openbullet 1.4.4 Anomaly Modded Version\OpenBulletRecreation\OpenBullet.Core.Tests\bin\Debug\net9.0\OpenBullet.Core.Tests.dll" adapterTypeName="executor://xunit/VsTestRunner2/netcoreapp" className="OpenBullet.Core.Tests.Step11_StorageServicesTests" name="ResultStorage_CRUD_Operations_Should_Work" />
    </UnitTest>
    <UnitTest name="OpenBullet.Core.Tests.Step10_ProxyManagerTests.GetNextProxyAsync_Should_Work_With_All_Rotation_Strategies(strategy: LeastUsed)" storage="c:\users\futiliter\downloads\telegram desktop\openbullet 1.4.4 anomaly modded version\openbulletrecreation\openbullet.core.tests\bin\debug\net9.0\openbullet.core.tests.dll" id="f6074d9a-3155-1c78-5fcb-6860c71b427f">
      <Execution id="afe0022a-3baf-4595-ba23-c18a09feacb0" />
      <TestMethod codeBase="C:\Users\futiliter\Downloads\Telegram Desktop\Openbullet 1.4.4 Anomaly Modded Version\OpenBulletRecreation\OpenBullet.Core.Tests\bin\Debug\net9.0\OpenBullet.Core.Tests.dll" adapterTypeName="executor://xunit/VsTestRunner2/netcoreapp" className="OpenBullet.Core.Tests.Step10_ProxyManagerTests" name="GetNextProxyAsync_Should_Work_With_All_Rotation_Strategies" />
    </UnitTest>
    <UnitTest name="OpenBullet.Core.Tests.Step8_KeyCheckerTests.EvaluateKeyChain_With_OR_Logic_Should_Work" storage="c:\users\futiliter\downloads\telegram desktop\openbullet 1.4.4 anomaly modded version\openbulletrecreation\openbullet.core.tests\bin\debug\net9.0\openbullet.core.tests.dll" id="b3147ef4-6445-c980-d561-634e38b04aed">
      <Execution id="f7f225e9-57cb-4f4b-8a35-6b1db43d63d7" />
      <TestMethod codeBase="C:\Users\futiliter\Downloads\Telegram Desktop\Openbullet 1.4.4 Anomaly Modded Version\OpenBulletRecreation\OpenBullet.Core.Tests\bin\Debug\net9.0\OpenBullet.Core.Tests.dll" adapterTypeName="executor://xunit/VsTestRunner2/netcoreapp" className="OpenBullet.Core.Tests.Step8_KeyCheckerTests" name="EvaluateKeyChain_With_OR_Logic_Should_Work" />
    </UnitTest>
    <UnitTest name="OpenBullet.Core.Tests.Step6_ValidationTests.CommandFactory_Should_Handle_Case_Insensitive_Operations" storage="c:\users\futiliter\downloads\telegram desktop\openbullet 1.4.4 anomaly modded version\openbulletrecreation\openbullet.core.tests\bin\debug\net9.0\openbullet.core.tests.dll" id="ae7757b2-8603-9252-58a3-6786be2536d3">
      <Execution id="2718214b-a9e3-4bdf-b74f-25607aa2a462" />
      <TestMethod codeBase="C:\Users\futiliter\Downloads\Telegram Desktop\Openbullet 1.4.4 Anomaly Modded Version\OpenBulletRecreation\OpenBullet.Core.Tests\bin\Debug\net9.0\OpenBullet.Core.Tests.dll" adapterTypeName="executor://xunit/VsTestRunner2/netcoreapp" className="OpenBullet.Core.Tests.Step6_ValidationTests" name="CommandFactory_Should_Handle_Case_Insensitive_Operations" />
    </UnitTest>
    <UnitTest name="OpenBullet.Core.Tests.Step6_RequestCommandTests.ExecuteAsync_With_Headers_Should_Include_Headers" storage="c:\users\futiliter\downloads\telegram desktop\openbullet 1.4.4 anomaly modded version\openbulletrecreation\openbullet.core.tests\bin\debug\net9.0\openbullet.core.tests.dll" id="9e9832ac-625e-5942-14f6-1ac04e25bb22">
      <Execution id="cb9c9290-580a-41d8-8789-44a194f7ba0e" />
      <TestMethod codeBase="C:\Users\futiliter\Downloads\Telegram Desktop\Openbullet 1.4.4 Anomaly Modded Version\OpenBulletRecreation\OpenBullet.Core.Tests\bin\Debug\net9.0\OpenBullet.Core.Tests.dll" adapterTypeName="executor://xunit/VsTestRunner2/netcoreapp" className="OpenBullet.Core.Tests.Step6_RequestCommandTests" name="ExecuteAsync_With_Headers_Should_Include_Headers" />
    </UnitTest>
    <UnitTest name="OpenBullet.Core.Tests.Step11_StorageServicesTests.ResultStorage_CreateFromBotResult_Should_Work" storage="c:\users\futiliter\downloads\telegram desktop\openbullet 1.4.4 anomaly modded version\openbulletrecreation\openbullet.core.tests\bin\debug\net9.0\openbullet.core.tests.dll" id="5b0773ae-6d6f-adee-cd13-7ad57ff9695b">
      <Execution id="e5a0d1cb-6534-4e05-b82d-2ecfed294a65" />
      <TestMethod codeBase="C:\Users\futiliter\Downloads\Telegram Desktop\Openbullet 1.4.4 Anomaly Modded Version\OpenBulletRecreation\OpenBullet.Core.Tests\bin\Debug\net9.0\OpenBullet.Core.Tests.dll" adapterTypeName="executor://xunit/VsTestRunner2/netcoreapp" className="OpenBullet.Core.Tests.Step11_StorageServicesTests" name="ResultStorage_CreateFromBotResult_Should_Work" />
    </UnitTest>
    <UnitTest name="OpenBullet.Core.Tests.Step10_ProxyManagerTests.GetStatisticsAsync_Should_Return_Pool_Statistics" storage="c:\users\futiliter\downloads\telegram desktop\openbullet 1.4.4 anomaly modded version\openbulletrecreation\openbullet.core.tests\bin\debug\net9.0\openbullet.core.tests.dll" id="bc7cb1b0-c8e9-586e-6bb4-6218422eb73a">
      <Execution id="caba0084-20c6-4918-8309-e95d50f84111" />
      <TestMethod codeBase="C:\Users\futiliter\Downloads\Telegram Desktop\Openbullet 1.4.4 Anomaly Modded Version\OpenBulletRecreation\OpenBullet.Core.Tests\bin\Debug\net9.0\OpenBullet.Core.Tests.dll" adapterTypeName="executor://xunit/VsTestRunner2/netcoreapp" className="OpenBullet.Core.Tests.Step10_ProxyManagerTests" name="GetStatisticsAsync_Should_Return_Pool_Statistics" />
    </UnitTest>
    <UnitTest name="OpenBullet.Core.Tests.Step6_ValidationTests.ScriptInstruction_Should_Have_Parameters_Property" storage="c:\users\futiliter\downloads\telegram desktop\openbullet 1.4.4 anomaly modded version\openbulletrecreation\openbullet.core.tests\bin\debug\net9.0\openbullet.core.tests.dll" id="a4170a04-9005-a916-b3a1-fe984b50d4b8">
      <Execution id="48cf3ec4-ab46-4f34-8810-c7957a51812e" />
      <TestMethod codeBase="C:\Users\futiliter\Downloads\Telegram Desktop\Openbullet 1.4.4 Anomaly Modded Version\OpenBulletRecreation\OpenBullet.Core.Tests\bin\Debug\net9.0\OpenBullet.Core.Tests.dll" adapterTypeName="executor://xunit/VsTestRunner2/netcoreapp" className="OpenBullet.Core.Tests.Step6_ValidationTests" name="ScriptInstruction_Should_Have_Parameters_Property" />
    </UnitTest>
    <UnitTest name="OpenBullet.Core.Tests.Step5_VariableManagerTests.GetStatistics_Should_Return_Correct_Statistics" storage="c:\users\futiliter\downloads\telegram desktop\openbullet 1.4.4 anomaly modded version\openbulletrecreation\openbullet.core.tests\bin\debug\net9.0\openbullet.core.tests.dll" id="a615ef20-2f8e-1057-5af2-a780817f18e6">
      <Execution id="f7353d0a-d936-4af0-9595-8f26b51c6d1a" />
      <TestMethod codeBase="C:\Users\futiliter\Downloads\Telegram Desktop\Openbullet 1.4.4 Anomaly Modded Version\OpenBulletRecreation\OpenBullet.Core.Tests\bin\Debug\net9.0\OpenBullet.Core.Tests.dll" adapterTypeName="executor://xunit/VsTestRunner2/netcoreapp" className="OpenBullet.Core.Tests.Step5_VariableManagerTests" name="GetStatistics_Should_Return_Correct_Statistics" />
    </UnitTest>
    <UnitTest name="OpenBullet.Core.Tests.Step11_DatabaseManagerTests.DatabaseOptions_Should_Have_Correct_Defaults" storage="c:\users\futiliter\downloads\telegram desktop\openbullet 1.4.4 anomaly modded version\openbulletrecreation\openbullet.core.tests\bin\debug\net9.0\openbullet.core.tests.dll" id="9252e67a-95e9-119f-33ae-67ffe9e68884">
      <Execution id="990b4c50-b241-469c-ae2a-f7af873149bb" />
      <TestMethod codeBase="C:\Users\futiliter\Downloads\Telegram Desktop\Openbullet 1.4.4 Anomaly Modded Version\OpenBulletRecreation\OpenBullet.Core.Tests\bin\Debug\net9.0\OpenBullet.Core.Tests.dll" adapterTypeName="executor://xunit/VsTestRunner2/netcoreapp" className="OpenBullet.Core.Tests.Step11_DatabaseManagerTests" name="DatabaseOptions_Should_Have_Correct_Defaults" />
    </UnitTest>
    <UnitTest name="OpenBullet.Core.Tests.Step5_ExecutionContextTests.CreateCheckpoint_Should_Create_Valid_Checkpoint" storage="c:\users\futiliter\downloads\telegram desktop\openbullet 1.4.4 anomaly modded version\openbulletrecreation\openbullet.core.tests\bin\debug\net9.0\openbullet.core.tests.dll" id="3a83a41f-0fcb-508f-ae51-63eb08855d31">
      <Execution id="a0287414-cd76-4f51-80cb-5a17498ef9f7" />
      <TestMethod codeBase="C:\Users\futiliter\Downloads\Telegram Desktop\Openbullet 1.4.4 Anomaly Modded Version\OpenBulletRecreation\OpenBullet.Core.Tests\bin\Debug\net9.0\OpenBullet.Core.Tests.dll" adapterTypeName="executor://xunit/VsTestRunner2/netcoreapp" className="OpenBullet.Core.Tests.Step5_ExecutionContextTests" name="CreateCheckpoint_Should_Create_Valid_Checkpoint" />
    </UnitTest>
    <UnitTest name="OpenBullet.Core.Tests.Step7_ValidationTests.ParseCommand_Can_Be_Created_With_Valid_ServiceProvider" storage="c:\users\futiliter\downloads\telegram desktop\openbullet 1.4.4 anomaly modded version\openbulletrecreation\openbullet.core.tests\bin\debug\net9.0\openbullet.core.tests.dll" id="18427d1b-8810-c5bc-997d-3347e28e0d78">
      <Execution id="35f0d24a-b6f8-444c-874a-b149c7c37596" />
      <TestMethod codeBase="C:\Users\futiliter\Downloads\Telegram Desktop\Openbullet 1.4.4 Anomaly Modded Version\OpenBulletRecreation\OpenBullet.Core.Tests\bin\Debug\net9.0\OpenBullet.Core.Tests.dll" adapterTypeName="executor://xunit/VsTestRunner2/netcoreapp" className="OpenBullet.Core.Tests.Step7_ValidationTests" name="ParseCommand_Can_Be_Created_With_Valid_ServiceProvider" />
    </UnitTest>
    <UnitTest name="OpenBullet.Core.Tests.Step10_ProxyExtensionsTests.CreateUsageResult_Should_Create_Correct_Result(success: True, responseTimeMs: 500, responseCode: 200, errorMessage: null)" storage="c:\users\futiliter\downloads\telegram desktop\openbullet 1.4.4 anomaly modded version\openbulletrecreation\openbullet.core.tests\bin\debug\net9.0\openbullet.core.tests.dll" id="5abb62fc-0d61-e08b-5dcc-f4aec7e61420">
      <Execution id="ae44c252-8512-4483-a2b2-970330309358" />
      <TestMethod codeBase="C:\Users\futiliter\Downloads\Telegram Desktop\Openbullet 1.4.4 Anomaly Modded Version\OpenBulletRecreation\OpenBullet.Core.Tests\bin\Debug\net9.0\OpenBullet.Core.Tests.dll" adapterTypeName="executor://xunit/VsTestRunner2/netcoreapp" className="OpenBullet.Core.Tests.Step10_ProxyExtensionsTests" name="CreateUsageResult_Should_Create_Correct_Result" />
    </UnitTest>
    <UnitTest name="OpenBullet.Core.Tests.Step5_ValidationTests.VariableChangeType_Enum_Values_Should_Be_Available" storage="c:\users\futiliter\downloads\telegram desktop\openbullet 1.4.4 anomaly modded version\openbulletrecreation\openbullet.core.tests\bin\debug\net9.0\openbullet.core.tests.dll" id="6cb7e43b-c955-ad66-eadc-cdbef90b4465">
      <Execution id="4aaf2fc7-1351-4ec3-9cca-12f495271390" />
      <TestMethod codeBase="C:\Users\futiliter\Downloads\Telegram Desktop\Openbullet 1.4.4 Anomaly Modded Version\OpenBulletRecreation\OpenBullet.Core.Tests\bin\Debug\net9.0\OpenBullet.Core.Tests.dll" adapterTypeName="executor://xunit/VsTestRunner2/netcoreapp" className="OpenBullet.Core.Tests.Step5_ValidationTests" name="VariableChangeType_Enum_Values_Should_Be_Available" />
    </UnitTest>
    <UnitTest name="OpenBullet.Core.Tests.Step9_JobManagerTests.JobStatus_State_Properties_Should_Work_Correctly(state: Running, expectedIsRunning: True, expectedIsCompleted: False)" storage="c:\users\futiliter\downloads\telegram desktop\openbullet 1.4.4 anomaly modded version\openbulletrecreation\openbullet.core.tests\bin\debug\net9.0\openbullet.core.tests.dll" id="947ed668-50fe-12ae-2c54-dc8cb23a9ac8">
      <Execution id="67a46372-4198-4b8c-9185-8b9e32028e97" />
      <TestMethod codeBase="C:\Users\futiliter\Downloads\Telegram Desktop\Openbullet 1.4.4 Anomaly Modded Version\OpenBulletRecreation\OpenBullet.Core.Tests\bin\Debug\net9.0\OpenBullet.Core.Tests.dll" adapterTypeName="executor://xunit/VsTestRunner2/netcoreapp" className="OpenBullet.Core.Tests.Step9_JobManagerTests" name="JobStatus_State_Properties_Should_Work_Correctly" />
    </UnitTest>
    <UnitTest name="OpenBullet.Core.Tests.Step3_ValidationTests.ParseConfigContent_With_Missing_Settings_Should_Use_Defaults" storage="c:\users\futiliter\downloads\telegram desktop\openbullet 1.4.4 anomaly modded version\openbulletrecreation\openbullet.core.tests\bin\debug\net9.0\openbullet.core.tests.dll" id="3dd9539d-e410-da4c-d784-d61778bf9f8c">
      <Execution id="914e9713-b631-4606-9875-bc9b0fe6a7eb" />
      <TestMethod codeBase="C:\Users\futiliter\Downloads\Telegram Desktop\Openbullet 1.4.4 Anomaly Modded Version\OpenBulletRecreation\OpenBullet.Core.Tests\bin\Debug\net9.0\OpenBullet.Core.Tests.dll" adapterTypeName="executor://xunit/VsTestRunner2/netcoreapp" className="OpenBullet.Core.Tests.Step3_ValidationTests" name="ParseConfigContent_With_Missing_Settings_Should_Use_Defaults" />
    </UnitTest>
    <UnitTest name="OpenBullet.Core.Tests.Step4_PerformanceTests.ParseScript_With_Large_Script_Should_Be_Fast" storage="c:\users\futiliter\downloads\telegram desktop\openbullet 1.4.4 anomaly modded version\openbulletrecreation\openbullet.core.tests\bin\debug\net9.0\openbullet.core.tests.dll" id="29cd6cd4-f7e8-b2c1-f5a2-e68260e2ee67">
      <Execution id="2b458b70-7459-427a-921f-63bb94948882" />
      <TestMethod codeBase="C:\Users\futiliter\Downloads\Telegram Desktop\Openbullet 1.4.4 Anomaly Modded Version\OpenBulletRecreation\OpenBullet.Core.Tests\bin\Debug\net9.0\OpenBullet.Core.Tests.dll" adapterTypeName="executor://xunit/VsTestRunner2/netcoreapp" className="OpenBullet.Core.Tests.Step4_PerformanceTests" name="ParseScript_With_Large_Script_Should_Be_Fast" />
    </UnitTest>
    <UnitTest name="OpenBullet.Core.Tests.Step6_ValidationTests.CommandValidationResult_Should_Initialize_Correctly" storage="c:\users\futiliter\downloads\telegram desktop\openbullet 1.4.4 anomaly modded version\openbulletrecreation\openbullet.core.tests\bin\debug\net9.0\openbullet.core.tests.dll" id="2e7498aa-d5a6-2d43-f3fd-e5e32d063038">
      <Execution id="9a8e5480-00c7-4854-9af3-200655643a6d" />
      <TestMethod codeBase="C:\Users\futiliter\Downloads\Telegram Desktop\Openbullet 1.4.4 Anomaly Modded Version\OpenBulletRecreation\OpenBullet.Core.Tests\bin\Debug\net9.0\OpenBullet.Core.Tests.dll" adapterTypeName="executor://xunit/VsTestRunner2/netcoreapp" className="OpenBullet.Core.Tests.Step6_ValidationTests" name="CommandValidationResult_Should_Initialize_Correctly" />
    </UnitTest>
    <UnitTest name="OpenBullet.Core.Tests.Step5_ValidationTests.ExecutionStatus_Values_Should_Be_Distinct(status: Running)" storage="c:\users\futiliter\downloads\telegram desktop\openbullet 1.4.4 anomaly modded version\openbulletrecreation\openbullet.core.tests\bin\debug\net9.0\openbullet.core.tests.dll" id="9e02db2a-9021-58e7-8ac2-e16c8a376b00">
      <Execution id="f22341e6-13e0-4301-bbd3-e772714260e0" />
      <TestMethod codeBase="C:\Users\futiliter\Downloads\Telegram Desktop\Openbullet 1.4.4 Anomaly Modded Version\OpenBulletRecreation\OpenBullet.Core.Tests\bin\Debug\net9.0\OpenBullet.Core.Tests.dll" adapterTypeName="executor://xunit/VsTestRunner2/netcoreapp" className="OpenBullet.Core.Tests.Step5_ValidationTests" name="ExecutionStatus_Values_Should_Be_Distinct" />
    </UnitTest>
    <UnitTest name="OpenBullet.Core.Tests.Step7_ParsersTests.JsonParser_Should_Handle_Nested_Objects" storage="c:\users\futiliter\downloads\telegram desktop\openbullet 1.4.4 anomaly modded version\openbulletrecreation\openbullet.core.tests\bin\debug\net9.0\openbullet.core.tests.dll" id="7a0fb384-03ef-63ed-f786-c1ba66d985c3">
      <Execution id="b8ddc362-48b3-4df8-9216-2977f29d385f" />
      <TestMethod codeBase="C:\Users\futiliter\Downloads\Telegram Desktop\Openbullet 1.4.4 Anomaly Modded Version\OpenBulletRecreation\OpenBullet.Core.Tests\bin\Debug\net9.0\OpenBullet.Core.Tests.dll" adapterTypeName="executor://xunit/VsTestRunner2/netcoreapp" className="OpenBullet.Core.Tests.Step7_ParsersTests" name="JsonParser_Should_Handle_Nested_Objects" />
    </UnitTest>
    <UnitTest name="OpenBullet.Core.Tests.Step1_CoreInterfacesTests.ProxyInfo_ToString_Should_Return_Host_Port_Format" storage="c:\users\futiliter\downloads\telegram desktop\openbullet 1.4.4 anomaly modded version\openbulletrecreation\openbullet.core.tests\bin\debug\net9.0\openbullet.core.tests.dll" id="88a86629-7b77-45db-0524-b216cab88008">
      <Execution id="e9d0fe65-4d38-4670-ad23-c2c821941297" />
      <TestMethod codeBase="C:\Users\futiliter\Downloads\Telegram Desktop\Openbullet 1.4.4 Anomaly Modded Version\OpenBulletRecreation\OpenBullet.Core.Tests\bin\Debug\net9.0\OpenBullet.Core.Tests.dll" adapterTypeName="executor://xunit/VsTestRunner2/netcoreapp" className="OpenBullet.Core.Tests.Step1_CoreInterfacesTests" name="ProxyInfo_ToString_Should_Return_Host_Port_Format" />
    </UnitTest>
    <UnitTest name="OpenBullet.Core.Tests.Step3_ConfigurationServiceTests.ConfigurationService_Should_Initialize_Successfully" storage="c:\users\futiliter\downloads\telegram desktop\openbullet 1.4.4 anomaly modded version\openbulletrecreation\openbullet.core.tests\bin\debug\net9.0\openbullet.core.tests.dll" id="4ec8f5b5-8446-53b9-e33c-98a82d07e2f0">
      <Execution id="48e6b0d1-f724-4960-9387-cad8e4539983" />
      <TestMethod codeBase="C:\Users\futiliter\Downloads\Telegram Desktop\Openbullet 1.4.4 Anomaly Modded Version\OpenBulletRecreation\OpenBullet.Core.Tests\bin\Debug\net9.0\OpenBullet.Core.Tests.dll" adapterTypeName="executor://xunit/VsTestRunner2/netcoreapp" className="OpenBullet.Core.Tests.Step3_ConfigurationServiceTests" name="ConfigurationService_Should_Initialize_Successfully" />
    </UnitTest>
    <UnitTest name="OpenBullet.Core.Tests.Step11_ValidationTests.ExportHelper_Static_Methods_Should_Be_Available" storage="c:\users\futiliter\downloads\telegram desktop\openbullet 1.4.4 anomaly modded version\openbulletrecreation\openbullet.core.tests\bin\debug\net9.0\openbullet.core.tests.dll" id="fe4d3eb4-3a2b-3703-4a26-8d825f15a438">
      <Execution id="0c51221d-f166-4fa0-a739-90bdf7972db8" />
      <TestMethod codeBase="C:\Users\futiliter\Downloads\Telegram Desktop\Openbullet 1.4.4 Anomaly Modded Version\OpenBulletRecreation\OpenBullet.Core.Tests\bin\Debug\net9.0\OpenBullet.Core.Tests.dll" adapterTypeName="executor://xunit/VsTestRunner2/netcoreapp" className="OpenBullet.Core.Tests.Step11_ValidationTests" name="ExportHelper_Static_Methods_Should_Be_Available" />
    </UnitTest>
    <UnitTest name="OpenBullet.Core.Tests.Step6_CommandMetadataTests.ParameterType_Values_Should_Be_Available(parameterType: FilePath)" storage="c:\users\futiliter\downloads\telegram desktop\openbullet 1.4.4 anomaly modded version\openbulletrecreation\openbullet.core.tests\bin\debug\net9.0\openbullet.core.tests.dll" id="d9e91a06-f624-0848-346f-faa448dfa384">
      <Execution id="c6dde18a-df46-4dcf-80cc-a067ca076eee" />
      <TestMethod codeBase="C:\Users\futiliter\Downloads\Telegram Desktop\Openbullet 1.4.4 Anomaly Modded Version\OpenBulletRecreation\OpenBullet.Core.Tests\bin\Debug\net9.0\OpenBullet.Core.Tests.dll" adapterTypeName="executor://xunit/VsTestRunner2/netcoreapp" className="OpenBullet.Core.Tests.Step6_CommandMetadataTests" name="ParameterType_Values_Should_Be_Available" />
    </UnitTest>
    <UnitTest name="OpenBullet.Core.Tests.Step4_ScriptParserTests.ParseLine_With_Various_Valid_Syntaxes_Should_Parse_Successfully(commandLine: &quot;KEYCHECK BanOn4XX=True BanOnToCheck=False&quot;)" storage="c:\users\futiliter\downloads\telegram desktop\openbullet 1.4.4 anomaly modded version\openbulletrecreation\openbullet.core.tests\bin\debug\net9.0\openbullet.core.tests.dll" id="0cd01c64-5f3c-ddd4-1535-70553916cc23">
      <Execution id="4fd55ce7-20a7-4ff1-94ef-cf00785f3e80" />
      <TestMethod codeBase="C:\Users\futiliter\Downloads\Telegram Desktop\Openbullet 1.4.4 Anomaly Modded Version\OpenBulletRecreation\OpenBullet.Core.Tests\bin\Debug\net9.0\OpenBullet.Core.Tests.dll" adapterTypeName="executor://xunit/VsTestRunner2/netcoreapp" className="OpenBullet.Core.Tests.Step4_ScriptParserTests" name="ParseLine_With_Various_Valid_Syntaxes_Should_Parse_Successfully" />
    </UnitTest>
    <UnitTest name="OpenBullet.Core.Tests.Step8_KeyCheckerTests.EvaluateKey_With_Various_Conditions_Should_Work(condition: IsNotEmpty, sourceValue: &quot;not empty&quot;, targetValue: &quot;&quot;, expected: True)" storage="c:\users\futiliter\downloads\telegram desktop\openbullet 1.4.4 anomaly modded version\openbulletrecreation\openbullet.core.tests\bin\debug\net9.0\openbullet.core.tests.dll" id="34aefb00-5dff-d85b-8b0e-6f3d80c3d90f">
      <Execution id="be4a737e-093f-4b18-b6cd-bb3a09ef9b47" />
      <TestMethod codeBase="C:\Users\futiliter\Downloads\Telegram Desktop\Openbullet 1.4.4 Anomaly Modded Version\OpenBulletRecreation\OpenBullet.Core.Tests\bin\Debug\net9.0\OpenBullet.Core.Tests.dll" adapterTypeName="executor://xunit/VsTestRunner2/netcoreapp" className="OpenBullet.Core.Tests.Step8_KeyCheckerTests" name="EvaluateKey_With_Various_Conditions_Should_Work" />
    </UnitTest>
    <UnitTest name="OpenBullet.Core.Tests.Step5_VariableManagerTests.GetVariable_Should_Return_Default_For_Missing_Variable" storage="c:\users\futiliter\downloads\telegram desktop\openbullet 1.4.4 anomaly modded version\openbulletrecreation\openbullet.core.tests\bin\debug\net9.0\openbullet.core.tests.dll" id="665fd9a9-5e60-eeb2-d30d-35329685be91">
      <Execution id="32cd6139-7cbc-4ce4-ba6f-5fb084a7a0be" />
      <TestMethod codeBase="C:\Users\futiliter\Downloads\Telegram Desktop\Openbullet 1.4.4 Anomaly Modded Version\OpenBulletRecreation\OpenBullet.Core.Tests\bin\Debug\net9.0\OpenBullet.Core.Tests.dll" adapterTypeName="executor://xunit/VsTestRunner2/netcoreapp" className="OpenBullet.Core.Tests.Step5_VariableManagerTests" name="GetVariable_Should_Return_Default_For_Missing_Variable" />
    </UnitTest>
    <UnitTest name="OpenBullet.Core.Tests.Step10_ProxyExtensionsTests.IsValid_Enhanced_Should_Validate_Correctly(host: &quot;proxy.com&quot;, port: 8080, type: 999, expectedValid: False)" storage="c:\users\futiliter\downloads\telegram desktop\openbullet 1.4.4 anomaly modded version\openbulletrecreation\openbullet.core.tests\bin\debug\net9.0\openbullet.core.tests.dll" id="b148b7ee-13d7-0a4a-1ad3-6f0a4e1dd38e">
      <Execution id="908d0656-88d2-4b9e-bd2c-90fca37c307c" />
      <TestMethod codeBase="C:\Users\futiliter\Downloads\Telegram Desktop\Openbullet 1.4.4 Anomaly Modded Version\OpenBulletRecreation\OpenBullet.Core.Tests\bin\Debug\net9.0\OpenBullet.Core.Tests.dll" adapterTypeName="executor://xunit/VsTestRunner2/netcoreapp" className="OpenBullet.Core.Tests.Step10_ProxyExtensionsTests" name="IsValid_Enhanced_Should_Validate_Correctly" />
    </UnitTest>
    <UnitTest name="OpenBullet.Core.Tests.Step5_VariableManagerTests.GetVariableMetadata_Should_Return_Metadata" storage="c:\users\futiliter\downloads\telegram desktop\openbullet 1.4.4 anomaly modded version\openbulletrecreation\openbullet.core.tests\bin\debug\net9.0\openbullet.core.tests.dll" id="7436fd2c-ade6-8ba2-6f64-676cbecef7e6">
      <Execution id="d513767e-d48b-4183-86db-0697f946b68d" />
      <TestMethod codeBase="C:\Users\futiliter\Downloads\Telegram Desktop\Openbullet 1.4.4 Anomaly Modded Version\OpenBulletRecreation\OpenBullet.Core.Tests\bin\Debug\net9.0\OpenBullet.Core.Tests.dll" adapterTypeName="executor://xunit/VsTestRunner2/netcoreapp" className="OpenBullet.Core.Tests.Step5_VariableManagerTests" name="GetVariableMetadata_Should_Return_Metadata" />
    </UnitTest>
    <UnitTest name="OpenBullet.Core.Tests.Step10_ProxyManagerTests.ProxyInfo_Properties_Should_Calculate_Correctly" storage="c:\users\futiliter\downloads\telegram desktop\openbullet 1.4.4 anomaly modded version\openbulletrecreation\openbullet.core.tests\bin\debug\net9.0\openbullet.core.tests.dll" id="82df0d54-4912-5c94-117a-92dc174f18af">
      <Execution id="886959a3-ce2a-4ba3-b3a0-179bb60af369" />
      <TestMethod codeBase="C:\Users\futiliter\Downloads\Telegram Desktop\Openbullet 1.4.4 Anomaly Modded Version\OpenBulletRecreation\OpenBullet.Core.Tests\bin\Debug\net9.0\OpenBullet.Core.Tests.dll" adapterTypeName="executor://xunit/VsTestRunner2/netcoreapp" className="OpenBullet.Core.Tests.Step10_ProxyManagerTests" name="ProxyInfo_Properties_Should_Calculate_Correctly" />
    </UnitTest>
    <UnitTest name="OpenBullet.Core.Tests.Step5_ExecutionContextTests.Validate_Should_Detect_Issues" storage="c:\users\futiliter\downloads\telegram desktop\openbullet 1.4.4 anomaly modded version\openbulletrecreation\openbullet.core.tests\bin\debug\net9.0\openbullet.core.tests.dll" id="866615b3-1aa9-c710-5039-e42dfdd3b21b">
      <Execution id="de058ff0-4923-4dfa-b05c-7cc2848daa03" />
      <TestMethod codeBase="C:\Users\futiliter\Downloads\Telegram Desktop\Openbullet 1.4.4 Anomaly Modded Version\OpenBulletRecreation\OpenBullet.Core.Tests\bin\Debug\net9.0\OpenBullet.Core.Tests.dll" adapterTypeName="executor://xunit/VsTestRunner2/netcoreapp" className="OpenBullet.Core.Tests.Step5_ExecutionContextTests" name="Validate_Should_Detect_Issues" />
    </UnitTest>
    <UnitTest name="OpenBullet.Core.Tests.Step13_CoreServicesTests.SyntaxHighlightingService_Should_Initialize_Successfully" storage="c:\users\futiliter\downloads\telegram desktop\openbullet 1.4.4 anomaly modded version\openbulletrecreation\openbullet.core.tests\bin\debug\net9.0\openbullet.core.tests.dll" id="936a4820-dee7-7418-fe65-db5b6a47c6e9">
      <Execution id="6d576576-530f-49d4-8cd2-0d74ca221341" />
      <TestMethod codeBase="C:\Users\futiliter\Downloads\Telegram Desktop\Openbullet 1.4.4 Anomaly Modded Version\OpenBulletRecreation\OpenBullet.Core.Tests\bin\Debug\net9.0\OpenBullet.Core.Tests.dll" adapterTypeName="executor://xunit/VsTestRunner2/netcoreapp" className="OpenBullet.Core.Tests.Step13_CoreServicesTests" name="SyntaxHighlightingService_Should_Initialize_Successfully" />
    </UnitTest>
    <UnitTest name="OpenBullet.Core.Tests.Step7_ValidationTests.ParseResult_Helper_Methods_Should_Handle_Edge_Cases" storage="c:\users\futiliter\downloads\telegram desktop\openbullet 1.4.4 anomaly modded version\openbulletrecreation\openbullet.core.tests\bin\debug\net9.0\openbullet.core.tests.dll" id="d6f3bddf-64c5-a7e7-0c8c-800de5d4aab5">
      <Execution id="c42449f0-5c76-43e8-9666-a0d140a7e6a0" />
      <TestMethod codeBase="C:\Users\futiliter\Downloads\Telegram Desktop\Openbullet 1.4.4 Anomaly Modded Version\OpenBulletRecreation\OpenBullet.Core.Tests\bin\Debug\net9.0\OpenBullet.Core.Tests.dll" adapterTypeName="executor://xunit/VsTestRunner2/netcoreapp" className="OpenBullet.Core.Tests.Step7_ValidationTests" name="ParseResult_Helper_Methods_Should_Handle_Edge_Cases" />
    </UnitTest>
    <UnitTest name="OpenBullet.Core.Tests.Step13_ConfigurationEditorTests.ValidateScript_Should_Detect_Syntax_Errors(invalidScript: &quot;KEYCHECK INVALID_CONDITION&quot;, expectedErrorType: &quot;Unknown condition type&quot;)" storage="c:\users\futiliter\downloads\telegram desktop\openbullet 1.4.4 anomaly modded version\openbulletrecreation\openbullet.core.tests\bin\debug\net9.0\openbullet.core.tests.dll" id="5ebc4c65-c03d-504a-0b5e-3cd936a96058">
      <Execution id="508c97e0-f0fa-4d77-9513-635e0b549c1c" />
      <TestMethod codeBase="C:\Users\futiliter\Downloads\Telegram Desktop\Openbullet 1.4.4 Anomaly Modded Version\OpenBulletRecreation\OpenBullet.Core.Tests\bin\Debug\net9.0\OpenBullet.Core.Tests.dll" adapterTypeName="executor://xunit/VsTestRunner2/netcoreapp" className="OpenBullet.Core.Tests.Step13_ConfigurationEditorTests" name="ValidateScript_Should_Detect_Syntax_Errors" />
    </UnitTest>
    <UnitTest name="OpenBullet.Core.Tests.Step10_ValidationTests.ProxyTestResult_Should_Initialize_With_Defaults" storage="c:\users\futiliter\downloads\telegram desktop\openbullet 1.4.4 anomaly modded version\openbulletrecreation\openbullet.core.tests\bin\debug\net9.0\openbullet.core.tests.dll" id="42e86ef4-16ce-4f38-30e5-76cabb02c6bf">
      <Execution id="9f4efa0c-7a78-487a-aa5b-d1ed145cb16d" />
      <TestMethod codeBase="C:\Users\futiliter\Downloads\Telegram Desktop\Openbullet 1.4.4 Anomaly Modded Version\OpenBulletRecreation\OpenBullet.Core.Tests\bin\Debug\net9.0\OpenBullet.Core.Tests.dll" adapterTypeName="executor://xunit/VsTestRunner2/netcoreapp" className="OpenBullet.Core.Tests.Step10_ValidationTests" name="ProxyTestResult_Should_Initialize_With_Defaults" />
    </UnitTest>
    <UnitTest name="OpenBullet.Core.Tests.Step7_ValidationTests.IDataParser_Interface_Should_Be_Properly_Defined" storage="c:\users\futiliter\downloads\telegram desktop\openbullet 1.4.4 anomaly modded version\openbulletrecreation\openbullet.core.tests\bin\debug\net9.0\openbullet.core.tests.dll" id="37043cf7-1aee-38a4-1564-1da51315d469">
      <Execution id="06722c2f-0643-4012-9f44-d57c61d34682" />
      <TestMethod codeBase="C:\Users\futiliter\Downloads\Telegram Desktop\Openbullet 1.4.4 Anomaly Modded Version\OpenBulletRecreation\OpenBullet.Core.Tests\bin\Debug\net9.0\OpenBullet.Core.Tests.dll" adapterTypeName="executor://xunit/VsTestRunner2/netcoreapp" className="OpenBullet.Core.Tests.Step7_ValidationTests" name="IDataParser_Interface_Should_Be_Properly_Defined" />
    </UnitTest>
    <UnitTest name="OpenBullet.Core.Tests.Step8_ValidationTests.KeyCondition_String_Conversion_Should_Work(stringValue: &quot;IsNumeric&quot;, expectedCondition: IsNumeric)" storage="c:\users\futiliter\downloads\telegram desktop\openbullet 1.4.4 anomaly modded version\openbulletrecreation\openbullet.core.tests\bin\debug\net9.0\openbullet.core.tests.dll" id="ed674e3e-0cb7-6daf-5b28-d92c3e590bd8">
      <Execution id="5a2e9007-ec14-4110-b398-ef02efd92b1f" />
      <TestMethod codeBase="C:\Users\futiliter\Downloads\Telegram Desktop\Openbullet 1.4.4 Anomaly Modded Version\OpenBulletRecreation\OpenBullet.Core.Tests\bin\Debug\net9.0\OpenBullet.Core.Tests.dll" adapterTypeName="executor://xunit/VsTestRunner2/netcoreapp" className="OpenBullet.Core.Tests.Step8_ValidationTests" name="KeyCondition_String_Conversion_Should_Work" />
    </UnitTest>
    <UnitTest name="OpenBullet.Core.Tests.Step10_ValidationTests.ProxyJobManager_Can_Be_Created_With_Valid_Dependencies" storage="c:\users\futiliter\downloads\telegram desktop\openbullet 1.4.4 anomaly modded version\openbulletrecreation\openbullet.core.tests\bin\debug\net9.0\openbullet.core.tests.dll" id="667f95f7-a138-e56b-b527-9656ae93ea2e">
      <Execution id="2467650d-252a-4a2c-a159-26d6d2f5c203" />
      <TestMethod codeBase="C:\Users\futiliter\Downloads\Telegram Desktop\Openbullet 1.4.4 Anomaly Modded Version\OpenBulletRecreation\OpenBullet.Core.Tests\bin\Debug\net9.0\OpenBullet.Core.Tests.dll" adapterTypeName="executor://xunit/VsTestRunner2/netcoreapp" className="OpenBullet.Core.Tests.Step10_ValidationTests" name="ProxyJobManager_Can_Be_Created_With_Valid_Dependencies" />
    </UnitTest>
    <UnitTest name="OpenBullet.Core.Tests.Step8_ValidationTests.BotStatus_String_Conversion_Should_Work(stringValue: &quot;Custom&quot;, expectedStatus: Custom)" storage="c:\users\futiliter\downloads\telegram desktop\openbullet 1.4.4 anomaly modded version\openbulletrecreation\openbullet.core.tests\bin\debug\net9.0\openbullet.core.tests.dll" id="7a02f363-e482-dbf4-1850-b97dcd48c8cf">
      <Execution id="6ec185a1-5a1c-49b4-94c2-6c7638136f7a" />
      <TestMethod codeBase="C:\Users\futiliter\Downloads\Telegram Desktop\Openbullet 1.4.4 Anomaly Modded Version\OpenBulletRecreation\OpenBullet.Core.Tests\bin\Debug\net9.0\OpenBullet.Core.Tests.dll" adapterTypeName="executor://xunit/VsTestRunner2/netcoreapp" className="OpenBullet.Core.Tests.Step8_ValidationTests" name="BotStatus_String_Conversion_Should_Work" />
    </UnitTest>
    <UnitTest name="OpenBullet.Core.Tests.Step13_ConfigurationEditorTests.ValidateScript_Should_Detect_Syntax_Errors(invalidScript: &quot;REQUEST&quot;, expectedErrorType: &quot;Missing required parameters&quot;)" storage="c:\users\futiliter\downloads\telegram desktop\openbullet 1.4.4 anomaly modded version\openbulletrecreation\openbullet.core.tests\bin\debug\net9.0\openbullet.core.tests.dll" id="ed83800b-f04d-1a5a-6c78-3e370d29e50f">
      <Execution id="b8112fdc-c0ce-4a92-a501-059bbb25c3e2" />
      <TestMethod codeBase="C:\Users\futiliter\Downloads\Telegram Desktop\Openbullet 1.4.4 Anomaly Modded Version\OpenBulletRecreation\OpenBullet.Core.Tests\bin\Debug\net9.0\OpenBullet.Core.Tests.dll" adapterTypeName="executor://xunit/VsTestRunner2/netcoreapp" className="OpenBullet.Core.Tests.Step13_ConfigurationEditorTests" name="ValidateScript_Should_Detect_Syntax_Errors" />
    </UnitTest>
    <UnitTest name="OpenBullet.Core.Tests.Step2_ValidationTests.Step2TestHelpers_Create_Valid_Objects" storage="c:\users\futiliter\downloads\telegram desktop\openbullet 1.4.4 anomaly modded version\openbulletrecreation\openbullet.core.tests\bin\debug\net9.0\openbullet.core.tests.dll" id="56b419cc-467e-3d34-99b7-8da03c1873d6">
      <Execution id="86bb9725-b919-4ec2-bd6f-e1593002a4ae" />
      <TestMethod codeBase="C:\Users\futiliter\Downloads\Telegram Desktop\Openbullet 1.4.4 Anomaly Modded Version\OpenBulletRecreation\OpenBullet.Core.Tests\bin\Debug\net9.0\OpenBullet.Core.Tests.dll" adapterTypeName="executor://xunit/VsTestRunner2/netcoreapp" className="OpenBullet.Core.Tests.Step2_ValidationTests" name="Step2TestHelpers_Create_Valid_Objects" />
    </UnitTest>
    <UnitTest name="OpenBullet.Core.Tests.Step1_CoreInterfacesTests.BotData_SetVariable_Should_Store_Variable" storage="c:\users\futiliter\downloads\telegram desktop\openbullet 1.4.4 anomaly modded version\openbulletrecreation\openbullet.core.tests\bin\debug\net9.0\openbullet.core.tests.dll" id="74cff9da-b8b6-4236-4cb6-910924c80169">
      <Execution id="1b2b5204-574a-421a-adb3-ae1fc1e61313" />
      <TestMethod codeBase="C:\Users\futiliter\Downloads\Telegram Desktop\Openbullet 1.4.4 Anomaly Modded Version\OpenBulletRecreation\OpenBullet.Core.Tests\bin\Debug\net9.0\OpenBullet.Core.Tests.dll" adapterTypeName="executor://xunit/VsTestRunner2/netcoreapp" className="OpenBullet.Core.Tests.Step1_CoreInterfacesTests" name="BotData_SetVariable_Should_Store_Variable" />
    </UnitTest>
    <UnitTest name="OpenBullet.Core.Tests.Step9_JobManagerTests.JobManager_Should_Track_Statistics_Correctly" storage="c:\users\futiliter\downloads\telegram desktop\openbullet 1.4.4 anomaly modded version\openbulletrecreation\openbullet.core.tests\bin\debug\net9.0\openbullet.core.tests.dll" id="5be807f5-8dd9-e723-982b-c651fbc957c3">
      <Execution id="0b82cbaf-1dff-4ca8-8faa-fedf45a49e4f" />
      <TestMethod codeBase="C:\Users\futiliter\Downloads\Telegram Desktop\Openbullet 1.4.4 Anomaly Modded Version\OpenBulletRecreation\OpenBullet.Core.Tests\bin\Debug\net9.0\OpenBullet.Core.Tests.dll" adapterTypeName="executor://xunit/VsTestRunner2/netcoreapp" className="OpenBullet.Core.Tests.Step9_JobManagerTests" name="JobManager_Should_Track_Statistics_Correctly" />
    </UnitTest>
    <UnitTest name="OpenBullet.Core.Tests.Step11_ValidationTests.Statistics_Classes_Should_Initialize_Correctly" storage="c:\users\futiliter\downloads\telegram desktop\openbullet 1.4.4 anomaly modded version\openbulletrecreation\openbullet.core.tests\bin\debug\net9.0\openbullet.core.tests.dll" id="6267a3c9-9cca-c6c7-c0c7-a27a2153424c">
      <Execution id="82398ba8-fcd9-4be4-b5b6-706c9e079531" />
      <TestMethod codeBase="C:\Users\futiliter\Downloads\Telegram Desktop\Openbullet 1.4.4 Anomaly Modded Version\OpenBulletRecreation\OpenBullet.Core.Tests\bin\Debug\net9.0\OpenBullet.Core.Tests.dll" adapterTypeName="executor://xunit/VsTestRunner2/netcoreapp" className="OpenBullet.Core.Tests.Step11_ValidationTests" name="Statistics_Classes_Should_Initialize_Correctly" />
    </UnitTest>
    <UnitTest name="OpenBullet.Core.Tests.Step7_ValidationTests.CssParser_Should_Handle_Basic_Selectors" storage="c:\users\futiliter\downloads\telegram desktop\openbullet 1.4.4 anomaly modded version\openbulletrecreation\openbullet.core.tests\bin\debug\net9.0\openbullet.core.tests.dll" id="0e28417b-435b-0e88-4f36-d8bc5e92f093">
      <Execution id="a9a5fb3f-a24a-4a09-8889-356f018ebfde" />
      <TestMethod codeBase="C:\Users\futiliter\Downloads\Telegram Desktop\Openbullet 1.4.4 Anomaly Modded Version\OpenBulletRecreation\OpenBullet.Core.Tests\bin\Debug\net9.0\OpenBullet.Core.Tests.dll" adapterTypeName="executor://xunit/VsTestRunner2/netcoreapp" className="OpenBullet.Core.Tests.Step7_ValidationTests" name="CssParser_Should_Handle_Basic_Selectors" />
    </UnitTest>
    <UnitTest name="OpenBullet.Core.Tests.Step9_BotRunnerTests.RunAsync_Should_Set_Timing_Information" storage="c:\users\futiliter\downloads\telegram desktop\openbullet 1.4.4 anomaly modded version\openbulletrecreation\openbullet.core.tests\bin\debug\net9.0\openbullet.core.tests.dll" id="7fd5ce76-5c6f-d2de-259a-c7e0e79a1b2a">
      <Execution id="3c6c0d2a-ebe0-450e-af39-8af38e4ba619" />
      <TestMethod codeBase="C:\Users\futiliter\Downloads\Telegram Desktop\Openbullet 1.4.4 Anomaly Modded Version\OpenBulletRecreation\OpenBullet.Core.Tests\bin\Debug\net9.0\OpenBullet.Core.Tests.dll" adapterTypeName="executor://xunit/VsTestRunner2/netcoreapp" className="OpenBullet.Core.Tests.Step9_BotRunnerTests" name="RunAsync_Should_Set_Timing_Information" />
    </UnitTest>
    <UnitTest name="OpenBullet.Core.Tests.Step6_ValidationTests.CommandParameter_Should_Have_Correct_Defaults" storage="c:\users\futiliter\downloads\telegram desktop\openbullet 1.4.4 anomaly modded version\openbulletrecreation\openbullet.core.tests\bin\debug\net9.0\openbullet.core.tests.dll" id="b6e11525-1394-0ce4-e5b1-86bcfcde79eb">
      <Execution id="08d25282-5a8e-4379-bdd4-6e8b2c28aa40" />
      <TestMethod codeBase="C:\Users\futiliter\Downloads\Telegram Desktop\Openbullet 1.4.4 Anomaly Modded Version\OpenBulletRecreation\OpenBullet.Core.Tests\bin\Debug\net9.0\OpenBullet.Core.Tests.dll" adapterTypeName="executor://xunit/VsTestRunner2/netcoreapp" className="OpenBullet.Core.Tests.Step6_ValidationTests" name="CommandParameter_Should_Have_Correct_Defaults" />
    </UnitTest>
    <UnitTest name="OpenBullet.Core.Tests.Step6_CommandMetadataTests.CommandMetadata_Should_Initialize_With_Defaults" storage="c:\users\futiliter\downloads\telegram desktop\openbullet 1.4.4 anomaly modded version\openbulletrecreation\openbullet.core.tests\bin\debug\net9.0\openbullet.core.tests.dll" id="1d209a1e-b87a-da98-3e0e-191d14be58ef">
      <Execution id="5da3ecec-a93b-44cf-9920-f55fc29f3129" />
      <TestMethod codeBase="C:\Users\futiliter\Downloads\Telegram Desktop\Openbullet 1.4.4 Anomaly Modded Version\OpenBulletRecreation\OpenBullet.Core.Tests\bin\Debug\net9.0\OpenBullet.Core.Tests.dll" adapterTypeName="executor://xunit/VsTestRunner2/netcoreapp" className="OpenBullet.Core.Tests.Step6_CommandMetadataTests" name="CommandMetadata_Should_Initialize_With_Defaults" />
    </UnitTest>
    <UnitTest name="OpenBullet.Core.Tests.Step10_ProxyExtensionsTests.CreateFailureResult_Should_Create_Failure_Result" storage="c:\users\futiliter\downloads\telegram desktop\openbullet 1.4.4 anomaly modded version\openbulletrecreation\openbullet.core.tests\bin\debug\net9.0\openbullet.core.tests.dll" id="5f277697-9ba3-42fe-12d5-2c3a1c702058">
      <Execution id="17f5fd15-a564-4f05-84cd-e092e2ff798f" />
      <TestMethod codeBase="C:\Users\futiliter\Downloads\Telegram Desktop\Openbullet 1.4.4 Anomaly Modded Version\OpenBulletRecreation\OpenBullet.Core.Tests\bin\Debug\net9.0\OpenBullet.Core.Tests.dll" adapterTypeName="executor://xunit/VsTestRunner2/netcoreapp" className="OpenBullet.Core.Tests.Step10_ProxyExtensionsTests" name="CreateFailureResult_Should_Create_Failure_Result" />
    </UnitTest>
    <UnitTest name="OpenBullet.Core.Tests.Step1_CoreInterfacesTests.ScriptInstruction_GetArgument_Should_Return_Correct_Value" storage="c:\users\futiliter\downloads\telegram desktop\openbullet 1.4.4 anomaly modded version\openbulletrecreation\openbullet.core.tests\bin\debug\net9.0\openbullet.core.tests.dll" id="f02d3313-6ca6-d406-6bed-fa18aed43bf9">
      <Execution id="39b1df84-4421-4f59-86b0-ae97c052a666" />
      <TestMethod codeBase="C:\Users\futiliter\Downloads\Telegram Desktop\Openbullet 1.4.4 Anomaly Modded Version\OpenBulletRecreation\OpenBullet.Core.Tests\bin\Debug\net9.0\OpenBullet.Core.Tests.dll" adapterTypeName="executor://xunit/VsTestRunner2/netcoreapp" className="OpenBullet.Core.Tests.Step1_CoreInterfacesTests" name="ScriptInstruction_GetArgument_Should_Return_Correct_Value" />
    </UnitTest>
    <UnitTest name="OpenBullet.Core.Tests.Step11_DatabaseContextTests.Repository_Pagination_Should_Work" storage="c:\users\futiliter\downloads\telegram desktop\openbullet 1.4.4 anomaly modded version\openbulletrecreation\openbullet.core.tests\bin\debug\net9.0\openbullet.core.tests.dll" id="b83e402b-f8af-ea75-0997-bc5fac185019">
      <Execution id="fe301d53-74d9-40b0-af11-c7a3aeab3f1f" />
      <TestMethod codeBase="C:\Users\futiliter\Downloads\Telegram Desktop\Openbullet 1.4.4 Anomaly Modded Version\OpenBulletRecreation\OpenBullet.Core.Tests\bin\Debug\net9.0\OpenBullet.Core.Tests.dll" adapterTypeName="executor://xunit/VsTestRunner2/netcoreapp" className="OpenBullet.Core.Tests.Step11_DatabaseContextTests" name="Repository_Pagination_Should_Work" />
    </UnitTest>
    <UnitTest name="OpenBullet.Core.Tests.Step6_ValidationTests.CommandMetadata_Should_Have_Correct_Structure" storage="c:\users\futiliter\downloads\telegram desktop\openbullet 1.4.4 anomaly modded version\openbulletrecreation\openbullet.core.tests\bin\debug\net9.0\openbullet.core.tests.dll" id="58158ded-f3a5-a9c3-7fd1-2b877e924eb7">
      <Execution id="e71309d3-3ba7-4e25-b925-0bd07f24e008" />
      <TestMethod codeBase="C:\Users\futiliter\Downloads\Telegram Desktop\Openbullet 1.4.4 Anomaly Modded Version\OpenBulletRecreation\OpenBullet.Core.Tests\bin\Debug\net9.0\OpenBullet.Core.Tests.dll" adapterTypeName="executor://xunit/VsTestRunner2/netcoreapp" className="OpenBullet.Core.Tests.Step6_ValidationTests" name="CommandMetadata_Should_Have_Correct_Structure" />
    </UnitTest>
    <UnitTest name="OpenBullet.Core.Tests.Step8_KeyCheckerTests.EvaluateKey_With_Various_Conditions_Should_Work(condition: IsNumeric, sourceValue: &quot;123.45&quot;, targetValue: &quot;&quot;, expected: True)" storage="c:\users\futiliter\downloads\telegram desktop\openbullet 1.4.4 anomaly modded version\openbulletrecreation\openbullet.core.tests\bin\debug\net9.0\openbullet.core.tests.dll" id="a636ed45-28c4-df16-0c05-092030269550">
      <Execution id="2188fcb1-4a2b-4b03-a474-1f1335a680e4" />
      <TestMethod codeBase="C:\Users\futiliter\Downloads\Telegram Desktop\Openbullet 1.4.4 Anomaly Modded Version\OpenBulletRecreation\OpenBullet.Core.Tests\bin\Debug\net9.0\OpenBullet.Core.Tests.dll" adapterTypeName="executor://xunit/VsTestRunner2/netcoreapp" className="OpenBullet.Core.Tests.Step8_KeyCheckerTests" name="EvaluateKey_With_Various_Conditions_Should_Work" />
    </UnitTest>
    <UnitTest name="OpenBullet.Core.Tests.Step10_ValidationTests.ProxyTestConfiguration_Should_Initialize_With_Defaults" storage="c:\users\futiliter\downloads\telegram desktop\openbullet 1.4.4 anomaly modded version\openbulletrecreation\openbullet.core.tests\bin\debug\net9.0\openbullet.core.tests.dll" id="3d8ad023-4ba2-9150-a477-2fb32a10ee48">
      <Execution id="d11123ea-ffb5-4bd2-b5cb-dd2b35304547" />
      <TestMethod codeBase="C:\Users\futiliter\Downloads\Telegram Desktop\Openbullet 1.4.4 Anomaly Modded Version\OpenBulletRecreation\OpenBullet.Core.Tests\bin\Debug\net9.0\OpenBullet.Core.Tests.dll" adapterTypeName="executor://xunit/VsTestRunner2/netcoreapp" className="OpenBullet.Core.Tests.Step10_ValidationTests" name="ProxyTestConfiguration_Should_Initialize_With_Defaults" />
    </UnitTest>
    <UnitTest name="OpenBullet.Core.Tests.Step5_ValidationTests.DataCapturedEventArgs_Should_Initialize_With_Defaults" storage="c:\users\futiliter\downloads\telegram desktop\openbullet 1.4.4 anomaly modded version\openbulletrecreation\openbullet.core.tests\bin\debug\net9.0\openbullet.core.tests.dll" id="0638662d-5472-9cbe-6ecd-4913486c9742">
      <Execution id="9ccfd434-79b1-42f5-9e82-2cf790542616" />
      <TestMethod codeBase="C:\Users\futiliter\Downloads\Telegram Desktop\Openbullet 1.4.4 Anomaly Modded Version\OpenBulletRecreation\OpenBullet.Core.Tests\bin\Debug\net9.0\OpenBullet.Core.Tests.dll" adapterTypeName="executor://xunit/VsTestRunner2/netcoreapp" className="OpenBullet.Core.Tests.Step5_ValidationTests" name="DataCapturedEventArgs_Should_Initialize_With_Defaults" />
    </UnitTest>
    <UnitTest name="OpenBullet.Core.Tests.Step8_ValidationTests.KeyCheckExtensions_Should_Work" storage="c:\users\futiliter\downloads\telegram desktop\openbullet 1.4.4 anomaly modded version\openbulletrecreation\openbullet.core.tests\bin\debug\net9.0\openbullet.core.tests.dll" id="865432f4-e433-7004-befb-8a57458b1174">
      <Execution id="228a0d72-799d-4cbd-853b-9d9760353c58" />
      <TestMethod codeBase="C:\Users\futiliter\Downloads\Telegram Desktop\Openbullet 1.4.4 Anomaly Modded Version\OpenBulletRecreation\OpenBullet.Core.Tests\bin\Debug\net9.0\OpenBullet.Core.Tests.dll" adapterTypeName="executor://xunit/VsTestRunner2/netcoreapp" className="OpenBullet.Core.Tests.Step8_ValidationTests" name="KeyCheckExtensions_Should_Work" />
    </UnitTest>
    <UnitTest name="OpenBullet.Core.Tests.Step10_ProxyJobManagerTests.StopJobAsync_Should_Clean_Up_Proxy_Tracking" storage="c:\users\futiliter\downloads\telegram desktop\openbullet 1.4.4 anomaly modded version\openbulletrecreation\openbullet.core.tests\bin\debug\net9.0\openbullet.core.tests.dll" id="f34a31f0-1b65-81f2-c1bc-77fcd3b722dd">
      <Execution id="87dd8dd8-e366-4a15-940d-71bf93bee3e3" />
      <TestMethod codeBase="C:\Users\futiliter\Downloads\Telegram Desktop\Openbullet 1.4.4 Anomaly Modded Version\OpenBulletRecreation\OpenBullet.Core.Tests\bin\Debug\net9.0\OpenBullet.Core.Tests.dll" adapterTypeName="executor://xunit/VsTestRunner2/netcoreapp" className="OpenBullet.Core.Tests.Step10_ProxyJobManagerTests" name="StopJobAsync_Should_Clean_Up_Proxy_Tracking" />
    </UnitTest>
    <UnitTest name="OpenBullet.Core.Tests.Step9_BotRunnerTests.RunAsync_With_Exception_Should_Return_Error_Result" storage="c:\users\futiliter\downloads\telegram desktop\openbullet 1.4.4 anomaly modded version\openbulletrecreation\openbullet.core.tests\bin\debug\net9.0\openbullet.core.tests.dll" id="40a9f3d9-e546-b9d8-1aa0-edc105057e01">
      <Execution id="9bbe9386-ccdf-4cd4-885e-ff050c280d99" />
      <TestMethod codeBase="C:\Users\futiliter\Downloads\Telegram Desktop\Openbullet 1.4.4 Anomaly Modded Version\OpenBulletRecreation\OpenBullet.Core.Tests\bin\Debug\net9.0\OpenBullet.Core.Tests.dll" adapterTypeName="executor://xunit/VsTestRunner2/netcoreapp" className="OpenBullet.Core.Tests.Step9_BotRunnerTests" name="RunAsync_With_Exception_Should_Return_Error_Result" />
    </UnitTest>
    <UnitTest name="OpenBullet.Core.Tests.Step5_ValidationTests.VariableManager_Can_Be_Created_Successfully" storage="c:\users\futiliter\downloads\telegram desktop\openbullet 1.4.4 anomaly modded version\openbulletrecreation\openbullet.core.tests\bin\debug\net9.0\openbullet.core.tests.dll" id="300e62cf-c10f-382e-0df8-515cb8863efe">
      <Execution id="c574c397-5291-4009-a450-a25c655e9793" />
      <TestMethod codeBase="C:\Users\futiliter\Downloads\Telegram Desktop\Openbullet 1.4.4 Anomaly Modded Version\OpenBulletRecreation\OpenBullet.Core.Tests\bin\Debug\net9.0\OpenBullet.Core.Tests.dll" adapterTypeName="executor://xunit/VsTestRunner2/netcoreapp" className="OpenBullet.Core.Tests.Step5_ValidationTests" name="VariableManager_Can_Be_Created_Successfully" />
    </UnitTest>
    <UnitTest name="OpenBullet.Core.Tests.Step4_ScriptParserTests.ParseLine_With_Non_Command_Lines_Should_Return_Null(line: &quot;## This is a comment&quot;)" storage="c:\users\futiliter\downloads\telegram desktop\openbullet 1.4.4 anomaly modded version\openbulletrecreation\openbullet.core.tests\bin\debug\net9.0\openbullet.core.tests.dll" id="dc49688f-94d6-e673-aa4d-ab256222be17">
      <Execution id="ff3f42d6-ce26-4304-90ca-14ff642585a7" />
      <TestMethod codeBase="C:\Users\futiliter\Downloads\Telegram Desktop\Openbullet 1.4.4 Anomaly Modded Version\OpenBulletRecreation\OpenBullet.Core.Tests\bin\Debug\net9.0\OpenBullet.Core.Tests.dll" adapterTypeName="executor://xunit/VsTestRunner2/netcoreapp" className="OpenBullet.Core.Tests.Step4_ScriptParserTests" name="ParseLine_With_Non_Command_Lines_Should_Return_Null" />
    </UnitTest>
    <UnitTest name="OpenBullet.Core.Tests.Step8_KeyCheckCommandTests.ValidateInstruction_With_Insufficient_Key_Arguments_Should_Fail" storage="c:\users\futiliter\downloads\telegram desktop\openbullet 1.4.4 anomaly modded version\openbulletrecreation\openbullet.core.tests\bin\debug\net9.0\openbullet.core.tests.dll" id="8e8ae8e7-4a46-9b5c-d9ae-1f600f739547">
      <Execution id="a35c779f-982a-4b80-aead-1e5700c48ba4" />
      <TestMethod codeBase="C:\Users\futiliter\Downloads\Telegram Desktop\Openbullet 1.4.4 Anomaly Modded Version\OpenBulletRecreation\OpenBullet.Core.Tests\bin\Debug\net9.0\OpenBullet.Core.Tests.dll" adapterTypeName="executor://xunit/VsTestRunner2/netcoreapp" className="OpenBullet.Core.Tests.Step8_KeyCheckCommandTests" name="ValidateInstruction_With_Insufficient_Key_Arguments_Should_Fail" />
    </UnitTest>
    <UnitTest name="OpenBullet.Core.Tests.Step9_BotRunnerTests.DictionaryExtensions_AddRange_Should_Add_All_Items" storage="c:\users\futiliter\downloads\telegram desktop\openbullet 1.4.4 anomaly modded version\openbulletrecreation\openbullet.core.tests\bin\debug\net9.0\openbullet.core.tests.dll" id="81de5494-c35d-316b-2e1c-be423ad87364">
      <Execution id="6b3f8de0-3dbc-4f7a-b240-3dc51c06d14d" />
      <TestMethod codeBase="C:\Users\futiliter\Downloads\Telegram Desktop\Openbullet 1.4.4 Anomaly Modded Version\OpenBulletRecreation\OpenBullet.Core.Tests\bin\Debug\net9.0\OpenBullet.Core.Tests.dll" adapterTypeName="executor://xunit/VsTestRunner2/netcoreapp" className="OpenBullet.Core.Tests.Step9_BotRunnerTests" name="DictionaryExtensions_AddRange_Should_Add_All_Items" />
    </UnitTest>
    <UnitTest name="OpenBullet.Core.Tests.Step3_ConfigurationServiceTests.IsValidConfigFile_With_Invalid_Extension_Should_Return_False" storage="c:\users\futiliter\downloads\telegram desktop\openbullet 1.4.4 anomaly modded version\openbulletrecreation\openbullet.core.tests\bin\debug\net9.0\openbullet.core.tests.dll" id="e2fcb372-3ce7-39e8-dde9-92219259f333">
      <Execution id="ad0ebd71-b165-425f-977e-b76642333f7c" />
      <TestMethod codeBase="C:\Users\futiliter\Downloads\Telegram Desktop\Openbullet 1.4.4 Anomaly Modded Version\OpenBulletRecreation\OpenBullet.Core.Tests\bin\Debug\net9.0\OpenBullet.Core.Tests.dll" adapterTypeName="executor://xunit/VsTestRunner2/netcoreapp" className="OpenBullet.Core.Tests.Step3_ConfigurationServiceTests" name="IsValidConfigFile_With_Invalid_Extension_Should_Return_False" />
    </UnitTest>
    <UnitTest name="OpenBullet.Core.Tests.Step6_IntegrationTests.RequestCommand_Should_Create_With_Valid_ServiceProvider" storage="c:\users\futiliter\downloads\telegram desktop\openbullet 1.4.4 anomaly modded version\openbulletrecreation\openbullet.core.tests\bin\debug\net9.0\openbullet.core.tests.dll" id="9f9e8691-504d-2796-3137-a146d82e7586">
      <Execution id="336e208c-e6d5-4862-b6e8-326fe9c0b878" />
      <TestMethod codeBase="C:\Users\futiliter\Downloads\Telegram Desktop\Openbullet 1.4.4 Anomaly Modded Version\OpenBulletRecreation\OpenBullet.Core.Tests\bin\Debug\net9.0\OpenBullet.Core.Tests.dll" adapterTypeName="executor://xunit/VsTestRunner2/netcoreapp" className="OpenBullet.Core.Tests.Step6_IntegrationTests" name="RequestCommand_Should_Create_With_Valid_ServiceProvider" />
    </UnitTest>
    <UnitTest name="OpenBullet.Core.Tests.Step10_ProxyExtensionsTests.IsValid_Basic_Should_Validate_Correctly(host: &quot;proxy.com&quot;, port: 8080, type: Http, expectedValid: True)" storage="c:\users\futiliter\downloads\telegram desktop\openbullet 1.4.4 anomaly modded version\openbulletrecreation\openbullet.core.tests\bin\debug\net9.0\openbullet.core.tests.dll" id="45d155b8-7bc6-7104-39f4-8cecfc82a301">
      <Execution id="b8d97570-2f66-408e-9c83-ad95e0ce8a79" />
      <TestMethod codeBase="C:\Users\futiliter\Downloads\Telegram Desktop\Openbullet 1.4.4 Anomaly Modded Version\OpenBulletRecreation\OpenBullet.Core.Tests\bin\Debug\net9.0\OpenBullet.Core.Tests.dll" adapterTypeName="executor://xunit/VsTestRunner2/netcoreapp" className="OpenBullet.Core.Tests.Step10_ProxyExtensionsTests" name="IsValid_Basic_Should_Validate_Correctly" />
    </UnitTest>
    <UnitTest name="OpenBullet.Core.Tests.Step8_ValidationTests.KeyChain_Should_Initialize_With_Defaults" storage="c:\users\futiliter\downloads\telegram desktop\openbullet 1.4.4 anomaly modded version\openbulletrecreation\openbullet.core.tests\bin\debug\net9.0\openbullet.core.tests.dll" id="03e24d99-e42d-49a1-28a4-cea20f22b449">
      <Execution id="ac50b467-53fa-4b46-b990-f2c67b178e3c" />
      <TestMethod codeBase="C:\Users\futiliter\Downloads\Telegram Desktop\Openbullet 1.4.4 Anomaly Modded Version\OpenBulletRecreation\OpenBullet.Core.Tests\bin\Debug\net9.0\OpenBullet.Core.Tests.dll" adapterTypeName="executor://xunit/VsTestRunner2/netcoreapp" className="OpenBullet.Core.Tests.Step8_ValidationTests" name="KeyChain_Should_Initialize_With_Defaults" />
    </UnitTest>
    <UnitTest name="OpenBullet.Core.Tests.Step10_ProxyExtensionsTests.GetPerformanceScore_Should_Calculate_Correctly(health: Dead, successRate: 50, responseTimeMs: 1000, expectedScore: 20)" storage="c:\users\futiliter\downloads\telegram desktop\openbullet 1.4.4 anomaly modded version\openbulletrecreation\openbullet.core.tests\bin\debug\net9.0\openbullet.core.tests.dll" id="994d1ff2-245f-f3b7-a7dc-17dbde542978">
      <Execution id="320db86a-6dec-4b15-b712-ef3508d26000" />
      <TestMethod codeBase="C:\Users\futiliter\Downloads\Telegram Desktop\Openbullet 1.4.4 Anomaly Modded Version\OpenBulletRecreation\OpenBullet.Core.Tests\bin\Debug\net9.0\OpenBullet.Core.Tests.dll" adapterTypeName="executor://xunit/VsTestRunner2/netcoreapp" className="OpenBullet.Core.Tests.Step10_ProxyExtensionsTests" name="GetPerformanceScore_Should_Calculate_Correctly" />
    </UnitTest>
    <UnitTest name="OpenBullet.Core.Tests.Step10_ValidationTests.ProxyPoolTestResult_Should_Initialize_With_Defaults" storage="c:\users\futiliter\downloads\telegram desktop\openbullet 1.4.4 anomaly modded version\openbulletrecreation\openbullet.core.tests\bin\debug\net9.0\openbullet.core.tests.dll" id="e048c85f-e945-46eb-e859-6ba4e720d6a2">
      <Execution id="95283a2d-8e69-47eb-a5f1-dc2af2308e2a" />
      <TestMethod codeBase="C:\Users\futiliter\Downloads\Telegram Desktop\Openbullet 1.4.4 Anomaly Modded Version\OpenBulletRecreation\OpenBullet.Core.Tests\bin\Debug\net9.0\OpenBullet.Core.Tests.dll" adapterTypeName="executor://xunit/VsTestRunner2/netcoreapp" className="OpenBullet.Core.Tests.Step10_ValidationTests" name="ProxyPoolTestResult_Should_Initialize_With_Defaults" />
    </UnitTest>
    <UnitTest name="OpenBullet.Core.Tests.Step7_ParsersTests.LeftRightParser_Should_Handle_Case_Insensitive" storage="c:\users\futiliter\downloads\telegram desktop\openbullet 1.4.4 anomaly modded version\openbulletrecreation\openbullet.core.tests\bin\debug\net9.0\openbullet.core.tests.dll" id="f8434752-09ff-367e-b12e-9087c66c3112">
      <Execution id="d1796368-1b00-41c5-83b0-74e0a6da7f87" />
      <TestMethod codeBase="C:\Users\futiliter\Downloads\Telegram Desktop\Openbullet 1.4.4 Anomaly Modded Version\OpenBulletRecreation\OpenBullet.Core.Tests\bin\Debug\net9.0\OpenBullet.Core.Tests.dll" adapterTypeName="executor://xunit/VsTestRunner2/netcoreapp" className="OpenBullet.Core.Tests.Step7_ParsersTests" name="LeftRightParser_Should_Handle_Case_Insensitive" />
    </UnitTest>
    <UnitTest name="OpenBullet.Core.Tests.Step2_ValidationTests.ProxyInfo_Different_Configurations_Work(host: &quot;proxy.example.com&quot;, port: 3128, type: Http)" storage="c:\users\futiliter\downloads\telegram desktop\openbullet 1.4.4 anomaly modded version\openbulletrecreation\openbullet.core.tests\bin\debug\net9.0\openbullet.core.tests.dll" id="f2de2db3-ba43-b1da-0def-3a8869fb77af">
      <Execution id="d9b21ded-03cb-4f3d-b12c-0d46832663d5" />
      <TestMethod codeBase="C:\Users\futiliter\Downloads\Telegram Desktop\Openbullet 1.4.4 Anomaly Modded Version\OpenBulletRecreation\OpenBullet.Core.Tests\bin\Debug\net9.0\OpenBullet.Core.Tests.dll" adapterTypeName="executor://xunit/VsTestRunner2/netcoreapp" className="OpenBullet.Core.Tests.Step2_ValidationTests" name="ProxyInfo_Different_Configurations_Work" />
    </UnitTest>
    <UnitTest name="OpenBullet.Core.Tests.Step9_JobManagerTests.PauseJobAsync_With_Running_Job_Should_Pause_Job" storage="c:\users\futiliter\downloads\telegram desktop\openbullet 1.4.4 anomaly modded version\openbulletrecreation\openbullet.core.tests\bin\debug\net9.0\openbullet.core.tests.dll" id="f0b5abbc-a791-f517-a0e2-b574a8b9afa7">
      <Execution id="6b1c30a4-8e49-4076-84eb-0ae4d58e1516" />
      <TestMethod codeBase="C:\Users\futiliter\Downloads\Telegram Desktop\Openbullet 1.4.4 Anomaly Modded Version\OpenBulletRecreation\OpenBullet.Core.Tests\bin\Debug\net9.0\OpenBullet.Core.Tests.dll" adapterTypeName="executor://xunit/VsTestRunner2/netcoreapp" className="OpenBullet.Core.Tests.Step9_JobManagerTests" name="PauseJobAsync_With_Running_Job_Should_Pause_Job" />
    </UnitTest>
    <UnitTest name="OpenBullet.Core.Tests.Step10_ProxyJobManagerTests.ProxyJobStatistics_Clone_Should_Create_Copy" storage="c:\users\futiliter\downloads\telegram desktop\openbullet 1.4.4 anomaly modded version\openbulletrecreation\openbullet.core.tests\bin\debug\net9.0\openbullet.core.tests.dll" id="00823e08-cca9-ce3d-30b5-d8e00d662ecf">
      <Execution id="4a6c1656-3ef2-42e4-9f82-db9af14813ed" />
      <TestMethod codeBase="C:\Users\futiliter\Downloads\Telegram Desktop\Openbullet 1.4.4 Anomaly Modded Version\OpenBulletRecreation\OpenBullet.Core.Tests\bin\Debug\net9.0\OpenBullet.Core.Tests.dll" adapterTypeName="executor://xunit/VsTestRunner2/netcoreapp" className="OpenBullet.Core.Tests.Step10_ProxyJobManagerTests" name="ProxyJobStatistics_Clone_Should_Create_Copy" />
    </UnitTest>
    <UnitTest name="OpenBullet.Core.Tests.Step4_ScriptParserTests.ParseLine_With_Various_Valid_Syntaxes_Should_Parse_Successfully(commandLine: &quot;REQUEST GET \&quot;https://example.com\&quot;&quot;)" storage="c:\users\futiliter\downloads\telegram desktop\openbullet 1.4.4 anomaly modded version\openbulletrecreation\openbullet.core.tests\bin\debug\net9.0\openbullet.core.tests.dll" id="44afa086-356e-779a-d8d3-aa6b2f5eb5e5">
      <Execution id="ac6fcea5-a253-482c-9924-d07e1c362e74" />
      <TestMethod codeBase="C:\Users\futiliter\Downloads\Telegram Desktop\Openbullet 1.4.4 Anomaly Modded Version\OpenBulletRecreation\OpenBullet.Core.Tests\bin\Debug\net9.0\OpenBullet.Core.Tests.dll" adapterTypeName="executor://xunit/VsTestRunner2/netcoreapp" className="OpenBullet.Core.Tests.Step4_ScriptParserTests" name="ParseLine_With_Various_Valid_Syntaxes_Should_Parse_Successfully" />
    </UnitTest>
    <UnitTest name="OpenBullet.Core.Tests.Step5_ExecutionContextTests.Dispose_Should_Map_Status_Correctly" storage="c:\users\futiliter\downloads\telegram desktop\openbullet 1.4.4 anomaly modded version\openbulletrecreation\openbullet.core.tests\bin\debug\net9.0\openbullet.core.tests.dll" id="b70eac5d-c92b-6a37-1dc9-8663243775db">
      <Execution id="676074ea-281a-4cbe-8029-92c83d91e868" />
      <TestMethod codeBase="C:\Users\futiliter\Downloads\Telegram Desktop\Openbullet 1.4.4 Anomaly Modded Version\OpenBulletRecreation\OpenBullet.Core.Tests\bin\Debug\net9.0\OpenBullet.Core.Tests.dll" adapterTypeName="executor://xunit/VsTestRunner2/netcoreapp" className="OpenBullet.Core.Tests.Step5_ExecutionContextTests" name="Dispose_Should_Map_Status_Correctly" />
    </UnitTest>
    <UnitTest name="OpenBullet.Core.Tests.Step11_ValidationTests.All_Entity_Classes_Should_Be_Properly_Defined" storage="c:\users\futiliter\downloads\telegram desktop\openbullet 1.4.4 anomaly modded version\openbulletrecreation\openbullet.core.tests\bin\debug\net9.0\openbullet.core.tests.dll" id="837762a6-c1b4-71cf-531c-1700b6f677a2">
      <Execution id="dc118ff7-b852-49b0-8ed3-444c5a797803" />
      <TestMethod codeBase="C:\Users\futiliter\Downloads\Telegram Desktop\Openbullet 1.4.4 Anomaly Modded Version\OpenBulletRecreation\OpenBullet.Core.Tests\bin\Debug\net9.0\OpenBullet.Core.Tests.dll" adapterTypeName="executor://xunit/VsTestRunner2/netcoreapp" className="OpenBullet.Core.Tests.Step11_ValidationTests" name="All_Entity_Classes_Should_Be_Properly_Defined" />
    </UnitTest>
    <UnitTest name="OpenBullet.Core.Tests.Step7_ValidationTests.ParseType_Enum_Should_Have_Expected_Values" storage="c:\users\futiliter\downloads\telegram desktop\openbullet 1.4.4 anomaly modded version\openbulletrecreation\openbullet.core.tests\bin\debug\net9.0\openbullet.core.tests.dll" id="e7074543-b841-7b51-8d3b-1448590c64bb">
      <Execution id="d0a5638a-c4eb-4375-8afa-3ec85301d473" />
      <TestMethod codeBase="C:\Users\futiliter\Downloads\Telegram Desktop\Openbullet 1.4.4 Anomaly Modded Version\OpenBulletRecreation\OpenBullet.Core.Tests\bin\Debug\net9.0\OpenBullet.Core.Tests.dll" adapterTypeName="executor://xunit/VsTestRunner2/netcoreapp" className="OpenBullet.Core.Tests.Step7_ValidationTests" name="ParseType_Enum_Should_Have_Expected_Values" />
    </UnitTest>
    <UnitTest name="OpenBullet.Core.Tests.Step8_KeyCheckerTests.GetSourceValue_With_Literal_Value_Should_Return_As_Is" storage="c:\users\futiliter\downloads\telegram desktop\openbullet 1.4.4 anomaly modded version\openbulletrecreation\openbullet.core.tests\bin\debug\net9.0\openbullet.core.tests.dll" id="b5f85b83-0444-a65b-f380-80c5a736852f">
      <Execution id="8a8f5447-509b-44f4-b798-0b87b1e3d09b" />
      <TestMethod codeBase="C:\Users\futiliter\Downloads\Telegram Desktop\Openbullet 1.4.4 Anomaly Modded Version\OpenBulletRecreation\OpenBullet.Core.Tests\bin\Debug\net9.0\OpenBullet.Core.Tests.dll" adapterTypeName="executor://xunit/VsTestRunner2/netcoreapp" className="OpenBullet.Core.Tests.Step8_KeyCheckerTests" name="GetSourceValue_With_Literal_Value_Should_Return_As_Is" />
    </UnitTest>
    <UnitTest name="OpenBullet.Core.Tests.Step6_CommandFactoryTests.GetCommandMetadata_Should_Return_Metadata_For_Existing_Command" storage="c:\users\futiliter\downloads\telegram desktop\openbullet 1.4.4 anomaly modded version\openbulletrecreation\openbullet.core.tests\bin\debug\net9.0\openbullet.core.tests.dll" id="1adc1f59-994d-f40b-4c13-93213e0c58d8">
      <Execution id="b5e84e9b-cf13-40d7-8f44-a44d32270350" />
      <TestMethod codeBase="C:\Users\futiliter\Downloads\Telegram Desktop\Openbullet 1.4.4 Anomaly Modded Version\OpenBulletRecreation\OpenBullet.Core.Tests\bin\Debug\net9.0\OpenBullet.Core.Tests.dll" adapterTypeName="executor://xunit/VsTestRunner2/netcoreapp" className="OpenBullet.Core.Tests.Step6_CommandFactoryTests" name="GetCommandMetadata_Should_Return_Metadata_For_Existing_Command" />
    </UnitTest>
    <UnitTest name="OpenBullet.Core.Tests.Step6_ValidationTests.Complex_Request_Instruction_Should_Parse_Correctly" storage="c:\users\futiliter\downloads\telegram desktop\openbullet 1.4.4 anomaly modded version\openbulletrecreation\openbullet.core.tests\bin\debug\net9.0\openbullet.core.tests.dll" id="9104e701-048a-3580-5187-f11e370df821">
      <Execution id="58a72196-d6f6-411f-86cd-18310c6f0e2d" />
      <TestMethod codeBase="C:\Users\futiliter\Downloads\Telegram Desktop\Openbullet 1.4.4 Anomaly Modded Version\OpenBulletRecreation\OpenBullet.Core.Tests\bin\Debug\net9.0\OpenBullet.Core.Tests.dll" adapterTypeName="executor://xunit/VsTestRunner2/netcoreapp" className="OpenBullet.Core.Tests.Step6_ValidationTests" name="Complex_Request_Instruction_Should_Parse_Correctly" />
    </UnitTest>
    <UnitTest name="OpenBullet.Core.Tests.Step8_ValidationTests.KeyCondition_String_Conversion_Should_Work(stringValue: &quot;EqualTo&quot;, expectedCondition: EqualTo)" storage="c:\users\futiliter\downloads\telegram desktop\openbullet 1.4.4 anomaly modded version\openbulletrecreation\openbullet.core.tests\bin\debug\net9.0\openbullet.core.tests.dll" id="daf6b4e6-be77-0717-f1ae-360af31c4fc0">
      <Execution id="82e1e6f6-9ecb-4a3c-8601-7a53337f260f" />
      <TestMethod codeBase="C:\Users\futiliter\Downloads\Telegram Desktop\Openbullet 1.4.4 Anomaly Modded Version\OpenBulletRecreation\OpenBullet.Core.Tests\bin\Debug\net9.0\OpenBullet.Core.Tests.dll" adapterTypeName="executor://xunit/VsTestRunner2/netcoreapp" className="OpenBullet.Core.Tests.Step8_ValidationTests" name="KeyCondition_String_Conversion_Should_Work" />
    </UnitTest>
    <UnitTest name="OpenBullet.Core.Tests.Step10_ProxyJobManagerTests.GetStatistics_Should_Include_Proxy_Metrics" storage="c:\users\futiliter\downloads\telegram desktop\openbullet 1.4.4 anomaly modded version\openbulletrecreation\openbullet.core.tests\bin\debug\net9.0\openbullet.core.tests.dll" id="f3a3952b-b656-2f21-21fc-98ac2bf82ebc">
      <Execution id="55adbfcb-f8cf-4fb2-be65-87713baa58e5" />
      <TestMethod codeBase="C:\Users\futiliter\Downloads\Telegram Desktop\Openbullet 1.4.4 Anomaly Modded Version\OpenBulletRecreation\OpenBullet.Core.Tests\bin\Debug\net9.0\OpenBullet.Core.Tests.dll" adapterTypeName="executor://xunit/VsTestRunner2/netcoreapp" className="OpenBullet.Core.Tests.Step10_ProxyJobManagerTests" name="GetStatistics_Should_Include_Proxy_Metrics" />
    </UnitTest>
    <UnitTest name="OpenBullet.Core.Tests.Step10_ProxyExtensionsTests.ProxyInfo_Equals_Should_Work_Correctly" storage="c:\users\futiliter\downloads\telegram desktop\openbullet 1.4.4 anomaly modded version\openbulletrecreation\openbullet.core.tests\bin\debug\net9.0\openbullet.core.tests.dll" id="02129da7-2564-a3fd-5b71-ccd2d609ac42">
      <Execution id="bac1bc5e-7b0d-41b1-93a5-af0412f9cb6f" />
      <TestMethod codeBase="C:\Users\futiliter\Downloads\Telegram Desktop\Openbullet 1.4.4 Anomaly Modded Version\OpenBulletRecreation\OpenBullet.Core.Tests\bin\Debug\net9.0\OpenBullet.Core.Tests.dll" adapterTypeName="executor://xunit/VsTestRunner2/netcoreapp" className="OpenBullet.Core.Tests.Step10_ProxyExtensionsTests" name="ProxyInfo_Equals_Should_Work_Correctly" />
    </UnitTest>
    <UnitTest name="OpenBullet.Core.Tests.Step11_DatabaseManagerTests.DatabaseManager_SeedDefaultData_Should_Work" storage="c:\users\futiliter\downloads\telegram desktop\openbullet 1.4.4 anomaly modded version\openbulletrecreation\openbullet.core.tests\bin\debug\net9.0\openbullet.core.tests.dll" id="b53ed772-4d87-287e-f364-7ed109a1f20f">
      <Execution id="f361a22d-0b20-4bd5-ae93-cd72b2fc25ef" />
      <TestMethod codeBase="C:\Users\futiliter\Downloads\Telegram Desktop\Openbullet 1.4.4 Anomaly Modded Version\OpenBulletRecreation\OpenBullet.Core.Tests\bin\Debug\net9.0\OpenBullet.Core.Tests.dll" adapterTypeName="executor://xunit/VsTestRunner2/netcoreapp" className="OpenBullet.Core.Tests.Step11_DatabaseManagerTests" name="DatabaseManager_SeedDefaultData_Should_Work" />
    </UnitTest>
    <UnitTest name="OpenBullet.Core.Tests.Step3_ValidationTests.ConfigWarning_Types_Should_Be_Available(warningType: PerformanceWarning)" storage="c:\users\futiliter\downloads\telegram desktop\openbullet 1.4.4 anomaly modded version\openbulletrecreation\openbullet.core.tests\bin\debug\net9.0\openbullet.core.tests.dll" id="1e9eb98d-d86b-8aa3-9beb-56c6c611f173">
      <Execution id="2dc30a9b-565c-4a62-9609-03eef22d9b6e" />
      <TestMethod codeBase="C:\Users\futiliter\Downloads\Telegram Desktop\Openbullet 1.4.4 Anomaly Modded Version\OpenBulletRecreation\OpenBullet.Core.Tests\bin\Debug\net9.0\OpenBullet.Core.Tests.dll" adapterTypeName="executor://xunit/VsTestRunner2/netcoreapp" className="OpenBullet.Core.Tests.Step3_ValidationTests" name="ConfigWarning_Types_Should_Be_Available" />
    </UnitTest>
    <UnitTest name="OpenBullet.Core.Tests.Step9_BotRunnerTests.BotRunner_Can_Be_Created" storage="c:\users\futiliter\downloads\telegram desktop\openbullet 1.4.4 anomaly modded version\openbulletrecreation\openbullet.core.tests\bin\debug\net9.0\openbullet.core.tests.dll" id="f82b3c01-843b-1720-5e4c-b874c066c798">
      <Execution id="63fcf5cf-3133-4655-8434-64a25eaf9af4" />
      <TestMethod codeBase="C:\Users\futiliter\Downloads\Telegram Desktop\Openbullet 1.4.4 Anomaly Modded Version\OpenBulletRecreation\OpenBullet.Core.Tests\bin\Debug\net9.0\OpenBullet.Core.Tests.dll" adapterTypeName="executor://xunit/VsTestRunner2/netcoreapp" className="OpenBullet.Core.Tests.Step9_BotRunnerTests" name="BotRunner_Can_Be_Created" />
    </UnitTest>
    <UnitTest name="OpenBullet.Core.Tests.Step3_ConfigurationServiceTests.ParseConfigContent_With_Empty_Content_Should_Return_Default_Config" storage="c:\users\futiliter\downloads\telegram desktop\openbullet 1.4.4 anomaly modded version\openbulletrecreation\openbullet.core.tests\bin\debug\net9.0\openbullet.core.tests.dll" id="6194f01f-c5e6-8127-c02a-e6293b4ed5b3">
      <Execution id="3604464b-7f51-4dd1-a07b-c19dd289aec9" />
      <TestMethod codeBase="C:\Users\futiliter\Downloads\Telegram Desktop\Openbullet 1.4.4 Anomaly Modded Version\OpenBulletRecreation\OpenBullet.Core.Tests\bin\Debug\net9.0\OpenBullet.Core.Tests.dll" adapterTypeName="executor://xunit/VsTestRunner2/netcoreapp" className="OpenBullet.Core.Tests.Step3_ConfigurationServiceTests" name="ParseConfigContent_With_Empty_Content_Should_Return_Default_Config" />
    </UnitTest>
    <UnitTest name="OpenBullet.Core.Tests.Step8_KeyCheckCommandTests.ExecuteAsync_With_Success_KeyChain_Should_Set_Success_Status" storage="c:\users\futiliter\downloads\telegram desktop\openbullet 1.4.4 anomaly modded version\openbulletrecreation\openbullet.core.tests\bin\debug\net9.0\openbullet.core.tests.dll" id="ebf053e7-60fb-ea1a-be50-b4f4da899556">
      <Execution id="adc63fcd-ac28-4fec-9c64-d8c32ead2529" />
      <TestMethod codeBase="C:\Users\futiliter\Downloads\Telegram Desktop\Openbullet 1.4.4 Anomaly Modded Version\OpenBulletRecreation\OpenBullet.Core.Tests\bin\Debug\net9.0\OpenBullet.Core.Tests.dll" adapterTypeName="executor://xunit/VsTestRunner2/netcoreapp" className="OpenBullet.Core.Tests.Step8_KeyCheckCommandTests" name="ExecuteAsync_With_Success_KeyChain_Should_Set_Success_Status" />
    </UnitTest>
    <UnitTest name="OpenBullet.Core.Tests.Step10_ProxyManagerTests.ReturnProxyAsync_With_Failure_Result_Should_Update_Statistics" storage="c:\users\futiliter\downloads\telegram desktop\openbullet 1.4.4 anomaly modded version\openbulletrecreation\openbullet.core.tests\bin\debug\net9.0\openbullet.core.tests.dll" id="1cadd6e5-ca94-cf2f-4768-3830ebdcb365">
      <Execution id="2965c88b-0990-46c1-a9bb-15ef95e889ac" />
      <TestMethod codeBase="C:\Users\futiliter\Downloads\Telegram Desktop\Openbullet 1.4.4 Anomaly Modded Version\OpenBulletRecreation\OpenBullet.Core.Tests\bin\Debug\net9.0\OpenBullet.Core.Tests.dll" adapterTypeName="executor://xunit/VsTestRunner2/netcoreapp" className="OpenBullet.Core.Tests.Step10_ProxyManagerTests" name="ReturnProxyAsync_With_Failure_Result_Should_Update_Statistics" />
    </UnitTest>
    <UnitTest name="OpenBullet.Core.Tests.Step11_StorageServicesTests.ProxyStorage_Filtering_Should_Work" storage="c:\users\futiliter\downloads\telegram desktop\openbullet 1.4.4 anomaly modded version\openbulletrecreation\openbullet.core.tests\bin\debug\net9.0\openbullet.core.tests.dll" id="fa904025-dfe3-d3d5-8026-ba051bc31a17">
      <Execution id="e3d2cb95-de31-4a61-9963-fcdd98d7508f" />
      <TestMethod codeBase="C:\Users\futiliter\Downloads\Telegram Desktop\Openbullet 1.4.4 Anomaly Modded Version\OpenBulletRecreation\OpenBullet.Core.Tests\bin\Debug\net9.0\OpenBullet.Core.Tests.dll" adapterTypeName="executor://xunit/VsTestRunner2/netcoreapp" className="OpenBullet.Core.Tests.Step11_StorageServicesTests" name="ProxyStorage_Filtering_Should_Work" />
    </UnitTest>
    <UnitTest name="OpenBullet.Core.Tests.Step6_ValidationTests.CommandResult_Should_Initialize_With_Correct_Defaults" storage="c:\users\futiliter\downloads\telegram desktop\openbullet 1.4.4 anomaly modded version\openbulletrecreation\openbullet.core.tests\bin\debug\net9.0\openbullet.core.tests.dll" id="0f4c0f3c-0032-80fb-cd10-895257a23e53">
      <Execution id="9a3c9824-1171-45b6-9d1c-f1531948d814" />
      <TestMethod codeBase="C:\Users\futiliter\Downloads\Telegram Desktop\Openbullet 1.4.4 Anomaly Modded Version\OpenBulletRecreation\OpenBullet.Core.Tests\bin\Debug\net9.0\OpenBullet.Core.Tests.dll" adapterTypeName="executor://xunit/VsTestRunner2/netcoreapp" className="OpenBullet.Core.Tests.Step6_ValidationTests" name="CommandResult_Should_Initialize_With_Correct_Defaults" />
    </UnitTest>
    <UnitTest name="OpenBullet.Core.Tests.Step3_ValidationTests.ConfigInfo_Should_Initialize_Correctly" storage="c:\users\futiliter\downloads\telegram desktop\openbullet 1.4.4 anomaly modded version\openbulletrecreation\openbullet.core.tests\bin\debug\net9.0\openbullet.core.tests.dll" id="53ae6dcc-e054-e130-d831-7ebae00cbe7d">
      <Execution id="4ec80e83-7032-4a6c-8fb4-5cf9d5507425" />
      <TestMethod codeBase="C:\Users\futiliter\Downloads\Telegram Desktop\Openbullet 1.4.4 Anomaly Modded Version\OpenBulletRecreation\OpenBullet.Core.Tests\bin\Debug\net9.0\OpenBullet.Core.Tests.dll" adapterTypeName="executor://xunit/VsTestRunner2/netcoreapp" className="OpenBullet.Core.Tests.Step3_ValidationTests" name="ConfigInfo_Should_Initialize_Correctly" />
    </UnitTest>
    <UnitTest name="OpenBullet.Core.Tests.Step5_ExecutionContextTests.AddLog_With_Exception_Should_Include_Exception" storage="c:\users\futiliter\downloads\telegram desktop\openbullet 1.4.4 anomaly modded version\openbulletrecreation\openbullet.core.tests\bin\debug\net9.0\openbullet.core.tests.dll" id="9e122660-4a2e-ebde-e97c-28ef1ab6699f">
      <Execution id="fa5f4410-d5e4-4ca4-88db-d4cc4f39b14b" />
      <TestMethod codeBase="C:\Users\futiliter\Downloads\Telegram Desktop\Openbullet 1.4.4 Anomaly Modded Version\OpenBulletRecreation\OpenBullet.Core.Tests\bin\Debug\net9.0\OpenBullet.Core.Tests.dll" adapterTypeName="executor://xunit/VsTestRunner2/netcoreapp" className="OpenBullet.Core.Tests.Step5_ExecutionContextTests" name="AddLog_With_Exception_Should_Include_Exception" />
    </UnitTest>
    <UnitTest name="OpenBullet.Core.Tests.Step6_RequestCommandTests.ValidateInstruction_With_Valid_HTTP_Methods_Should_Pass(method: &quot;HEAD&quot;)" storage="c:\users\futiliter\downloads\telegram desktop\openbullet 1.4.4 anomaly modded version\openbulletrecreation\openbullet.core.tests\bin\debug\net9.0\openbullet.core.tests.dll" id="3910a0f3-9444-4348-8b2a-35bd6cfc5461">
      <Execution id="91801070-659f-457d-b3cf-01f5065a8028" />
      <TestMethod codeBase="C:\Users\futiliter\Downloads\Telegram Desktop\Openbullet 1.4.4 Anomaly Modded Version\OpenBulletRecreation\OpenBullet.Core.Tests\bin\Debug\net9.0\OpenBullet.Core.Tests.dll" adapterTypeName="executor://xunit/VsTestRunner2/netcoreapp" className="OpenBullet.Core.Tests.Step6_RequestCommandTests" name="ValidateInstruction_With_Valid_HTTP_Methods_Should_Pass" />
    </UnitTest>
    <UnitTest name="OpenBullet.Core.Tests.Step4_ScriptParserTests.ValidateScript_With_Valid_Script_Should_Return_Success" storage="c:\users\futiliter\downloads\telegram desktop\openbullet 1.4.4 anomaly modded version\openbulletrecreation\openbullet.core.tests\bin\debug\net9.0\openbullet.core.tests.dll" id="6d9af053-3bd9-bf57-bea7-3d09670262f2">
      <Execution id="4478845f-6576-4520-8a9e-25ee59f0e1ff" />
      <TestMethod codeBase="C:\Users\futiliter\Downloads\Telegram Desktop\Openbullet 1.4.4 Anomaly Modded Version\OpenBulletRecreation\OpenBullet.Core.Tests\bin\Debug\net9.0\OpenBullet.Core.Tests.dll" adapterTypeName="executor://xunit/VsTestRunner2/netcoreapp" className="OpenBullet.Core.Tests.Step4_ScriptParserTests" name="ValidateScript_With_Valid_Script_Should_Return_Success" />
    </UnitTest>
    <UnitTest name="OpenBullet.Core.Tests.Step10_ValidationTests.ProxyJobStatistics_Should_Initialize_With_Defaults" storage="c:\users\futiliter\downloads\telegram desktop\openbullet 1.4.4 anomaly modded version\openbulletrecreation\openbullet.core.tests\bin\debug\net9.0\openbullet.core.tests.dll" id="1623e6e9-1ac0-2935-ce6c-cf8a40b6165d">
      <Execution id="3fcbc2e6-af2c-49e0-b62d-f25f5c3c0025" />
      <TestMethod codeBase="C:\Users\futiliter\Downloads\Telegram Desktop\Openbullet 1.4.4 Anomaly Modded Version\OpenBulletRecreation\OpenBullet.Core.Tests\bin\Debug\net9.0\OpenBullet.Core.Tests.dll" adapterTypeName="executor://xunit/VsTestRunner2/netcoreapp" className="OpenBullet.Core.Tests.Step10_ValidationTests" name="ProxyJobStatistics_Should_Initialize_With_Defaults" />
    </UnitTest>
    <UnitTest name="OpenBullet.Core.Tests.Step4_PerformanceTests.ParseLine_Multiple_Times_Should_Be_Fast" storage="c:\users\futiliter\downloads\telegram desktop\openbullet 1.4.4 anomaly modded version\openbulletrecreation\openbullet.core.tests\bin\debug\net9.0\openbullet.core.tests.dll" id="088b8569-d809-64ca-99d9-252d18696b42">
      <Execution id="fee5a94c-937e-499a-bf89-dbd9ad3ead1f" />
      <TestMethod codeBase="C:\Users\futiliter\Downloads\Telegram Desktop\Openbullet 1.4.4 Anomaly Modded Version\OpenBulletRecreation\OpenBullet.Core.Tests\bin\Debug\net9.0\OpenBullet.Core.Tests.dll" adapterTypeName="executor://xunit/VsTestRunner2/netcoreapp" className="OpenBullet.Core.Tests.Step4_PerformanceTests" name="ParseLine_Multiple_Times_Should_Be_Fast" />
    </UnitTest>
    <UnitTest name="OpenBullet.Core.Tests.Step11_ValidationTests.Performance_With_Realistic_Dataset_Should_Be_Acceptable" storage="c:\users\futiliter\downloads\telegram desktop\openbullet 1.4.4 anomaly modded version\openbulletrecreation\openbullet.core.tests\bin\debug\net9.0\openbullet.core.tests.dll" id="87486547-f783-c2c9-e172-f89317762964">
      <Execution id="e3671297-4eca-48f4-9914-715f7d208b7e" />
      <TestMethod codeBase="C:\Users\futiliter\Downloads\Telegram Desktop\Openbullet 1.4.4 Anomaly Modded Version\OpenBulletRecreation\OpenBullet.Core.Tests\bin\Debug\net9.0\OpenBullet.Core.Tests.dll" adapterTypeName="executor://xunit/VsTestRunner2/netcoreapp" className="OpenBullet.Core.Tests.Step11_ValidationTests" name="Performance_With_Realistic_Dataset_Should_Be_Acceptable" />
    </UnitTest>
    <UnitTest name="OpenBullet.Core.Tests.Step10_ProxyExtensionsTests.IsValid_Basic_Should_Validate_Correctly(host: &quot;proxy.com&quot;, port: 0, type: Http, expectedValid: False)" storage="c:\users\futiliter\downloads\telegram desktop\openbullet 1.4.4 anomaly modded version\openbulletrecreation\openbullet.core.tests\bin\debug\net9.0\openbullet.core.tests.dll" id="9f46a511-7569-f2c8-10d8-b20235c943c7">
      <Execution id="17443b53-2a1b-4460-9472-0ef53d1a0c5c" />
      <TestMethod codeBase="C:\Users\futiliter\Downloads\Telegram Desktop\Openbullet 1.4.4 Anomaly Modded Version\OpenBulletRecreation\OpenBullet.Core.Tests\bin\Debug\net9.0\OpenBullet.Core.Tests.dll" adapterTypeName="executor://xunit/VsTestRunner2/netcoreapp" className="OpenBullet.Core.Tests.Step10_ProxyExtensionsTests" name="IsValid_Basic_Should_Validate_Correctly" />
    </UnitTest>
    <UnitTest name="OpenBullet.Core.Tests.Step3_ConfigurationServiceTests.SerializeConfig_Should_Generate_Valid_Content" storage="c:\users\futiliter\downloads\telegram desktop\openbullet 1.4.4 anomaly modded version\openbulletrecreation\openbullet.core.tests\bin\debug\net9.0\openbullet.core.tests.dll" id="b4b26cf8-9bd2-4b2c-8f44-9a6498b9e021">
      <Execution id="53ceeda7-ec12-45b0-8995-5fec4f3e0762" />
      <TestMethod codeBase="C:\Users\futiliter\Downloads\Telegram Desktop\Openbullet 1.4.4 Anomaly Modded Version\OpenBulletRecreation\OpenBullet.Core.Tests\bin\Debug\net9.0\OpenBullet.Core.Tests.dll" adapterTypeName="executor://xunit/VsTestRunner2/netcoreapp" className="OpenBullet.Core.Tests.Step3_ConfigurationServiceTests" name="SerializeConfig_Should_Generate_Valid_Content" />
    </UnitTest>
    <UnitTest name="OpenBullet.Core.Tests.Step8_KeyCheckerTests.EvaluateKey_With_EqualTo_Condition_Should_Work" storage="c:\users\futiliter\downloads\telegram desktop\openbullet 1.4.4 anomaly modded version\openbulletrecreation\openbullet.core.tests\bin\debug\net9.0\openbullet.core.tests.dll" id="c20a3744-ddbf-8a54-b237-ee31dab45028">
      <Execution id="9e6f8b6d-6c19-48f0-a40e-82a6b62b0f33" />
      <TestMethod codeBase="C:\Users\futiliter\Downloads\Telegram Desktop\Openbullet 1.4.4 Anomaly Modded Version\OpenBulletRecreation\OpenBullet.Core.Tests\bin\Debug\net9.0\OpenBullet.Core.Tests.dll" adapterTypeName="executor://xunit/VsTestRunner2/netcoreapp" className="OpenBullet.Core.Tests.Step8_KeyCheckerTests" name="EvaluateKey_With_EqualTo_Condition_Should_Work" />
    </UnitTest>
    <UnitTest name="OpenBullet.Core.Tests.Step8_KeyCheckerTests.EvaluateKeyChains_Should_Include_Metadata" storage="c:\users\futiliter\downloads\telegram desktop\openbullet 1.4.4 anomaly modded version\openbulletrecreation\openbullet.core.tests\bin\debug\net9.0\openbullet.core.tests.dll" id="1987852d-f9aa-5f71-9e84-5eb62921da56">
      <Execution id="70497d16-a94a-488e-bc05-7bc22eebf60b" />
      <TestMethod codeBase="C:\Users\futiliter\Downloads\Telegram Desktop\Openbullet 1.4.4 Anomaly Modded Version\OpenBulletRecreation\OpenBullet.Core.Tests\bin\Debug\net9.0\OpenBullet.Core.Tests.dll" adapterTypeName="executor://xunit/VsTestRunner2/netcoreapp" className="OpenBullet.Core.Tests.Step8_KeyCheckerTests" name="EvaluateKeyChains_Should_Include_Metadata" />
    </UnitTest>
    <UnitTest name="OpenBullet.Core.Tests.Step13_ConfigurationEditorTests.GetCompletions_Should_Return_Variable_Suggestions" storage="c:\users\futiliter\downloads\telegram desktop\openbullet 1.4.4 anomaly modded version\openbulletrecreation\openbullet.core.tests\bin\debug\net9.0\openbullet.core.tests.dll" id="4ea86ad2-ea66-b783-5898-26d7a167ca18">
      <Execution id="bcf83720-72f2-4e7f-b7c8-e6832ceef645" />
      <TestMethod codeBase="C:\Users\futiliter\Downloads\Telegram Desktop\Openbullet 1.4.4 Anomaly Modded Version\OpenBulletRecreation\OpenBullet.Core.Tests\bin\Debug\net9.0\OpenBullet.Core.Tests.dll" adapterTypeName="executor://xunit/VsTestRunner2/netcoreapp" className="OpenBullet.Core.Tests.Step13_ConfigurationEditorTests" name="GetCompletions_Should_Return_Variable_Suggestions" />
    </UnitTest>
    <UnitTest name="OpenBullet.Core.Tests.Step7_ParseCommandTests.ValidateInstruction_With_Valid_Parse_Types_Should_Pass(parseType: &quot;CSS&quot;)" storage="c:\users\futiliter\downloads\telegram desktop\openbullet 1.4.4 anomaly modded version\openbulletrecreation\openbullet.core.tests\bin\debug\net9.0\openbullet.core.tests.dll" id="30232215-9605-758f-218b-6973cdf75443">
      <Execution id="0f1ed8c1-f3cb-4aab-9f1d-0f0bc0be49a7" />
      <TestMethod codeBase="C:\Users\futiliter\Downloads\Telegram Desktop\Openbullet 1.4.4 Anomaly Modded Version\OpenBulletRecreation\OpenBullet.Core.Tests\bin\Debug\net9.0\OpenBullet.Core.Tests.dll" adapterTypeName="executor://xunit/VsTestRunner2/netcoreapp" className="OpenBullet.Core.Tests.Step7_ParseCommandTests" name="ValidateInstruction_With_Valid_Parse_Types_Should_Pass" />
    </UnitTest>
    <UnitTest name="OpenBullet.Core.Tests.Step11_DatabaseContextTests.Metadata_Serialization_Should_Work" storage="c:\users\futiliter\downloads\telegram desktop\openbullet 1.4.4 anomaly modded version\openbulletrecreation\openbullet.core.tests\bin\debug\net9.0\openbullet.core.tests.dll" id="44061e7a-ef77-e08d-2212-13ed3b025dd4">
      <Execution id="64aed1ff-0937-475f-b1bd-ce3007146669" />
      <TestMethod codeBase="C:\Users\futiliter\Downloads\Telegram Desktop\Openbullet 1.4.4 Anomaly Modded Version\OpenBulletRecreation\OpenBullet.Core.Tests\bin\Debug\net9.0\OpenBullet.Core.Tests.dll" adapterTypeName="executor://xunit/VsTestRunner2/netcoreapp" className="OpenBullet.Core.Tests.Step11_DatabaseContextTests" name="Metadata_Serialization_Should_Work" />
    </UnitTest>
    <UnitTest name="OpenBullet.Core.Tests.Step7_ValidationTests.RegexParser_Should_Handle_Basic_Patterns" storage="c:\users\futiliter\downloads\telegram desktop\openbullet 1.4.4 anomaly modded version\openbulletrecreation\openbullet.core.tests\bin\debug\net9.0\openbullet.core.tests.dll" id="25a44c1b-8050-8de8-9a65-8a0f4005b56d">
      <Execution id="b250e301-e4d2-43a1-a934-e88718d272d6" />
      <TestMethod codeBase="C:\Users\futiliter\Downloads\Telegram Desktop\Openbullet 1.4.4 Anomaly Modded Version\OpenBulletRecreation\OpenBullet.Core.Tests\bin\Debug\net9.0\OpenBullet.Core.Tests.dll" adapterTypeName="executor://xunit/VsTestRunner2/netcoreapp" className="OpenBullet.Core.Tests.Step7_ValidationTests" name="RegexParser_Should_Handle_Basic_Patterns" />
    </UnitTest>
    <UnitTest name="OpenBullet.Core.Tests.Step7_ParseCommandTests.ValidateInstruction_With_Missing_Arguments_Should_Fail" storage="c:\users\futiliter\downloads\telegram desktop\openbullet 1.4.4 anomaly modded version\openbulletrecreation\openbullet.core.tests\bin\debug\net9.0\openbullet.core.tests.dll" id="dce4cce8-b2ec-c9b5-64a7-100b0488624a">
      <Execution id="1827ca98-06a4-4f0a-a35a-8ea841039d73" />
      <TestMethod codeBase="C:\Users\futiliter\Downloads\Telegram Desktop\Openbullet 1.4.4 Anomaly Modded Version\OpenBulletRecreation\OpenBullet.Core.Tests\bin\Debug\net9.0\OpenBullet.Core.Tests.dll" adapterTypeName="executor://xunit/VsTestRunner2/netcoreapp" className="OpenBullet.Core.Tests.Step7_ParseCommandTests" name="ValidateInstruction_With_Missing_Arguments_Should_Fail" />
    </UnitTest>
    <UnitTest name="OpenBullet.Core.Tests.Step4_ScriptParserTests.ParseScript_With_Sample_File_Should_Parse_Successfully" storage="c:\users\futiliter\downloads\telegram desktop\openbullet 1.4.4 anomaly modded version\openbulletrecreation\openbullet.core.tests\bin\debug\net9.0\openbullet.core.tests.dll" id="fc4c6497-b24d-21be-d034-40fde434361f">
      <Execution id="8fa25e74-3a4a-4e68-b5d9-b8190ad01419" />
      <TestMethod codeBase="C:\Users\futiliter\Downloads\Telegram Desktop\Openbullet 1.4.4 Anomaly Modded Version\OpenBulletRecreation\OpenBullet.Core.Tests\bin\Debug\net9.0\OpenBullet.Core.Tests.dll" adapterTypeName="executor://xunit/VsTestRunner2/netcoreapp" className="OpenBullet.Core.Tests.Step4_ScriptParserTests" name="ParseScript_With_Sample_File_Should_Parse_Successfully" />
    </UnitTest>
    <UnitTest name="OpenBullet.Core.Tests.Step10_ValidationTests.ProxyPoolStatistics_Should_Initialize_With_Defaults" storage="c:\users\futiliter\downloads\telegram desktop\openbullet 1.4.4 anomaly modded version\openbulletrecreation\openbullet.core.tests\bin\debug\net9.0\openbullet.core.tests.dll" id="70dd8c06-ebcb-65a9-e522-74d74a16ea56">
      <Execution id="b2a502b7-7827-46a4-ad20-95b288e80ab5" />
      <TestMethod codeBase="C:\Users\futiliter\Downloads\Telegram Desktop\Openbullet 1.4.4 Anomaly Modded Version\OpenBulletRecreation\OpenBullet.Core.Tests\bin\Debug\net9.0\OpenBullet.Core.Tests.dll" adapterTypeName="executor://xunit/VsTestRunner2/netcoreapp" className="OpenBullet.Core.Tests.Step10_ValidationTests" name="ProxyPoolStatistics_Should_Initialize_With_Defaults" />
    </UnitTest>
    <UnitTest name="OpenBullet.Core.Tests.Step10_ProxyJobManagerTests.TestAllProxiesAsync_Should_Delegate_To_ProxyManager" storage="c:\users\futiliter\downloads\telegram desktop\openbullet 1.4.4 anomaly modded version\openbulletrecreation\openbullet.core.tests\bin\debug\net9.0\openbullet.core.tests.dll" id="a06acb67-9665-e4c5-2626-ca6b11b480cc">
      <Execution id="1253c605-8c7a-494c-bd78-ef8f1b340f5f" />
      <TestMethod codeBase="C:\Users\futiliter\Downloads\Telegram Desktop\Openbullet 1.4.4 Anomaly Modded Version\OpenBulletRecreation\OpenBullet.Core.Tests\bin\Debug\net9.0\OpenBullet.Core.Tests.dll" adapterTypeName="executor://xunit/VsTestRunner2/netcoreapp" className="OpenBullet.Core.Tests.Step10_ProxyJobManagerTests" name="TestAllProxiesAsync_Should_Delegate_To_ProxyManager" />
    </UnitTest>
    <UnitTest name="OpenBullet.Core.Tests.Step8_ValidationTests.KeyCheckCommand_Should_Validate_Basic_Instructions" storage="c:\users\futiliter\downloads\telegram desktop\openbullet 1.4.4 anomaly modded version\openbulletrecreation\openbullet.core.tests\bin\debug\net9.0\openbullet.core.tests.dll" id="7cb036e9-0990-131c-e57f-09ea387733ca">
      <Execution id="599c13fb-3980-4fe4-bea3-d6e78d64305a" />
      <TestMethod codeBase="C:\Users\futiliter\Downloads\Telegram Desktop\Openbullet 1.4.4 Anomaly Modded Version\OpenBulletRecreation\OpenBullet.Core.Tests\bin\Debug\net9.0\OpenBullet.Core.Tests.dll" adapterTypeName="executor://xunit/VsTestRunner2/netcoreapp" className="OpenBullet.Core.Tests.Step8_ValidationTests" name="KeyCheckCommand_Should_Validate_Basic_Instructions" />
    </UnitTest>
    <UnitTest name="OpenBullet.Core.Tests.Step10_ValidationTests.ProxyHealth_Enum_Should_Have_Expected_Values" storage="c:\users\futiliter\downloads\telegram desktop\openbullet 1.4.4 anomaly modded version\openbulletrecreation\openbullet.core.tests\bin\debug\net9.0\openbullet.core.tests.dll" id="c27cb696-e556-f9c6-f1f7-43cac6eeba30">
      <Execution id="eabf7a76-1e4a-4d12-b272-57efdb99f520" />
      <TestMethod codeBase="C:\Users\futiliter\Downloads\Telegram Desktop\Openbullet 1.4.4 Anomaly Modded Version\OpenBulletRecreation\OpenBullet.Core.Tests\bin\Debug\net9.0\OpenBullet.Core.Tests.dll" adapterTypeName="executor://xunit/VsTestRunner2/netcoreapp" className="OpenBullet.Core.Tests.Step10_ValidationTests" name="ProxyHealth_Enum_Should_Have_Expected_Values" />
    </UnitTest>
    <UnitTest name="OpenBullet.Core.Tests.Step8_KeyCheckerTests.EvaluateKeyChain_With_AND_Logic_Should_Fail_If_Any_Key_Fails" storage="c:\users\futiliter\downloads\telegram desktop\openbullet 1.4.4 anomaly modded version\openbulletrecreation\openbullet.core.tests\bin\debug\net9.0\openbullet.core.tests.dll" id="1a50e4af-d471-fe26-c769-7d2064bbba4e">
      <Execution id="f9966c28-6df7-4163-9360-d2766055ada9" />
      <TestMethod codeBase="C:\Users\futiliter\Downloads\Telegram Desktop\Openbullet 1.4.4 Anomaly Modded Version\OpenBulletRecreation\OpenBullet.Core.Tests\bin\Debug\net9.0\OpenBullet.Core.Tests.dll" adapterTypeName="executor://xunit/VsTestRunner2/netcoreapp" className="OpenBullet.Core.Tests.Step8_KeyCheckerTests" name="EvaluateKeyChain_With_AND_Logic_Should_Fail_If_Any_Key_Fails" />
    </UnitTest>
    <UnitTest name="OpenBullet.Core.Tests.Step8_KeyCheckerTests.EvaluateKey_With_Various_Conditions_Should_Work(condition: IsNumeric, sourceValue: &quot;123&quot;, targetValue: &quot;&quot;, expected: True)" storage="c:\users\futiliter\downloads\telegram desktop\openbullet 1.4.4 anomaly modded version\openbulletrecreation\openbullet.core.tests\bin\debug\net9.0\openbullet.core.tests.dll" id="ba4049e7-c1ea-8df8-fb97-bb3c3893784c">
      <Execution id="fa73fcdb-6e08-4863-b508-9271ceb44df4" />
      <TestMethod codeBase="C:\Users\futiliter\Downloads\Telegram Desktop\Openbullet 1.4.4 Anomaly Modded Version\OpenBulletRecreation\OpenBullet.Core.Tests\bin\Debug\net9.0\OpenBullet.Core.Tests.dll" adapterTypeName="executor://xunit/VsTestRunner2/netcoreapp" className="OpenBullet.Core.Tests.Step8_KeyCheckerTests" name="EvaluateKey_With_Various_Conditions_Should_Work" />
    </UnitTest>
    <UnitTest name="OpenBullet.Core.Tests.Step11_StorageServicesTests.ProxyStorage_ImportFromStrings_Should_Work" storage="c:\users\futiliter\downloads\telegram desktop\openbullet 1.4.4 anomaly modded version\openbulletrecreation\openbullet.core.tests\bin\debug\net9.0\openbullet.core.tests.dll" id="f30bd031-ed32-8395-a39c-d7b7d4504b3e">
      <Execution id="a7da184f-6776-4281-bd7f-9e0162d4fb9f" />
      <TestMethod codeBase="C:\Users\futiliter\Downloads\Telegram Desktop\Openbullet 1.4.4 Anomaly Modded Version\OpenBulletRecreation\OpenBullet.Core.Tests\bin\Debug\net9.0\OpenBullet.Core.Tests.dll" adapterTypeName="executor://xunit/VsTestRunner2/netcoreapp" className="OpenBullet.Core.Tests.Step11_StorageServicesTests" name="ProxyStorage_ImportFromStrings_Should_Work" />
    </UnitTest>
    <UnitTest name="OpenBullet.Core.Tests.Step1_CoreInterfacesTests.BotData_GetVariable_Should_Return_Default_For_Missing_Variable" storage="c:\users\futiliter\downloads\telegram desktop\openbullet 1.4.4 anomaly modded version\openbulletrecreation\openbullet.core.tests\bin\debug\net9.0\openbullet.core.tests.dll" id="b11da73d-2016-50bd-d9ec-e164cb7545ef">
      <Execution id="ea2fbc0c-50e5-4151-a330-6a4932f941c3" />
      <TestMethod codeBase="C:\Users\futiliter\Downloads\Telegram Desktop\Openbullet 1.4.4 Anomaly Modded Version\OpenBulletRecreation\OpenBullet.Core.Tests\bin\Debug\net9.0\OpenBullet.Core.Tests.dll" adapterTypeName="executor://xunit/VsTestRunner2/netcoreapp" className="OpenBullet.Core.Tests.Step1_CoreInterfacesTests" name="BotData_GetVariable_Should_Return_Default_For_Missing_Variable" />
    </UnitTest>
    <UnitTest name="OpenBullet.Core.Tests.Step5_VariableManagerTests.ClearVariables_Should_Clear_Correct_Scope" storage="c:\users\futiliter\downloads\telegram desktop\openbullet 1.4.4 anomaly modded version\openbulletrecreation\openbullet.core.tests\bin\debug\net9.0\openbullet.core.tests.dll" id="f61dd70b-8234-9807-059b-48baee7252f6">
      <Execution id="83f538af-370a-4e8f-aa22-bd13752297cc" />
      <TestMethod codeBase="C:\Users\futiliter\Downloads\Telegram Desktop\Openbullet 1.4.4 Anomaly Modded Version\OpenBulletRecreation\OpenBullet.Core.Tests\bin\Debug\net9.0\OpenBullet.Core.Tests.dll" adapterTypeName="executor://xunit/VsTestRunner2/netcoreapp" className="OpenBullet.Core.Tests.Step5_VariableManagerTests" name="ClearVariables_Should_Clear_Correct_Scope" />
    </UnitTest>
    <UnitTest name="OpenBullet.Core.Tests.Step3_ValidationTests.ConfigWarning_Types_Should_Be_Available(warningType: DeprecatedSetting)" storage="c:\users\futiliter\downloads\telegram desktop\openbullet 1.4.4 anomaly modded version\openbulletrecreation\openbullet.core.tests\bin\debug\net9.0\openbullet.core.tests.dll" id="26bedab0-c5b3-559f-3c77-2fda0cc5c09b">
      <Execution id="2b9f995f-1ff3-4eaa-9dc1-c18b0e598b5d" />
      <TestMethod codeBase="C:\Users\futiliter\Downloads\Telegram Desktop\Openbullet 1.4.4 Anomaly Modded Version\OpenBulletRecreation\OpenBullet.Core.Tests\bin\Debug\net9.0\OpenBullet.Core.Tests.dll" adapterTypeName="executor://xunit/VsTestRunner2/netcoreapp" className="OpenBullet.Core.Tests.Step3_ValidationTests" name="ConfigWarning_Types_Should_Be_Available" />
    </UnitTest>
    <UnitTest name="OpenBullet.Core.Tests.Step13_ConfigurationEditorTests.TokenizeScript_Should_Correctly_Identify_Token_Types(input: &quot;// This is a comment&quot;, expectedType: Comment, expectedValue: &quot;//&quot;)" storage="c:\users\futiliter\downloads\telegram desktop\openbullet 1.4.4 anomaly modded version\openbulletrecreation\openbullet.core.tests\bin\debug\net9.0\openbullet.core.tests.dll" id="2466cd22-3de2-c5c0-2f8b-72f3b60d19dd">
      <Execution id="fdd446c8-5000-45aa-a89f-6e340012a044" />
      <TestMethod codeBase="C:\Users\futiliter\Downloads\Telegram Desktop\Openbullet 1.4.4 Anomaly Modded Version\OpenBulletRecreation\OpenBullet.Core.Tests\bin\Debug\net9.0\OpenBullet.Core.Tests.dll" adapterTypeName="executor://xunit/VsTestRunner2/netcoreapp" className="OpenBullet.Core.Tests.Step13_ConfigurationEditorTests" name="TokenizeScript_Should_Correctly_Identify_Token_Types" />
    </UnitTest>
    <UnitTest name="OpenBullet.Core.Tests.Step10_ProxyExtensionsTests.ToDisplayString_Basic_Should_Format_Correctly(host: &quot;proxy.com&quot;, port: 8080, type: Http, username: &quot;&quot;, password: &quot;&quot;, includeCredentials: False, expected: &quot;http://proxy.com:8080&quot;)" storage="c:\users\futiliter\downloads\telegram desktop\openbullet 1.4.4 anomaly modded version\openbulletrecreation\openbullet.core.tests\bin\debug\net9.0\openbullet.core.tests.dll" id="7d943b5f-38f3-2662-b4d2-d8514c5fba1c">
      <Execution id="690b08aa-9fa0-40c8-925e-c0cac69e8827" />
      <TestMethod codeBase="C:\Users\futiliter\Downloads\Telegram Desktop\Openbullet 1.4.4 Anomaly Modded Version\OpenBulletRecreation\OpenBullet.Core.Tests\bin\Debug\net9.0\OpenBullet.Core.Tests.dll" adapterTypeName="executor://xunit/VsTestRunner2/netcoreapp" className="OpenBullet.Core.Tests.Step10_ProxyExtensionsTests" name="ToDisplayString_Basic_Should_Format_Correctly" />
    </UnitTest>
    <UnitTest name="OpenBullet.Core.Tests.Step8_KeyCheckerTests.EvaluateKey_With_LengthEqualTo_Condition_Should_Work(sourceValue: &quot;hello&quot;, targetLength: &quot;10&quot;, expected: False)" storage="c:\users\futiliter\downloads\telegram desktop\openbullet 1.4.4 anomaly modded version\openbulletrecreation\openbullet.core.tests\bin\debug\net9.0\openbullet.core.tests.dll" id="2077c7b8-8ea6-9e3f-6d14-0141e7591537">
      <Execution id="46ff3a49-0786-494d-a7e1-9e2830507038" />
      <TestMethod codeBase="C:\Users\futiliter\Downloads\Telegram Desktop\Openbullet 1.4.4 Anomaly Modded Version\OpenBulletRecreation\OpenBullet.Core.Tests\bin\Debug\net9.0\OpenBullet.Core.Tests.dll" adapterTypeName="executor://xunit/VsTestRunner2/netcoreapp" className="OpenBullet.Core.Tests.Step8_KeyCheckerTests" name="EvaluateKey_With_LengthEqualTo_Condition_Should_Work" />
    </UnitTest>
    <UnitTest name="OpenBullet.Core.Tests.Step10_ValidationTests.IProxyManager_Interface_Should_Be_Properly_Defined" storage="c:\users\futiliter\downloads\telegram desktop\openbullet 1.4.4 anomaly modded version\openbulletrecreation\openbullet.core.tests\bin\debug\net9.0\openbullet.core.tests.dll" id="155713e7-3918-2fc8-9853-a648eb8f7a52">
      <Execution id="23d296f2-0b5b-44b9-9a3a-0f10e4b41b79" />
      <TestMethod codeBase="C:\Users\futiliter\Downloads\Telegram Desktop\Openbullet 1.4.4 Anomaly Modded Version\OpenBulletRecreation\OpenBullet.Core.Tests\bin\Debug\net9.0\OpenBullet.Core.Tests.dll" adapterTypeName="executor://xunit/VsTestRunner2/netcoreapp" className="OpenBullet.Core.Tests.Step10_ValidationTests" name="IProxyManager_Interface_Should_Be_Properly_Defined" />
    </UnitTest>
    <UnitTest name="OpenBullet.Core.Tests.Step2_ValidationTests.HttpClientService_Can_Be_Created_Successfully" storage="c:\users\futiliter\downloads\telegram desktop\openbullet 1.4.4 anomaly modded version\openbulletrecreation\openbullet.core.tests\bin\debug\net9.0\openbullet.core.tests.dll" id="b5aa2381-514f-a1fe-f8d5-f31ff4006f78">
      <Execution id="fc89a4ea-e728-46f0-8e94-f7678673886b" />
      <TestMethod codeBase="C:\Users\futiliter\Downloads\Telegram Desktop\Openbullet 1.4.4 Anomaly Modded Version\OpenBulletRecreation\OpenBullet.Core.Tests\bin\Debug\net9.0\OpenBullet.Core.Tests.dll" adapterTypeName="executor://xunit/VsTestRunner2/netcoreapp" className="OpenBullet.Core.Tests.Step2_ValidationTests" name="HttpClientService_Can_Be_Created_Successfully" />
    </UnitTest>
    <UnitTest name="OpenBullet.Core.Tests.Step5_ValidationTests.VariableScope_Values_Should_Be_Distinct(scope: Local)" storage="c:\users\futiliter\downloads\telegram desktop\openbullet 1.4.4 anomaly modded version\openbulletrecreation\openbullet.core.tests\bin\debug\net9.0\openbullet.core.tests.dll" id="d9d45d9a-607c-56ed-7ec6-bb94e9d84a9d">
      <Execution id="30073435-3604-4695-8f38-22a6c0687c45" />
      <TestMethod codeBase="C:\Users\futiliter\Downloads\Telegram Desktop\Openbullet 1.4.4 Anomaly Modded Version\OpenBulletRecreation\OpenBullet.Core.Tests\bin\Debug\net9.0\OpenBullet.Core.Tests.dll" adapterTypeName="executor://xunit/VsTestRunner2/netcoreapp" className="OpenBullet.Core.Tests.Step5_ValidationTests" name="VariableScope_Values_Should_Be_Distinct" />
    </UnitTest>
    <UnitTest name="OpenBullet.Core.Tests.Step8_KeyCheckerTests.EvaluateKeyChains_With_Ban_Chain_Should_Set_Ban_Flag" storage="c:\users\futiliter\downloads\telegram desktop\openbullet 1.4.4 anomaly modded version\openbulletrecreation\openbullet.core.tests\bin\debug\net9.0\openbullet.core.tests.dll" id="69004bea-20b2-62dc-ad7c-7f2cf9934cd0">
      <Execution id="6093a65e-a629-404e-877e-9a567be7abc0" />
      <TestMethod codeBase="C:\Users\futiliter\Downloads\Telegram Desktop\Openbullet 1.4.4 Anomaly Modded Version\OpenBulletRecreation\OpenBullet.Core.Tests\bin\Debug\net9.0\OpenBullet.Core.Tests.dll" adapterTypeName="executor://xunit/VsTestRunner2/netcoreapp" className="OpenBullet.Core.Tests.Step8_KeyCheckerTests" name="EvaluateKeyChains_With_Ban_Chain_Should_Set_Ban_Flag" />
    </UnitTest>
    <UnitTest name="OpenBullet.Core.Tests.Step2_PerformanceTests.HttpClientService_CreateClient_Should_Be_Fast" storage="c:\users\futiliter\downloads\telegram desktop\openbullet 1.4.4 anomaly modded version\openbulletrecreation\openbullet.core.tests\bin\debug\net9.0\openbullet.core.tests.dll" id="efa2d2b1-571d-9300-3529-24461992b8c8">
      <Execution id="1acb6fba-b0f0-480b-8c95-ccb2a54ad5fa" />
      <TestMethod codeBase="C:\Users\futiliter\Downloads\Telegram Desktop\Openbullet 1.4.4 Anomaly Modded Version\OpenBulletRecreation\OpenBullet.Core.Tests\bin\Debug\net9.0\OpenBullet.Core.Tests.dll" adapterTypeName="executor://xunit/VsTestRunner2/netcoreapp" className="OpenBullet.Core.Tests.Step2_PerformanceTests" name="HttpClientService_CreateClient_Should_Be_Fast" />
    </UnitTest>
    <UnitTest name="OpenBullet.Core.Tests.Step8_ValidationTests.KeyCondition_String_Conversion_Should_Work(stringValue: &quot;IsEmpty&quot;, expectedCondition: IsEmpty)" storage="c:\users\futiliter\downloads\telegram desktop\openbullet 1.4.4 anomaly modded version\openbulletrecreation\openbullet.core.tests\bin\debug\net9.0\openbullet.core.tests.dll" id="19440ba8-0832-d404-fad2-6352246458f8">
      <Execution id="4373c590-500e-4954-9f27-a55b01387c8c" />
      <TestMethod codeBase="C:\Users\futiliter\Downloads\Telegram Desktop\Openbullet 1.4.4 Anomaly Modded Version\OpenBulletRecreation\OpenBullet.Core.Tests\bin\Debug\net9.0\OpenBullet.Core.Tests.dll" adapterTypeName="executor://xunit/VsTestRunner2/netcoreapp" className="OpenBullet.Core.Tests.Step8_ValidationTests" name="KeyCondition_String_Conversion_Should_Work" />
    </UnitTest>
    <UnitTest name="OpenBullet.Core.Tests.Step5_VariableManagerTests.GetVariable_Should_Convert_Types_When_Possible" storage="c:\users\futiliter\downloads\telegram desktop\openbullet 1.4.4 anomaly modded version\openbulletrecreation\openbullet.core.tests\bin\debug\net9.0\openbullet.core.tests.dll" id="5dac8f81-0700-2429-bb42-050981a458d2">
      <Execution id="ea893be5-e04d-491d-9fa8-128c39fa40c3" />
      <TestMethod codeBase="C:\Users\futiliter\Downloads\Telegram Desktop\Openbullet 1.4.4 Anomaly Modded Version\OpenBulletRecreation\OpenBullet.Core.Tests\bin\Debug\net9.0\OpenBullet.Core.Tests.dll" adapterTypeName="executor://xunit/VsTestRunner2/netcoreapp" className="OpenBullet.Core.Tests.Step5_VariableManagerTests" name="GetVariable_Should_Convert_Types_When_Possible" />
    </UnitTest>
    <UnitTest name="OpenBullet.Core.Tests.Step8_KeyCheckCommandTests.ExecuteAsync_Should_Handle_KeyChecker_Exception" storage="c:\users\futiliter\downloads\telegram desktop\openbullet 1.4.4 anomaly modded version\openbulletrecreation\openbullet.core.tests\bin\debug\net9.0\openbullet.core.tests.dll" id="8ec4083a-c238-1f89-ef48-d5590122f0b1">
      <Execution id="2b70abed-228d-4f26-ae2c-9b841eb15835" />
      <TestMethod codeBase="C:\Users\futiliter\Downloads\Telegram Desktop\Openbullet 1.4.4 Anomaly Modded Version\OpenBulletRecreation\OpenBullet.Core.Tests\bin\Debug\net9.0\OpenBullet.Core.Tests.dll" adapterTypeName="executor://xunit/VsTestRunner2/netcoreapp" className="OpenBullet.Core.Tests.Step8_KeyCheckCommandTests" name="ExecuteAsync_Should_Handle_KeyChecker_Exception" />
    </UnitTest>
    <UnitTest name="OpenBullet.Core.Tests.Step10_ProxyManagerTests.LoadProxiesFromListAsync_With_Invalid_Proxies_Should_Skip_Invalid_Ones" storage="c:\users\futiliter\downloads\telegram desktop\openbullet 1.4.4 anomaly modded version\openbulletrecreation\openbullet.core.tests\bin\debug\net9.0\openbullet.core.tests.dll" id="14a32241-5e94-0ce6-c8c3-c3e0dfa7a90e">
      <Execution id="330e6bfc-995c-4834-a5ad-a3004d578a49" />
      <TestMethod codeBase="C:\Users\futiliter\Downloads\Telegram Desktop\Openbullet 1.4.4 Anomaly Modded Version\OpenBulletRecreation\OpenBullet.Core.Tests\bin\Debug\net9.0\OpenBullet.Core.Tests.dll" adapterTypeName="executor://xunit/VsTestRunner2/netcoreapp" className="OpenBullet.Core.Tests.Step10_ProxyManagerTests" name="LoadProxiesFromListAsync_With_Invalid_Proxies_Should_Skip_Invalid_Ones" />
    </UnitTest>
    <UnitTest name="OpenBullet.Core.Tests.Step8_ValidationTests.KeyChainBuilder_Should_Create_Correct_Chains" storage="c:\users\futiliter\downloads\telegram desktop\openbullet 1.4.4 anomaly modded version\openbulletrecreation\openbullet.core.tests\bin\debug\net9.0\openbullet.core.tests.dll" id="386b167f-0e1b-f8b9-d988-a5bcb469c9e5">
      <Execution id="d9fc39fb-3a3b-468f-a8a2-13e5f30e350d" />
      <TestMethod codeBase="C:\Users\futiliter\Downloads\Telegram Desktop\Openbullet 1.4.4 Anomaly Modded Version\OpenBulletRecreation\OpenBullet.Core.Tests\bin\Debug\net9.0\OpenBullet.Core.Tests.dll" adapterTypeName="executor://xunit/VsTestRunner2/netcoreapp" className="OpenBullet.Core.Tests.Step8_ValidationTests" name="KeyChainBuilder_Should_Create_Correct_Chains" />
    </UnitTest>
    <UnitTest name="OpenBullet.Core.Tests.Step10_ProxyExtensionsTests.IsValid_Enhanced_Should_Validate_Correctly(host: &quot;proxy.com&quot;, port: 8080, type: Http, expectedValid: True)" storage="c:\users\futiliter\downloads\telegram desktop\openbullet 1.4.4 anomaly modded version\openbulletrecreation\openbullet.core.tests\bin\debug\net9.0\openbullet.core.tests.dll" id="9ff4b0c6-18bc-4620-6351-d7b5bd1c87e2">
      <Execution id="d1940dcb-02ee-42ad-bdaa-07fc675aa5a7" />
      <TestMethod codeBase="C:\Users\futiliter\Downloads\Telegram Desktop\Openbullet 1.4.4 Anomaly Modded Version\OpenBulletRecreation\OpenBullet.Core.Tests\bin\Debug\net9.0\OpenBullet.Core.Tests.dll" adapterTypeName="executor://xunit/VsTestRunner2/netcoreapp" className="OpenBullet.Core.Tests.Step10_ProxyExtensionsTests" name="IsValid_Enhanced_Should_Validate_Correctly" />
    </UnitTest>
    <UnitTest name="OpenBullet.Core.Tests.Step11_StorageServicesTests.ProxyStorage_Statistics_Should_Work" storage="c:\users\futiliter\downloads\telegram desktop\openbullet 1.4.4 anomaly modded version\openbulletrecreation\openbullet.core.tests\bin\debug\net9.0\openbullet.core.tests.dll" id="43bff7e6-8f1d-cfd8-005e-df60f6d291da">
      <Execution id="a11097cd-d0af-424a-b35b-4607f0c70398" />
      <TestMethod codeBase="C:\Users\futiliter\Downloads\Telegram Desktop\Openbullet 1.4.4 Anomaly Modded Version\OpenBulletRecreation\OpenBullet.Core.Tests\bin\Debug\net9.0\OpenBullet.Core.Tests.dll" adapterTypeName="executor://xunit/VsTestRunner2/netcoreapp" className="OpenBullet.Core.Tests.Step11_StorageServicesTests" name="ProxyStorage_Statistics_Should_Work" />
    </UnitTest>
    <UnitTest name="OpenBullet.Core.Tests.Step2_ValidationTests.ProxyInfo_Different_Configurations_Work(host: &quot;127.0.0.1&quot;, port: 8080, type: Http)" storage="c:\users\futiliter\downloads\telegram desktop\openbullet 1.4.4 anomaly modded version\openbulletrecreation\openbullet.core.tests\bin\debug\net9.0\openbullet.core.tests.dll" id="60331eaf-7aac-d9bb-4e26-ea9b5c7d1ccb">
      <Execution id="bed369eb-f580-4983-96a0-3be7e4546ca3" />
      <TestMethod codeBase="C:\Users\futiliter\Downloads\Telegram Desktop\Openbullet 1.4.4 Anomaly Modded Version\OpenBulletRecreation\OpenBullet.Core.Tests\bin\Debug\net9.0\OpenBullet.Core.Tests.dll" adapterTypeName="executor://xunit/VsTestRunner2/netcoreapp" className="OpenBullet.Core.Tests.Step2_ValidationTests" name="ProxyInfo_Different_Configurations_Work" />
    </UnitTest>
    <UnitTest name="OpenBullet.Core.Tests.Step10_ProxyExtensionsTests.ToDisplayString_Basic_Should_Format_Correctly(host: &quot;proxy.com&quot;, port: 8080, type: Http, username: &quot;user&quot;, password: &quot;pass&quot;, includeCredentials: False, expected: &quot;http://proxy.com:8080&quot;)" storage="c:\users\futiliter\downloads\telegram desktop\openbullet 1.4.4 anomaly modded version\openbulletrecreation\openbullet.core.tests\bin\debug\net9.0\openbullet.core.tests.dll" id="3a82ade8-05b1-2bf2-c256-246aab742935">
      <Execution id="37db156e-6068-4ee0-ae88-e2dff566a855" />
      <TestMethod codeBase="C:\Users\futiliter\Downloads\Telegram Desktop\Openbullet 1.4.4 Anomaly Modded Version\OpenBulletRecreation\OpenBullet.Core.Tests\bin\Debug\net9.0\OpenBullet.Core.Tests.dll" adapterTypeName="executor://xunit/VsTestRunner2/netcoreapp" className="OpenBullet.Core.Tests.Step10_ProxyExtensionsTests" name="ToDisplayString_Basic_Should_Format_Correctly" />
    </UnitTest>
    <UnitTest name="OpenBullet.Core.Tests.Step11_DatabaseContextTests.DatabaseContext_Should_Be_Created_Successfully" storage="c:\users\futiliter\downloads\telegram desktop\openbullet 1.4.4 anomaly modded version\openbulletrecreation\openbullet.core.tests\bin\debug\net9.0\openbullet.core.tests.dll" id="b9ed03d3-29c0-cbec-9b91-34fc0a4831ba">
      <Execution id="502d711f-3a54-47d4-b287-f9ec8af31b55" />
      <TestMethod codeBase="C:\Users\futiliter\Downloads\Telegram Desktop\Openbullet 1.4.4 Anomaly Modded Version\OpenBulletRecreation\OpenBullet.Core.Tests\bin\Debug\net9.0\OpenBullet.Core.Tests.dll" adapterTypeName="executor://xunit/VsTestRunner2/netcoreapp" className="OpenBullet.Core.Tests.Step11_DatabaseContextTests" name="DatabaseContext_Should_Be_Created_Successfully" />
    </UnitTest>
    <UnitTest name="OpenBullet.Core.Tests.Step9_JobManagerTests.GetJobStatus_With_Invalid_JobId_Should_Return_Failed_Status" storage="c:\users\futiliter\downloads\telegram desktop\openbullet 1.4.4 anomaly modded version\openbulletrecreation\openbullet.core.tests\bin\debug\net9.0\openbullet.core.tests.dll" id="7f895979-facc-1e37-a97f-3d7c9cedf66c">
      <Execution id="33497b67-0177-4958-9d7a-85f12f82dd2a" />
      <TestMethod codeBase="C:\Users\futiliter\Downloads\Telegram Desktop\Openbullet 1.4.4 Anomaly Modded Version\OpenBulletRecreation\OpenBullet.Core.Tests\bin\Debug\net9.0\OpenBullet.Core.Tests.dll" adapterTypeName="executor://xunit/VsTestRunner2/netcoreapp" className="OpenBullet.Core.Tests.Step9_JobManagerTests" name="GetJobStatus_With_Invalid_JobId_Should_Return_Failed_Status" />
    </UnitTest>
    <UnitTest name="OpenBullet.Core.Tests.Step2_HttpClientServiceTests.HttpClientConfiguration_Should_Initialize_With_Default_Values" storage="c:\users\futiliter\downloads\telegram desktop\openbullet 1.4.4 anomaly modded version\openbulletrecreation\openbullet.core.tests\bin\debug\net9.0\openbullet.core.tests.dll" id="adf46003-b603-4b55-0ce1-dcddadc61ed5">
      <Execution id="b56cc29c-ef50-46f5-9f57-ec6ea046b732" />
      <TestMethod codeBase="C:\Users\futiliter\Downloads\Telegram Desktop\Openbullet 1.4.4 Anomaly Modded Version\OpenBulletRecreation\OpenBullet.Core.Tests\bin\Debug\net9.0\OpenBullet.Core.Tests.dll" adapterTypeName="executor://xunit/VsTestRunner2/netcoreapp" className="OpenBullet.Core.Tests.Step2_HttpClientServiceTests" name="HttpClientConfiguration_Should_Initialize_With_Default_Values" />
    </UnitTest>
    <UnitTest name="OpenBullet.Core.Tests.Step9_BotRunnerTests.BotStatusExtensions_IsSuccess_Should_Work_Correctly(status: Custom, expectedIsSuccess: True)" storage="c:\users\futiliter\downloads\telegram desktop\openbullet 1.4.4 anomaly modded version\openbulletrecreation\openbullet.core.tests\bin\debug\net9.0\openbullet.core.tests.dll" id="854c2e11-fc55-b59c-4fea-c253010a4719">
      <Execution id="64a3822e-53de-474c-ae25-193c8f91bdf7" />
      <TestMethod codeBase="C:\Users\futiliter\Downloads\Telegram Desktop\Openbullet 1.4.4 Anomaly Modded Version\OpenBulletRecreation\OpenBullet.Core.Tests\bin\Debug\net9.0\OpenBullet.Core.Tests.dll" adapterTypeName="executor://xunit/VsTestRunner2/netcoreapp" className="OpenBullet.Core.Tests.Step9_BotRunnerTests" name="BotStatusExtensions_IsSuccess_Should_Work_Correctly" />
    </UnitTest>
    <UnitTest name="OpenBullet.Core.Tests.Step8_KeyCheckCommandTests.ValidateInstruction_Without_Success_Or_Failure_Chain_Should_Warn" storage="c:\users\futiliter\downloads\telegram desktop\openbullet 1.4.4 anomaly modded version\openbulletrecreation\openbullet.core.tests\bin\debug\net9.0\openbullet.core.tests.dll" id="a900c5ae-af96-11e9-9a1f-ef917b14ab4e">
      <Execution id="e32ea6b2-fefa-4471-ae8e-3548b1f7ce12" />
      <TestMethod codeBase="C:\Users\futiliter\Downloads\Telegram Desktop\Openbullet 1.4.4 Anomaly Modded Version\OpenBulletRecreation\OpenBullet.Core.Tests\bin\Debug\net9.0\OpenBullet.Core.Tests.dll" adapterTypeName="executor://xunit/VsTestRunner2/netcoreapp" className="OpenBullet.Core.Tests.Step8_KeyCheckCommandTests" name="ValidateInstruction_Without_Success_Or_Failure_Chain_Should_Warn" />
    </UnitTest>
    <UnitTest name="OpenBullet.Core.Tests.Step6_RequestCommandTests.ValidateInstruction_With_Variable_URL_Should_Pass" storage="c:\users\futiliter\downloads\telegram desktop\openbullet 1.4.4 anomaly modded version\openbulletrecreation\openbullet.core.tests\bin\debug\net9.0\openbullet.core.tests.dll" id="2a8bac4b-3b74-1bb0-cb77-122cd4634d7b">
      <Execution id="a7b418c0-17c5-483f-8cdf-c88d1a2ebb31" />
      <TestMethod codeBase="C:\Users\futiliter\Downloads\Telegram Desktop\Openbullet 1.4.4 Anomaly Modded Version\OpenBulletRecreation\OpenBullet.Core.Tests\bin\Debug\net9.0\OpenBullet.Core.Tests.dll" adapterTypeName="executor://xunit/VsTestRunner2/netcoreapp" className="OpenBullet.Core.Tests.Step6_RequestCommandTests" name="ValidateInstruction_With_Variable_URL_Should_Pass" />
    </UnitTest>
    <UnitTest name="OpenBullet.Core.Tests.Step5_VariableManagerTests.GetAllVariables_Should_Return_All_Variables_In_Scope" storage="c:\users\futiliter\downloads\telegram desktop\openbullet 1.4.4 anomaly modded version\openbulletrecreation\openbullet.core.tests\bin\debug\net9.0\openbullet.core.tests.dll" id="e232d3d2-9ebf-bc9f-5083-3b084a012bfd">
      <Execution id="f28336c9-825d-40e1-9f18-cd6fda8adcb5" />
      <TestMethod codeBase="C:\Users\futiliter\Downloads\Telegram Desktop\Openbullet 1.4.4 Anomaly Modded Version\OpenBulletRecreation\OpenBullet.Core.Tests\bin\Debug\net9.0\OpenBullet.Core.Tests.dll" adapterTypeName="executor://xunit/VsTestRunner2/netcoreapp" className="OpenBullet.Core.Tests.Step5_VariableManagerTests" name="GetAllVariables_Should_Return_All_Variables_In_Scope" />
    </UnitTest>
    <UnitTest name="OpenBullet.Core.Tests.Step10_ProxyExtensionsTests.IsValid_Basic_Should_Validate_Correctly(host: &quot;proxy.com&quot;, port: 8080, type: 999, expectedValid: False)" storage="c:\users\futiliter\downloads\telegram desktop\openbullet 1.4.4 anomaly modded version\openbulletrecreation\openbullet.core.tests\bin\debug\net9.0\openbullet.core.tests.dll" id="b7f79a42-f4a3-fffa-976a-b092e7689160">
      <Execution id="4852830b-0710-423c-b166-11859976b81d" />
      <TestMethod codeBase="C:\Users\futiliter\Downloads\Telegram Desktop\Openbullet 1.4.4 Anomaly Modded Version\OpenBulletRecreation\OpenBullet.Core.Tests\bin\Debug\net9.0\OpenBullet.Core.Tests.dll" adapterTypeName="executor://xunit/VsTestRunner2/netcoreapp" className="OpenBullet.Core.Tests.Step10_ProxyExtensionsTests" name="IsValid_Basic_Should_Validate_Correctly" />
    </UnitTest>
    <UnitTest name="OpenBullet.Core.Tests.Step8_KeyCheckCommandTests.ValidateInstruction_With_Valid_Statuses_Should_Pass(status: &quot;Ban&quot;)" storage="c:\users\futiliter\downloads\telegram desktop\openbullet 1.4.4 anomaly modded version\openbulletrecreation\openbullet.core.tests\bin\debug\net9.0\openbullet.core.tests.dll" id="4b769a2f-909d-8c49-c1d0-dbcc83ae0ec2">
      <Execution id="d4759ad4-8bc7-4a70-b578-1acb7f43c3e5" />
      <TestMethod codeBase="C:\Users\futiliter\Downloads\Telegram Desktop\Openbullet 1.4.4 Anomaly Modded Version\OpenBulletRecreation\OpenBullet.Core.Tests\bin\Debug\net9.0\OpenBullet.Core.Tests.dll" adapterTypeName="executor://xunit/VsTestRunner2/netcoreapp" className="OpenBullet.Core.Tests.Step8_KeyCheckCommandTests" name="ValidateInstruction_With_Valid_Statuses_Should_Pass" />
    </UnitTest>
    <UnitTest name="OpenBullet.Core.Tests.Step1_CoreInterfacesTests.ConfigModel_Should_Initialize_With_Default_Values" storage="c:\users\futiliter\downloads\telegram desktop\openbullet 1.4.4 anomaly modded version\openbulletrecreation\openbullet.core.tests\bin\debug\net9.0\openbullet.core.tests.dll" id="6230c944-3a6b-6066-21f3-414ed94e8dd4">
      <Execution id="1cfd3a45-6b99-4a42-aa84-1a15fa2506a0" />
      <TestMethod codeBase="C:\Users\futiliter\Downloads\Telegram Desktop\Openbullet 1.4.4 Anomaly Modded Version\OpenBulletRecreation\OpenBullet.Core.Tests\bin\Debug\net9.0\OpenBullet.Core.Tests.dll" adapterTypeName="executor://xunit/VsTestRunner2/netcoreapp" className="OpenBullet.Core.Tests.Step1_CoreInterfacesTests" name="ConfigModel_Should_Initialize_With_Default_Values" />
    </UnitTest>
    <UnitTest name="OpenBullet.Core.Tests.Step7_ValidationTests.JsonParser_Can_Be_Created" storage="c:\users\futiliter\downloads\telegram desktop\openbullet 1.4.4 anomaly modded version\openbulletrecreation\openbullet.core.tests\bin\debug\net9.0\openbullet.core.tests.dll" id="7d18e01f-fda1-45ea-1a90-ad48edda95a0">
      <Execution id="17f693ff-00c7-467a-bb76-5b9613d96f58" />
      <TestMethod codeBase="C:\Users\futiliter\Downloads\Telegram Desktop\Openbullet 1.4.4 Anomaly Modded Version\OpenBulletRecreation\OpenBullet.Core.Tests\bin\Debug\net9.0\OpenBullet.Core.Tests.dll" adapterTypeName="executor://xunit/VsTestRunner2/netcoreapp" className="OpenBullet.Core.Tests.Step7_ValidationTests" name="JsonParser_Can_Be_Created" />
    </UnitTest>
    <UnitTest name="OpenBullet.Core.Tests.Step2_ValidationTests.HttpClientService_TestProxyAsync_Handles_Invalid_Url" storage="c:\users\futiliter\downloads\telegram desktop\openbullet 1.4.4 anomaly modded version\openbulletrecreation\openbullet.core.tests\bin\debug\net9.0\openbullet.core.tests.dll" id="08639bf9-c531-6580-662b-57e861308682">
      <Execution id="a8e710b4-10cd-48b9-8676-87a49ef34680" />
      <TestMethod codeBase="C:\Users\futiliter\Downloads\Telegram Desktop\Openbullet 1.4.4 Anomaly Modded Version\OpenBulletRecreation\OpenBullet.Core.Tests\bin\Debug\net9.0\OpenBullet.Core.Tests.dll" adapterTypeName="executor://xunit/VsTestRunner2/netcoreapp" className="OpenBullet.Core.Tests.Step2_ValidationTests" name="HttpClientService_TestProxyAsync_Handles_Invalid_Url" />
    </UnitTest>
    <UnitTest name="OpenBullet.Core.Tests.Step5_VariableManagerTests.SetVariable_Should_Store_Variable_In_Global_Scope" storage="c:\users\futiliter\downloads\telegram desktop\openbullet 1.4.4 anomaly modded version\openbulletrecreation\openbullet.core.tests\bin\debug\net9.0\openbullet.core.tests.dll" id="eb154641-b684-c239-4cae-d8fffb9e3adb">
      <Execution id="bc3f7a48-7bef-44b6-9f73-4a229606c352" />
      <TestMethod codeBase="C:\Users\futiliter\Downloads\Telegram Desktop\Openbullet 1.4.4 Anomaly Modded Version\OpenBulletRecreation\OpenBullet.Core.Tests\bin\Debug\net9.0\OpenBullet.Core.Tests.dll" adapterTypeName="executor://xunit/VsTestRunner2/netcoreapp" className="OpenBullet.Core.Tests.Step5_VariableManagerTests" name="SetVariable_Should_Store_Variable_In_Global_Scope" />
    </UnitTest>
    <UnitTest name="OpenBullet.Core.Tests.Step9_ScriptEngineTests.GetExecutionStatistics_Should_Return_Current_Statistics" storage="c:\users\futiliter\downloads\telegram desktop\openbullet 1.4.4 anomaly modded version\openbulletrecreation\openbullet.core.tests\bin\debug\net9.0\openbullet.core.tests.dll" id="ccb6f917-0afc-c8e9-2e0a-1c6bbace4176">
      <Execution id="1d2d58d0-4b62-4ae9-aeae-b7668efcb3f6" />
      <TestMethod codeBase="C:\Users\futiliter\Downloads\Telegram Desktop\Openbullet 1.4.4 Anomaly Modded Version\OpenBulletRecreation\OpenBullet.Core.Tests\bin\Debug\net9.0\OpenBullet.Core.Tests.dll" adapterTypeName="executor://xunit/VsTestRunner2/netcoreapp" className="OpenBullet.Core.Tests.Step9_ScriptEngineTests" name="GetExecutionStatistics_Should_Return_Current_Statistics" />
    </UnitTest>
    <UnitTest name="OpenBullet.Core.Tests.Step4_ScriptParserTests.ParseLine_With_Various_Valid_Syntaxes_Should_Parse_Successfully(commandLine: &quot;PRINT Simple message&quot;)" storage="c:\users\futiliter\downloads\telegram desktop\openbullet 1.4.4 anomaly modded version\openbulletrecreation\openbullet.core.tests\bin\debug\net9.0\openbullet.core.tests.dll" id="3fe36f03-f9d7-0426-009c-ca02a330dd24">
      <Execution id="2a9adde2-d704-4d30-9ba9-fab6874b69e6" />
      <TestMethod codeBase="C:\Users\futiliter\Downloads\Telegram Desktop\Openbullet 1.4.4 Anomaly Modded Version\OpenBulletRecreation\OpenBullet.Core.Tests\bin\Debug\net9.0\OpenBullet.Core.Tests.dll" adapterTypeName="executor://xunit/VsTestRunner2/netcoreapp" className="OpenBullet.Core.Tests.Step4_ScriptParserTests" name="ParseLine_With_Various_Valid_Syntaxes_Should_Parse_Successfully" />
    </UnitTest>
    <UnitTest name="OpenBullet.Core.Tests.Step6_RequestCommandTests.ExecuteAsync_Should_Handle_Exception_In_Execution" storage="c:\users\futiliter\downloads\telegram desktop\openbullet 1.4.4 anomaly modded version\openbulletrecreation\openbullet.core.tests\bin\debug\net9.0\openbullet.core.tests.dll" id="3a80243f-c251-35f8-36e1-a377f21be188">
      <Execution id="f0d8cbd7-55e8-4ad9-ac5e-11cee8bc4ed6" />
      <TestMethod codeBase="C:\Users\futiliter\Downloads\Telegram Desktop\Openbullet 1.4.4 Anomaly Modded Version\OpenBulletRecreation\OpenBullet.Core.Tests\bin\Debug\net9.0\OpenBullet.Core.Tests.dll" adapterTypeName="executor://xunit/VsTestRunner2/netcoreapp" className="OpenBullet.Core.Tests.Step6_RequestCommandTests" name="ExecuteAsync_Should_Handle_Exception_In_Execution" />
    </UnitTest>
    <UnitTest name="OpenBullet.Core.Tests.Step5_ExecutionContextTests.Environment_Should_Have_Default_Values" storage="c:\users\futiliter\downloads\telegram desktop\openbullet 1.4.4 anomaly modded version\openbulletrecreation\openbullet.core.tests\bin\debug\net9.0\openbullet.core.tests.dll" id="ad837d44-9b5c-071d-fa95-e5ad060ec62c">
      <Execution id="43ca6278-b6e9-4234-a3dd-14d3ed572218" />
      <TestMethod codeBase="C:\Users\futiliter\Downloads\Telegram Desktop\Openbullet 1.4.4 Anomaly Modded Version\OpenBulletRecreation\OpenBullet.Core.Tests\bin\Debug\net9.0\OpenBullet.Core.Tests.dll" adapterTypeName="executor://xunit/VsTestRunner2/netcoreapp" className="OpenBullet.Core.Tests.Step5_ExecutionContextTests" name="Environment_Should_Have_Default_Values" />
    </UnitTest>
    <UnitTest name="OpenBullet.Core.Tests.Step6_CommandMetadataTests.ParameterType_Values_Should_Be_Available(parameterType: Variable)" storage="c:\users\futiliter\downloads\telegram desktop\openbullet 1.4.4 anomaly modded version\openbulletrecreation\openbullet.core.tests\bin\debug\net9.0\openbullet.core.tests.dll" id="26a1ebb9-acb1-d5f4-805c-f3326933a717">
      <Execution id="f7cb7521-1d5b-4322-92da-c453d7c50a47" />
      <TestMethod codeBase="C:\Users\futiliter\Downloads\Telegram Desktop\Openbullet 1.4.4 Anomaly Modded Version\OpenBulletRecreation\OpenBullet.Core.Tests\bin\Debug\net9.0\OpenBullet.Core.Tests.dll" adapterTypeName="executor://xunit/VsTestRunner2/netcoreapp" className="OpenBullet.Core.Tests.Step6_CommandMetadataTests" name="ParameterType_Values_Should_Be_Available" />
    </UnitTest>
    <UnitTest name="OpenBullet.Core.Tests.Step6_CommandFactoryTests.IsCommandRegistered_Should_Return_True_For_Existing_Command" storage="c:\users\futiliter\downloads\telegram desktop\openbullet 1.4.4 anomaly modded version\openbulletrecreation\openbullet.core.tests\bin\debug\net9.0\openbullet.core.tests.dll" id="806b0b68-10e1-528a-0aea-d5c057bbb4b7">
      <Execution id="0e25e3d1-b40f-4454-bdf5-71a9d2f09c1f" />
      <TestMethod codeBase="C:\Users\futiliter\Downloads\Telegram Desktop\Openbullet 1.4.4 Anomaly Modded Version\OpenBulletRecreation\OpenBullet.Core.Tests\bin\Debug\net9.0\OpenBullet.Core.Tests.dll" adapterTypeName="executor://xunit/VsTestRunner2/netcoreapp" className="OpenBullet.Core.Tests.Step6_CommandFactoryTests" name="IsCommandRegistered_Should_Return_True_For_Existing_Command" />
    </UnitTest>
    <UnitTest name="OpenBullet.Core.Tests.Step4_ScriptParserTests.ParseScript_With_Multiline_Command_Should_Handle_Continuations" storage="c:\users\futiliter\downloads\telegram desktop\openbullet 1.4.4 anomaly modded version\openbulletrecreation\openbullet.core.tests\bin\debug\net9.0\openbullet.core.tests.dll" id="eb0b7627-4699-008b-95fb-1c0144280973">
      <Execution id="9fdb76f9-f1fb-45f3-96f2-70aabee948a9" />
      <TestMethod codeBase="C:\Users\futiliter\Downloads\Telegram Desktop\Openbullet 1.4.4 Anomaly Modded Version\OpenBulletRecreation\OpenBullet.Core.Tests\bin\Debug\net9.0\OpenBullet.Core.Tests.dll" adapterTypeName="executor://xunit/VsTestRunner2/netcoreapp" className="OpenBullet.Core.Tests.Step4_ScriptParserTests" name="ParseScript_With_Multiline_Command_Should_Handle_Continuations" />
    </UnitTest>
    <UnitTest name="OpenBullet.Core.Tests.Step8_KeyCheckCommandTests.ExecuteAsync_With_Ban_KeyChain_Should_Set_Ban_Status_And_Flag" storage="c:\users\futiliter\downloads\telegram desktop\openbullet 1.4.4 anomaly modded version\openbulletrecreation\openbullet.core.tests\bin\debug\net9.0\openbullet.core.tests.dll" id="e7a3f082-4639-4818-058e-fa3d80b1eb8e">
      <Execution id="55155d56-bc45-4a40-ba1f-84b78c31aade" />
      <TestMethod codeBase="C:\Users\futiliter\Downloads\Telegram Desktop\Openbullet 1.4.4 Anomaly Modded Version\OpenBulletRecreation\OpenBullet.Core.Tests\bin\Debug\net9.0\OpenBullet.Core.Tests.dll" adapterTypeName="executor://xunit/VsTestRunner2/netcoreapp" className="OpenBullet.Core.Tests.Step8_KeyCheckCommandTests" name="ExecuteAsync_With_Ban_KeyChain_Should_Set_Ban_Status_And_Flag" />
    </UnitTest>
    <UnitTest name="OpenBullet.Core.Tests.Step11_DatabaseContextTests.Entity_Helper_Methods_Should_Work" storage="c:\users\futiliter\downloads\telegram desktop\openbullet 1.4.4 anomaly modded version\openbulletrecreation\openbullet.core.tests\bin\debug\net9.0\openbullet.core.tests.dll" id="d4d9c027-47a1-a10a-9f63-b44b4468c6e8">
      <Execution id="5b02696c-c300-4e80-8e56-6fb0d138c985" />
      <TestMethod codeBase="C:\Users\futiliter\Downloads\Telegram Desktop\Openbullet 1.4.4 Anomaly Modded Version\OpenBulletRecreation\OpenBullet.Core.Tests\bin\Debug\net9.0\OpenBullet.Core.Tests.dll" adapterTypeName="executor://xunit/VsTestRunner2/netcoreapp" className="OpenBullet.Core.Tests.Step11_DatabaseContextTests" name="Entity_Helper_Methods_Should_Work" />
    </UnitTest>
    <UnitTest name="OpenBullet.Core.Tests.Step7_ParseCommandTests.ExecuteAsync_With_LR_Parser_Should_Extract_Data" storage="c:\users\futiliter\downloads\telegram desktop\openbullet 1.4.4 anomaly modded version\openbulletrecreation\openbullet.core.tests\bin\debug\net9.0\openbullet.core.tests.dll" id="7b3bc551-c6d8-d80d-19e4-9e1a3d6c6e3b">
      <Execution id="f73660bc-ea79-4066-bc6e-948c70c37200" />
      <TestMethod codeBase="C:\Users\futiliter\Downloads\Telegram Desktop\Openbullet 1.4.4 Anomaly Modded Version\OpenBulletRecreation\OpenBullet.Core.Tests\bin\Debug\net9.0\OpenBullet.Core.Tests.dll" adapterTypeName="executor://xunit/VsTestRunner2/netcoreapp" className="OpenBullet.Core.Tests.Step7_ParseCommandTests" name="ExecuteAsync_With_LR_Parser_Should_Extract_Data" />
    </UnitTest>
    <UnitTest name="OpenBullet.Core.Tests.Step3_ConfigurationServiceTests.IsValidConfigFile_With_Missing_Sections_Should_Return_False" storage="c:\users\futiliter\downloads\telegram desktop\openbullet 1.4.4 anomaly modded version\openbulletrecreation\openbullet.core.tests\bin\debug\net9.0\openbullet.core.tests.dll" id="09c72b3b-1776-b2e2-797d-927aae6e376b">
      <Execution id="6742e788-6306-4cb9-9a69-c6b60e207263" />
      <TestMethod codeBase="C:\Users\futiliter\Downloads\Telegram Desktop\Openbullet 1.4.4 Anomaly Modded Version\OpenBulletRecreation\OpenBullet.Core.Tests\bin\Debug\net9.0\OpenBullet.Core.Tests.dll" adapterTypeName="executor://xunit/VsTestRunner2/netcoreapp" className="OpenBullet.Core.Tests.Step3_ConfigurationServiceTests" name="IsValidConfigFile_With_Missing_Sections_Should_Return_False" />
    </UnitTest>
    <UnitTest name="OpenBullet.Core.Tests.Step6_ValidationTests.RequestCommand_Should_Validate_HTTP_Methods_Correctly(method: &quot;PUT&quot;, shouldBeValid: True)" storage="c:\users\futiliter\downloads\telegram desktop\openbullet 1.4.4 anomaly modded version\openbulletrecreation\openbullet.core.tests\bin\debug\net9.0\openbullet.core.tests.dll" id="031f4611-6c10-0ee0-1514-cd11518d746e">
      <Execution id="11a49002-f11a-4e8a-b39b-f6aa1443f33c" />
      <TestMethod codeBase="C:\Users\futiliter\Downloads\Telegram Desktop\Openbullet 1.4.4 Anomaly Modded Version\OpenBulletRecreation\OpenBullet.Core.Tests\bin\Debug\net9.0\OpenBullet.Core.Tests.dll" adapterTypeName="executor://xunit/VsTestRunner2/netcoreapp" className="OpenBullet.Core.Tests.Step6_ValidationTests" name="RequestCommand_Should_Validate_HTTP_Methods_Correctly" />
    </UnitTest>
    <UnitTest name="OpenBullet.Core.Tests.Step10_ProxyExtensionsTests.ProxyTestResult_DetermineHealth_Should_Set_Health_Correctly(initialHealth: Unknown, successRate: 95, responseTimeMs: 11000, expectedHealth: Slow)" storage="c:\users\futiliter\downloads\telegram desktop\openbullet 1.4.4 anomaly modded version\openbulletrecreation\openbullet.core.tests\bin\debug\net9.0\openbullet.core.tests.dll" id="1d2ad80e-709f-dc9c-73ad-1102704985a8">
      <Execution id="e015eb5d-0141-46bd-a59c-697311eb4c0a" />
      <TestMethod codeBase="C:\Users\futiliter\Downloads\Telegram Desktop\Openbullet 1.4.4 Anomaly Modded Version\OpenBulletRecreation\OpenBullet.Core.Tests\bin\Debug\net9.0\OpenBullet.Core.Tests.dll" adapterTypeName="executor://xunit/VsTestRunner2/netcoreapp" className="OpenBullet.Core.Tests.Step10_ProxyExtensionsTests" name="ProxyTestResult_DetermineHealth_Should_Set_Health_Correctly" />
    </UnitTest>
    <UnitTest name="OpenBullet.Core.Tests.Step9_ScriptEngineTests.ExecuteAsync_Should_Update_Statistics" storage="c:\users\futiliter\downloads\telegram desktop\openbullet 1.4.4 anomaly modded version\openbulletrecreation\openbullet.core.tests\bin\debug\net9.0\openbullet.core.tests.dll" id="c37d6231-b9a7-d180-9c20-befdd74d7b32">
      <Execution id="8d5c48c7-5008-47d5-bf95-5504c79c43d4" />
      <TestMethod codeBase="C:\Users\futiliter\Downloads\Telegram Desktop\Openbullet 1.4.4 Anomaly Modded Version\OpenBulletRecreation\OpenBullet.Core.Tests\bin\Debug\net9.0\OpenBullet.Core.Tests.dll" adapterTypeName="executor://xunit/VsTestRunner2/netcoreapp" className="OpenBullet.Core.Tests.Step9_ScriptEngineTests" name="ExecuteAsync_Should_Update_Statistics" />
    </UnitTest>
    <UnitTest name="OpenBullet.Core.Tests.Step7_ParsersTests.ParserFactory_Should_Get_Parser_Info" storage="c:\users\futiliter\downloads\telegram desktop\openbullet 1.4.4 anomaly modded version\openbulletrecreation\openbullet.core.tests\bin\debug\net9.0\openbullet.core.tests.dll" id="b925204f-6c22-a7ea-8029-a3989df792c9">
      <Execution id="f659e9fa-37bc-418b-97b2-cb65078b77e9" />
      <TestMethod codeBase="C:\Users\futiliter\Downloads\Telegram Desktop\Openbullet 1.4.4 Anomaly Modded Version\OpenBulletRecreation\OpenBullet.Core.Tests\bin\Debug\net9.0\OpenBullet.Core.Tests.dll" adapterTypeName="executor://xunit/VsTestRunner2/netcoreapp" className="OpenBullet.Core.Tests.Step7_ParsersTests" name="ParserFactory_Should_Get_Parser_Info" />
    </UnitTest>
    <UnitTest name="OpenBullet.Core.Tests.Step11_StorageServicesTests.ProxyStorage_CRUD_Operations_Should_Work" storage="c:\users\futiliter\downloads\telegram desktop\openbullet 1.4.4 anomaly modded version\openbulletrecreation\openbullet.core.tests\bin\debug\net9.0\openbullet.core.tests.dll" id="b49a288a-4302-87c2-6b87-20c67d45cc74">
      <Execution id="91c1aa71-1549-449f-afeb-ddee6f769dc9" />
      <TestMethod codeBase="C:\Users\futiliter\Downloads\Telegram Desktop\Openbullet 1.4.4 Anomaly Modded Version\OpenBulletRecreation\OpenBullet.Core.Tests\bin\Debug\net9.0\OpenBullet.Core.Tests.dll" adapterTypeName="executor://xunit/VsTestRunner2/netcoreapp" className="OpenBullet.Core.Tests.Step11_StorageServicesTests" name="ProxyStorage_CRUD_Operations_Should_Work" />
    </UnitTest>
    <UnitTest name="OpenBullet.Core.Tests.Step6_RequestCommandTests.ExecuteAsync_With_Boolean_Parameters_Should_Apply_Settings" storage="c:\users\futiliter\downloads\telegram desktop\openbullet 1.4.4 anomaly modded version\openbulletrecreation\openbullet.core.tests\bin\debug\net9.0\openbullet.core.tests.dll" id="38aa4239-aa6d-02f3-d950-83295b66172c">
      <Execution id="d9ac37e0-482d-448a-8749-5695f5253756" />
      <TestMethod codeBase="C:\Users\futiliter\Downloads\Telegram Desktop\Openbullet 1.4.4 Anomaly Modded Version\OpenBulletRecreation\OpenBullet.Core.Tests\bin\Debug\net9.0\OpenBullet.Core.Tests.dll" adapterTypeName="executor://xunit/VsTestRunner2/netcoreapp" className="OpenBullet.Core.Tests.Step6_RequestCommandTests" name="ExecuteAsync_With_Boolean_Parameters_Should_Apply_Settings" />
    </UnitTest>
    <UnitTest name="OpenBullet.Core.Tests.Step10_ValidationTests.ProxyRotationStrategy_Enum_Should_Have_Expected_Values" storage="c:\users\futiliter\downloads\telegram desktop\openbullet 1.4.4 anomaly modded version\openbulletrecreation\openbullet.core.tests\bin\debug\net9.0\openbullet.core.tests.dll" id="5ae346f1-a0c3-8b90-657d-f519812b3409">
      <Execution id="5b36e6eb-26cb-4989-8586-a956b65180d4" />
      <TestMethod codeBase="C:\Users\futiliter\Downloads\Telegram Desktop\Openbullet 1.4.4 Anomaly Modded Version\OpenBulletRecreation\OpenBullet.Core.Tests\bin\Debug\net9.0\OpenBullet.Core.Tests.dll" adapterTypeName="executor://xunit/VsTestRunner2/netcoreapp" className="OpenBullet.Core.Tests.Step10_ValidationTests" name="ProxyRotationStrategy_Enum_Should_Have_Expected_Values" />
    </UnitTest>
    <UnitTest name="OpenBullet.Core.Tests.Step3_ConfigurationServiceTests.ParseConfigContent_With_Only_Settings_Should_Parse_Settings_Only" storage="c:\users\futiliter\downloads\telegram desktop\openbullet 1.4.4 anomaly modded version\openbulletrecreation\openbullet.core.tests\bin\debug\net9.0\openbullet.core.tests.dll" id="bc86c1a3-0267-a8a6-b652-31a800b7b5ec">
      <Execution id="a61262ed-0ba8-4513-ae38-aae8ab276284" />
      <TestMethod codeBase="C:\Users\futiliter\Downloads\Telegram Desktop\Openbullet 1.4.4 Anomaly Modded Version\OpenBulletRecreation\OpenBullet.Core.Tests\bin\Debug\net9.0\OpenBullet.Core.Tests.dll" adapterTypeName="executor://xunit/VsTestRunner2/netcoreapp" className="OpenBullet.Core.Tests.Step3_ConfigurationServiceTests" name="ParseConfigContent_With_Only_Settings_Should_Parse_Settings_Only" />
    </UnitTest>
    <UnitTest name="OpenBullet.Core.Tests.Step5_ValidationTests.VariableSnapshot_Should_Initialize_With_Defaults" storage="c:\users\futiliter\downloads\telegram desktop\openbullet 1.4.4 anomaly modded version\openbulletrecreation\openbullet.core.tests\bin\debug\net9.0\openbullet.core.tests.dll" id="ba7fadc5-f48f-2624-9b84-9796262151a7">
      <Execution id="9e276a9c-5e0a-46df-8a9d-5ffcceb180c9" />
      <TestMethod codeBase="C:\Users\futiliter\Downloads\Telegram Desktop\Openbullet 1.4.4 Anomaly Modded Version\OpenBulletRecreation\OpenBullet.Core.Tests\bin\Debug\net9.0\OpenBullet.Core.Tests.dll" adapterTypeName="executor://xunit/VsTestRunner2/netcoreapp" className="OpenBullet.Core.Tests.Step5_ValidationTests" name="VariableSnapshot_Should_Initialize_With_Defaults" />
    </UnitTest>
    <UnitTest name="OpenBullet.Core.Tests.Step6_CommandFactoryTests.RegisterCommand_Should_Throw_For_Invalid_Arguments" storage="c:\users\futiliter\downloads\telegram desktop\openbullet 1.4.4 anomaly modded version\openbulletrecreation\openbullet.core.tests\bin\debug\net9.0\openbullet.core.tests.dll" id="7f2157e0-1274-b50b-89f0-6d6bacb5ab7e">
      <Execution id="84dd7449-3945-45a6-ac0d-5682972dafbc" />
      <TestMethod codeBase="C:\Users\futiliter\Downloads\Telegram Desktop\Openbullet 1.4.4 Anomaly Modded Version\OpenBulletRecreation\OpenBullet.Core.Tests\bin\Debug\net9.0\OpenBullet.Core.Tests.dll" adapterTypeName="executor://xunit/VsTestRunner2/netcoreapp" className="OpenBullet.Core.Tests.Step6_CommandFactoryTests" name="RegisterCommand_Should_Throw_For_Invalid_Arguments" />
    </UnitTest>
    <UnitTest name="OpenBullet.Core.Tests.Step5_ExecutionContextTests.UpdateResponse_Should_Update_Response_Information" storage="c:\users\futiliter\downloads\telegram desktop\openbullet 1.4.4 anomaly modded version\openbulletrecreation\openbullet.core.tests\bin\debug\net9.0\openbullet.core.tests.dll" id="d4d794f0-1b0e-ef7a-a7b9-8331928e8697">
      <Execution id="78c7173e-be51-4d89-8e51-5cfe9a6a041a" />
      <TestMethod codeBase="C:\Users\futiliter\Downloads\Telegram Desktop\Openbullet 1.4.4 Anomaly Modded Version\OpenBulletRecreation\OpenBullet.Core.Tests\bin\Debug\net9.0\OpenBullet.Core.Tests.dll" adapterTypeName="executor://xunit/VsTestRunner2/netcoreapp" className="OpenBullet.Core.Tests.Step5_ExecutionContextTests" name="UpdateResponse_Should_Update_Response_Information" />
    </UnitTest>
    <UnitTest name="OpenBullet.Core.Tests.Step8_KeyCheckCommandTests.ExecuteAsync_With_Variable_Substitution_Should_Replace_Variables" storage="c:\users\futiliter\downloads\telegram desktop\openbullet 1.4.4 anomaly modded version\openbulletrecreation\openbullet.core.tests\bin\debug\net9.0\openbullet.core.tests.dll" id="049790dd-f998-36b9-b7dc-8f068106e753">
      <Execution id="75b26ee6-8ab8-4f23-8d11-2958a8165e9c" />
      <TestMethod codeBase="C:\Users\futiliter\Downloads\Telegram Desktop\Openbullet 1.4.4 Anomaly Modded Version\OpenBulletRecreation\OpenBullet.Core.Tests\bin\Debug\net9.0\OpenBullet.Core.Tests.dll" adapterTypeName="executor://xunit/VsTestRunner2/netcoreapp" className="OpenBullet.Core.Tests.Step8_KeyCheckCommandTests" name="ExecuteAsync_With_Variable_Substitution_Should_Replace_Variables" />
    </UnitTest>
    <UnitTest name="OpenBullet.Core.Tests.Step9_JobManagerTests.JobStatus_State_Properties_Should_Work_Correctly(state: Created, expectedIsRunning: False, expectedIsCompleted: False)" storage="c:\users\futiliter\downloads\telegram desktop\openbullet 1.4.4 anomaly modded version\openbulletrecreation\openbullet.core.tests\bin\debug\net9.0\openbullet.core.tests.dll" id="d0561565-ee31-c7cd-5bfa-1fc1a82e7d85">
      <Execution id="93b34c5d-ff97-49a3-9d60-e41413122cdd" />
      <TestMethod codeBase="C:\Users\futiliter\Downloads\Telegram Desktop\Openbullet 1.4.4 Anomaly Modded Version\OpenBulletRecreation\OpenBullet.Core.Tests\bin\Debug\net9.0\OpenBullet.Core.Tests.dll" adapterTypeName="executor://xunit/VsTestRunner2/netcoreapp" className="OpenBullet.Core.Tests.Step9_JobManagerTests" name="JobStatus_State_Properties_Should_Work_Correctly" />
    </UnitTest>
    <UnitTest name="OpenBullet.Core.Tests.Step7_ValidationTests.ParseResult_Should_Initialize_With_Defaults" storage="c:\users\futiliter\downloads\telegram desktop\openbullet 1.4.4 anomaly modded version\openbulletrecreation\openbullet.core.tests\bin\debug\net9.0\openbullet.core.tests.dll" id="34419e3d-a5cb-1c33-920f-0edc26280b69">
      <Execution id="6f96536e-47dd-40a5-bdb6-69d2ed2e5e7b" />
      <TestMethod codeBase="C:\Users\futiliter\Downloads\Telegram Desktop\Openbullet 1.4.4 Anomaly Modded Version\OpenBulletRecreation\OpenBullet.Core.Tests\bin\Debug\net9.0\OpenBullet.Core.Tests.dll" adapterTypeName="executor://xunit/VsTestRunner2/netcoreapp" className="OpenBullet.Core.Tests.Step7_ValidationTests" name="ParseResult_Should_Initialize_With_Defaults" />
    </UnitTest>
    <UnitTest name="OpenBullet.Core.Tests.Step6_RequestCommandTests.ExecuteAsync_With_HTTP_Error_Should_Handle_Gracefully" storage="c:\users\futiliter\downloads\telegram desktop\openbullet 1.4.4 anomaly modded version\openbulletrecreation\openbullet.core.tests\bin\debug\net9.0\openbullet.core.tests.dll" id="371ed3e7-f281-d637-7ed6-6d2e165a2d80">
      <Execution id="d4ae835a-58ee-4485-8d5b-884094b4d1f4" />
      <TestMethod codeBase="C:\Users\futiliter\Downloads\Telegram Desktop\Openbullet 1.4.4 Anomaly Modded Version\OpenBulletRecreation\OpenBullet.Core.Tests\bin\Debug\net9.0\OpenBullet.Core.Tests.dll" adapterTypeName="executor://xunit/VsTestRunner2/netcoreapp" className="OpenBullet.Core.Tests.Step6_RequestCommandTests" name="ExecuteAsync_With_HTTP_Error_Should_Handle_Gracefully" />
    </UnitTest>
    <UnitTest name="OpenBullet.Core.Tests.Step10_ProxyExtensionsTests.ProxyTestResult_DetermineHealth_Should_Set_Health_Correctly(initialHealth: Unknown, successRate: 50, responseTimeMs: 1000, expectedHealth: Dead)" storage="c:\users\futiliter\downloads\telegram desktop\openbullet 1.4.4 anomaly modded version\openbulletrecreation\openbullet.core.tests\bin\debug\net9.0\openbullet.core.tests.dll" id="17c36cf8-c30d-3bd8-48ea-2b46b6fe1593">
      <Execution id="40b8447f-d559-4eda-947c-c0739010b092" />
      <TestMethod codeBase="C:\Users\futiliter\Downloads\Telegram Desktop\Openbullet 1.4.4 Anomaly Modded Version\OpenBulletRecreation\OpenBullet.Core.Tests\bin\Debug\net9.0\OpenBullet.Core.Tests.dll" adapterTypeName="executor://xunit/VsTestRunner2/netcoreapp" className="OpenBullet.Core.Tests.Step10_ProxyExtensionsTests" name="ProxyTestResult_DetermineHealth_Should_Set_Health_Correctly" />
    </UnitTest>
    <UnitTest name="OpenBullet.Core.Tests.Step3_ValidationTests.ParseConfigContent_With_Valid_Json_Should_Work" storage="c:\users\futiliter\downloads\telegram desktop\openbullet 1.4.4 anomaly modded version\openbulletrecreation\openbullet.core.tests\bin\debug\net9.0\openbullet.core.tests.dll" id="9b3637a5-0ac7-9abf-3434-dcb55983e669">
      <Execution id="3097f075-3431-4fda-bbea-d2cc67f54a30" />
      <TestMethod codeBase="C:\Users\futiliter\Downloads\Telegram Desktop\Openbullet 1.4.4 Anomaly Modded Version\OpenBulletRecreation\OpenBullet.Core.Tests\bin\Debug\net9.0\OpenBullet.Core.Tests.dll" adapterTypeName="executor://xunit/VsTestRunner2/netcoreapp" className="OpenBullet.Core.Tests.Step3_ValidationTests" name="ParseConfigContent_With_Valid_Json_Should_Work" />
    </UnitTest>
    <UnitTest name="OpenBullet.Core.Tests.Step8_KeyCheckCommandTests.ValidateInstruction_With_Invalid_Logic_Should_Fail" storage="c:\users\futiliter\downloads\telegram desktop\openbullet 1.4.4 anomaly modded version\openbulletrecreation\openbullet.core.tests\bin\debug\net9.0\openbullet.core.tests.dll" id="3596496a-3bc3-a525-5a08-0ff104bdfce5">
      <Execution id="87731f8b-2f1a-4b43-94f2-e75396808952" />
      <TestMethod codeBase="C:\Users\futiliter\Downloads\Telegram Desktop\Openbullet 1.4.4 Anomaly Modded Version\OpenBulletRecreation\OpenBullet.Core.Tests\bin\Debug\net9.0\OpenBullet.Core.Tests.dll" adapterTypeName="executor://xunit/VsTestRunner2/netcoreapp" className="OpenBullet.Core.Tests.Step8_KeyCheckCommandTests" name="ValidateInstruction_With_Invalid_Logic_Should_Fail" />
    </UnitTest>
    <UnitTest name="OpenBullet.Core.Tests.Step9_ScriptEngineTests.ExecuteAsync_With_Single_Command_Should_Execute_Successfully" storage="c:\users\futiliter\downloads\telegram desktop\openbullet 1.4.4 anomaly modded version\openbulletrecreation\openbullet.core.tests\bin\debug\net9.0\openbullet.core.tests.dll" id="6f82ed4c-d22c-8609-af83-1d006d1b67cc">
      <Execution id="27a937f6-570b-42a2-be07-42dbc1e6a763" />
      <TestMethod codeBase="C:\Users\futiliter\Downloads\Telegram Desktop\Openbullet 1.4.4 Anomaly Modded Version\OpenBulletRecreation\OpenBullet.Core.Tests\bin\Debug\net9.0\OpenBullet.Core.Tests.dll" adapterTypeName="executor://xunit/VsTestRunner2/netcoreapp" className="OpenBullet.Core.Tests.Step9_ScriptEngineTests" name="ExecuteAsync_With_Single_Command_Should_Execute_Successfully" />
    </UnitTest>
    <UnitTest name="OpenBullet.Core.Tests.Step9_BotRunnerTests.BotResult_GetSummary_Should_Format_Correctly" storage="c:\users\futiliter\downloads\telegram desktop\openbullet 1.4.4 anomaly modded version\openbulletrecreation\openbullet.core.tests\bin\debug\net9.0\openbullet.core.tests.dll" id="ad7d3617-9e51-212a-aa4b-e19436558946">
      <Execution id="baf2448a-bff3-4366-bf73-2099e0a3794a" />
      <TestMethod codeBase="C:\Users\futiliter\Downloads\Telegram Desktop\Openbullet 1.4.4 Anomaly Modded Version\OpenBulletRecreation\OpenBullet.Core.Tests\bin\Debug\net9.0\OpenBullet.Core.Tests.dll" adapterTypeName="executor://xunit/VsTestRunner2/netcoreapp" className="OpenBullet.Core.Tests.Step9_BotRunnerTests" name="BotResult_GetSummary_Should_Format_Correctly" />
    </UnitTest>
    <UnitTest name="OpenBullet.Core.Tests.Step8_ValidationTests.KeyEvaluation_Should_Initialize_With_Defaults" storage="c:\users\futiliter\downloads\telegram desktop\openbullet 1.4.4 anomaly modded version\openbulletrecreation\openbullet.core.tests\bin\debug\net9.0\openbullet.core.tests.dll" id="e4109977-9f6a-f6ab-14f5-28a9fe271637">
      <Execution id="dc6b35cd-73d4-4414-a76d-2d7476eb4d96" />
      <TestMethod codeBase="C:\Users\futiliter\Downloads\Telegram Desktop\Openbullet 1.4.4 Anomaly Modded Version\OpenBulletRecreation\OpenBullet.Core.Tests\bin\Debug\net9.0\OpenBullet.Core.Tests.dll" adapterTypeName="executor://xunit/VsTestRunner2/netcoreapp" className="OpenBullet.Core.Tests.Step8_ValidationTests" name="KeyEvaluation_Should_Initialize_With_Defaults" />
    </UnitTest>
    <UnitTest name="OpenBullet.Core.Tests.Step8_KeyCheckerTests.EvaluateKeyChains_With_No_Matches_Should_Return_Failure" storage="c:\users\futiliter\downloads\telegram desktop\openbullet 1.4.4 anomaly modded version\openbulletrecreation\openbullet.core.tests\bin\debug\net9.0\openbullet.core.tests.dll" id="0464fe04-123d-b0a6-fc7d-8710fecf4204">
      <Execution id="14202739-9856-4279-ad81-7794cb0daac4" />
      <TestMethod codeBase="C:\Users\futiliter\Downloads\Telegram Desktop\Openbullet 1.4.4 Anomaly Modded Version\OpenBulletRecreation\OpenBullet.Core.Tests\bin\Debug\net9.0\OpenBullet.Core.Tests.dll" adapterTypeName="executor://xunit/VsTestRunner2/netcoreapp" className="OpenBullet.Core.Tests.Step8_KeyCheckerTests" name="EvaluateKeyChains_With_No_Matches_Should_Return_Failure" />
    </UnitTest>
    <UnitTest name="OpenBullet.Core.Tests.Step8_KeyCheckCommandTests.ExecuteAsync_With_Custom_Status_Should_Set_Custom_Status" storage="c:\users\futiliter\downloads\telegram desktop\openbullet 1.4.4 anomaly modded version\openbulletrecreation\openbullet.core.tests\bin\debug\net9.0\openbullet.core.tests.dll" id="92ff88e1-6513-fdca-b4a4-e8da67c017bd">
      <Execution id="8232ccbd-6cbf-4fdd-8304-5927eed3f48b" />
      <TestMethod codeBase="C:\Users\futiliter\Downloads\Telegram Desktop\Openbullet 1.4.4 Anomaly Modded Version\OpenBulletRecreation\OpenBullet.Core.Tests\bin\Debug\net9.0\OpenBullet.Core.Tests.dll" adapterTypeName="executor://xunit/VsTestRunner2/netcoreapp" className="OpenBullet.Core.Tests.Step8_KeyCheckCommandTests" name="ExecuteAsync_With_Custom_Status_Should_Set_Custom_Status" />
    </UnitTest>
    <UnitTest name="OpenBullet.Core.Tests.Step7_ValidationTests.Helper_Classes_Should_Provide_Useful_Constants" storage="c:\users\futiliter\downloads\telegram desktop\openbullet 1.4.4 anomaly modded version\openbulletrecreation\openbullet.core.tests\bin\debug\net9.0\openbullet.core.tests.dll" id="4e6d7725-b42d-851c-183a-48e1203c982e">
      <Execution id="01915f72-0eee-42bf-9dfd-cb7d947c423e" />
      <TestMethod codeBase="C:\Users\futiliter\Downloads\Telegram Desktop\Openbullet 1.4.4 Anomaly Modded Version\OpenBulletRecreation\OpenBullet.Core.Tests\bin\Debug\net9.0\OpenBullet.Core.Tests.dll" adapterTypeName="executor://xunit/VsTestRunner2/netcoreapp" className="OpenBullet.Core.Tests.Step7_ValidationTests" name="Helper_Classes_Should_Provide_Useful_Constants" />
    </UnitTest>
    <UnitTest name="OpenBullet.Core.Tests.Step5_ValidationTests.VariableManager_Should_Handle_Type_Conversion" storage="c:\users\futiliter\downloads\telegram desktop\openbullet 1.4.4 anomaly modded version\openbulletrecreation\openbullet.core.tests\bin\debug\net9.0\openbullet.core.tests.dll" id="b338dead-9aa7-3cc1-9f40-49db236d3077">
      <Execution id="55c6047d-5a28-44cd-8f68-48f90d9c9648" />
      <TestMethod codeBase="C:\Users\futiliter\Downloads\Telegram Desktop\Openbullet 1.4.4 Anomaly Modded Version\OpenBulletRecreation\OpenBullet.Core.Tests\bin\Debug\net9.0\OpenBullet.Core.Tests.dll" adapterTypeName="executor://xunit/VsTestRunner2/netcoreapp" className="OpenBullet.Core.Tests.Step5_ValidationTests" name="VariableManager_Should_Handle_Type_Conversion" />
    </UnitTest>
    <UnitTest name="OpenBullet.Core.Tests.Step10_ProxyJobManagerTests.ProxyStrategy_Enum_Should_Have_All_Values(strategy: OnePerBot)" storage="c:\users\futiliter\downloads\telegram desktop\openbullet 1.4.4 anomaly modded version\openbulletrecreation\openbullet.core.tests\bin\debug\net9.0\openbullet.core.tests.dll" id="fa754ee4-6335-18f8-ad23-ad109cfac3e6">
      <Execution id="0a06cdb4-df9d-44fb-9953-fdd35c3c3868" />
      <TestMethod codeBase="C:\Users\futiliter\Downloads\Telegram Desktop\Openbullet 1.4.4 Anomaly Modded Version\OpenBulletRecreation\OpenBullet.Core.Tests\bin\Debug\net9.0\OpenBullet.Core.Tests.dll" adapterTypeName="executor://xunit/VsTestRunner2/netcoreapp" className="OpenBullet.Core.Tests.Step10_ProxyJobManagerTests" name="ProxyStrategy_Enum_Should_Have_All_Values" />
    </UnitTest>
    <UnitTest name="OpenBullet.Core.Tests.Step11_DatabaseManagerTests.Database_Should_Handle_Error_Conditions_Gracefully" storage="c:\users\futiliter\downloads\telegram desktop\openbullet 1.4.4 anomaly modded version\openbulletrecreation\openbullet.core.tests\bin\debug\net9.0\openbullet.core.tests.dll" id="c0bc4827-1b37-d872-95b9-37fd566dcf1e">
      <Execution id="95d8d07e-64c5-4fd7-907e-90a9e7a89329" />
      <TestMethod codeBase="C:\Users\futiliter\Downloads\Telegram Desktop\Openbullet 1.4.4 Anomaly Modded Version\OpenBulletRecreation\OpenBullet.Core.Tests\bin\Debug\net9.0\OpenBullet.Core.Tests.dll" adapterTypeName="executor://xunit/VsTestRunner2/netcoreapp" className="OpenBullet.Core.Tests.Step11_DatabaseManagerTests" name="Database_Should_Handle_Error_Conditions_Gracefully" />
    </UnitTest>
    <UnitTest name="OpenBullet.Core.Tests.Step6_RequestCommandTests.ExecuteAsync_With_Variable_Substitution_Should_Replace_Variables" storage="c:\users\futiliter\downloads\telegram desktop\openbullet 1.4.4 anomaly modded version\openbulletrecreation\openbullet.core.tests\bin\debug\net9.0\openbullet.core.tests.dll" id="eff3823d-67bb-e3fd-7bfa-c8a90f1a20e9">
      <Execution id="6cc3cb99-9d22-4b64-addb-2447bb966319" />
      <TestMethod codeBase="C:\Users\futiliter\Downloads\Telegram Desktop\Openbullet 1.4.4 Anomaly Modded Version\OpenBulletRecreation\OpenBullet.Core.Tests\bin\Debug\net9.0\OpenBullet.Core.Tests.dll" adapterTypeName="executor://xunit/VsTestRunner2/netcoreapp" className="OpenBullet.Core.Tests.Step6_RequestCommandTests" name="ExecuteAsync_With_Variable_Substitution_Should_Replace_Variables" />
    </UnitTest>
    <UnitTest name="OpenBullet.Core.Tests.Step9_BotRunnerTests.BotStatusExtensions_ShouldRetry_Should_Work_Correctly(status: Ban, expectedShouldRetry: True)" storage="c:\users\futiliter\downloads\telegram desktop\openbullet 1.4.4 anomaly modded version\openbulletrecreation\openbullet.core.tests\bin\debug\net9.0\openbullet.core.tests.dll" id="17b4d046-34da-ef52-b033-96a4ee01538c">
      <Execution id="74ccb1af-51e4-4ee3-875e-56dba7a483d8" />
      <TestMethod codeBase="C:\Users\futiliter\Downloads\Telegram Desktop\Openbullet 1.4.4 Anomaly Modded Version\OpenBulletRecreation\OpenBullet.Core.Tests\bin\Debug\net9.0\OpenBullet.Core.Tests.dll" adapterTypeName="executor://xunit/VsTestRunner2/netcoreapp" className="OpenBullet.Core.Tests.Step9_BotRunnerTests" name="BotStatusExtensions_ShouldRetry_Should_Work_Correctly" />
    </UnitTest>
    <UnitTest name="OpenBullet.Core.Tests.Step7_ValidationTests.ParserFactory_Extensions_Should_Work" storage="c:\users\futiliter\downloads\telegram desktop\openbullet 1.4.4 anomaly modded version\openbulletrecreation\openbullet.core.tests\bin\debug\net9.0\openbullet.core.tests.dll" id="3307fdc9-fb25-b9ca-a392-1171a2521b40">
      <Execution id="e7b22c13-f03e-4045-9d2e-ca1f1eeae1fc" />
      <TestMethod codeBase="C:\Users\futiliter\Downloads\Telegram Desktop\Openbullet 1.4.4 Anomaly Modded Version\OpenBulletRecreation\OpenBullet.Core.Tests\bin\Debug\net9.0\OpenBullet.Core.Tests.dll" adapterTypeName="executor://xunit/VsTestRunner2/netcoreapp" className="OpenBullet.Core.Tests.Step7_ValidationTests" name="ParserFactory_Extensions_Should_Work" />
    </UnitTest>
    <UnitTest name="OpenBullet.Core.Tests.Step7_ParseCommandTests.ExecuteAsync_With_Prefix_And_Suffix_Should_Apply_Formatting" storage="c:\users\futiliter\downloads\telegram desktop\openbullet 1.4.4 anomaly modded version\openbulletrecreation\openbullet.core.tests\bin\debug\net9.0\openbullet.core.tests.dll" id="84f56336-4c18-0047-4c36-ab96ff1deee8">
      <Execution id="98247df7-1ee6-4cc4-bf08-e9b7ddae1fe9" />
      <TestMethod codeBase="C:\Users\futiliter\Downloads\Telegram Desktop\Openbullet 1.4.4 Anomaly Modded Version\OpenBulletRecreation\OpenBullet.Core.Tests\bin\Debug\net9.0\OpenBullet.Core.Tests.dll" adapterTypeName="executor://xunit/VsTestRunner2/netcoreapp" className="OpenBullet.Core.Tests.Step7_ParseCommandTests" name="ExecuteAsync_With_Prefix_And_Suffix_Should_Apply_Formatting" />
    </UnitTest>
    <UnitTest name="OpenBullet.Core.Tests.Step10_ProxyManagerTests.UnbanProxyAsync_Should_Unban_Proxy_Successfully" storage="c:\users\futiliter\downloads\telegram desktop\openbullet 1.4.4 anomaly modded version\openbulletrecreation\openbullet.core.tests\bin\debug\net9.0\openbullet.core.tests.dll" id="3cfdf99c-5764-561c-7f5a-e67ddfdfa416">
      <Execution id="117ba26a-10fe-40e0-8fec-26cbeb27d440" />
      <TestMethod codeBase="C:\Users\futiliter\Downloads\Telegram Desktop\Openbullet 1.4.4 Anomaly Modded Version\OpenBulletRecreation\OpenBullet.Core.Tests\bin\Debug\net9.0\OpenBullet.Core.Tests.dll" adapterTypeName="executor://xunit/VsTestRunner2/netcoreapp" className="OpenBullet.Core.Tests.Step10_ProxyManagerTests" name="UnbanProxyAsync_Should_Unban_Proxy_Successfully" />
    </UnitTest>
    <UnitTest name="OpenBullet.Core.Tests.Step8_ValidationTests.KeyChainLogic_Enum_Should_Have_Expected_Values" storage="c:\users\futiliter\downloads\telegram desktop\openbullet 1.4.4 anomaly modded version\openbulletrecreation\openbullet.core.tests\bin\debug\net9.0\openbullet.core.tests.dll" id="4a99c0c5-efb6-9150-d90b-3b85dba74328">
      <Execution id="ac3c7e68-f95b-444e-815b-885e84165867" />
      <TestMethod codeBase="C:\Users\futiliter\Downloads\Telegram Desktop\Openbullet 1.4.4 Anomaly Modded Version\OpenBulletRecreation\OpenBullet.Core.Tests\bin\Debug\net9.0\OpenBullet.Core.Tests.dll" adapterTypeName="executor://xunit/VsTestRunner2/netcoreapp" className="OpenBullet.Core.Tests.Step8_ValidationTests" name="KeyChainLogic_Enum_Should_Have_Expected_Values" />
    </UnitTest>
    <UnitTest name="OpenBullet.Core.Tests.Step6_RequestCommandTests.ExecuteAsync_With_POST_And_Content_Should_Work" storage="c:\users\futiliter\downloads\telegram desktop\openbullet 1.4.4 anomaly modded version\openbulletrecreation\openbullet.core.tests\bin\debug\net9.0\openbullet.core.tests.dll" id="bd87cf7b-2d41-5f5b-dcd9-91eec5d4fdfb">
      <Execution id="8e36abc0-c032-4a50-a9fc-cb1685389887" />
      <TestMethod codeBase="C:\Users\futiliter\Downloads\Telegram Desktop\Openbullet 1.4.4 Anomaly Modded Version\OpenBulletRecreation\OpenBullet.Core.Tests\bin\Debug\net9.0\OpenBullet.Core.Tests.dll" adapterTypeName="executor://xunit/VsTestRunner2/netcoreapp" className="OpenBullet.Core.Tests.Step6_RequestCommandTests" name="ExecuteAsync_With_POST_And_Content_Should_Work" />
    </UnitTest>
    <UnitTest name="OpenBullet.Core.Tests.Step7_ValidationTests.Step7TestHelpers_Should_Create_Valid_Objects" storage="c:\users\futiliter\downloads\telegram desktop\openbullet 1.4.4 anomaly modded version\openbulletrecreation\openbullet.core.tests\bin\debug\net9.0\openbullet.core.tests.dll" id="20d80969-97f3-ba83-0cb8-74bab683898b">
      <Execution id="ae84e2c7-35d4-4dbd-b9ba-a9583b9f6ea9" />
      <TestMethod codeBase="C:\Users\futiliter\Downloads\Telegram Desktop\Openbullet 1.4.4 Anomaly Modded Version\OpenBulletRecreation\OpenBullet.Core.Tests\bin\Debug\net9.0\OpenBullet.Core.Tests.dll" adapterTypeName="executor://xunit/VsTestRunner2/netcoreapp" className="OpenBullet.Core.Tests.Step7_ValidationTests" name="Step7TestHelpers_Should_Create_Valid_Objects" />
    </UnitTest>
    <UnitTest name="OpenBullet.Core.Tests.Step9_BotRunnerTests.RunAsync_Should_Include_HTTP_Metadata_When_Available" storage="c:\users\futiliter\downloads\telegram desktop\openbullet 1.4.4 anomaly modded version\openbulletrecreation\openbullet.core.tests\bin\debug\net9.0\openbullet.core.tests.dll" id="412e1369-0d1f-4b77-b3f7-471d77440365">
      <Execution id="60f112c6-9a47-4755-8983-dcab60c924e2" />
      <TestMethod codeBase="C:\Users\futiliter\Downloads\Telegram Desktop\Openbullet 1.4.4 Anomaly Modded Version\OpenBulletRecreation\OpenBullet.Core.Tests\bin\Debug\net9.0\OpenBullet.Core.Tests.dll" adapterTypeName="executor://xunit/VsTestRunner2/netcoreapp" className="OpenBullet.Core.Tests.Step9_BotRunnerTests" name="RunAsync_Should_Include_HTTP_Metadata_When_Available" />
    </UnitTest>
    <UnitTest name="OpenBullet.Core.Tests.Step10_ProxyManagerTests.ProxyInfo_Clone_Should_Create_Copy" storage="c:\users\futiliter\downloads\telegram desktop\openbullet 1.4.4 anomaly modded version\openbulletrecreation\openbullet.core.tests\bin\debug\net9.0\openbullet.core.tests.dll" id="79cbd560-f1c0-9d7b-ce54-dff3fc84d9f5">
      <Execution id="20c02c51-e1e2-4364-8a19-1c20cb94d27f" />
      <TestMethod codeBase="C:\Users\futiliter\Downloads\Telegram Desktop\Openbullet 1.4.4 Anomaly Modded Version\OpenBulletRecreation\OpenBullet.Core.Tests\bin\Debug\net9.0\OpenBullet.Core.Tests.dll" adapterTypeName="executor://xunit/VsTestRunner2/netcoreapp" className="OpenBullet.Core.Tests.Step10_ProxyManagerTests" name="ProxyInfo_Clone_Should_Create_Copy" />
    </UnitTest>
    <UnitTest name="OpenBullet.Core.Tests.Step8_KeyCheckCommandTests.ValidateInstruction_With_Valid_Logic_Should_Pass(logic: &quot;OR&quot;)" storage="c:\users\futiliter\downloads\telegram desktop\openbullet 1.4.4 anomaly modded version\openbulletrecreation\openbullet.core.tests\bin\debug\net9.0\openbullet.core.tests.dll" id="10f8ce04-97e6-87e3-9327-132a63c98c19">
      <Execution id="960150de-9562-4869-ac0b-c47466a523c8" />
      <TestMethod codeBase="C:\Users\futiliter\Downloads\Telegram Desktop\Openbullet 1.4.4 Anomaly Modded Version\OpenBulletRecreation\OpenBullet.Core.Tests\bin\Debug\net9.0\OpenBullet.Core.Tests.dll" adapterTypeName="executor://xunit/VsTestRunner2/netcoreapp" className="OpenBullet.Core.Tests.Step8_KeyCheckCommandTests" name="ValidateInstruction_With_Valid_Logic_Should_Pass" />
    </UnitTest>
    <UnitTest name="OpenBullet.Core.Tests.Step13_ConfigurationEditorTests.HighlightSyntax_Should_Return_Formatted_Text" storage="c:\users\futiliter\downloads\telegram desktop\openbullet 1.4.4 anomaly modded version\openbulletrecreation\openbullet.core.tests\bin\debug\net9.0\openbullet.core.tests.dll" id="cbc5d3ae-5829-1449-624c-6d92a4b75d75">
      <Execution id="4ae42134-3a2f-4f68-ad50-782c56302f25" />
      <TestMethod codeBase="C:\Users\futiliter\Downloads\Telegram Desktop\Openbullet 1.4.4 Anomaly Modded Version\OpenBulletRecreation\OpenBullet.Core.Tests\bin\Debug\net9.0\OpenBullet.Core.Tests.dll" adapterTypeName="executor://xunit/VsTestRunner2/netcoreapp" className="OpenBullet.Core.Tests.Step13_ConfigurationEditorTests" name="HighlightSyntax_Should_Return_Formatted_Text" />
    </UnitTest>
    <UnitTest name="OpenBullet.Core.Tests.Step4_ScriptParserTests.ParseScript_With_Labels_Should_Extract_Labels" storage="c:\users\futiliter\downloads\telegram desktop\openbullet 1.4.4 anomaly modded version\openbulletrecreation\openbullet.core.tests\bin\debug\net9.0\openbullet.core.tests.dll" id="603f8525-3144-8c25-b1e8-b8f1a3e0e48f">
      <Execution id="28c82f86-b771-43e5-90b3-e5cada1b707a" />
      <TestMethod codeBase="C:\Users\futiliter\Downloads\Telegram Desktop\Openbullet 1.4.4 Anomaly Modded Version\OpenBulletRecreation\OpenBullet.Core.Tests\bin\Debug\net9.0\OpenBullet.Core.Tests.dll" adapterTypeName="executor://xunit/VsTestRunner2/netcoreapp" className="OpenBullet.Core.Tests.Step4_ScriptParserTests" name="ParseScript_With_Labels_Should_Extract_Labels" />
    </UnitTest>
    <UnitTest name="OpenBullet.Core.Tests.Step5_ExecutionContextTests.Headers_Should_Be_Modifiable" storage="c:\users\futiliter\downloads\telegram desktop\openbullet 1.4.4 anomaly modded version\openbulletrecreation\openbullet.core.tests\bin\debug\net9.0\openbullet.core.tests.dll" id="81872351-39d7-9f52-5b39-c96360b33df7">
      <Execution id="8bb3d485-04cf-4359-81f3-4c721d9e5394" />
      <TestMethod codeBase="C:\Users\futiliter\Downloads\Telegram Desktop\Openbullet 1.4.4 Anomaly Modded Version\OpenBulletRecreation\OpenBullet.Core.Tests\bin\Debug\net9.0\OpenBullet.Core.Tests.dll" adapterTypeName="executor://xunit/VsTestRunner2/netcoreapp" className="OpenBullet.Core.Tests.Step5_ExecutionContextTests" name="Headers_Should_Be_Modifiable" />
    </UnitTest>
    <UnitTest name="OpenBullet.Core.Tests.Step11_StorageServicesTests.JobStorage_CRUD_Operations_Should_Work" storage="c:\users\futiliter\downloads\telegram desktop\openbullet 1.4.4 anomaly modded version\openbulletrecreation\openbullet.core.tests\bin\debug\net9.0\openbullet.core.tests.dll" id="6fe19468-9078-fdbb-8d8e-ff6241d8c333">
      <Execution id="3e2d078a-16f0-47ca-9153-b97e95b0d1d0" />
      <TestMethod codeBase="C:\Users\futiliter\Downloads\Telegram Desktop\Openbullet 1.4.4 Anomaly Modded Version\OpenBulletRecreation\OpenBullet.Core.Tests\bin\Debug\net9.0\OpenBullet.Core.Tests.dll" adapterTypeName="executor://xunit/VsTestRunner2/netcoreapp" className="OpenBullet.Core.Tests.Step11_StorageServicesTests" name="JobStorage_CRUD_Operations_Should_Work" />
    </UnitTest>
    <UnitTest name="OpenBullet.Core.Tests.Step3_ConfigurationServiceTests.SaveAndLoad_RoundTrip_Should_Preserve_Data" storage="c:\users\futiliter\downloads\telegram desktop\openbullet 1.4.4 anomaly modded version\openbulletrecreation\openbullet.core.tests\bin\debug\net9.0\openbullet.core.tests.dll" id="5f4162bb-a67f-e693-874c-4ccaaf503550">
      <Execution id="2054d529-65db-412b-948b-ea861407e813" />
      <TestMethod codeBase="C:\Users\futiliter\Downloads\Telegram Desktop\Openbullet 1.4.4 Anomaly Modded Version\OpenBulletRecreation\OpenBullet.Core.Tests\bin\Debug\net9.0\OpenBullet.Core.Tests.dll" adapterTypeName="executor://xunit/VsTestRunner2/netcoreapp" className="OpenBullet.Core.Tests.Step3_ConfigurationServiceTests" name="SaveAndLoad_RoundTrip_Should_Preserve_Data" />
    </UnitTest>
    <UnitTest name="OpenBullet.Core.Tests.Step11_ValidationTests.All_Interfaces_Should_Be_Properly_Defined" storage="c:\users\futiliter\downloads\telegram desktop\openbullet 1.4.4 anomaly modded version\openbulletrecreation\openbullet.core.tests\bin\debug\net9.0\openbullet.core.tests.dll" id="5d27011e-c720-366b-67ce-e0b756ab4acb">
      <Execution id="af29af83-703e-4dd7-a5d7-5b910b9d395f" />
      <TestMethod codeBase="C:\Users\futiliter\Downloads\Telegram Desktop\Openbullet 1.4.4 Anomaly Modded Version\OpenBulletRecreation\OpenBullet.Core.Tests\bin\Debug\net9.0\OpenBullet.Core.Tests.dll" adapterTypeName="executor://xunit/VsTestRunner2/netcoreapp" className="OpenBullet.Core.Tests.Step11_ValidationTests" name="All_Interfaces_Should_Be_Properly_Defined" />
    </UnitTest>
    <UnitTest name="OpenBullet.Core.Tests.Step6_CommandFactoryTests.RegisterCommandMetadata_Should_Store_Metadata" storage="c:\users\futiliter\downloads\telegram desktop\openbullet 1.4.4 anomaly modded version\openbulletrecreation\openbullet.core.tests\bin\debug\net9.0\openbullet.core.tests.dll" id="66d0d83e-9d9a-2c87-e4da-cffad12fb9c4">
      <Execution id="3645456e-d2c8-4e78-b7c2-b7b62dbefbc1" />
      <TestMethod codeBase="C:\Users\futiliter\Downloads\Telegram Desktop\Openbullet 1.4.4 Anomaly Modded Version\OpenBulletRecreation\OpenBullet.Core.Tests\bin\Debug\net9.0\OpenBullet.Core.Tests.dll" adapterTypeName="executor://xunit/VsTestRunner2/netcoreapp" className="OpenBullet.Core.Tests.Step6_CommandFactoryTests" name="RegisterCommandMetadata_Should_Store_Metadata" />
    </UnitTest>
    <UnitTest name="OpenBullet.Core.Tests.Step9_BotRunnerTests.BotStatusExtensions_IsSuccess_Should_Work_Correctly(status: Success, expectedIsSuccess: True)" storage="c:\users\futiliter\downloads\telegram desktop\openbullet 1.4.4 anomaly modded version\openbulletrecreation\openbullet.core.tests\bin\debug\net9.0\openbullet.core.tests.dll" id="8abb1709-3b90-39ce-9f33-e3bcbffe3f6e">
      <Execution id="a92dd921-9021-4f39-ab57-019b67146208" />
      <TestMethod codeBase="C:\Users\futiliter\Downloads\Telegram Desktop\Openbullet 1.4.4 Anomaly Modded Version\OpenBulletRecreation\OpenBullet.Core.Tests\bin\Debug\net9.0\OpenBullet.Core.Tests.dll" adapterTypeName="executor://xunit/VsTestRunner2/netcoreapp" className="OpenBullet.Core.Tests.Step9_BotRunnerTests" name="BotStatusExtensions_IsSuccess_Should_Work_Correctly" />
    </UnitTest>
    <UnitTest name="OpenBullet.Core.Tests.Step10_ProxyJobManagerTests.ProxyJobConfiguration_Constructor_From_Base_Should_Copy_Properties" storage="c:\users\futiliter\downloads\telegram desktop\openbullet 1.4.4 anomaly modded version\openbulletrecreation\openbullet.core.tests\bin\debug\net9.0\openbullet.core.tests.dll" id="7b6bd507-2c89-2620-9f91-cf3bef38ad85">
      <Execution id="594fe194-8e3f-4e71-a875-daea7e769c16" />
      <TestMethod codeBase="C:\Users\futiliter\Downloads\Telegram Desktop\Openbullet 1.4.4 Anomaly Modded Version\OpenBulletRecreation\OpenBullet.Core.Tests\bin\Debug\net9.0\OpenBullet.Core.Tests.dll" adapterTypeName="executor://xunit/VsTestRunner2/netcoreapp" className="OpenBullet.Core.Tests.Step10_ProxyJobManagerTests" name="ProxyJobConfiguration_Constructor_From_Base_Should_Copy_Properties" />
    </UnitTest>
    <UnitTest name="OpenBullet.Core.Tests.Step9_JobManagerTests.ClearJobDataAsync_Should_Remove_Job_Data" storage="c:\users\futiliter\downloads\telegram desktop\openbullet 1.4.4 anomaly modded version\openbulletrecreation\openbullet.core.tests\bin\debug\net9.0\openbullet.core.tests.dll" id="910b19da-9613-6ca1-671f-e69c622df3fd">
      <Execution id="3967a6aa-6161-47bb-862b-619f0540b406" />
      <TestMethod codeBase="C:\Users\futiliter\Downloads\Telegram Desktop\Openbullet 1.4.4 Anomaly Modded Version\OpenBulletRecreation\OpenBullet.Core.Tests\bin\Debug\net9.0\OpenBullet.Core.Tests.dll" adapterTypeName="executor://xunit/VsTestRunner2/netcoreapp" className="OpenBullet.Core.Tests.Step9_JobManagerTests" name="ClearJobDataAsync_Should_Remove_Job_Data" />
    </UnitTest>
    <UnitTest name="OpenBullet.Core.Tests.Step6_RequestCommandTests.RequestCommand_Should_Have_Correct_Properties" storage="c:\users\futiliter\downloads\telegram desktop\openbullet 1.4.4 anomaly modded version\openbulletrecreation\openbullet.core.tests\bin\debug\net9.0\openbullet.core.tests.dll" id="35db3489-1339-187f-3945-f37489cd9d75">
      <Execution id="60c2054d-8835-468f-a4d9-9b80341570dd" />
      <TestMethod codeBase="C:\Users\futiliter\Downloads\Telegram Desktop\Openbullet 1.4.4 Anomaly Modded Version\OpenBulletRecreation\OpenBullet.Core.Tests\bin\Debug\net9.0\OpenBullet.Core.Tests.dll" adapterTypeName="executor://xunit/VsTestRunner2/netcoreapp" className="OpenBullet.Core.Tests.Step6_RequestCommandTests" name="RequestCommand_Should_Have_Correct_Properties" />
    </UnitTest>
    <UnitTest name="OpenBullet.Core.Tests.Step10_ProxyExtensionsTests.ToDisplayString_Enhanced_Should_Format_Correctly(host: &quot;proxy.com&quot;, port: 8080, type: Http, username: &quot;user&quot;, password: &quot;pass&quot;, includeCredentials: True, expected: &quot;http://user:pass@proxy.com:8080&quot;)" storage="c:\users\futiliter\downloads\telegram desktop\openbullet 1.4.4 anomaly modded version\openbulletrecreation\openbullet.core.tests\bin\debug\net9.0\openbullet.core.tests.dll" id="958b504b-2a83-54b2-1c2e-20f1f8cfdf26">
      <Execution id="eeab7286-4ac3-43ad-9490-c1ecaeb3941e" />
      <TestMethod codeBase="C:\Users\futiliter\Downloads\Telegram Desktop\Openbullet 1.4.4 Anomaly Modded Version\OpenBulletRecreation\OpenBullet.Core.Tests\bin\Debug\net9.0\OpenBullet.Core.Tests.dll" adapterTypeName="executor://xunit/VsTestRunner2/netcoreapp" className="OpenBullet.Core.Tests.Step10_ProxyExtensionsTests" name="ToDisplayString_Enhanced_Should_Format_Correctly" />
    </UnitTest>
    <UnitTest name="OpenBullet.Core.Tests.Step5_VariableManagerTests.VariableChanged_Event_Should_Be_Fired" storage="c:\users\futiliter\downloads\telegram desktop\openbullet 1.4.4 anomaly modded version\openbulletrecreation\openbullet.core.tests\bin\debug\net9.0\openbullet.core.tests.dll" id="06ce39cc-ded1-5d01-5cd3-13c77270f64c">
      <Execution id="ae1cafb2-0b04-469e-a11e-f861a874201b" />
      <TestMethod codeBase="C:\Users\futiliter\Downloads\Telegram Desktop\Openbullet 1.4.4 Anomaly Modded Version\OpenBulletRecreation\OpenBullet.Core.Tests\bin\Debug\net9.0\OpenBullet.Core.Tests.dll" adapterTypeName="executor://xunit/VsTestRunner2/netcoreapp" className="OpenBullet.Core.Tests.Step5_VariableManagerTests" name="VariableChanged_Event_Should_Be_Fired" />
    </UnitTest>
    <UnitTest name="OpenBullet.Core.Tests.Step4_ScriptParserTests.ParseLine_With_Non_Command_Lines_Should_Return_Null(line: &quot;\t\t&quot;)" storage="c:\users\futiliter\downloads\telegram desktop\openbullet 1.4.4 anomaly modded version\openbulletrecreation\openbullet.core.tests\bin\debug\net9.0\openbullet.core.tests.dll" id="4122c05c-2989-1749-f5bf-5002046ffebb">
      <Execution id="d89c7d1a-cfaf-4ec8-a30f-15ba5390fb1c" />
      <TestMethod codeBase="C:\Users\futiliter\Downloads\Telegram Desktop\Openbullet 1.4.4 Anomaly Modded Version\OpenBulletRecreation\OpenBullet.Core.Tests\bin\Debug\net9.0\OpenBullet.Core.Tests.dll" adapterTypeName="executor://xunit/VsTestRunner2/netcoreapp" className="OpenBullet.Core.Tests.Step4_ScriptParserTests" name="ParseLine_With_Non_Command_Lines_Should_Return_Null" />
    </UnitTest>
    <UnitTest name="OpenBullet.Core.Tests.Step10_ProxyJobManagerTests.ClearJobDataAsync_Should_Clean_Up_Proxy_Data" storage="c:\users\futiliter\downloads\telegram desktop\openbullet 1.4.4 anomaly modded version\openbulletrecreation\openbullet.core.tests\bin\debug\net9.0\openbullet.core.tests.dll" id="bbb52020-ae6c-5369-bef5-3501d9414b9c">
      <Execution id="7f61e2cf-2789-4976-8523-d14a03ac19d5" />
      <TestMethod codeBase="C:\Users\futiliter\Downloads\Telegram Desktop\Openbullet 1.4.4 Anomaly Modded Version\OpenBulletRecreation\OpenBullet.Core.Tests\bin\Debug\net9.0\OpenBullet.Core.Tests.dll" adapterTypeName="executor://xunit/VsTestRunner2/netcoreapp" className="OpenBullet.Core.Tests.Step10_ProxyJobManagerTests" name="ClearJobDataAsync_Should_Clean_Up_Proxy_Data" />
    </UnitTest>
    <UnitTest name="OpenBullet.Core.Tests.Step7_ParseCommandTests.ValidateInstruction_With_Unavailable_Parser_Type_Should_Fail" storage="c:\users\futiliter\downloads\telegram desktop\openbullet 1.4.4 anomaly modded version\openbulletrecreation\openbullet.core.tests\bin\debug\net9.0\openbullet.core.tests.dll" id="ba238646-2cc2-f804-288d-23baf293138f">
      <Execution id="5991db97-7c5a-4f67-9479-6cf966d1b203" />
      <TestMethod codeBase="C:\Users\futiliter\Downloads\Telegram Desktop\Openbullet 1.4.4 Anomaly Modded Version\OpenBulletRecreation\OpenBullet.Core.Tests\bin\Debug\net9.0\OpenBullet.Core.Tests.dll" adapterTypeName="executor://xunit/VsTestRunner2/netcoreapp" className="OpenBullet.Core.Tests.Step7_ParseCommandTests" name="ValidateInstruction_With_Unavailable_Parser_Type_Should_Fail" />
    </UnitTest>
    <UnitTest name="OpenBullet.Core.Tests.Step9_BotRunnerTests.BotStatusExtensions_IsSuccess_Should_Work_Correctly(status: Retry, expectedIsSuccess: False)" storage="c:\users\futiliter\downloads\telegram desktop\openbullet 1.4.4 anomaly modded version\openbulletrecreation\openbullet.core.tests\bin\debug\net9.0\openbullet.core.tests.dll" id="fa901325-c92d-1494-9e5f-e9a9c839be56">
      <Execution id="b316d8ce-774e-458e-83a9-a69addbf78ce" />
      <TestMethod codeBase="C:\Users\futiliter\Downloads\Telegram Desktop\Openbullet 1.4.4 Anomaly Modded Version\OpenBulletRecreation\OpenBullet.Core.Tests\bin\Debug\net9.0\OpenBullet.Core.Tests.dll" adapterTypeName="executor://xunit/VsTestRunner2/netcoreapp" className="OpenBullet.Core.Tests.Step9_BotRunnerTests" name="BotStatusExtensions_IsSuccess_Should_Work_Correctly" />
    </UnitTest>
    <UnitTest name="OpenBullet.Core.Tests.Step2_HttpClientServiceTests.GetAsync_Extension_Should_Work" storage="c:\users\futiliter\downloads\telegram desktop\openbullet 1.4.4 anomaly modded version\openbulletrecreation\openbullet.core.tests\bin\debug\net9.0\openbullet.core.tests.dll" id="fb2a4cdb-8129-5d66-bdd6-df0621c93bb8">
      <Execution id="6c5165a4-3538-4f18-b0c1-da191fe63c1a" />
      <TestMethod codeBase="C:\Users\futiliter\Downloads\Telegram Desktop\Openbullet 1.4.4 Anomaly Modded Version\OpenBulletRecreation\OpenBullet.Core.Tests\bin\Debug\net9.0\OpenBullet.Core.Tests.dll" adapterTypeName="executor://xunit/VsTestRunner2/netcoreapp" className="OpenBullet.Core.Tests.Step2_HttpClientServiceTests" name="GetAsync_Extension_Should_Work" />
    </UnitTest>
    <UnitTest name="OpenBullet.Core.Tests.Step13_CoreServicesTests.AutoCompletionProvider_Should_Handle_Empty_Context" storage="c:\users\futiliter\downloads\telegram desktop\openbullet 1.4.4 anomaly modded version\openbulletrecreation\openbullet.core.tests\bin\debug\net9.0\openbullet.core.tests.dll" id="d491557e-4e6e-da32-295b-c0fe96f5f2d5">
      <Execution id="455b035f-e34b-4c09-bbed-34318a55193b" />
      <TestMethod codeBase="C:\Users\futiliter\Downloads\Telegram Desktop\Openbullet 1.4.4 Anomaly Modded Version\OpenBulletRecreation\OpenBullet.Core.Tests\bin\Debug\net9.0\OpenBullet.Core.Tests.dll" adapterTypeName="executor://xunit/VsTestRunner2/netcoreapp" className="OpenBullet.Core.Tests.Step13_CoreServicesTests" name="AutoCompletionProvider_Should_Handle_Empty_Context" />
    </UnitTest>
    <UnitTest name="OpenBullet.Core.Tests.Step11_DatabaseContextTests.Entity_Relationships_Should_Work" storage="c:\users\futiliter\downloads\telegram desktop\openbullet 1.4.4 anomaly modded version\openbulletrecreation\openbullet.core.tests\bin\debug\net9.0\openbullet.core.tests.dll" id="10fbf7f8-50cd-de3f-abbd-348125a0454b">
      <Execution id="910cfba1-7ac5-4584-9f81-7a89dd05f4c7" />
      <TestMethod codeBase="C:\Users\futiliter\Downloads\Telegram Desktop\Openbullet 1.4.4 Anomaly Modded Version\OpenBulletRecreation\OpenBullet.Core.Tests\bin\Debug\net9.0\OpenBullet.Core.Tests.dll" adapterTypeName="executor://xunit/VsTestRunner2/netcoreapp" className="OpenBullet.Core.Tests.Step11_DatabaseContextTests" name="Entity_Relationships_Should_Work" />
    </UnitTest>
    <UnitTest name="OpenBullet.Core.Tests.Step6_CommandFactoryTests.Case_Insensitive_Operations_Should_Work" storage="c:\users\futiliter\downloads\telegram desktop\openbullet 1.4.4 anomaly modded version\openbulletrecreation\openbullet.core.tests\bin\debug\net9.0\openbullet.core.tests.dll" id="86e05743-b101-27c6-61bc-f81733f335a7">
      <Execution id="521d191b-1e5a-41ac-bda8-2e28c70f3436" />
      <TestMethod codeBase="C:\Users\futiliter\Downloads\Telegram Desktop\Openbullet 1.4.4 Anomaly Modded Version\OpenBulletRecreation\OpenBullet.Core.Tests\bin\Debug\net9.0\OpenBullet.Core.Tests.dll" adapterTypeName="executor://xunit/VsTestRunner2/netcoreapp" className="OpenBullet.Core.Tests.Step6_CommandFactoryTests" name="Case_Insensitive_Operations_Should_Work" />
    </UnitTest>
    <UnitTest name="OpenBullet.Core.Tests.Step6_CommandFactoryTests.GetCommandMetadata_Should_Return_Null_For_Invalid_Input" storage="c:\users\futiliter\downloads\telegram desktop\openbullet 1.4.4 anomaly modded version\openbulletrecreation\openbullet.core.tests\bin\debug\net9.0\openbullet.core.tests.dll" id="15059a8f-bdb4-b57e-f601-5d0021636754">
      <Execution id="c526f1ec-e01e-4231-bc4b-e45f0b6d0299" />
      <TestMethod codeBase="C:\Users\futiliter\Downloads\Telegram Desktop\Openbullet 1.4.4 Anomaly Modded Version\OpenBulletRecreation\OpenBullet.Core.Tests\bin\Debug\net9.0\OpenBullet.Core.Tests.dll" adapterTypeName="executor://xunit/VsTestRunner2/netcoreapp" className="OpenBullet.Core.Tests.Step6_CommandFactoryTests" name="GetCommandMetadata_Should_Return_Null_For_Invalid_Input" />
    </UnitTest>
    <UnitTest name="OpenBullet.Core.Tests.Step8_KeyCheckerTests.EvaluateKey_With_Captured_Data_Reference_Should_Work" storage="c:\users\futiliter\downloads\telegram desktop\openbullet 1.4.4 anomaly modded version\openbulletrecreation\openbullet.core.tests\bin\debug\net9.0\openbullet.core.tests.dll" id="7fa16081-84e7-1fdf-3622-9e6b4788855d">
      <Execution id="ea3694ea-4f38-4c0c-b628-e5705ecceae6" />
      <TestMethod codeBase="C:\Users\futiliter\Downloads\Telegram Desktop\Openbullet 1.4.4 Anomaly Modded Version\OpenBulletRecreation\OpenBullet.Core.Tests\bin\Debug\net9.0\OpenBullet.Core.Tests.dll" adapterTypeName="executor://xunit/VsTestRunner2/netcoreapp" className="OpenBullet.Core.Tests.Step8_KeyCheckerTests" name="EvaluateKey_With_Captured_Data_Reference_Should_Work" />
    </UnitTest>
    <UnitTest name="OpenBullet.Core.Tests.Step8_KeyCheckerTests.EvaluateKey_With_Contains_Case_Sensitive_Should_Work" storage="c:\users\futiliter\downloads\telegram desktop\openbullet 1.4.4 anomaly modded version\openbulletrecreation\openbullet.core.tests\bin\debug\net9.0\openbullet.core.tests.dll" id="fe6da401-0731-edee-23df-297a0b5064bb">
      <Execution id="8b456eee-f9f3-437b-a15a-01be4039d329" />
      <TestMethod codeBase="C:\Users\futiliter\Downloads\Telegram Desktop\Openbullet 1.4.4 Anomaly Modded Version\OpenBulletRecreation\OpenBullet.Core.Tests\bin\Debug\net9.0\OpenBullet.Core.Tests.dll" adapterTypeName="executor://xunit/VsTestRunner2/netcoreapp" className="OpenBullet.Core.Tests.Step8_KeyCheckerTests" name="EvaluateKey_With_Contains_Case_Sensitive_Should_Work" />
    </UnitTest>
    <UnitTest name="OpenBullet.Core.Tests.Step9_ScriptEngineTests.ResetStatistics_Should_Clear_All_Statistics" storage="c:\users\futiliter\downloads\telegram desktop\openbullet 1.4.4 anomaly modded version\openbulletrecreation\openbullet.core.tests\bin\debug\net9.0\openbullet.core.tests.dll" id="c7f89ce6-12a9-fb24-6ac6-bf6c76224948">
      <Execution id="5f6d5e6c-77fd-46f0-b3f9-cf799c4935b0" />
      <TestMethod codeBase="C:\Users\futiliter\Downloads\Telegram Desktop\Openbullet 1.4.4 Anomaly Modded Version\OpenBulletRecreation\OpenBullet.Core.Tests\bin\Debug\net9.0\OpenBullet.Core.Tests.dll" adapterTypeName="executor://xunit/VsTestRunner2/netcoreapp" className="OpenBullet.Core.Tests.Step9_ScriptEngineTests" name="ResetStatistics_Should_Clear_All_Statistics" />
    </UnitTest>
    <UnitTest name="OpenBullet.Core.Tests.Step9_ScriptEngineTests.ExecuteAsync_With_Empty_Script_Should_Return_Success" storage="c:\users\futiliter\downloads\telegram desktop\openbullet 1.4.4 anomaly modded version\openbulletrecreation\openbullet.core.tests\bin\debug\net9.0\openbullet.core.tests.dll" id="9e73016f-4965-b81a-7732-b715fe9e895d">
      <Execution id="4ab242a9-effc-43ec-9b64-29181717bcea" />
      <TestMethod codeBase="C:\Users\futiliter\Downloads\Telegram Desktop\Openbullet 1.4.4 Anomaly Modded Version\OpenBulletRecreation\OpenBullet.Core.Tests\bin\Debug\net9.0\OpenBullet.Core.Tests.dll" adapterTypeName="executor://xunit/VsTestRunner2/netcoreapp" className="OpenBullet.Core.Tests.Step9_ScriptEngineTests" name="ExecuteAsync_With_Empty_Script_Should_Return_Success" />
    </UnitTest>
    <UnitTest name="OpenBullet.Core.Tests.Step7_ParsersTests.CssParser_Should_Handle_Complex_Selectors" storage="c:\users\futiliter\downloads\telegram desktop\openbullet 1.4.4 anomaly modded version\openbulletrecreation\openbullet.core.tests\bin\debug\net9.0\openbullet.core.tests.dll" id="a2e46c68-e04f-d11c-cd4d-ab706cafcd89">
      <Execution id="6153510d-1d25-492f-8b86-b64588c68b46" />
      <TestMethod codeBase="C:\Users\futiliter\Downloads\Telegram Desktop\Openbullet 1.4.4 Anomaly Modded Version\OpenBulletRecreation\OpenBullet.Core.Tests\bin\Debug\net9.0\OpenBullet.Core.Tests.dll" adapterTypeName="executor://xunit/VsTestRunner2/netcoreapp" className="OpenBullet.Core.Tests.Step7_ParsersTests" name="CssParser_Should_Handle_Complex_Selectors" />
    </UnitTest>
    <UnitTest name="OpenBullet.Core.Tests.Step3_ValidationTests.ConfigWarning_Types_Should_Be_Available(warningType: UnknownSetting)" storage="c:\users\futiliter\downloads\telegram desktop\openbullet 1.4.4 anomaly modded version\openbulletrecreation\openbullet.core.tests\bin\debug\net9.0\openbullet.core.tests.dll" id="fa1764ff-d686-2c34-f24c-31b16b244029">
      <Execution id="6261a518-506d-4d85-9bca-9535e466913f" />
      <TestMethod codeBase="C:\Users\futiliter\Downloads\Telegram Desktop\Openbullet 1.4.4 Anomaly Modded Version\OpenBulletRecreation\OpenBullet.Core.Tests\bin\Debug\net9.0\OpenBullet.Core.Tests.dll" adapterTypeName="executor://xunit/VsTestRunner2/netcoreapp" className="OpenBullet.Core.Tests.Step3_ValidationTests" name="ConfigWarning_Types_Should_Be_Available" />
    </UnitTest>
    <UnitTest name="OpenBullet.Core.Tests.Step4_ScriptParserTests.ValidateScript_With_Invalid_Script_Should_Return_Errors" storage="c:\users\futiliter\downloads\telegram desktop\openbullet 1.4.4 anomaly modded version\openbulletrecreation\openbullet.core.tests\bin\debug\net9.0\openbullet.core.tests.dll" id="a93179d8-caa5-6a6a-c2ef-f36e7ca78b67">
      <Execution id="5b209d2b-1baa-4912-a0f8-c63dce831d0d" />
      <TestMethod codeBase="C:\Users\futiliter\Downloads\Telegram Desktop\Openbullet 1.4.4 Anomaly Modded Version\OpenBulletRecreation\OpenBullet.Core.Tests\bin\Debug\net9.0\OpenBullet.Core.Tests.dll" adapterTypeName="executor://xunit/VsTestRunner2/netcoreapp" className="OpenBullet.Core.Tests.Step4_ScriptParserTests" name="ValidateScript_With_Invalid_Script_Should_Return_Errors" />
    </UnitTest>
    <UnitTest name="OpenBullet.Core.Tests.Step5_ValidationTests.ExecutionStatus_Values_Should_Be_Distinct(status: Paused)" storage="c:\users\futiliter\downloads\telegram desktop\openbullet 1.4.4 anomaly modded version\openbulletrecreation\openbullet.core.tests\bin\debug\net9.0\openbullet.core.tests.dll" id="47775cc6-3ac9-7aab-1917-7a77a2c74714">
      <Execution id="f0c3e9cf-6568-49dc-973e-67e3ff0d201f" />
      <TestMethod codeBase="C:\Users\futiliter\Downloads\Telegram Desktop\Openbullet 1.4.4 Anomaly Modded Version\OpenBulletRecreation\OpenBullet.Core.Tests\bin\Debug\net9.0\OpenBullet.Core.Tests.dll" adapterTypeName="executor://xunit/VsTestRunner2/netcoreapp" className="OpenBullet.Core.Tests.Step5_ValidationTests" name="ExecutionStatus_Values_Should_Be_Distinct" />
    </UnitTest>
    <UnitTest name="OpenBullet.Core.Tests.Step4_ScriptParserTests.ParseScript_Should_Calculate_Statistics_Correctly" storage="c:\users\futiliter\downloads\telegram desktop\openbullet 1.4.4 anomaly modded version\openbulletrecreation\openbullet.core.tests\bin\debug\net9.0\openbullet.core.tests.dll" id="94a1cedb-2045-9282-7cf8-8e1691fd081d">
      <Execution id="a008fa92-ebda-4ffc-8feb-82ce9c3eed6e" />
      <TestMethod codeBase="C:\Users\futiliter\Downloads\Telegram Desktop\Openbullet 1.4.4 Anomaly Modded Version\OpenBulletRecreation\OpenBullet.Core.Tests\bin\Debug\net9.0\OpenBullet.Core.Tests.dll" adapterTypeName="executor://xunit/VsTestRunner2/netcoreapp" className="OpenBullet.Core.Tests.Step4_ScriptParserTests" name="ParseScript_Should_Calculate_Statistics_Correctly" />
    </UnitTest>
    <UnitTest name="OpenBullet.Core.Tests.Step11_DatabaseManagerTests.DatabaseManager_Cleanup_Should_Work" storage="c:\users\futiliter\downloads\telegram desktop\openbullet 1.4.4 anomaly modded version\openbulletrecreation\openbullet.core.tests\bin\debug\net9.0\openbullet.core.tests.dll" id="cde03edb-fa1e-729d-0468-edb34682ef22">
      <Execution id="c01d9af9-70c9-4bfc-92f3-5bd5f922d1b7" />
      <TestMethod codeBase="C:\Users\futiliter\Downloads\Telegram Desktop\Openbullet 1.4.4 Anomaly Modded Version\OpenBulletRecreation\OpenBullet.Core.Tests\bin\Debug\net9.0\OpenBullet.Core.Tests.dll" adapterTypeName="executor://xunit/VsTestRunner2/netcoreapp" className="OpenBullet.Core.Tests.Step11_DatabaseManagerTests" name="DatabaseManager_Cleanup_Should_Work" />
    </UnitTest>
    <UnitTest name="OpenBullet.Core.Tests.Step6_CommandMetadataTests.ParameterType_Values_Should_Be_Available(parameterType: HttpMethod)" storage="c:\users\futiliter\downloads\telegram desktop\openbullet 1.4.4 anomaly modded version\openbulletrecreation\openbullet.core.tests\bin\debug\net9.0\openbullet.core.tests.dll" id="abcbc1b6-086b-84f3-b930-8fb567c87ca9">
      <Execution id="e3b400c7-0d17-41ce-a95e-8814654539ec" />
      <TestMethod codeBase="C:\Users\futiliter\Downloads\Telegram Desktop\Openbullet 1.4.4 Anomaly Modded Version\OpenBulletRecreation\OpenBullet.Core.Tests\bin\Debug\net9.0\OpenBullet.Core.Tests.dll" adapterTypeName="executor://xunit/VsTestRunner2/netcoreapp" className="OpenBullet.Core.Tests.Step6_CommandMetadataTests" name="ParameterType_Values_Should_Be_Available" />
    </UnitTest>
    <UnitTest name="OpenBullet.Core.Tests.Step1_CoreInterfacesTests.BotResult_Should_Initialize_With_Default_Values" storage="c:\users\futiliter\downloads\telegram desktop\openbullet 1.4.4 anomaly modded version\openbulletrecreation\openbullet.core.tests\bin\debug\net9.0\openbullet.core.tests.dll" id="4a920444-f68c-3abb-e52a-e3329e53e9f4">
      <Execution id="82b1e0ae-c310-4c3c-8a15-ef9ab09aa0cd" />
      <TestMethod codeBase="C:\Users\futiliter\Downloads\Telegram Desktop\Openbullet 1.4.4 Anomaly Modded Version\OpenBulletRecreation\OpenBullet.Core.Tests\bin\Debug\net9.0\OpenBullet.Core.Tests.dll" adapterTypeName="executor://xunit/VsTestRunner2/netcoreapp" className="OpenBullet.Core.Tests.Step1_CoreInterfacesTests" name="BotResult_Should_Initialize_With_Default_Values" />
    </UnitTest>
    <UnitTest name="OpenBullet.Core.Tests.Step6_RequestCommandTests.ValidateInstruction_With_Invalid_URL_Format_Should_Warn" storage="c:\users\futiliter\downloads\telegram desktop\openbullet 1.4.4 anomaly modded version\openbulletrecreation\openbullet.core.tests\bin\debug\net9.0\openbullet.core.tests.dll" id="e0f6c9ce-d80e-2d6d-2fc5-cd4df9d51f8b">
      <Execution id="12fe4a36-c99f-40fc-b22d-aa12a47675d1" />
      <TestMethod codeBase="C:\Users\futiliter\Downloads\Telegram Desktop\Openbullet 1.4.4 Anomaly Modded Version\OpenBulletRecreation\OpenBullet.Core.Tests\bin\Debug\net9.0\OpenBullet.Core.Tests.dll" adapterTypeName="executor://xunit/VsTestRunner2/netcoreapp" className="OpenBullet.Core.Tests.Step6_RequestCommandTests" name="ValidateInstruction_With_Invalid_URL_Format_Should_Warn" />
    </UnitTest>
    <UnitTest name="OpenBullet.Core.Tests.Step7_ParsersTests.All_Parsers_Should_Implement_IsValidPattern(parseType: Json)" storage="c:\users\futiliter\downloads\telegram desktop\openbullet 1.4.4 anomaly modded version\openbulletrecreation\openbullet.core.tests\bin\debug\net9.0\openbullet.core.tests.dll" id="4df3c97f-6fe9-16b0-782c-7bf6f651cc86">
      <Execution id="6df40970-454b-42b5-9361-07475b48e12e" />
      <TestMethod codeBase="C:\Users\futiliter\Downloads\Telegram Desktop\Openbullet 1.4.4 Anomaly Modded Version\OpenBulletRecreation\OpenBullet.Core.Tests\bin\Debug\net9.0\OpenBullet.Core.Tests.dll" adapterTypeName="executor://xunit/VsTestRunner2/netcoreapp" className="OpenBullet.Core.Tests.Step7_ParsersTests" name="All_Parsers_Should_Implement_IsValidPattern" />
    </UnitTest>
    <UnitTest name="OpenBullet.Core.Tests.Step5_ValidationTests.ExecutionStatus_Enum_Values_Should_Be_Available" storage="c:\users\futiliter\downloads\telegram desktop\openbullet 1.4.4 anomaly modded version\openbulletrecreation\openbullet.core.tests\bin\debug\net9.0\openbullet.core.tests.dll" id="17619aad-b6f5-93df-af7d-4d3b7e533c6e">
      <Execution id="303df68b-bbda-441f-a571-3d3c208cd553" />
      <TestMethod codeBase="C:\Users\futiliter\Downloads\Telegram Desktop\Openbullet 1.4.4 Anomaly Modded Version\OpenBulletRecreation\OpenBullet.Core.Tests\bin\Debug\net9.0\OpenBullet.Core.Tests.dll" adapterTypeName="executor://xunit/VsTestRunner2/netcoreapp" className="OpenBullet.Core.Tests.Step5_ValidationTests" name="ExecutionStatus_Enum_Values_Should_Be_Available" />
    </UnitTest>
    <UnitTest name="OpenBullet.Core.Tests.Step10_ProxyExtensionsTests.ValidateProxy_Should_Validate_Proxy_Strings(proxyString: &quot;invalid-proxy&quot;, expectedValid: False, expectedError: &quot;Invalid proxy format&quot;)" storage="c:\users\futiliter\downloads\telegram desktop\openbullet 1.4.4 anomaly modded version\openbulletrecreation\openbullet.core.tests\bin\debug\net9.0\openbullet.core.tests.dll" id="5737562e-b010-7592-f944-643c47d1e370">
      <Execution id="dabc125c-11bf-4226-9c2e-9d3502c797ad" />
      <TestMethod codeBase="C:\Users\futiliter\Downloads\Telegram Desktop\Openbullet 1.4.4 Anomaly Modded Version\OpenBulletRecreation\OpenBullet.Core.Tests\bin\Debug\net9.0\OpenBullet.Core.Tests.dll" adapterTypeName="executor://xunit/VsTestRunner2/netcoreapp" className="OpenBullet.Core.Tests.Step10_ProxyExtensionsTests" name="ValidateProxy_Should_Validate_Proxy_Strings" />
    </UnitTest>
    <UnitTest name="OpenBullet.Core.Tests.Step3_ValidationTests.ConfigError_Types_Should_Be_Available(errorType: MissingSection)" storage="c:\users\futiliter\downloads\telegram desktop\openbullet 1.4.4 anomaly modded version\openbulletrecreation\openbullet.core.tests\bin\debug\net9.0\openbullet.core.tests.dll" id="8293068a-d22d-c99a-e45f-2c448b46a7b5">
      <Execution id="737d3b1c-3ef0-4a89-95b8-3a53729b48d7" />
      <TestMethod codeBase="C:\Users\futiliter\Downloads\Telegram Desktop\Openbullet 1.4.4 Anomaly Modded Version\OpenBulletRecreation\OpenBullet.Core.Tests\bin\Debug\net9.0\OpenBullet.Core.Tests.dll" adapterTypeName="executor://xunit/VsTestRunner2/netcoreapp" className="OpenBullet.Core.Tests.Step3_ValidationTests" name="ConfigError_Types_Should_Be_Available" />
    </UnitTest>
    <UnitTest name="OpenBullet.Core.Tests.Step7_ValidationTests.ParserInfo_Should_Initialize_With_Defaults" storage="c:\users\futiliter\downloads\telegram desktop\openbullet 1.4.4 anomaly modded version\openbulletrecreation\openbullet.core.tests\bin\debug\net9.0\openbullet.core.tests.dll" id="5a5a78a3-e79e-9b14-ef5c-9dc1f84f4192">
      <Execution id="fe9b342c-f1d1-4e1c-b887-8ebb7e9b93ff" />
      <TestMethod codeBase="C:\Users\futiliter\Downloads\Telegram Desktop\Openbullet 1.4.4 Anomaly Modded Version\OpenBulletRecreation\OpenBullet.Core.Tests\bin\Debug\net9.0\OpenBullet.Core.Tests.dll" adapterTypeName="executor://xunit/VsTestRunner2/netcoreapp" className="OpenBullet.Core.Tests.Step7_ValidationTests" name="ParserInfo_Should_Initialize_With_Defaults" />
    </UnitTest>
    <UnitTest name="OpenBullet.Core.Tests.Step8_KeyCheckerTests.EvaluateKey_With_LengthEqualTo_Condition_Should_Work(sourceValue: &quot;hello world&quot;, targetLength: &quot;11&quot;, expected: True)" storage="c:\users\futiliter\downloads\telegram desktop\openbullet 1.4.4 anomaly modded version\openbulletrecreation\openbullet.core.tests\bin\debug\net9.0\openbullet.core.tests.dll" id="af9be12a-f702-52d0-4e25-15dd53004247">
      <Execution id="39416c67-5492-410b-9357-97b0829e91d5" />
      <TestMethod codeBase="C:\Users\futiliter\Downloads\Telegram Desktop\Openbullet 1.4.4 Anomaly Modded Version\OpenBulletRecreation\OpenBullet.Core.Tests\bin\Debug\net9.0\OpenBullet.Core.Tests.dll" adapterTypeName="executor://xunit/VsTestRunner2/netcoreapp" className="OpenBullet.Core.Tests.Step8_KeyCheckerTests" name="EvaluateKey_With_LengthEqualTo_Condition_Should_Work" />
    </UnitTest>
    <UnitTest name="OpenBullet.Core.Tests.Step10_ProxyExtensionsTests.ValidateProxyList_With_Empty_List_Should_Pass" storage="c:\users\futiliter\downloads\telegram desktop\openbullet 1.4.4 anomaly modded version\openbulletrecreation\openbullet.core.tests\bin\debug\net9.0\openbullet.core.tests.dll" id="fb31c6e2-e652-49d0-7f2b-e4deffe17614">
      <Execution id="d6a28c51-87d9-405a-b7e1-0d94a1bcf154" />
      <TestMethod codeBase="C:\Users\futiliter\Downloads\Telegram Desktop\Openbullet 1.4.4 Anomaly Modded Version\OpenBulletRecreation\OpenBullet.Core.Tests\bin\Debug\net9.0\OpenBullet.Core.Tests.dll" adapterTypeName="executor://xunit/VsTestRunner2/netcoreapp" className="OpenBullet.Core.Tests.Step10_ProxyExtensionsTests" name="ValidateProxyList_With_Empty_List_Should_Pass" />
    </UnitTest>
    <UnitTest name="OpenBullet.Core.Tests.Step13_CoreServicesTests.SyntaxHighlightingService_Should_Return_Color_Schemes" storage="c:\users\futiliter\downloads\telegram desktop\openbullet 1.4.4 anomaly modded version\openbulletrecreation\openbullet.core.tests\bin\debug\net9.0\openbullet.core.tests.dll" id="aad9d53c-1391-76d3-b8d0-7e6f74fd3dc1">
      <Execution id="db97ed21-ca0f-4b9d-9c72-bb5d4823ec26" />
      <TestMethod codeBase="C:\Users\futiliter\Downloads\Telegram Desktop\Openbullet 1.4.4 Anomaly Modded Version\OpenBulletRecreation\OpenBullet.Core.Tests\bin\Debug\net9.0\OpenBullet.Core.Tests.dll" adapterTypeName="executor://xunit/VsTestRunner2/netcoreapp" className="OpenBullet.Core.Tests.Step13_CoreServicesTests" name="SyntaxHighlightingService_Should_Return_Color_Schemes" />
    </UnitTest>
    <UnitTest name="OpenBullet.Core.Tests.Step10_ProxyExtensionsTests.IsValid_Enhanced_Should_Validate_Correctly(host: &quot;&quot;, port: 8080, type: Http, expectedValid: False)" storage="c:\users\futiliter\downloads\telegram desktop\openbullet 1.4.4 anomaly modded version\openbulletrecreation\openbullet.core.tests\bin\debug\net9.0\openbullet.core.tests.dll" id="1e5b9eed-6756-bfe2-beae-c795c0f5a3d9">
      <Execution id="d07d09cd-f563-41b0-948b-c6b916e0b17e" />
      <TestMethod codeBase="C:\Users\futiliter\Downloads\Telegram Desktop\Openbullet 1.4.4 Anomaly Modded Version\OpenBulletRecreation\OpenBullet.Core.Tests\bin\Debug\net9.0\OpenBullet.Core.Tests.dll" adapterTypeName="executor://xunit/VsTestRunner2/netcoreapp" className="OpenBullet.Core.Tests.Step10_ProxyExtensionsTests" name="IsValid_Enhanced_Should_Validate_Correctly" />
    </UnitTest>
    <UnitTest name="OpenBullet.Core.Tests.Step13_ConfigurationEditorTests.TokenizeScript_Should_Correctly_Identify_Token_Types(input: &quot;KEYCHECK SUCCESS \&quot;Hello World\&quot;&quot;, expectedType: Command, expectedValue: &quot;KEYCHECK&quot;)" storage="c:\users\futiliter\downloads\telegram desktop\openbullet 1.4.4 anomaly modded version\openbulletrecreation\openbullet.core.tests\bin\debug\net9.0\openbullet.core.tests.dll" id="5f6a5680-95a6-e9a3-ce51-abf9b511824a">
      <Execution id="62f38762-6e3d-420f-bba8-d88a01924707" />
      <TestMethod codeBase="C:\Users\futiliter\Downloads\Telegram Desktop\Openbullet 1.4.4 Anomaly Modded Version\OpenBulletRecreation\OpenBullet.Core.Tests\bin\Debug\net9.0\OpenBullet.Core.Tests.dll" adapterTypeName="executor://xunit/VsTestRunner2/netcoreapp" className="OpenBullet.Core.Tests.Step13_ConfigurationEditorTests" name="TokenizeScript_Should_Correctly_Identify_Token_Types" />
    </UnitTest>
    <UnitTest name="OpenBullet.Core.Tests.Step10_ProxyExtensionsTests.ValidateProxy_Should_Validate_Proxy_Strings(proxyString: &quot;socks5://user:pass@proxy.example.com:1080&quot;, expectedValid: True, expectedError: null)" storage="c:\users\futiliter\downloads\telegram desktop\openbullet 1.4.4 anomaly modded version\openbulletrecreation\openbullet.core.tests\bin\debug\net9.0\openbullet.core.tests.dll" id="e85eb308-ddb4-6a20-ed73-44e503a1f19a">
      <Execution id="3dfce3b7-551a-49d1-8466-5c0a2045fdc3" />
      <TestMethod codeBase="C:\Users\futiliter\Downloads\Telegram Desktop\Openbullet 1.4.4 Anomaly Modded Version\OpenBulletRecreation\OpenBullet.Core.Tests\bin\Debug\net9.0\OpenBullet.Core.Tests.dll" adapterTypeName="executor://xunit/VsTestRunner2/netcoreapp" className="OpenBullet.Core.Tests.Step10_ProxyExtensionsTests" name="ValidateProxy_Should_Validate_Proxy_Strings" />
    </UnitTest>
    <UnitTest name="OpenBullet.Core.Tests.Step5_IntegrationTests.Checkpoint_Restore_Should_Maintain_Data_Integrity" storage="c:\users\futiliter\downloads\telegram desktop\openbullet 1.4.4 anomaly modded version\openbulletrecreation\openbullet.core.tests\bin\debug\net9.0\openbullet.core.tests.dll" id="ea18b0f3-1ad1-d70e-3980-50d668114a97">
      <Execution id="b0678787-4483-4086-8b2a-7ec0a6d68bdd" />
      <TestMethod codeBase="C:\Users\futiliter\Downloads\Telegram Desktop\Openbullet 1.4.4 Anomaly Modded Version\OpenBulletRecreation\OpenBullet.Core.Tests\bin\Debug\net9.0\OpenBullet.Core.Tests.dll" adapterTypeName="executor://xunit/VsTestRunner2/netcoreapp" className="OpenBullet.Core.Tests.Step5_IntegrationTests" name="Checkpoint_Restore_Should_Maintain_Data_Integrity" />
    </UnitTest>
    <UnitTest name="OpenBullet.Core.Tests.Step8_KeyCheckerTests.EvaluateKeyChains_With_Success_Chain_Should_Return_Success" storage="c:\users\futiliter\downloads\telegram desktop\openbullet 1.4.4 anomaly modded version\openbulletrecreation\openbullet.core.tests\bin\debug\net9.0\openbullet.core.tests.dll" id="a91b7ced-4a33-2b8e-a6a8-89d95a0f4581">
      <Execution id="f6d4908c-35ed-4618-be2e-9f9b66b291c4" />
      <TestMethod codeBase="C:\Users\futiliter\Downloads\Telegram Desktop\Openbullet 1.4.4 Anomaly Modded Version\OpenBulletRecreation\OpenBullet.Core.Tests\bin\Debug\net9.0\OpenBullet.Core.Tests.dll" adapterTypeName="executor://xunit/VsTestRunner2/netcoreapp" className="OpenBullet.Core.Tests.Step8_KeyCheckerTests" name="EvaluateKeyChains_With_Success_Chain_Should_Return_Success" />
    </UnitTest>
    <UnitTest name="OpenBullet.Core.Tests.Step10_ProxyExtensionsTests.ValidateProxy_Should_Validate_Proxy_Strings(proxyString: &quot;&quot;, expectedValid: False, expectedError: &quot;Proxy string is empty&quot;)" storage="c:\users\futiliter\downloads\telegram desktop\openbullet 1.4.4 anomaly modded version\openbulletrecreation\openbullet.core.tests\bin\debug\net9.0\openbullet.core.tests.dll" id="a492da78-410f-4852-f430-9959d0f889c6">
      <Execution id="c76f6e18-0856-427f-bd3a-b5f9f1737676" />
      <TestMethod codeBase="C:\Users\futiliter\Downloads\Telegram Desktop\Openbullet 1.4.4 Anomaly Modded Version\OpenBulletRecreation\OpenBullet.Core.Tests\bin\Debug\net9.0\OpenBullet.Core.Tests.dll" adapterTypeName="executor://xunit/VsTestRunner2/netcoreapp" className="OpenBullet.Core.Tests.Step10_ProxyExtensionsTests" name="ValidateProxy_Should_Validate_Proxy_Strings" />
    </UnitTest>
    <UnitTest name="OpenBullet.Core.Tests.Step10_ValidationTests.ProxyJobConfiguration_Should_Initialize_With_Defaults" storage="c:\users\futiliter\downloads\telegram desktop\openbullet 1.4.4 anomaly modded version\openbulletrecreation\openbullet.core.tests\bin\debug\net9.0\openbullet.core.tests.dll" id="4f9add7d-32a9-d042-9c32-793f788f3cd4">
      <Execution id="5f4a85df-c504-4a45-86e2-8b92c53aac7a" />
      <TestMethod codeBase="C:\Users\futiliter\Downloads\Telegram Desktop\Openbullet 1.4.4 Anomaly Modded Version\OpenBulletRecreation\OpenBullet.Core.Tests\bin\Debug\net9.0\OpenBullet.Core.Tests.dll" adapterTypeName="executor://xunit/VsTestRunner2/netcoreapp" className="OpenBullet.Core.Tests.Step10_ValidationTests" name="ProxyJobConfiguration_Should_Initialize_With_Defaults" />
    </UnitTest>
    <UnitTest name="OpenBullet.Core.Tests.Step5_ExecutionContextTests.RestoreCheckpoint_Should_Restore_State" storage="c:\users\futiliter\downloads\telegram desktop\openbullet 1.4.4 anomaly modded version\openbulletrecreation\openbullet.core.tests\bin\debug\net9.0\openbullet.core.tests.dll" id="e5adcbd1-6038-d960-f10a-e0eadfa43946">
      <Execution id="3ee5659b-f7b2-483e-add0-084e334e72cc" />
      <TestMethod codeBase="C:\Users\futiliter\Downloads\Telegram Desktop\Openbullet 1.4.4 Anomaly Modded Version\OpenBulletRecreation\OpenBullet.Core.Tests\bin\Debug\net9.0\OpenBullet.Core.Tests.dll" adapterTypeName="executor://xunit/VsTestRunner2/netcoreapp" className="OpenBullet.Core.Tests.Step5_ExecutionContextTests" name="RestoreCheckpoint_Should_Restore_State" />
    </UnitTest>
    <UnitTest name="OpenBullet.Core.Tests.Step11_DatabaseContextTests.Repository_CRUD_Operations_Should_Work" storage="c:\users\futiliter\downloads\telegram desktop\openbullet 1.4.4 anomaly modded version\openbulletrecreation\openbullet.core.tests\bin\debug\net9.0\openbullet.core.tests.dll" id="60af8f4b-1f37-7cd5-e4fb-e922c33f0398">
      <Execution id="3bbebbe3-76f4-4f26-874a-f9e4f6e8920e" />
      <TestMethod codeBase="C:\Users\futiliter\Downloads\Telegram Desktop\Openbullet 1.4.4 Anomaly Modded Version\OpenBulletRecreation\OpenBullet.Core.Tests\bin\Debug\net9.0\OpenBullet.Core.Tests.dll" adapterTypeName="executor://xunit/VsTestRunner2/netcoreapp" className="OpenBullet.Core.Tests.Step11_DatabaseContextTests" name="Repository_CRUD_Operations_Should_Work" />
    </UnitTest>
    <UnitTest name="OpenBullet.Core.Tests.Step10_ProxyExtensionsTests.ValidateProxy_Should_Validate_Proxy_Strings(proxyString: &quot;127.0.0.1:8080&quot;, expectedValid: True, expectedError: null)" storage="c:\users\futiliter\downloads\telegram desktop\openbullet 1.4.4 anomaly modded version\openbulletrecreation\openbullet.core.tests\bin\debug\net9.0\openbullet.core.tests.dll" id="920c99c8-d8e4-0912-3bfe-c1f45996932f">
      <Execution id="27319b18-04ac-4f1b-8479-59890dd78b49" />
      <TestMethod codeBase="C:\Users\futiliter\Downloads\Telegram Desktop\Openbullet 1.4.4 Anomaly Modded Version\OpenBulletRecreation\OpenBullet.Core.Tests\bin\Debug\net9.0\OpenBullet.Core.Tests.dll" adapterTypeName="executor://xunit/VsTestRunner2/netcoreapp" className="OpenBullet.Core.Tests.Step10_ProxyExtensionsTests" name="ValidateProxy_Should_Validate_Proxy_Strings" />
    </UnitTest>
    <UnitTest name="OpenBullet.Core.Tests.Step11_DatabaseManagerTests.DatabaseHealth_Should_Initialize_Correctly" storage="c:\users\futiliter\downloads\telegram desktop\openbullet 1.4.4 anomaly modded version\openbulletrecreation\openbullet.core.tests\bin\debug\net9.0\openbullet.core.tests.dll" id="627f5fd5-feb3-0b09-e13c-a2081ad96b14">
      <Execution id="129cb87c-2f44-4181-979f-ea30fdec5b5d" />
      <TestMethod codeBase="C:\Users\futiliter\Downloads\Telegram Desktop\Openbullet 1.4.4 Anomaly Modded Version\OpenBulletRecreation\OpenBullet.Core.Tests\bin\Debug\net9.0\OpenBullet.Core.Tests.dll" adapterTypeName="executor://xunit/VsTestRunner2/netcoreapp" className="OpenBullet.Core.Tests.Step11_DatabaseManagerTests" name="DatabaseHealth_Should_Initialize_Correctly" />
    </UnitTest>
    <UnitTest name="OpenBullet.Core.Tests.Step5_VariableManagerTests.ResolveVariableReference_Should_Handle_Simple_Variable" storage="c:\users\futiliter\downloads\telegram desktop\openbullet 1.4.4 anomaly modded version\openbulletrecreation\openbullet.core.tests\bin\debug\net9.0\openbullet.core.tests.dll" id="f23f2aef-a707-1bec-e341-bd21ee59ed69">
      <Execution id="ae00e6a1-df35-4cac-8bc4-5a678ccc3aae" />
      <TestMethod codeBase="C:\Users\futiliter\Downloads\Telegram Desktop\Openbullet 1.4.4 Anomaly Modded Version\OpenBulletRecreation\OpenBullet.Core.Tests\bin\Debug\net9.0\OpenBullet.Core.Tests.dll" adapterTypeName="executor://xunit/VsTestRunner2/netcoreapp" className="OpenBullet.Core.Tests.Step5_VariableManagerTests" name="ResolveVariableReference_Should_Handle_Simple_Variable" />
    </UnitTest>
    <UnitTest name="OpenBullet.Core.Tests.Step9_JobManagerTests.StartJobAsync_With_Invalid_Config_Should_Throw_Exception" storage="c:\users\futiliter\downloads\telegram desktop\openbullet 1.4.4 anomaly modded version\openbulletrecreation\openbullet.core.tests\bin\debug\net9.0\openbullet.core.tests.dll" id="aaf59d18-5282-58e0-4300-9ca3c0844752">
      <Execution id="254ee8e3-3a2d-469c-a318-a09ed537aa6d" />
      <TestMethod codeBase="C:\Users\futiliter\Downloads\Telegram Desktop\Openbullet 1.4.4 Anomaly Modded Version\OpenBulletRecreation\OpenBullet.Core.Tests\bin\Debug\net9.0\OpenBullet.Core.Tests.dll" adapterTypeName="executor://xunit/VsTestRunner2/netcoreapp" className="OpenBullet.Core.Tests.Step9_JobManagerTests" name="StartJobAsync_With_Invalid_Config_Should_Throw_Exception" />
    </UnitTest>
    <UnitTest name="OpenBullet.Core.Tests.Step5_VariableManagerTests.SetDictionaryValue_Should_Set_Value_In_Existing_Dictionary" storage="c:\users\futiliter\downloads\telegram desktop\openbullet 1.4.4 anomaly modded version\openbulletrecreation\openbullet.core.tests\bin\debug\net9.0\openbullet.core.tests.dll" id="d74d8cea-7b5d-c6ba-7fee-73c4644ccaab">
      <Execution id="cb95f8c0-fd74-45ac-a36a-3eaa355ca792" />
      <TestMethod codeBase="C:\Users\futiliter\Downloads\Telegram Desktop\Openbullet 1.4.4 Anomaly Modded Version\OpenBulletRecreation\OpenBullet.Core.Tests\bin\Debug\net9.0\OpenBullet.Core.Tests.dll" adapterTypeName="executor://xunit/VsTestRunner2/netcoreapp" className="OpenBullet.Core.Tests.Step5_VariableManagerTests" name="SetDictionaryValue_Should_Set_Value_In_Existing_Dictionary" />
    </UnitTest>
    <UnitTest name="OpenBullet.Core.Tests.Step4_ScriptParserTests.ParseLine_With_Complex_Arguments_Should_Parse_Correctly" storage="c:\users\futiliter\downloads\telegram desktop\openbullet 1.4.4 anomaly modded version\openbulletrecreation\openbullet.core.tests\bin\debug\net9.0\openbullet.core.tests.dll" id="1f363a9d-37d5-7823-f6f1-818cde518a14">
      <Execution id="7fc785bb-3617-46a3-a5f2-748a84acc469" />
      <TestMethod codeBase="C:\Users\futiliter\Downloads\Telegram Desktop\Openbullet 1.4.4 Anomaly Modded Version\OpenBulletRecreation\OpenBullet.Core.Tests\bin\Debug\net9.0\OpenBullet.Core.Tests.dll" adapterTypeName="executor://xunit/VsTestRunner2/netcoreapp" className="OpenBullet.Core.Tests.Step4_ScriptParserTests" name="ParseLine_With_Complex_Arguments_Should_Parse_Correctly" />
    </UnitTest>
    <UnitTest name="OpenBullet.Core.Tests.Step10_ProxyExtensionsTests.ProxyPoolTestResult_Properties_Should_Calculate_Correctly" storage="c:\users\futiliter\downloads\telegram desktop\openbullet 1.4.4 anomaly modded version\openbulletrecreation\openbullet.core.tests\bin\debug\net9.0\openbullet.core.tests.dll" id="6dec2c4c-ba25-e8b6-eed7-1ceb4856f77f">
      <Execution id="54e9d622-23c0-4bfb-b562-786868fdac53" />
      <TestMethod codeBase="C:\Users\futiliter\Downloads\Telegram Desktop\Openbullet 1.4.4 Anomaly Modded Version\OpenBulletRecreation\OpenBullet.Core.Tests\bin\Debug\net9.0\OpenBullet.Core.Tests.dll" adapterTypeName="executor://xunit/VsTestRunner2/netcoreapp" className="OpenBullet.Core.Tests.Step10_ProxyExtensionsTests" name="ProxyPoolTestResult_Properties_Should_Calculate_Correctly" />
    </UnitTest>
    <UnitTest name="OpenBullet.Core.Tests.Step3_ValidationTests.SerializeConfig_Should_Generate_Parseable_Content" storage="c:\users\futiliter\downloads\telegram desktop\openbullet 1.4.4 anomaly modded version\openbulletrecreation\openbullet.core.tests\bin\debug\net9.0\openbullet.core.tests.dll" id="bd3ae614-69b2-d6a8-5319-c70d59d760d8">
      <Execution id="693b8bce-4d54-412f-b700-c63132b99c9b" />
      <TestMethod codeBase="C:\Users\futiliter\Downloads\Telegram Desktop\Openbullet 1.4.4 Anomaly Modded Version\OpenBulletRecreation\OpenBullet.Core.Tests\bin\Debug\net9.0\OpenBullet.Core.Tests.dll" adapterTypeName="executor://xunit/VsTestRunner2/netcoreapp" className="OpenBullet.Core.Tests.Step3_ValidationTests" name="SerializeConfig_Should_Generate_Parseable_Content" />
    </UnitTest>
    <UnitTest name="OpenBullet.Core.Tests.Step5_ExecutionContextTests.Constructor_Should_Throw_For_Null_Arguments" storage="c:\users\futiliter\downloads\telegram desktop\openbullet 1.4.4 anomaly modded version\openbulletrecreation\openbullet.core.tests\bin\debug\net9.0\openbullet.core.tests.dll" id="199491f6-2e7e-f5b5-114f-923de7e8b3aa">
      <Execution id="deff1ebc-0c46-4740-b763-c0476324035d" />
      <TestMethod codeBase="C:\Users\futiliter\Downloads\Telegram Desktop\Openbullet 1.4.4 Anomaly Modded Version\OpenBulletRecreation\OpenBullet.Core.Tests\bin\Debug\net9.0\OpenBullet.Core.Tests.dll" adapterTypeName="executor://xunit/VsTestRunner2/netcoreapp" className="OpenBullet.Core.Tests.Step5_ExecutionContextTests" name="Constructor_Should_Throw_For_Null_Arguments" />
    </UnitTest>
    <UnitTest name="OpenBullet.Core.Tests.Step8_KeyCheckerTests.EvaluateKey_With_Various_Conditions_Should_Work(condition: EndsWith, sourceValue: &quot;Welcome to the dashboard!&quot;, targetValue: &quot;dashboard!&quot;, expected: True)" storage="c:\users\futiliter\downloads\telegram desktop\openbullet 1.4.4 anomaly modded version\openbulletrecreation\openbullet.core.tests\bin\debug\net9.0\openbullet.core.tests.dll" id="0413487e-0655-20c2-4025-a432caa5e7ac">
      <Execution id="e7157363-644f-47d5-8b64-6073c2b8856f" />
      <TestMethod codeBase="C:\Users\futiliter\Downloads\Telegram Desktop\Openbullet 1.4.4 Anomaly Modded Version\OpenBulletRecreation\OpenBullet.Core.Tests\bin\Debug\net9.0\OpenBullet.Core.Tests.dll" adapterTypeName="executor://xunit/VsTestRunner2/netcoreapp" className="OpenBullet.Core.Tests.Step8_KeyCheckerTests" name="EvaluateKey_With_Various_Conditions_Should_Work" />
    </UnitTest>
    <UnitTest name="OpenBullet.Core.Tests.Step13_CoreServicesTests.LoliScriptValidator_Should_Detect_Invalid_Command" storage="c:\users\futiliter\downloads\telegram desktop\openbullet 1.4.4 anomaly modded version\openbulletrecreation\openbullet.core.tests\bin\debug\net9.0\openbullet.core.tests.dll" id="1611feb4-c9e0-7ecd-0832-20964279bfed">
      <Execution id="a627b971-403f-4d03-a0a5-5b8161401f45" />
      <TestMethod codeBase="C:\Users\futiliter\Downloads\Telegram Desktop\Openbullet 1.4.4 Anomaly Modded Version\OpenBulletRecreation\OpenBullet.Core.Tests\bin\Debug\net9.0\OpenBullet.Core.Tests.dll" adapterTypeName="executor://xunit/VsTestRunner2/netcoreapp" className="OpenBullet.Core.Tests.Step13_CoreServicesTests" name="LoliScriptValidator_Should_Detect_Invalid_Command" />
    </UnitTest>
    <UnitTest name="OpenBullet.Core.Tests.Step9_ScriptEngineTests.ExecuteAsync_With_Failed_Command_Should_Handle_Error" storage="c:\users\futiliter\downloads\telegram desktop\openbullet 1.4.4 anomaly modded version\openbulletrecreation\openbullet.core.tests\bin\debug\net9.0\openbullet.core.tests.dll" id="f9abc840-1f1d-a89d-a8c3-125fe0a5f638">
      <Execution id="95002014-dcf1-4b56-a5d4-58cb41cd632d" />
      <TestMethod codeBase="C:\Users\futiliter\Downloads\Telegram Desktop\Openbullet 1.4.4 Anomaly Modded Version\OpenBulletRecreation\OpenBullet.Core.Tests\bin\Debug\net9.0\OpenBullet.Core.Tests.dll" adapterTypeName="executor://xunit/VsTestRunner2/netcoreapp" className="OpenBullet.Core.Tests.Step9_ScriptEngineTests" name="ExecuteAsync_With_Failed_Command_Should_Handle_Error" />
    </UnitTest>
    <UnitTest name="OpenBullet.Core.Tests.Step5_ValidationTests.ExecutionStatus_Values_Should_Be_Distinct(status: Retrying)" storage="c:\users\futiliter\downloads\telegram desktop\openbullet 1.4.4 anomaly modded version\openbulletrecreation\openbullet.core.tests\bin\debug\net9.0\openbullet.core.tests.dll" id="60629f22-4e3e-db60-9276-678c8c2417fd">
      <Execution id="797bbc18-258e-4652-a9c3-d817e7074267" />
      <TestMethod codeBase="C:\Users\futiliter\Downloads\Telegram Desktop\Openbullet 1.4.4 Anomaly Modded Version\OpenBulletRecreation\OpenBullet.Core.Tests\bin\Debug\net9.0\OpenBullet.Core.Tests.dll" adapterTypeName="executor://xunit/VsTestRunner2/netcoreapp" className="OpenBullet.Core.Tests.Step5_ValidationTests" name="ExecutionStatus_Values_Should_Be_Distinct" />
    </UnitTest>
    <UnitTest name="OpenBullet.Core.Tests.Step6_RequestCommandTests.ValidateInstruction_With_Valid_GET_Should_Pass" storage="c:\users\futiliter\downloads\telegram desktop\openbullet 1.4.4 anomaly modded version\openbulletrecreation\openbullet.core.tests\bin\debug\net9.0\openbullet.core.tests.dll" id="9c037589-52ac-45f6-aca9-9c4338053352">
      <Execution id="30a9f876-91a2-4973-a9e5-70828afecf48" />
      <TestMethod codeBase="C:\Users\futiliter\Downloads\Telegram Desktop\Openbullet 1.4.4 Anomaly Modded Version\OpenBulletRecreation\OpenBullet.Core.Tests\bin\Debug\net9.0\OpenBullet.Core.Tests.dll" adapterTypeName="executor://xunit/VsTestRunner2/netcoreapp" className="OpenBullet.Core.Tests.Step6_RequestCommandTests" name="ValidateInstruction_With_Valid_GET_Should_Pass" />
    </UnitTest>
    <UnitTest name="OpenBullet.Core.Tests.Step5_ValidationTests.VariableManager_Should_Track_Statistics" storage="c:\users\futiliter\downloads\telegram desktop\openbullet 1.4.4 anomaly modded version\openbulletrecreation\openbullet.core.tests\bin\debug\net9.0\openbullet.core.tests.dll" id="75c23dcd-5d6f-d3d2-f00c-617749bc2090">
      <Execution id="b495e6f1-4e71-4160-9adc-5b4dbd78ad9b" />
      <TestMethod codeBase="C:\Users\futiliter\Downloads\Telegram Desktop\Openbullet 1.4.4 Anomaly Modded Version\OpenBulletRecreation\OpenBullet.Core.Tests\bin\Debug\net9.0\OpenBullet.Core.Tests.dll" adapterTypeName="executor://xunit/VsTestRunner2/netcoreapp" className="OpenBullet.Core.Tests.Step5_ValidationTests" name="VariableManager_Should_Track_Statistics" />
    </UnitTest>
    <UnitTest name="OpenBullet.Core.Tests.Step10_ProxyExtensionsTests.ValidateProxyList_Should_Validate_Multiple_Proxies" storage="c:\users\futiliter\downloads\telegram desktop\openbullet 1.4.4 anomaly modded version\openbulletrecreation\openbullet.core.tests\bin\debug\net9.0\openbullet.core.tests.dll" id="e6854b7f-6f79-b10d-64bc-c7012d8bac08">
      <Execution id="a8906b1a-b7f6-49e3-be2a-cdf9d3d6535a" />
      <TestMethod codeBase="C:\Users\futiliter\Downloads\Telegram Desktop\Openbullet 1.4.4 Anomaly Modded Version\OpenBulletRecreation\OpenBullet.Core.Tests\bin\Debug\net9.0\OpenBullet.Core.Tests.dll" adapterTypeName="executor://xunit/VsTestRunner2/netcoreapp" className="OpenBullet.Core.Tests.Step10_ProxyExtensionsTests" name="ValidateProxyList_Should_Validate_Multiple_Proxies" />
    </UnitTest>
    <UnitTest name="OpenBullet.Core.Tests.Step1_CoreInterfacesTests.BotData_Should_Initialize_With_Default_Values" storage="c:\users\futiliter\downloads\telegram desktop\openbullet 1.4.4 anomaly modded version\openbulletrecreation\openbullet.core.tests\bin\debug\net9.0\openbullet.core.tests.dll" id="9825f355-b5e7-0601-034d-3bfdf1ae7c09">
      <Execution id="5f9e7e89-b7d0-42e0-8050-98ebea30a1be" />
      <TestMethod codeBase="C:\Users\futiliter\Downloads\Telegram Desktop\Openbullet 1.4.4 Anomaly Modded Version\OpenBulletRecreation\OpenBullet.Core.Tests\bin\Debug\net9.0\OpenBullet.Core.Tests.dll" adapterTypeName="executor://xunit/VsTestRunner2/netcoreapp" className="OpenBullet.Core.Tests.Step1_CoreInterfacesTests" name="BotData_Should_Initialize_With_Default_Values" />
    </UnitTest>
    <UnitTest name="OpenBullet.Core.Tests.Step10_ValidationTests.ProxyUsageResult_Should_Initialize_With_Defaults" storage="c:\users\futiliter\downloads\telegram desktop\openbullet 1.4.4 anomaly modded version\openbulletrecreation\openbullet.core.tests\bin\debug\net9.0\openbullet.core.tests.dll" id="3b50a1f4-4adf-5501-ffdb-cddcd1275dba">
      <Execution id="a190c61b-bd4a-4f42-895b-31b6d4a3f7b0" />
      <TestMethod codeBase="C:\Users\futiliter\Downloads\Telegram Desktop\Openbullet 1.4.4 Anomaly Modded Version\OpenBulletRecreation\OpenBullet.Core.Tests\bin\Debug\net9.0\OpenBullet.Core.Tests.dll" adapterTypeName="executor://xunit/VsTestRunner2/netcoreapp" className="OpenBullet.Core.Tests.Step10_ValidationTests" name="ProxyUsageResult_Should_Initialize_With_Defaults" />
    </UnitTest>
    <UnitTest name="OpenBullet.Core.Tests.Step10_ProxyExtensionsTests.ToDisplayString_Enhanced_Should_Format_Correctly(host: &quot;proxy.com&quot;, port: 8080, type: Http, username: &quot;user&quot;, password: &quot;pass&quot;, includeCredentials: False, expected: &quot;http://proxy.com:8080&quot;)" storage="c:\users\futiliter\downloads\telegram desktop\openbullet 1.4.4 anomaly modded version\openbulletrecreation\openbullet.core.tests\bin\debug\net9.0\openbullet.core.tests.dll" id="d6a63130-55e5-f42e-7e61-e25af34e07c6">
      <Execution id="f480dccd-325b-4a4f-b153-3ccac644472b" />
      <TestMethod codeBase="C:\Users\futiliter\Downloads\Telegram Desktop\Openbullet 1.4.4 Anomaly Modded Version\OpenBulletRecreation\OpenBullet.Core.Tests\bin\Debug\net9.0\OpenBullet.Core.Tests.dll" adapterTypeName="executor://xunit/VsTestRunner2/netcoreapp" className="OpenBullet.Core.Tests.Step10_ProxyExtensionsTests" name="ToDisplayString_Enhanced_Should_Format_Correctly" />
    </UnitTest>
    <UnitTest name="OpenBullet.Core.Tests.Step5_VariableManagerTests.RemoveVariable_Should_Remove_From_Correct_Scope" storage="c:\users\futiliter\downloads\telegram desktop\openbullet 1.4.4 anomaly modded version\openbulletrecreation\openbullet.core.tests\bin\debug\net9.0\openbullet.core.tests.dll" id="c5002b32-f669-953e-deef-9ed81e41ce2b">
      <Execution id="b3eb9ffc-3b42-4799-b94f-9bb4d17ab898" />
      <TestMethod codeBase="C:\Users\futiliter\Downloads\Telegram Desktop\Openbullet 1.4.4 Anomaly Modded Version\OpenBulletRecreation\OpenBullet.Core.Tests\bin\Debug\net9.0\OpenBullet.Core.Tests.dll" adapterTypeName="executor://xunit/VsTestRunner2/netcoreapp" className="OpenBullet.Core.Tests.Step5_VariableManagerTests" name="RemoveVariable_Should_Remove_From_Correct_Scope" />
    </UnitTest>
    <UnitTest name="OpenBullet.Core.Tests.Step5_VariableManagerTests.SetDictionaryValue_Should_Create_Dictionary_If_Not_Exists" storage="c:\users\futiliter\downloads\telegram desktop\openbullet 1.4.4 anomaly modded version\openbulletrecreation\openbullet.core.tests\bin\debug\net9.0\openbullet.core.tests.dll" id="d1881464-e953-9a2e-0920-6601a5c59f27">
      <Execution id="5f4b3a8d-9e44-4299-bb45-c578f45cba73" />
      <TestMethod codeBase="C:\Users\futiliter\Downloads\Telegram Desktop\Openbullet 1.4.4 Anomaly Modded Version\OpenBulletRecreation\OpenBullet.Core.Tests\bin\Debug\net9.0\OpenBullet.Core.Tests.dll" adapterTypeName="executor://xunit/VsTestRunner2/netcoreapp" className="OpenBullet.Core.Tests.Step5_VariableManagerTests" name="SetDictionaryValue_Should_Create_Dictionary_If_Not_Exists" />
    </UnitTest>
    <UnitTest name="OpenBullet.Core.Tests.Step8_ValidationTests.BotStatus_String_Conversion_Should_Work(stringValue: &quot;Retry&quot;, expectedStatus: Retry)" storage="c:\users\futiliter\downloads\telegram desktop\openbullet 1.4.4 anomaly modded version\openbulletrecreation\openbullet.core.tests\bin\debug\net9.0\openbullet.core.tests.dll" id="1524f2a8-e306-6bb8-c5fe-a21cf6bcd240">
      <Execution id="aa64d9b8-bec7-46b0-b2d8-64d27b4f1fa7" />
      <TestMethod codeBase="C:\Users\futiliter\Downloads\Telegram Desktop\Openbullet 1.4.4 Anomaly Modded Version\OpenBulletRecreation\OpenBullet.Core.Tests\bin\Debug\net9.0\OpenBullet.Core.Tests.dll" adapterTypeName="executor://xunit/VsTestRunner2/netcoreapp" className="OpenBullet.Core.Tests.Step8_ValidationTests" name="BotStatus_String_Conversion_Should_Work" />
    </UnitTest>
    <UnitTest name="OpenBullet.Core.Tests.Step6_CommandFactoryTests.GetAvailableCommands_Should_Return_Registered_Commands" storage="c:\users\futiliter\downloads\telegram desktop\openbullet 1.4.4 anomaly modded version\openbulletrecreation\openbullet.core.tests\bin\debug\net9.0\openbullet.core.tests.dll" id="17243099-ef51-6df5-996a-eed10d086dc9">
      <Execution id="e778cd1e-4c06-4954-be69-e9373478fd98" />
      <TestMethod codeBase="C:\Users\futiliter\Downloads\Telegram Desktop\Openbullet 1.4.4 Anomaly Modded Version\OpenBulletRecreation\OpenBullet.Core.Tests\bin\Debug\net9.0\OpenBullet.Core.Tests.dll" adapterTypeName="executor://xunit/VsTestRunner2/netcoreapp" className="OpenBullet.Core.Tests.Step6_CommandFactoryTests" name="GetAvailableCommands_Should_Return_Registered_Commands" />
    </UnitTest>
    <UnitTest name="OpenBullet.Core.Tests.Step7_ValidationTests.JsonParser_Should_Handle_Basic_Paths" storage="c:\users\futiliter\downloads\telegram desktop\openbullet 1.4.4 anomaly modded version\openbulletrecreation\openbullet.core.tests\bin\debug\net9.0\openbullet.core.tests.dll" id="590e6993-e8e0-a052-2d1b-27c099cbc4e5">
      <Execution id="05fbaf5a-234c-4453-9f95-55cee9eff1ce" />
      <TestMethod codeBase="C:\Users\futiliter\Downloads\Telegram Desktop\Openbullet 1.4.4 Anomaly Modded Version\OpenBulletRecreation\OpenBullet.Core.Tests\bin\Debug\net9.0\OpenBullet.Core.Tests.dll" adapterTypeName="executor://xunit/VsTestRunner2/netcoreapp" className="OpenBullet.Core.Tests.Step7_ValidationTests" name="JsonParser_Should_Handle_Basic_Paths" />
    </UnitTest>
    <UnitTest name="OpenBullet.Core.Tests.Step6_RequestCommandTests.ValidateInstruction_With_Valid_HTTP_Methods_Should_Pass(method: &quot;PATCH&quot;)" storage="c:\users\futiliter\downloads\telegram desktop\openbullet 1.4.4 anomaly modded version\openbulletrecreation\openbullet.core.tests\bin\debug\net9.0\openbullet.core.tests.dll" id="37f31d97-5b40-966d-965c-c745c3bbe18d">
      <Execution id="d0cdd25e-920f-4653-931b-37f31300c343" />
      <TestMethod codeBase="C:\Users\futiliter\Downloads\Telegram Desktop\Openbullet 1.4.4 Anomaly Modded Version\OpenBulletRecreation\OpenBullet.Core.Tests\bin\Debug\net9.0\OpenBullet.Core.Tests.dll" adapterTypeName="executor://xunit/VsTestRunner2/netcoreapp" className="OpenBullet.Core.Tests.Step6_RequestCommandTests" name="ValidateInstruction_With_Valid_HTTP_Methods_Should_Pass" />
    </UnitTest>
    <UnitTest name="OpenBullet.Core.Tests.Step8_KeyCheckerTests.EvaluateKeyChains_With_Custom_Status_Should_Set_Custom_Status" storage="c:\users\futiliter\downloads\telegram desktop\openbullet 1.4.4 anomaly modded version\openbulletrecreation\openbullet.core.tests\bin\debug\net9.0\openbullet.core.tests.dll" id="5fdccb70-bf72-4654-2735-b1455c20885f">
      <Execution id="3f98bf4e-05c3-4c12-9883-e4e5014d47fe" />
      <TestMethod codeBase="C:\Users\futiliter\Downloads\Telegram Desktop\Openbullet 1.4.4 Anomaly Modded Version\OpenBulletRecreation\OpenBullet.Core.Tests\bin\Debug\net9.0\OpenBullet.Core.Tests.dll" adapterTypeName="executor://xunit/VsTestRunner2/netcoreapp" className="OpenBullet.Core.Tests.Step8_KeyCheckerTests" name="EvaluateKeyChains_With_Custom_Status_Should_Set_Custom_Status" />
    </UnitTest>
    <UnitTest name="OpenBullet.Core.Tests.Step5_ValidationTests.LogEntry_Should_Initialize_With_Defaults" storage="c:\users\futiliter\downloads\telegram desktop\openbullet 1.4.4 anomaly modded version\openbulletrecreation\openbullet.core.tests\bin\debug\net9.0\openbullet.core.tests.dll" id="42dfffbf-46bb-b307-b15a-66533e569554">
      <Execution id="9d0225ed-8616-4883-a59e-1253ac9fa69e" />
      <TestMethod codeBase="C:\Users\futiliter\Downloads\Telegram Desktop\Openbullet 1.4.4 Anomaly Modded Version\OpenBulletRecreation\OpenBullet.Core.Tests\bin\Debug\net9.0\OpenBullet.Core.Tests.dll" adapterTypeName="executor://xunit/VsTestRunner2/netcoreapp" className="OpenBullet.Core.Tests.Step5_ValidationTests" name="LogEntry_Should_Initialize_With_Defaults" />
    </UnitTest>
    <UnitTest name="OpenBullet.Core.Tests.Step9_BotRunnerTests.BotStatusExtensions_IsSuccess_Should_Work_Correctly(status: Error, expectedIsSuccess: False)" storage="c:\users\futiliter\downloads\telegram desktop\openbullet 1.4.4 anomaly modded version\openbulletrecreation\openbullet.core.tests\bin\debug\net9.0\openbullet.core.tests.dll" id="325f2dbd-a55c-5661-1773-a5502b988f6f">
      <Execution id="f78cd77e-e47b-4458-b19f-771dd280f38b" />
      <TestMethod codeBase="C:\Users\futiliter\Downloads\Telegram Desktop\Openbullet 1.4.4 Anomaly Modded Version\OpenBulletRecreation\OpenBullet.Core.Tests\bin\Debug\net9.0\OpenBullet.Core.Tests.dll" adapterTypeName="executor://xunit/VsTestRunner2/netcoreapp" className="OpenBullet.Core.Tests.Step9_BotRunnerTests" name="BotStatusExtensions_IsSuccess_Should_Work_Correctly" />
    </UnitTest>
    <UnitTest name="OpenBullet.Core.Tests.Step11_StorageServicesTests.ResultStorage_Filtering_Should_Work" storage="c:\users\futiliter\downloads\telegram desktop\openbullet 1.4.4 anomaly modded version\openbulletrecreation\openbullet.core.tests\bin\debug\net9.0\openbullet.core.tests.dll" id="9f350ed9-744f-f89e-7a93-3e13d1dee64a">
      <Execution id="6d90db5f-43a9-4663-ae86-dfdad3ae9f81" />
      <TestMethod codeBase="C:\Users\futiliter\Downloads\Telegram Desktop\Openbullet 1.4.4 Anomaly Modded Version\OpenBulletRecreation\OpenBullet.Core.Tests\bin\Debug\net9.0\OpenBullet.Core.Tests.dll" adapterTypeName="executor://xunit/VsTestRunner2/netcoreapp" className="OpenBullet.Core.Tests.Step11_StorageServicesTests" name="ResultStorage_Filtering_Should_Work" />
    </UnitTest>
    <UnitTest name="OpenBullet.Core.Tests.Step3_PerformanceTests.SerializeConfig_Should_Be_Fast" storage="c:\users\futiliter\downloads\telegram desktop\openbullet 1.4.4 anomaly modded version\openbulletrecreation\openbullet.core.tests\bin\debug\net9.0\openbullet.core.tests.dll" id="0c1cd877-1d8b-b239-99c2-d1b8d3c6455f">
      <Execution id="bcec0b5f-0f26-4cdd-8f8d-3df4224c898c" />
      <TestMethod codeBase="C:\Users\futiliter\Downloads\Telegram Desktop\Openbullet 1.4.4 Anomaly Modded Version\OpenBulletRecreation\OpenBullet.Core.Tests\bin\Debug\net9.0\OpenBullet.Core.Tests.dll" adapterTypeName="executor://xunit/VsTestRunner2/netcoreapp" className="OpenBullet.Core.Tests.Step3_PerformanceTests" name="SerializeConfig_Should_Be_Fast" />
    </UnitTest>
    <UnitTest name="OpenBullet.Core.Tests.MockHttpClientServiceTests.SendAsync_Should_Handle_Success_Response" storage="c:\users\futiliter\downloads\telegram desktop\openbullet 1.4.4 anomaly modded version\openbulletrecreation\openbullet.core.tests\bin\debug\net9.0\openbullet.core.tests.dll" id="c24f0fad-2ffe-8cc3-89ca-da3d417e0a01">
      <Execution id="7901e2cb-8b78-4852-a09c-e0152d36a0a6" />
      <TestMethod codeBase="C:\Users\futiliter\Downloads\Telegram Desktop\Openbullet 1.4.4 Anomaly Modded Version\OpenBulletRecreation\OpenBullet.Core.Tests\bin\Debug\net9.0\OpenBullet.Core.Tests.dll" adapterTypeName="executor://xunit/VsTestRunner2/netcoreapp" className="OpenBullet.Core.Tests.MockHttpClientServiceTests" name="SendAsync_Should_Handle_Success_Response" />
    </UnitTest>
    <UnitTest name="OpenBullet.Core.Tests.Step10_ProxyExtensionsTests.ToBasicProxy_With_Null_Should_Throw" storage="c:\users\futiliter\downloads\telegram desktop\openbullet 1.4.4 anomaly modded version\openbulletrecreation\openbullet.core.tests\bin\debug\net9.0\openbullet.core.tests.dll" id="99896ef1-20d8-faaf-66ab-72fd26cf24e3">
      <Execution id="e164f9c0-4a84-4fe4-afbd-a438cf1bad9b" />
      <TestMethod codeBase="C:\Users\futiliter\Downloads\Telegram Desktop\Openbullet 1.4.4 Anomaly Modded Version\OpenBulletRecreation\OpenBullet.Core.Tests\bin\Debug\net9.0\OpenBullet.Core.Tests.dll" adapterTypeName="executor://xunit/VsTestRunner2/netcoreapp" className="OpenBullet.Core.Tests.Step10_ProxyExtensionsTests" name="ToBasicProxy_With_Null_Should_Throw" />
    </UnitTest>
    <UnitTest name="OpenBullet.Core.Tests.Step3_ValidationTests.IsValidConfigFile_Should_Handle_Various_Cases" storage="c:\users\futiliter\downloads\telegram desktop\openbullet 1.4.4 anomaly modded version\openbulletrecreation\openbullet.core.tests\bin\debug\net9.0\openbullet.core.tests.dll" id="3712a7c3-ebf0-037b-eb57-d08eca9efa89">
      <Execution id="e8ed2068-97d9-4ffd-b74b-70eb2c450594" />
      <TestMethod codeBase="C:\Users\futiliter\Downloads\Telegram Desktop\Openbullet 1.4.4 Anomaly Modded Version\OpenBulletRecreation\OpenBullet.Core.Tests\bin\Debug\net9.0\OpenBullet.Core.Tests.dll" adapterTypeName="executor://xunit/VsTestRunner2/netcoreapp" className="OpenBullet.Core.Tests.Step3_ValidationTests" name="IsValidConfigFile_Should_Handle_Various_Cases" />
    </UnitTest>
    <UnitTest name="OpenBullet.Core.Tests.Step7_ParsersTests.All_Parsers_Should_Implement_IsValidPattern(parseType: CSS)" storage="c:\users\futiliter\downloads\telegram desktop\openbullet 1.4.4 anomaly modded version\openbulletrecreation\openbullet.core.tests\bin\debug\net9.0\openbullet.core.tests.dll" id="c1a9e7eb-ecc5-ce89-139d-b03362a73509">
      <Execution id="8341e2ec-ace0-4fa8-944c-d8c81412d46f" />
      <TestMethod codeBase="C:\Users\futiliter\Downloads\Telegram Desktop\Openbullet 1.4.4 Anomaly Modded Version\OpenBulletRecreation\OpenBullet.Core.Tests\bin\Debug\net9.0\OpenBullet.Core.Tests.dll" adapterTypeName="executor://xunit/VsTestRunner2/netcoreapp" className="OpenBullet.Core.Tests.Step7_ParsersTests" name="All_Parsers_Should_Implement_IsValidPattern" />
    </UnitTest>
    <UnitTest name="OpenBullet.Core.Tests.Step2_HttpClientServiceTests.HttpResponseWrapper_Should_Initialize_With_Default_Values" storage="c:\users\futiliter\downloads\telegram desktop\openbullet 1.4.4 anomaly modded version\openbulletrecreation\openbullet.core.tests\bin\debug\net9.0\openbullet.core.tests.dll" id="869a1573-83a2-e45d-811d-6269cd671d1c">
      <Execution id="eb00d4cb-09f9-426a-94ac-6986076f8315" />
      <TestMethod codeBase="C:\Users\futiliter\Downloads\Telegram Desktop\Openbullet 1.4.4 Anomaly Modded Version\OpenBulletRecreation\OpenBullet.Core.Tests\bin\Debug\net9.0\OpenBullet.Core.Tests.dll" adapterTypeName="executor://xunit/VsTestRunner2/netcoreapp" className="OpenBullet.Core.Tests.Step2_HttpClientServiceTests" name="HttpResponseWrapper_Should_Initialize_With_Default_Values" />
    </UnitTest>
    <UnitTest name="OpenBullet.Core.Tests.Step3_ValidationTests.ConfigWarning_Types_Should_Be_Available(warningType: SuggestedImprovement)" storage="c:\users\futiliter\downloads\telegram desktop\openbullet 1.4.4 anomaly modded version\openbulletrecreation\openbullet.core.tests\bin\debug\net9.0\openbullet.core.tests.dll" id="0ddbcab5-2c85-659b-ca1f-460d8216cc82">
      <Execution id="ac41ed82-34aa-47d8-a53e-e30b9ff3fcad" />
      <TestMethod codeBase="C:\Users\futiliter\Downloads\Telegram Desktop\Openbullet 1.4.4 Anomaly Modded Version\OpenBulletRecreation\OpenBullet.Core.Tests\bin\Debug\net9.0\OpenBullet.Core.Tests.dll" adapterTypeName="executor://xunit/VsTestRunner2/netcoreapp" className="OpenBullet.Core.Tests.Step3_ValidationTests" name="ConfigWarning_Types_Should_Be_Available" />
    </UnitTest>
    <UnitTest name="OpenBullet.Core.Tests.Step5_ExecutionContextTests.Environment_Should_Be_Modifiable" storage="c:\users\futiliter\downloads\telegram desktop\openbullet 1.4.4 anomaly modded version\openbulletrecreation\openbullet.core.tests\bin\debug\net9.0\openbullet.core.tests.dll" id="9449f00c-512c-ef19-ba26-827b3f5e5e77">
      <Execution id="20343363-d6ab-4281-822b-5407c4874cda" />
      <TestMethod codeBase="C:\Users\futiliter\Downloads\Telegram Desktop\Openbullet 1.4.4 Anomaly Modded Version\OpenBulletRecreation\OpenBullet.Core.Tests\bin\Debug\net9.0\OpenBullet.Core.Tests.dll" adapterTypeName="executor://xunit/VsTestRunner2/netcoreapp" className="OpenBullet.Core.Tests.Step5_ExecutionContextTests" name="Environment_Should_Be_Modifiable" />
    </UnitTest>
    <UnitTest name="OpenBullet.Core.Tests.Step6_ValidationTests.RequestCommand_Should_Validate_HTTP_Methods_Correctly(method: &quot;INVALID&quot;, shouldBeValid: False)" storage="c:\users\futiliter\downloads\telegram desktop\openbullet 1.4.4 anomaly modded version\openbulletrecreation\openbullet.core.tests\bin\debug\net9.0\openbullet.core.tests.dll" id="5693cff7-7f84-bbae-5e2a-34f3e63ea80d">
      <Execution id="be342cc4-dc72-4219-b9b3-2fa01aeaf929" />
      <TestMethod codeBase="C:\Users\futiliter\Downloads\Telegram Desktop\Openbullet 1.4.4 Anomaly Modded Version\OpenBulletRecreation\OpenBullet.Core.Tests\bin\Debug\net9.0\OpenBullet.Core.Tests.dll" adapterTypeName="executor://xunit/VsTestRunner2/netcoreapp" className="OpenBullet.Core.Tests.Step6_ValidationTests" name="RequestCommand_Should_Validate_HTTP_Methods_Correctly" />
    </UnitTest>
    <UnitTest name="OpenBullet.Core.Tests.Step7_ParsersTests.All_Parsers_Should_Implement_IsValidPattern(parseType: Regex)" storage="c:\users\futiliter\downloads\telegram desktop\openbullet 1.4.4 anomaly modded version\openbulletrecreation\openbullet.core.tests\bin\debug\net9.0\openbullet.core.tests.dll" id="cf0d5fd5-b9f7-6236-5bbf-5359cde7c9e4">
      <Execution id="5111ea41-7103-4651-b5ac-38872eeb019a" />
      <TestMethod codeBase="C:\Users\futiliter\Downloads\Telegram Desktop\Openbullet 1.4.4 Anomaly Modded Version\OpenBulletRecreation\OpenBullet.Core.Tests\bin\Debug\net9.0\OpenBullet.Core.Tests.dll" adapterTypeName="executor://xunit/VsTestRunner2/netcoreapp" className="OpenBullet.Core.Tests.Step7_ParsersTests" name="All_Parsers_Should_Implement_IsValidPattern" />
    </UnitTest>
    <UnitTest name="OpenBullet.Core.Tests.Step7_ValidationTests.ParserFactory_Should_Handle_Basic_Operations" storage="c:\users\futiliter\downloads\telegram desktop\openbullet 1.4.4 anomaly modded version\openbulletrecreation\openbullet.core.tests\bin\debug\net9.0\openbullet.core.tests.dll" id="8ee95d42-b90f-0ede-02db-90b084c00ad4">
      <Execution id="f5a9ea3c-4cbf-45d2-85f6-1250c4f527da" />
      <TestMethod codeBase="C:\Users\futiliter\Downloads\Telegram Desktop\Openbullet 1.4.4 Anomaly Modded Version\OpenBulletRecreation\OpenBullet.Core.Tests\bin\Debug\net9.0\OpenBullet.Core.Tests.dll" adapterTypeName="executor://xunit/VsTestRunner2/netcoreapp" className="OpenBullet.Core.Tests.Step7_ValidationTests" name="ParserFactory_Should_Handle_Basic_Operations" />
    </UnitTest>
    <UnitTest name="OpenBullet.Core.Tests.Step5_ExecutionContextTests.Status_Property_Should_Fire_Event_When_Changed" storage="c:\users\futiliter\downloads\telegram desktop\openbullet 1.4.4 anomaly modded version\openbulletrecreation\openbullet.core.tests\bin\debug\net9.0\openbullet.core.tests.dll" id="566dd1b0-618e-2e69-f444-ac3d74b4a47a">
      <Execution id="8688ea99-3e32-46c8-9ea4-a442b984d104" />
      <TestMethod codeBase="C:\Users\futiliter\Downloads\Telegram Desktop\Openbullet 1.4.4 Anomaly Modded Version\OpenBulletRecreation\OpenBullet.Core.Tests\bin\Debug\net9.0\OpenBullet.Core.Tests.dll" adapterTypeName="executor://xunit/VsTestRunner2/netcoreapp" className="OpenBullet.Core.Tests.Step5_ExecutionContextTests" name="Status_Property_Should_Fire_Event_When_Changed" />
    </UnitTest>
    <UnitTest name="OpenBullet.Core.Tests.Step10_ProxyExtensionsTests.ValidateProxy_Should_Validate_Proxy_Strings(proxyString: &quot;http://proxy.example.com:3128&quot;, expectedValid: True, expectedError: null)" storage="c:\users\futiliter\downloads\telegram desktop\openbullet 1.4.4 anomaly modded version\openbulletrecreation\openbullet.core.tests\bin\debug\net9.0\openbullet.core.tests.dll" id="2d72e278-9335-1f74-be4c-a7b96b7f1c29">
      <Execution id="621ed12a-b67d-44ca-8202-47b3e08b8517" />
      <TestMethod codeBase="C:\Users\futiliter\Downloads\Telegram Desktop\Openbullet 1.4.4 Anomaly Modded Version\OpenBulletRecreation\OpenBullet.Core.Tests\bin\Debug\net9.0\OpenBullet.Core.Tests.dll" adapterTypeName="executor://xunit/VsTestRunner2/netcoreapp" className="OpenBullet.Core.Tests.Step10_ProxyExtensionsTests" name="ValidateProxy_Should_Validate_Proxy_Strings" />
    </UnitTest>
    <UnitTest name="OpenBullet.Core.Tests.Step5_ValidationTests.LogLevel_Values_Should_Have_Correct_Numeric_Values(level: Warning, expectedValue: 3)" storage="c:\users\futiliter\downloads\telegram desktop\openbullet 1.4.4 anomaly modded version\openbulletrecreation\openbullet.core.tests\bin\debug\net9.0\openbullet.core.tests.dll" id="7def2c2d-172e-b661-4ea7-aff41992a36f">
      <Execution id="09425264-2227-4498-af47-82eebe89715e" />
      <TestMethod codeBase="C:\Users\futiliter\Downloads\Telegram Desktop\Openbullet 1.4.4 Anomaly Modded Version\OpenBulletRecreation\OpenBullet.Core.Tests\bin\Debug\net9.0\OpenBullet.Core.Tests.dll" adapterTypeName="executor://xunit/VsTestRunner2/netcoreapp" className="OpenBullet.Core.Tests.Step5_ValidationTests" name="LogLevel_Values_Should_Have_Correct_Numeric_Values" />
    </UnitTest>
    <UnitTest name="OpenBullet.Core.Tests.Step2_HttpClientServiceTests.CreateClient_With_Proxy_Should_Configure_Proxy" storage="c:\users\futiliter\downloads\telegram desktop\openbullet 1.4.4 anomaly modded version\openbulletrecreation\openbullet.core.tests\bin\debug\net9.0\openbullet.core.tests.dll" id="d25eb223-284c-d96b-3c22-dcb6e1e6ba0b">
      <Execution id="ab9bfddd-c9fa-4115-997e-a872d5305b9a" />
      <TestMethod codeBase="C:\Users\futiliter\Downloads\Telegram Desktop\Openbullet 1.4.4 Anomaly Modded Version\OpenBulletRecreation\OpenBullet.Core.Tests\bin\Debug\net9.0\OpenBullet.Core.Tests.dll" adapterTypeName="executor://xunit/VsTestRunner2/netcoreapp" className="OpenBullet.Core.Tests.Step2_HttpClientServiceTests" name="CreateClient_With_Proxy_Should_Configure_Proxy" />
    </UnitTest>
    <UnitTest name="OpenBullet.Core.Tests.Step1_CoreInterfacesTests.ConfigSettings_Should_Initialize_With_Default_Values" storage="c:\users\futiliter\downloads\telegram desktop\openbullet 1.4.4 anomaly modded version\openbulletrecreation\openbullet.core.tests\bin\debug\net9.0\openbullet.core.tests.dll" id="9e0b2997-948c-a0ec-ac43-88fe5bc3c2bc">
      <Execution id="f79b56b4-5962-461c-b84b-da7490a95cc3" />
      <TestMethod codeBase="C:\Users\futiliter\Downloads\Telegram Desktop\Openbullet 1.4.4 Anomaly Modded Version\OpenBulletRecreation\OpenBullet.Core.Tests\bin\Debug\net9.0\OpenBullet.Core.Tests.dll" adapterTypeName="executor://xunit/VsTestRunner2/netcoreapp" className="OpenBullet.Core.Tests.Step1_CoreInterfacesTests" name="ConfigSettings_Should_Initialize_With_Default_Values" />
    </UnitTest>
    <UnitTest name="OpenBullet.Core.Tests.Step5_ExecutionContextTests.SetVariable_Should_Call_VariableManager_And_Update_Statistics" storage="c:\users\futiliter\downloads\telegram desktop\openbullet 1.4.4 anomaly modded version\openbulletrecreation\openbullet.core.tests\bin\debug\net9.0\openbullet.core.tests.dll" id="76fc591e-5a14-3db9-3cbe-4b458a910530">
      <Execution id="53e68a93-cebc-4afe-87c4-cf8b2dc21423" />
      <TestMethod codeBase="C:\Users\futiliter\Downloads\Telegram Desktop\Openbullet 1.4.4 Anomaly Modded Version\OpenBulletRecreation\OpenBullet.Core.Tests\bin\Debug\net9.0\OpenBullet.Core.Tests.dll" adapterTypeName="executor://xunit/VsTestRunner2/netcoreapp" className="OpenBullet.Core.Tests.Step5_ExecutionContextTests" name="SetVariable_Should_Call_VariableManager_And_Update_Statistics" />
    </UnitTest>
    <UnitTest name="OpenBullet.Core.Tests.Step5_IntegrationTests.Memory_Cleanup_Should_Work" storage="c:\users\futiliter\downloads\telegram desktop\openbullet 1.4.4 anomaly modded version\openbulletrecreation\openbullet.core.tests\bin\debug\net9.0\openbullet.core.tests.dll" id="68ee8ecc-27e3-26e8-e9cc-237e78543d13">
      <Execution id="6a7f0b34-77a3-46e5-8781-e8389659cecc" />
      <TestMethod codeBase="C:\Users\futiliter\Downloads\Telegram Desktop\Openbullet 1.4.4 Anomaly Modded Version\OpenBulletRecreation\OpenBullet.Core.Tests\bin\Debug\net9.0\OpenBullet.Core.Tests.dll" adapterTypeName="executor://xunit/VsTestRunner2/netcoreapp" className="OpenBullet.Core.Tests.Step5_IntegrationTests" name="Memory_Cleanup_Should_Work" />
    </UnitTest>
    <UnitTest name="OpenBullet.Core.Tests.Step2_HttpClientServiceTests.ProxyTestResult_Should_Initialize_With_Default_Values" storage="c:\users\futiliter\downloads\telegram desktop\openbullet 1.4.4 anomaly modded version\openbulletrecreation\openbullet.core.tests\bin\debug\net9.0\openbullet.core.tests.dll" id="b486ba41-7d1f-4bf8-fe94-2732c66d23e3">
      <Execution id="312bbead-97f6-4ef2-89fd-f45a5a6f76bc" />
      <TestMethod codeBase="C:\Users\futiliter\Downloads\Telegram Desktop\Openbullet 1.4.4 Anomaly Modded Version\OpenBulletRecreation\OpenBullet.Core.Tests\bin\Debug\net9.0\OpenBullet.Core.Tests.dll" adapterTypeName="executor://xunit/VsTestRunner2/netcoreapp" className="OpenBullet.Core.Tests.Step2_HttpClientServiceTests" name="ProxyTestResult_Should_Initialize_With_Default_Values" />
    </UnitTest>
    <UnitTest name="OpenBullet.Core.Tests.Step7_ParsersTests.RegexParser_Should_Parse_With_Regex_Pattern" storage="c:\users\futiliter\downloads\telegram desktop\openbullet 1.4.4 anomaly modded version\openbulletrecreation\openbullet.core.tests\bin\debug\net9.0\openbullet.core.tests.dll" id="95b2917f-8903-d3c4-4be8-e7d675d81589">
      <Execution id="5e1b14a6-0459-4abf-82e1-b523d85ebb7a" />
      <TestMethod codeBase="C:\Users\futiliter\Downloads\Telegram Desktop\Openbullet 1.4.4 Anomaly Modded Version\OpenBulletRecreation\OpenBullet.Core.Tests\bin\Debug\net9.0\OpenBullet.Core.Tests.dll" adapterTypeName="executor://xunit/VsTestRunner2/netcoreapp" className="OpenBullet.Core.Tests.Step7_ParsersTests" name="RegexParser_Should_Parse_With_Regex_Pattern" />
    </UnitTest>
    <UnitTest name="OpenBullet.Core.Tests.Step8_KeyCheckerTests.EvaluateKey_With_Various_Conditions_Should_Work(condition: IsNotNumeric, sourceValue: &quot;123&quot;, targetValue: &quot;&quot;, expected: False)" storage="c:\users\futiliter\downloads\telegram desktop\openbullet 1.4.4 anomaly modded version\openbulletrecreation\openbullet.core.tests\bin\debug\net9.0\openbullet.core.tests.dll" id="029bd715-bef5-33ec-c13d-c2062f2dcfd3">
      <Execution id="46f773b9-5f8a-4dd3-9f31-0219bbf8525c" />
      <TestMethod codeBase="C:\Users\futiliter\Downloads\Telegram Desktop\Openbullet 1.4.4 Anomaly Modded Version\OpenBulletRecreation\OpenBullet.Core.Tests\bin\Debug\net9.0\OpenBullet.Core.Tests.dll" adapterTypeName="executor://xunit/VsTestRunner2/netcoreapp" className="OpenBullet.Core.Tests.Step8_KeyCheckerTests" name="EvaluateKey_With_Various_Conditions_Should_Work" />
    </UnitTest>
    <UnitTest name="OpenBullet.Core.Tests.Step7_ParseCommandTests.ValidateInstruction_With_Invalid_Parse_Type_Should_Fail" storage="c:\users\futiliter\downloads\telegram desktop\openbullet 1.4.4 anomaly modded version\openbulletrecreation\openbullet.core.tests\bin\debug\net9.0\openbullet.core.tests.dll" id="a66afaed-7160-66c3-49d5-715bcafc3c48">
      <Execution id="9b0c350a-1503-4c64-ad46-73d6354deb5f" />
      <TestMethod codeBase="C:\Users\futiliter\Downloads\Telegram Desktop\Openbullet 1.4.4 Anomaly Modded Version\OpenBulletRecreation\OpenBullet.Core.Tests\bin\Debug\net9.0\OpenBullet.Core.Tests.dll" adapterTypeName="executor://xunit/VsTestRunner2/netcoreapp" className="OpenBullet.Core.Tests.Step7_ParseCommandTests" name="ValidateInstruction_With_Invalid_Parse_Type_Should_Fail" />
    </UnitTest>
    <UnitTest name="OpenBullet.Core.Tests.Step6_CommandFactoryTests.CreateCommand_Should_Handle_Construction_Errors" storage="c:\users\futiliter\downloads\telegram desktop\openbullet 1.4.4 anomaly modded version\openbulletrecreation\openbullet.core.tests\bin\debug\net9.0\openbullet.core.tests.dll" id="8ef9108c-001c-68dd-a79c-6ab6015d2d48">
      <Execution id="c18db54c-998d-489b-a5a6-fc62caa997f0" />
      <TestMethod codeBase="C:\Users\futiliter\Downloads\Telegram Desktop\Openbullet 1.4.4 Anomaly Modded Version\OpenBulletRecreation\OpenBullet.Core.Tests\bin\Debug\net9.0\OpenBullet.Core.Tests.dll" adapterTypeName="executor://xunit/VsTestRunner2/netcoreapp" className="OpenBullet.Core.Tests.Step6_CommandFactoryTests" name="CreateCommand_Should_Handle_Construction_Errors" />
    </UnitTest>
    <UnitTest name="OpenBullet.Core.Tests.Step7_ParseCommandTests.ValidateInstruction_With_Valid_Parse_Types_Should_Pass(parseType: &quot;LR&quot;)" storage="c:\users\futiliter\downloads\telegram desktop\openbullet 1.4.4 anomaly modded version\openbulletrecreation\openbullet.core.tests\bin\debug\net9.0\openbullet.core.tests.dll" id="ba2b630a-2d93-e4b0-814b-a1c22e86ca5e">
      <Execution id="365a8a3f-0849-49fe-8815-64d0f31d7042" />
      <TestMethod codeBase="C:\Users\futiliter\Downloads\Telegram Desktop\Openbullet 1.4.4 Anomaly Modded Version\OpenBulletRecreation\OpenBullet.Core.Tests\bin\Debug\net9.0\OpenBullet.Core.Tests.dll" adapterTypeName="executor://xunit/VsTestRunner2/netcoreapp" className="OpenBullet.Core.Tests.Step7_ParseCommandTests" name="ValidateInstruction_With_Valid_Parse_Types_Should_Pass" />
    </UnitTest>
    <UnitTest name="OpenBullet.Core.Tests.Step2_HttpClientServiceTests.PostFormAsync_Extension_Should_Work" storage="c:\users\futiliter\downloads\telegram desktop\openbullet 1.4.4 anomaly modded version\openbulletrecreation\openbullet.core.tests\bin\debug\net9.0\openbullet.core.tests.dll" id="b4167ba6-0fab-4439-1747-0e30e59284f3">
      <Execution id="d0891206-d99f-40dc-89f9-7474f410e90a" />
      <TestMethod codeBase="C:\Users\futiliter\Downloads\Telegram Desktop\Openbullet 1.4.4 Anomaly Modded Version\OpenBulletRecreation\OpenBullet.Core.Tests\bin\Debug\net9.0\OpenBullet.Core.Tests.dll" adapterTypeName="executor://xunit/VsTestRunner2/netcoreapp" className="OpenBullet.Core.Tests.Step2_HttpClientServiceTests" name="PostFormAsync_Extension_Should_Work" />
    </UnitTest>
    <UnitTest name="OpenBullet.Core.Tests.Step10_ValidationTests.ProxyPoolConfiguration_Should_Initialize_With_Defaults" storage="c:\users\futiliter\downloads\telegram desktop\openbullet 1.4.4 anomaly modded version\openbulletrecreation\openbullet.core.tests\bin\debug\net9.0\openbullet.core.tests.dll" id="52028fce-3fbb-884e-ec01-8d05da58de0a">
      <Execution id="e981c689-02bf-4a16-af07-8f900a9b5cea" />
      <TestMethod codeBase="C:\Users\futiliter\Downloads\Telegram Desktop\Openbullet 1.4.4 Anomaly Modded Version\OpenBulletRecreation\OpenBullet.Core.Tests\bin\Debug\net9.0\OpenBullet.Core.Tests.dll" adapterTypeName="executor://xunit/VsTestRunner2/netcoreapp" className="OpenBullet.Core.Tests.Step10_ValidationTests" name="ProxyPoolConfiguration_Should_Initialize_With_Defaults" />
    </UnitTest>
    <UnitTest name="OpenBullet.Core.Tests.Step5_IntegrationTests.Variable_Events_Should_Sync_Between_Components" storage="c:\users\futiliter\downloads\telegram desktop\openbullet 1.4.4 anomaly modded version\openbulletrecreation\openbullet.core.tests\bin\debug\net9.0\openbullet.core.tests.dll" id="6f08c510-2b8d-222e-300c-6a936274c5e2">
      <Execution id="1a962983-19c1-49b8-82b8-74184ebcb9d3" />
      <TestMethod codeBase="C:\Users\futiliter\Downloads\Telegram Desktop\Openbullet 1.4.4 Anomaly Modded Version\OpenBulletRecreation\OpenBullet.Core.Tests\bin\Debug\net9.0\OpenBullet.Core.Tests.dll" adapterTypeName="executor://xunit/VsTestRunner2/netcoreapp" className="OpenBullet.Core.Tests.Step5_IntegrationTests" name="Variable_Events_Should_Sync_Between_Components" />
    </UnitTest>
    <UnitTest name="OpenBullet.Core.Tests.Step10_ProxyManagerTests.AddProxyAsync_With_Valid_Proxy_Should_Add_Successfully" storage="c:\users\futiliter\downloads\telegram desktop\openbullet 1.4.4 anomaly modded version\openbulletrecreation\openbullet.core.tests\bin\debug\net9.0\openbullet.core.tests.dll" id="3d789cb4-e72f-8ac2-587a-a099a3944d9c">
      <Execution id="89580820-e6b9-4634-816d-95e17d400b28" />
      <TestMethod codeBase="C:\Users\futiliter\Downloads\Telegram Desktop\Openbullet 1.4.4 Anomaly Modded Version\OpenBulletRecreation\OpenBullet.Core.Tests\bin\Debug\net9.0\OpenBullet.Core.Tests.dll" adapterTypeName="executor://xunit/VsTestRunner2/netcoreapp" className="OpenBullet.Core.Tests.Step10_ProxyManagerTests" name="AddProxyAsync_With_Valid_Proxy_Should_Add_Successfully" />
    </UnitTest>
    <UnitTest name="OpenBullet.Core.Tests.Step8_ValidationTests.BotStatus_String_Conversion_Should_Work(stringValue: &quot;Success&quot;, expectedStatus: Success)" storage="c:\users\futiliter\downloads\telegram desktop\openbullet 1.4.4 anomaly modded version\openbulletrecreation\openbullet.core.tests\bin\debug\net9.0\openbullet.core.tests.dll" id="10f10726-da39-5d5b-0eae-67a2c419aa85">
      <Execution id="2660d381-c684-42c1-82f8-aba40a40e555" />
      <TestMethod codeBase="C:\Users\futiliter\Downloads\Telegram Desktop\Openbullet 1.4.4 Anomaly Modded Version\OpenBulletRecreation\OpenBullet.Core.Tests\bin\Debug\net9.0\OpenBullet.Core.Tests.dll" adapterTypeName="executor://xunit/VsTestRunner2/netcoreapp" className="OpenBullet.Core.Tests.Step8_ValidationTests" name="BotStatus_String_Conversion_Should_Work" />
    </UnitTest>
    <UnitTest name="OpenBullet.Core.Tests.Step4_ScriptParserTests.ParseLine_With_Simple_Command_Should_Parse_Correctly" storage="c:\users\futiliter\downloads\telegram desktop\openbullet 1.4.4 anomaly modded version\openbulletrecreation\openbullet.core.tests\bin\debug\net9.0\openbullet.core.tests.dll" id="0879a322-14aa-85e0-6c67-10da13ec48d3">
      <Execution id="09946da5-2cff-482f-8440-0022af9b2f69" />
      <TestMethod codeBase="C:\Users\futiliter\Downloads\Telegram Desktop\Openbullet 1.4.4 Anomaly Modded Version\OpenBulletRecreation\OpenBullet.Core.Tests\bin\Debug\net9.0\OpenBullet.Core.Tests.dll" adapterTypeName="executor://xunit/VsTestRunner2/netcoreapp" className="OpenBullet.Core.Tests.Step4_ScriptParserTests" name="ParseLine_With_Simple_Command_Should_Parse_Correctly" />
    </UnitTest>
    <UnitTest name="OpenBullet.Core.Tests.Step13_CoreServicesTests.AutoCompletionProvider_Should_Initialize" storage="c:\users\futiliter\downloads\telegram desktop\openbullet 1.4.4 anomaly modded version\openbulletrecreation\openbullet.core.tests\bin\debug\net9.0\openbullet.core.tests.dll" id="58759628-0e81-2a62-c5db-6cc51681d5d2">
      <Execution id="627f66d7-3912-453c-9362-304453c0de8f" />
      <TestMethod codeBase="C:\Users\futiliter\Downloads\Telegram Desktop\Openbullet 1.4.4 Anomaly Modded Version\OpenBulletRecreation\OpenBullet.Core.Tests\bin\Debug\net9.0\OpenBullet.Core.Tests.dll" adapterTypeName="executor://xunit/VsTestRunner2/netcoreapp" className="OpenBullet.Core.Tests.Step13_CoreServicesTests" name="AutoCompletionProvider_Should_Initialize" />
    </UnitTest>
    <UnitTest name="OpenBullet.Core.Tests.Step7_ParsersTests.CssParser_Should_Handle_Invalid_HTML" storage="c:\users\futiliter\downloads\telegram desktop\openbullet 1.4.4 anomaly modded version\openbulletrecreation\openbullet.core.tests\bin\debug\net9.0\openbullet.core.tests.dll" id="b46868fa-4134-71fa-6433-30b3656154e5">
      <Execution id="e8c27081-8eca-4a41-b87b-eef75303b6fe" />
      <TestMethod codeBase="C:\Users\futiliter\Downloads\Telegram Desktop\Openbullet 1.4.4 Anomaly Modded Version\OpenBulletRecreation\OpenBullet.Core.Tests\bin\Debug\net9.0\OpenBullet.Core.Tests.dll" adapterTypeName="executor://xunit/VsTestRunner2/netcoreapp" className="OpenBullet.Core.Tests.Step7_ParsersTests" name="CssParser_Should_Handle_Invalid_HTML" />
    </UnitTest>
    <UnitTest name="OpenBullet.Core.Tests.Step10_ValidationTests.Step10TestHelpers_Should_Create_Valid_Objects" storage="c:\users\futiliter\downloads\telegram desktop\openbullet 1.4.4 anomaly modded version\openbulletrecreation\openbullet.core.tests\bin\debug\net9.0\openbullet.core.tests.dll" id="dc671206-8be9-309c-b962-69cf439b850a">
      <Execution id="1401deb2-e9da-419e-85e5-1654ff4ce6de" />
      <TestMethod codeBase="C:\Users\futiliter\Downloads\Telegram Desktop\Openbullet 1.4.4 Anomaly Modded Version\OpenBulletRecreation\OpenBullet.Core.Tests\bin\Debug\net9.0\OpenBullet.Core.Tests.dll" adapterTypeName="executor://xunit/VsTestRunner2/netcoreapp" className="OpenBullet.Core.Tests.Step10_ValidationTests" name="Step10TestHelpers_Should_Create_Valid_Objects" />
    </UnitTest>
    <UnitTest name="OpenBullet.Core.Tests.Step11_StorageServicesTests.ProxyStorage_Cleanup_Should_Work" storage="c:\users\futiliter\downloads\telegram desktop\openbullet 1.4.4 anomaly modded version\openbulletrecreation\openbullet.core.tests\bin\debug\net9.0\openbullet.core.tests.dll" id="88caeabd-3152-30d7-f7c7-c7e5e15174de">
      <Execution id="ae8d6604-e476-47f4-809b-72210e477e7e" />
      <TestMethod codeBase="C:\Users\futiliter\Downloads\Telegram Desktop\Openbullet 1.4.4 Anomaly Modded Version\OpenBulletRecreation\OpenBullet.Core.Tests\bin\Debug\net9.0\OpenBullet.Core.Tests.dll" adapterTypeName="executor://xunit/VsTestRunner2/netcoreapp" className="OpenBullet.Core.Tests.Step11_StorageServicesTests" name="ProxyStorage_Cleanup_Should_Work" />
    </UnitTest>
    <UnitTest name="OpenBullet.Core.Tests.Step9_BotRunnerTests.BotStatusExtensions_IsError_Should_Work_Correctly(status: Error, expectedIsError: True)" storage="c:\users\futiliter\downloads\telegram desktop\openbullet 1.4.4 anomaly modded version\openbulletrecreation\openbullet.core.tests\bin\debug\net9.0\openbullet.core.tests.dll" id="24a2ee4c-14fc-b335-95ea-40ff078e82ac">
      <Execution id="4d0f2eab-e49e-4755-84ca-23f2feba8b54" />
      <TestMethod codeBase="C:\Users\futiliter\Downloads\Telegram Desktop\Openbullet 1.4.4 Anomaly Modded Version\OpenBulletRecreation\OpenBullet.Core.Tests\bin\Debug\net9.0\OpenBullet.Core.Tests.dll" adapterTypeName="executor://xunit/VsTestRunner2/netcoreapp" className="OpenBullet.Core.Tests.Step9_BotRunnerTests" name="BotStatusExtensions_IsError_Should_Work_Correctly" />
    </UnitTest>
    <UnitTest name="OpenBullet.Core.Tests.Step9_JobManagerTests.GetJobStatus_With_Valid_JobId_Should_Return_Current_Status" storage="c:\users\futiliter\downloads\telegram desktop\openbullet 1.4.4 anomaly modded version\openbulletrecreation\openbullet.core.tests\bin\debug\net9.0\openbullet.core.tests.dll" id="07fd48b1-6e1e-3652-57e8-e7eb4c310ef8">
      <Execution id="73867c73-3d2d-41db-86ed-1c3463865da0" />
      <TestMethod codeBase="C:\Users\futiliter\Downloads\Telegram Desktop\Openbullet 1.4.4 Anomaly Modded Version\OpenBulletRecreation\OpenBullet.Core.Tests\bin\Debug\net9.0\OpenBullet.Core.Tests.dll" adapterTypeName="executor://xunit/VsTestRunner2/netcoreapp" className="OpenBullet.Core.Tests.Step9_JobManagerTests" name="GetJobStatus_With_Valid_JobId_Should_Return_Current_Status" />
    </UnitTest>
    <UnitTest name="OpenBullet.Core.Tests.Step8_ValidationTests.KeyChainLogic_String_Conversion_Should_Work(stringValue: &quot;AND&quot;, expectedLogic: AND)" storage="c:\users\futiliter\downloads\telegram desktop\openbullet 1.4.4 anomaly modded version\openbulletrecreation\openbullet.core.tests\bin\debug\net9.0\openbullet.core.tests.dll" id="836f2c08-2dfd-ae9d-9d3b-0f0b4470fea8">
      <Execution id="3e427b6d-f962-4243-bc1a-be749127ba62" />
      <TestMethod codeBase="C:\Users\futiliter\Downloads\Telegram Desktop\Openbullet 1.4.4 Anomaly Modded Version\OpenBulletRecreation\OpenBullet.Core.Tests\bin\Debug\net9.0\OpenBullet.Core.Tests.dll" adapterTypeName="executor://xunit/VsTestRunner2/netcoreapp" className="OpenBullet.Core.Tests.Step8_ValidationTests" name="KeyChainLogic_String_Conversion_Should_Work" />
    </UnitTest>
    <UnitTest name="OpenBullet.Core.Tests.Step8_KeyCheckerTests.EvaluateKey_With_Invalid_Regex_Should_Return_False" storage="c:\users\futiliter\downloads\telegram desktop\openbullet 1.4.4 anomaly modded version\openbulletrecreation\openbullet.core.tests\bin\debug\net9.0\openbullet.core.tests.dll" id="7aeac4a6-cae1-60dd-36c7-e3e4e71871e3">
      <Execution id="5be87df4-e404-4daa-a1a2-989bccedbd26" />
      <TestMethod codeBase="C:\Users\futiliter\Downloads\Telegram Desktop\Openbullet 1.4.4 Anomaly Modded Version\OpenBulletRecreation\OpenBullet.Core.Tests\bin\Debug\net9.0\OpenBullet.Core.Tests.dll" adapterTypeName="executor://xunit/VsTestRunner2/netcoreapp" className="OpenBullet.Core.Tests.Step8_KeyCheckerTests" name="EvaluateKey_With_Invalid_Regex_Should_Return_False" />
    </UnitTest>
    <UnitTest name="OpenBullet.Core.Tests.Step9_BotRunnerTests.BotStatusExtensions_ShouldRetry_Should_Work_Correctly(status: Retry, expectedShouldRetry: True)" storage="c:\users\futiliter\downloads\telegram desktop\openbullet 1.4.4 anomaly modded version\openbulletrecreation\openbullet.core.tests\bin\debug\net9.0\openbullet.core.tests.dll" id="4652ddc9-df14-d52e-b255-fa05a76f9c6e">
      <Execution id="9a823b87-e4fb-47da-9a84-5b9862a6163f" />
      <TestMethod codeBase="C:\Users\futiliter\Downloads\Telegram Desktop\Openbullet 1.4.4 Anomaly Modded Version\OpenBulletRecreation\OpenBullet.Core.Tests\bin\Debug\net9.0\OpenBullet.Core.Tests.dll" adapterTypeName="executor://xunit/VsTestRunner2/netcoreapp" className="OpenBullet.Core.Tests.Step9_BotRunnerTests" name="BotStatusExtensions_ShouldRetry_Should_Work_Correctly" />
    </UnitTest>
    <UnitTest name="OpenBullet.Core.Tests.Step7_ParseCommandTests.ExecuteAsync_With_JSON_Parser_Should_Extract_Data" storage="c:\users\futiliter\downloads\telegram desktop\openbullet 1.4.4 anomaly modded version\openbulletrecreation\openbullet.core.tests\bin\debug\net9.0\openbullet.core.tests.dll" id="a3e6445c-a959-3f21-469c-366950a14fd2">
      <Execution id="067f9fc3-9a5a-4c0b-93b2-bd49eaed0e68" />
      <TestMethod codeBase="C:\Users\futiliter\Downloads\Telegram Desktop\Openbullet 1.4.4 Anomaly Modded Version\OpenBulletRecreation\OpenBullet.Core.Tests\bin\Debug\net9.0\OpenBullet.Core.Tests.dll" adapterTypeName="executor://xunit/VsTestRunner2/netcoreapp" className="OpenBullet.Core.Tests.Step7_ParseCommandTests" name="ExecuteAsync_With_JSON_Parser_Should_Extract_Data" />
    </UnitTest>
    <UnitTest name="OpenBullet.Core.Tests.Step2_HttpClientServiceTests.SetGlobalConfiguration_With_Null_Should_Throw" storage="c:\users\futiliter\downloads\telegram desktop\openbullet 1.4.4 anomaly modded version\openbulletrecreation\openbullet.core.tests\bin\debug\net9.0\openbullet.core.tests.dll" id="664170bb-49ab-2dbc-6999-0004d66bb43b">
      <Execution id="42864766-8e34-453d-9a66-5da0d89af8e9" />
      <TestMethod codeBase="C:\Users\futiliter\Downloads\Telegram Desktop\Openbullet 1.4.4 Anomaly Modded Version\OpenBulletRecreation\OpenBullet.Core.Tests\bin\Debug\net9.0\OpenBullet.Core.Tests.dll" adapterTypeName="executor://xunit/VsTestRunner2/netcoreapp" className="OpenBullet.Core.Tests.Step2_HttpClientServiceTests" name="SetGlobalConfiguration_With_Null_Should_Throw" />
    </UnitTest>
    <UnitTest name="OpenBullet.Core.Tests.Step5_ExecutionContextTests.AddLog_Should_Respect_LogLevel_Filter" storage="c:\users\futiliter\downloads\telegram desktop\openbullet 1.4.4 anomaly modded version\openbulletrecreation\openbullet.core.tests\bin\debug\net9.0\openbullet.core.tests.dll" id="e9f4c774-2e72-d9cf-39a8-19f75b31a69d">
      <Execution id="92d8f855-a1b1-465a-9615-79f8fc8b39d2" />
      <TestMethod codeBase="C:\Users\futiliter\Downloads\Telegram Desktop\Openbullet 1.4.4 Anomaly Modded Version\OpenBulletRecreation\OpenBullet.Core.Tests\bin\Debug\net9.0\OpenBullet.Core.Tests.dll" adapterTypeName="executor://xunit/VsTestRunner2/netcoreapp" className="OpenBullet.Core.Tests.Step5_ExecutionContextTests" name="AddLog_Should_Respect_LogLevel_Filter" />
    </UnitTest>
    <UnitTest name="OpenBullet.Core.Tests.Step8_KeyCheckerTests.EvaluateKey_With_Contains_Case_Insensitive_Should_Work" storage="c:\users\futiliter\downloads\telegram desktop\openbullet 1.4.4 anomaly modded version\openbulletrecreation\openbullet.core.tests\bin\debug\net9.0\openbullet.core.tests.dll" id="9930c94c-5179-6c46-b31a-5b92171a0bdc">
      <Execution id="926b9ccd-d1f6-42da-8e1a-254af6e74eb2" />
      <TestMethod codeBase="C:\Users\futiliter\Downloads\Telegram Desktop\Openbullet 1.4.4 Anomaly Modded Version\OpenBulletRecreation\OpenBullet.Core.Tests\bin\Debug\net9.0\OpenBullet.Core.Tests.dll" adapterTypeName="executor://xunit/VsTestRunner2/netcoreapp" className="OpenBullet.Core.Tests.Step8_KeyCheckerTests" name="EvaluateKey_With_Contains_Case_Insensitive_Should_Work" />
    </UnitTest>
    <UnitTest name="OpenBullet.Core.Tests.Step10_ProxyExtensionsTests.ToBasicProxy_Should_Convert_Enhanced_To_Basic" storage="c:\users\futiliter\downloads\telegram desktop\openbullet 1.4.4 anomaly modded version\openbulletrecreation\openbullet.core.tests\bin\debug\net9.0\openbullet.core.tests.dll" id="f4169455-d1e3-d942-3512-8e1fbc2380e6">
      <Execution id="e9765870-6aa5-4078-bdac-099435d2c781" />
      <TestMethod codeBase="C:\Users\futiliter\Downloads\Telegram Desktop\Openbullet 1.4.4 Anomaly Modded Version\OpenBulletRecreation\OpenBullet.Core.Tests\bin\Debug\net9.0\OpenBullet.Core.Tests.dll" adapterTypeName="executor://xunit/VsTestRunner2/netcoreapp" className="OpenBullet.Core.Tests.Step10_ProxyExtensionsTests" name="ToBasicProxy_Should_Convert_Enhanced_To_Basic" />
    </UnitTest>
    <UnitTest name="OpenBullet.Core.Tests.Step3_ValidationTests.Step3TestHelpers_Should_Create_Valid_Objects" storage="c:\users\futiliter\downloads\telegram desktop\openbullet 1.4.4 anomaly modded version\openbulletrecreation\openbullet.core.tests\bin\debug\net9.0\openbullet.core.tests.dll" id="4ab842e3-22e8-3e2a-f1bd-98a7f6c9799c">
      <Execution id="5a64c28c-39bb-468b-83e9-6f0f4c85bb2f" />
      <TestMethod codeBase="C:\Users\futiliter\Downloads\Telegram Desktop\Openbullet 1.4.4 Anomaly Modded Version\OpenBulletRecreation\OpenBullet.Core.Tests\bin\Debug\net9.0\OpenBullet.Core.Tests.dll" adapterTypeName="executor://xunit/VsTestRunner2/netcoreapp" className="OpenBullet.Core.Tests.Step3_ValidationTests" name="Step3TestHelpers_Should_Create_Valid_Objects" />
    </UnitTest>
    <UnitTest name="OpenBullet.Core.Tests.Step11_StorageServicesTests.Performance_Test_Large_Dataset" storage="c:\users\futiliter\downloads\telegram desktop\openbullet 1.4.4 anomaly modded version\openbulletrecreation\openbullet.core.tests\bin\debug\net9.0\openbullet.core.tests.dll" id="657a307f-dfaa-5548-55eb-97ad5976b156">
      <Execution id="af0e505e-6ead-47be-813e-ec656ad664fe" />
      <TestMethod codeBase="C:\Users\futiliter\Downloads\Telegram Desktop\Openbullet 1.4.4 Anomaly Modded Version\OpenBulletRecreation\OpenBullet.Core.Tests\bin\Debug\net9.0\OpenBullet.Core.Tests.dll" adapterTypeName="executor://xunit/VsTestRunner2/netcoreapp" className="OpenBullet.Core.Tests.Step11_StorageServicesTests" name="Performance_Test_Large_Dataset" />
    </UnitTest>
    <UnitTest name="OpenBullet.Core.Tests.Step6_IntegrationTests.RequestCommand_Should_Throw_With_Invalid_ServiceProvider" storage="c:\users\futiliter\downloads\telegram desktop\openbullet 1.4.4 anomaly modded version\openbulletrecreation\openbullet.core.tests\bin\debug\net9.0\openbullet.core.tests.dll" id="54006b51-74cf-919f-9055-33d73e0387da">
      <Execution id="e39a29cf-56f5-4ebd-9bf0-e9fff0583d2f" />
      <TestMethod codeBase="C:\Users\futiliter\Downloads\Telegram Desktop\Openbullet 1.4.4 Anomaly Modded Version\OpenBulletRecreation\OpenBullet.Core.Tests\bin\Debug\net9.0\OpenBullet.Core.Tests.dll" adapterTypeName="executor://xunit/VsTestRunner2/netcoreapp" className="OpenBullet.Core.Tests.Step6_IntegrationTests" name="RequestCommand_Should_Throw_With_Invalid_ServiceProvider" />
    </UnitTest>
    <UnitTest name="OpenBullet.Core.Tests.Step1_CoreInterfacesTests.BotData_AddLogEntry_Should_Add_Timestamped_Entry" storage="c:\users\futiliter\downloads\telegram desktop\openbullet 1.4.4 anomaly modded version\openbulletrecreation\openbullet.core.tests\bin\debug\net9.0\openbullet.core.tests.dll" id="1e68b374-770c-bf13-db58-12c6446252fa">
      <Execution id="f8f5b9a4-0330-44e3-83ae-e5c582af2493" />
      <TestMethod codeBase="C:\Users\futiliter\Downloads\Telegram Desktop\Openbullet 1.4.4 Anomaly Modded Version\OpenBulletRecreation\OpenBullet.Core.Tests\bin\Debug\net9.0\OpenBullet.Core.Tests.dll" adapterTypeName="executor://xunit/VsTestRunner2/netcoreapp" className="OpenBullet.Core.Tests.Step1_CoreInterfacesTests" name="BotData_AddLogEntry_Should_Add_Timestamped_Entry" />
    </UnitTest>
    <UnitTest name="OpenBullet.Core.Tests.Step10_ValidationTests.Enum_Combinations_Should_Be_Valid(rotationStrategy: Random, strategy: Shared, health: Slow)" storage="c:\users\futiliter\downloads\telegram desktop\openbullet 1.4.4 anomaly modded version\openbulletrecreation\openbullet.core.tests\bin\debug\net9.0\openbullet.core.tests.dll" id="4e9d257c-fc57-734a-4313-35a6f23c9ff7">
      <Execution id="1fd2d2bd-eee8-4501-afeb-e65dd9cbcf29" />
      <TestMethod codeBase="C:\Users\futiliter\Downloads\Telegram Desktop\Openbullet 1.4.4 Anomaly Modded Version\OpenBulletRecreation\OpenBullet.Core.Tests\bin\Debug\net9.0\OpenBullet.Core.Tests.dll" adapterTypeName="executor://xunit/VsTestRunner2/netcoreapp" className="OpenBullet.Core.Tests.Step10_ValidationTests" name="Enum_Combinations_Should_Be_Valid" />
    </UnitTest>
    <UnitTest name="OpenBullet.Core.Tests.Step10_ProxyExtensionsTests.ProxyTestResult_DetermineHealth_Should_Set_Health_Correctly(initialHealth: Unknown, successRate: 85, responseTimeMs: 3000, expectedHealth: Unreliable)" storage="c:\users\futiliter\downloads\telegram desktop\openbullet 1.4.4 anomaly modded version\openbulletrecreation\openbullet.core.tests\bin\debug\net9.0\openbullet.core.tests.dll" id="8f80afa6-e6b1-deb1-4de8-14ad4f901804">
      <Execution id="8c3326c9-b2a3-47d7-98bd-a5613e2d3261" />
      <TestMethod codeBase="C:\Users\futiliter\Downloads\Telegram Desktop\Openbullet 1.4.4 Anomaly Modded Version\OpenBulletRecreation\OpenBullet.Core.Tests\bin\Debug\net9.0\OpenBullet.Core.Tests.dll" adapterTypeName="executor://xunit/VsTestRunner2/netcoreapp" className="OpenBullet.Core.Tests.Step10_ProxyExtensionsTests" name="ProxyTestResult_DetermineHealth_Should_Set_Health_Correctly" />
    </UnitTest>
    <UnitTest name="OpenBullet.Core.Tests.Step10_ProxyExtensionsTests.IsHighPriority_Should_Determine_Priority_Correctly(health: Healthy, successRate: 95, responseTimeMs: 4000, expectedHighPriority: False)" storage="c:\users\futiliter\downloads\telegram desktop\openbullet 1.4.4 anomaly modded version\openbulletrecreation\openbullet.core.tests\bin\debug\net9.0\openbullet.core.tests.dll" id="bdaa7f64-0350-dc40-74ab-7019dba304e2">
      <Execution id="0d39114c-2f35-4ba0-ab34-29e1438b8d04" />
      <TestMethod codeBase="C:\Users\futiliter\Downloads\Telegram Desktop\Openbullet 1.4.4 Anomaly Modded Version\OpenBulletRecreation\OpenBullet.Core.Tests\bin\Debug\net9.0\OpenBullet.Core.Tests.dll" adapterTypeName="executor://xunit/VsTestRunner2/netcoreapp" className="OpenBullet.Core.Tests.Step10_ProxyExtensionsTests" name="IsHighPriority_Should_Determine_Priority_Correctly" />
    </UnitTest>
    <UnitTest name="OpenBullet.Core.Tests.Step10_ProxyJobManagerTests.ProxyStrategy_Enum_Should_Have_All_Values(strategy: None)" storage="c:\users\futiliter\downloads\telegram desktop\openbullet 1.4.4 anomaly modded version\openbulletrecreation\openbullet.core.tests\bin\debug\net9.0\openbullet.core.tests.dll" id="5bff06c5-fde9-c2b5-99eb-cd5ccd84aef9">
      <Execution id="eb052f16-c6a7-4fc0-9cd7-5460feb3558d" />
      <TestMethod codeBase="C:\Users\futiliter\Downloads\Telegram Desktop\Openbullet 1.4.4 Anomaly Modded Version\OpenBulletRecreation\OpenBullet.Core.Tests\bin\Debug\net9.0\OpenBullet.Core.Tests.dll" adapterTypeName="executor://xunit/VsTestRunner2/netcoreapp" className="OpenBullet.Core.Tests.Step10_ProxyJobManagerTests" name="ProxyStrategy_Enum_Should_Have_All_Values" />
    </UnitTest>
    <UnitTest name="OpenBullet.Core.Tests.Step7_ParsersTests.LeftRightParser_Should_Handle_Multiple_Matches" storage="c:\users\futiliter\downloads\telegram desktop\openbullet 1.4.4 anomaly modded version\openbulletrecreation\openbullet.core.tests\bin\debug\net9.0\openbullet.core.tests.dll" id="c3d46a4a-1270-0345-653a-65176cc47090">
      <Execution id="1b9f8cac-566b-4dc6-88bc-a5e2dfc12a23" />
      <TestMethod codeBase="C:\Users\futiliter\Downloads\Telegram Desktop\Openbullet 1.4.4 Anomaly Modded Version\OpenBulletRecreation\OpenBullet.Core.Tests\bin\Debug\net9.0\OpenBullet.Core.Tests.dll" adapterTypeName="executor://xunit/VsTestRunner2/netcoreapp" className="OpenBullet.Core.Tests.Step7_ParsersTests" name="LeftRightParser_Should_Handle_Multiple_Matches" />
    </UnitTest>
    <UnitTest name="OpenBullet.Core.Tests.Step6_CommandMetadataTests.CommandMetadata_Can_Be_Configured" storage="c:\users\futiliter\downloads\telegram desktop\openbullet 1.4.4 anomaly modded version\openbulletrecreation\openbullet.core.tests\bin\debug\net9.0\openbullet.core.tests.dll" id="a0c7c9d2-f524-a1be-b032-51d6482d45cb">
      <Execution id="b35d5ee5-b9b4-4947-8844-3aaf7a7de367" />
      <TestMethod codeBase="C:\Users\futiliter\Downloads\Telegram Desktop\Openbullet 1.4.4 Anomaly Modded Version\OpenBulletRecreation\OpenBullet.Core.Tests\bin\Debug\net9.0\OpenBullet.Core.Tests.dll" adapterTypeName="executor://xunit/VsTestRunner2/netcoreapp" className="OpenBullet.Core.Tests.Step6_CommandMetadataTests" name="CommandMetadata_Can_Be_Configured" />
    </UnitTest>
    <UnitTest name="OpenBullet.Core.Tests.Step11_StorageServicesTests.ConfigurationStorage_CreateFromModel_Should_Work" storage="c:\users\futiliter\downloads\telegram desktop\openbullet 1.4.4 anomaly modded version\openbulletrecreation\openbullet.core.tests\bin\debug\net9.0\openbullet.core.tests.dll" id="8770a9fd-384a-90c2-5bf0-9f71af540491">
      <Execution id="e406c376-f20d-4f73-ba2a-0e2f03ec1adc" />
      <TestMethod codeBase="C:\Users\futiliter\Downloads\Telegram Desktop\Openbullet 1.4.4 Anomaly Modded Version\OpenBulletRecreation\OpenBullet.Core.Tests\bin\Debug\net9.0\OpenBullet.Core.Tests.dll" adapterTypeName="executor://xunit/VsTestRunner2/netcoreapp" className="OpenBullet.Core.Tests.Step11_StorageServicesTests" name="ConfigurationStorage_CreateFromModel_Should_Work" />
    </UnitTest>
    <UnitTest name="OpenBullet.Core.Tests.Step7_ParseCommandTests.ExecuteAsync_With_CSS_Parser_Should_Extract_Data" storage="c:\users\futiliter\downloads\telegram desktop\openbullet 1.4.4 anomaly modded version\openbulletrecreation\openbullet.core.tests\bin\debug\net9.0\openbullet.core.tests.dll" id="280bc978-4cea-a415-8aa8-df89c3c8db84">
      <Execution id="b215e633-f86f-4c88-bda9-89992812fe04" />
      <TestMethod codeBase="C:\Users\futiliter\Downloads\Telegram Desktop\Openbullet 1.4.4 Anomaly Modded Version\OpenBulletRecreation\OpenBullet.Core.Tests\bin\Debug\net9.0\OpenBullet.Core.Tests.dll" adapterTypeName="executor://xunit/VsTestRunner2/netcoreapp" className="OpenBullet.Core.Tests.Step7_ParseCommandTests" name="ExecuteAsync_With_CSS_Parser_Should_Extract_Data" />
    </UnitTest>
    <UnitTest name="OpenBullet.Core.Tests.Step3_ConfigurationServiceTests.ValidateConfigAsync_With_Invalid_Json_Should_Return_Errors" storage="c:\users\futiliter\downloads\telegram desktop\openbullet 1.4.4 anomaly modded version\openbulletrecreation\openbullet.core.tests\bin\debug\net9.0\openbullet.core.tests.dll" id="46b38ea0-b955-6685-8a77-d43834a585d0">
      <Execution id="0b76551d-0c39-4699-9bc9-ae8d5e5308a3" />
      <TestMethod codeBase="C:\Users\futiliter\Downloads\Telegram Desktop\Openbullet 1.4.4 Anomaly Modded Version\OpenBulletRecreation\OpenBullet.Core.Tests\bin\Debug\net9.0\OpenBullet.Core.Tests.dll" adapterTypeName="executor://xunit/VsTestRunner2/netcoreapp" className="OpenBullet.Core.Tests.Step3_ConfigurationServiceTests" name="ValidateConfigAsync_With_Invalid_Json_Should_Return_Errors" />
    </UnitTest>
    <UnitTest name="OpenBullet.Core.Tests.Step8_KeyCheckerTests.EvaluateKey_With_Various_Conditions_Should_Work(condition: IsEmpty, sourceValue: &quot;&quot;, targetValue: &quot;&quot;, expected: True)" storage="c:\users\futiliter\downloads\telegram desktop\openbullet 1.4.4 anomaly modded version\openbulletrecreation\openbullet.core.tests\bin\debug\net9.0\openbullet.core.tests.dll" id="6813b3f7-b8f3-8dd3-4fa0-1fcd1ef38927">
      <Execution id="ebafd9ae-045d-4cae-abd7-5e66dcc85198" />
      <TestMethod codeBase="C:\Users\futiliter\Downloads\Telegram Desktop\Openbullet 1.4.4 Anomaly Modded Version\OpenBulletRecreation\OpenBullet.Core.Tests\bin\Debug\net9.0\OpenBullet.Core.Tests.dll" adapterTypeName="executor://xunit/VsTestRunner2/netcoreapp" className="OpenBullet.Core.Tests.Step8_KeyCheckerTests" name="EvaluateKey_With_Various_Conditions_Should_Work" />
    </UnitTest>
    <UnitTest name="OpenBullet.Core.Tests.Step2_HttpClientServiceTests.SetGlobalConfiguration_Should_Update_Configuration" storage="c:\users\futiliter\downloads\telegram desktop\openbullet 1.4.4 anomaly modded version\openbulletrecreation\openbullet.core.tests\bin\debug\net9.0\openbullet.core.tests.dll" id="eb1895a7-dce3-18d4-1552-2bc2adabc819">
      <Execution id="945bd1c6-bd24-42ba-99f3-7cb5483babd5" />
      <TestMethod codeBase="C:\Users\futiliter\Downloads\Telegram Desktop\Openbullet 1.4.4 Anomaly Modded Version\OpenBulletRecreation\OpenBullet.Core.Tests\bin\Debug\net9.0\OpenBullet.Core.Tests.dll" adapterTypeName="executor://xunit/VsTestRunner2/netcoreapp" className="OpenBullet.Core.Tests.Step2_HttpClientServiceTests" name="SetGlobalConfiguration_Should_Update_Configuration" />
    </UnitTest>
    <UnitTest name="OpenBullet.Core.Tests.Step10_ProxyJobManagerTests.ProxyJobManager_Can_Be_Created" storage="c:\users\futiliter\downloads\telegram desktop\openbullet 1.4.4 anomaly modded version\openbulletrecreation\openbullet.core.tests\bin\debug\net9.0\openbullet.core.tests.dll" id="33050649-ff15-b2d4-9412-79fd949864f9">
      <Execution id="3e82455e-8bdd-476c-96da-ec8dcffc0584" />
      <TestMethod codeBase="C:\Users\futiliter\Downloads\Telegram Desktop\Openbullet 1.4.4 Anomaly Modded Version\OpenBulletRecreation\OpenBullet.Core.Tests\bin\Debug\net9.0\OpenBullet.Core.Tests.dll" adapterTypeName="executor://xunit/VsTestRunner2/netcoreapp" className="OpenBullet.Core.Tests.Step10_ProxyJobManagerTests" name="ProxyJobManager_Can_Be_Created" />
    </UnitTest>
    <UnitTest name="OpenBullet.Core.Tests.Step8_KeyCheckerTests.EvaluateKey_With_GreaterThan_Condition_Should_Work(sourceValue: &quot;50&quot;, targetValue: &quot;100&quot;, expected: False)" storage="c:\users\futiliter\downloads\telegram desktop\openbullet 1.4.4 anomaly modded version\openbulletrecreation\openbullet.core.tests\bin\debug\net9.0\openbullet.core.tests.dll" id="bca9d0f0-da47-1009-d0de-b368cc57866e">
      <Execution id="c7e064d0-468f-4357-8a72-914698dac1e0" />
      <TestMethod codeBase="C:\Users\futiliter\Downloads\Telegram Desktop\Openbullet 1.4.4 Anomaly Modded Version\OpenBulletRecreation\OpenBullet.Core.Tests\bin\Debug\net9.0\OpenBullet.Core.Tests.dll" adapterTypeName="executor://xunit/VsTestRunner2/netcoreapp" className="OpenBullet.Core.Tests.Step8_KeyCheckerTests" name="EvaluateKey_With_GreaterThan_Condition_Should_Work" />
    </UnitTest>
    <UnitTest name="OpenBullet.Core.Tests.Step10_ProxyManagerTests.GetNextProxyAsync_Should_Work_With_All_Rotation_Strategies(strategy: Sticky)" storage="c:\users\futiliter\downloads\telegram desktop\openbullet 1.4.4 anomaly modded version\openbulletrecreation\openbullet.core.tests\bin\debug\net9.0\openbullet.core.tests.dll" id="1b509383-81e5-854a-617c-4fba16ed3aca">
      <Execution id="65d3b9c3-f641-4bc7-8e8d-972844d95cec" />
      <TestMethod codeBase="C:\Users\futiliter\Downloads\Telegram Desktop\Openbullet 1.4.4 Anomaly Modded Version\OpenBulletRecreation\OpenBullet.Core.Tests\bin\Debug\net9.0\OpenBullet.Core.Tests.dll" adapterTypeName="executor://xunit/VsTestRunner2/netcoreapp" className="OpenBullet.Core.Tests.Step10_ProxyManagerTests" name="GetNextProxyAsync_Should_Work_With_All_Rotation_Strategies" />
    </UnitTest>
    <UnitTest name="OpenBullet.Core.Tests.Step8_KeyCheckerTests.EvaluateKey_With_Various_Conditions_Should_Work(condition: StartsWith, sourceValue: &quot;Welcome to the dashboard!&quot;, targetValue: &quot;welcome&quot;, expected: False)" storage="c:\users\futiliter\downloads\telegram desktop\openbullet 1.4.4 anomaly modded version\openbulletrecreation\openbullet.core.tests\bin\debug\net9.0\openbullet.core.tests.dll" id="80239e5b-e72f-a07c-0b80-2510ef07ae78">
      <Execution id="bc650d4a-604a-4e3b-8ab0-ac33b884186b" />
      <TestMethod codeBase="C:\Users\futiliter\Downloads\Telegram Desktop\Openbullet 1.4.4 Anomaly Modded Version\OpenBulletRecreation\OpenBullet.Core.Tests\bin\Debug\net9.0\OpenBullet.Core.Tests.dll" adapterTypeName="executor://xunit/VsTestRunner2/netcoreapp" className="OpenBullet.Core.Tests.Step8_KeyCheckerTests" name="EvaluateKey_With_Various_Conditions_Should_Work" />
    </UnitTest>
    <UnitTest name="OpenBullet.Core.Tests.Step13_ConfigurationEditorTests.GetCompletions_Should_Return_Parameter_Suggestions" storage="c:\users\futiliter\downloads\telegram desktop\openbullet 1.4.4 anomaly modded version\openbulletrecreation\openbullet.core.tests\bin\debug\net9.0\openbullet.core.tests.dll" id="aec21284-4d83-404b-08d2-199eac1e3ce9">
      <Execution id="38d878d0-4187-4c3f-a210-16c8b26f68b1" />
      <TestMethod codeBase="C:\Users\futiliter\Downloads\Telegram Desktop\Openbullet 1.4.4 Anomaly Modded Version\OpenBulletRecreation\OpenBullet.Core.Tests\bin\Debug\net9.0\OpenBullet.Core.Tests.dll" adapterTypeName="executor://xunit/VsTestRunner2/netcoreapp" className="OpenBullet.Core.Tests.Step13_ConfigurationEditorTests" name="GetCompletions_Should_Return_Parameter_Suggestions" />
    </UnitTest>
    <UnitTest name="OpenBullet.Core.Tests.Step8_ValidationTests.Key_Should_Initialize_With_Defaults" storage="c:\users\futiliter\downloads\telegram desktop\openbullet 1.4.4 anomaly modded version\openbulletrecreation\openbullet.core.tests\bin\debug\net9.0\openbullet.core.tests.dll" id="beb4c095-01ad-1b8c-6e3d-300680a49dce">
      <Execution id="343cbacd-2a8b-49a6-8c1b-67e9ef1b16a2" />
      <TestMethod codeBase="C:\Users\futiliter\Downloads\Telegram Desktop\Openbullet 1.4.4 Anomaly Modded Version\OpenBulletRecreation\OpenBullet.Core.Tests\bin\Debug\net9.0\OpenBullet.Core.Tests.dll" adapterTypeName="executor://xunit/VsTestRunner2/netcoreapp" className="OpenBullet.Core.Tests.Step8_ValidationTests" name="Key_Should_Initialize_With_Defaults" />
    </UnitTest>
    <UnitTest name="OpenBullet.Core.Tests.Step7_ParseCommandTests.ExecuteAsync_Should_Handle_Exception_In_Execution" storage="c:\users\futiliter\downloads\telegram desktop\openbullet 1.4.4 anomaly modded version\openbulletrecreation\openbullet.core.tests\bin\debug\net9.0\openbullet.core.tests.dll" id="174a2cbc-a65c-0c82-9f0b-5fb63fe7f7e1">
      <Execution id="1fdc29b3-cc3c-445a-9b74-036cbfc47d07" />
      <TestMethod codeBase="C:\Users\futiliter\Downloads\Telegram Desktop\Openbullet 1.4.4 Anomaly Modded Version\OpenBulletRecreation\OpenBullet.Core.Tests\bin\Debug\net9.0\OpenBullet.Core.Tests.dll" adapterTypeName="executor://xunit/VsTestRunner2/netcoreapp" className="OpenBullet.Core.Tests.Step7_ParseCommandTests" name="ExecuteAsync_Should_Handle_Exception_In_Execution" />
    </UnitTest>
    <UnitTest name="OpenBullet.Core.Tests.Step8_ValidationTests.KeyCheckCommand_Can_Be_Created_With_Valid_ServiceProvider" storage="c:\users\futiliter\downloads\telegram desktop\openbullet 1.4.4 anomaly modded version\openbulletrecreation\openbullet.core.tests\bin\debug\net9.0\openbullet.core.tests.dll" id="4684285a-d78c-fe1a-d848-2840c845d413">
      <Execution id="28c3a84a-7ea7-49a1-b657-51219705f742" />
      <TestMethod codeBase="C:\Users\futiliter\Downloads\Telegram Desktop\Openbullet 1.4.4 Anomaly Modded Version\OpenBulletRecreation\OpenBullet.Core.Tests\bin\Debug\net9.0\OpenBullet.Core.Tests.dll" adapterTypeName="executor://xunit/VsTestRunner2/netcoreapp" className="OpenBullet.Core.Tests.Step8_ValidationTests" name="KeyCheckCommand_Can_Be_Created_With_Valid_ServiceProvider" />
    </UnitTest>
    <UnitTest name="OpenBullet.Core.Tests.Step8_KeyCheckerTests.GetSourceValue_With_NonExistent_Variable_Should_Return_Empty" storage="c:\users\futiliter\downloads\telegram desktop\openbullet 1.4.4 anomaly modded version\openbulletrecreation\openbullet.core.tests\bin\debug\net9.0\openbullet.core.tests.dll" id="72d5b93b-e1b6-3b33-3fe3-52500b6ede63">
      <Execution id="72c041bd-8bf9-4e37-9cbe-44c18930ceab" />
      <TestMethod codeBase="C:\Users\futiliter\Downloads\Telegram Desktop\Openbullet 1.4.4 Anomaly Modded Version\OpenBulletRecreation\OpenBullet.Core.Tests\bin\Debug\net9.0\OpenBullet.Core.Tests.dll" adapterTypeName="executor://xunit/VsTestRunner2/netcoreapp" className="OpenBullet.Core.Tests.Step8_KeyCheckerTests" name="GetSourceValue_With_NonExistent_Variable_Should_Return_Empty" />
    </UnitTest>
    <UnitTest name="OpenBullet.Core.Tests.Step4_ScriptParserTests.ParseLine_With_Quoted_Arguments_Should_Parse_Correctly" storage="c:\users\futiliter\downloads\telegram desktop\openbullet 1.4.4 anomaly modded version\openbulletrecreation\openbullet.core.tests\bin\debug\net9.0\openbullet.core.tests.dll" id="322888f0-481d-eab5-3d30-f59a377b9395">
      <Execution id="8bbbd212-21bd-4c6f-8b25-69d94913bce0" />
      <TestMethod codeBase="C:\Users\futiliter\Downloads\Telegram Desktop\Openbullet 1.4.4 Anomaly Modded Version\OpenBulletRecreation\OpenBullet.Core.Tests\bin\Debug\net9.0\OpenBullet.Core.Tests.dll" adapterTypeName="executor://xunit/VsTestRunner2/netcoreapp" className="OpenBullet.Core.Tests.Step4_ScriptParserTests" name="ParseLine_With_Quoted_Arguments_Should_Parse_Correctly" />
    </UnitTest>
    <UnitTest name="OpenBullet.Core.Tests.Step10_ProxyJobManagerTests.GetJobStatus_Should_Include_Proxy_Metadata" storage="c:\users\futiliter\downloads\telegram desktop\openbullet 1.4.4 anomaly modded version\openbulletrecreation\openbullet.core.tests\bin\debug\net9.0\openbullet.core.tests.dll" id="58d3a92f-fea6-7b99-c755-023b84a27dce">
      <Execution id="99261682-df86-4b03-84ec-5d583dab9acd" />
      <TestMethod codeBase="C:\Users\futiliter\Downloads\Telegram Desktop\Openbullet 1.4.4 Anomaly Modded Version\OpenBulletRecreation\OpenBullet.Core.Tests\bin\Debug\net9.0\OpenBullet.Core.Tests.dll" adapterTypeName="executor://xunit/VsTestRunner2/netcoreapp" className="OpenBullet.Core.Tests.Step10_ProxyJobManagerTests" name="GetJobStatus_Should_Include_Proxy_Metadata" />
    </UnitTest>
    <UnitTest name="OpenBullet.Core.Tests.Step3_ConfigurationServiceTests.ParseConfigContent_Should_Parse_Complete_Content" storage="c:\users\futiliter\downloads\telegram desktop\openbullet 1.4.4 anomaly modded version\openbulletrecreation\openbullet.core.tests\bin\debug\net9.0\openbullet.core.tests.dll" id="d5704c9b-5d06-34f0-5d4d-762a10de5be2">
      <Execution id="7a23ce5d-4a55-4191-bc0e-6a57fabde065" />
      <TestMethod codeBase="C:\Users\futiliter\Downloads\Telegram Desktop\Openbullet 1.4.4 Anomaly Modded Version\OpenBulletRecreation\OpenBullet.Core.Tests\bin\Debug\net9.0\OpenBullet.Core.Tests.dll" adapterTypeName="executor://xunit/VsTestRunner2/netcoreapp" className="OpenBullet.Core.Tests.Step3_ConfigurationServiceTests" name="ParseConfigContent_Should_Parse_Complete_Content" />
    </UnitTest>
    <UnitTest name="OpenBullet.Core.Tests.Step10_ProxyManagerTests.GetNextProxyAsync_With_Random_Should_Return_Available_Proxy" storage="c:\users\futiliter\downloads\telegram desktop\openbullet 1.4.4 anomaly modded version\openbulletrecreation\openbullet.core.tests\bin\debug\net9.0\openbullet.core.tests.dll" id="8d26979e-f84c-e55f-5552-a55388e4fc4b">
      <Execution id="bcbc7654-d548-49e3-b9fc-919de6146bc2" />
      <TestMethod codeBase="C:\Users\futiliter\Downloads\Telegram Desktop\Openbullet 1.4.4 Anomaly Modded Version\OpenBulletRecreation\OpenBullet.Core.Tests\bin\Debug\net9.0\OpenBullet.Core.Tests.dll" adapterTypeName="executor://xunit/VsTestRunner2/netcoreapp" className="OpenBullet.Core.Tests.Step10_ProxyManagerTests" name="GetNextProxyAsync_With_Random_Should_Return_Available_Proxy" />
    </UnitTest>
    <UnitTest name="OpenBullet.Core.Tests.Step9_ScriptEngineTests.ExecuteAsync_Should_Handle_All_Flow_Control_Types(flowControl: Break)" storage="c:\users\futiliter\downloads\telegram desktop\openbullet 1.4.4 anomaly modded version\openbulletrecreation\openbullet.core.tests\bin\debug\net9.0\openbullet.core.tests.dll" id="848ec985-c7ae-0276-961e-1edc84726c9e">
      <Execution id="55ae194d-d2d5-4ab2-b20d-8a1423f5125b" />
      <TestMethod codeBase="C:\Users\futiliter\Downloads\Telegram Desktop\Openbullet 1.4.4 Anomaly Modded Version\OpenBulletRecreation\OpenBullet.Core.Tests\bin\Debug\net9.0\OpenBullet.Core.Tests.dll" adapterTypeName="executor://xunit/VsTestRunner2/netcoreapp" className="OpenBullet.Core.Tests.Step9_ScriptEngineTests" name="ExecuteAsync_Should_Handle_All_Flow_Control_Types" />
    </UnitTest>
    <UnitTest name="OpenBullet.Core.Tests.Step2_HttpClientServiceTests.TestProxyAsync_With_Invalid_Proxy_Should_Return_Failure" storage="c:\users\futiliter\downloads\telegram desktop\openbullet 1.4.4 anomaly modded version\openbulletrecreation\openbullet.core.tests\bin\debug\net9.0\openbullet.core.tests.dll" id="3b4495c5-df35-c74a-cf4d-cac9edd8d738">
      <Execution id="a773c349-051b-47a6-9cf7-febebd1294bf" />
      <TestMethod codeBase="C:\Users\futiliter\Downloads\Telegram Desktop\Openbullet 1.4.4 Anomaly Modded Version\OpenBulletRecreation\OpenBullet.Core.Tests\bin\Debug\net9.0\OpenBullet.Core.Tests.dll" adapterTypeName="executor://xunit/VsTestRunner2/netcoreapp" className="OpenBullet.Core.Tests.Step2_HttpClientServiceTests" name="TestProxyAsync_With_Invalid_Proxy_Should_Return_Failure" />
    </UnitTest>
    <UnitTest name="OpenBullet.Core.Tests.Step13_ConfigurationEditorTests.TokenizeScript_Should_Correctly_Identify_Token_Types(input: &quot;PARSE \&quot;&lt;title&gt;(.*?)&lt;/title&gt;\&quot; REGEX&quot;, expectedType: Command, expectedValue: &quot;PARSE&quot;)" storage="c:\users\futiliter\downloads\telegram desktop\openbullet 1.4.4 anomaly modded version\openbulletrecreation\openbullet.core.tests\bin\debug\net9.0\openbullet.core.tests.dll" id="20988706-6f9a-5d52-6369-608ea43877be">
      <Execution id="5dd1be4f-dcd4-4f56-83ff-e3690637ed28" />
      <TestMethod codeBase="C:\Users\futiliter\Downloads\Telegram Desktop\Openbullet 1.4.4 Anomaly Modded Version\OpenBulletRecreation\OpenBullet.Core.Tests\bin\Debug\net9.0\OpenBullet.Core.Tests.dll" adapterTypeName="executor://xunit/VsTestRunner2/netcoreapp" className="OpenBullet.Core.Tests.Step13_ConfigurationEditorTests" name="TokenizeScript_Should_Correctly_Identify_Token_Types" />
    </UnitTest>
    <UnitTest name="OpenBullet.Core.Tests.Step1_CoreInterfacesTests.BotData_SetCapture_Should_Store_Captured_Data" storage="c:\users\futiliter\downloads\telegram desktop\openbullet 1.4.4 anomaly modded version\openbulletrecreation\openbullet.core.tests\bin\debug\net9.0\openbullet.core.tests.dll" id="c526e3b5-b194-ebfd-7cf0-850bd93c2b9e">
      <Execution id="c68b2978-9fbe-44c0-bbe0-ffde0cfab6fd" />
      <TestMethod codeBase="C:\Users\futiliter\Downloads\Telegram Desktop\Openbullet 1.4.4 Anomaly Modded Version\OpenBulletRecreation\OpenBullet.Core.Tests\bin\Debug\net9.0\OpenBullet.Core.Tests.dll" adapterTypeName="executor://xunit/VsTestRunner2/netcoreapp" className="OpenBullet.Core.Tests.Step1_CoreInterfacesTests" name="BotData_SetCapture_Should_Store_Captured_Data" />
    </UnitTest>
    <UnitTest name="OpenBullet.Core.Tests.Step7_ValidationTests.RegexParser_Can_Be_Created" storage="c:\users\futiliter\downloads\telegram desktop\openbullet 1.4.4 anomaly modded version\openbulletrecreation\openbullet.core.tests\bin\debug\net9.0\openbullet.core.tests.dll" id="96179d14-bc40-2d4b-414c-e128de4c3a22">
      <Execution id="17b73f37-a284-43c2-808e-223662c6d478" />
      <TestMethod codeBase="C:\Users\futiliter\Downloads\Telegram Desktop\Openbullet 1.4.4 Anomaly Modded Version\OpenBulletRecreation\OpenBullet.Core.Tests\bin\Debug\net9.0\OpenBullet.Core.Tests.dll" adapterTypeName="executor://xunit/VsTestRunner2/netcoreapp" className="OpenBullet.Core.Tests.Step7_ValidationTests" name="RegexParser_Can_Be_Created" />
    </UnitTest>
    <UnitTest name="OpenBullet.Core.Tests.Step1_CoreInterfacesTests.ScriptInstruction_GetParameter_Should_Return_Correct_Type" storage="c:\users\futiliter\downloads\telegram desktop\openbullet 1.4.4 anomaly modded version\openbulletrecreation\openbullet.core.tests\bin\debug\net9.0\openbullet.core.tests.dll" id="ada8bf4f-fb23-7bd0-78fb-5184a181a066">
      <Execution id="f083b65a-236c-4ba3-8ac5-3e94200cf690" />
      <TestMethod codeBase="C:\Users\futiliter\Downloads\Telegram Desktop\Openbullet 1.4.4 Anomaly Modded Version\OpenBulletRecreation\OpenBullet.Core.Tests\bin\Debug\net9.0\OpenBullet.Core.Tests.dll" adapterTypeName="executor://xunit/VsTestRunner2/netcoreapp" className="OpenBullet.Core.Tests.Step1_CoreInterfacesTests" name="ScriptInstruction_GetParameter_Should_Return_Correct_Type" />
    </UnitTest>
    <UnitTest name="OpenBullet.Core.Tests.Step7_ParseCommandTests.ValidateInstruction_With_Invalid_Boolean_Parameters_Should_Fail" storage="c:\users\futiliter\downloads\telegram desktop\openbullet 1.4.4 anomaly modded version\openbulletrecreation\openbullet.core.tests\bin\debug\net9.0\openbullet.core.tests.dll" id="f6a5bda2-c147-228a-020e-2e2195b7bb3e">
      <Execution id="98a66a90-8dd6-4b5b-b729-dc5dbc73a5dc" />
      <TestMethod codeBase="C:\Users\futiliter\Downloads\Telegram Desktop\Openbullet 1.4.4 Anomaly Modded Version\OpenBulletRecreation\OpenBullet.Core.Tests\bin\Debug\net9.0\OpenBullet.Core.Tests.dll" adapterTypeName="executor://xunit/VsTestRunner2/netcoreapp" className="OpenBullet.Core.Tests.Step7_ParseCommandTests" name="ValidateInstruction_With_Invalid_Boolean_Parameters_Should_Fail" />
    </UnitTest>
    <UnitTest name="OpenBullet.Core.Tests.Step6_RequestCommandTests.ValidateInstruction_With_Valid_HTTP_Methods_Should_Pass(method: &quot;PUT&quot;)" storage="c:\users\futiliter\downloads\telegram desktop\openbullet 1.4.4 anomaly modded version\openbulletrecreation\openbullet.core.tests\bin\debug\net9.0\openbullet.core.tests.dll" id="80665fdb-8b36-3afa-3ad0-19405758b490">
      <Execution id="3e67f8c3-f5fa-4894-a063-12ed01655c82" />
      <TestMethod codeBase="C:\Users\futiliter\Downloads\Telegram Desktop\Openbullet 1.4.4 Anomaly Modded Version\OpenBulletRecreation\OpenBullet.Core.Tests\bin\Debug\net9.0\OpenBullet.Core.Tests.dll" adapterTypeName="executor://xunit/VsTestRunner2/netcoreapp" className="OpenBullet.Core.Tests.Step6_RequestCommandTests" name="ValidateInstruction_With_Valid_HTTP_Methods_Should_Pass" />
    </UnitTest>
    <UnitTest name="OpenBullet.Core.Tests.Step4_ScriptParserTests.ScriptParser_Should_Initialize_Successfully" storage="c:\users\futiliter\downloads\telegram desktop\openbullet 1.4.4 anomaly modded version\openbulletrecreation\openbullet.core.tests\bin\debug\net9.0\openbullet.core.tests.dll" id="45de5bf0-799e-e9ac-e6ad-442ec45fe9ff">
      <Execution id="3135752c-a825-4926-a946-3fa5850e99fb" />
      <TestMethod codeBase="C:\Users\futiliter\Downloads\Telegram Desktop\Openbullet 1.4.4 Anomaly Modded Version\OpenBulletRecreation\OpenBullet.Core.Tests\bin\Debug\net9.0\OpenBullet.Core.Tests.dll" adapterTypeName="executor://xunit/VsTestRunner2/netcoreapp" className="OpenBullet.Core.Tests.Step4_ScriptParserTests" name="ScriptParser_Should_Initialize_Successfully" />
    </UnitTest>
    <UnitTest name="OpenBullet.Core.Tests.Step11_DatabaseManagerTests.DatabaseManager_GetHealth_Should_Return_Health_Info" storage="c:\users\futiliter\downloads\telegram desktop\openbullet 1.4.4 anomaly modded version\openbulletrecreation\openbullet.core.tests\bin\debug\net9.0\openbullet.core.tests.dll" id="9bf63739-d9af-1d01-f258-b1b86cad4bea">
      <Execution id="ea95bd61-cab8-41a4-bc1c-3d176f18b424" />
      <TestMethod codeBase="C:\Users\futiliter\Downloads\Telegram Desktop\Openbullet 1.4.4 Anomaly Modded Version\OpenBulletRecreation\OpenBullet.Core.Tests\bin\Debug\net9.0\OpenBullet.Core.Tests.dll" adapterTypeName="executor://xunit/VsTestRunner2/netcoreapp" className="OpenBullet.Core.Tests.Step11_DatabaseManagerTests" name="DatabaseManager_GetHealth_Should_Return_Health_Info" />
    </UnitTest>
    <UnitTest name="OpenBullet.Core.Tests.Step8_ValidationTests.KeyChecker_Can_Be_Created_With_Configuration" storage="c:\users\futiliter\downloads\telegram desktop\openbullet 1.4.4 anomaly modded version\openbulletrecreation\openbullet.core.tests\bin\debug\net9.0\openbullet.core.tests.dll" id="e8329772-3b7c-9160-6b34-6710863ddb71">
      <Execution id="dc9414da-36f2-4357-a2cd-4f1c3ca19755" />
      <TestMethod codeBase="C:\Users\futiliter\Downloads\Telegram Desktop\Openbullet 1.4.4 Anomaly Modded Version\OpenBulletRecreation\OpenBullet.Core.Tests\bin\Debug\net9.0\OpenBullet.Core.Tests.dll" adapterTypeName="executor://xunit/VsTestRunner2/netcoreapp" className="OpenBullet.Core.Tests.Step8_ValidationTests" name="KeyChecker_Can_Be_Created_With_Configuration" />
    </UnitTest>
    <UnitTest name="OpenBullet.Core.Tests.Step10_ProxyManagerTests.GetNextProxyAsync_Should_Work_With_All_Rotation_Strategies(strategy: HealthBased)" storage="c:\users\futiliter\downloads\telegram desktop\openbullet 1.4.4 anomaly modded version\openbulletrecreation\openbullet.core.tests\bin\debug\net9.0\openbullet.core.tests.dll" id="4f836eef-e78a-84cb-6bcc-2b2e9ce95ffe">
      <Execution id="4bac64b4-7dbc-406b-a3cd-5ce6d7f510ba" />
      <TestMethod codeBase="C:\Users\futiliter\Downloads\Telegram Desktop\Openbullet 1.4.4 Anomaly Modded Version\OpenBulletRecreation\OpenBullet.Core.Tests\bin\Debug\net9.0\OpenBullet.Core.Tests.dll" adapterTypeName="executor://xunit/VsTestRunner2/netcoreapp" className="OpenBullet.Core.Tests.Step10_ProxyManagerTests" name="GetNextProxyAsync_Should_Work_With_All_Rotation_Strategies" />
    </UnitTest>
    <UnitTest name="OpenBullet.Core.Tests.Step5_ValidationTests.ExecutionContext_Can_Be_Created_Successfully" storage="c:\users\futiliter\downloads\telegram desktop\openbullet 1.4.4 anomaly modded version\openbulletrecreation\openbullet.core.tests\bin\debug\net9.0\openbullet.core.tests.dll" id="0519abc4-21ec-84af-fe7f-69cedcaa06e0">
      <Execution id="b6dace62-d69a-4802-93a6-d99ae8d34135" />
      <TestMethod codeBase="C:\Users\futiliter\Downloads\Telegram Desktop\Openbullet 1.4.4 Anomaly Modded Version\OpenBulletRecreation\OpenBullet.Core.Tests\bin\Debug\net9.0\OpenBullet.Core.Tests.dll" adapterTypeName="executor://xunit/VsTestRunner2/netcoreapp" className="OpenBullet.Core.Tests.Step5_ValidationTests" name="ExecutionContext_Can_Be_Created_Successfully" />
    </UnitTest>
    <UnitTest name="OpenBullet.Core.Tests.Step13_ConfigurationEditorTests.GetParameterHints_Should_Return_Command_Help" storage="c:\users\futiliter\downloads\telegram desktop\openbullet 1.4.4 anomaly modded version\openbulletrecreation\openbullet.core.tests\bin\debug\net9.0\openbullet.core.tests.dll" id="0a61a3ed-da07-5cd7-4de7-b31074fbc2a2">
      <Execution id="5ee2300d-082e-4d60-8798-b160b31af649" />
      <TestMethod codeBase="C:\Users\futiliter\Downloads\Telegram Desktop\Openbullet 1.4.4 Anomaly Modded Version\OpenBulletRecreation\OpenBullet.Core.Tests\bin\Debug\net9.0\OpenBullet.Core.Tests.dll" adapterTypeName="executor://xunit/VsTestRunner2/netcoreapp" className="OpenBullet.Core.Tests.Step13_ConfigurationEditorTests" name="GetParameterHints_Should_Return_Command_Help" />
    </UnitTest>
    <UnitTest name="OpenBullet.Core.Tests.Step11_StorageServicesTests.ConfigurationStorage_Usage_Stats_Should_Work" storage="c:\users\futiliter\downloads\telegram desktop\openbullet 1.4.4 anomaly modded version\openbulletrecreation\openbullet.core.tests\bin\debug\net9.0\openbullet.core.tests.dll" id="d6c9983a-6d1b-d013-8457-9fba2c0231a4">
      <Execution id="4cccef1f-30b3-46d0-8e56-dc9a3d1dd5c7" />
      <TestMethod codeBase="C:\Users\futiliter\Downloads\Telegram Desktop\Openbullet 1.4.4 Anomaly Modded Version\OpenBulletRecreation\OpenBullet.Core.Tests\bin\Debug\net9.0\OpenBullet.Core.Tests.dll" adapterTypeName="executor://xunit/VsTestRunner2/netcoreapp" className="OpenBullet.Core.Tests.Step11_StorageServicesTests" name="ConfigurationStorage_Usage_Stats_Should_Work" />
    </UnitTest>
    <UnitTest name="OpenBullet.Core.Tests.Step5_ValidationTests.ExecutionStatus_Values_Should_Be_Distinct(status: Failed)" storage="c:\users\futiliter\downloads\telegram desktop\openbullet 1.4.4 anomaly modded version\openbulletrecreation\openbullet.core.tests\bin\debug\net9.0\openbullet.core.tests.dll" id="6745fa9d-b2d3-5d5a-c76e-766bfd1246e4">
      <Execution id="1899da7c-d1dd-4045-b9bb-2ff4572bf59d" />
      <TestMethod codeBase="C:\Users\futiliter\Downloads\Telegram Desktop\Openbullet 1.4.4 Anomaly Modded Version\OpenBulletRecreation\OpenBullet.Core.Tests\bin\Debug\net9.0\OpenBullet.Core.Tests.dll" adapterTypeName="executor://xunit/VsTestRunner2/netcoreapp" className="OpenBullet.Core.Tests.Step5_ValidationTests" name="ExecutionStatus_Values_Should_Be_Distinct" />
    </UnitTest>
    <UnitTest name="OpenBullet.Core.Tests.Step8_KeyCheckerTests.EvaluateKeyChains_Should_Include_Evaluations" storage="c:\users\futiliter\downloads\telegram desktop\openbullet 1.4.4 anomaly modded version\openbulletrecreation\openbullet.core.tests\bin\debug\net9.0\openbullet.core.tests.dll" id="fcc970f2-ee68-5d9d-a574-431b6a6a1fc8">
      <Execution id="fba6d834-6e9b-4355-8f71-04e6819b6b7b" />
      <TestMethod codeBase="C:\Users\futiliter\Downloads\Telegram Desktop\Openbullet 1.4.4 Anomaly Modded Version\OpenBulletRecreation\OpenBullet.Core.Tests\bin\Debug\net9.0\OpenBullet.Core.Tests.dll" adapterTypeName="executor://xunit/VsTestRunner2/netcoreapp" className="OpenBullet.Core.Tests.Step8_KeyCheckerTests" name="EvaluateKeyChains_Should_Include_Evaluations" />
    </UnitTest>
    <UnitTest name="OpenBullet.Core.Tests.Step8_KeyCheckerTests.EvaluateKey_With_GreaterThan_Condition_Should_Work(sourceValue: &quot;100&quot;, targetValue: &quot;100&quot;, expected: False)" storage="c:\users\futiliter\downloads\telegram desktop\openbullet 1.4.4 anomaly modded version\openbulletrecreation\openbullet.core.tests\bin\debug\net9.0\openbullet.core.tests.dll" id="668741d2-cd4d-6ff4-e28f-6a5ec11cde08">
      <Execution id="7b54fc98-a981-4551-8048-cdddc14110ab" />
      <TestMethod codeBase="C:\Users\futiliter\Downloads\Telegram Desktop\Openbullet 1.4.4 Anomaly Modded Version\OpenBulletRecreation\OpenBullet.Core.Tests\bin\Debug\net9.0\OpenBullet.Core.Tests.dll" adapterTypeName="executor://xunit/VsTestRunner2/netcoreapp" className="OpenBullet.Core.Tests.Step8_KeyCheckerTests" name="EvaluateKey_With_GreaterThan_Condition_Should_Work" />
    </UnitTest>
    <UnitTest name="OpenBullet.Core.Tests.Step11_StorageServicesTests.ConfigurationStorage_Search_And_Filter_Should_Work" storage="c:\users\futiliter\downloads\telegram desktop\openbullet 1.4.4 anomaly modded version\openbulletrecreation\openbullet.core.tests\bin\debug\net9.0\openbullet.core.tests.dll" id="6e120ffe-f4c5-ac9e-c93a-157e4b295794">
      <Execution id="f6d67ed9-128d-4bf3-bc9d-084fb0ea8b6b" />
      <TestMethod codeBase="C:\Users\futiliter\Downloads\Telegram Desktop\Openbullet 1.4.4 Anomaly Modded Version\OpenBulletRecreation\OpenBullet.Core.Tests\bin\Debug\net9.0\OpenBullet.Core.Tests.dll" adapterTypeName="executor://xunit/VsTestRunner2/netcoreapp" className="OpenBullet.Core.Tests.Step11_StorageServicesTests" name="ConfigurationStorage_Search_And_Filter_Should_Work" />
    </UnitTest>
    <UnitTest name="OpenBullet.Core.Tests.Step9_ScriptEngineTests.ExecuteInstructionAsync_Should_Execute_Single_Instruction" storage="c:\users\futiliter\downloads\telegram desktop\openbullet 1.4.4 anomaly modded version\openbulletrecreation\openbullet.core.tests\bin\debug\net9.0\openbullet.core.tests.dll" id="18401180-fee1-8e5c-84b6-01a6bb5f19a2">
      <Execution id="01d065ae-73d3-4864-b604-e8ffcfdc5942" />
      <TestMethod codeBase="C:\Users\futiliter\Downloads\Telegram Desktop\Openbullet 1.4.4 Anomaly Modded Version\OpenBulletRecreation\OpenBullet.Core.Tests\bin\Debug\net9.0\OpenBullet.Core.Tests.dll" adapterTypeName="executor://xunit/VsTestRunner2/netcoreapp" className="OpenBullet.Core.Tests.Step9_ScriptEngineTests" name="ExecuteInstructionAsync_Should_Execute_Single_Instruction" />
    </UnitTest>
    <UnitTest name="OpenBullet.Core.Tests.Step7_ValidationTests.ParseType_String_Conversion_Should_Work(stringValue: &quot;CSS&quot;, expectedType: CSS)" storage="c:\users\futiliter\downloads\telegram desktop\openbullet 1.4.4 anomaly modded version\openbulletrecreation\openbullet.core.tests\bin\debug\net9.0\openbullet.core.tests.dll" id="2e95f9c4-41c7-2b61-9b22-56b4ddb349bd">
      <Execution id="aea91837-54b4-4953-ac11-245e62675626" />
      <TestMethod codeBase="C:\Users\futiliter\Downloads\Telegram Desktop\Openbullet 1.4.4 Anomaly Modded Version\OpenBulletRecreation\OpenBullet.Core.Tests\bin\Debug\net9.0\OpenBullet.Core.Tests.dll" adapterTypeName="executor://xunit/VsTestRunner2/netcoreapp" className="OpenBullet.Core.Tests.Step7_ValidationTests" name="ParseType_String_Conversion_Should_Work" />
    </UnitTest>
    <UnitTest name="OpenBullet.Core.Tests.Step10_ProxyExtensionsTests.ValidateProxyList_With_Null_Should_Handle_Gracefully" storage="c:\users\futiliter\downloads\telegram desktop\openbullet 1.4.4 anomaly modded version\openbulletrecreation\openbullet.core.tests\bin\debug\net9.0\openbullet.core.tests.dll" id="2bc91f6d-6627-5678-8fe6-2af08eda34db">
      <Execution id="e7784bce-a2e1-4b73-aef2-13872721a68b" />
      <TestMethod codeBase="C:\Users\futiliter\Downloads\Telegram Desktop\Openbullet 1.4.4 Anomaly Modded Version\OpenBulletRecreation\OpenBullet.Core.Tests\bin\Debug\net9.0\OpenBullet.Core.Tests.dll" adapterTypeName="executor://xunit/VsTestRunner2/netcoreapp" className="OpenBullet.Core.Tests.Step10_ProxyExtensionsTests" name="ValidateProxyList_With_Null_Should_Handle_Gracefully" />
    </UnitTest>
    <UnitTest name="OpenBullet.Core.Tests.Step5_ValidationTests.VariableStatistics_Should_Initialize_With_Defaults" storage="c:\users\futiliter\downloads\telegram desktop\openbullet 1.4.4 anomaly modded version\openbulletrecreation\openbullet.core.tests\bin\debug\net9.0\openbullet.core.tests.dll" id="eafa1820-719e-db1a-f7af-9fab5f36faf6">
      <Execution id="71fa06aa-acd1-4877-b57b-0eb64b720b3b" />
      <TestMethod codeBase="C:\Users\futiliter\Downloads\Telegram Desktop\Openbullet 1.4.4 Anomaly Modded Version\OpenBulletRecreation\OpenBullet.Core.Tests\bin\Debug\net9.0\OpenBullet.Core.Tests.dll" adapterTypeName="executor://xunit/VsTestRunner2/netcoreapp" className="OpenBullet.Core.Tests.Step5_ValidationTests" name="VariableStatistics_Should_Initialize_With_Defaults" />
    </UnitTest>
    <UnitTest name="OpenBullet.Core.Tests.Step5_ValidationTests.VariableScope_Enum_Values_Should_Be_Available" storage="c:\users\futiliter\downloads\telegram desktop\openbullet 1.4.4 anomaly modded version\openbulletrecreation\openbullet.core.tests\bin\debug\net9.0\openbullet.core.tests.dll" id="1e3fa5f6-23db-0c62-a799-0d39e9e28aea">
      <Execution id="3174e3fb-93d0-4493-9ffc-d3378ae9460a" />
      <TestMethod codeBase="C:\Users\futiliter\Downloads\Telegram Desktop\Openbullet 1.4.4 Anomaly Modded Version\OpenBulletRecreation\OpenBullet.Core.Tests\bin\Debug\net9.0\OpenBullet.Core.Tests.dll" adapterTypeName="executor://xunit/VsTestRunner2/netcoreapp" className="OpenBullet.Core.Tests.Step5_ValidationTests" name="VariableScope_Enum_Values_Should_Be_Available" />
    </UnitTest>
    <UnitTest name="OpenBullet.Core.Tests.Step9_ScriptEngineTests.ExecuteAsync_Should_Handle_All_Flow_Control_Types(flowControl: Continue)" storage="c:\users\futiliter\downloads\telegram desktop\openbullet 1.4.4 anomaly modded version\openbulletrecreation\openbullet.core.tests\bin\debug\net9.0\openbullet.core.tests.dll" id="01eecf91-dae5-de99-28f5-c76dacd2b631">
      <Execution id="b455a405-5fe8-4947-83e8-1999947e5b92" />
      <TestMethod codeBase="C:\Users\futiliter\Downloads\Telegram Desktop\Openbullet 1.4.4 Anomaly Modded Version\OpenBulletRecreation\OpenBullet.Core.Tests\bin\Debug\net9.0\OpenBullet.Core.Tests.dll" adapterTypeName="executor://xunit/VsTestRunner2/netcoreapp" className="OpenBullet.Core.Tests.Step9_ScriptEngineTests" name="ExecuteAsync_Should_Handle_All_Flow_Control_Types" />
    </UnitTest>
    <UnitTest name="OpenBullet.Core.Tests.Step6_ValidationTests.CommandFactory_Should_Register_And_Create_Commands" storage="c:\users\futiliter\downloads\telegram desktop\openbullet 1.4.4 anomaly modded version\openbulletrecreation\openbullet.core.tests\bin\debug\net9.0\openbullet.core.tests.dll" id="9376ac10-fd14-e58a-1c91-5b505485251b">
      <Execution id="f33c2296-f38a-42d9-8305-e7f07f7d3fa2" />
      <TestMethod codeBase="C:\Users\futiliter\Downloads\Telegram Desktop\Openbullet 1.4.4 Anomaly Modded Version\OpenBulletRecreation\OpenBullet.Core.Tests\bin\Debug\net9.0\OpenBullet.Core.Tests.dll" adapterTypeName="executor://xunit/VsTestRunner2/netcoreapp" className="OpenBullet.Core.Tests.Step6_ValidationTests" name="CommandFactory_Should_Register_And_Create_Commands" />
    </UnitTest>
    <UnitTest name="OpenBullet.Core.Tests.Step10_ProxyJobManagerTests.StartProxyJobAsync_With_No_Available_Proxies_Should_Throw" storage="c:\users\futiliter\downloads\telegram desktop\openbullet 1.4.4 anomaly modded version\openbulletrecreation\openbullet.core.tests\bin\debug\net9.0\openbullet.core.tests.dll" id="1d25ceed-3bc3-dc37-d966-6ceef7503779">
      <Execution id="835fe5a7-54de-4731-a25c-05e98e76fb05" />
      <TestMethod codeBase="C:\Users\futiliter\Downloads\Telegram Desktop\Openbullet 1.4.4 Anomaly Modded Version\OpenBulletRecreation\OpenBullet.Core.Tests\bin\Debug\net9.0\OpenBullet.Core.Tests.dll" adapterTypeName="executor://xunit/VsTestRunner2/netcoreapp" className="OpenBullet.Core.Tests.Step10_ProxyJobManagerTests" name="StartProxyJobAsync_With_No_Available_Proxies_Should_Throw" />
    </UnitTest>
    <UnitTest name="OpenBullet.Core.Tests.Step11_StorageServicesTests.SettingsStorage_Complex_Types_Should_Work" storage="c:\users\futiliter\downloads\telegram desktop\openbullet 1.4.4 anomaly modded version\openbulletrecreation\openbullet.core.tests\bin\debug\net9.0\openbullet.core.tests.dll" id="c26122ed-b497-e1bb-f911-1ff7d90702f2">
      <Execution id="efeced21-85d3-416a-9cd2-7110080aeb64" />
      <TestMethod codeBase="C:\Users\futiliter\Downloads\Telegram Desktop\Openbullet 1.4.4 Anomaly Modded Version\OpenBulletRecreation\OpenBullet.Core.Tests\bin\Debug\net9.0\OpenBullet.Core.Tests.dll" adapterTypeName="executor://xunit/VsTestRunner2/netcoreapp" className="OpenBullet.Core.Tests.Step11_StorageServicesTests" name="SettingsStorage_Complex_Types_Should_Work" />
    </UnitTest>
    <UnitTest name="OpenBullet.Core.Tests.Step5_ValidationTests.VariableManager_Basic_Operations_Should_Work" storage="c:\users\futiliter\downloads\telegram desktop\openbullet 1.4.4 anomaly modded version\openbulletrecreation\openbullet.core.tests\bin\debug\net9.0\openbullet.core.tests.dll" id="979a9bd2-890e-b383-8b8a-de975893a781">
      <Execution id="7e69f110-0efb-4822-85b3-2222dd6c575c" />
      <TestMethod codeBase="C:\Users\futiliter\Downloads\Telegram Desktop\Openbullet 1.4.4 Anomaly Modded Version\OpenBulletRecreation\OpenBullet.Core.Tests\bin\Debug\net9.0\OpenBullet.Core.Tests.dll" adapterTypeName="executor://xunit/VsTestRunner2/netcoreapp" className="OpenBullet.Core.Tests.Step5_ValidationTests" name="VariableManager_Basic_Operations_Should_Work" />
    </UnitTest>
    <UnitTest name="OpenBullet.Core.Tests.Step9_JobManagerTests.JobConfiguration_Validate_Should_Have_Warnings_For_Extreme_Values" storage="c:\users\futiliter\downloads\telegram desktop\openbullet 1.4.4 anomaly modded version\openbulletrecreation\openbullet.core.tests\bin\debug\net9.0\openbullet.core.tests.dll" id="66c75c5c-07d7-c9a1-7121-279c381a27f3">
      <Execution id="951f2562-2f31-43a2-8553-643a037be78c" />
      <TestMethod codeBase="C:\Users\futiliter\Downloads\Telegram Desktop\Openbullet 1.4.4 Anomaly Modded Version\OpenBulletRecreation\OpenBullet.Core.Tests\bin\Debug\net9.0\OpenBullet.Core.Tests.dll" adapterTypeName="executor://xunit/VsTestRunner2/netcoreapp" className="OpenBullet.Core.Tests.Step9_JobManagerTests" name="JobConfiguration_Validate_Should_Have_Warnings_For_Extreme_Values" />
    </UnitTest>
    <UnitTest name="OpenBullet.Core.Tests.Step13_CoreServicesTests.LoliScriptValidator_Should_Validate_Line" storage="c:\users\futiliter\downloads\telegram desktop\openbullet 1.4.4 anomaly modded version\openbulletrecreation\openbullet.core.tests\bin\debug\net9.0\openbullet.core.tests.dll" id="3a48450a-2f88-660d-e4b3-f81882183585">
      <Execution id="d2fd4df0-431f-4ade-88d1-c37291a330ce" />
      <TestMethod codeBase="C:\Users\futiliter\Downloads\Telegram Desktop\Openbullet 1.4.4 Anomaly Modded Version\OpenBulletRecreation\OpenBullet.Core.Tests\bin\Debug\net9.0\OpenBullet.Core.Tests.dll" adapterTypeName="executor://xunit/VsTestRunner2/netcoreapp" className="OpenBullet.Core.Tests.Step13_CoreServicesTests" name="LoliScriptValidator_Should_Validate_Line" />
    </UnitTest>
    <UnitTest name="OpenBullet.Core.Tests.Step5_ValidationTests.ContextValidationResult_Should_Initialize_With_Defaults" storage="c:\users\futiliter\downloads\telegram desktop\openbullet 1.4.4 anomaly modded version\openbulletrecreation\openbullet.core.tests\bin\debug\net9.0\openbullet.core.tests.dll" id="cedb2254-2fe4-be53-49d6-7ccf81574afa">
      <Execution id="3c813817-2ca0-4b70-8c7e-f1ad5ba6f5b0" />
      <TestMethod codeBase="C:\Users\futiliter\Downloads\Telegram Desktop\Openbullet 1.4.4 Anomaly Modded Version\OpenBulletRecreation\OpenBullet.Core.Tests\bin\Debug\net9.0\OpenBullet.Core.Tests.dll" adapterTypeName="executor://xunit/VsTestRunner2/netcoreapp" className="OpenBullet.Core.Tests.Step5_ValidationTests" name="ContextValidationResult_Should_Initialize_With_Defaults" />
    </UnitTest>
    <UnitTest name="OpenBullet.Core.Tests.Step8_ValidationTests.KeyCondition_Enum_Should_Have_Expected_Values" storage="c:\users\futiliter\downloads\telegram desktop\openbullet 1.4.4 anomaly modded version\openbulletrecreation\openbullet.core.tests\bin\debug\net9.0\openbullet.core.tests.dll" id="8fc28766-192a-8566-bdd8-08553ebadee1">
      <Execution id="0e9418ad-4f92-419b-a81b-32a1a5f1a4f7" />
      <TestMethod codeBase="C:\Users\futiliter\Downloads\Telegram Desktop\Openbullet 1.4.4 Anomaly Modded Version\OpenBulletRecreation\OpenBullet.Core.Tests\bin\Debug\net9.0\OpenBullet.Core.Tests.dll" adapterTypeName="executor://xunit/VsTestRunner2/netcoreapp" className="OpenBullet.Core.Tests.Step8_ValidationTests" name="KeyCondition_Enum_Should_Have_Expected_Values" />
    </UnitTest>
    <UnitTest name="OpenBullet.Core.Tests.Step7_ParsersTests.CssParser_Should_Extract_Attributes" storage="c:\users\futiliter\downloads\telegram desktop\openbullet 1.4.4 anomaly modded version\openbulletrecreation\openbullet.core.tests\bin\debug\net9.0\openbullet.core.tests.dll" id="f006959a-89a5-9cdc-723d-5df08732ffbb">
      <Execution id="2cf07b6c-e7c5-4af8-94f3-a751716ae888" />
      <TestMethod codeBase="C:\Users\futiliter\Downloads\Telegram Desktop\Openbullet 1.4.4 Anomaly Modded Version\OpenBulletRecreation\OpenBullet.Core.Tests\bin\Debug\net9.0\OpenBullet.Core.Tests.dll" adapterTypeName="executor://xunit/VsTestRunner2/netcoreapp" className="OpenBullet.Core.Tests.Step7_ParsersTests" name="CssParser_Should_Extract_Attributes" />
    </UnitTest>
    <UnitTest name="OpenBullet.Core.Tests.Step8_KeyCheckerTests.EvaluateKey_With_Various_Conditions_Should_Work(condition: IsEmpty, sourceValue: &quot;not empty&quot;, targetValue: &quot;&quot;, expected: False)" storage="c:\users\futiliter\downloads\telegram desktop\openbullet 1.4.4 anomaly modded version\openbulletrecreation\openbullet.core.tests\bin\debug\net9.0\openbullet.core.tests.dll" id="0243d090-4ec6-fffe-6d9a-3015145c0cbb">
      <Execution id="36d605a3-c6b3-478a-9fcb-3089d23ca0b9" />
      <TestMethod codeBase="C:\Users\futiliter\Downloads\Telegram Desktop\Openbullet 1.4.4 Anomaly Modded Version\OpenBulletRecreation\OpenBullet.Core.Tests\bin\Debug\net9.0\OpenBullet.Core.Tests.dll" adapterTypeName="executor://xunit/VsTestRunner2/netcoreapp" className="OpenBullet.Core.Tests.Step8_KeyCheckerTests" name="EvaluateKey_With_Various_Conditions_Should_Work" />
    </UnitTest>
    <UnitTest name="OpenBullet.Core.Tests.Step8_KeyCheckerTests.EvaluateKey_With_Various_Conditions_Should_Work(condition: IsNumeric, sourceValue: &quot;not a number&quot;, targetValue: &quot;&quot;, expected: False)" storage="c:\users\futiliter\downloads\telegram desktop\openbullet 1.4.4 anomaly modded version\openbulletrecreation\openbullet.core.tests\bin\debug\net9.0\openbullet.core.tests.dll" id="7766f8ce-f377-231e-9254-7b738848aac2">
      <Execution id="c532be74-38c2-48da-ae72-f620bc792914" />
      <TestMethod codeBase="C:\Users\futiliter\Downloads\Telegram Desktop\Openbullet 1.4.4 Anomaly Modded Version\OpenBulletRecreation\OpenBullet.Core.Tests\bin\Debug\net9.0\OpenBullet.Core.Tests.dll" adapterTypeName="executor://xunit/VsTestRunner2/netcoreapp" className="OpenBullet.Core.Tests.Step8_KeyCheckerTests" name="EvaluateKey_With_Various_Conditions_Should_Work" />
    </UnitTest>
    <UnitTest name="OpenBullet.Core.Tests.Step7_ParseCommandTests.ExecuteAsync_With_Regex_Parser_Should_Extract_Data" storage="c:\users\futiliter\downloads\telegram desktop\openbullet 1.4.4 anomaly modded version\openbulletrecreation\openbullet.core.tests\bin\debug\net9.0\openbullet.core.tests.dll" id="9629cec5-33fd-2323-0056-a297314cb714">
      <Execution id="8f6d622c-6d04-4597-9fb8-281fe3cc84a1" />
      <TestMethod codeBase="C:\Users\futiliter\Downloads\Telegram Desktop\Openbullet 1.4.4 Anomaly Modded Version\OpenBulletRecreation\OpenBullet.Core.Tests\bin\Debug\net9.0\OpenBullet.Core.Tests.dll" adapterTypeName="executor://xunit/VsTestRunner2/netcoreapp" className="OpenBullet.Core.Tests.Step7_ParseCommandTests" name="ExecuteAsync_With_Regex_Parser_Should_Extract_Data" />
    </UnitTest>
    <UnitTest name="OpenBullet.Core.Tests.Step5_ExecutionContextTests.Concurrent_Operations_Should_Be_Thread_Safe" storage="c:\users\futiliter\downloads\telegram desktop\openbullet 1.4.4 anomaly modded version\openbulletrecreation\openbullet.core.tests\bin\debug\net9.0\openbullet.core.tests.dll" id="871867ed-10eb-65ce-0d7b-4ba84366876d">
      <Execution id="63bf74c0-78d6-49dd-9695-e1ac9a50dde6" />
      <TestMethod codeBase="C:\Users\futiliter\Downloads\Telegram Desktop\Openbullet 1.4.4 Anomaly Modded Version\OpenBulletRecreation\OpenBullet.Core.Tests\bin\Debug\net9.0\OpenBullet.Core.Tests.dll" adapterTypeName="executor://xunit/VsTestRunner2/netcoreapp" className="OpenBullet.Core.Tests.Step5_ExecutionContextTests" name="Concurrent_Operations_Should_Be_Thread_Safe" />
    </UnitTest>
    <UnitTest name="OpenBullet.Core.Tests.Step4_ScriptParserTests.ParseLine_With_Redirector_Should_Parse_Correctly" storage="c:\users\futiliter\downloads\telegram desktop\openbullet 1.4.4 anomaly modded version\openbulletrecreation\openbullet.core.tests\bin\debug\net9.0\openbullet.core.tests.dll" id="39c3ca4e-c0ae-49e8-ea84-27f99f50815b">
      <Execution id="f80e9219-cdf2-4f97-b0fe-a79464819705" />
      <TestMethod codeBase="C:\Users\futiliter\Downloads\Telegram Desktop\Openbullet 1.4.4 Anomaly Modded Version\OpenBulletRecreation\OpenBullet.Core.Tests\bin\Debug\net9.0\OpenBullet.Core.Tests.dll" adapterTypeName="executor://xunit/VsTestRunner2/netcoreapp" className="OpenBullet.Core.Tests.Step4_ScriptParserTests" name="ParseLine_With_Redirector_Should_Parse_Correctly" />
    </UnitTest>
    <UnitTest name="OpenBullet.Core.Tests.Step11_StorageServicesTests.JobStorage_Statistics_Should_Work" storage="c:\users\futiliter\downloads\telegram desktop\openbullet 1.4.4 anomaly modded version\openbulletrecreation\openbullet.core.tests\bin\debug\net9.0\openbullet.core.tests.dll" id="ecea3af3-85b0-5011-1e09-4afe1b3cdedb">
      <Execution id="a02a08e6-88de-47cf-bbd0-e5771e548eec" />
      <TestMethod codeBase="C:\Users\futiliter\Downloads\Telegram Desktop\Openbullet 1.4.4 Anomaly Modded Version\OpenBulletRecreation\OpenBullet.Core.Tests\bin\Debug\net9.0\OpenBullet.Core.Tests.dll" adapterTypeName="executor://xunit/VsTestRunner2/netcoreapp" className="OpenBullet.Core.Tests.Step11_StorageServicesTests" name="JobStorage_Statistics_Should_Work" />
    </UnitTest>
    <UnitTest name="OpenBullet.Core.Tests.Step8_KeyCheckCommandTests.KeyCheckCommand_Should_Have_Correct_Properties" storage="c:\users\futiliter\downloads\telegram desktop\openbullet 1.4.4 anomaly modded version\openbulletrecreation\openbullet.core.tests\bin\debug\net9.0\openbullet.core.tests.dll" id="24f85852-d844-fe90-9f95-13f1e8e89aed">
      <Execution id="db899644-184d-455e-af12-2e7e6dbf5c90" />
      <TestMethod codeBase="C:\Users\futiliter\Downloads\Telegram Desktop\Openbullet 1.4.4 Anomaly Modded Version\OpenBulletRecreation\OpenBullet.Core.Tests\bin\Debug\net9.0\OpenBullet.Core.Tests.dll" adapterTypeName="executor://xunit/VsTestRunner2/netcoreapp" className="OpenBullet.Core.Tests.Step8_KeyCheckCommandTests" name="KeyCheckCommand_Should_Have_Correct_Properties" />
    </UnitTest>
    <UnitTest name="OpenBullet.Core.Tests.Step8_ValidationTests.KeyCheckCommandExtensions_Should_Create_Instructions" storage="c:\users\futiliter\downloads\telegram desktop\openbullet 1.4.4 anomaly modded version\openbulletrecreation\openbullet.core.tests\bin\debug\net9.0\openbullet.core.tests.dll" id="b5db6218-7d9a-4454-662f-838bb9c69273">
      <Execution id="b47becdc-d772-469d-a07e-d9e91479c6e5" />
      <TestMethod codeBase="C:\Users\futiliter\Downloads\Telegram Desktop\Openbullet 1.4.4 Anomaly Modded Version\OpenBulletRecreation\OpenBullet.Core.Tests\bin\Debug\net9.0\OpenBullet.Core.Tests.dll" adapterTypeName="executor://xunit/VsTestRunner2/netcoreapp" className="OpenBullet.Core.Tests.Step8_ValidationTests" name="KeyCheckCommandExtensions_Should_Create_Instructions" />
    </UnitTest>
    <UnitTest name="OpenBullet.Core.Tests.Step6_RequestCommandTests.ValidateInstruction_With_Valid_HTTP_Methods_Should_Pass(method: &quot;POST&quot;)" storage="c:\users\futiliter\downloads\telegram desktop\openbullet 1.4.4 anomaly modded version\openbulletrecreation\openbullet.core.tests\bin\debug\net9.0\openbullet.core.tests.dll" id="1e7462f1-1d37-c1c1-403a-c7c9f044727e">
      <Execution id="c737cfcb-93e4-4adf-ad74-3e3e5a890998" />
      <TestMethod codeBase="C:\Users\futiliter\Downloads\Telegram Desktop\Openbullet 1.4.4 Anomaly Modded Version\OpenBulletRecreation\OpenBullet.Core.Tests\bin\Debug\net9.0\OpenBullet.Core.Tests.dll" adapterTypeName="executor://xunit/VsTestRunner2/netcoreapp" className="OpenBullet.Core.Tests.Step6_RequestCommandTests" name="ValidateInstruction_With_Valid_HTTP_Methods_Should_Pass" />
    </UnitTest>
    <UnitTest name="OpenBullet.Core.Tests.Step5_ValidationTests.ExecutionCheckpoint_Should_Initialize_With_Defaults" storage="c:\users\futiliter\downloads\telegram desktop\openbullet 1.4.4 anomaly modded version\openbulletrecreation\openbullet.core.tests\bin\debug\net9.0\openbullet.core.tests.dll" id="47f4a4c2-94d0-b4dd-21eb-df97252626cd">
      <Execution id="cc3fe01d-cfaa-4269-91e9-ba833a2e8920" />
      <TestMethod codeBase="C:\Users\futiliter\Downloads\Telegram Desktop\Openbullet 1.4.4 Anomaly Modded Version\OpenBulletRecreation\OpenBullet.Core.Tests\bin\Debug\net9.0\OpenBullet.Core.Tests.dll" adapterTypeName="executor://xunit/VsTestRunner2/netcoreapp" className="OpenBullet.Core.Tests.Step5_ValidationTests" name="ExecutionCheckpoint_Should_Initialize_With_Defaults" />
    </UnitTest>
    <UnitTest name="OpenBullet.Core.Tests.Step9_JobManagerTests.StopJobAsync_With_Valid_JobId_Should_Stop_Job" storage="c:\users\futiliter\downloads\telegram desktop\openbullet 1.4.4 anomaly modded version\openbulletrecreation\openbullet.core.tests\bin\debug\net9.0\openbullet.core.tests.dll" id="5d1fa9ee-5293-522d-b556-52fdcc7cd4b4">
      <Execution id="c60bd4d9-a541-489c-9d27-42067e9e77d0" />
      <TestMethod codeBase="C:\Users\futiliter\Downloads\Telegram Desktop\Openbullet 1.4.4 Anomaly Modded Version\OpenBulletRecreation\OpenBullet.Core.Tests\bin\Debug\net9.0\OpenBullet.Core.Tests.dll" adapterTypeName="executor://xunit/VsTestRunner2/netcoreapp" className="OpenBullet.Core.Tests.Step9_JobManagerTests" name="StopJobAsync_With_Valid_JobId_Should_Stop_Job" />
    </UnitTest>
    <UnitTest name="OpenBullet.Core.Tests.Step3_ValidationTests.ConfigurationService_Can_Be_Created_Successfully" storage="c:\users\futiliter\downloads\telegram desktop\openbullet 1.4.4 anomaly modded version\openbulletrecreation\openbullet.core.tests\bin\debug\net9.0\openbullet.core.tests.dll" id="9c124d0e-98c3-b6cb-a79d-9a142a4dace0">
      <Execution id="47343524-c1d9-4379-9376-08e6facebe4f" />
      <TestMethod codeBase="C:\Users\futiliter\Downloads\Telegram Desktop\Openbullet 1.4.4 Anomaly Modded Version\OpenBulletRecreation\OpenBullet.Core.Tests\bin\Debug\net9.0\OpenBullet.Core.Tests.dll" adapterTypeName="executor://xunit/VsTestRunner2/netcoreapp" className="OpenBullet.Core.Tests.Step3_ValidationTests" name="ConfigurationService_Can_Be_Created_Successfully" />
    </UnitTest>
    <UnitTest name="OpenBullet.Core.Tests.Step8_ValidationTests.BotStatus_String_Conversion_Should_Work(stringValue: &quot;Failure&quot;, expectedStatus: Failure)" storage="c:\users\futiliter\downloads\telegram desktop\openbullet 1.4.4 anomaly modded version\openbulletrecreation\openbullet.core.tests\bin\debug\net9.0\openbullet.core.tests.dll" id="416809a2-7b2d-d210-0f7d-91d5963607a1">
      <Execution id="7b685ad4-f52d-4faa-94a1-9b5432407872" />
      <TestMethod codeBase="C:\Users\futiliter\Downloads\Telegram Desktop\Openbullet 1.4.4 Anomaly Modded Version\OpenBulletRecreation\OpenBullet.Core.Tests\bin\Debug\net9.0\OpenBullet.Core.Tests.dll" adapterTypeName="executor://xunit/VsTestRunner2/netcoreapp" className="OpenBullet.Core.Tests.Step8_ValidationTests" name="BotStatus_String_Conversion_Should_Work" />
    </UnitTest>
    <UnitTest name="OpenBullet.Core.Tests.Step8_ValidationTests.BotStatus_String_Conversion_Should_Work(stringValue: &quot;Ban&quot;, expectedStatus: Ban)" storage="c:\users\futiliter\downloads\telegram desktop\openbullet 1.4.4 anomaly modded version\openbulletrecreation\openbullet.core.tests\bin\debug\net9.0\openbullet.core.tests.dll" id="77d87379-c548-769d-e58e-1c57a8aec05f">
      <Execution id="314747c4-8c2a-4c97-a48c-9bff88952ad7" />
      <TestMethod codeBase="C:\Users\futiliter\Downloads\Telegram Desktop\Openbullet 1.4.4 Anomaly Modded Version\OpenBulletRecreation\OpenBullet.Core.Tests\bin\Debug\net9.0\OpenBullet.Core.Tests.dll" adapterTypeName="executor://xunit/VsTestRunner2/netcoreapp" className="OpenBullet.Core.Tests.Step8_ValidationTests" name="BotStatus_String_Conversion_Should_Work" />
    </UnitTest>
    <UnitTest name="OpenBullet.Core.Tests.Step3_ValidationTests.ConfigError_Types_Should_Be_Available(errorType: InvalidJson)" storage="c:\users\futiliter\downloads\telegram desktop\openbullet 1.4.4 anomaly modded version\openbulletrecreation\openbullet.core.tests\bin\debug\net9.0\openbullet.core.tests.dll" id="b2d5eb32-4d2f-2020-fcbe-332584e41b1b">
      <Execution id="99ffcc90-7a87-4d57-9217-14ab3e74fa28" />
      <TestMethod codeBase="C:\Users\futiliter\Downloads\Telegram Desktop\Openbullet 1.4.4 Anomaly Modded Version\OpenBulletRecreation\OpenBullet.Core.Tests\bin\Debug\net9.0\OpenBullet.Core.Tests.dll" adapterTypeName="executor://xunit/VsTestRunner2/netcoreapp" className="OpenBullet.Core.Tests.Step3_ValidationTests" name="ConfigError_Types_Should_Be_Available" />
    </UnitTest>
    <UnitTest name="OpenBullet.Core.Tests.MockHttpClientServiceTests.SendAsync_Should_Handle_Error_Response" storage="c:\users\futiliter\downloads\telegram desktop\openbullet 1.4.4 anomaly modded version\openbulletrecreation\openbullet.core.tests\bin\debug\net9.0\openbullet.core.tests.dll" id="f3dde7f4-3c74-1a71-9023-58ab88cbc02e">
      <Execution id="09cdc275-f24b-4700-a02e-c39909c14387" />
      <TestMethod codeBase="C:\Users\futiliter\Downloads\Telegram Desktop\Openbullet 1.4.4 Anomaly Modded Version\OpenBulletRecreation\OpenBullet.Core.Tests\bin\Debug\net9.0\OpenBullet.Core.Tests.dll" adapterTypeName="executor://xunit/VsTestRunner2/netcoreapp" className="OpenBullet.Core.Tests.MockHttpClientServiceTests" name="SendAsync_Should_Handle_Error_Response" />
    </UnitTest>
    <UnitTest name="OpenBullet.Core.Tests.Step7_ValidationTests.LeftRightParser_Should_Handle_Basic_Patterns" storage="c:\users\futiliter\downloads\telegram desktop\openbullet 1.4.4 anomaly modded version\openbulletrecreation\openbullet.core.tests\bin\debug\net9.0\openbullet.core.tests.dll" id="8db2d6f8-14e6-60f9-84e5-c29c12eea5d2">
      <Execution id="2aa11a14-e078-4267-aa04-13c3964f22d8" />
      <TestMethod codeBase="C:\Users\futiliter\Downloads\Telegram Desktop\Openbullet 1.4.4 Anomaly Modded Version\OpenBulletRecreation\OpenBullet.Core.Tests\bin\Debug\net9.0\OpenBullet.Core.Tests.dll" adapterTypeName="executor://xunit/VsTestRunner2/netcoreapp" className="OpenBullet.Core.Tests.Step7_ValidationTests" name="LeftRightParser_Should_Handle_Basic_Patterns" />
    </UnitTest>
    <UnitTest name="OpenBullet.Core.Tests.Step8_KeyCheckCommandTests.ValidateInstruction_With_Valid_Statuses_Should_Pass(status: &quot;Failure&quot;)" storage="c:\users\futiliter\downloads\telegram desktop\openbullet 1.4.4 anomaly modded version\openbulletrecreation\openbullet.core.tests\bin\debug\net9.0\openbullet.core.tests.dll" id="3f441a33-5ce1-55b6-2011-ea1c5c260248">
      <Execution id="1f9168d7-faf7-4dbc-b1f3-9620a97ea431" />
      <TestMethod codeBase="C:\Users\futiliter\Downloads\Telegram Desktop\Openbullet 1.4.4 Anomaly Modded Version\OpenBulletRecreation\OpenBullet.Core.Tests\bin\Debug\net9.0\OpenBullet.Core.Tests.dll" adapterTypeName="executor://xunit/VsTestRunner2/netcoreapp" className="OpenBullet.Core.Tests.Step8_KeyCheckCommandTests" name="ValidateInstruction_With_Valid_Statuses_Should_Pass" />
    </UnitTest>
    <UnitTest name="OpenBullet.Core.Tests.Step10_ProxyExtensionsTests.ValidateProxy_Should_Validate_Proxy_Strings(proxyString: &quot;proxy.example.com:8080&quot;, expectedValid: True, expectedError: null)" storage="c:\users\futiliter\downloads\telegram desktop\openbullet 1.4.4 anomaly modded version\openbulletrecreation\openbullet.core.tests\bin\debug\net9.0\openbullet.core.tests.dll" id="776d4ddc-711a-105f-dbf8-5878cb8d1a55">
      <Execution id="69891e41-8def-45be-a6c5-2a9e91fa1276" />
      <TestMethod codeBase="C:\Users\futiliter\Downloads\Telegram Desktop\Openbullet 1.4.4 Anomaly Modded Version\OpenBulletRecreation\OpenBullet.Core.Tests\bin\Debug\net9.0\OpenBullet.Core.Tests.dll" adapterTypeName="executor://xunit/VsTestRunner2/netcoreapp" className="OpenBullet.Core.Tests.Step10_ProxyExtensionsTests" name="ValidateProxy_Should_Validate_Proxy_Strings" />
    </UnitTest>
    <UnitTest name="OpenBullet.Core.Tests.Step11_DatabaseContextTests.Entity_Enums_Should_Have_Correct_Values" storage="c:\users\futiliter\downloads\telegram desktop\openbullet 1.4.4 anomaly modded version\openbulletrecreation\openbullet.core.tests\bin\debug\net9.0\openbullet.core.tests.dll" id="99f14de9-db5e-6b19-7725-56ba43107949">
      <Execution id="7b10432e-7124-4157-a418-4717a389b85d" />
      <TestMethod codeBase="C:\Users\futiliter\Downloads\Telegram Desktop\Openbullet 1.4.4 Anomaly Modded Version\OpenBulletRecreation\OpenBullet.Core.Tests\bin\Debug\net9.0\OpenBullet.Core.Tests.dll" adapterTypeName="executor://xunit/VsTestRunner2/netcoreapp" className="OpenBullet.Core.Tests.Step11_DatabaseContextTests" name="Entity_Enums_Should_Have_Correct_Values" />
    </UnitTest>
    <UnitTest name="OpenBullet.Core.Tests.Step9_BotRunnerTests.RunAsync_With_Custom_Status_Should_Return_Custom_Result" storage="c:\users\futiliter\downloads\telegram desktop\openbullet 1.4.4 anomaly modded version\openbulletrecreation\openbullet.core.tests\bin\debug\net9.0\openbullet.core.tests.dll" id="ecf49c5d-21f6-92cf-c067-de24ef24a0aa">
      <Execution id="c5b75683-a3d0-4123-8b49-407fecff7052" />
      <TestMethod codeBase="C:\Users\futiliter\Downloads\Telegram Desktop\Openbullet 1.4.4 Anomaly Modded Version\OpenBulletRecreation\OpenBullet.Core.Tests\bin\Debug\net9.0\OpenBullet.Core.Tests.dll" adapterTypeName="executor://xunit/VsTestRunner2/netcoreapp" className="OpenBullet.Core.Tests.Step9_BotRunnerTests" name="RunAsync_With_Custom_Status_Should_Return_Custom_Result" />
    </UnitTest>
    <UnitTest name="OpenBullet.Core.Tests.Step9_ScriptEngineTests.ValidateScript_With_Command_Validation_Errors_Should_Fail" storage="c:\users\futiliter\downloads\telegram desktop\openbullet 1.4.4 anomaly modded version\openbulletrecreation\openbullet.core.tests\bin\debug\net9.0\openbullet.core.tests.dll" id="88ca1950-ee5b-cc78-1400-0b337026138a">
      <Execution id="9a52ce1d-b17c-4092-aa0e-17c4970b4e63" />
      <TestMethod codeBase="C:\Users\futiliter\Downloads\Telegram Desktop\Openbullet 1.4.4 Anomaly Modded Version\OpenBulletRecreation\OpenBullet.Core.Tests\bin\Debug\net9.0\OpenBullet.Core.Tests.dll" adapterTypeName="executor://xunit/VsTestRunner2/netcoreapp" className="OpenBullet.Core.Tests.Step9_ScriptEngineTests" name="ValidateScript_With_Command_Validation_Errors_Should_Fail" />
    </UnitTest>
    <UnitTest name="OpenBullet.Core.Tests.Step11_ValidationTests.All_Enums_Should_Have_Correct_Values" storage="c:\users\futiliter\downloads\telegram desktop\openbullet 1.4.4 anomaly modded version\openbulletrecreation\openbullet.core.tests\bin\debug\net9.0\openbullet.core.tests.dll" id="7058b43d-bd67-4bd4-9f7f-6daabb03e642">
      <Execution id="56b2320f-6c6a-4801-91ce-ac88aba0f383" />
      <TestMethod codeBase="C:\Users\futiliter\Downloads\Telegram Desktop\Openbullet 1.4.4 Anomaly Modded Version\OpenBulletRecreation\OpenBullet.Core.Tests\bin\Debug\net9.0\OpenBullet.Core.Tests.dll" adapterTypeName="executor://xunit/VsTestRunner2/netcoreapp" className="OpenBullet.Core.Tests.Step11_ValidationTests" name="All_Enums_Should_Have_Correct_Values" />
    </UnitTest>
    <UnitTest name="OpenBullet.Core.Tests.Step10_ProxyManagerTests.LoadProxiesFromListAsync_With_Valid_Proxies_Should_Load_Successfully" storage="c:\users\futiliter\downloads\telegram desktop\openbullet 1.4.4 anomaly modded version\openbulletrecreation\openbullet.core.tests\bin\debug\net9.0\openbullet.core.tests.dll" id="f08fe84d-35b8-14f0-efac-d7320a606aea">
      <Execution id="02ad4ed5-f438-426a-82f9-c9cb084bb671" />
      <TestMethod codeBase="C:\Users\futiliter\Downloads\Telegram Desktop\Openbullet 1.4.4 Anomaly Modded Version\OpenBulletRecreation\OpenBullet.Core.Tests\bin\Debug\net9.0\OpenBullet.Core.Tests.dll" adapterTypeName="executor://xunit/VsTestRunner2/netcoreapp" className="OpenBullet.Core.Tests.Step10_ProxyManagerTests" name="LoadProxiesFromListAsync_With_Valid_Proxies_Should_Load_Successfully" />
    </UnitTest>
    <UnitTest name="OpenBullet.Core.Tests.Step11_DatabaseManagerTests.DatabaseCleanupOptions_Should_Have_Reasonable_Defaults" storage="c:\users\futiliter\downloads\telegram desktop\openbullet 1.4.4 anomaly modded version\openbulletrecreation\openbullet.core.tests\bin\debug\net9.0\openbullet.core.tests.dll" id="ee8a10d7-08af-b545-d83c-dd0315b7bedd">
      <Execution id="74e4987c-5073-4906-85dd-5d1abff3f89d" />
      <TestMethod codeBase="C:\Users\futiliter\Downloads\Telegram Desktop\Openbullet 1.4.4 Anomaly Modded Version\OpenBulletRecreation\OpenBullet.Core.Tests\bin\Debug\net9.0\OpenBullet.Core.Tests.dll" adapterTypeName="executor://xunit/VsTestRunner2/netcoreapp" className="OpenBullet.Core.Tests.Step11_DatabaseManagerTests" name="DatabaseCleanupOptions_Should_Have_Reasonable_Defaults" />
    </UnitTest>
    <UnitTest name="OpenBullet.Core.Tests.Step6_CommandFactoryTests.CreateCommand_Should_Return_Null_For_Unknown_Command" storage="c:\users\futiliter\downloads\telegram desktop\openbullet 1.4.4 anomaly modded version\openbulletrecreation\openbullet.core.tests\bin\debug\net9.0\openbullet.core.tests.dll" id="39952ef3-b830-3542-0078-b53a0f0ad8a0">
      <Execution id="3fb3150c-ce35-461e-a5ca-984cb21d32e0" />
      <TestMethod codeBase="C:\Users\futiliter\Downloads\Telegram Desktop\Openbullet 1.4.4 Anomaly Modded Version\OpenBulletRecreation\OpenBullet.Core.Tests\bin\Debug\net9.0\OpenBullet.Core.Tests.dll" adapterTypeName="executor://xunit/VsTestRunner2/netcoreapp" className="OpenBullet.Core.Tests.Step6_CommandFactoryTests" name="CreateCommand_Should_Return_Null_For_Unknown_Command" />
    </UnitTest>
    <UnitTest name="OpenBullet.Core.Tests.Step3_ValidationTests.ConfigParsingOptions_Should_Initialize_With_Defaults" storage="c:\users\futiliter\downloads\telegram desktop\openbullet 1.4.4 anomaly modded version\openbulletrecreation\openbullet.core.tests\bin\debug\net9.0\openbullet.core.tests.dll" id="b8e3be37-3943-edb5-f8eb-661f963a9d4c">
      <Execution id="ef0f7e3c-97e6-436c-af7f-f78b409e361a" />
      <TestMethod codeBase="C:\Users\futiliter\Downloads\Telegram Desktop\Openbullet 1.4.4 Anomaly Modded Version\OpenBulletRecreation\OpenBullet.Core.Tests\bin\Debug\net9.0\OpenBullet.Core.Tests.dll" adapterTypeName="executor://xunit/VsTestRunner2/netcoreapp" className="OpenBullet.Core.Tests.Step3_ValidationTests" name="ConfigParsingOptions_Should_Initialize_With_Defaults" />
    </UnitTest>
    <UnitTest name="OpenBullet.Core.Tests.Step10_ValidationTests.Enum_Combinations_Should_Be_Valid(rotationStrategy: HealthBased, strategy: PerDataLine, health: Dead)" storage="c:\users\futiliter\downloads\telegram desktop\openbullet 1.4.4 anomaly modded version\openbulletrecreation\openbullet.core.tests\bin\debug\net9.0\openbullet.core.tests.dll" id="be64a507-9cbe-c3d4-1244-51e096dc45ef">
      <Execution id="d089cb59-a7b0-4f69-ab46-8b2bd560309f" />
      <TestMethod codeBase="C:\Users\futiliter\Downloads\Telegram Desktop\Openbullet 1.4.4 Anomaly Modded Version\OpenBulletRecreation\OpenBullet.Core.Tests\bin\Debug\net9.0\OpenBullet.Core.Tests.dll" adapterTypeName="executor://xunit/VsTestRunner2/netcoreapp" className="OpenBullet.Core.Tests.Step10_ValidationTests" name="Enum_Combinations_Should_Be_Valid" />
    </UnitTest>
    <UnitTest name="OpenBullet.Core.Tests.Step8_KeyCheckerTests.GetSourceValue_With_Special_Sources_Should_Return_Correct_Values" storage="c:\users\futiliter\downloads\telegram desktop\openbullet 1.4.4 anomaly modded version\openbulletrecreation\openbullet.core.tests\bin\debug\net9.0\openbullet.core.tests.dll" id="38b459c7-e39d-d600-c156-2b124ca69f15">
      <Execution id="dc741dec-a859-4f79-8995-d6d88d13aa7c" />
      <TestMethod codeBase="C:\Users\futiliter\Downloads\Telegram Desktop\Openbullet 1.4.4 Anomaly Modded Version\OpenBulletRecreation\OpenBullet.Core.Tests\bin\Debug\net9.0\OpenBullet.Core.Tests.dll" adapterTypeName="executor://xunit/VsTestRunner2/netcoreapp" className="OpenBullet.Core.Tests.Step8_KeyCheckerTests" name="GetSourceValue_With_Special_Sources_Should_Return_Correct_Values" />
    </UnitTest>
    <UnitTest name="OpenBullet.Core.Tests.Step7_ParsersTests.ParseOptions_Should_Initialize_With_Defaults" storage="c:\users\futiliter\downloads\telegram desktop\openbullet 1.4.4 anomaly modded version\openbulletrecreation\openbullet.core.tests\bin\debug\net9.0\openbullet.core.tests.dll" id="83816c09-0e9d-c8fb-4664-e55ac8cf82da">
      <Execution id="263de0f6-009a-4859-8f39-25f04cfc9063" />
      <TestMethod codeBase="C:\Users\futiliter\Downloads\Telegram Desktop\Openbullet 1.4.4 Anomaly Modded Version\OpenBulletRecreation\OpenBullet.Core.Tests\bin\Debug\net9.0\OpenBullet.Core.Tests.dll" adapterTypeName="executor://xunit/VsTestRunner2/netcoreapp" className="OpenBullet.Core.Tests.Step7_ParsersTests" name="ParseOptions_Should_Initialize_With_Defaults" />
    </UnitTest>
    <UnitTest name="OpenBullet.Core.Tests.Step9_ScriptEngineTests.ExecuteAsync_Should_Handle_All_Flow_Control_Types(flowControl: Stop)" storage="c:\users\futiliter\downloads\telegram desktop\openbullet 1.4.4 anomaly modded version\openbulletrecreation\openbullet.core.tests\bin\debug\net9.0\openbullet.core.tests.dll" id="b06ba365-166a-406b-8187-79b49efb2b50">
      <Execution id="78cae84c-9a4f-494a-8886-84a9b8280409" />
      <TestMethod codeBase="C:\Users\futiliter\Downloads\Telegram Desktop\Openbullet 1.4.4 Anomaly Modded Version\OpenBulletRecreation\OpenBullet.Core.Tests\bin\Debug\net9.0\OpenBullet.Core.Tests.dll" adapterTypeName="executor://xunit/VsTestRunner2/netcoreapp" className="OpenBullet.Core.Tests.Step9_ScriptEngineTests" name="ExecuteAsync_Should_Handle_All_Flow_Control_Types" />
    </UnitTest>
    <UnitTest name="OpenBullet.Core.Tests.Step13_ConfigurationEditorTests.ValidateScript_Should_Check_Variable_Usage" storage="c:\users\futiliter\downloads\telegram desktop\openbullet 1.4.4 anomaly modded version\openbulletrecreation\openbullet.core.tests\bin\debug\net9.0\openbullet.core.tests.dll" id="12d29959-b009-2110-7334-f1534ef6a6ac">
      <Execution id="d0f1a406-cb8a-4404-9c93-ca9a08f3d03a" />
      <TestMethod codeBase="C:\Users\futiliter\Downloads\Telegram Desktop\Openbullet 1.4.4 Anomaly Modded Version\OpenBulletRecreation\OpenBullet.Core.Tests\bin\Debug\net9.0\OpenBullet.Core.Tests.dll" adapterTypeName="executor://xunit/VsTestRunner2/netcoreapp" className="OpenBullet.Core.Tests.Step13_ConfigurationEditorTests" name="ValidateScript_Should_Check_Variable_Usage" />
    </UnitTest>
    <UnitTest name="OpenBullet.Core.Tests.Step8_KeyCheckerTests.GetSourceValue_With_Variable_Reference_Should_Return_Variable_Value" storage="c:\users\futiliter\downloads\telegram desktop\openbullet 1.4.4 anomaly modded version\openbulletrecreation\openbullet.core.tests\bin\debug\net9.0\openbullet.core.tests.dll" id="e7991943-9253-d5e7-68e7-2e99dc8f23db">
      <Execution id="78371cad-eca9-4aae-9935-efae5e8e36e4" />
      <TestMethod codeBase="C:\Users\futiliter\Downloads\Telegram Desktop\Openbullet 1.4.4 Anomaly Modded Version\OpenBulletRecreation\OpenBullet.Core.Tests\bin\Debug\net9.0\OpenBullet.Core.Tests.dll" adapterTypeName="executor://xunit/VsTestRunner2/netcoreapp" className="OpenBullet.Core.Tests.Step8_KeyCheckerTests" name="GetSourceValue_With_Variable_Reference_Should_Return_Variable_Value" />
    </UnitTest>
    <UnitTest name="OpenBullet.Core.Tests.Step5_ExecutionContextTests.RestoreCheckpoint_Should_Throw_For_Null_Checkpoint" storage="c:\users\futiliter\downloads\telegram desktop\openbullet 1.4.4 anomaly modded version\openbulletrecreation\openbullet.core.tests\bin\debug\net9.0\openbullet.core.tests.dll" id="076a9955-f24c-af55-92d8-2f5bce32d274">
      <Execution id="ab10931b-4912-4331-b255-525b0a28384a" />
      <TestMethod codeBase="C:\Users\futiliter\Downloads\Telegram Desktop\Openbullet 1.4.4 Anomaly Modded Version\OpenBulletRecreation\OpenBullet.Core.Tests\bin\Debug\net9.0\OpenBullet.Core.Tests.dll" adapterTypeName="executor://xunit/VsTestRunner2/netcoreapp" className="OpenBullet.Core.Tests.Step5_ExecutionContextTests" name="RestoreCheckpoint_Should_Throw_For_Null_Checkpoint" />
    </UnitTest>
    <UnitTest name="OpenBullet.Core.Tests.Step2_ValidationTests.ProxyInfo_Different_Configurations_Work(host: &quot;socks.example.com&quot;, port: 1080, type: Socks5)" storage="c:\users\futiliter\downloads\telegram desktop\openbullet 1.4.4 anomaly modded version\openbulletrecreation\openbullet.core.tests\bin\debug\net9.0\openbullet.core.tests.dll" id="86ba4a50-66c2-e773-9473-176e52c9ca01">
      <Execution id="045b2e55-0f7e-4ed1-9b59-450b335880c9" />
      <TestMethod codeBase="C:\Users\futiliter\Downloads\Telegram Desktop\Openbullet 1.4.4 Anomaly Modded Version\OpenBulletRecreation\OpenBullet.Core.Tests\bin\Debug\net9.0\OpenBullet.Core.Tests.dll" adapterTypeName="executor://xunit/VsTestRunner2/netcoreapp" className="OpenBullet.Core.Tests.Step2_ValidationTests" name="ProxyInfo_Different_Configurations_Work" />
    </UnitTest>
    <UnitTest name="OpenBullet.Core.Tests.Step10_ValidationTests.Event_Arguments_Should_Initialize_With_Defaults" storage="c:\users\futiliter\downloads\telegram desktop\openbullet 1.4.4 anomaly modded version\openbulletrecreation\openbullet.core.tests\bin\debug\net9.0\openbullet.core.tests.dll" id="5477285c-1502-5789-efa7-0d433afb2a99">
      <Execution id="c0ebac72-1811-4da2-b7a4-ea9b8c3d1581" />
      <TestMethod codeBase="C:\Users\futiliter\Downloads\Telegram Desktop\Openbullet 1.4.4 Anomaly Modded Version\OpenBulletRecreation\OpenBullet.Core.Tests\bin\Debug\net9.0\OpenBullet.Core.Tests.dll" adapterTypeName="executor://xunit/VsTestRunner2/netcoreapp" className="OpenBullet.Core.Tests.Step10_ValidationTests" name="Event_Arguments_Should_Initialize_With_Defaults" />
    </UnitTest>
    <UnitTest name="OpenBullet.Core.Tests.Step10_ProxyJobManagerTests.ProxyJobConfiguration_Should_Validate_Proxy_Settings" storage="c:\users\futiliter\downloads\telegram desktop\openbullet 1.4.4 anomaly modded version\openbulletrecreation\openbullet.core.tests\bin\debug\net9.0\openbullet.core.tests.dll" id="d7bc744b-5fe4-d1fd-dbcb-23577e3dfe45">
      <Execution id="93cacc65-a7de-493a-8925-6bc67a951e06" />
      <TestMethod codeBase="C:\Users\futiliter\Downloads\Telegram Desktop\Openbullet 1.4.4 Anomaly Modded Version\OpenBulletRecreation\OpenBullet.Core.Tests\bin\Debug\net9.0\OpenBullet.Core.Tests.dll" adapterTypeName="executor://xunit/VsTestRunner2/netcoreapp" className="OpenBullet.Core.Tests.Step10_ProxyJobManagerTests" name="ProxyJobConfiguration_Should_Validate_Proxy_Settings" />
    </UnitTest>
    <UnitTest name="OpenBullet.Core.Tests.Step3_ConfigurationServiceTests.ValidateConfigAsync_With_Nonexistent_File_Should_Return_File_Error" storage="c:\users\futiliter\downloads\telegram desktop\openbullet 1.4.4 anomaly modded version\openbulletrecreation\openbullet.core.tests\bin\debug\net9.0\openbullet.core.tests.dll" id="dd5ac933-b470-e8b0-07ac-698f955eb5c9">
      <Execution id="320f6d7b-b3fa-4323-83e8-142c236c2ea9" />
      <TestMethod codeBase="C:\Users\futiliter\Downloads\Telegram Desktop\Openbullet 1.4.4 Anomaly Modded Version\OpenBulletRecreation\OpenBullet.Core.Tests\bin\Debug\net9.0\OpenBullet.Core.Tests.dll" adapterTypeName="executor://xunit/VsTestRunner2/netcoreapp" className="OpenBullet.Core.Tests.Step3_ConfigurationServiceTests" name="ValidateConfigAsync_With_Nonexistent_File_Should_Return_File_Error" />
    </UnitTest>
    <UnitTest name="OpenBullet.Core.Tests.Step6_CommandMetadataTests.ParameterType_Values_Should_Be_Available(parameterType: Boolean)" storage="c:\users\futiliter\downloads\telegram desktop\openbullet 1.4.4 anomaly modded version\openbulletrecreation\openbullet.core.tests\bin\debug\net9.0\openbullet.core.tests.dll" id="7158c640-1d7b-8767-848f-4fec4b1c7ca1">
      <Execution id="c3bafbff-d2e3-462b-b63a-93c4f0be2d42" />
      <TestMethod codeBase="C:\Users\futiliter\Downloads\Telegram Desktop\Openbullet 1.4.4 Anomaly Modded Version\OpenBulletRecreation\OpenBullet.Core.Tests\bin\Debug\net9.0\OpenBullet.Core.Tests.dll" adapterTypeName="executor://xunit/VsTestRunner2/netcoreapp" className="OpenBullet.Core.Tests.Step6_CommandMetadataTests" name="ParameterType_Values_Should_Be_Available" />
    </UnitTest>
    <UnitTest name="OpenBullet.Core.Tests.Step10_ProxyManagerTests.ReturnProxyAsync_With_Success_Result_Should_Update_Statistics" storage="c:\users\futiliter\downloads\telegram desktop\openbullet 1.4.4 anomaly modded version\openbulletrecreation\openbullet.core.tests\bin\debug\net9.0\openbullet.core.tests.dll" id="645528e2-40da-a3b6-7ce8-4b7c3e3825d5">
      <Execution id="94878930-346e-46dc-8b1e-1f21af40833c" />
      <TestMethod codeBase="C:\Users\futiliter\Downloads\Telegram Desktop\Openbullet 1.4.4 Anomaly Modded Version\OpenBulletRecreation\OpenBullet.Core.Tests\bin\Debug\net9.0\OpenBullet.Core.Tests.dll" adapterTypeName="executor://xunit/VsTestRunner2/netcoreapp" className="OpenBullet.Core.Tests.Step10_ProxyManagerTests" name="ReturnProxyAsync_With_Success_Result_Should_Update_Statistics" />
    </UnitTest>
    <UnitTest name="OpenBullet.Core.Tests.Step9_ScriptEngineTests.ValidateScript_With_Labels_Should_Extract_Labels" storage="c:\users\futiliter\downloads\telegram desktop\openbullet 1.4.4 anomaly modded version\openbulletrecreation\openbullet.core.tests\bin\debug\net9.0\openbullet.core.tests.dll" id="5b66a788-c0af-c8ce-ae25-3fffd8e28219">
      <Execution id="f383c7cf-93b3-4c8d-90c8-a088b738852b" />
      <TestMethod codeBase="C:\Users\futiliter\Downloads\Telegram Desktop\Openbullet 1.4.4 Anomaly Modded Version\OpenBulletRecreation\OpenBullet.Core.Tests\bin\Debug\net9.0\OpenBullet.Core.Tests.dll" adapterTypeName="executor://xunit/VsTestRunner2/netcoreapp" className="OpenBullet.Core.Tests.Step9_ScriptEngineTests" name="ValidateScript_With_Labels_Should_Extract_Labels" />
    </UnitTest>
    <UnitTest name="OpenBullet.Core.Tests.Step13_CoreServicesTests.LoliScriptValidator_Should_Handle_Empty_Input" storage="c:\users\futiliter\downloads\telegram desktop\openbullet 1.4.4 anomaly modded version\openbulletrecreation\openbullet.core.tests\bin\debug\net9.0\openbullet.core.tests.dll" id="4573ce37-608e-a3a0-f76b-58fac49442be">
      <Execution id="021c5c9e-df90-46ee-a4cd-19fa5d05f236" />
      <TestMethod codeBase="C:\Users\futiliter\Downloads\Telegram Desktop\Openbullet 1.4.4 Anomaly Modded Version\OpenBulletRecreation\OpenBullet.Core.Tests\bin\Debug\net9.0\OpenBullet.Core.Tests.dll" adapterTypeName="executor://xunit/VsTestRunner2/netcoreapp" className="OpenBullet.Core.Tests.Step13_CoreServicesTests" name="LoliScriptValidator_Should_Handle_Empty_Input" />
    </UnitTest>
    <UnitTest name="OpenBullet.Core.Tests.Step6_ValidationTests.RequestCommand_Should_Validate_HTTP_Methods_Correctly(method: &quot;HEAD&quot;, shouldBeValid: True)" storage="c:\users\futiliter\downloads\telegram desktop\openbullet 1.4.4 anomaly modded version\openbulletrecreation\openbullet.core.tests\bin\debug\net9.0\openbullet.core.tests.dll" id="a8737418-50f3-d097-0c29-7de5b76539f2">
      <Execution id="fcf4949d-74ee-4bcf-b17c-6d4325af0031" />
      <TestMethod codeBase="C:\Users\futiliter\Downloads\Telegram Desktop\Openbullet 1.4.4 Anomaly Modded Version\OpenBulletRecreation\OpenBullet.Core.Tests\bin\Debug\net9.0\OpenBullet.Core.Tests.dll" adapterTypeName="executor://xunit/VsTestRunner2/netcoreapp" className="OpenBullet.Core.Tests.Step6_ValidationTests" name="RequestCommand_Should_Validate_HTTP_Methods_Correctly" />
    </UnitTest>
    <UnitTest name="OpenBullet.Core.Tests.Step8_KeyCheckerTests.EvaluateKey_With_Various_Conditions_Should_Work(condition: StartsWith, sourceValue: &quot;Welcome to the dashboard!&quot;, targetValue: &quot;Welcome&quot;, expected: True)" storage="c:\users\futiliter\downloads\telegram desktop\openbullet 1.4.4 anomaly modded version\openbulletrecreation\openbullet.core.tests\bin\debug\net9.0\openbullet.core.tests.dll" id="c0c21968-008b-607a-f6da-fe95f1e4c129">
      <Execution id="0a646509-6a3d-4878-9d8f-a2d1ad9d98eb" />
      <TestMethod codeBase="C:\Users\futiliter\Downloads\Telegram Desktop\Openbullet 1.4.4 Anomaly Modded Version\OpenBulletRecreation\OpenBullet.Core.Tests\bin\Debug\net9.0\OpenBullet.Core.Tests.dll" adapterTypeName="executor://xunit/VsTestRunner2/netcoreapp" className="OpenBullet.Core.Tests.Step8_KeyCheckerTests" name="EvaluateKey_With_Various_Conditions_Should_Work" />
    </UnitTest>
    <UnitTest name="OpenBullet.Core.Tests.Step9_BotRunnerTests.RunAsync_With_Cancellation_Should_Return_Cancelled_Result" storage="c:\users\futiliter\downloads\telegram desktop\openbullet 1.4.4 anomaly modded version\openbulletrecreation\openbullet.core.tests\bin\debug\net9.0\openbullet.core.tests.dll" id="9ecebe1a-d64f-a9ce-ebf9-f65e3d051caf">
      <Execution id="a3a1052c-2293-43c9-b906-d120acaca1e6" />
      <TestMethod codeBase="C:\Users\futiliter\Downloads\Telegram Desktop\Openbullet 1.4.4 Anomaly Modded Version\OpenBulletRecreation\OpenBullet.Core.Tests\bin\Debug\net9.0\OpenBullet.Core.Tests.dll" adapterTypeName="executor://xunit/VsTestRunner2/netcoreapp" className="OpenBullet.Core.Tests.Step9_BotRunnerTests" name="RunAsync_With_Cancellation_Should_Return_Cancelled_Result" />
    </UnitTest>
    <UnitTest name="OpenBullet.Core.Tests.Step11_StorageServicesTests.ResultStorage_Statistics_Should_Work" storage="c:\users\futiliter\downloads\telegram desktop\openbullet 1.4.4 anomaly modded version\openbulletrecreation\openbullet.core.tests\bin\debug\net9.0\openbullet.core.tests.dll" id="bc3cb7fe-19fa-0795-5cd7-9207cf2f41d4">
      <Execution id="c6ad5e17-368b-4d2d-be43-966f85615335" />
      <TestMethod codeBase="C:\Users\futiliter\Downloads\Telegram Desktop\Openbullet 1.4.4 Anomaly Modded Version\OpenBulletRecreation\OpenBullet.Core.Tests\bin\Debug\net9.0\OpenBullet.Core.Tests.dll" adapterTypeName="executor://xunit/VsTestRunner2/netcoreapp" className="OpenBullet.Core.Tests.Step11_StorageServicesTests" name="ResultStorage_Statistics_Should_Work" />
    </UnitTest>
    <UnitTest name="OpenBullet.Core.Tests.Step2_ValidationTests.ProxyTestResult_Properties_Work_Correctly" storage="c:\users\futiliter\downloads\telegram desktop\openbullet 1.4.4 anomaly modded version\openbulletrecreation\openbullet.core.tests\bin\debug\net9.0\openbullet.core.tests.dll" id="ac48abd3-04c5-6848-7e56-b8c850983dd0">
      <Execution id="32158eb9-8138-4856-8dc3-3fe0c1100306" />
      <TestMethod codeBase="C:\Users\futiliter\Downloads\Telegram Desktop\Openbullet 1.4.4 Anomaly Modded Version\OpenBulletRecreation\OpenBullet.Core.Tests\bin\Debug\net9.0\OpenBullet.Core.Tests.dll" adapterTypeName="executor://xunit/VsTestRunner2/netcoreapp" className="OpenBullet.Core.Tests.Step2_ValidationTests" name="ProxyTestResult_Properties_Work_Correctly" />
    </UnitTest>
    <UnitTest name="OpenBullet.Core.Tests.Step8_KeyCheckerTests.EvaluateKey_With_DoesNotContain_Condition_Should_Work" storage="c:\users\futiliter\downloads\telegram desktop\openbullet 1.4.4 anomaly modded version\openbulletrecreation\openbullet.core.tests\bin\debug\net9.0\openbullet.core.tests.dll" id="4f45625f-14a2-4ecc-7a37-46886e2da571">
      <Execution id="51000590-5798-458a-af96-caac8c61c896" />
      <TestMethod codeBase="C:\Users\futiliter\Downloads\Telegram Desktop\Openbullet 1.4.4 Anomaly Modded Version\OpenBulletRecreation\OpenBullet.Core.Tests\bin\Debug\net9.0\OpenBullet.Core.Tests.dll" adapterTypeName="executor://xunit/VsTestRunner2/netcoreapp" className="OpenBullet.Core.Tests.Step8_KeyCheckerTests" name="EvaluateKey_With_DoesNotContain_Condition_Should_Work" />
    </UnitTest>
    <UnitTest name="OpenBullet.Core.Tests.Step7_ParsersTests.ParserFactory_Should_Return_Available_Types" storage="c:\users\futiliter\downloads\telegram desktop\openbullet 1.4.4 anomaly modded version\openbulletrecreation\openbullet.core.tests\bin\debug\net9.0\openbullet.core.tests.dll" id="392e806d-40aa-a7b0-e85f-1a6537f4f3f0">
      <Execution id="f65d47d1-651a-45bd-bfdb-ce75f875594f" />
      <TestMethod codeBase="C:\Users\futiliter\Downloads\Telegram Desktop\Openbullet 1.4.4 Anomaly Modded Version\OpenBulletRecreation\OpenBullet.Core.Tests\bin\Debug\net9.0\OpenBullet.Core.Tests.dll" adapterTypeName="executor://xunit/VsTestRunner2/netcoreapp" className="OpenBullet.Core.Tests.Step7_ParsersTests" name="ParserFactory_Should_Return_Available_Types" />
    </UnitTest>
    <UnitTest name="OpenBullet.Core.Tests.Step8_KeyCheckCommandTests.ValidateInstruction_With_Valid_Logic_Should_Pass(logic: &quot;AND&quot;)" storage="c:\users\futiliter\downloads\telegram desktop\openbullet 1.4.4 anomaly modded version\openbulletrecreation\openbullet.core.tests\bin\debug\net9.0\openbullet.core.tests.dll" id="00f0ffee-2f7d-59ea-15f2-5477de376bbc">
      <Execution id="91bf8090-17ec-434e-9cd6-336e35cf9301" />
      <TestMethod codeBase="C:\Users\futiliter\Downloads\Telegram Desktop\Openbullet 1.4.4 Anomaly Modded Version\OpenBulletRecreation\OpenBullet.Core.Tests\bin\Debug\net9.0\OpenBullet.Core.Tests.dll" adapterTypeName="executor://xunit/VsTestRunner2/netcoreapp" className="OpenBullet.Core.Tests.Step8_KeyCheckCommandTests" name="ValidateInstruction_With_Valid_Logic_Should_Pass" />
    </UnitTest>
    <UnitTest name="OpenBullet.Core.Tests.Step3_ConfigurationServiceTests.GetConfigsFromDirectoryAsync_Should_Return_All_Configs" storage="c:\users\futiliter\downloads\telegram desktop\openbullet 1.4.4 anomaly modded version\openbulletrecreation\openbullet.core.tests\bin\debug\net9.0\openbullet.core.tests.dll" id="cf8fa09a-937a-7d58-7c03-423cb32a00ac">
      <Execution id="04696d71-13db-4f21-8e59-affc4024f98e" />
      <TestMethod codeBase="C:\Users\futiliter\Downloads\Telegram Desktop\Openbullet 1.4.4 Anomaly Modded Version\OpenBulletRecreation\OpenBullet.Core.Tests\bin\Debug\net9.0\OpenBullet.Core.Tests.dll" adapterTypeName="executor://xunit/VsTestRunner2/netcoreapp" className="OpenBullet.Core.Tests.Step3_ConfigurationServiceTests" name="GetConfigsFromDirectoryAsync_Should_Return_All_Configs" />
    </UnitTest>
    <UnitTest name="OpenBullet.Core.Tests.Step10_ProxyJobManagerTests.ProxyStrategy_Enum_Should_Have_All_Values(strategy: PerDataLine)" storage="c:\users\futiliter\downloads\telegram desktop\openbullet 1.4.4 anomaly modded version\openbulletrecreation\openbullet.core.tests\bin\debug\net9.0\openbullet.core.tests.dll" id="3a32b3db-515e-bd34-94d4-fa489549a0d4">
      <Execution id="3a3f79f0-13a2-410c-8304-67cc7e9784fd" />
      <TestMethod codeBase="C:\Users\futiliter\Downloads\Telegram Desktop\Openbullet 1.4.4 Anomaly Modded Version\OpenBulletRecreation\OpenBullet.Core.Tests\bin\Debug\net9.0\OpenBullet.Core.Tests.dll" adapterTypeName="executor://xunit/VsTestRunner2/netcoreapp" className="OpenBullet.Core.Tests.Step10_ProxyJobManagerTests" name="ProxyStrategy_Enum_Should_Have_All_Values" />
    </UnitTest>
    <UnitTest name="OpenBullet.Core.Tests.Step5_VariableManagerTests.SetVariable_Should_Throw_For_Any_Scope" storage="c:\users\futiliter\downloads\telegram desktop\openbullet 1.4.4 anomaly modded version\openbulletrecreation\openbullet.core.tests\bin\debug\net9.0\openbullet.core.tests.dll" id="44ed638d-6d7b-a2aa-09d2-9081469ab591">
      <Execution id="53e2da36-91ad-40f8-97a5-eca4b5ba9436" />
      <TestMethod codeBase="C:\Users\futiliter\Downloads\Telegram Desktop\Openbullet 1.4.4 Anomaly Modded Version\OpenBulletRecreation\OpenBullet.Core.Tests\bin\Debug\net9.0\OpenBullet.Core.Tests.dll" adapterTypeName="executor://xunit/VsTestRunner2/netcoreapp" className="OpenBullet.Core.Tests.Step5_VariableManagerTests" name="SetVariable_Should_Throw_For_Any_Scope" />
    </UnitTest>
    <UnitTest name="OpenBullet.Core.Tests.Step2_ValidationTests.HttpClientService_CreateClient_Returns_Configured_Client" storage="c:\users\futiliter\downloads\telegram desktop\openbullet 1.4.4 anomaly modded version\openbulletrecreation\openbullet.core.tests\bin\debug\net9.0\openbullet.core.tests.dll" id="a8a9c030-d796-26d7-170f-dbfadfbc49ca">
      <Execution id="9362ccfa-28cb-42d4-a096-382274bcf402" />
      <TestMethod codeBase="C:\Users\futiliter\Downloads\Telegram Desktop\Openbullet 1.4.4 Anomaly Modded Version\OpenBulletRecreation\OpenBullet.Core.Tests\bin\Debug\net9.0\OpenBullet.Core.Tests.dll" adapterTypeName="executor://xunit/VsTestRunner2/netcoreapp" className="OpenBullet.Core.Tests.Step2_ValidationTests" name="HttpClientService_CreateClient_Returns_Configured_Client" />
    </UnitTest>
    <UnitTest name="OpenBullet.Core.Tests.Step8_KeyCheckerTests.EvaluateKey_With_Variable_Reference_Should_Work" storage="c:\users\futiliter\downloads\telegram desktop\openbullet 1.4.4 anomaly modded version\openbulletrecreation\openbullet.core.tests\bin\debug\net9.0\openbullet.core.tests.dll" id="06c5b74e-ffdf-3efb-7486-8bfa5e2f92fd">
      <Execution id="362ce3ca-a31b-45e4-b8c2-6819aa010777" />
      <TestMethod codeBase="C:\Users\futiliter\Downloads\Telegram Desktop\Openbullet 1.4.4 Anomaly Modded Version\OpenBulletRecreation\OpenBullet.Core.Tests\bin\Debug\net9.0\OpenBullet.Core.Tests.dll" adapterTypeName="executor://xunit/VsTestRunner2/netcoreapp" className="OpenBullet.Core.Tests.Step8_KeyCheckerTests" name="EvaluateKey_With_Variable_Reference_Should_Work" />
    </UnitTest>
    <UnitTest name="OpenBullet.Core.Tests.Step10_ProxyExtensionsTests.GetPerformanceScore_Should_Calculate_Correctly(health: Unreliable, successRate: 80, responseTimeMs: 2000, expectedScore: 56)" storage="c:\users\futiliter\downloads\telegram desktop\openbullet 1.4.4 anomaly modded version\openbulletrecreation\openbullet.core.tests\bin\debug\net9.0\openbullet.core.tests.dll" id="7daac975-e406-d049-f190-9aff04e3550f">
      <Execution id="489533ed-d283-4803-bd47-d892758c29e3" />
      <TestMethod codeBase="C:\Users\futiliter\Downloads\Telegram Desktop\Openbullet 1.4.4 Anomaly Modded Version\OpenBulletRecreation\OpenBullet.Core.Tests\bin\Debug\net9.0\OpenBullet.Core.Tests.dll" adapterTypeName="executor://xunit/VsTestRunner2/netcoreapp" className="OpenBullet.Core.Tests.Step10_ProxyExtensionsTests" name="GetPerformanceScore_Should_Calculate_Correctly" />
    </UnitTest>
    <UnitTest name="OpenBullet.Core.Tests.Step6_RequestCommandTests.ExecuteAsync_With_Cookies_Should_Include_Cookies" storage="c:\users\futiliter\downloads\telegram desktop\openbullet 1.4.4 anomaly modded version\openbulletrecreation\openbullet.core.tests\bin\debug\net9.0\openbullet.core.tests.dll" id="0b584cb2-70dd-8a8b-6d8b-d4e534a4184e">
      <Execution id="bac0dd16-9b81-46ab-b971-8ee11b13ff09" />
      <TestMethod codeBase="C:\Users\futiliter\Downloads\Telegram Desktop\Openbullet 1.4.4 Anomaly Modded Version\OpenBulletRecreation\OpenBullet.Core.Tests\bin\Debug\net9.0\OpenBullet.Core.Tests.dll" adapterTypeName="executor://xunit/VsTestRunner2/netcoreapp" className="OpenBullet.Core.Tests.Step6_RequestCommandTests" name="ExecuteAsync_With_Cookies_Should_Include_Cookies" />
    </UnitTest>
    <UnitTest name="OpenBullet.Core.Tests.Step6_CommandMetadataTests.CommandParameter_Should_Initialize_With_Defaults" storage="c:\users\futiliter\downloads\telegram desktop\openbullet 1.4.4 anomaly modded version\openbulletrecreation\openbullet.core.tests\bin\debug\net9.0\openbullet.core.tests.dll" id="be59ff57-d64f-c76c-1f79-f327a737c973">
      <Execution id="d9d1a1c5-7bf8-439e-93e4-7b2eac1ea77c" />
      <TestMethod codeBase="C:\Users\futiliter\Downloads\Telegram Desktop\Openbullet 1.4.4 Anomaly Modded Version\OpenBulletRecreation\OpenBullet.Core.Tests\bin\Debug\net9.0\OpenBullet.Core.Tests.dll" adapterTypeName="executor://xunit/VsTestRunner2/netcoreapp" className="OpenBullet.Core.Tests.Step6_CommandMetadataTests" name="CommandParameter_Should_Initialize_With_Defaults" />
    </UnitTest>
    <UnitTest name="OpenBullet.Core.Tests.Step10_ValidationTests.Enum_Combinations_Should_Be_Valid(rotationStrategy: RoundRobin, strategy: OnePerBot, health: Healthy)" storage="c:\users\futiliter\downloads\telegram desktop\openbullet 1.4.4 anomaly modded version\openbulletrecreation\openbullet.core.tests\bin\debug\net9.0\openbullet.core.tests.dll" id="e295014d-803d-d48e-a838-e0dbdd99e636">
      <Execution id="61df1164-ad0a-4714-aac7-c5779995b5a6" />
      <TestMethod codeBase="C:\Users\futiliter\Downloads\Telegram Desktop\Openbullet 1.4.4 Anomaly Modded Version\OpenBulletRecreation\OpenBullet.Core.Tests\bin\Debug\net9.0\OpenBullet.Core.Tests.dll" adapterTypeName="executor://xunit/VsTestRunner2/netcoreapp" className="OpenBullet.Core.Tests.Step10_ValidationTests" name="Enum_Combinations_Should_Be_Valid" />
    </UnitTest>
    <UnitTest name="OpenBullet.Core.Tests.Step7_ParsersTests.JsonParser_Should_Parse_Array_Elements" storage="c:\users\futiliter\downloads\telegram desktop\openbullet 1.4.4 anomaly modded version\openbulletrecreation\openbullet.core.tests\bin\debug\net9.0\openbullet.core.tests.dll" id="f73cf995-7130-dfe2-c07d-77808eeb785c">
      <Execution id="86571237-8a20-4978-af1f-92d886b90a48" />
      <TestMethod codeBase="C:\Users\futiliter\Downloads\Telegram Desktop\Openbullet 1.4.4 Anomaly Modded Version\OpenBulletRecreation\OpenBullet.Core.Tests\bin\Debug\net9.0\OpenBullet.Core.Tests.dll" adapterTypeName="executor://xunit/VsTestRunner2/netcoreapp" className="OpenBullet.Core.Tests.Step7_ParsersTests" name="JsonParser_Should_Parse_Array_Elements" />
    </UnitTest>
    <UnitTest name="OpenBullet.Core.Tests.Step3_ValidationTests.ParseConfigContent_Should_Handle_Complex_Arrays" storage="c:\users\futiliter\downloads\telegram desktop\openbullet 1.4.4 anomaly modded version\openbulletrecreation\openbullet.core.tests\bin\debug\net9.0\openbullet.core.tests.dll" id="e3a9ad6d-5fe1-f552-f045-fabf6f14780e">
      <Execution id="94f43049-f9dc-487a-a68f-68b56140db2d" />
      <TestMethod codeBase="C:\Users\futiliter\Downloads\Telegram Desktop\Openbullet 1.4.4 Anomaly Modded Version\OpenBulletRecreation\OpenBullet.Core.Tests\bin\Debug\net9.0\OpenBullet.Core.Tests.dll" adapterTypeName="executor://xunit/VsTestRunner2/netcoreapp" className="OpenBullet.Core.Tests.Step3_ValidationTests" name="ParseConfigContent_Should_Handle_Complex_Arrays" />
    </UnitTest>
    <UnitTest name="OpenBullet.Core.Tests.Step9_JobManagerTests.JobManager_Should_Fire_Events" storage="c:\users\futiliter\downloads\telegram desktop\openbullet 1.4.4 anomaly modded version\openbulletrecreation\openbullet.core.tests\bin\debug\net9.0\openbullet.core.tests.dll" id="5c4b079a-a305-7bf2-f908-f3cf8ebb6734">
      <Execution id="e49cb21b-36bd-4bf7-b6b3-f6d92ccedf52" />
      <TestMethod codeBase="C:\Users\futiliter\Downloads\Telegram Desktop\Openbullet 1.4.4 Anomaly Modded Version\OpenBulletRecreation\OpenBullet.Core.Tests\bin\Debug\net9.0\OpenBullet.Core.Tests.dll" adapterTypeName="executor://xunit/VsTestRunner2/netcoreapp" className="OpenBullet.Core.Tests.Step9_JobManagerTests" name="JobManager_Should_Fire_Events" />
    </UnitTest>
    <UnitTest name="OpenBullet.Core.Tests.Step9_JobManagerTests.JobStatus_State_Properties_Should_Work_Correctly(state: Completed, expectedIsRunning: False, expectedIsCompleted: True)" storage="c:\users\futiliter\downloads\telegram desktop\openbullet 1.4.4 anomaly modded version\openbulletrecreation\openbullet.core.tests\bin\debug\net9.0\openbullet.core.tests.dll" id="239f3fb6-f202-2ca8-3f5b-11bd5da36d29">
      <Execution id="9d4c86ee-122a-43c6-b9f1-9a944f9cf0b7" />
      <TestMethod codeBase="C:\Users\futiliter\Downloads\Telegram Desktop\Openbullet 1.4.4 Anomaly Modded Version\OpenBulletRecreation\OpenBullet.Core.Tests\bin\Debug\net9.0\OpenBullet.Core.Tests.dll" adapterTypeName="executor://xunit/VsTestRunner2/netcoreapp" className="OpenBullet.Core.Tests.Step9_JobManagerTests" name="JobStatus_State_Properties_Should_Work_Correctly" />
    </UnitTest>
    <UnitTest name="OpenBullet.Core.Tests.Step8_KeyCheckCommandTests.ValidateInstruction_With_Valid_Statuses_Should_Pass(status: &quot;Success&quot;)" storage="c:\users\futiliter\downloads\telegram desktop\openbullet 1.4.4 anomaly modded version\openbulletrecreation\openbullet.core.tests\bin\debug\net9.0\openbullet.core.tests.dll" id="07cd48fb-0708-a866-bcbb-d809f442b9f2">
      <Execution id="7c4e5ac8-14f8-49e5-9f62-5f0fa30ab064" />
      <TestMethod codeBase="C:\Users\futiliter\Downloads\Telegram Desktop\Openbullet 1.4.4 Anomaly Modded Version\OpenBulletRecreation\OpenBullet.Core.Tests\bin\Debug\net9.0\OpenBullet.Core.Tests.dll" adapterTypeName="executor://xunit/VsTestRunner2/netcoreapp" className="OpenBullet.Core.Tests.Step8_KeyCheckCommandTests" name="ValidateInstruction_With_Valid_Statuses_Should_Pass" />
    </UnitTest>
    <UnitTest name="OpenBullet.Core.Tests.Step10_ProxyManagerTests.GetNextProxyAsync_With_No_Available_Proxies_Should_Return_Null" storage="c:\users\futiliter\downloads\telegram desktop\openbullet 1.4.4 anomaly modded version\openbulletrecreation\openbullet.core.tests\bin\debug\net9.0\openbullet.core.tests.dll" id="99229951-7814-f0ae-2d79-fcdfbb6094a4">
      <Execution id="b15bc154-1c26-429a-a8fd-4471cd166fa8" />
      <TestMethod codeBase="C:\Users\futiliter\Downloads\Telegram Desktop\Openbullet 1.4.4 Anomaly Modded Version\OpenBulletRecreation\OpenBullet.Core.Tests\bin\Debug\net9.0\OpenBullet.Core.Tests.dll" adapterTypeName="executor://xunit/VsTestRunner2/netcoreapp" className="OpenBullet.Core.Tests.Step10_ProxyManagerTests" name="GetNextProxyAsync_With_No_Available_Proxies_Should_Return_Null" />
    </UnitTest>
    <UnitTest name="OpenBullet.Core.Tests.Step11_DatabaseManagerTests.DatabaseManager_Health_With_Data_Should_Show_Counts" storage="c:\users\futiliter\downloads\telegram desktop\openbullet 1.4.4 anomaly modded version\openbulletrecreation\openbullet.core.tests\bin\debug\net9.0\openbullet.core.tests.dll" id="7da42efb-3bca-6f0f-add1-7b7a03e11808">
      <Execution id="ebb72bc3-2a8d-4bdd-ada4-6fc49a72f6a9" />
      <TestMethod codeBase="C:\Users\futiliter\Downloads\Telegram Desktop\Openbullet 1.4.4 Anomaly Modded Version\OpenBulletRecreation\OpenBullet.Core.Tests\bin\Debug\net9.0\OpenBullet.Core.Tests.dll" adapterTypeName="executor://xunit/VsTestRunner2/netcoreapp" className="OpenBullet.Core.Tests.Step11_DatabaseManagerTests" name="DatabaseManager_Health_With_Data_Should_Show_Counts" />
    </UnitTest>
    <UnitTest name="OpenBullet.Core.Tests.Step9_BotRunnerTests.BotStatusExtensions_IsError_Should_Work_Correctly(status: Failure, expectedIsError: False)" storage="c:\users\futiliter\downloads\telegram desktop\openbullet 1.4.4 anomaly modded version\openbulletrecreation\openbullet.core.tests\bin\debug\net9.0\openbullet.core.tests.dll" id="6671cccd-3f47-9fe7-76f6-53b9a30d4f28">
      <Execution id="3168d713-28fc-4888-877e-d36755d16a6e" />
      <TestMethod codeBase="C:\Users\futiliter\Downloads\Telegram Desktop\Openbullet 1.4.4 Anomaly Modded Version\OpenBulletRecreation\OpenBullet.Core.Tests\bin\Debug\net9.0\OpenBullet.Core.Tests.dll" adapterTypeName="executor://xunit/VsTestRunner2/netcoreapp" className="OpenBullet.Core.Tests.Step9_BotRunnerTests" name="BotStatusExtensions_IsError_Should_Work_Correctly" />
    </UnitTest>
    <UnitTest name="OpenBullet.Core.Tests.Step8_ValidationTests.KeyCheckResult_Should_Initialize_With_Defaults" storage="c:\users\futiliter\downloads\telegram desktop\openbullet 1.4.4 anomaly modded version\openbulletrecreation\openbullet.core.tests\bin\debug\net9.0\openbullet.core.tests.dll" id="f377092e-300a-3aa4-4cff-93fec4bd2c8c">
      <Execution id="f441c38c-4fc1-43e4-b69c-61c70a379eba" />
      <TestMethod codeBase="C:\Users\futiliter\Downloads\Telegram Desktop\Openbullet 1.4.4 Anomaly Modded Version\OpenBulletRecreation\OpenBullet.Core.Tests\bin\Debug\net9.0\OpenBullet.Core.Tests.dll" adapterTypeName="executor://xunit/VsTestRunner2/netcoreapp" className="OpenBullet.Core.Tests.Step8_ValidationTests" name="KeyCheckResult_Should_Initialize_With_Defaults" />
    </UnitTest>
    <UnitTest name="OpenBullet.Core.Tests.Step2_HttpClientServiceTests.TestProxyAsync_With_Valid_Proxy_Should_Return_Success" storage="c:\users\futiliter\downloads\telegram desktop\openbullet 1.4.4 anomaly modded version\openbulletrecreation\openbullet.core.tests\bin\debug\net9.0\openbullet.core.tests.dll" id="6b23d6f6-78e1-986f-12ec-49e8ade41167">
      <Execution id="037318c8-1d52-446b-b12e-8ae6658b8fdc" />
      <TestMethod codeBase="C:\Users\futiliter\Downloads\Telegram Desktop\Openbullet 1.4.4 Anomaly Modded Version\OpenBulletRecreation\OpenBullet.Core.Tests\bin\Debug\net9.0\OpenBullet.Core.Tests.dll" adapterTypeName="executor://xunit/VsTestRunner2/netcoreapp" className="OpenBullet.Core.Tests.Step2_HttpClientServiceTests" name="TestProxyAsync_With_Valid_Proxy_Should_Return_Success" />
    </UnitTest>
    <UnitTest name="OpenBullet.Core.Tests.Step2_ValidationTests.HttpClientService_SetGlobalConfiguration_Updates_Future_Clients" storage="c:\users\futiliter\downloads\telegram desktop\openbullet 1.4.4 anomaly modded version\openbulletrecreation\openbullet.core.tests\bin\debug\net9.0\openbullet.core.tests.dll" id="566aed33-c1a4-179e-be1e-697dc3213926">
      <Execution id="3150885a-dd9c-49fa-88d8-47c9f3b16df5" />
      <TestMethod codeBase="C:\Users\futiliter\Downloads\Telegram Desktop\Openbullet 1.4.4 Anomaly Modded Version\OpenBulletRecreation\OpenBullet.Core.Tests\bin\Debug\net9.0\OpenBullet.Core.Tests.dll" adapterTypeName="executor://xunit/VsTestRunner2/netcoreapp" className="OpenBullet.Core.Tests.Step2_ValidationTests" name="HttpClientService_SetGlobalConfiguration_Updates_Future_Clients" />
    </UnitTest>
    <UnitTest name="OpenBullet.Core.Tests.Step13_ConfigurationEditorTests.ValidateScript_Should_Detect_Syntax_Errors(invalidScript: &quot;PARSE \&quot;pattern\&quot; INVALID_TYPE&quot;, expectedErrorType: &quot;Unknown parsing type&quot;)" storage="c:\users\futiliter\downloads\telegram desktop\openbullet 1.4.4 anomaly modded version\openbulletrecreation\openbullet.core.tests\bin\debug\net9.0\openbullet.core.tests.dll" id="6c9fe93a-bff8-ffc6-9145-785d1af40ee3">
      <Execution id="3c2914c4-b625-4f32-bd5c-7044b9dae15e" />
      <TestMethod codeBase="C:\Users\futiliter\Downloads\Telegram Desktop\Openbullet 1.4.4 Anomaly Modded Version\OpenBulletRecreation\OpenBullet.Core.Tests\bin\Debug\net9.0\OpenBullet.Core.Tests.dll" adapterTypeName="executor://xunit/VsTestRunner2/netcoreapp" className="OpenBullet.Core.Tests.Step13_ConfigurationEditorTests" name="ValidateScript_Should_Detect_Syntax_Errors" />
    </UnitTest>
    <UnitTest name="OpenBullet.Core.Tests.Step8_KeyCheckCommandTests.ValidateInstruction_With_Valid_Statuses_Should_Pass(status: &quot;Custom&quot;)" storage="c:\users\futiliter\downloads\telegram desktop\openbullet 1.4.4 anomaly modded version\openbulletrecreation\openbullet.core.tests\bin\debug\net9.0\openbullet.core.tests.dll" id="72b4cadd-b0f3-4d68-f4c1-d4377e8e2b6b">
      <Execution id="6441731d-1e2a-4078-a0b6-4b873b0e1edc" />
      <TestMethod codeBase="C:\Users\futiliter\Downloads\Telegram Desktop\Openbullet 1.4.4 Anomaly Modded Version\OpenBulletRecreation\OpenBullet.Core.Tests\bin\Debug\net9.0\OpenBullet.Core.Tests.dll" adapterTypeName="executor://xunit/VsTestRunner2/netcoreapp" className="OpenBullet.Core.Tests.Step8_KeyCheckCommandTests" name="ValidateInstruction_With_Valid_Statuses_Should_Pass" />
    </UnitTest>
    <UnitTest name="OpenBullet.Core.Tests.Step6_RequestCommandTests.ValidateInstruction_With_Valid_HTTP_Methods_Should_Pass(method: &quot;DELETE&quot;)" storage="c:\users\futiliter\downloads\telegram desktop\openbullet 1.4.4 anomaly modded version\openbulletrecreation\openbullet.core.tests\bin\debug\net9.0\openbullet.core.tests.dll" id="d7ed6c9f-5bcb-9fa6-c954-3410f9ef1fcb">
      <Execution id="a65f8a1d-867d-4b11-9b31-c9567f5a8bb6" />
      <TestMethod codeBase="C:\Users\futiliter\Downloads\Telegram Desktop\Openbullet 1.4.4 Anomaly Modded Version\OpenBulletRecreation\OpenBullet.Core.Tests\bin\Debug\net9.0\OpenBullet.Core.Tests.dll" adapterTypeName="executor://xunit/VsTestRunner2/netcoreapp" className="OpenBullet.Core.Tests.Step6_RequestCommandTests" name="ValidateInstruction_With_Valid_HTTP_Methods_Should_Pass" />
    </UnitTest>
    <UnitTest name="OpenBullet.Core.Tests.Step8_KeyCheckerTests.KeyCheckResult_ApplyToBotData_Should_Update_BotData" storage="c:\users\futiliter\downloads\telegram desktop\openbullet 1.4.4 anomaly modded version\openbulletrecreation\openbullet.core.tests\bin\debug\net9.0\openbullet.core.tests.dll" id="0b6c6303-ad7e-9e0c-9850-7f633025a325">
      <Execution id="ce27a944-b36a-492c-a76e-67cd5c2ae1f3" />
      <TestMethod codeBase="C:\Users\futiliter\Downloads\Telegram Desktop\Openbullet 1.4.4 Anomaly Modded Version\OpenBulletRecreation\OpenBullet.Core.Tests\bin\Debug\net9.0\OpenBullet.Core.Tests.dll" adapterTypeName="executor://xunit/VsTestRunner2/netcoreapp" className="OpenBullet.Core.Tests.Step8_KeyCheckerTests" name="KeyCheckResult_ApplyToBotData_Should_Update_BotData" />
    </UnitTest>
    <UnitTest name="OpenBullet.Core.Tests.Step7_ParseCommandTests.ExecuteAsync_With_No_Matches_Should_Set_Empty_Variable" storage="c:\users\futiliter\downloads\telegram desktop\openbullet 1.4.4 anomaly modded version\openbulletrecreation\openbullet.core.tests\bin\debug\net9.0\openbullet.core.tests.dll" id="470875f7-e089-85e7-8d23-490f4327870a">
      <Execution id="ba3be160-5f12-4aca-9c1e-873482bba7fe" />
      <TestMethod codeBase="C:\Users\futiliter\Downloads\Telegram Desktop\Openbullet 1.4.4 Anomaly Modded Version\OpenBulletRecreation\OpenBullet.Core.Tests\bin\Debug\net9.0\OpenBullet.Core.Tests.dll" adapterTypeName="executor://xunit/VsTestRunner2/netcoreapp" className="OpenBullet.Core.Tests.Step7_ParseCommandTests" name="ExecuteAsync_With_No_Matches_Should_Set_Empty_Variable" />
    </UnitTest>
    <UnitTest name="OpenBullet.Core.Tests.Step8_ValidationTests.KeyChainBuilder_Should_Build_Fluently" storage="c:\users\futiliter\downloads\telegram desktop\openbullet 1.4.4 anomaly modded version\openbulletrecreation\openbullet.core.tests\bin\debug\net9.0\openbullet.core.tests.dll" id="ee736e89-d291-f35d-f66e-facf0a010e0e">
      <Execution id="db8346de-b9ed-4df5-95b2-b9fb229c3a03" />
      <TestMethod codeBase="C:\Users\futiliter\Downloads\Telegram Desktop\Openbullet 1.4.4 Anomaly Modded Version\OpenBulletRecreation\OpenBullet.Core.Tests\bin\Debug\net9.0\OpenBullet.Core.Tests.dll" adapterTypeName="executor://xunit/VsTestRunner2/netcoreapp" className="OpenBullet.Core.Tests.Step8_ValidationTests" name="KeyChainBuilder_Should_Build_Fluently" />
    </UnitTest>
    <UnitTest name="OpenBullet.Core.Tests.Step5_ValidationTests.VariableMetadata_Should_Initialize_With_Defaults" storage="c:\users\futiliter\downloads\telegram desktop\openbullet 1.4.4 anomaly modded version\openbulletrecreation\openbullet.core.tests\bin\debug\net9.0\openbullet.core.tests.dll" id="18ce4253-99a3-2d40-035c-d390139f61d8">
      <Execution id="7c5a3f75-76bd-4c32-a717-6f7babb6a696" />
      <TestMethod codeBase="C:\Users\futiliter\Downloads\Telegram Desktop\Openbullet 1.4.4 Anomaly Modded Version\OpenBulletRecreation\OpenBullet.Core.Tests\bin\Debug\net9.0\OpenBullet.Core.Tests.dll" adapterTypeName="executor://xunit/VsTestRunner2/netcoreapp" className="OpenBullet.Core.Tests.Step5_ValidationTests" name="VariableMetadata_Should_Initialize_With_Defaults" />
    </UnitTest>
    <UnitTest name="OpenBullet.Core.Tests.Step9_JobManagerTests.JobStatus_State_Properties_Should_Work_Correctly(state: Failed, expectedIsRunning: False, expectedIsCompleted: True)" storage="c:\users\futiliter\downloads\telegram desktop\openbullet 1.4.4 anomaly modded version\openbulletrecreation\openbullet.core.tests\bin\debug\net9.0\openbullet.core.tests.dll" id="240bbfcd-30c2-2296-9746-2c3379d8d4c7">
      <Execution id="3914cfdf-9849-4d5a-a5c7-4a966e1cf4f9" />
      <TestMethod codeBase="C:\Users\futiliter\Downloads\Telegram Desktop\Openbullet 1.4.4 Anomaly Modded Version\OpenBulletRecreation\OpenBullet.Core.Tests\bin\Debug\net9.0\OpenBullet.Core.Tests.dll" adapterTypeName="executor://xunit/VsTestRunner2/netcoreapp" className="OpenBullet.Core.Tests.Step9_JobManagerTests" name="JobStatus_State_Properties_Should_Work_Correctly" />
    </UnitTest>
    <UnitTest name="OpenBullet.Core.Tests.Step13_ConfigurationEditorTests.ValidateScript_Should_Accept_Valid_LoliScript" storage="c:\users\futiliter\downloads\telegram desktop\openbullet 1.4.4 anomaly modded version\openbulletrecreation\openbullet.core.tests\bin\debug\net9.0\openbullet.core.tests.dll" id="8c9838ec-b23d-c6a4-32bc-763066aa99fa">
      <Execution id="3d908512-a992-4d03-bedd-1eab502556c1" />
      <TestMethod codeBase="C:\Users\futiliter\Downloads\Telegram Desktop\Openbullet 1.4.4 Anomaly Modded Version\OpenBulletRecreation\OpenBullet.Core.Tests\bin\Debug\net9.0\OpenBullet.Core.Tests.dll" adapterTypeName="executor://xunit/VsTestRunner2/netcoreapp" className="OpenBullet.Core.Tests.Step13_ConfigurationEditorTests" name="ValidateScript_Should_Accept_Valid_LoliScript" />
    </UnitTest>
    <UnitTest name="OpenBullet.Core.Tests.Step5_ValidationTests.ExecutionStatistics_AverageResponseTime_Should_Handle_Zero_Requests" storage="c:\users\futiliter\downloads\telegram desktop\openbullet 1.4.4 anomaly modded version\openbulletrecreation\openbullet.core.tests\bin\debug\net9.0\openbullet.core.tests.dll" id="edc461ac-ccae-bd56-e723-4647267802ca">
      <Execution id="d0bb307b-66a0-4428-8f61-4a9b7d5dd544" />
      <TestMethod codeBase="C:\Users\futiliter\Downloads\Telegram Desktop\Openbullet 1.4.4 Anomaly Modded Version\OpenBulletRecreation\OpenBullet.Core.Tests\bin\Debug\net9.0\OpenBullet.Core.Tests.dll" adapterTypeName="executor://xunit/VsTestRunner2/netcoreapp" className="OpenBullet.Core.Tests.Step5_ValidationTests" name="ExecutionStatistics_AverageResponseTime_Should_Handle_Zero_Requests" />
    </UnitTest>
    <UnitTest name="OpenBullet.Core.Tests.Step6_ValidationTests.ParameterType_Enum_Should_Have_Expected_Values" storage="c:\users\futiliter\downloads\telegram desktop\openbullet 1.4.4 anomaly modded version\openbulletrecreation\openbullet.core.tests\bin\debug\net9.0\openbullet.core.tests.dll" id="9108d512-f886-1116-60a8-fe8bddc5856e">
      <Execution id="1bf43ac8-e18a-4efc-a402-d92fdfdc34fc" />
      <TestMethod codeBase="C:\Users\futiliter\Downloads\Telegram Desktop\Openbullet 1.4.4 Anomaly Modded Version\OpenBulletRecreation\OpenBullet.Core.Tests\bin\Debug\net9.0\OpenBullet.Core.Tests.dll" adapterTypeName="executor://xunit/VsTestRunner2/netcoreapp" className="OpenBullet.Core.Tests.Step6_ValidationTests" name="ParameterType_Enum_Should_Have_Expected_Values" />
    </UnitTest>
    <UnitTest name="OpenBullet.Core.Tests.Step9_JobManagerTests.GetJobResultsAsync_Should_Return_Bot_Results" storage="c:\users\futiliter\downloads\telegram desktop\openbullet 1.4.4 anomaly modded version\openbulletrecreation\openbullet.core.tests\bin\debug\net9.0\openbullet.core.tests.dll" id="dcaf4213-60c4-5c7d-f236-9d71ee18630a">
      <Execution id="4d0538fe-30e1-45bc-a9bd-bd1a841d64cf" />
      <TestMethod codeBase="C:\Users\futiliter\Downloads\Telegram Desktop\Openbullet 1.4.4 Anomaly Modded Version\OpenBulletRecreation\OpenBullet.Core.Tests\bin\Debug\net9.0\OpenBullet.Core.Tests.dll" adapterTypeName="executor://xunit/VsTestRunner2/netcoreapp" className="OpenBullet.Core.Tests.Step9_JobManagerTests" name="GetJobResultsAsync_Should_Return_Bot_Results" />
    </UnitTest>
    <UnitTest name="OpenBullet.Core.Tests.Step9_ScriptEngineTests.ValidateScript_With_Valid_Script_Should_Pass" storage="c:\users\futiliter\downloads\telegram desktop\openbullet 1.4.4 anomaly modded version\openbulletrecreation\openbullet.core.tests\bin\debug\net9.0\openbullet.core.tests.dll" id="96d88660-fa27-0b03-95d2-e392503a0676">
      <Execution id="a2e74769-d225-46e8-ac08-f767b86fbb34" />
      <TestMethod codeBase="C:\Users\futiliter\Downloads\Telegram Desktop\Openbullet 1.4.4 Anomaly Modded Version\OpenBulletRecreation\OpenBullet.Core.Tests\bin\Debug\net9.0\OpenBullet.Core.Tests.dll" adapterTypeName="executor://xunit/VsTestRunner2/netcoreapp" className="OpenBullet.Core.Tests.Step9_ScriptEngineTests" name="ValidateScript_With_Valid_Script_Should_Pass" />
    </UnitTest>
    <UnitTest name="OpenBullet.Core.Tests.Step6_RequestCommandTests.ValidateInstruction_With_Incomplete_Parameters_Should_Fail" storage="c:\users\futiliter\downloads\telegram desktop\openbullet 1.4.4 anomaly modded version\openbulletrecreation\openbullet.core.tests\bin\debug\net9.0\openbullet.core.tests.dll" id="8bae85d9-133a-7c4b-ad56-2f6684f111a8">
      <Execution id="c7d1afaf-a4c4-47a1-a901-aacaa9a0f352" />
      <TestMethod codeBase="C:\Users\futiliter\Downloads\Telegram Desktop\Openbullet 1.4.4 Anomaly Modded Version\OpenBulletRecreation\OpenBullet.Core.Tests\bin\Debug\net9.0\OpenBullet.Core.Tests.dll" adapterTypeName="executor://xunit/VsTestRunner2/netcoreapp" className="OpenBullet.Core.Tests.Step6_RequestCommandTests" name="ValidateInstruction_With_Incomplete_Parameters_Should_Fail" />
    </UnitTest>
    <UnitTest name="OpenBullet.Core.Tests.Step10_ProxyExtensionsTests.ValidateProxy_Should_Validate_Proxy_Strings(proxyString: &quot;proxy.com:99999&quot;, expectedValid: False, expectedError: &quot;Invalid port number: 99999&quot;)" storage="c:\users\futiliter\downloads\telegram desktop\openbullet 1.4.4 anomaly modded version\openbulletrecreation\openbullet.core.tests\bin\debug\net9.0\openbullet.core.tests.dll" id="3de7db04-9b44-f893-f0b9-28d7b17a0583">
      <Execution id="6d829e7f-1f89-4dab-a843-2bdc8341482f" />
      <TestMethod codeBase="C:\Users\futiliter\Downloads\Telegram Desktop\Openbullet 1.4.4 Anomaly Modded Version\OpenBulletRecreation\OpenBullet.Core.Tests\bin\Debug\net9.0\OpenBullet.Core.Tests.dll" adapterTypeName="executor://xunit/VsTestRunner2/netcoreapp" className="OpenBullet.Core.Tests.Step10_ProxyExtensionsTests" name="ValidateProxy_Should_Validate_Proxy_Strings" />
    </UnitTest>
    <UnitTest name="OpenBullet.Core.Tests.Step6_RequestCommandTests.ExecuteAsync_With_Simple_GET_Should_Work" storage="c:\users\futiliter\downloads\telegram desktop\openbullet 1.4.4 anomaly modded version\openbulletrecreation\openbullet.core.tests\bin\debug\net9.0\openbullet.core.tests.dll" id="35fb3a3f-0197-1aaf-42c3-fe0a9b4fe4b3">
      <Execution id="8a168d31-67c3-493b-b77b-ed223de4a785" />
      <TestMethod codeBase="C:\Users\futiliter\Downloads\Telegram Desktop\Openbullet 1.4.4 Anomaly Modded Version\OpenBulletRecreation\OpenBullet.Core.Tests\bin\Debug\net9.0\OpenBullet.Core.Tests.dll" adapterTypeName="executor://xunit/VsTestRunner2/netcoreapp" className="OpenBullet.Core.Tests.Step6_RequestCommandTests" name="ExecuteAsync_With_Simple_GET_Should_Work" />
    </UnitTest>
    <UnitTest name="OpenBullet.Core.Tests.Step10_ProxyExtensionsTests.ToEnhancedProxy_With_Null_Should_Throw" storage="c:\users\futiliter\downloads\telegram desktop\openbullet 1.4.4 anomaly modded version\openbulletrecreation\openbullet.core.tests\bin\debug\net9.0\openbullet.core.tests.dll" id="c5ef2c38-6c57-afcf-4365-aec6c15410f9">
      <Execution id="697ba48b-df0b-4957-9937-9972d928eb08" />
      <TestMethod codeBase="C:\Users\futiliter\Downloads\Telegram Desktop\Openbullet 1.4.4 Anomaly Modded Version\OpenBulletRecreation\OpenBullet.Core.Tests\bin\Debug\net9.0\OpenBullet.Core.Tests.dll" adapterTypeName="executor://xunit/VsTestRunner2/netcoreapp" className="OpenBullet.Core.Tests.Step10_ProxyExtensionsTests" name="ToEnhancedProxy_With_Null_Should_Throw" />
    </UnitTest>
    <UnitTest name="OpenBullet.Core.Tests.Step10_ProxyJobManagerTests.StartJobAsync_With_Basic_Config_Should_Convert_To_Proxy_Config" storage="c:\users\futiliter\downloads\telegram desktop\openbullet 1.4.4 anomaly modded version\openbulletrecreation\openbullet.core.tests\bin\debug\net9.0\openbullet.core.tests.dll" id="82d1131b-2834-d889-fe15-70a8299f1805">
      <Execution id="9b6869ab-5b2e-4084-b6bf-b9339fc5486b" />
      <TestMethod codeBase="C:\Users\futiliter\Downloads\Telegram Desktop\Openbullet 1.4.4 Anomaly Modded Version\OpenBulletRecreation\OpenBullet.Core.Tests\bin\Debug\net9.0\OpenBullet.Core.Tests.dll" adapterTypeName="executor://xunit/VsTestRunner2/netcoreapp" className="OpenBullet.Core.Tests.Step10_ProxyJobManagerTests" name="StartJobAsync_With_Basic_Config_Should_Convert_To_Proxy_Config" />
    </UnitTest>
    <UnitTest name="OpenBullet.Core.Tests.Step3_ConfigurationServiceTests.IsValidConfigFile_With_Valid_File_Should_Return_True" storage="c:\users\futiliter\downloads\telegram desktop\openbullet 1.4.4 anomaly modded version\openbulletrecreation\openbullet.core.tests\bin\debug\net9.0\openbullet.core.tests.dll" id="6a2a09d1-d3a3-a6a0-0ebb-fdebcca00ca7">
      <Execution id="cdad0929-5bbb-443c-a473-513f27b3d1bd" />
      <TestMethod codeBase="C:\Users\futiliter\Downloads\Telegram Desktop\Openbullet 1.4.4 Anomaly Modded Version\OpenBulletRecreation\OpenBullet.Core.Tests\bin\Debug\net9.0\OpenBullet.Core.Tests.dll" adapterTypeName="executor://xunit/VsTestRunner2/netcoreapp" className="OpenBullet.Core.Tests.Step3_ConfigurationServiceTests" name="IsValidConfigFile_With_Valid_File_Should_Return_True" />
    </UnitTest>
    <UnitTest name="OpenBullet.Core.Tests.Step11_DatabaseManagerTests.DatabaseManager_Optimize_Should_Work" storage="c:\users\futiliter\downloads\telegram desktop\openbullet 1.4.4 anomaly modded version\openbulletrecreation\openbullet.core.tests\bin\debug\net9.0\openbullet.core.tests.dll" id="db2014df-22d8-907b-24fd-ebddc081e878">
      <Execution id="7b3a1184-f534-4de7-ae74-4cb455e48e79" />
      <TestMethod codeBase="C:\Users\futiliter\Downloads\Telegram Desktop\Openbullet 1.4.4 Anomaly Modded Version\OpenBulletRecreation\OpenBullet.Core.Tests\bin\Debug\net9.0\OpenBullet.Core.Tests.dll" adapterTypeName="executor://xunit/VsTestRunner2/netcoreapp" className="OpenBullet.Core.Tests.Step11_DatabaseManagerTests" name="DatabaseManager_Optimize_Should_Work" />
    </UnitTest>
    <UnitTest name="OpenBullet.Core.Tests.Step9_ScriptEngineTests.ValidateScript_With_Empty_Script_Should_Fail" storage="c:\users\futiliter\downloads\telegram desktop\openbullet 1.4.4 anomaly modded version\openbulletrecreation\openbullet.core.tests\bin\debug\net9.0\openbullet.core.tests.dll" id="b6eaebbb-61b1-3fe2-06be-7bb43ce0158c">
      <Execution id="6cae07d6-f3e9-4e18-a4be-c4975b2a6267" />
      <TestMethod codeBase="C:\Users\futiliter\Downloads\Telegram Desktop\Openbullet 1.4.4 Anomaly Modded Version\OpenBulletRecreation\OpenBullet.Core.Tests\bin\Debug\net9.0\OpenBullet.Core.Tests.dll" adapterTypeName="executor://xunit/VsTestRunner2/netcoreapp" className="OpenBullet.Core.Tests.Step9_ScriptEngineTests" name="ValidateScript_With_Empty_Script_Should_Fail" />
    </UnitTest>
    <UnitTest name="OpenBullet.Core.Tests.Step7_ParsersTests.All_Parsers_Should_Implement_IsValidPattern(parseType: LeftRight)" storage="c:\users\futiliter\downloads\telegram desktop\openbullet 1.4.4 anomaly modded version\openbulletrecreation\openbullet.core.tests\bin\debug\net9.0\openbullet.core.tests.dll" id="eeadc429-05eb-2940-b45a-4a21eca4fbf4">
      <Execution id="78175613-26ae-4361-9915-243cb285c790" />
      <TestMethod codeBase="C:\Users\futiliter\Downloads\Telegram Desktop\Openbullet 1.4.4 Anomaly Modded Version\OpenBulletRecreation\OpenBullet.Core.Tests\bin\Debug\net9.0\OpenBullet.Core.Tests.dll" adapterTypeName="executor://xunit/VsTestRunner2/netcoreapp" className="OpenBullet.Core.Tests.Step7_ParsersTests" name="All_Parsers_Should_Implement_IsValidPattern" />
    </UnitTest>
    <UnitTest name="OpenBullet.Core.Tests.Step11_ValidationTests.PagedResult_Should_Calculate_Properties_Correctly" storage="c:\users\futiliter\downloads\telegram desktop\openbullet 1.4.4 anomaly modded version\openbulletrecreation\openbullet.core.tests\bin\debug\net9.0\openbullet.core.tests.dll" id="c20d4df9-da38-ca2a-b36b-a9dcb1fcde08">
      <Execution id="ef5e6b99-ced2-4855-94ce-1971328c5bff" />
      <TestMethod codeBase="C:\Users\futiliter\Downloads\Telegram Desktop\Openbullet 1.4.4 Anomaly Modded Version\OpenBulletRecreation\OpenBullet.Core.Tests\bin\Debug\net9.0\OpenBullet.Core.Tests.dll" adapterTypeName="executor://xunit/VsTestRunner2/netcoreapp" className="OpenBullet.Core.Tests.Step11_ValidationTests" name="PagedResult_Should_Calculate_Properties_Correctly" />
    </UnitTest>
    <UnitTest name="OpenBullet.Core.Tests.Step6_CommandFactoryTests.CommandFactory_Should_Initialize_With_Default_Commands" storage="c:\users\futiliter\downloads\telegram desktop\openbullet 1.4.4 anomaly modded version\openbulletrecreation\openbullet.core.tests\bin\debug\net9.0\openbullet.core.tests.dll" id="f6b1689f-d209-46d9-4927-cd638d03f972">
      <Execution id="4e2c2a02-bde8-4d28-8e61-10b1e1f03fbe" />
      <TestMethod codeBase="C:\Users\futiliter\Downloads\Telegram Desktop\Openbullet 1.4.4 Anomaly Modded Version\OpenBulletRecreation\OpenBullet.Core.Tests\bin\Debug\net9.0\OpenBullet.Core.Tests.dll" adapterTypeName="executor://xunit/VsTestRunner2/netcoreapp" className="OpenBullet.Core.Tests.Step6_CommandFactoryTests" name="CommandFactory_Should_Initialize_With_Default_Commands" />
    </UnitTest>
    <UnitTest name="OpenBullet.Core.Tests.Step9_ScriptEngineTests.ExecuteAsync_With_Comments_Should_Skip_Comments" storage="c:\users\futiliter\downloads\telegram desktop\openbullet 1.4.4 anomaly modded version\openbulletrecreation\openbullet.core.tests\bin\debug\net9.0\openbullet.core.tests.dll" id="2ce9c7dc-e0a6-3b8a-0053-68736a666cbb">
      <Execution id="99655833-06e1-4297-925a-1994c114488b" />
      <TestMethod codeBase="C:\Users\futiliter\Downloads\Telegram Desktop\Openbullet 1.4.4 Anomaly Modded Version\OpenBulletRecreation\OpenBullet.Core.Tests\bin\Debug\net9.0\OpenBullet.Core.Tests.dll" adapterTypeName="executor://xunit/VsTestRunner2/netcoreapp" className="OpenBullet.Core.Tests.Step9_ScriptEngineTests" name="ExecuteAsync_With_Comments_Should_Skip_Comments" />
    </UnitTest>
    <UnitTest name="OpenBullet.Core.Tests.Step9_ScriptEngineTests.ExecuteAsync_With_Unknown_Command_Should_Fail" storage="c:\users\futiliter\downloads\telegram desktop\openbullet 1.4.4 anomaly modded version\openbulletrecreation\openbullet.core.tests\bin\debug\net9.0\openbullet.core.tests.dll" id="d1f8ba9d-b8b9-ece7-578f-fed572ad5533">
      <Execution id="806cd913-43b0-4945-9d73-5bcdb9fd32d1" />
      <TestMethod codeBase="C:\Users\futiliter\Downloads\Telegram Desktop\Openbullet 1.4.4 Anomaly Modded Version\OpenBulletRecreation\OpenBullet.Core.Tests\bin\Debug\net9.0\OpenBullet.Core.Tests.dll" adapterTypeName="executor://xunit/VsTestRunner2/netcoreapp" className="OpenBullet.Core.Tests.Step9_ScriptEngineTests" name="ExecuteAsync_With_Unknown_Command_Should_Fail" />
    </UnitTest>
    <UnitTest name="OpenBullet.Core.Tests.Step13_CoreServicesTests.LoliScriptValidator_Should_Initialize" storage="c:\users\futiliter\downloads\telegram desktop\openbullet 1.4.4 anomaly modded version\openbulletrecreation\openbullet.core.tests\bin\debug\net9.0\openbullet.core.tests.dll" id="54e0e64a-bd4f-4c78-555f-89328570642d">
      <Execution id="6a8c3423-55d5-4deb-9131-26e202bec4d3" />
      <TestMethod codeBase="C:\Users\futiliter\Downloads\Telegram Desktop\Openbullet 1.4.4 Anomaly Modded Version\OpenBulletRecreation\OpenBullet.Core.Tests\bin\Debug\net9.0\OpenBullet.Core.Tests.dll" adapterTypeName="executor://xunit/VsTestRunner2/netcoreapp" className="OpenBullet.Core.Tests.Step13_CoreServicesTests" name="LoliScriptValidator_Should_Initialize" />
    </UnitTest>
    <UnitTest name="OpenBullet.Core.Tests.Step13_ConfigurationEditorTests.AutoCompletion_Should_Be_Fast" storage="c:\users\futiliter\downloads\telegram desktop\openbullet 1.4.4 anomaly modded version\openbulletrecreation\openbullet.core.tests\bin\debug\net9.0\openbullet.core.tests.dll" id="4fb2afba-2ad0-1985-467e-e523cd70c442">
      <Execution id="a6997f77-6289-4e3d-a1a6-d909a62064bd" />
      <TestMethod codeBase="C:\Users\futiliter\Downloads\Telegram Desktop\Openbullet 1.4.4 Anomaly Modded Version\OpenBulletRecreation\OpenBullet.Core.Tests\bin\Debug\net9.0\OpenBullet.Core.Tests.dll" adapterTypeName="executor://xunit/VsTestRunner2/netcoreapp" className="OpenBullet.Core.Tests.Step13_ConfigurationEditorTests" name="AutoCompletion_Should_Be_Fast" />
    </UnitTest>
    <UnitTest name="OpenBullet.Core.Tests.Step9_JobManagerTests.JobConfiguration_Validate_Should_Fail_With_Invalid_Config" storage="c:\users\futiliter\downloads\telegram desktop\openbullet 1.4.4 anomaly modded version\openbulletrecreation\openbullet.core.tests\bin\debug\net9.0\openbullet.core.tests.dll" id="dd64cff4-2c99-9779-2b28-b48233dabe58">
      <Execution id="c7ce2835-c657-450e-89fb-9951fba11fdd" />
      <TestMethod codeBase="C:\Users\futiliter\Downloads\Telegram Desktop\Openbullet 1.4.4 Anomaly Modded Version\OpenBulletRecreation\OpenBullet.Core.Tests\bin\Debug\net9.0\OpenBullet.Core.Tests.dll" adapterTypeName="executor://xunit/VsTestRunner2/netcoreapp" className="OpenBullet.Core.Tests.Step9_JobManagerTests" name="JobConfiguration_Validate_Should_Fail_With_Invalid_Config" />
    </UnitTest>
    <UnitTest name="OpenBullet.Core.Tests.Step9_ScriptEngineTests.ValidateScript_With_Invalid_Command_Should_Fail" storage="c:\users\futiliter\downloads\telegram desktop\openbullet 1.4.4 anomaly modded version\openbulletrecreation\openbullet.core.tests\bin\debug\net9.0\openbullet.core.tests.dll" id="0286a9e5-841e-b5ab-260c-4653e17c2747">
      <Execution id="67cb94cd-5d91-461f-8836-f0cf3ca9b23a" />
      <TestMethod codeBase="C:\Users\futiliter\Downloads\Telegram Desktop\Openbullet 1.4.4 Anomaly Modded Version\OpenBulletRecreation\OpenBullet.Core.Tests\bin\Debug\net9.0\OpenBullet.Core.Tests.dll" adapterTypeName="executor://xunit/VsTestRunner2/netcoreapp" className="OpenBullet.Core.Tests.Step9_ScriptEngineTests" name="ValidateScript_With_Invalid_Command_Should_Fail" />
    </UnitTest>
    <UnitTest name="OpenBullet.Core.Tests.Step3_ValidationTests.ConfigError_Types_Should_Be_Available(errorType: FileNotFound)" storage="c:\users\futiliter\downloads\telegram desktop\openbullet 1.4.4 anomaly modded version\openbulletrecreation\openbullet.core.tests\bin\debug\net9.0\openbullet.core.tests.dll" id="8044b9bc-8959-e6fc-47fe-fa65a85e69fa">
      <Execution id="99407b58-9ab5-4817-97dc-6699d51441a1" />
      <TestMethod codeBase="C:\Users\futiliter\Downloads\Telegram Desktop\Openbullet 1.4.4 Anomaly Modded Version\OpenBulletRecreation\OpenBullet.Core.Tests\bin\Debug\net9.0\OpenBullet.Core.Tests.dll" adapterTypeName="executor://xunit/VsTestRunner2/netcoreapp" className="OpenBullet.Core.Tests.Step3_ValidationTests" name="ConfigError_Types_Should_Be_Available" />
    </UnitTest>
    <UnitTest name="OpenBullet.Core.Tests.Step11_ValidationTests.Database_Components_Should_Have_Proper_Inheritance" storage="c:\users\futiliter\downloads\telegram desktop\openbullet 1.4.4 anomaly modded version\openbulletrecreation\openbullet.core.tests\bin\debug\net9.0\openbullet.core.tests.dll" id="7b2d81bc-a085-c83d-1954-65292c415941">
      <Execution id="6a25f26c-ba9f-467d-9198-c4da9e57a1e0" />
      <TestMethod codeBase="C:\Users\futiliter\Downloads\Telegram Desktop\Openbullet 1.4.4 Anomaly Modded Version\OpenBulletRecreation\OpenBullet.Core.Tests\bin\Debug\net9.0\OpenBullet.Core.Tests.dll" adapterTypeName="executor://xunit/VsTestRunner2/netcoreapp" className="OpenBullet.Core.Tests.Step11_ValidationTests" name="Database_Components_Should_Have_Proper_Inheritance" />
    </UnitTest>
    <UnitTest name="OpenBullet.Core.Tests.Step5_ExecutionContextTests.Dispose_Should_Update_BotData_Status" storage="c:\users\futiliter\downloads\telegram desktop\openbullet 1.4.4 anomaly modded version\openbulletrecreation\openbullet.core.tests\bin\debug\net9.0\openbullet.core.tests.dll" id="0694cc0a-6cd0-3b31-257c-62bbc623d4a1">
      <Execution id="6de993c8-1a57-495e-8174-adbf9a5ec18b" />
      <TestMethod codeBase="C:\Users\futiliter\Downloads\Telegram Desktop\Openbullet 1.4.4 Anomaly Modded Version\OpenBulletRecreation\OpenBullet.Core.Tests\bin\Debug\net9.0\OpenBullet.Core.Tests.dll" adapterTypeName="executor://xunit/VsTestRunner2/netcoreapp" className="OpenBullet.Core.Tests.Step5_ExecutionContextTests" name="Dispose_Should_Update_BotData_Status" />
    </UnitTest>
    <UnitTest name="OpenBullet.Core.Tests.Step2_PerformanceTests.HttpClientConfiguration_Instantiation_Should_Be_Fast" storage="c:\users\futiliter\downloads\telegram desktop\openbullet 1.4.4 anomaly modded version\openbulletrecreation\openbullet.core.tests\bin\debug\net9.0\openbullet.core.tests.dll" id="948369c7-c58d-8e86-2082-c80eeea7eb45">
      <Execution id="e2ba2afc-fcbe-4e47-b2c6-dd029e04f355" />
      <TestMethod codeBase="C:\Users\futiliter\Downloads\Telegram Desktop\Openbullet 1.4.4 Anomaly Modded Version\OpenBulletRecreation\OpenBullet.Core.Tests\bin\Debug\net9.0\OpenBullet.Core.Tests.dll" adapterTypeName="executor://xunit/VsTestRunner2/netcoreapp" className="OpenBullet.Core.Tests.Step2_PerformanceTests" name="HttpClientConfiguration_Instantiation_Should_Be_Fast" />
    </UnitTest>
    <UnitTest name="OpenBullet.Core.Tests.Step11_DatabaseManagerTests.DatabaseManager_Cleanup_With_Default_Options_Should_Work" storage="c:\users\futiliter\downloads\telegram desktop\openbullet 1.4.4 anomaly modded version\openbulletrecreation\openbullet.core.tests\bin\debug\net9.0\openbullet.core.tests.dll" id="4582570b-c13a-29db-8dd4-1d6c7cb15560">
      <Execution id="920defef-85ae-46d0-8c5e-f2a83e0f0c90" />
      <TestMethod codeBase="C:\Users\futiliter\Downloads\Telegram Desktop\Openbullet 1.4.4 Anomaly Modded Version\OpenBulletRecreation\OpenBullet.Core.Tests\bin\Debug\net9.0\OpenBullet.Core.Tests.dll" adapterTypeName="executor://xunit/VsTestRunner2/netcoreapp" className="OpenBullet.Core.Tests.Step11_DatabaseManagerTests" name="DatabaseManager_Cleanup_With_Default_Options_Should_Work" />
    </UnitTest>
    <UnitTest name="OpenBullet.Core.Tests.Step5_ValidationTests.ExecutionEnvironment_Should_Initialize_With_Defaults" storage="c:\users\futiliter\downloads\telegram desktop\openbullet 1.4.4 anomaly modded version\openbulletrecreation\openbullet.core.tests\bin\debug\net9.0\openbullet.core.tests.dll" id="d97d8940-f7a1-ba7d-5418-242a72681540">
      <Execution id="1ddc344b-f668-4486-9fe5-775da55ccaf4" />
      <TestMethod codeBase="C:\Users\futiliter\Downloads\Telegram Desktop\Openbullet 1.4.4 Anomaly Modded Version\OpenBulletRecreation\OpenBullet.Core.Tests\bin\Debug\net9.0\OpenBullet.Core.Tests.dll" adapterTypeName="executor://xunit/VsTestRunner2/netcoreapp" className="OpenBullet.Core.Tests.Step5_ValidationTests" name="ExecutionEnvironment_Should_Initialize_With_Defaults" />
    </UnitTest>
    <UnitTest name="OpenBullet.Core.Tests.Step6_ValidationTests.RequestCommand_Should_Validate_Parameter_Requirements" storage="c:\users\futiliter\downloads\telegram desktop\openbullet 1.4.4 anomaly modded version\openbulletrecreation\openbullet.core.tests\bin\debug\net9.0\openbullet.core.tests.dll" id="f5947768-d0a5-d30c-5008-20d6f3ed7708">
      <Execution id="51086136-c4e1-486e-94bc-4fbc2510a2c3" />
      <TestMethod codeBase="C:\Users\futiliter\Downloads\Telegram Desktop\Openbullet 1.4.4 Anomaly Modded Version\OpenBulletRecreation\OpenBullet.Core.Tests\bin\Debug\net9.0\OpenBullet.Core.Tests.dll" adapterTypeName="executor://xunit/VsTestRunner2/netcoreapp" className="OpenBullet.Core.Tests.Step6_ValidationTests" name="RequestCommand_Should_Validate_Parameter_Requirements" />
    </UnitTest>
    <UnitTest name="OpenBullet.Core.Tests.Step7_ValidationTests.ParseType_String_Conversion_Should_Work(stringValue: &quot;JSON&quot;, expectedType: Json)" storage="c:\users\futiliter\downloads\telegram desktop\openbullet 1.4.4 anomaly modded version\openbulletrecreation\openbullet.core.tests\bin\debug\net9.0\openbullet.core.tests.dll" id="7de6c8e6-718d-bc01-fc2e-bc4383f15d03">
      <Execution id="7b23f1ca-8a32-4e24-a4ba-9b21ae032165" />
      <TestMethod codeBase="C:\Users\futiliter\Downloads\Telegram Desktop\Openbullet 1.4.4 Anomaly Modded Version\OpenBulletRecreation\OpenBullet.Core.Tests\bin\Debug\net9.0\OpenBullet.Core.Tests.dll" adapterTypeName="executor://xunit/VsTestRunner2/netcoreapp" className="OpenBullet.Core.Tests.Step7_ValidationTests" name="ParseType_String_Conversion_Should_Work" />
    </UnitTest>
    <UnitTest name="OpenBullet.Core.Tests.Step11_DatabaseContextTests.Soft_Delete_Should_Work_For_BaseEntity" storage="c:\users\futiliter\downloads\telegram desktop\openbullet 1.4.4 anomaly modded version\openbulletrecreation\openbullet.core.tests\bin\debug\net9.0\openbullet.core.tests.dll" id="718d0a72-c13e-16a2-1086-0d0784cc9bf7">
      <Execution id="7b69ae50-5779-4d06-b1e3-02abd211b905" />
      <TestMethod codeBase="C:\Users\futiliter\Downloads\Telegram Desktop\Openbullet 1.4.4 Anomaly Modded Version\OpenBulletRecreation\OpenBullet.Core.Tests\bin\Debug\net9.0\OpenBullet.Core.Tests.dll" adapterTypeName="executor://xunit/VsTestRunner2/netcoreapp" className="OpenBullet.Core.Tests.Step11_DatabaseContextTests" name="Soft_Delete_Should_Work_For_BaseEntity" />
    </UnitTest>
    <UnitTest name="OpenBullet.Core.Tests.Step9_JobManagerTests.StopJobAsync_With_Invalid_JobId_Should_Return_False" storage="c:\users\futiliter\downloads\telegram desktop\openbullet 1.4.4 anomaly modded version\openbulletrecreation\openbullet.core.tests\bin\debug\net9.0\openbullet.core.tests.dll" id="8de2efe1-8b69-e012-2fd3-f76e4f9277f4">
      <Execution id="10bb5637-b78f-4c20-a95e-407136e952ea" />
      <TestMethod codeBase="C:\Users\futiliter\Downloads\Telegram Desktop\Openbullet 1.4.4 Anomaly Modded Version\OpenBulletRecreation\OpenBullet.Core.Tests\bin\Debug\net9.0\OpenBullet.Core.Tests.dll" adapterTypeName="executor://xunit/VsTestRunner2/netcoreapp" className="OpenBullet.Core.Tests.Step9_JobManagerTests" name="StopJobAsync_With_Invalid_JobId_Should_Return_False" />
    </UnitTest>
    <UnitTest name="OpenBullet.Core.Tests.Step3_ConfigurationServiceTests.LoadConfigAsync_With_Nonexistent_File_Should_Throw" storage="c:\users\futiliter\downloads\telegram desktop\openbullet 1.4.4 anomaly modded version\openbulletrecreation\openbullet.core.tests\bin\debug\net9.0\openbullet.core.tests.dll" id="05d53181-0a1c-ee1c-100c-9891f3acf4aa">
      <Execution id="345643f7-ff24-4399-8f2a-d48f484c2cab" />
      <TestMethod codeBase="C:\Users\futiliter\Downloads\Telegram Desktop\Openbullet 1.4.4 Anomaly Modded Version\OpenBulletRecreation\OpenBullet.Core.Tests\bin\Debug\net9.0\OpenBullet.Core.Tests.dll" adapterTypeName="executor://xunit/VsTestRunner2/netcoreapp" className="OpenBullet.Core.Tests.Step3_ConfigurationServiceTests" name="LoadConfigAsync_With_Nonexistent_File_Should_Throw" />
    </UnitTest>
    <UnitTest name="OpenBullet.Core.Tests.Step10_ProxyJobManagerTests.ProxyJobManager_Should_Handle_Proxy_Events" storage="c:\users\futiliter\downloads\telegram desktop\openbullet 1.4.4 anomaly modded version\openbulletrecreation\openbullet.core.tests\bin\debug\net9.0\openbullet.core.tests.dll" id="c8b1b413-7805-221f-427a-5ac03a0ad62f">
      <Execution id="914958ac-1077-4b31-a51b-c51c4a671b0e" />
      <TestMethod codeBase="C:\Users\futiliter\Downloads\Telegram Desktop\Openbullet 1.4.4 Anomaly Modded Version\OpenBulletRecreation\OpenBullet.Core.Tests\bin\Debug\net9.0\OpenBullet.Core.Tests.dll" adapterTypeName="executor://xunit/VsTestRunner2/netcoreapp" className="OpenBullet.Core.Tests.Step10_ProxyJobManagerTests" name="ProxyJobManager_Should_Handle_Proxy_Events" />
    </UnitTest>
    <UnitTest name="OpenBullet.Core.Tests.Step13_ConfigurationEditorTests.TokenizeScript_Should_Correctly_Identify_Token_Types(input: &quot;&lt;variable&gt;&quot;, expectedType: Variable, expectedValue: &quot;variable&quot;)" storage="c:\users\futiliter\downloads\telegram desktop\openbullet 1.4.4 anomaly modded version\openbulletrecreation\openbullet.core.tests\bin\debug\net9.0\openbullet.core.tests.dll" id="f7f0043e-3677-912c-5cce-7fa14415c281">
      <Execution id="da01ae3f-299e-4027-9241-5cd26cf5e7a5" />
      <TestMethod codeBase="C:\Users\futiliter\Downloads\Telegram Desktop\Openbullet 1.4.4 Anomaly Modded Version\OpenBulletRecreation\OpenBullet.Core.Tests\bin\Debug\net9.0\OpenBullet.Core.Tests.dll" adapterTypeName="executor://xunit/VsTestRunner2/netcoreapp" className="OpenBullet.Core.Tests.Step13_ConfigurationEditorTests" name="TokenizeScript_Should_Correctly_Identify_Token_Types" />
    </UnitTest>
    <UnitTest name="OpenBullet.Core.Tests.Step4_ScriptParserTests.ExtractVariableReferences_Should_Find_All_Variables" storage="c:\users\futiliter\downloads\telegram desktop\openbullet 1.4.4 anomaly modded version\openbulletrecreation\openbullet.core.tests\bin\debug\net9.0\openbullet.core.tests.dll" id="4f3055f6-2534-584e-e71e-117756734691">
      <Execution id="031bd131-495a-496f-b1de-ffd8956c569f" />
      <TestMethod codeBase="C:\Users\futiliter\Downloads\Telegram Desktop\Openbullet 1.4.4 Anomaly Modded Version\OpenBulletRecreation\OpenBullet.Core.Tests\bin\Debug\net9.0\OpenBullet.Core.Tests.dll" adapterTypeName="executor://xunit/VsTestRunner2/netcoreapp" className="OpenBullet.Core.Tests.Step4_ScriptParserTests" name="ExtractVariableReferences_Should_Find_All_Variables" />
    </UnitTest>
    <UnitTest name="OpenBullet.Core.Tests.Step10_ProxyExtensionsTests.ProxyInfo_GetHashCode_Should_Be_Consistent" storage="c:\users\futiliter\downloads\telegram desktop\openbullet 1.4.4 anomaly modded version\openbulletrecreation\openbullet.core.tests\bin\debug\net9.0\openbullet.core.tests.dll" id="30675527-84fc-4f4f-9190-1700014453ce">
      <Execution id="4ebc8d1e-721e-4474-b40e-89f3e1efa220" />
      <TestMethod codeBase="C:\Users\futiliter\Downloads\Telegram Desktop\Openbullet 1.4.4 Anomaly Modded Version\OpenBulletRecreation\OpenBullet.Core.Tests\bin\Debug\net9.0\OpenBullet.Core.Tests.dll" adapterTypeName="executor://xunit/VsTestRunner2/netcoreapp" className="OpenBullet.Core.Tests.Step10_ProxyExtensionsTests" name="ProxyInfo_GetHashCode_Should_Be_Consistent" />
    </UnitTest>
    <UnitTest name="OpenBullet.Core.Tests.Step6_CommandMetadataTests.ParameterType_Values_Should_Be_Available(parameterType: Integer)" storage="c:\users\futiliter\downloads\telegram desktop\openbullet 1.4.4 anomaly modded version\openbulletrecreation\openbullet.core.tests\bin\debug\net9.0\openbullet.core.tests.dll" id="5035f9b0-84d5-fd4a-d86c-158f70ac5eda">
      <Execution id="6b490cf1-7c74-4adf-a8eb-9df2b8f68506" />
      <TestMethod codeBase="C:\Users\futiliter\Downloads\Telegram Desktop\Openbullet 1.4.4 Anomaly Modded Version\OpenBulletRecreation\OpenBullet.Core.Tests\bin\Debug\net9.0\OpenBullet.Core.Tests.dll" adapterTypeName="executor://xunit/VsTestRunner2/netcoreapp" className="OpenBullet.Core.Tests.Step6_CommandMetadataTests" name="ParameterType_Values_Should_Be_Available" />
    </UnitTest>
    <UnitTest name="OpenBullet.Core.Tests.Step9_BotRunnerTests.RunAsync_With_Failed_Script_Should_Return_Failed_Result" storage="c:\users\futiliter\downloads\telegram desktop\openbullet 1.4.4 anomaly modded version\openbulletrecreation\openbullet.core.tests\bin\debug\net9.0\openbullet.core.tests.dll" id="d7180d49-3062-9848-074f-65373e26e73d">
      <Execution id="032be23b-fb7a-42ae-9f05-4f9a2d0c7f89" />
      <TestMethod codeBase="C:\Users\futiliter\Downloads\Telegram Desktop\Openbullet 1.4.4 Anomaly Modded Version\OpenBulletRecreation\OpenBullet.Core.Tests\bin\Debug\net9.0\OpenBullet.Core.Tests.dll" adapterTypeName="executor://xunit/VsTestRunner2/netcoreapp" className="OpenBullet.Core.Tests.Step9_BotRunnerTests" name="RunAsync_With_Failed_Script_Should_Return_Failed_Result" />
    </UnitTest>
    <UnitTest name="OpenBullet.Core.Tests.Step5_VariableManagerTests.ResolveVariableReference_Should_Handle_Dictionary_Variable" storage="c:\users\futiliter\downloads\telegram desktop\openbullet 1.4.4 anomaly modded version\openbulletrecreation\openbullet.core.tests\bin\debug\net9.0\openbullet.core.tests.dll" id="f21a7354-4ee9-1576-ed77-65206e61469e">
      <Execution id="3a3a7012-513f-4945-99aa-b073942fee39" />
      <TestMethod codeBase="C:\Users\futiliter\Downloads\Telegram Desktop\Openbullet 1.4.4 Anomaly Modded Version\OpenBulletRecreation\OpenBullet.Core.Tests\bin\Debug\net9.0\OpenBullet.Core.Tests.dll" adapterTypeName="executor://xunit/VsTestRunner2/netcoreapp" className="OpenBullet.Core.Tests.Step5_VariableManagerTests" name="ResolveVariableReference_Should_Handle_Dictionary_Variable" />
    </UnitTest>
    <UnitTest name="OpenBullet.Core.Tests.Step7_ValidationTests.ParseType_String_Conversion_Should_Work(stringValue: &quot;XPATH&quot;, expectedType: XPath)" storage="c:\users\futiliter\downloads\telegram desktop\openbullet 1.4.4 anomaly modded version\openbulletrecreation\openbullet.core.tests\bin\debug\net9.0\openbullet.core.tests.dll" id="29ef8b5b-2468-2f97-d0e5-9903b4bf0612">
      <Execution id="bb065767-10f8-4d69-8f8c-0475bf4a450a" />
      <TestMethod codeBase="C:\Users\futiliter\Downloads\Telegram Desktop\Openbullet 1.4.4 Anomaly Modded Version\OpenBulletRecreation\OpenBullet.Core.Tests\bin\Debug\net9.0\OpenBullet.Core.Tests.dll" adapterTypeName="executor://xunit/VsTestRunner2/netcoreapp" className="OpenBullet.Core.Tests.Step7_ValidationTests" name="ParseType_String_Conversion_Should_Work" />
    </UnitTest>
    <UnitTest name="OpenBullet.Core.Tests.Step8_KeyCheckCommandTests.ExecuteAsync_With_Multiple_KeyChains_Should_Evaluate_All" storage="c:\users\futiliter\downloads\telegram desktop\openbullet 1.4.4 anomaly modded version\openbulletrecreation\openbullet.core.tests\bin\debug\net9.0\openbullet.core.tests.dll" id="2fdce9e4-2939-3466-1488-2e601f327e29">
      <Execution id="61540d4e-a946-408d-be34-81c839b19c68" />
      <TestMethod codeBase="C:\Users\futiliter\Downloads\Telegram Desktop\Openbullet 1.4.4 Anomaly Modded Version\OpenBulletRecreation\OpenBullet.Core.Tests\bin\Debug\net9.0\OpenBullet.Core.Tests.dll" adapterTypeName="executor://xunit/VsTestRunner2/netcoreapp" className="OpenBullet.Core.Tests.Step8_KeyCheckCommandTests" name="ExecuteAsync_With_Multiple_KeyChains_Should_Evaluate_All" />
    </UnitTest>
    <UnitTest name="OpenBullet.Core.Tests.Step10_ProxyExtensionsTests.ToDisplayString_Enhanced_Should_Format_Correctly(host: &quot;proxy.com&quot;, port: 8080, type: Http, username: &quot;&quot;, password: &quot;&quot;, includeCredentials: False, expected: &quot;http://proxy.com:8080&quot;)" storage="c:\users\futiliter\downloads\telegram desktop\openbullet 1.4.4 anomaly modded version\openbulletrecreation\openbullet.core.tests\bin\debug\net9.0\openbullet.core.tests.dll" id="d365dac6-46c7-d77d-e0e0-a33fd78ecad1">
      <Execution id="a602c529-9f15-4024-ad15-dee198f6b1bd" />
      <TestMethod codeBase="C:\Users\futiliter\Downloads\Telegram Desktop\Openbullet 1.4.4 Anomaly Modded Version\OpenBulletRecreation\OpenBullet.Core.Tests\bin\Debug\net9.0\OpenBullet.Core.Tests.dll" adapterTypeName="executor://xunit/VsTestRunner2/netcoreapp" className="OpenBullet.Core.Tests.Step10_ProxyExtensionsTests" name="ToDisplayString_Enhanced_Should_Format_Correctly" />
    </UnitTest>
    <UnitTest name="OpenBullet.Core.Tests.Step9_BotRunnerTests.BotStatusExtensions_ShouldRetry_Should_Work_Correctly(status: Success, expectedShouldRetry: False)" storage="c:\users\futiliter\downloads\telegram desktop\openbullet 1.4.4 anomaly modded version\openbulletrecreation\openbullet.core.tests\bin\debug\net9.0\openbullet.core.tests.dll" id="3c52351b-e9fb-6999-c7d5-1a479e0d7784">
      <Execution id="f9f57a78-5968-4281-be0c-6e6385ca2712" />
      <TestMethod codeBase="C:\Users\futiliter\Downloads\Telegram Desktop\Openbullet 1.4.4 Anomaly Modded Version\OpenBulletRecreation\OpenBullet.Core.Tests\bin\Debug\net9.0\OpenBullet.Core.Tests.dll" adapterTypeName="executor://xunit/VsTestRunner2/netcoreapp" className="OpenBullet.Core.Tests.Step9_BotRunnerTests" name="BotStatusExtensions_ShouldRetry_Should_Work_Correctly" />
    </UnitTest>
    <UnitTest name="OpenBullet.Core.Tests.Step7_ParsersTests.RegexParser_Should_Handle_Invalid_Pattern" storage="c:\users\futiliter\downloads\telegram desktop\openbullet 1.4.4 anomaly modded version\openbulletrecreation\openbullet.core.tests\bin\debug\net9.0\openbullet.core.tests.dll" id="02fe2f9b-94bb-124d-6c21-5a1502a67e94">
      <Execution id="2e32f85e-46f7-49f7-bcee-ca0d91424a3a" />
      <TestMethod codeBase="C:\Users\futiliter\Downloads\Telegram Desktop\Openbullet 1.4.4 Anomaly Modded Version\OpenBulletRecreation\OpenBullet.Core.Tests\bin\Debug\net9.0\OpenBullet.Core.Tests.dll" adapterTypeName="executor://xunit/VsTestRunner2/netcoreapp" className="OpenBullet.Core.Tests.Step7_ParsersTests" name="RegexParser_Should_Handle_Invalid_Pattern" />
    </UnitTest>
    <UnitTest name="OpenBullet.Core.Tests.Step5_VariableManagerTests.SetVariable_Should_Throw_For_Empty_Name(scope: Local)" storage="c:\users\futiliter\downloads\telegram desktop\openbullet 1.4.4 anomaly modded version\openbulletrecreation\openbullet.core.tests\bin\debug\net9.0\openbullet.core.tests.dll" id="a1f1b8d4-d1ce-550f-ec2a-8175e154d2e1">
      <Execution id="e6a803cf-2002-4b0b-946b-331465a5b27b" />
      <TestMethod codeBase="C:\Users\futiliter\Downloads\Telegram Desktop\Openbullet 1.4.4 Anomaly Modded Version\OpenBulletRecreation\OpenBullet.Core.Tests\bin\Debug\net9.0\OpenBullet.Core.Tests.dll" adapterTypeName="executor://xunit/VsTestRunner2/netcoreapp" className="OpenBullet.Core.Tests.Step5_VariableManagerTests" name="SetVariable_Should_Throw_For_Empty_Name" />
    </UnitTest>
    <UnitTest name="OpenBullet.Core.Tests.Step10_ProxyExtensionsTests.ValidateProxy_Should_Validate_Proxy_Strings(proxyString: &quot;proxy.com:abc&quot;, expectedValid: False, expectedError: &quot;Invalid port number: abc&quot;)" storage="c:\users\futiliter\downloads\telegram desktop\openbullet 1.4.4 anomaly modded version\openbulletrecreation\openbullet.core.tests\bin\debug\net9.0\openbullet.core.tests.dll" id="935f6edc-bcb3-d728-7362-da63a0fe9388">
      <Execution id="ef62c3dd-3147-4804-94e4-fa3b52c9b166" />
      <TestMethod codeBase="C:\Users\futiliter\Downloads\Telegram Desktop\Openbullet 1.4.4 Anomaly Modded Version\OpenBulletRecreation\OpenBullet.Core.Tests\bin\Debug\net9.0\OpenBullet.Core.Tests.dll" adapterTypeName="executor://xunit/VsTestRunner2/netcoreapp" className="OpenBullet.Core.Tests.Step10_ProxyExtensionsTests" name="ValidateProxy_Should_Validate_Proxy_Strings" />
    </UnitTest>
    <UnitTest name="OpenBullet.Core.Tests.Step9_JobManagerTests.JobStatus_State_Properties_Should_Work_Correctly(state: Paused, expectedIsRunning: False, expectedIsCompleted: False)" storage="c:\users\futiliter\downloads\telegram desktop\openbullet 1.4.4 anomaly modded version\openbulletrecreation\openbullet.core.tests\bin\debug\net9.0\openbullet.core.tests.dll" id="68f45f20-0184-e8d1-1b2b-e641b72b862a">
      <Execution id="cbc86bce-b0b1-4409-98a7-3424931b5445" />
      <TestMethod codeBase="C:\Users\futiliter\Downloads\Telegram Desktop\Openbullet 1.4.4 Anomaly Modded Version\OpenBulletRecreation\OpenBullet.Core.Tests\bin\Debug\net9.0\OpenBullet.Core.Tests.dll" adapterTypeName="executor://xunit/VsTestRunner2/netcoreapp" className="OpenBullet.Core.Tests.Step9_JobManagerTests" name="JobStatus_State_Properties_Should_Work_Correctly" />
    </UnitTest>
    <UnitTest name="OpenBullet.Core.Tests.Step6_ValidationTests.RequestCommand_Should_Validate_HTTP_Methods_Correctly(method: &quot;&quot;, shouldBeValid: False)" storage="c:\users\futiliter\downloads\telegram desktop\openbullet 1.4.4 anomaly modded version\openbulletrecreation\openbullet.core.tests\bin\debug\net9.0\openbullet.core.tests.dll" id="1e22619d-03b8-ae07-602a-d43222610d95">
      <Execution id="29fcaac6-6d09-4cbc-a627-99710999ea7a" />
      <TestMethod codeBase="C:\Users\futiliter\Downloads\Telegram Desktop\Openbullet 1.4.4 Anomaly Modded Version\OpenBulletRecreation\OpenBullet.Core.Tests\bin\Debug\net9.0\OpenBullet.Core.Tests.dll" adapterTypeName="executor://xunit/VsTestRunner2/netcoreapp" className="OpenBullet.Core.Tests.Step6_ValidationTests" name="RequestCommand_Should_Validate_HTTP_Methods_Correctly" />
    </UnitTest>
    <UnitTest name="OpenBullet.Core.Tests.Step5_ExecutionContextTests.Validate_Should_Return_Valid_For_Proper_Context" storage="c:\users\futiliter\downloads\telegram desktop\openbullet 1.4.4 anomaly modded version\openbulletrecreation\openbullet.core.tests\bin\debug\net9.0\openbullet.core.tests.dll" id="4320b85a-4435-4737-0e2f-103c25e55f45">
      <Execution id="65b4d954-1ddf-4cdc-810b-0dc324f45bfd" />
      <TestMethod codeBase="C:\Users\futiliter\Downloads\Telegram Desktop\Openbullet 1.4.4 Anomaly Modded Version\OpenBulletRecreation\OpenBullet.Core.Tests\bin\Debug\net9.0\OpenBullet.Core.Tests.dll" adapterTypeName="executor://xunit/VsTestRunner2/netcoreapp" className="OpenBullet.Core.Tests.Step5_ExecutionContextTests" name="Validate_Should_Return_Valid_For_Proper_Context" />
    </UnitTest>
    <UnitTest name="OpenBullet.Core.Tests.Step8_KeyCheckerTests.KeyChainBuilder_Custom_Should_Create_Custom_Chain" storage="c:\users\futiliter\downloads\telegram desktop\openbullet 1.4.4 anomaly modded version\openbulletrecreation\openbullet.core.tests\bin\debug\net9.0\openbullet.core.tests.dll" id="86ca41b6-e8c6-0e30-5240-03725badd574">
      <Execution id="24d14f49-cd67-4f6b-ae87-16c7b49a702c" />
      <TestMethod codeBase="C:\Users\futiliter\Downloads\Telegram Desktop\Openbullet 1.4.4 Anomaly Modded Version\OpenBulletRecreation\OpenBullet.Core.Tests\bin\Debug\net9.0\OpenBullet.Core.Tests.dll" adapterTypeName="executor://xunit/VsTestRunner2/netcoreapp" className="OpenBullet.Core.Tests.Step8_KeyCheckerTests" name="KeyChainBuilder_Custom_Should_Create_Custom_Chain" />
    </UnitTest>
    <UnitTest name="OpenBullet.Core.Tests.Step8_KeyCheckerTests.EvaluateKey_With_LengthEqualTo_Condition_Should_Work(sourceValue: &quot;hello&quot;, targetLength: &quot;3&quot;, expected: False)" storage="c:\users\futiliter\downloads\telegram desktop\openbullet 1.4.4 anomaly modded version\openbulletrecreation\openbullet.core.tests\bin\debug\net9.0\openbullet.core.tests.dll" id="9d18a709-adfe-e7bf-1947-e1c3bcb5c364">
      <Execution id="63c457fd-5039-4272-a94b-c34118271d9e" />
      <TestMethod codeBase="C:\Users\futiliter\Downloads\Telegram Desktop\Openbullet 1.4.4 Anomaly Modded Version\OpenBulletRecreation\OpenBullet.Core.Tests\bin\Debug\net9.0\OpenBullet.Core.Tests.dll" adapterTypeName="executor://xunit/VsTestRunner2/netcoreapp" className="OpenBullet.Core.Tests.Step8_KeyCheckerTests" name="EvaluateKey_With_LengthEqualTo_Condition_Should_Work" />
    </UnitTest>
    <UnitTest name="OpenBullet.Core.Tests.Step4_ScriptParserTests.ParseLine_With_Boolean_Parameters_Should_Parse_Correctly" storage="c:\users\futiliter\downloads\telegram desktop\openbullet 1.4.4 anomaly modded version\openbulletrecreation\openbullet.core.tests\bin\debug\net9.0\openbullet.core.tests.dll" id="9d2b40f6-f9ea-916e-ac63-74483f20488d">
      <Execution id="f5b7b270-dbf5-46f9-98b2-2ff55905ece3" />
      <TestMethod codeBase="C:\Users\futiliter\Downloads\Telegram Desktop\Openbullet 1.4.4 Anomaly Modded Version\OpenBulletRecreation\OpenBullet.Core.Tests\bin\Debug\net9.0\OpenBullet.Core.Tests.dll" adapterTypeName="executor://xunit/VsTestRunner2/netcoreapp" className="OpenBullet.Core.Tests.Step4_ScriptParserTests" name="ParseLine_With_Boolean_Parameters_Should_Parse_Correctly" />
    </UnitTest>
    <UnitTest name="OpenBullet.Core.Tests.Step8_KeyCheckerTests.EvaluateKey_With_MatchesRegex_Condition_Should_Work" storage="c:\users\futiliter\downloads\telegram desktop\openbullet 1.4.4 anomaly modded version\openbulletrecreation\openbullet.core.tests\bin\debug\net9.0\openbullet.core.tests.dll" id="164550e9-3b59-936a-01f1-d66334fb8aec">
      <Execution id="f1a3ebc1-1e15-49f5-a6aa-1984e1b90324" />
      <TestMethod codeBase="C:\Users\futiliter\Downloads\Telegram Desktop\Openbullet 1.4.4 Anomaly Modded Version\OpenBulletRecreation\OpenBullet.Core.Tests\bin\Debug\net9.0\OpenBullet.Core.Tests.dll" adapterTypeName="executor://xunit/VsTestRunner2/netcoreapp" className="OpenBullet.Core.Tests.Step8_KeyCheckerTests" name="EvaluateKey_With_MatchesRegex_Condition_Should_Work" />
    </UnitTest>
    <UnitTest name="OpenBullet.Core.Tests.Step11_DatabaseManagerTests.DatabaseProvider_Enum_Should_Have_Expected_Values" storage="c:\users\futiliter\downloads\telegram desktop\openbullet 1.4.4 anomaly modded version\openbulletrecreation\openbullet.core.tests\bin\debug\net9.0\openbullet.core.tests.dll" id="081141f2-d1f0-52d5-9d68-1fc5246c7d2a">
      <Execution id="31a3ed16-c959-4aaf-bca3-0e06e980d3c0" />
      <TestMethod codeBase="C:\Users\futiliter\Downloads\Telegram Desktop\Openbullet 1.4.4 Anomaly Modded Version\OpenBulletRecreation\OpenBullet.Core.Tests\bin\Debug\net9.0\OpenBullet.Core.Tests.dll" adapterTypeName="executor://xunit/VsTestRunner2/netcoreapp" className="OpenBullet.Core.Tests.Step11_DatabaseManagerTests" name="DatabaseProvider_Enum_Should_Have_Expected_Values" />
    </UnitTest>
    <UnitTest name="OpenBullet.Core.Tests.Step8_ValidationTests.KeyCondition_String_Conversion_Should_Work(stringValue: &quot;DoesNotContain&quot;, expectedCondition: DoesNotContain)" storage="c:\users\futiliter\downloads\telegram desktop\openbullet 1.4.4 anomaly modded version\openbulletrecreation\openbullet.core.tests\bin\debug\net9.0\openbullet.core.tests.dll" id="73cdad3f-a050-f089-281f-3c3b46f469e6">
      <Execution id="fcade92f-6b10-4d3d-9473-a7552cd34b9c" />
      <TestMethod codeBase="C:\Users\futiliter\Downloads\Telegram Desktop\Openbullet 1.4.4 Anomaly Modded Version\OpenBulletRecreation\OpenBullet.Core.Tests\bin\Debug\net9.0\OpenBullet.Core.Tests.dll" adapterTypeName="executor://xunit/VsTestRunner2/netcoreapp" className="OpenBullet.Core.Tests.Step8_ValidationTests" name="KeyCondition_String_Conversion_Should_Work" />
    </UnitTest>
    <UnitTest name="OpenBullet.Core.Tests.Step5_ValidationTests.LogLevel_Values_Should_Have_Correct_Numeric_Values(level: Debug, expectedValue: 1)" storage="c:\users\futiliter\downloads\telegram desktop\openbullet 1.4.4 anomaly modded version\openbulletrecreation\openbullet.core.tests\bin\debug\net9.0\openbullet.core.tests.dll" id="b8afedbd-e3a8-f0d9-23f9-3f3a96c0794a">
      <Execution id="e6e71459-056f-4920-883e-1b3b45a21cd4" />
      <TestMethod codeBase="C:\Users\futiliter\Downloads\Telegram Desktop\Openbullet 1.4.4 Anomaly Modded Version\OpenBulletRecreation\OpenBullet.Core.Tests\bin\Debug\net9.0\OpenBullet.Core.Tests.dll" adapterTypeName="executor://xunit/VsTestRunner2/netcoreapp" className="OpenBullet.Core.Tests.Step5_ValidationTests" name="LogLevel_Values_Should_Have_Correct_Numeric_Values" />
    </UnitTest>
    <UnitTest name="OpenBullet.Core.Tests.Step7_ValidationTests.Helper_Classes_Should_Build_Correct_Patterns" storage="c:\users\futiliter\downloads\telegram desktop\openbullet 1.4.4 anomaly modded version\openbulletrecreation\openbullet.core.tests\bin\debug\net9.0\openbullet.core.tests.dll" id="759a99a3-aa52-dab5-9150-8688f0082cdb">
      <Execution id="42ce4ead-a72a-4d1b-bfce-1e6390e286a8" />
      <TestMethod codeBase="C:\Users\futiliter\Downloads\Telegram Desktop\Openbullet 1.4.4 Anomaly Modded Version\OpenBulletRecreation\OpenBullet.Core.Tests\bin\Debug\net9.0\OpenBullet.Core.Tests.dll" adapterTypeName="executor://xunit/VsTestRunner2/netcoreapp" className="OpenBullet.Core.Tests.Step7_ValidationTests" name="Helper_Classes_Should_Build_Correct_Patterns" />
    </UnitTest>
    <UnitTest name="OpenBullet.Core.Tests.Step7_ParsersTests.ParseResult_Should_Have_Helper_Methods" storage="c:\users\futiliter\downloads\telegram desktop\openbullet 1.4.4 anomaly modded version\openbulletrecreation\openbullet.core.tests\bin\debug\net9.0\openbullet.core.tests.dll" id="b7884a83-a699-ea0e-a842-b61155210cd3">
      <Execution id="0e0220c2-cdbb-44f2-9ce4-1899c54fe980" />
      <TestMethod codeBase="C:\Users\futiliter\Downloads\Telegram Desktop\Openbullet 1.4.4 Anomaly Modded Version\OpenBulletRecreation\OpenBullet.Core.Tests\bin\Debug\net9.0\OpenBullet.Core.Tests.dll" adapterTypeName="executor://xunit/VsTestRunner2/netcoreapp" className="OpenBullet.Core.Tests.Step7_ParsersTests" name="ParseResult_Should_Have_Helper_Methods" />
    </UnitTest>
    <UnitTest name="OpenBullet.Core.Tests.Step7_ParsersTests.RegexParser_Should_Handle_Case_Insensitive" storage="c:\users\futiliter\downloads\telegram desktop\openbullet 1.4.4 anomaly modded version\openbulletrecreation\openbullet.core.tests\bin\debug\net9.0\openbullet.core.tests.dll" id="503a3166-80be-d2e2-fc11-a44d2ff3dd63">
      <Execution id="52b0122d-4e1b-4d74-984d-7e81a9b4c3db" />
      <TestMethod codeBase="C:\Users\futiliter\Downloads\Telegram Desktop\Openbullet 1.4.4 Anomaly Modded Version\OpenBulletRecreation\OpenBullet.Core.Tests\bin\Debug\net9.0\OpenBullet.Core.Tests.dll" adapterTypeName="executor://xunit/VsTestRunner2/netcoreapp" className="OpenBullet.Core.Tests.Step7_ParsersTests" name="RegexParser_Should_Handle_Case_Insensitive" />
    </UnitTest>
    <UnitTest name="OpenBullet.Core.Tests.Step13_CoreServicesTests.SyntaxHighlightingService_Should_Tokenize_Simple_Command" storage="c:\users\futiliter\downloads\telegram desktop\openbullet 1.4.4 anomaly modded version\openbulletrecreation\openbullet.core.tests\bin\debug\net9.0\openbullet.core.tests.dll" id="0778397d-73b1-4ca8-2365-758e699d9f01">
      <Execution id="50e1be3b-04f2-401a-ac63-ad3634b46529" />
      <TestMethod codeBase="C:\Users\futiliter\Downloads\Telegram Desktop\Openbullet 1.4.4 Anomaly Modded Version\OpenBulletRecreation\OpenBullet.Core.Tests\bin\Debug\net9.0\OpenBullet.Core.Tests.dll" adapterTypeName="executor://xunit/VsTestRunner2/netcoreapp" className="OpenBullet.Core.Tests.Step13_CoreServicesTests" name="SyntaxHighlightingService_Should_Tokenize_Simple_Command" />
    </UnitTest>
    <UnitTest name="OpenBullet.Core.Tests.Step9_JobManagerTests.JobManagerStatistics_Should_Calculate_Rates_Correctly" storage="c:\users\futiliter\downloads\telegram desktop\openbullet 1.4.4 anomaly modded version\openbulletrecreation\openbullet.core.tests\bin\debug\net9.0\openbullet.core.tests.dll" id="4dc21c31-085f-4f2a-ebe6-6b6ed1fe80df">
      <Execution id="4e5ef266-16a4-4091-9313-6e5dee6e7372" />
      <TestMethod codeBase="C:\Users\futiliter\Downloads\Telegram Desktop\Openbullet 1.4.4 Anomaly Modded Version\OpenBulletRecreation\OpenBullet.Core.Tests\bin\Debug\net9.0\OpenBullet.Core.Tests.dll" adapterTypeName="executor://xunit/VsTestRunner2/netcoreapp" className="OpenBullet.Core.Tests.Step9_JobManagerTests" name="JobManagerStatistics_Should_Calculate_Rates_Correctly" />
    </UnitTest>
    <UnitTest name="OpenBullet.Core.Tests.Step7_ValidationTests.ParseValidationResult_Should_Initialize_With_Defaults" storage="c:\users\futiliter\downloads\telegram desktop\openbullet 1.4.4 anomaly modded version\openbulletrecreation\openbullet.core.tests\bin\debug\net9.0\openbullet.core.tests.dll" id="c305459d-3e27-6c38-124a-8e315a098596">
      <Execution id="ed79234e-0bc2-41d2-a875-b4c8f51237e4" />
      <TestMethod codeBase="C:\Users\futiliter\Downloads\Telegram Desktop\Openbullet 1.4.4 Anomaly Modded Version\OpenBulletRecreation\OpenBullet.Core.Tests\bin\Debug\net9.0\OpenBullet.Core.Tests.dll" adapterTypeName="executor://xunit/VsTestRunner2/netcoreapp" className="OpenBullet.Core.Tests.Step7_ValidationTests" name="ParseValidationResult_Should_Initialize_With_Defaults" />
    </UnitTest>
    <UnitTest name="OpenBullet.Core.Tests.Step6_CommandFactoryTests.RegisterCommand_Instance_Should_Register_Command_Instance" storage="c:\users\futiliter\downloads\telegram desktop\openbullet 1.4.4 anomaly modded version\openbulletrecreation\openbullet.core.tests\bin\debug\net9.0\openbullet.core.tests.dll" id="6b235c0a-c45f-e548-9a16-4c53af6796e2">
      <Execution id="7d970c84-a37b-424c-a7d2-aa41ce1967f0" />
      <TestMethod codeBase="C:\Users\futiliter\Downloads\Telegram Desktop\Openbullet 1.4.4 Anomaly Modded Version\OpenBulletRecreation\OpenBullet.Core.Tests\bin\Debug\net9.0\OpenBullet.Core.Tests.dll" adapterTypeName="executor://xunit/VsTestRunner2/netcoreapp" className="OpenBullet.Core.Tests.Step6_CommandFactoryTests" name="RegisterCommand_Instance_Should_Register_Command_Instance" />
    </UnitTest>
    <UnitTest name="OpenBullet.Core.Tests.Step5_ExecutionContextTests.GetCapture_Should_Return_Stored_Data" storage="c:\users\futiliter\downloads\telegram desktop\openbullet 1.4.4 anomaly modded version\openbulletrecreation\openbullet.core.tests\bin\debug\net9.0\openbullet.core.tests.dll" id="25a7aa31-3516-89a3-8712-f24a353d7b80">
      <Execution id="907f29ac-72d7-48af-934b-3df5f2375033" />
      <TestMethod codeBase="C:\Users\futiliter\Downloads\Telegram Desktop\Openbullet 1.4.4 Anomaly Modded Version\OpenBulletRecreation\OpenBullet.Core.Tests\bin\Debug\net9.0\OpenBullet.Core.Tests.dll" adapterTypeName="executor://xunit/VsTestRunner2/netcoreapp" className="OpenBullet.Core.Tests.Step5_ExecutionContextTests" name="GetCapture_Should_Return_Stored_Data" />
    </UnitTest>
  </TestDefinitions>
  <TestEntries>
    <TestEntry testId="8df55b78-708a-2ef2-2500-017602b95b45" executionId="a4a5d088-0f18-4a43-9259-d57cecba57bf" testListId="8c84fa94-04c1-424b-9868-57a2d4851a1d" />
    <TestEntry testId="84f56336-4c18-0047-4c36-ab96ff1deee8" executionId="98247df7-1ee6-4cc4-bf08-e9b7ddae1fe9" testListId="8c84fa94-04c1-424b-9868-57a2d4851a1d" />
    <TestEntry testId="345c0749-6c48-eaf2-38ab-ad410e247b5e" executionId="0ed4c0fa-e9c5-4bc9-b5c7-bc804f66a7f3" testListId="8c84fa94-04c1-424b-9868-57a2d4851a1d" />
    <TestEntry testId="2461b60c-3c94-2efa-942c-f40653eb5daf" executionId="ff44becf-2869-45f6-92f8-b85a03c47820" testListId="8c84fa94-04c1-424b-9868-57a2d4851a1d" />
    <TestEntry testId="db232419-00c3-310b-e05d-079fddcbcaca" executionId="18cec459-d42b-4647-8f2c-9c4ea06b9866" testListId="8c84fa94-04c1-424b-9868-57a2d4851a1d" />
    <TestEntry testId="876d4165-c411-58f3-b6e4-4d69672376fe" executionId="15ac810b-45ec-42b9-b408-46298b800fe8" testListId="8c84fa94-04c1-424b-9868-57a2d4851a1d" />
    <TestEntry testId="fd8a62a8-a361-8751-d329-c765ebaaf3f7" executionId="baaf0ca5-e00c-4346-a2f6-05c69131b89e" testListId="8c84fa94-04c1-424b-9868-57a2d4851a1d" />
    <TestEntry testId="a3e6445c-a959-3f21-469c-366950a14fd2" executionId="067f9fc3-9a5a-4c0b-93b2-bd49eaed0e68" testListId="8c84fa94-04c1-424b-9868-57a2d4851a1d" />
    <TestEntry testId="44afa086-356e-779a-d8d3-aa6b2f5eb5e5" executionId="ac6fcea5-a253-482c-9924-d07e1c362e74" testListId="8c84fa94-04c1-424b-9868-57a2d4851a1d" />
    <TestEntry testId="6fe19468-9078-fdbb-8d8e-ff6241d8c333" executionId="3e2d078a-16f0-47ca-9153-b97e95b0d1d0" testListId="8c84fa94-04c1-424b-9868-57a2d4851a1d" />
    <TestEntry testId="111bc2d9-426e-d8cf-51e1-3bdcfb249efb" executionId="ed9bee5e-6f43-41f3-a557-0a1c161549d7" testListId="8c84fa94-04c1-424b-9868-57a2d4851a1d" />
    <TestEntry testId="77678d0c-a0b0-7926-d3de-ec8d711f9974" executionId="b2963cc3-d150-4566-9305-2ae9e0968ed5" testListId="8c84fa94-04c1-424b-9868-57a2d4851a1d" />
    <TestEntry testId="6b23d6f6-78e1-986f-12ec-49e8ade41167" executionId="037318c8-1d52-446b-b12e-8ae6658b8fdc" testListId="8c84fa94-04c1-424b-9868-57a2d4851a1d" />
    <TestEntry testId="49693a35-c967-1fe0-33aa-5a0fd086e25e" executionId="e5f3183f-7fb6-48a2-99af-edea8fdaf50e" testListId="8c84fa94-04c1-424b-9868-57a2d4851a1d" />
    <TestEntry testId="455c6b6b-2653-cd2b-53aa-9789a202faf4" executionId="7e055af9-52c1-43a3-95bc-e4e2d21780bf" testListId="8c84fa94-04c1-424b-9868-57a2d4851a1d" />
    <TestEntry testId="b49a288a-4302-87c2-6b87-20c67d45cc74" executionId="91c1aa71-1549-449f-afeb-ddee6f769dc9" testListId="8c84fa94-04c1-424b-9868-57a2d4851a1d" />
    <TestEntry testId="26bedab0-c5b3-559f-3c77-2fda0cc5c09b" executionId="2b9f995f-1ff3-4eaa-9dc1-c18b0e598b5d" testListId="8c84fa94-04c1-424b-9868-57a2d4851a1d" />
    <TestEntry testId="2077c7b8-8ea6-9e3f-6d14-0141e7591537" executionId="46ff3a49-0786-494d-a7e1-9e2830507038" testListId="8c84fa94-04c1-424b-9868-57a2d4851a1d" />
    <TestEntry testId="96eb43c8-a067-59e8-ea7d-da5eac7320d8" executionId="2c28d343-048b-47c7-a2be-e9539ecfca99" testListId="8c84fa94-04c1-424b-9868-57a2d4851a1d" />
    <TestEntry testId="959556f7-a660-0b79-e2fc-a69ef54321f8" executionId="f437f6d0-b76d-4720-97c6-12fbb35cc16f" testListId="8c84fa94-04c1-424b-9868-57a2d4851a1d" />
    <TestEntry testId="80397e98-8b65-9d77-11c3-ff54a6741b08" executionId="768c8a9c-77be-4a6c-a1ef-294ce9173395" testListId="8c84fa94-04c1-424b-9868-57a2d4851a1d" />
    <TestEntry testId="e8329772-3b7c-9160-6b34-6710863ddb71" executionId="dc9414da-36f2-4357-a2cd-4f1c3ca19755" testListId="8c84fa94-04c1-424b-9868-57a2d4851a1d" />
    <TestEntry testId="5d1fa9ee-5293-522d-b556-52fdcc7cd4b4" executionId="c60bd4d9-a541-489c-9d27-42067e9e77d0" testListId="8c84fa94-04c1-424b-9868-57a2d4851a1d" />
    <TestEntry testId="66c75c5c-07d7-c9a1-7121-279c381a27f3" executionId="951f2562-2f31-43a2-8553-643a037be78c" testListId="8c84fa94-04c1-424b-9868-57a2d4851a1d" />
    <TestEntry testId="978e5bab-0012-d45d-d8b5-34714046a991" executionId="94a0c357-bbd2-49f4-a296-c1dab4c78899" testListId="8c84fa94-04c1-424b-9868-57a2d4851a1d" />
    <TestEntry testId="b925204f-6c22-a7ea-8029-a3989df792c9" executionId="f659e9fa-37bc-418b-97b2-cb65078b77e9" testListId="8c84fa94-04c1-424b-9868-57a2d4851a1d" />
    <TestEntry testId="c8b1b413-7805-221f-427a-5ac03a0ad62f" executionId="914958ac-1077-4b31-a51b-c51c4a671b0e" testListId="8c84fa94-04c1-424b-9868-57a2d4851a1d" />
    <TestEntry testId="b26f44e1-c1b2-6913-34e0-0ace7835a356" executionId="d1bf8452-152b-49ce-b813-09687b7d55c5" testListId="8c84fa94-04c1-424b-9868-57a2d4851a1d" />
    <TestEntry testId="3509285f-89e8-6da3-f241-a91e80598941" executionId="f5c56594-c3fa-4529-b72a-2b0452f11ba2" testListId="8c84fa94-04c1-424b-9868-57a2d4851a1d" />
    <TestEntry testId="eb0b7627-4699-008b-95fb-1c0144280973" executionId="9fdb76f9-f1fb-45f3-96f2-70aabee948a9" testListId="8c84fa94-04c1-424b-9868-57a2d4851a1d" />
    <TestEntry testId="c24f0fad-2ffe-8cc3-89ca-da3d417e0a01" executionId="7901e2cb-8b78-4852-a09c-e0152d36a0a6" testListId="8c84fa94-04c1-424b-9868-57a2d4851a1d" />
    <TestEntry testId="4e48bfef-fcaf-5f76-7d7f-10e88f3176eb" executionId="33d8960b-620d-4252-94b2-c82a58b261b0" testListId="8c84fa94-04c1-424b-9868-57a2d4851a1d" />
    <TestEntry testId="a615ef20-2f8e-1057-5af2-a780817f18e6" executionId="f7353d0a-d936-4af0-9595-8f26b51c6d1a" testListId="8c84fa94-04c1-424b-9868-57a2d4851a1d" />
    <TestEntry testId="8c9838ec-b23d-c6a4-32bc-763066aa99fa" executionId="3d908512-a992-4d03-bedd-1eab502556c1" testListId="8c84fa94-04c1-424b-9868-57a2d4851a1d" />
    <TestEntry testId="1d25ceed-3bc3-dc37-d966-6ceef7503779" executionId="835fe5a7-54de-4731-a25c-05e98e76fb05" testListId="8c84fa94-04c1-424b-9868-57a2d4851a1d" />
    <TestEntry testId="449a57cc-e36d-fbda-ec51-064bceb18dd3" executionId="a39ee33f-a31d-4723-8cfb-d3708d5ac7a0" testListId="8c84fa94-04c1-424b-9868-57a2d4851a1d" />
    <TestEntry testId="fc4c6497-b24d-21be-d034-40fde434361f" executionId="8fa25e74-3a4a-4e68-b5d9-b8190ad01419" testListId="8c84fa94-04c1-424b-9868-57a2d4851a1d" />
    <TestEntry testId="20d80969-97f3-ba83-0cb8-74bab683898b" executionId="ae84e2c7-35d4-4dbd-b9ba-a9583b9f6ea9" testListId="8c84fa94-04c1-424b-9868-57a2d4851a1d" />
    <TestEntry testId="f21a7354-4ee9-1576-ed77-65206e61469e" executionId="3a3a7012-513f-4945-99aa-b073942fee39" testListId="8c84fa94-04c1-424b-9868-57a2d4851a1d" />
    <TestEntry testId="43900a6f-ae22-4d68-bf58-9ad59ead952d" executionId="56608f3c-2546-4389-829a-c80d3b0195c7" testListId="8c84fa94-04c1-424b-9868-57a2d4851a1d" />
    <TestEntry testId="efa2d2b1-571d-9300-3529-24461992b8c8" executionId="1acb6fba-b0f0-480b-8c95-ccb2a54ad5fa" testListId="8c84fa94-04c1-424b-9868-57a2d4851a1d" />
    <TestEntry testId="b2d5eb32-4d2f-2020-fcbe-332584e41b1b" executionId="99ffcc90-7a87-4d57-9217-14ab3e74fa28" testListId="8c84fa94-04c1-424b-9868-57a2d4851a1d" />
    <TestEntry testId="3307fdc9-fb25-b9ca-a392-1171a2521b40" executionId="e7b22c13-f03e-4045-9d2e-ca1f1eeae1fc" testListId="8c84fa94-04c1-424b-9868-57a2d4851a1d" />
    <TestEntry testId="58759628-0e81-2a62-c5db-6cc51681d5d2" executionId="627f66d7-3912-453c-9362-304453c0de8f" testListId="8c84fa94-04c1-424b-9868-57a2d4851a1d" />
    <TestEntry testId="68c6d7f4-71b6-6add-0e5c-bcb265d1d3da" executionId="1fdeb641-5e82-4131-9f55-bc9cdcaa246b" testListId="8c84fa94-04c1-424b-9868-57a2d4851a1d" />
    <TestEntry testId="127304ee-3ef5-706b-170c-8158b028346b" executionId="1b6a1e2f-212c-40d6-990e-e75712621d7d" testListId="8c84fa94-04c1-424b-9868-57a2d4851a1d" />
    <TestEntry testId="4e09aa20-21f3-d5fa-9813-a6a859003f5b" executionId="b0d58c77-bc4c-4e21-8c48-f6a51f23897b" testListId="8c84fa94-04c1-424b-9868-57a2d4851a1d" />
    <TestEntry testId="72d5b93b-e1b6-3b33-3fe3-52500b6ede63" executionId="72c041bd-8bf9-4e37-9cbe-44c18930ceab" testListId="8c84fa94-04c1-424b-9868-57a2d4851a1d" />
    <TestEntry testId="2ce9c7dc-e0a6-3b8a-0053-68736a666cbb" executionId="99655833-06e1-4297-925a-1994c114488b" testListId="8c84fa94-04c1-424b-9868-57a2d4851a1d" />
    <TestEntry testId="7436fd2c-ade6-8ba2-6f64-676cbecef7e6" executionId="d513767e-d48b-4183-86db-0697f946b68d" testListId="8c84fa94-04c1-424b-9868-57a2d4851a1d" />
    <TestEntry testId="99896ef1-20d8-faaf-66ab-72fd26cf24e3" executionId="e164f9c0-4a84-4fe4-afbd-a438cf1bad9b" testListId="8c84fa94-04c1-424b-9868-57a2d4851a1d" />
    <TestEntry testId="edc461ac-ccae-bd56-e723-4647267802ca" executionId="d0bb307b-66a0-4428-8f61-4a9b7d5dd544" testListId="8c84fa94-04c1-424b-9868-57a2d4851a1d" />
    <TestEntry testId="503a3166-80be-d2e2-fc11-a44d2ff3dd63" executionId="52b0122d-4e1b-4d74-984d-7e81a9b4c3db" testListId="8c84fa94-04c1-424b-9868-57a2d4851a1d" />
    <TestEntry testId="cda12faf-96fd-24f3-2774-93e9eafcb82f" executionId="6dd8bd7a-bd23-4cca-9316-6a1971e343e6" testListId="8c84fa94-04c1-424b-9868-57a2d4851a1d" />
    <TestEntry testId="2e95f9c4-41c7-2b61-9b22-56b4ddb349bd" executionId="aea91837-54b4-4953-ac11-245e62675626" testListId="8c84fa94-04c1-424b-9868-57a2d4851a1d" />
    <TestEntry testId="9c49c18f-333e-b167-0629-864bbad82609" executionId="5d017442-7995-446d-97e6-e23bb6406a2b" testListId="8c84fa94-04c1-424b-9868-57a2d4851a1d" />
    <TestEntry testId="d4adcb5d-abf4-0da8-f53e-70f23174047b" executionId="6b987e27-ee4f-4441-b4d1-f38372043cd0" testListId="8c84fa94-04c1-424b-9868-57a2d4851a1d" />
    <TestEntry testId="029bd715-bef5-33ec-c13d-c2062f2dcfd3" executionId="46f773b9-5f8a-4dd3-9f31-0219bbf8525c" testListId="8c84fa94-04c1-424b-9868-57a2d4851a1d" />
    <TestEntry testId="09a6479c-1b1a-ecc3-a56f-3eae405b4f0b" executionId="38512075-170c-4b75-be53-2d0a280d82f2" testListId="8c84fa94-04c1-424b-9868-57a2d4851a1d" />
    <TestEntry testId="7b3bc551-c6d8-d80d-19e4-9e1a3d6c6e3b" executionId="f73660bc-ea79-4066-bc6e-948c70c37200" testListId="8c84fa94-04c1-424b-9868-57a2d4851a1d" />
    <TestEntry testId="44061e7a-ef77-e08d-2212-13ed3b025dd4" executionId="64aed1ff-0937-475f-b1bd-ce3007146669" testListId="8c84fa94-04c1-424b-9868-57a2d4851a1d" />
    <TestEntry testId="9e122660-4a2e-ebde-e97c-28ef1ab6699f" executionId="fa5f4410-d5e4-4ca4-88db-d4cc4f39b14b" testListId="8c84fa94-04c1-424b-9868-57a2d4851a1d" />
    <TestEntry testId="b54b547b-4903-c771-76e3-21a963dde920" executionId="069c93ba-be01-4aa6-b6e8-fa6f331554ba" testListId="8c84fa94-04c1-424b-9868-57a2d4851a1d" />
    <TestEntry testId="06340c1d-fb82-504f-1ff0-51f3cdd48661" executionId="a5a2fd3b-13b4-422d-a2a5-e6d934559e42" testListId="8c84fa94-04c1-424b-9868-57a2d4851a1d" />
    <TestEntry testId="39952ef3-b830-3542-0078-b53a0f0ad8a0" executionId="3fb3150c-ce35-461e-a5ca-984cb21d32e0" testListId="8c84fa94-04c1-424b-9868-57a2d4851a1d" />
    <TestEntry testId="0252ecb8-cded-3292-7c8f-842d80385781" executionId="85cdfa0a-0871-46d5-bab5-55de8b1f74b5" testListId="8c84fa94-04c1-424b-9868-57a2d4851a1d" />
    <TestEntry testId="bb4aed98-e5bf-8783-120a-528d735e74df" executionId="2d660fa3-f9eb-46fe-ad5b-2549dd16d173" testListId="8c84fa94-04c1-424b-9868-57a2d4851a1d" />
    <TestEntry testId="fa901325-c92d-1494-9e5f-e9a9c839be56" executionId="b316d8ce-774e-458e-83a9-a69addbf78ce" testListId="8c84fa94-04c1-424b-9868-57a2d4851a1d" />
    <TestEntry testId="7aeac4a6-cae1-60dd-36c7-e3e4e71871e3" executionId="5be87df4-e404-4daa-a1a2-989bccedbd26" testListId="8c84fa94-04c1-424b-9868-57a2d4851a1d" />
    <TestEntry testId="590e6993-e8e0-a052-2d1b-27c099cbc4e5" executionId="05fbaf5a-234c-4453-9f95-55cee9eff1ce" testListId="8c84fa94-04c1-424b-9868-57a2d4851a1d" />
    <TestEntry testId="1c507879-f950-6597-0aac-e5d9797c919e" executionId="09e0ddf7-5a72-449f-9cc2-2e932b3b6af4" testListId="8c84fa94-04c1-424b-9868-57a2d4851a1d" />
    <TestEntry testId="1493bf72-799b-e2f3-77ba-25346d784678" executionId="e9eb449f-1efd-4446-a575-7deb246cd677" testListId="8c84fa94-04c1-424b-9868-57a2d4851a1d" />
    <TestEntry testId="eff3823d-67bb-e3fd-7bfa-c8a90f1a20e9" executionId="6cc3cb99-9d22-4b64-addb-2447bb966319" testListId="8c84fa94-04c1-424b-9868-57a2d4851a1d" />
    <TestEntry testId="ac48abd3-04c5-6848-7e56-b8c850983dd0" executionId="32158eb9-8138-4856-8dc3-3fe0c1100306" testListId="8c84fa94-04c1-424b-9868-57a2d4851a1d" />
    <TestEntry testId="f5947768-d0a5-d30c-5008-20d6f3ed7708" executionId="51086136-c4e1-486e-94bc-4fbc2510a2c3" testListId="8c84fa94-04c1-424b-9868-57a2d4851a1d" />
    <TestEntry testId="a8fd5864-22ef-41e3-2ea4-dae7428a9010" executionId="cbf9d56a-6248-4cb3-9978-a2140631cdd6" testListId="8c84fa94-04c1-424b-9868-57a2d4851a1d" />
    <TestEntry testId="80239e5b-e72f-a07c-0b80-2510ef07ae78" executionId="bc650d4a-604a-4e3b-8ab0-ac33b884186b" testListId="8c84fa94-04c1-424b-9868-57a2d4851a1d" />
    <TestEntry testId="07fd48b1-6e1e-3652-57e8-e7eb4c310ef8" executionId="73867c73-3d2d-41db-86ed-1c3463865da0" testListId="8c84fa94-04c1-424b-9868-57a2d4851a1d" />
    <TestEntry testId="e9f4c774-2e72-d9cf-39a8-19f75b31a69d" executionId="92d8f855-a1b1-465a-9615-79f8fc8b39d2" testListId="8c84fa94-04c1-424b-9868-57a2d4851a1d" />
    <TestEntry testId="168024dd-a888-2d1f-a24c-590ecae8cad3" executionId="a718fb17-e1b3-498d-aee2-7cea21dfc658" testListId="8c84fa94-04c1-424b-9868-57a2d4851a1d" />
    <TestEntry testId="17243099-ef51-6df5-996a-eed10d086dc9" executionId="e778cd1e-4c06-4954-be69-e9373478fd98" testListId="8c84fa94-04c1-424b-9868-57a2d4851a1d" />
    <TestEntry testId="ecf49c5d-21f6-92cf-c067-de24ef24a0aa" executionId="c5b75683-a3d0-4123-8b49-407fecff7052" testListId="8c84fa94-04c1-424b-9868-57a2d4851a1d" />
    <TestEntry testId="c526e3b5-b194-ebfd-7cf0-850bd93c2b9e" executionId="c68b2978-9fbe-44c0-bbe0-ffde0cfab6fd" testListId="8c84fa94-04c1-424b-9868-57a2d4851a1d" />
    <TestEntry testId="2466cd22-3de2-c5c0-2f8b-72f3b60d19dd" executionId="fdd446c8-5000-45aa-a89f-6e340012a044" testListId="8c84fa94-04c1-424b-9868-57a2d4851a1d" />
    <TestEntry testId="1e68b374-770c-bf13-db58-12c6446252fa" executionId="f8f5b9a4-0330-44e3-83ae-e5c582af2493" testListId="8c84fa94-04c1-424b-9868-57a2d4851a1d" />
    <TestEntry testId="2e7498aa-d5a6-2d43-f3fd-e5e32d063038" executionId="9a8e5480-00c7-4854-9af3-200655643a6d" testListId="8c84fa94-04c1-424b-9868-57a2d4851a1d" />
    <TestEntry testId="6671cccd-3f47-9fe7-76f6-53b9a30d4f28" executionId="3168d713-28fc-4888-877e-d36755d16a6e" testListId="8c84fa94-04c1-424b-9868-57a2d4851a1d" />
    <TestEntry testId="fa401a77-74e5-1074-e285-63b4b33fe3d6" executionId="2cc5fefb-38dd-4a72-9fbe-bca5403580d9" testListId="8c84fa94-04c1-424b-9868-57a2d4851a1d" />
    <TestEntry testId="5f922443-b093-b25c-2fcc-b9fb03f0edb7" executionId="cbec51cd-bc26-4646-803c-3e8df028a33c" testListId="8c84fa94-04c1-424b-9868-57a2d4851a1d" />
    <TestEntry testId="1e3fa5f6-23db-0c62-a799-0d39e9e28aea" executionId="3174e3fb-93d0-4493-9ffc-d3378ae9460a" testListId="8c84fa94-04c1-424b-9868-57a2d4851a1d" />
    <TestEntry testId="8dcbe007-67b8-3d95-8cba-58733aef7081" executionId="b5872e35-f6e5-41af-830d-d861fb6f102a" testListId="8c84fa94-04c1-424b-9868-57a2d4851a1d" />
    <TestEntry testId="f273dbff-de3c-85cf-13df-09fb04a5fc0d" executionId="7d866bbe-ef21-4bb1-96e4-43b7a7583d90" testListId="8c84fa94-04c1-424b-9868-57a2d4851a1d" />
    <TestEntry testId="ecea3af3-85b0-5011-1e09-4afe1b3cdedb" executionId="a02a08e6-88de-47cf-bbd0-e5771e548eec" testListId="8c84fa94-04c1-424b-9868-57a2d4851a1d" />
    <TestEntry testId="3c603292-bdd4-c1a8-9c09-b38b853fe6bc" executionId="0d763f33-f014-4140-a639-2fb329bbc5e5" testListId="8c84fa94-04c1-424b-9868-57a2d4851a1d" />
    <TestEntry testId="aaf1bc9d-b7bd-4541-8a05-dbf993f0060b" executionId="3222c202-c35d-4f65-9bf2-95b794a48f38" testListId="8c84fa94-04c1-424b-9868-57a2d4851a1d" />
    <TestEntry testId="d37fd4e7-c306-66c1-b466-335f4948f9a1" executionId="4282ff40-5150-459f-892f-966bdc2f6b7c" testListId="8c84fa94-04c1-424b-9868-57a2d4851a1d" />
    <TestEntry testId="3f441a33-5ce1-55b6-2011-ea1c5c260248" executionId="1f9168d7-faf7-4dbc-b1f3-9620a97ea431" testListId="8c84fa94-04c1-424b-9868-57a2d4851a1d" />
    <TestEntry testId="d5704c9b-5d06-34f0-5d4d-762a10de5be2" executionId="7a23ce5d-4a55-4191-bc0e-6a57fabde065" testListId="8c84fa94-04c1-424b-9868-57a2d4851a1d" />
    <TestEntry testId="8c4fafba-ccaa-3135-0a17-f6bdaa0ec1bf" executionId="b3a50a50-8f19-4c67-b7f6-25c03a35849a" testListId="8c84fa94-04c1-424b-9868-57a2d4851a1d" />
    <TestEntry testId="871867ed-10eb-65ce-0d7b-4ba84366876d" executionId="63bf74c0-78d6-49dd-9695-e1ac9a50dde6" testListId="8c84fa94-04c1-424b-9868-57a2d4851a1d" />
    <TestEntry testId="3dd9539d-e410-da4c-d784-d61778bf9f8c" executionId="914e9713-b631-4606-9875-bc9b0fe6a7eb" testListId="8c84fa94-04c1-424b-9868-57a2d4851a1d" />
    <TestEntry testId="3596496a-3bc3-a525-5a08-0ff104bdfce5" executionId="87731f8b-2f1a-4b43-94f2-e75396808952" testListId="8c84fa94-04c1-424b-9868-57a2d4851a1d" />
    <TestEntry testId="05d53181-0a1c-ee1c-100c-9891f3acf4aa" executionId="345643f7-ff24-4399-8f2a-d48f484c2cab" testListId="8c84fa94-04c1-424b-9868-57a2d4851a1d" />
    <TestEntry testId="b6e899e4-06d2-25ca-0f90-141ff4dfb919" executionId="328c20f7-34c6-478e-b4d5-513bc69afa4f" testListId="8c84fa94-04c1-424b-9868-57a2d4851a1d" />
    <TestEntry testId="73ac76b1-d6ae-a775-3f9e-bd8231721f2a" executionId="b33c9731-3834-4b12-97d6-8816f04f5a6c" testListId="8c84fa94-04c1-424b-9868-57a2d4851a1d" />
    <TestEntry testId="e4109977-9f6a-f6ab-14f5-28a9fe271637" executionId="dc6b35cd-73d4-4414-a76d-2d7476eb4d96" testListId="8c84fa94-04c1-424b-9868-57a2d4851a1d" />
    <TestEntry testId="f459cdb8-8233-8af6-013d-12691d2d3202" executionId="c770d124-495e-46af-9109-39a675b0d9ac" testListId="8c84fa94-04c1-424b-9868-57a2d4851a1d" />
    <TestEntry testId="4f0e045b-e09c-ee2f-bc78-2dc44d9a57c0" executionId="659c18c5-923e-4247-aa95-eedc51ed1184" testListId="8c84fa94-04c1-424b-9868-57a2d4851a1d" />
    <TestEntry testId="ba4049e7-c1ea-8df8-fb97-bb3c3893784c" executionId="fa73fcdb-6e08-4863-b508-9271ceb44df4" testListId="8c84fa94-04c1-424b-9868-57a2d4851a1d" />
    <TestEntry testId="d003cb11-6cc1-04b2-a043-510a0c585863" executionId="1c40d57b-f3be-4ef9-85a7-4f5b8c4a1efc" testListId="8c84fa94-04c1-424b-9868-57a2d4851a1d" />
    <TestEntry testId="f76f95b2-f6ab-fd3e-f32d-372621ec999d" executionId="fec0ca34-e897-42f3-8fe3-074387303042" testListId="8c84fa94-04c1-424b-9868-57a2d4851a1d" />
    <TestEntry testId="3de7db04-9b44-f893-f0b9-28d7b17a0583" executionId="6d829e7f-1f89-4dab-a843-2bdc8341482f" testListId="8c84fa94-04c1-424b-9868-57a2d4851a1d" />
    <TestEntry testId="ac55df1a-50d7-6977-dbc4-51d07685d0de" executionId="76c25513-b94d-4645-8432-b3b573100248" testListId="8c84fa94-04c1-424b-9868-57a2d4851a1d" />
    <TestEntry testId="5b66a788-c0af-c8ce-ae25-3fffd8e28219" executionId="f383c7cf-93b3-4c8d-90c8-a088b738852b" testListId="8c84fa94-04c1-424b-9868-57a2d4851a1d" />
    <TestEntry testId="7b2d81bc-a085-c83d-1954-65292c415941" executionId="6a25f26c-ba9f-467d-9198-c4da9e57a1e0" testListId="8c84fa94-04c1-424b-9868-57a2d4851a1d" />
    <TestEntry testId="c27cb696-e556-f9c6-f1f7-43cac6eeba30" executionId="eabf7a76-1e4a-4d12-b272-57efdb99f520" testListId="8c84fa94-04c1-424b-9868-57a2d4851a1d" />
    <TestEntry testId="d6c17794-8c56-dc36-b09a-0197742c5587" executionId="d77490b2-d761-4bb7-9000-ea5abe399c8c" testListId="8c84fa94-04c1-424b-9868-57a2d4851a1d" />
    <TestEntry testId="1987852d-f9aa-5f71-9e84-5eb62921da56" executionId="70497d16-a94a-488e-bc05-7bc22eebf60b" testListId="8c84fa94-04c1-424b-9868-57a2d4851a1d" />
    <TestEntry testId="3e5af76e-3385-17a3-1b33-2e6c06dc4e51" executionId="3431793a-70b4-45c5-a1c2-8745591b44c5" testListId="8c84fa94-04c1-424b-9868-57a2d4851a1d" />
    <TestEntry testId="59911ad0-698f-36ea-0182-9a4eb60f5b60" executionId="30e837a5-5bed-4ff2-84f0-858d34bf82bd" testListId="8c84fa94-04c1-424b-9868-57a2d4851a1d" />
    <TestEntry testId="bc3cb7fe-19fa-0795-5cd7-9207cf2f41d4" executionId="c6ad5e17-368b-4d2d-be43-966f85615335" testListId="8c84fa94-04c1-424b-9868-57a2d4851a1d" />
    <TestEntry testId="6dcfc090-f623-b350-b672-5d83aa4d33be" executionId="1f991b52-fcc9-4df9-8917-38f0acf83554" testListId="8c84fa94-04c1-424b-9868-57a2d4851a1d" />
    <TestEntry testId="300e62cf-c10f-382e-0df8-515cb8863efe" executionId="c574c397-5291-4009-a450-a25c655e9793" testListId="8c84fa94-04c1-424b-9868-57a2d4851a1d" />
    <TestEntry testId="60331eaf-7aac-d9bb-4e26-ea9b5c7d1ccb" executionId="bed369eb-f580-4983-96a0-3be7e4546ca3" testListId="8c84fa94-04c1-424b-9868-57a2d4851a1d" />
    <TestEntry testId="1e7462f1-1d37-c1c1-403a-c7c9f044727e" executionId="c737cfcb-93e4-4adf-ad74-3e3e5a890998" testListId="8c84fa94-04c1-424b-9868-57a2d4851a1d" />
    <TestEntry testId="ada8bf4f-fb23-7bd0-78fb-5184a181a066" executionId="f083b65a-236c-4ba3-8ac5-3e94200cf690" testListId="8c84fa94-04c1-424b-9868-57a2d4851a1d" />
    <TestEntry testId="f77e79ef-dd63-0f6b-f91c-8950db496964" executionId="bac00284-d3ee-416f-a29a-8cb3fbefd0ac" testListId="8c84fa94-04c1-424b-9868-57a2d4851a1d" />
    <TestEntry testId="5dac8f81-0700-2429-bb42-050981a458d2" executionId="ea893be5-e04d-491d-9fa8-128c39fa40c3" testListId="8c84fa94-04c1-424b-9868-57a2d4851a1d" />
    <TestEntry testId="99adada5-7325-18bb-db49-420fe1474dae" executionId="0121abec-63ea-47cc-8315-e7ce66620a71" testListId="8c84fa94-04c1-424b-9868-57a2d4851a1d" />
    <TestEntry testId="ad7d3617-9e51-212a-aa4b-e19436558946" executionId="baf2448a-bff3-4366-bf73-2099e0a3794a" testListId="8c84fa94-04c1-424b-9868-57a2d4851a1d" />
    <TestEntry testId="497fa292-b039-cf82-e430-6551cd5f708f" executionId="a530b464-1c33-456e-8d1d-1239da31a2b9" testListId="8c84fa94-04c1-424b-9868-57a2d4851a1d" />
    <TestEntry testId="68c5a928-3ebb-3506-04aa-8d385f1a8faa" executionId="25d9e4af-44ac-4c6a-896c-ceeef9cc0942" testListId="8c84fa94-04c1-424b-9868-57a2d4851a1d" />
    <TestEntry testId="665fd9a9-5e60-eeb2-d30d-35329685be91" executionId="32cd6139-7cbc-4ce4-ba6f-5fb084a7a0be" testListId="8c84fa94-04c1-424b-9868-57a2d4851a1d" />
    <TestEntry testId="96350af9-7081-874f-7608-1f39c0cb5cd1" executionId="15a36287-6c86-4f60-9c53-7c172ff00e75" testListId="8c84fa94-04c1-424b-9868-57a2d4851a1d" />
    <TestEntry testId="9bf63739-d9af-1d01-f258-b1b86cad4bea" executionId="ea95bd61-cab8-41a4-bc1c-3d176f18b424" testListId="8c84fa94-04c1-424b-9868-57a2d4851a1d" />
    <TestEntry testId="4d955c5f-8b61-1aef-e38e-2f73a9d86646" executionId="afbaa7d8-1768-4f22-a3d8-3e38d75f9391" testListId="8c84fa94-04c1-424b-9868-57a2d4851a1d" />
    <TestEntry testId="4e0d4311-de33-1e07-126e-caaabf69a0b9" executionId="a1b2e963-cdc1-4fe1-9e4d-a5a0ff2062b5" testListId="8c84fa94-04c1-424b-9868-57a2d4851a1d" />
    <TestEntry testId="0af07894-6f10-d02b-3b4d-a39670d01f8f" executionId="42080579-c24c-4449-ad3c-9068f5d67e78" testListId="8c84fa94-04c1-424b-9868-57a2d4851a1d" />
    <TestEntry testId="1e22619d-03b8-ae07-602a-d43222610d95" executionId="29fcaac6-6d09-4cbc-a627-99710999ea7a" testListId="8c84fa94-04c1-424b-9868-57a2d4851a1d" />
    <TestEntry testId="2a8bac4b-3b74-1bb0-cb77-122cd4634d7b" executionId="a7b418c0-17c5-483f-8cdf-c88d1a2ebb31" testListId="8c84fa94-04c1-424b-9868-57a2d4851a1d" />
    <TestEntry testId="f111a54e-1bbe-4eb8-e153-00f0f1ffd263" executionId="c14318b8-1474-4553-8cdf-0f1f83b95ba8" testListId="8c84fa94-04c1-424b-9868-57a2d4851a1d" />
    <TestEntry testId="9e7fe619-9d7f-700f-675e-f9c8b6562019" executionId="9f4722b2-723a-4009-b8c4-885bf8219d89" testListId="8c84fa94-04c1-424b-9868-57a2d4851a1d" />
    <TestEntry testId="2bc91f6d-6627-5678-8fe6-2af08eda34db" executionId="e7784bce-a2e1-4b73-aef2-13872721a68b" testListId="8c84fa94-04c1-424b-9868-57a2d4851a1d" />
    <TestEntry testId="dcaf4213-60c4-5c7d-f236-9d71ee18630a" executionId="4d0538fe-30e1-45bc-a9bd-bd1a841d64cf" testListId="8c84fa94-04c1-424b-9868-57a2d4851a1d" />
    <TestEntry testId="e232d3d2-9ebf-bc9f-5083-3b084a012bfd" executionId="f28336c9-825d-40e1-9f18-cd6fda8adcb5" testListId="8c84fa94-04c1-424b-9868-57a2d4851a1d" />
    <TestEntry testId="392e806d-40aa-a7b0-e85f-1a6537f4f3f0" executionId="f65d47d1-651a-45bd-bfdb-ce75f875594f" testListId="8c84fa94-04c1-424b-9868-57a2d4851a1d" />
    <TestEntry testId="34419e3d-a5cb-1c33-920f-0edc26280b69" executionId="6f96536e-47dd-40a5-bdb6-69d2ed2e5e7b" testListId="8c84fa94-04c1-424b-9868-57a2d4851a1d" />
    <TestEntry testId="e295014d-803d-d48e-a838-e0dbdd99e636" executionId="61df1164-ad0a-4714-aac7-c5779995b5a6" testListId="8c84fa94-04c1-424b-9868-57a2d4851a1d" />
    <TestEntry testId="7158c640-1d7b-8767-848f-4fec4b1c7ca1" executionId="c3bafbff-d2e3-462b-b63a-93c4f0be2d42" testListId="8c84fa94-04c1-424b-9868-57a2d4851a1d" />
    <TestEntry testId="325f2dbd-a55c-5661-1773-a5502b988f6f" executionId="f78cd77e-e47b-4458-b19f-771dd280f38b" testListId="8c84fa94-04c1-424b-9868-57a2d4851a1d" />
    <TestEntry testId="1a50e4af-d471-fe26-c769-7d2064bbba4e" executionId="f9966c28-6df7-4163-9360-d2766055ada9" testListId="8c84fa94-04c1-424b-9868-57a2d4851a1d" />
    <TestEntry testId="ddf122af-44b1-7bde-2a36-d8b68ef0de43" executionId="662aed7c-7304-4028-a4f8-89ac0638227e" testListId="8c84fa94-04c1-424b-9868-57a2d4851a1d" />
    <TestEntry testId="53d68821-c8ba-d625-bca0-f5b7e0e7fb60" executionId="919cd97e-38ff-4eaf-82c8-852d64f99ef2" testListId="8c84fa94-04c1-424b-9868-57a2d4851a1d" />
    <TestEntry testId="10fbf7f8-50cd-de3f-abbd-348125a0454b" executionId="910cfba1-7ac5-4584-9f81-7a89dd05f4c7" testListId="8c84fa94-04c1-424b-9868-57a2d4851a1d" />
    <TestEntry testId="44b488fa-827c-25b6-c6ca-6dece53df16e" executionId="163c79d5-6e28-4206-b4d9-1b2e272d2e42" testListId="8c84fa94-04c1-424b-9868-57a2d4851a1d" />
    <TestEntry testId="3c68c493-9c46-66d0-72bc-77621415baad" executionId="f827bd81-ff68-4691-b4cc-6bb06f779937" testListId="8c84fa94-04c1-424b-9868-57a2d4851a1d" />
    <TestEntry testId="d0561565-ee31-c7cd-5bfa-1fc1a82e7d85" executionId="93b34c5d-ff97-49a3-9d60-e41413122cdd" testListId="8c84fa94-04c1-424b-9868-57a2d4851a1d" />
    <TestEntry testId="3b4495c5-df35-c74a-cf4d-cac9edd8d738" executionId="a773c349-051b-47a6-9cf7-febebd1294bf" testListId="8c84fa94-04c1-424b-9868-57a2d4851a1d" />
    <TestEntry testId="24a2ee4c-14fc-b335-95ea-40ff078e82ac" executionId="4d0f2eab-e49e-4755-84ca-23f2feba8b54" testListId="8c84fa94-04c1-424b-9868-57a2d4851a1d" />
    <TestEntry testId="29ef8b5b-2468-2f97-d0e5-9903b4bf0612" executionId="bb065767-10f8-4d69-8f8c-0475bf4a450a" testListId="8c84fa94-04c1-424b-9868-57a2d4851a1d" />
    <TestEntry testId="8293068a-d22d-c99a-e45f-2c448b46a7b5" executionId="737d3b1c-3ef0-4a89-95b8-3a53729b48d7" testListId="8c84fa94-04c1-424b-9868-57a2d4851a1d" />
    <TestEntry testId="29449348-3f69-c12b-fc41-b539693e4187" executionId="10c54ec9-ead6-4f76-9f1b-175e3200ad1c" testListId="8c84fa94-04c1-424b-9868-57a2d4851a1d" />
    <TestEntry testId="c7f89ce6-12a9-fb24-6ac6-bf6c76224948" executionId="5f6d5e6c-77fd-46f0-b3f9-cf799c4935b0" testListId="8c84fa94-04c1-424b-9868-57a2d4851a1d" />
    <TestEntry testId="5ae346f1-a0c3-8b90-657d-f519812b3409" executionId="5b36e6eb-26cb-4989-8586-a956b65180d4" testListId="8c84fa94-04c1-424b-9868-57a2d4851a1d" />
    <TestEntry testId="979a9bd2-890e-b383-8b8a-de975893a781" executionId="7e69f110-0efb-4822-85b3-2222dd6c575c" testListId="8c84fa94-04c1-424b-9868-57a2d4851a1d" />
    <TestEntry testId="b4167ba6-0fab-4439-1747-0e30e59284f3" executionId="d0891206-d99f-40dc-89f9-7474f410e90a" testListId="8c84fa94-04c1-424b-9868-57a2d4851a1d" />
    <TestEntry testId="24a7a5b6-602e-cd90-6aa7-316028b0768b" executionId="82439577-0627-4520-be6b-f5423bcc26bd" testListId="8c84fa94-04c1-424b-9868-57a2d4851a1d" />
    <TestEntry testId="848ec985-c7ae-0276-961e-1edc84726c9e" executionId="55ae194d-d2d5-4ab2-b20d-8a1423f5125b" testListId="8c84fa94-04c1-424b-9868-57a2d4851a1d" />
    <TestEntry testId="44ed638d-6d7b-a2aa-09d2-9081469ab591" executionId="53e2da36-91ad-40f8-97a5-eca4b5ba9436" testListId="8c84fa94-04c1-424b-9868-57a2d4851a1d" />
    <TestEntry testId="d11c9541-ada8-4e6c-de6e-7b3340a7505c" executionId="d32129d0-1524-4824-b7d4-6f9538cd66c4" testListId="8c84fa94-04c1-424b-9868-57a2d4851a1d" />
    <TestEntry testId="d7bc744b-5fe4-d1fd-dbcb-23577e3dfe45" executionId="93cacc65-a7de-493a-8925-6bc67a951e06" testListId="8c84fa94-04c1-424b-9868-57a2d4851a1d" />
    <TestEntry testId="18427d1b-8810-c5bc-997d-3347e28e0d78" executionId="35f0d24a-b6f8-444c-874a-b149c7c37596" testListId="8c84fa94-04c1-424b-9868-57a2d4851a1d" />
    <TestEntry testId="1f363a9d-37d5-7823-f6f1-818cde518a14" executionId="7fc785bb-3617-46a3-a5f2-748a84acc469" testListId="8c84fa94-04c1-424b-9868-57a2d4851a1d" />
    <TestEntry testId="9252e67a-95e9-119f-33ae-67ffe9e68884" executionId="990b4c50-b241-469c-ae2a-f7af873149bb" testListId="8c84fa94-04c1-424b-9868-57a2d4851a1d" />
    <TestEntry testId="5a2d6cd4-b61d-cc50-f56f-d0d08b920f51" executionId="b41350ca-9b32-46e6-8adc-3c696d618719" testListId="8c84fa94-04c1-424b-9868-57a2d4851a1d" />
    <TestEntry testId="d4d9c027-47a1-a10a-9f63-b44b4468c6e8" executionId="5b02696c-c300-4e80-8e56-6fb0d138c985" testListId="8c84fa94-04c1-424b-9868-57a2d4851a1d" />
    <TestEntry testId="699ef298-53c8-f5f9-b1d4-5966a52ffc09" executionId="665d430a-ab93-430b-8981-7bcd8119a233" testListId="8c84fa94-04c1-424b-9868-57a2d4851a1d" />
    <TestEntry testId="60af8f4b-1f37-7cd5-e4fb-e922c33f0398" executionId="3bbebbe3-76f4-4f26-874a-f9e4f6e8920e" testListId="8c84fa94-04c1-424b-9868-57a2d4851a1d" />
    <TestEntry testId="806b0b68-10e1-528a-0aea-d5c057bbb4b7" executionId="0e25e3d1-b40f-4454-bdf5-71a9d2f09c1f" testListId="8c84fa94-04c1-424b-9868-57a2d4851a1d" />
    <TestEntry testId="7f895979-facc-1e37-a97f-3d7c9cedf66c" executionId="33497b67-0177-4958-9d7a-85f12f82dd2a" testListId="8c84fa94-04c1-424b-9868-57a2d4851a1d" />
    <TestEntry testId="8d82cafd-6f0f-bf94-bb65-148d75d4b4a9" executionId="936181d1-8b51-4fca-91a0-a5fdb7a80bf2" testListId="8c84fa94-04c1-424b-9868-57a2d4851a1d" />
    <TestEntry testId="f065c67b-ace7-4443-45cb-a596be43fc90" executionId="5b13ca6f-e583-4810-9592-6480d07dbcc9" testListId="8c84fa94-04c1-424b-9868-57a2d4851a1d" />
    <TestEntry testId="09957469-3c46-3725-ebd1-df5f5780ebe5" executionId="03ba0822-1d85-453e-8eed-1d3d51bc1c77" testListId="8c84fa94-04c1-424b-9868-57a2d4851a1d" />
    <TestEntry testId="8cf7d030-8f63-dd72-2113-b6ca6aae373c" executionId="bd0225f4-e4c9-4eb7-aae5-1c2da5139bf4" testListId="8c84fa94-04c1-424b-9868-57a2d4851a1d" />
    <TestEntry testId="ed83800b-f04d-1a5a-6c78-3e370d29e50f" executionId="b8112fdc-c0ce-4a92-a501-059bbb25c3e2" testListId="8c84fa94-04c1-424b-9868-57a2d4851a1d" />
    <TestEntry testId="da186ae3-63f7-3fdc-9820-63a44256c9de" executionId="d9bf91f2-f721-4d3d-945a-ab4ccb5be846" testListId="8c84fa94-04c1-424b-9868-57a2d4851a1d" />
    <TestEntry testId="974f607a-f6e7-63ce-296c-0b177591a0c3" executionId="92e618fd-9ea5-46f8-a12b-8df8d436e955" testListId="8c84fa94-04c1-424b-9868-57a2d4851a1d" />
    <TestEntry testId="f349d62f-2106-f635-f1b4-3603b61cf268" executionId="6e59fde1-2cce-469e-972c-60697597f0c4" testListId="8c84fa94-04c1-424b-9868-57a2d4851a1d" />
    <TestEntry testId="920c99c8-d8e4-0912-3bfe-c1f45996932f" executionId="27319b18-04ac-4f1b-8479-59890dd78b49" testListId="8c84fa94-04c1-424b-9868-57a2d4851a1d" />
    <TestEntry testId="9449f00c-512c-ef19-ba26-827b3f5e5e77" executionId="20343363-d6ab-4281-822b-5407c4874cda" testListId="8c84fa94-04c1-424b-9868-57a2d4851a1d" />
    <TestEntry testId="6d3165fe-ef76-51fa-7cb5-cf3133ba2208" executionId="6ba3e486-f15a-4e9e-bf33-52761f731b5d" testListId="8c84fa94-04c1-424b-9868-57a2d4851a1d" />
    <TestEntry testId="54006b51-74cf-919f-9055-33d73e0387da" executionId="e39a29cf-56f5-4ebd-9bf0-e9fff0583d2f" testListId="8c84fa94-04c1-424b-9868-57a2d4851a1d" />
    <TestEntry testId="5f277697-9ba3-42fe-12d5-2c3a1c702058" executionId="17f5fd15-a564-4f05-84cd-e092e2ff798f" testListId="8c84fa94-04c1-424b-9868-57a2d4851a1d" />
    <TestEntry testId="7131bd4c-a48a-0f0f-a536-716be4b4c07d" executionId="8c974a30-6ee4-4604-95b5-2b9caed65969" testListId="8c84fa94-04c1-424b-9868-57a2d4851a1d" />
    <TestEntry testId="37f31d97-5b40-966d-965c-c745c3bbe18d" executionId="d0cdd25e-920f-4653-931b-37f31300c343" testListId="8c84fa94-04c1-424b-9868-57a2d4851a1d" />
    <TestEntry testId="2de2e4d6-4459-63f5-b38b-2eb88e6fa7ef" executionId="55271c97-7c1b-4043-8d30-65a1896abd9e" testListId="8c84fa94-04c1-424b-9868-57a2d4851a1d" />
    <TestEntry testId="b661abc9-d54d-ec64-33a4-0b8da4c5dd2c" executionId="5cf52880-276a-44a3-994b-b56067492d46" testListId="8c84fa94-04c1-424b-9868-57a2d4851a1d" />
    <TestEntry testId="96d88660-fa27-0b03-95d2-e392503a0676" executionId="a2e74769-d225-46e8-ac08-f767b86fbb34" testListId="8c84fa94-04c1-424b-9868-57a2d4851a1d" />
    <TestEntry testId="30232215-9605-758f-218b-6973cdf75443" executionId="0f1ed8c1-f3cb-4aab-9f1d-0f0bc0be49a7" testListId="8c84fa94-04c1-424b-9868-57a2d4851a1d" />
    <TestEntry testId="e6fb7818-bcde-bda5-4f01-5c56f758bb4d" executionId="60241b39-f368-4346-8938-882e33a3bb76" testListId="8c84fa94-04c1-424b-9868-57a2d4851a1d" />
    <TestEntry testId="948369c7-c58d-8e86-2082-c80eeea7eb45" executionId="e2ba2afc-fcbe-4e47-b2c6-dd029e04f355" testListId="8c84fa94-04c1-424b-9868-57a2d4851a1d" />
    <TestEntry testId="6a2a09d1-d3a3-a6a0-0ebb-fdebcca00ca7" executionId="cdad0929-5bbb-443c-a473-513f27b3d1bd" testListId="8c84fa94-04c1-424b-9868-57a2d4851a1d" />
    <TestEntry testId="603f8525-3144-8c25-b1e8-b8f1a3e0e48f" executionId="28c82f86-b771-43e5-90b3-e5cada1b707a" testListId="8c84fa94-04c1-424b-9868-57a2d4851a1d" />
    <TestEntry testId="7fa16081-84e7-1fdf-3622-9e6b4788855d" executionId="ea3694ea-4f38-4c0c-b628-e5705ecceae6" testListId="8c84fa94-04c1-424b-9868-57a2d4851a1d" />
    <TestEntry testId="f6a5bda2-c147-228a-020e-2e2195b7bb3e" executionId="98a66a90-8dd6-4b5b-b729-dc5dbc73a5dc" testListId="8c84fa94-04c1-424b-9868-57a2d4851a1d" />
    <TestEntry testId="6cf8f1ab-79e0-b104-43f4-5bcaf7500c40" executionId="63307355-f03f-4c23-9323-a7fd7d76375b" testListId="8c84fa94-04c1-424b-9868-57a2d4851a1d" />
    <TestEntry testId="4feffd7b-626e-08da-dbea-4cc1906fcb20" executionId="6bc31b7e-ecf3-4faa-a45d-44e4cfa2319c" testListId="8c84fa94-04c1-424b-9868-57a2d4851a1d" />
    <TestEntry testId="f8434752-09ff-367e-b12e-9087c66c3112" executionId="d1796368-1b00-41c5-83b0-74e0a6da7f87" testListId="8c84fa94-04c1-424b-9868-57a2d4851a1d" />
    <TestEntry testId="a96cf2f3-8cc0-8f1d-6997-a590ed23663c" executionId="d88752cf-bf63-40d1-89e3-7f17814b1409" testListId="8c84fa94-04c1-424b-9868-57a2d4851a1d" />
    <TestEntry testId="b5db6218-7d9a-4454-662f-838bb9c69273" executionId="b47becdc-d772-469d-a07e-d9e91479c6e5" testListId="8c84fa94-04c1-424b-9868-57a2d4851a1d" />
    <TestEntry testId="45de5bf0-799e-e9ac-e6ad-442ec45fe9ff" executionId="3135752c-a825-4926-a946-3fa5850e99fb" testListId="8c84fa94-04c1-424b-9868-57a2d4851a1d" />
    <TestEntry testId="4df3c97f-6fe9-16b0-782c-7bf6f651cc86" executionId="6df40970-454b-42b5-9361-07475b48e12e" testListId="8c84fa94-04c1-424b-9868-57a2d4851a1d" />
    <TestEntry testId="4320b85a-4435-4737-0e2f-103c25e55f45" executionId="65b4d954-1ddf-4cdc-810b-0dc324f45bfd" testListId="8c84fa94-04c1-424b-9868-57a2d4851a1d" />
    <TestEntry testId="b6e11525-1394-0ce4-e5b1-86bcfcde79eb" executionId="08d25282-5a8e-4379-bdd4-6e8b2c28aa40" testListId="8c84fa94-04c1-424b-9868-57a2d4851a1d" />
    <TestEntry testId="6f08c510-2b8d-222e-300c-6a936274c5e2" executionId="1a962983-19c1-49b8-82b8-74184ebcb9d3" testListId="8c84fa94-04c1-424b-9868-57a2d4851a1d" />
    <TestEntry testId="3d789cb4-e72f-8ac2-587a-a099a3944d9c" executionId="89580820-e6b9-4634-816d-95e17d400b28" testListId="8c84fa94-04c1-424b-9868-57a2d4851a1d" />
    <TestEntry testId="6d9af053-3bd9-bf57-bea7-3d09670262f2" executionId="4478845f-6576-4520-8a9e-25ee59f0e1ff" testListId="8c84fa94-04c1-424b-9868-57a2d4851a1d" />
    <TestEntry testId="f30bd031-ed32-8395-a39c-d7b7d4504b3e" executionId="a7da184f-6776-4281-bd7f-9e0162d4fb9f" testListId="8c84fa94-04c1-424b-9868-57a2d4851a1d" />
    <TestEntry testId="667f95f7-a138-e56b-b527-9656ae93ea2e" executionId="2467650d-252a-4a2c-a159-26d6d2f5c203" testListId="8c84fa94-04c1-424b-9868-57a2d4851a1d" />
    <TestEntry testId="37bee28a-4420-ebfc-3e87-1a2608bc9e12" executionId="8fe447c4-e69d-4481-bddc-65b7cd64ed15" testListId="8c84fa94-04c1-424b-9868-57a2d4851a1d" />
    <TestEntry testId="86ca41b6-e8c6-0e30-5240-03725badd574" executionId="24d14f49-cd67-4f6b-ae87-16c7b49a702c" testListId="8c84fa94-04c1-424b-9868-57a2d4851a1d" />
    <TestEntry testId="3a82ade8-05b1-2bf2-c256-246aab742935" executionId="37db156e-6068-4ee0-ae88-e2dff566a855" testListId="8c84fa94-04c1-424b-9868-57a2d4851a1d" />
    <TestEntry testId="f82b3c01-843b-1720-5e4c-b874c066c798" executionId="63fcf5cf-3133-4655-8434-64a25eaf9af4" testListId="8c84fa94-04c1-424b-9868-57a2d4851a1d" />
    <TestEntry testId="8770a9fd-384a-90c2-5bf0-9f71af540491" executionId="e406c376-f20d-4f73-ba2a-0e2f03ec1adc" testListId="8c84fa94-04c1-424b-9868-57a2d4851a1d" />
    <TestEntry testId="945a8485-c53c-5030-db53-446e4438116a" executionId="e9a26de4-cd64-48b7-8770-8aa335000362" testListId="8c84fa94-04c1-424b-9868-57a2d4851a1d" />
    <TestEntry testId="aba7ba27-773c-3c24-b573-f8c89d863e7b" executionId="bb7ca318-4b28-4738-9def-cdcd4ffc8095" testListId="8c84fa94-04c1-424b-9868-57a2d4851a1d" />
    <TestEntry testId="99f14de9-db5e-6b19-7725-56ba43107949" executionId="7b10432e-7124-4157-a418-4717a389b85d" testListId="8c84fa94-04c1-424b-9868-57a2d4851a1d" />
    <TestEntry testId="c0c21968-008b-607a-f6da-fe95f1e4c129" executionId="0a646509-6a3d-4878-9d8f-a2d1ad9d98eb" testListId="8c84fa94-04c1-424b-9868-57a2d4851a1d" />
    <TestEntry testId="68ee8ecc-27e3-26e8-e9cc-237e78543d13" executionId="6a7f0b34-77a3-46e5-8781-e8389659cecc" testListId="8c84fa94-04c1-424b-9868-57a2d4851a1d" />
    <TestEntry testId="2a136ac0-e526-99b3-ffb5-c4d89373ebed" executionId="614fe3c2-48fd-42d6-97f4-12a0a275a36c" testListId="8c84fa94-04c1-424b-9868-57a2d4851a1d" />
    <TestEntry testId="e196ee69-5dbd-50ce-cf08-67c039e37245" executionId="7d91ddeb-adb6-48dd-95fc-85c71739d6f1" testListId="8c84fa94-04c1-424b-9868-57a2d4851a1d" />
    <TestEntry testId="faae4379-4939-5ac2-cbb7-2b46b6356448" executionId="6f6c2527-8931-4c22-9d0b-186f3fe73a75" testListId="8c84fa94-04c1-424b-9868-57a2d4851a1d" />
    <TestEntry testId="5737562e-b010-7592-f944-643c47d1e370" executionId="dabc125c-11bf-4226-9c2e-9d3502c797ad" testListId="8c84fa94-04c1-424b-9868-57a2d4851a1d" />
    <TestEntry testId="34aefb00-5dff-d85b-8b0e-6f3d80c3d90f" executionId="be4a737e-093f-4b18-b6cd-bb3a09ef9b47" testListId="8c84fa94-04c1-424b-9868-57a2d4851a1d" />
    <TestEntry testId="88caeabd-3152-30d7-f7c7-c7e5e15174de" executionId="ae8d6604-e476-47f4-809b-72210e477e7e" testListId="8c84fa94-04c1-424b-9868-57a2d4851a1d" />
    <TestEntry testId="4bc0ba2d-3a38-9479-b614-c90a204fb1cb" executionId="877b4955-ef7e-40fd-a115-50de4eea03d9" testListId="8c84fa94-04c1-424b-9868-57a2d4851a1d" />
    <TestEntry testId="f0b5abbc-a791-f517-a0e2-b574a8b9afa7" executionId="6b1c30a4-8e49-4076-84eb-0ae4d58e1516" testListId="8c84fa94-04c1-424b-9868-57a2d4851a1d" />
    <TestEntry testId="0a61a3ed-da07-5cd7-4de7-b31074fbc2a2" executionId="5ee2300d-082e-4d60-8798-b160b31af649" testListId="8c84fa94-04c1-424b-9868-57a2d4851a1d" />
    <TestEntry testId="9930c94c-5179-6c46-b31a-5b92171a0bdc" executionId="926b9ccd-d1f6-42da-8e1a-254af6e74eb2" testListId="8c84fa94-04c1-424b-9868-57a2d4851a1d" />
    <TestEntry testId="77d87379-c548-769d-e58e-1c57a8aec05f" executionId="314747c4-8c2a-4c97-a48c-9bff88952ad7" testListId="8c84fa94-04c1-424b-9868-57a2d4851a1d" />
    <TestEntry testId="fa1764ff-d686-2c34-f24c-31b16b244029" executionId="6261a518-506d-4d85-9bca-9535e466913f" testListId="8c84fa94-04c1-424b-9868-57a2d4851a1d" />
    <TestEntry testId="fbb9cc16-c127-2492-a3bd-17cea7b748d7" executionId="f75d21f1-df6d-445f-a4c8-6e94e9540c24" testListId="8c84fa94-04c1-424b-9868-57a2d4851a1d" />
    <TestEntry testId="d25eb223-284c-d96b-3c22-dcb6e1e6ba0b" executionId="ab9bfddd-c9fa-4115-997e-a872d5305b9a" testListId="8c84fa94-04c1-424b-9868-57a2d4851a1d" />
    <TestEntry testId="c2471f9f-ce39-a1d8-d803-9ee82ced1bbd" executionId="c2f133a7-12a5-485f-ad36-5429f6f19f3e" testListId="8c84fa94-04c1-424b-9868-57a2d4851a1d" />
    <TestEntry testId="88a86629-7b77-45db-0524-b216cab88008" executionId="e9d0fe65-4d38-4670-ad23-c2c821941297" testListId="8c84fa94-04c1-424b-9868-57a2d4851a1d" />
    <TestEntry testId="174a2cbc-a65c-0c82-9f0b-5fb63fe7f7e1" executionId="1fdc29b3-cc3c-445a-9b74-036cbfc47d07" testListId="8c84fa94-04c1-424b-9868-57a2d4851a1d" />
    <TestEntry testId="6231df44-767d-1ee1-a3ab-e3f4ddef1577" executionId="0f37a81f-0a59-446d-9a02-91107dfe343d" testListId="8c84fa94-04c1-424b-9868-57a2d4851a1d" />
    <TestEntry testId="4dc21c31-085f-4f2a-ebe6-6b6ed1fe80df" executionId="4e5ef266-16a4-4091-9313-6e5dee6e7372" testListId="8c84fa94-04c1-424b-9868-57a2d4851a1d" />
    <TestEntry testId="6ee5e64f-818a-e856-067d-9abaf9076562" executionId="bac1345a-5cc0-4ed3-a2e4-90942b677975" testListId="8c84fa94-04c1-424b-9868-57a2d4851a1d" />
    <TestEntry testId="5f4162bb-a67f-e693-874c-4ccaaf503550" executionId="2054d529-65db-412b-948b-ea861407e813" testListId="8c84fa94-04c1-424b-9868-57a2d4851a1d" />
    <TestEntry testId="f7b38d8d-a9f6-9739-707a-0e72c418b618" executionId="f3bd7846-5d47-4259-87a8-1a2582ed4a08" testListId="8c84fa94-04c1-424b-9868-57a2d4851a1d" />
    <TestEntry testId="eb1895a7-dce3-18d4-1552-2bc2adabc819" executionId="945bd1c6-bd24-42ba-99f3-7cb5483babd5" testListId="8c84fa94-04c1-424b-9868-57a2d4851a1d" />
    <TestEntry testId="d7327dbc-0e81-3101-15f7-1f992cd8ce40" executionId="ecceb86c-2bcd-4f0b-8d9f-b38d43ddfbcf" testListId="8c84fa94-04c1-424b-9868-57a2d4851a1d" />
    <TestEntry testId="cbc5d3ae-5829-1449-624c-6d92a4b75d75" executionId="4ae42134-3a2f-4f68-ad50-782c56302f25" testListId="8c84fa94-04c1-424b-9868-57a2d4851a1d" />
    <TestEntry testId="54e0e64a-bd4f-4c78-555f-89328570642d" executionId="6a8c3423-55d5-4deb-9131-26e202bec4d3" testListId="8c84fa94-04c1-424b-9868-57a2d4851a1d" />
    <TestEntry testId="1e5b9eed-6756-bfe2-beae-c795c0f5a3d9" executionId="d07d09cd-f563-41b0-948b-c6b916e0b17e" testListId="8c84fa94-04c1-424b-9868-57a2d4851a1d" />
    <TestEntry testId="4f16533c-aa45-d2a3-84ea-8d558b510b34" executionId="46d8b274-3c0e-414f-a137-c66917e8eec8" testListId="8c84fa94-04c1-424b-9868-57a2d4851a1d" />
    <TestEntry testId="55344598-4474-3408-ce19-b79d332cc895" executionId="fd4ab18d-a1ff-4c90-b5c3-da33090e82d3" testListId="8c84fa94-04c1-424b-9868-57a2d4851a1d" />
    <TestEntry testId="3df2cdf9-6c07-77da-d5f2-ef5a3fd3414e" executionId="411d400a-7a92-44fe-ae46-b9cc85c09056" testListId="8c84fa94-04c1-424b-9868-57a2d4851a1d" />
    <TestEntry testId="25a7aa31-3516-89a3-8712-f24a353d7b80" executionId="907f29ac-72d7-48af-934b-3df5f2375033" testListId="8c84fa94-04c1-424b-9868-57a2d4851a1d" />
    <TestEntry testId="c1a9e7eb-ecc5-ce89-139d-b03362a73509" executionId="8341e2ec-ace0-4fa8-944c-d8c81412d46f" testListId="8c84fa94-04c1-424b-9868-57a2d4851a1d" />
    <TestEntry testId="5a5a78a3-e79e-9b14-ef5c-9dc1f84f4192" executionId="fe9b342c-f1d1-4e1c-b887-8ebb7e9b93ff" testListId="8c84fa94-04c1-424b-9868-57a2d4851a1d" />
    <TestEntry testId="b5aa2381-514f-a1fe-f8d5-f31ff4006f78" executionId="fc89a4ea-e728-46f0-8e94-f7678673886b" testListId="8c84fa94-04c1-424b-9868-57a2d4851a1d" />
    <TestEntry testId="00f0ffee-2f7d-59ea-15f2-5477de376bbc" executionId="91bf8090-17ec-434e-9cd6-336e35cf9301" testListId="8c84fa94-04c1-424b-9868-57a2d4851a1d" />
    <TestEntry testId="ad837d44-9b5c-071d-fa95-e5ad060ec62c" executionId="43ca6278-b6e9-4234-a3dd-14d3ed572218" testListId="8c84fa94-04c1-424b-9868-57a2d4851a1d" />
    <TestEntry testId="7766f8ce-f377-231e-9254-7b738848aac2" executionId="c532be74-38c2-48da-ae72-f620bc792914" testListId="8c84fa94-04c1-424b-9868-57a2d4851a1d" />
    <TestEntry testId="95b2917f-8903-d3c4-4be8-e7d675d81589" executionId="5e1b14a6-0459-4abf-82e1-b523d85ebb7a" testListId="8c84fa94-04c1-424b-9868-57a2d4851a1d" />
    <TestEntry testId="759a99a3-aa52-dab5-9150-8688f0082cdb" executionId="42ce4ead-a72a-4d1b-bfce-1e6390e286a8" testListId="8c84fa94-04c1-424b-9868-57a2d4851a1d" />
    <TestEntry testId="dccfa276-d7e6-4890-1e38-5a8619fc37b8" executionId="9d271e4b-159f-4758-bc8f-00b0a386264a" testListId="8c84fa94-04c1-424b-9868-57a2d4851a1d" />
    <TestEntry testId="bca9d0f0-da47-1009-d0de-b368cc57866e" executionId="c7e064d0-468f-4357-8a72-914698dac1e0" testListId="8c84fa94-04c1-424b-9868-57a2d4851a1d" />
    <TestEntry testId="6cb7e43b-c955-ad66-eadc-cdbef90b4465" executionId="4aaf2fc7-1351-4ec3-9cca-12f495271390" testListId="8c84fa94-04c1-424b-9868-57a2d4851a1d" />
    <TestEntry testId="f77a8434-f2f1-f2d2-3783-3c5ddccd022d" executionId="0b63f1e3-ac38-43e1-860c-5c5554f994ee" testListId="8c84fa94-04c1-424b-9868-57a2d4851a1d" />
    <TestEntry testId="3712a7c3-ebf0-037b-eb57-d08eca9efa89" executionId="e8ed2068-97d9-4ffd-b74b-70eb2c450594" testListId="8c84fa94-04c1-424b-9868-57a2d4851a1d" />
    <TestEntry testId="43bff7e6-8f1d-cfd8-005e-df60f6d291da" executionId="a11097cd-d0af-424a-b35b-4607f0c70398" testListId="8c84fa94-04c1-424b-9868-57a2d4851a1d" />
    <TestEntry testId="0b584cb2-70dd-8a8b-6d8b-d4e534a4184e" executionId="bac0dd16-9b81-46ab-b971-8ee11b13ff09" testListId="8c84fa94-04c1-424b-9868-57a2d4851a1d" />
    <TestEntry testId="e3a9ad6d-5fe1-f552-f045-fabf6f14780e" executionId="94f43049-f9dc-487a-a68f-68b56140db2d" testListId="8c84fa94-04c1-424b-9868-57a2d4851a1d" />
    <TestEntry testId="01eecf91-dae5-de99-28f5-c76dacd2b631" executionId="b455a405-5fe8-4947-83e8-1999947e5b92" testListId="8c84fa94-04c1-424b-9868-57a2d4851a1d" />
    <TestEntry testId="d365dac6-46c7-d77d-e0e0-a33fd78ecad1" executionId="a602c529-9f15-4024-ad15-dee198f6b1bd" testListId="8c84fa94-04c1-424b-9868-57a2d4851a1d" />
    <TestEntry testId="4684285a-d78c-fe1a-d848-2840c845d413" executionId="28c3a84a-7ea7-49a1-b657-51219705f742" testListId="8c84fa94-04c1-424b-9868-57a2d4851a1d" />
    <TestEntry testId="e6854b7f-6f79-b10d-64bc-c7012d8bac08" executionId="a8906b1a-b7f6-49e3-be2a-cdf9d3d6535a" testListId="8c84fa94-04c1-424b-9868-57a2d4851a1d" />
    <TestEntry testId="c5002b32-f669-953e-deef-9ed81e41ce2b" executionId="b3eb9ffc-3b42-4799-b94f-9bb4d17ab898" testListId="8c84fa94-04c1-424b-9868-57a2d4851a1d" />
    <TestEntry testId="412e1369-0d1f-4b77-b3f7-471d77440365" executionId="60f112c6-9a47-4755-8983-dcab60c924e2" testListId="8c84fa94-04c1-424b-9868-57a2d4851a1d" />
    <TestEntry testId="bc86c1a3-0267-a8a6-b652-31a800b7b5ec" executionId="a61262ed-0ba8-4513-ae38-aae8ab276284" testListId="8c84fa94-04c1-424b-9868-57a2d4851a1d" />
    <TestEntry testId="d1d35dd5-03e9-cac6-9404-804268e8039f" executionId="6b6c99e8-7ede-4e5a-9f6e-5557100f54c4" testListId="8c84fa94-04c1-424b-9868-57a2d4851a1d" />
    <TestEntry testId="9b8d71c5-38dc-f745-6b33-a029f4e31da9" executionId="c04ca99d-e97d-441a-a85e-661c113d6dfe" testListId="8c84fa94-04c1-424b-9868-57a2d4851a1d" />
    <TestEntry testId="9e02db2a-9021-58e7-8ac2-e16c8a376b00" executionId="f22341e6-13e0-4301-bbd3-e772714260e0" testListId="8c84fa94-04c1-424b-9868-57a2d4851a1d" />
    <TestEntry testId="947ed668-50fe-12ae-2c54-dc8cb23a9ac8" executionId="67a46372-4198-4b8c-9185-8b9e32028e97" testListId="8c84fa94-04c1-424b-9868-57a2d4851a1d" />
    <TestEntry testId="6194f01f-c5e6-8127-c02a-e6293b4ed5b3" executionId="3604464b-7f51-4dd1-a07b-c19dd289aec9" testListId="8c84fa94-04c1-424b-9868-57a2d4851a1d" />
    <TestEntry testId="c26122ed-b497-e1bb-f911-1ff7d90702f2" executionId="efeced21-85d3-416a-9cd2-7110080aeb64" testListId="8c84fa94-04c1-424b-9868-57a2d4851a1d" />
    <TestEntry testId="cde03edb-fa1e-729d-0468-edb34682ef22" executionId="c01d9af9-70c9-4bfc-92f3-5bd5f922d1b7" testListId="8c84fa94-04c1-424b-9868-57a2d4851a1d" />
    <TestEntry testId="33050649-ff15-b2d4-9412-79fd949864f9" executionId="3e82455e-8bdd-476c-96da-ec8dcffc0584" testListId="8c84fa94-04c1-424b-9868-57a2d4851a1d" />
    <TestEntry testId="35c72424-e405-02bc-a4d5-1bc455556e49" executionId="59a83d65-5292-4089-84f1-56f0199af483" testListId="8c84fa94-04c1-424b-9868-57a2d4851a1d" />
    <TestEntry testId="c8498f69-bd88-881c-6034-e658a956530b" executionId="b78b466f-5390-44ce-bb7b-6283f3376674" testListId="8c84fa94-04c1-424b-9868-57a2d4851a1d" />
    <TestEntry testId="25a44c1b-8050-8de8-9a65-8a0f4005b56d" executionId="b250e301-e4d2-43a1-a934-e88718d272d6" testListId="8c84fa94-04c1-424b-9868-57a2d4851a1d" />
    <TestEntry testId="ba7fadc5-f48f-2624-9b84-9796262151a7" executionId="9e276a9c-5e0a-46df-8a9d-5ffcceb180c9" testListId="8c84fa94-04c1-424b-9868-57a2d4851a1d" />
    <TestEntry testId="86181c36-e074-eb81-7b71-5092747521aa" executionId="12247a3f-95d4-4271-a1a6-b7ad19d3ae29" testListId="8c84fa94-04c1-424b-9868-57a2d4851a1d" />
    <TestEntry testId="d6c9983a-6d1b-d013-8457-9fba2c0231a4" executionId="4cccef1f-30b3-46d0-8e56-dc9a3d1dd5c7" testListId="8c84fa94-04c1-424b-9868-57a2d4851a1d" />
    <TestEntry testId="7fd5ce76-5c6f-d2de-259a-c7e0e79a1b2a" executionId="3c6c0d2a-ebe0-450e-af39-8af38e4ba619" testListId="8c84fa94-04c1-424b-9868-57a2d4851a1d" />
    <TestEntry testId="74cff9da-b8b6-4236-4cb6-910924c80169" executionId="1b2b5204-574a-421a-adb3-ae1fc1e61313" testListId="8c84fa94-04c1-424b-9868-57a2d4851a1d" />
    <TestEntry testId="8bce5556-6a58-462f-c473-cdc49fd11336" executionId="0850f0f9-b976-4ebe-88d9-1da906c03b25" testListId="8c84fa94-04c1-424b-9868-57a2d4851a1d" />
    <TestEntry testId="ae7757b2-8603-9252-58a3-6786be2536d3" executionId="2718214b-a9e3-4bdf-b74f-25607aa2a462" testListId="8c84fa94-04c1-424b-9868-57a2d4851a1d" />
    <TestEntry testId="1adc1f59-994d-f40b-4c13-93213e0c58d8" executionId="b5e84e9b-cf13-40d7-8f44-a44d32270350" testListId="8c84fa94-04c1-424b-9868-57a2d4851a1d" />
    <TestEntry testId="92ff88e1-6513-fdca-b4a4-e8da67c017bd" executionId="8232ccbd-6cbf-4fdd-8304-5927eed3f48b" testListId="8c84fa94-04c1-424b-9868-57a2d4851a1d" />
    <TestEntry testId="bd87cf7b-2d41-5f5b-dcd9-91eec5d4fdfb" executionId="8e36abc0-c032-4a50-a9fc-cb1685389887" testListId="8c84fa94-04c1-424b-9868-57a2d4851a1d" />
    <TestEntry testId="fa5c1c94-63d0-1aa5-5a2e-901f12d238a2" executionId="d7c1ca67-4397-42ce-8bb4-00f77ea6cd58" testListId="8c84fa94-04c1-424b-9868-57a2d4851a1d" />
    <TestEntry testId="d6f3bddf-64c5-a7e7-0c8c-800de5d4aab5" executionId="c42449f0-5c76-43e8-9666-a0d140a7e6a0" testListId="8c84fa94-04c1-424b-9868-57a2d4851a1d" />
    <TestEntry testId="1b509383-81e5-854a-617c-4fba16ed3aca" executionId="65d3b9c3-f641-4bc7-8e8d-972844d95cec" testListId="8c84fa94-04c1-424b-9868-57a2d4851a1d" />
    <TestEntry testId="421ba4d9-0990-373f-4f5f-1011eda12e01" executionId="ec4c787b-2c94-4dfb-b73e-01499cece90f" testListId="8c84fa94-04c1-424b-9868-57a2d4851a1d" />
    <TestEntry testId="076a9955-f24c-af55-92d8-2f5bce32d274" executionId="ab10931b-4912-4331-b255-525b0a28384a" testListId="8c84fa94-04c1-424b-9868-57a2d4851a1d" />
    <TestEntry testId="83816c09-0e9d-c8fb-4664-e55ac8cf82da" executionId="263de0f6-009a-4859-8f39-25f04cfc9063" testListId="8c84fa94-04c1-424b-9868-57a2d4851a1d" />
    <TestEntry testId="6f82ed4c-d22c-8609-af83-1d006d1b67cc" executionId="27a937f6-570b-42a2-be07-42dbc1e6a763" testListId="8c84fa94-04c1-424b-9868-57a2d4851a1d" />
    <TestEntry testId="b66eef98-13d1-4ff0-6047-9434685fd210" executionId="cf77726b-702b-4d91-a72e-421f74f70543" testListId="8c84fa94-04c1-424b-9868-57a2d4851a1d" />
    <TestEntry testId="9f350ed9-744f-f89e-7a93-3e13d1dee64a" executionId="6d90db5f-43a9-4663-ae86-dfdad3ae9f81" testListId="8c84fa94-04c1-424b-9868-57a2d4851a1d" />
    <TestEntry testId="0d940bf3-42cd-0017-6a12-10e087786e31" executionId="bccb2853-455e-4f1c-a4bc-0a3782ee1c8a" testListId="8c84fa94-04c1-424b-9868-57a2d4851a1d" />
    <TestEntry testId="3910a0f3-9444-4348-8b2a-35bd6cfc5461" executionId="91801070-659f-457d-b3cf-01f5065a8028" testListId="8c84fa94-04c1-424b-9868-57a2d4851a1d" />
    <TestEntry testId="a9267348-c1a3-a4c2-4cb9-c5c09e790f58" executionId="3b84de4f-9ee8-4e05-a5f1-9ee969f9906c" testListId="8c84fa94-04c1-424b-9868-57a2d4851a1d" />
    <TestEntry testId="3d8ad023-4ba2-9150-a477-2fb32a10ee48" executionId="d11123ea-ffb5-4bd2-b5cb-dd2b35304547" testListId="8c84fa94-04c1-424b-9868-57a2d4851a1d" />
    <TestEntry testId="5abb62fc-0d61-e08b-5dcc-f4aec7e61420" executionId="ae44c252-8512-4483-a2b2-970330309358" testListId="8c84fa94-04c1-424b-9868-57a2d4851a1d" />
    <TestEntry testId="4a99c0c5-efb6-9150-d90b-3b85dba74328" executionId="ac3c7e68-f95b-444e-815b-885e84165867" testListId="8c84fa94-04c1-424b-9868-57a2d4851a1d" />
    <TestEntry testId="cb302a93-56c0-f91a-7b7d-69e44a8795b3" executionId="9bd3da8d-4b8f-4422-b995-bb7891e56c11" testListId="8c84fa94-04c1-424b-9868-57a2d4851a1d" />
    <TestEntry testId="f4169455-d1e3-d942-3512-8e1fbc2380e6" executionId="e9765870-6aa5-4078-bdac-099435d2c781" testListId="8c84fa94-04c1-424b-9868-57a2d4851a1d" />
    <TestEntry testId="2d8b2c47-4ccb-26a3-11e1-27fd507550aa" executionId="e80dcce9-8765-4565-8b96-7faa93ff0cea" testListId="8c84fa94-04c1-424b-9868-57a2d4851a1d" />
    <TestEntry testId="865432f4-e433-7004-befb-8a57458b1174" executionId="228a0d72-799d-4cbd-853b-9d9760353c58" testListId="8c84fa94-04c1-424b-9868-57a2d4851a1d" />
    <TestEntry testId="c7e4ab9c-0a48-f6fb-2339-3621b6949c88" executionId="23b1e9e9-b6d5-47f5-a2eb-fc8e6dc48f2b" testListId="8c84fa94-04c1-424b-9868-57a2d4851a1d" />
    <TestEntry testId="07cd48fb-0708-a866-bcbb-d809f442b9f2" executionId="7c4e5ac8-14f8-49e5-9f62-5f0fa30ab064" testListId="8c84fa94-04c1-424b-9868-57a2d4851a1d" />
    <TestEntry testId="96a21a63-5270-5813-43fd-0995a0cd521f" executionId="f6701716-c12d-4305-9635-4f99a5e3fc40" testListId="8c84fa94-04c1-424b-9868-57a2d4851a1d" />
    <TestEntry testId="45d155b8-7bc6-7104-39f4-8cecfc82a301" executionId="b8d97570-2f66-408e-9c83-ad95e0ce8a79" testListId="8c84fa94-04c1-424b-9868-57a2d4851a1d" />
    <TestEntry testId="8db2d6f8-14e6-60f9-84e5-c29c12eea5d2" executionId="2aa11a14-e078-4267-aa04-13c3964f22d8" testListId="8c84fa94-04c1-424b-9868-57a2d4851a1d" />
    <TestEntry testId="90a0338b-5576-97c6-8950-66bd8519cb8c" executionId="867920cc-3625-4fd2-8cde-a4e60344f590" testListId="8c84fa94-04c1-424b-9868-57a2d4851a1d" />
    <TestEntry testId="9d18a709-adfe-e7bf-1947-e1c3bcb5c364" executionId="63c457fd-5039-4272-a94b-c34118271d9e" testListId="8c84fa94-04c1-424b-9868-57a2d4851a1d" />
    <TestEntry testId="199491f6-2e7e-f5b5-114f-923de7e8b3aa" executionId="deff1ebc-0c46-4740-b763-c0476324035d" testListId="8c84fa94-04c1-424b-9868-57a2d4851a1d" />
    <TestEntry testId="7f2157e0-1274-b50b-89f0-6d6bacb5ab7e" executionId="84dd7449-3945-45a6-ac0d-5682972dafbc" testListId="8c84fa94-04c1-424b-9868-57a2d4851a1d" />
    <TestEntry testId="b46868fa-4134-71fa-6433-30b3656154e5" executionId="e8c27081-8eca-4a41-b87b-eef75303b6fe" testListId="8c84fa94-04c1-424b-9868-57a2d4851a1d" />
    <TestEntry testId="370ac391-9c12-e825-92dd-a29a853a19e2" executionId="16f81915-45ee-4a46-9c12-c0792d299917" testListId="8c84fa94-04c1-424b-9868-57a2d4851a1d" />
    <TestEntry testId="d1881464-e953-9a2e-0920-6601a5c59f27" executionId="5f4b3a8d-9e44-4299-bb45-c578f45cba73" testListId="8c84fa94-04c1-424b-9868-57a2d4851a1d" />
    <TestEntry testId="d7180d49-3062-9848-074f-65373e26e73d" executionId="032be23b-fb7a-42ae-9f05-4f9a2d0c7f89" testListId="8c84fa94-04c1-424b-9868-57a2d4851a1d" />
    <TestEntry testId="00823e08-cca9-ce3d-30b5-d8e00d662ecf" executionId="4a6c1656-3ef2-42e4-9f82-db9af14813ed" testListId="8c84fa94-04c1-424b-9868-57a2d4851a1d" />
    <TestEntry testId="bd3ae614-69b2-d6a8-5319-c70d59d760d8" executionId="693b8bce-4d54-412f-b700-c63132b99c9b" testListId="8c84fa94-04c1-424b-9868-57a2d4851a1d" />
    <TestEntry testId="4c160b0b-d56f-ad61-3740-8a1e4ec3b048" executionId="bfdb9aca-b2e5-4275-a5d6-1b377e649e94" testListId="8c84fa94-04c1-424b-9868-57a2d4851a1d" />
    <TestEntry testId="8873f8de-ccac-48f8-e221-4a26fb7be853" executionId="c624dad7-bbef-45ea-b1ac-20a4be496155" testListId="8c84fa94-04c1-424b-9868-57a2d4851a1d" />
    <TestEntry testId="88ca1950-ee5b-cc78-1400-0b337026138a" executionId="9a52ce1d-b17c-4092-aa0e-17c4970b4e63" testListId="8c84fa94-04c1-424b-9868-57a2d4851a1d" />
    <TestEntry testId="58d3a92f-fea6-7b99-c755-023b84a27dce" executionId="99261682-df86-4b03-84ec-5d583dab9acd" testListId="8c84fa94-04c1-424b-9868-57a2d4851a1d" />
    <TestEntry testId="a0c7c9d2-f524-a1be-b032-51d6482d45cb" executionId="b35d5ee5-b9b4-4947-8844-3aaf7a7de367" testListId="8c84fa94-04c1-424b-9868-57a2d4851a1d" />
    <TestEntry testId="64d3ae81-fb6f-7e6c-b7df-7b373ac8c752" executionId="c0f83d3d-cf64-422d-840b-cd6c64480c4d" testListId="8c84fa94-04c1-424b-9868-57a2d4851a1d" />
    <TestEntry testId="f006959a-89a5-9cdc-723d-5df08732ffbb" executionId="2cf07b6c-e7c5-4af8-94f3-a751716ae888" testListId="8c84fa94-04c1-424b-9868-57a2d4851a1d" />
    <TestEntry testId="9de8b005-e15d-3966-4490-e2c8ed5673ee" executionId="3b6866c5-4ce6-460f-be46-f9264efde1ed" testListId="8c84fa94-04c1-424b-9868-57a2d4851a1d" />
    <TestEntry testId="35db3489-1339-187f-3945-f37489cd9d75" executionId="60c2054d-8835-468f-a4d9-9b80341570dd" testListId="8c84fa94-04c1-424b-9868-57a2d4851a1d" />
    <TestEntry testId="088b8569-d809-64ca-99d9-252d18696b42" executionId="fee5a94c-937e-499a-bf89-dbd9ad3ead1f" testListId="8c84fa94-04c1-424b-9868-57a2d4851a1d" />
    <TestEntry testId="958b504b-2a83-54b2-1c2e-20f1f8cfdf26" executionId="eeab7286-4ac3-43ad-9490-c1ecaeb3941e" testListId="8c84fa94-04c1-424b-9868-57a2d4851a1d" />
    <TestEntry testId="3cfdf99c-5764-561c-7f5a-e67ddfdfa416" executionId="117ba26a-10fe-40e0-8fec-26cbeb27d440" testListId="8c84fa94-04c1-424b-9868-57a2d4851a1d" />
    <TestEntry testId="b83e402b-f8af-ea75-0997-bc5fac185019" executionId="fe301d53-74d9-40b0-af11-c7a3aeab3f1f" testListId="8c84fa94-04c1-424b-9868-57a2d4851a1d" />
    <TestEntry testId="10f8ce04-97e6-87e3-9327-132a63c98c19" executionId="960150de-9562-4869-ac0b-c47466a523c8" testListId="8c84fa94-04c1-424b-9868-57a2d4851a1d" />
    <TestEntry testId="d1314f02-8a72-8c28-be2f-2a47d260df56" executionId="e45b8c6f-b49f-4cb7-8e71-9bbfd4cf5723" testListId="8c84fa94-04c1-424b-9868-57a2d4851a1d" />
    <TestEntry testId="86e05743-b101-27c6-61bc-f81733f335a7" executionId="521d191b-1e5a-41ac-bda8-2e28c70f3436" testListId="8c84fa94-04c1-424b-9868-57a2d4851a1d" />
    <TestEntry testId="9629cec5-33fd-2323-0056-a297314cb714" executionId="8f6d622c-6d04-4597-9fb8-281fe3cc84a1" testListId="8c84fa94-04c1-424b-9868-57a2d4851a1d" />
    <TestEntry testId="f23f2aef-a707-1bec-e341-bd21ee59ed69" executionId="ae00e6a1-df35-4cac-8bc4-5a678ccc3aae" testListId="8c84fa94-04c1-424b-9868-57a2d4851a1d" />
    <TestEntry testId="c0bc4827-1b37-d872-95b9-37fd566dcf1e" executionId="95d8d07e-64c5-4fd7-907e-90a9e7a89329" testListId="8c84fa94-04c1-424b-9868-57a2d4851a1d" />
    <TestEntry testId="b4b26cf8-9bd2-4b2c-8f44-9a6498b9e021" executionId="53ceeda7-ec12-45b0-8995-5fec4f3e0762" testListId="8c84fa94-04c1-424b-9868-57a2d4851a1d" />
    <TestEntry testId="26a1ebb9-acb1-d5f4-805c-f3326933a717" executionId="f7cb7521-1d5b-4322-92da-c453d7c50a47" testListId="8c84fa94-04c1-424b-9868-57a2d4851a1d" />
    <TestEntry testId="230e6670-419c-e15b-6235-d733e081961a" executionId="5b9640b6-b099-4cf4-87cb-377df288ef51" testListId="8c84fa94-04c1-424b-9868-57a2d4851a1d" />
    <TestEntry testId="2fdce9e4-2939-3466-1488-2e601f327e29" executionId="61540d4e-a946-408d-be34-81c839b19c68" testListId="8c84fa94-04c1-424b-9868-57a2d4851a1d" />
    <TestEntry testId="58cfe46c-49db-945e-3de3-3d50b09f64db" executionId="eb557b80-c180-4a9b-9bef-26d433e17eea" testListId="8c84fa94-04c1-424b-9868-57a2d4851a1d" />
    <TestEntry testId="7b84a055-d3c3-9427-ee2e-8bd4b9279649" executionId="c10c6521-53f7-495a-bdb1-f8d818169f1f" testListId="8c84fa94-04c1-424b-9868-57a2d4851a1d" />
    <TestEntry testId="7d18e01f-fda1-45ea-1a90-ad48edda95a0" executionId="17f693ff-00c7-467a-bb76-5b9613d96f58" testListId="8c84fa94-04c1-424b-9868-57a2d4851a1d" />
    <TestEntry testId="701a8e58-b927-0a87-0ebc-e444f562f0dd" executionId="e9941d52-79fd-414d-bb5a-6e65522fcc5c" testListId="8c84fa94-04c1-424b-9868-57a2d4851a1d" />
    <TestEntry testId="2f7e5abc-6fc6-d2d9-1e35-1c5255f7e229" executionId="b40b3eb1-7da4-4492-83dd-4fc312ab7b51" testListId="8c84fa94-04c1-424b-9868-57a2d4851a1d" />
    <TestEntry testId="f3dde7f4-3c74-1a71-9023-58ab88cbc02e" executionId="09cdc275-f24b-4700-a02e-c39909c14387" testListId="8c84fa94-04c1-424b-9868-57a2d4851a1d" />
    <TestEntry testId="9108d512-f886-1116-60a8-fe8bddc5856e" executionId="1bf43ac8-e18a-4efc-a402-d92fdfdc34fc" testListId="8c84fa94-04c1-424b-9868-57a2d4851a1d" />
    <TestEntry testId="7587d28b-e41e-0fb1-4a88-3c131f9f0498" executionId="d6e8bb7b-5404-4d25-bb27-7d860c6347dc" testListId="8c84fa94-04c1-424b-9868-57a2d4851a1d" />
    <TestEntry testId="830f728c-a30f-897e-e925-b07241b974ae" executionId="2c5c9f48-cfec-49c8-b1eb-99aa155e415b" testListId="8c84fa94-04c1-424b-9868-57a2d4851a1d" />
    <TestEntry testId="d83ec912-7da5-53f6-df3f-f6133fa0cc7e" executionId="7da9e79f-e7a3-4bab-8f6b-0a972fe1bbe8" testListId="8c84fa94-04c1-424b-9868-57a2d4851a1d" />
    <TestEntry testId="cf0d5fd5-b9f7-6236-5bbf-5359cde7c9e4" executionId="5111ea41-7103-4651-b5ac-38872eeb019a" testListId="8c84fa94-04c1-424b-9868-57a2d4851a1d" />
    <TestEntry testId="4e6d7725-b42d-851c-183a-48e1203c982e" executionId="01915f72-0eee-42bf-9dfd-cb7d947c423e" testListId="8c84fa94-04c1-424b-9868-57a2d4851a1d" />
    <TestEntry testId="973958a0-ddda-ef61-3536-734320036212" executionId="11d12c08-51a8-4694-bf2a-c4cd904929a0" testListId="8c84fa94-04c1-424b-9868-57a2d4851a1d" />
    <TestEntry testId="ee8a10d7-08af-b545-d83c-dd0315b7bedd" executionId="74e4987c-5073-4906-85dd-5d1abff3f89d" testListId="8c84fa94-04c1-424b-9868-57a2d4851a1d" />
    <TestEntry testId="8ed7bd12-8938-6577-f557-679b7677fed2" executionId="a723b6ec-2700-4086-b2bb-ab457d35c3aa" testListId="8c84fa94-04c1-424b-9868-57a2d4851a1d" />
    <TestEntry testId="7226f096-c4ad-0255-dd48-6b6cf179b818" executionId="e77a6730-f70f-4892-9149-999cf0f18787" testListId="8c84fa94-04c1-424b-9868-57a2d4851a1d" />
    <TestEntry testId="11c81421-8aa7-575a-8034-3de76e90719e" executionId="57a8b1f5-16d4-4d76-b1dd-c32f2272c5cb" testListId="8c84fa94-04c1-424b-9868-57a2d4851a1d" />
    <TestEntry testId="9c124d0e-98c3-b6cb-a79d-9a142a4dace0" executionId="47343524-c1d9-4379-9376-08e6facebe4f" testListId="8c84fa94-04c1-424b-9868-57a2d4851a1d" />
    <TestEntry testId="5008f26d-fb96-8b27-b374-8fd0430000ef" executionId="925630f1-f52a-4122-aedf-2bfc99263d65" testListId="8c84fa94-04c1-424b-9868-57a2d4851a1d" />
    <TestEntry testId="566aed33-c1a4-179e-be1e-697dc3213926" executionId="3150885a-dd9c-49fa-88d8-47c9f3b16df5" testListId="8c84fa94-04c1-424b-9868-57a2d4851a1d" />
    <TestEntry testId="e7d51273-9093-1521-7934-bbea40dab723" executionId="25324cad-d11d-4c93-883a-e4c88882ed35" testListId="8c84fa94-04c1-424b-9868-57a2d4851a1d" />
    <TestEntry testId="53707680-0a72-81bf-c411-a9d3ca6f8403" executionId="c4db1854-80fe-4718-bcd2-0adbaf6f1bc6" testListId="8c84fa94-04c1-424b-9868-57a2d4851a1d" />
    <TestEntry testId="4ea86ad2-ea66-b783-5898-26d7a167ca18" executionId="bcf83720-72f2-4e7f-b7c8-e6832ceef645" testListId="8c84fa94-04c1-424b-9868-57a2d4851a1d" />
    <TestEntry testId="ceea69a3-cac2-7126-ea88-592af4159682" executionId="0f8cb70c-4c13-43f8-9e88-0efe18e33dbf" testListId="8c84fa94-04c1-424b-9868-57a2d4851a1d" />
    <TestEntry testId="8d26979e-f84c-e55f-5552-a55388e4fc4b" executionId="bcbc7654-d548-49e3-b9fc-919de6146bc2" testListId="8c84fa94-04c1-424b-9868-57a2d4851a1d" />
    <TestEntry testId="30675527-84fc-4f4f-9190-1700014453ce" executionId="4ebc8d1e-721e-4474-b40e-89f3e1efa220" testListId="8c84fa94-04c1-424b-9868-57a2d4851a1d" />
    <TestEntry testId="0519abc4-21ec-84af-fe7f-69cedcaa06e0" executionId="b6dace62-d69a-4802-93a6-d99ae8d34135" testListId="8c84fa94-04c1-424b-9868-57a2d4851a1d" />
    <TestEntry testId="a65617e9-248e-82d5-e71f-804f194e9310" executionId="3320eb5d-eb49-4164-aff0-749458290381" testListId="8c84fa94-04c1-424b-9868-57a2d4851a1d" />
    <TestEntry testId="eeadc429-05eb-2940-b45a-4a21eca4fbf4" executionId="78175613-26ae-4361-9915-243cb285c790" testListId="8c84fa94-04c1-424b-9868-57a2d4851a1d" />
    <TestEntry testId="e12f0657-5b3e-4b60-21dd-5408860200a9" executionId="192146d8-56ab-45df-ba32-ccf508dd1baa" testListId="8c84fa94-04c1-424b-9868-57a2d4851a1d" />
    <TestEntry testId="2dc0f0c9-6f90-11af-6e18-6f484f19e9bf" executionId="864d64c3-9c5b-4b35-9e29-f40428a338d4" testListId="8c84fa94-04c1-424b-9868-57a2d4851a1d" />
    <TestEntry testId="1623e6e9-1ac0-2935-ce6c-cf8a40b6165d" executionId="3fcbc2e6-af2c-49e0-b62d-f25f5c3c0025" testListId="8c84fa94-04c1-424b-9868-57a2d4851a1d" />
    <TestEntry testId="7058b43d-bd67-4bd4-9f7f-6daabb03e642" executionId="56b2320f-6c6a-4801-91ce-ac88aba0f383" testListId="8c84fa94-04c1-424b-9868-57a2d4851a1d" />
    <TestEntry testId="4c7ecf26-9558-7bb4-0605-4f9b3b1b64a3" executionId="029ab814-f431-4dfb-923f-512c40af6c23" testListId="8c84fa94-04c1-424b-9868-57a2d4851a1d" />
    <TestEntry testId="164550e9-3b59-936a-01f1-d66334fb8aec" executionId="f1a3ebc1-1e15-49f5-a6aa-1984e1b90324" testListId="8c84fa94-04c1-424b-9868-57a2d4851a1d" />
    <TestEntry testId="f639d686-f744-5cba-1e82-b60fbb7f76b7" executionId="608badf2-08a5-4526-a1e6-7c6b7cbd3022" testListId="8c84fa94-04c1-424b-9868-57a2d4851a1d" />
    <TestEntry testId="f74c8133-eb91-f4c0-e30f-3d2eed1f7ab6" executionId="5336515d-8215-4bdc-b3e7-7430a21f59fd" testListId="8c84fa94-04c1-424b-9868-57a2d4851a1d" />
    <TestEntry testId="3a80243f-c251-35f8-36e1-a377f21be188" executionId="f0d8cbd7-55e8-4ad9-ac5e-11cee8bc4ed6" testListId="8c84fa94-04c1-424b-9868-57a2d4851a1d" />
    <TestEntry testId="1a9f3807-58c4-6a5e-9d69-704a5c2f954d" executionId="e0e4c0ae-aee4-491c-9777-2c04654f25f4" testListId="8c84fa94-04c1-424b-9868-57a2d4851a1d" />
    <TestEntry testId="e048c85f-e945-46eb-e859-6ba4e720d6a2" executionId="95283a2d-8e69-47eb-a5f1-dc2af2308e2a" testListId="8c84fa94-04c1-424b-9868-57a2d4851a1d" />
    <TestEntry testId="c81039b9-4bff-07db-f581-130b0ce9c098" executionId="a78f6b2c-5245-4075-ac04-d58c7b704902" testListId="8c84fa94-04c1-424b-9868-57a2d4851a1d" />
    <TestEntry testId="6fe65c4a-cabf-c3c4-c43c-2eaba86b7dcf" executionId="c3735e9b-0c44-4f1f-afbd-167b3eb0ec1e" testListId="8c84fa94-04c1-424b-9868-57a2d4851a1d" />
    <TestEntry testId="386b167f-0e1b-f8b9-d988-a5bcb469c9e5" executionId="d9fc39fb-3a3b-468f-a8a2-13e5f30e350d" testListId="8c84fa94-04c1-424b-9868-57a2d4851a1d" />
    <TestEntry testId="0e28417b-435b-0e88-4f36-d8bc5e92f093" executionId="a9a5fb3f-a24a-4a09-8889-356f018ebfde" testListId="8c84fa94-04c1-424b-9868-57a2d4851a1d" />
    <TestEntry testId="39c3ca4e-c0ae-49e8-ea84-27f99f50815b" executionId="f80e9219-cdf2-4f97-b0fe-a79464819705" testListId="8c84fa94-04c1-424b-9868-57a2d4851a1d" />
    <TestEntry testId="239f3fb6-f202-2ca8-3f5b-11bd5da36d29" executionId="9d4c86ee-122a-43c6-b9f1-9a944f9cf0b7" testListId="8c84fa94-04c1-424b-9868-57a2d4851a1d" />
    <TestEntry testId="10f10726-da39-5d5b-0eae-67a2c419aa85" executionId="2660d381-c684-42c1-82f8-aba40a40e555" testListId="8c84fa94-04c1-424b-9868-57a2d4851a1d" />
    <TestEntry testId="437e0d6e-4148-f695-ce3b-9251d0b65969" executionId="f8fa7959-df93-4893-9dd9-9d822c7f1f97" testListId="8c84fa94-04c1-424b-9868-57a2d4851a1d" />
    <TestEntry testId="5bde0951-ad63-9f57-37ae-7a81f8a22879" executionId="6d4ad605-aa29-42fb-b768-898d4a3c06e1" testListId="8c84fa94-04c1-424b-9868-57a2d4851a1d" />
    <TestEntry testId="a1f1b8d4-d1ce-550f-ec2a-8175e154d2e1" executionId="e6a803cf-2002-4b0b-946b-331465a5b27b" testListId="8c84fa94-04c1-424b-9868-57a2d4851a1d" />
    <TestEntry testId="bbb52020-ae6c-5369-bef5-3501d9414b9c" executionId="7f61e2cf-2789-4976-8523-d14a03ac19d5" testListId="8c84fa94-04c1-424b-9868-57a2d4851a1d" />
    <TestEntry testId="1d209a1e-b87a-da98-3e0e-191d14be58ef" executionId="5da3ecec-a93b-44cf-9920-f55fc29f3129" testListId="8c84fa94-04c1-424b-9868-57a2d4851a1d" />
    <TestEntry testId="8e746c9b-8122-cdb5-5d5c-3baf8d4bb2ae" executionId="2624d83c-2ef1-428b-85db-54f44c916b7a" testListId="8c84fa94-04c1-424b-9868-57a2d4851a1d" />
    <TestEntry testId="eafa1820-719e-db1a-f7af-9fab5f36faf6" executionId="71fa06aa-acd1-4877-b57b-0eb64b720b3b" testListId="8c84fa94-04c1-424b-9868-57a2d4851a1d" />
    <TestEntry testId="ffc62fe7-bf10-ff76-8ea3-b36c986c00c3" executionId="3934d649-4167-46f8-bd7a-71b4d417492f" testListId="8c84fa94-04c1-424b-9868-57a2d4851a1d" />
    <TestEntry testId="b7f79a42-f4a3-fffa-976a-b092e7689160" executionId="4852830b-0710-423c-b166-11859976b81d" testListId="8c84fa94-04c1-424b-9868-57a2d4851a1d" />
    <TestEntry testId="795d8d7e-5b2a-6a08-4b8e-120c60d27dc9" executionId="cc775230-b423-4e2b-8d8f-cd04d566a352" testListId="8c84fa94-04c1-424b-9868-57a2d4851a1d" />
    <TestEntry testId="99cbfd81-006d-d10d-c366-eb79153f35c7" executionId="e78cb9f2-e769-4961-b21a-df0e8a1d46a2" testListId="8c84fa94-04c1-424b-9868-57a2d4851a1d" />
    <TestEntry testId="b7fa1093-480a-62ec-1c9e-923579d42db0" executionId="c597301d-76b1-409b-9e06-9b00659c8a86" testListId="8c84fa94-04c1-424b-9868-57a2d4851a1d" />
    <TestEntry testId="3ba75224-d37b-b317-404b-8e3fd3f7d624" executionId="c7dcbf27-055f-484b-99b0-bd5beb8550d4" testListId="8c84fa94-04c1-424b-9868-57a2d4851a1d" />
    <TestEntry testId="081141f2-d1f0-52d5-9d68-1fc5246c7d2a" executionId="31a3ed16-c959-4aaf-bca3-0e06e980d3c0" testListId="8c84fa94-04c1-424b-9868-57a2d4851a1d" />
    <TestEntry testId="fb2a4cdb-8129-5d66-bdd6-df0621c93bb8" executionId="6c5165a4-3538-4f18-b0c1-da191fe63c1a" testListId="8c84fa94-04c1-424b-9868-57a2d4851a1d" />
    <TestEntry testId="79cbd560-f1c0-9d7b-ce54-dff3fc84d9f5" executionId="20c02c51-e1e2-4364-8a19-1c20cb94d27f" testListId="8c84fa94-04c1-424b-9868-57a2d4851a1d" />
    <TestEntry testId="f6b1689f-d209-46d9-4927-cd638d03f972" executionId="4e2c2a02-bde8-4d28-8e61-10b1e1f03fbe" testListId="8c84fa94-04c1-424b-9868-57a2d4851a1d" />
    <TestEntry testId="b75d4a9b-2a90-4e52-ef3c-16d2f3071cc4" executionId="a6d52820-e6f2-49b6-90dd-d06bc0fa3c1a" testListId="8c84fa94-04c1-424b-9868-57a2d4851a1d" />
    <TestEntry testId="3ef80501-2e91-d0e7-82fd-20652fb2f7df" executionId="2a77b89e-fad5-4e48-aa71-90048ef76618" testListId="8c84fa94-04c1-424b-9868-57a2d4851a1d" />
    <TestEntry testId="19440ba8-0832-d404-fad2-6352246458f8" executionId="4373c590-500e-4954-9f27-a55b01387c8c" testListId="8c84fa94-04c1-424b-9868-57a2d4851a1d" />
    <TestEntry testId="7b7f0ce9-11c3-f692-16f3-ae029fc9ef4d" executionId="151a0f83-16a0-4715-812c-8e59673f2e0e" testListId="8c84fa94-04c1-424b-9868-57a2d4851a1d" />
    <TestEntry testId="be59ff57-d64f-c76c-1f79-f327a737c973" executionId="d9d1a1c5-7bf8-439e-93e4-7b2eac1ea77c" testListId="8c84fa94-04c1-424b-9868-57a2d4851a1d" />
    <TestEntry testId="3a83a41f-0fcb-508f-ae51-63eb08855d31" executionId="a0287414-cd76-4f51-80cb-5a17498ef9f7" testListId="8c84fa94-04c1-424b-9868-57a2d4851a1d" />
    <TestEntry testId="bdaa7f64-0350-dc40-74ab-7019dba304e2" executionId="0d39114c-2f35-4ba0-ab34-29e1438b8d04" testListId="8c84fa94-04c1-424b-9868-57a2d4851a1d" />
    <TestEntry testId="443efa92-fbca-7e68-eb3c-5ae76824a61b" executionId="813f1447-832e-4c47-82fc-7ae098bc1835" testListId="8c84fa94-04c1-424b-9868-57a2d4851a1d" />
    <TestEntry testId="4a920444-f68c-3abb-e52a-e3329e53e9f4" executionId="82b1e0ae-c310-4c3c-8a15-ef9ab09aa0cd" testListId="8c84fa94-04c1-424b-9868-57a2d4851a1d" />
    <TestEntry testId="470875f7-e089-85e7-8d23-490f4327870a" executionId="ba3be160-5f12-4aca-9c1e-873482bba7fe" testListId="8c84fa94-04c1-424b-9868-57a2d4851a1d" />
    <TestEntry testId="968148e7-2b0b-ddbe-55f4-e38ce75365d0" executionId="4602ae33-8bba-4fda-9d77-b9b06d5b5dff" testListId="8c84fa94-04c1-424b-9868-57a2d4851a1d" />
    <TestEntry testId="b11da73d-2016-50bd-d9ec-e164cb7545ef" executionId="ea2fbc0c-50e5-4151-a330-6a4932f941c3" testListId="8c84fa94-04c1-424b-9868-57a2d4851a1d" />
    <TestEntry testId="f350ac01-2508-7ca2-74f7-b12d4fbb811c" executionId="b661b8c9-5e17-435e-9652-e7415006292b" testListId="8c84fa94-04c1-424b-9868-57a2d4851a1d" />
    <TestEntry testId="17b4d046-34da-ef52-b033-96a4ee01538c" executionId="74ccb1af-51e4-4ee3-875e-56dba7a483d8" testListId="8c84fa94-04c1-424b-9868-57a2d4851a1d" />
    <TestEntry testId="82d1131b-2834-d889-fe15-70a8299f1805" executionId="9b6869ab-5b2e-4084-b6bf-b9339fc5486b" testListId="8c84fa94-04c1-424b-9868-57a2d4851a1d" />
    <TestEntry testId="b832fa55-3d97-2a0a-86e3-36d7d00e756a" executionId="bf48b121-5ec2-4a47-9717-6cd79399f6b3" testListId="8c84fa94-04c1-424b-9868-57a2d4851a1d" />
    <TestEntry testId="96179d14-bc40-2d4b-414c-e128de4c3a22" executionId="17b73f37-a284-43c2-808e-223662c6d478" testListId="8c84fa94-04c1-424b-9868-57a2d4851a1d" />
    <TestEntry testId="9104e701-048a-3580-5187-f11e370df821" executionId="58a72196-d6f6-411f-86cd-18310c6f0e2d" testListId="8c84fa94-04c1-424b-9868-57a2d4851a1d" />
    <TestEntry testId="dd5ac933-b470-e8b0-07ac-698f955eb5c9" executionId="320f6d7b-b3fa-4323-83e8-142c236c2ea9" testListId="8c84fa94-04c1-424b-9868-57a2d4851a1d" />
    <TestEntry testId="60fc40ad-6da2-285a-0bf0-9ee72e56d106" executionId="50d8a4de-bc57-4f9d-85e3-9364a4bc48c5" testListId="8c84fa94-04c1-424b-9868-57a2d4851a1d" />
    <TestEntry testId="d4d794f0-1b0e-ef7a-a7b9-8331928e8697" executionId="78c7173e-be51-4d89-8e51-5cfe9a6a041a" testListId="8c84fa94-04c1-424b-9868-57a2d4851a1d" />
    <TestEntry testId="a900c5ae-af96-11e9-9a1f-ef917b14ab4e" executionId="e32ea6b2-fefa-4471-ae8e-3548b1f7ce12" testListId="8c84fa94-04c1-424b-9868-57a2d4851a1d" />
    <TestEntry testId="a93179d8-caa5-6a6a-c2ef-f36e7ca78b67" executionId="5b209d2b-1baa-4912-a0f8-c63dce831d0d" testListId="8c84fa94-04c1-424b-9868-57a2d4851a1d" />
    <TestEntry testId="1b5addab-f239-e14a-41d8-2e5abd5f68f7" executionId="15e118a8-55cd-448e-a24a-873cd9d254de" testListId="8c84fa94-04c1-424b-9868-57a2d4851a1d" />
    <TestEntry testId="e85eb308-ddb4-6a20-ed73-44e503a1f19a" executionId="3dfce3b7-551a-49d1-8466-5c0a2045fdc3" testListId="8c84fa94-04c1-424b-9868-57a2d4851a1d" />
    <TestEntry testId="974b1447-5ef9-7dcd-5554-4e9a79a8751b" executionId="7db7b476-a8f3-4338-abb0-0aa8bd8df802" testListId="8c84fa94-04c1-424b-9868-57a2d4851a1d" />
    <TestEntry testId="38b459c7-e39d-d600-c156-2b124ca69f15" executionId="dc741dec-a859-4f79-8995-d6d88d13aa7c" testListId="8c84fa94-04c1-424b-9868-57a2d4851a1d" />
    <TestEntry testId="c20a3744-ddbf-8a54-b237-ee31dab45028" executionId="9e6f8b6d-6c19-48f0-a40e-82a6b62b0f33" testListId="8c84fa94-04c1-424b-9868-57a2d4851a1d" />
    <TestEntry testId="8ec4083a-c238-1f89-ef48-d5590122f0b1" executionId="2b70abed-228d-4f26-ae2c-9b841eb15835" testListId="8c84fa94-04c1-424b-9868-57a2d4851a1d" />
    <TestEntry testId="6035b86a-394b-eddd-5666-b2b71bf2a616" executionId="31fef837-5d8b-491b-ba5b-53ca2ddec6a6" testListId="8c84fa94-04c1-424b-9868-57a2d4851a1d" />
    <TestEntry testId="e7b6f8ba-1881-bfa9-bf47-3a454dd9fbe6" executionId="9ef49d6a-c721-41d0-81d7-2d58eb6daa10" testListId="8c84fa94-04c1-424b-9868-57a2d4851a1d" />
    <TestEntry testId="d027507a-becc-391b-5af6-3c3a39e014d6" executionId="5adc53ea-0926-4ecf-b058-0b9b5093ba86" testListId="8c84fa94-04c1-424b-9868-57a2d4851a1d" />
    <TestEntry testId="2d72e278-9335-1f74-be4c-a7b96b7f1c29" executionId="621ed12a-b67d-44ca-8202-47b3e08b8517" testListId="8c84fa94-04c1-424b-9868-57a2d4851a1d" />
    <TestEntry testId="0c1cd877-1d8b-b239-99c2-d1b8d3c6455f" executionId="bcec0b5f-0f26-4cdd-8f8d-3df4224c898c" testListId="8c84fa94-04c1-424b-9868-57a2d4851a1d" />
    <TestEntry testId="9e09a5e4-0152-96a7-0d26-d3fc51b2292f" executionId="d186a87b-b884-4044-86fc-91c17c9bca44" testListId="8c84fa94-04c1-424b-9868-57a2d4851a1d" />
    <TestEntry testId="7de6c8e6-718d-bc01-fc2e-bc4383f15d03" executionId="7b23f1ca-8a32-4e24-a4ba-9b21ae032165" testListId="8c84fa94-04c1-424b-9868-57a2d4851a1d" />
    <TestEntry testId="f34a31f0-1b65-81f2-c1bc-77fcd3b722dd" executionId="87dd8dd8-e366-4a15-940d-71bf93bee3e3" testListId="8c84fa94-04c1-424b-9868-57a2d4851a1d" />
    <TestEntry testId="d9d45d9a-607c-56ed-7ec6-bb94e9d84a9d" executionId="30073435-3604-4695-8f38-22a6c0687c45" testListId="8c84fa94-04c1-424b-9868-57a2d4851a1d" />
    <TestEntry testId="bcc0662c-b2bc-5cc5-ee67-5e1c42b1f275" executionId="f7424a26-9f09-44fa-be07-e21d88f506f9" testListId="8c84fa94-04c1-424b-9868-57a2d4851a1d" />
    <TestEntry testId="240bbfcd-30c2-2296-9746-2c3379d8d4c7" executionId="3914cfdf-9849-4d5a-a5c7-4a966e1cf4f9" testListId="8c84fa94-04c1-424b-9868-57a2d4851a1d" />
    <TestEntry testId="fa754ee4-6335-18f8-ad23-ad109cfac3e6" executionId="0a06cdb4-df9d-44fb-9953-fdd35c3c3868" testListId="8c84fa94-04c1-424b-9868-57a2d4851a1d" />
    <TestEntry testId="0fe58c99-ec1f-1dc6-44d0-d117d9df8bf6" executionId="18978e6d-e302-42ee-9e55-17baa06dcecd" testListId="8c84fa94-04c1-424b-9868-57a2d4851a1d" />
    <TestEntry testId="24f85852-d844-fe90-9f95-13f1e8e89aed" executionId="db899644-184d-455e-af12-2e7e6dbf5c90" testListId="8c84fa94-04c1-424b-9868-57a2d4851a1d" />
    <TestEntry testId="d12d558d-fd94-8eec-f076-ee96bd2761dd" executionId="8619bd14-f9ac-4786-8229-7783b4436b62" testListId="8c84fa94-04c1-424b-9868-57a2d4851a1d" />
    <TestEntry testId="9e73016f-4965-b81a-7732-b715fe9e895d" executionId="4ab242a9-effc-43ec-9b64-29181717bcea" testListId="8c84fa94-04c1-424b-9868-57a2d4851a1d" />
    <TestEntry testId="fc67c30f-18f9-155b-41c4-e969c5daff94" executionId="666b58ad-7c0c-492a-b98d-e7a0e6838469" testListId="8c84fa94-04c1-424b-9868-57a2d4851a1d" />
    <TestEntry testId="2e5420cf-b228-fc37-dc17-60b3cec7d062" executionId="e56464a4-7567-42cd-9742-36e78be9ab33" testListId="8c84fa94-04c1-424b-9868-57a2d4851a1d" />
    <TestEntry testId="f02d3313-6ca6-d406-6bed-fa18aed43bf9" executionId="39b1df84-4421-4f59-86b0-ae97c052a666" testListId="8c84fa94-04c1-424b-9868-57a2d4851a1d" />
    <TestEntry testId="7beb4139-a00e-f579-97af-ca94271f0a32" executionId="cdd3a50f-cd96-4574-985a-30fcf9758a34" testListId="8c84fa94-04c1-424b-9868-57a2d4851a1d" />
    <TestEntry testId="854c2e11-fc55-b59c-4fea-c253010a4719" executionId="64a3822e-53de-474c-ae25-193c8f91bdf7" testListId="8c84fa94-04c1-424b-9868-57a2d4851a1d" />
    <TestEntry testId="f61dd70b-8234-9807-059b-48baee7252f6" executionId="83f538af-370a-4e8f-aa22-bd13752297cc" testListId="8c84fa94-04c1-424b-9868-57a2d4851a1d" />
    <TestEntry testId="adf46003-b603-4b55-0ce1-dcddadc61ed5" executionId="b56cc29c-ef50-46f5-9f57-ec6ea046b732" testListId="8c84fa94-04c1-424b-9868-57a2d4851a1d" />
    <TestEntry testId="dd64cff4-2c99-9779-2b28-b48233dabe58" executionId="c7ce2835-c657-450e-89fb-9951fba11fdd" testListId="8c84fa94-04c1-424b-9868-57a2d4851a1d" />
    <TestEntry testId="6b235c0a-c45f-e548-9a16-4c53af6796e2" executionId="7d970c84-a37b-424c-a7d2-aa41ce1967f0" testListId="8c84fa94-04c1-424b-9868-57a2d4851a1d" />
    <TestEntry testId="81872351-39d7-9f52-5b39-c96360b33df7" executionId="8bb3d485-04cf-4359-81f3-4c721d9e5394" testListId="8c84fa94-04c1-424b-9868-57a2d4851a1d" />
    <TestEntry testId="69692e2d-0d9a-d982-6e2e-258889761355" executionId="0ac64ea1-8364-458b-8025-c118684a38bb" testListId="8c84fa94-04c1-424b-9868-57a2d4851a1d" />
    <TestEntry testId="adf32c4a-06d8-bff8-e2e7-e7b1d5969493" executionId="09b2d141-af05-418d-abbb-1abf8b7891e2" testListId="8c84fa94-04c1-424b-9868-57a2d4851a1d" />
    <TestEntry testId="ea18b0f3-1ad1-d70e-3980-50d668114a97" executionId="b0678787-4483-4086-8b2a-7ec0a6d68bdd" testListId="8c84fa94-04c1-424b-9868-57a2d4851a1d" />
    <TestEntry testId="abcbc1b6-086b-84f3-b930-8fb567c87ca9" executionId="e3b400c7-0d17-41ce-a95e-8814654539ec" testListId="8c84fa94-04c1-424b-9868-57a2d4851a1d" />
    <TestEntry testId="af479e99-0d4f-2044-20f6-4b3e4ff8fda6" executionId="bceb9eea-f3cb-469c-bc03-b9759c93c339" testListId="8c84fa94-04c1-424b-9868-57a2d4851a1d" />
    <TestEntry testId="910b19da-9613-6ca1-671f-e69c622df3fd" executionId="3967a6aa-6161-47bb-862b-619f0540b406" testListId="8c84fa94-04c1-424b-9868-57a2d4851a1d" />
    <TestEntry testId="64db2b15-80f7-dad0-9a14-8d996736dd24" executionId="22224637-cd26-4452-b377-ab9575f7a84c" testListId="8c84fa94-04c1-424b-9868-57a2d4851a1d" />
    <TestEntry testId="06c5b74e-ffdf-3efb-7486-8bfa5e2f92fd" executionId="362ce3ca-a31b-45e4-b8c2-6819aa010777" testListId="8c84fa94-04c1-424b-9868-57a2d4851a1d" />
    <TestEntry testId="6f635484-eb11-5d4c-db77-35c322a34f02" executionId="cb326ab2-504a-46ce-ab27-0d4c7d8851f6" testListId="8c84fa94-04c1-424b-9868-57a2d4851a1d" />
    <TestEntry testId="a4170a04-9005-a916-b3a1-fe984b50d4b8" executionId="48cf3ec4-ab46-4f34-8810-c7957a51812e" testListId="8c84fa94-04c1-424b-9868-57a2d4851a1d" />
    <TestEntry testId="aec21284-4d83-404b-08d2-199eac1e3ce9" executionId="38d878d0-4187-4c3f-a210-16c8b26f68b1" testListId="8c84fa94-04c1-424b-9868-57a2d4851a1d" />
    <TestEntry testId="ead0061b-81c9-2e88-24bf-b425750b9917" executionId="c599762a-6377-4882-ab0d-9ccd8fceffe7" testListId="8c84fa94-04c1-424b-9868-57a2d4851a1d" />
    <TestEntry testId="049790dd-f998-36b9-b7dc-8f068106e753" executionId="75b26ee6-8ab8-4f23-8d11-2958a8165e9c" testListId="8c84fa94-04c1-424b-9868-57a2d4851a1d" />
    <TestEntry testId="a66afaed-7160-66c3-49d5-715bcafc3c48" executionId="9b0c350a-1503-4c64-ad46-73d6354deb5f" testListId="8c84fa94-04c1-424b-9868-57a2d4851a1d" />
    <TestEntry testId="882cf9d2-270d-1015-6473-ce101fc96acd" executionId="d9ec401d-b1d5-4b39-8e81-685c2933eef3" testListId="8c84fa94-04c1-424b-9868-57a2d4851a1d" />
    <TestEntry testId="ebf8cab7-2122-6a02-01cc-bad3c20b356e" executionId="6ca04a32-6a7d-4c97-8a22-4c40ff0c6a18" testListId="8c84fa94-04c1-424b-9868-57a2d4851a1d" />
    <TestEntry testId="0f4c0f3c-0032-80fb-cd10-895257a23e53" executionId="9a3c9824-1171-45b6-9d1c-f1531948d814" testListId="8c84fa94-04c1-424b-9868-57a2d4851a1d" />
    <TestEntry testId="6267a3c9-9cca-c6c7-c0c7-a27a2153424c" executionId="82398ba8-fcd9-4be4-b5b6-706c9e079531" testListId="8c84fa94-04c1-424b-9868-57a2d4851a1d" />
    <TestEntry testId="4ec8f5b5-8446-53b9-e33c-98a82d07e2f0" executionId="48e6b0d1-f724-4960-9387-cad8e4539983" testListId="8c84fa94-04c1-424b-9868-57a2d4851a1d" />
    <TestEntry testId="d7beaece-8b3e-4275-a0c6-63a0f3fa23cb" executionId="916d384e-6fee-409a-b395-3a2c77c1f50e" testListId="8c84fa94-04c1-424b-9868-57a2d4851a1d" />
    <TestEntry testId="2de3e0be-cae8-52c1-cf93-7e0582b45b81" executionId="8a515430-53ea-446c-9d0c-84b4b2a7562f" testListId="8c84fa94-04c1-424b-9868-57a2d4851a1d" />
    <TestEntry testId="58158ded-f3a5-a9c3-7fd1-2b877e924eb7" executionId="e71309d3-3ba7-4e25-b925-0bd07f24e008" testListId="8c84fa94-04c1-424b-9868-57a2d4851a1d" />
    <TestEntry testId="322888f0-481d-eab5-3d30-f59a377b9395" executionId="8bbbd212-21bd-4c6f-8b25-69d94913bce0" testListId="8c84fa94-04c1-424b-9868-57a2d4851a1d" />
    <TestEntry testId="0028fb84-01ad-0a89-a87b-8b49d5e570d0" executionId="a9fc5f69-4e64-43c6-bcf5-ed7fc8c4ddf7" testListId="8c84fa94-04c1-424b-9868-57a2d4851a1d" />
    <TestEntry testId="031f4611-6c10-0ee0-1514-cd11518d746e" executionId="11a49002-f11a-4e8a-b39b-f6aa1443f33c" testListId="8c84fa94-04c1-424b-9868-57a2d4851a1d" />
    <TestEntry testId="17c36cf8-c30d-3bd8-48ea-2b46b6fe1593" executionId="40b8447f-d559-4eda-947c-c0739010b092" testListId="8c84fa94-04c1-424b-9868-57a2d4851a1d" />
    <TestEntry testId="70dd8c06-ebcb-65a9-e522-74d74a16ea56" executionId="b2a502b7-7827-46a4-ad20-95b288e80ab5" testListId="8c84fa94-04c1-424b-9868-57a2d4851a1d" />
    <TestEntry testId="4bcb3cba-7f1f-707b-2540-40f494c38e8a" executionId="23dd44fb-1563-45b7-876d-cea826a555e3" testListId="8c84fa94-04c1-424b-9868-57a2d4851a1d" />
    <TestEntry testId="7daac975-e406-d049-f190-9aff04e3550f" executionId="489533ed-d283-4803-bd47-d892758c29e3" testListId="8c84fa94-04c1-424b-9868-57a2d4851a1d" />
    <TestEntry testId="d7ed6c9f-5bcb-9fa6-c954-3410f9ef1fcb" executionId="a65f8a1d-867d-4b11-9b31-c9567f5a8bb6" testListId="8c84fa94-04c1-424b-9868-57a2d4851a1d" />
    <TestEntry testId="4fa3e925-cf8b-7887-0333-bde7232e835e" executionId="deb8c5ff-290b-4e2f-9694-bddf0bd5357b" testListId="8c84fa94-04c1-424b-9868-57a2d4851a1d" />
    <TestEntry testId="66d0d83e-9d9a-2c87-e4da-cffad12fb9c4" executionId="3645456e-d2c8-4e78-b7c2-b7b62dbefbc1" testListId="8c84fa94-04c1-424b-9868-57a2d4851a1d" />
    <TestEntry testId="3c52351b-e9fb-6999-c7d5-1a479e0d7784" executionId="f9f57a78-5968-4281-be0c-6e6385ca2712" testListId="8c84fa94-04c1-424b-9868-57a2d4851a1d" />
    <TestEntry testId="dc671206-8be9-309c-b962-69cf439b850a" executionId="1401deb2-e9da-419e-85e5-1654ff4ce6de" testListId="8c84fa94-04c1-424b-9868-57a2d4851a1d" />
    <TestEntry testId="9e0b2997-948c-a0ec-ac43-88fe5bc3c2bc" executionId="f79b56b4-5962-461c-b84b-da7490a95cc3" testListId="8c84fa94-04c1-424b-9868-57a2d4851a1d" />
    <TestEntry testId="1cadd6e5-ca94-cf2f-4768-3830ebdcb365" executionId="2965c88b-0990-46c1-a9bb-15ef95e889ac" testListId="8c84fa94-04c1-424b-9868-57a2d4851a1d" />
    <TestEntry testId="03e24d99-e42d-49a1-28a4-cea20f22b449" executionId="ac50b467-53fa-4b46-b990-f2c67b178e3c" testListId="8c84fa94-04c1-424b-9868-57a2d4851a1d" />
    <TestEntry testId="47f4a4c2-94d0-b4dd-21eb-df97252626cd" executionId="cc3fe01d-cfaa-4269-91e9-ba833a2e8920" testListId="8c84fa94-04c1-424b-9868-57a2d4851a1d" />
    <TestEntry testId="0243d090-4ec6-fffe-6d9a-3015145c0cbb" executionId="36d605a3-c6b3-478a-9fcb-3089d23ca0b9" testListId="8c84fa94-04c1-424b-9868-57a2d4851a1d" />
    <TestEntry testId="87486547-f783-c2c9-e172-f89317762964" executionId="e3671297-4eca-48f4-9914-715f7d208b7e" testListId="8c84fa94-04c1-424b-9868-57a2d4851a1d" />
    <TestEntry testId="47775cc6-3ac9-7aab-1917-7a77a2c74714" executionId="f0c3e9cf-6568-49dc-973e-67e3ff0d201f" testListId="8c84fa94-04c1-424b-9868-57a2d4851a1d" />
    <TestEntry testId="6e49f417-b943-432d-5126-4d25aa46d8e0" executionId="c4cd8bc7-f062-4fc6-b62a-9e4d1115999e" testListId="8c84fa94-04c1-424b-9868-57a2d4851a1d" />
    <TestEntry testId="8bae85d9-133a-7c4b-ad56-2f6684f111a8" executionId="c7d1afaf-a4c4-47a1-a901-aacaa9a0f352" testListId="8c84fa94-04c1-424b-9868-57a2d4851a1d" />
    <TestEntry testId="9d2b40f6-f9ea-916e-ac63-74483f20488d" executionId="f5b7b270-dbf5-46f9-98b2-2ff55905ece3" testListId="8c84fa94-04c1-424b-9868-57a2d4851a1d" />
    <TestEntry testId="02b01773-fa7c-7dc8-71b8-d2228b70421a" executionId="6d8a91d3-faec-40d0-b699-034f0ee41968" testListId="8c84fa94-04c1-424b-9868-57a2d4851a1d" />
    <TestEntry testId="b338dead-9aa7-3cc1-9f40-49db236d3077" executionId="55c6047d-5a28-44cd-8f68-48f90d9c9648" testListId="8c84fa94-04c1-424b-9868-57a2d4851a1d" />
    <TestEntry testId="8fc28766-192a-8566-bdd8-08553ebadee1" executionId="0e9418ad-4f92-419b-a81b-32a1a5f1a4f7" testListId="8c84fa94-04c1-424b-9868-57a2d4851a1d" />
    <TestEntry testId="e4b16ff7-6965-15c5-ad02-1809d1b11d6e" executionId="5a5b4a21-9753-4059-ad18-2a5ad0eda6e0" testListId="8c84fa94-04c1-424b-9868-57a2d4851a1d" />
    <TestEntry testId="0809062b-0278-3b81-b974-7a63da244f40" executionId="6837b257-c04f-4987-a2ae-07c8528f8ee9" testListId="8c84fa94-04c1-424b-9868-57a2d4851a1d" />
    <TestEntry testId="6813b3f7-b8f3-8dd3-4fa0-1fcd1ef38927" executionId="ebafd9ae-045d-4cae-abd7-5e66dcc85198" testListId="8c84fa94-04c1-424b-9868-57a2d4851a1d" />
    <TestEntry testId="dd61a709-c445-d833-ad16-8ad65336ed27" executionId="aa919ea4-5554-4d66-9ad1-c5fb3acb39b6" testListId="8c84fa94-04c1-424b-9868-57a2d4851a1d" />
    <TestEntry testId="08167004-c953-5cb5-3330-6fa8454f9322" executionId="728cc99a-cfa4-4bc6-9d0f-cf52acb3052b" testListId="8c84fa94-04c1-424b-9868-57a2d4851a1d" />
    <TestEntry testId="be64a507-9cbe-c3d4-1244-51e096dc45ef" executionId="d089cb59-a7b0-4f69-ab46-8b2bd560309f" testListId="8c84fa94-04c1-424b-9868-57a2d4851a1d" />
    <TestEntry testId="60629f22-4e3e-db60-9276-678c8c2417fd" executionId="797bbc18-258e-4652-a9c3-d817e7074267" testListId="8c84fa94-04c1-424b-9868-57a2d4851a1d" />
    <TestEntry testId="b878d5a2-938d-3c9b-0cef-4c0c65e5795a" executionId="2ab8d271-0e7e-410f-b768-f219387c9658" testListId="8c84fa94-04c1-424b-9868-57a2d4851a1d" />
    <TestEntry testId="f9abc840-1f1d-a89d-a8c3-125fe0a5f638" executionId="95002014-dcf1-4b56-a5d4-58cb41cd632d" testListId="8c84fa94-04c1-424b-9868-57a2d4851a1d" />
    <TestEntry testId="7a0fb384-03ef-63ed-f786-c1ba66d985c3" executionId="b8ddc362-48b3-4df8-9216-2977f29d385f" testListId="8c84fa94-04c1-424b-9868-57a2d4851a1d" />
    <TestEntry testId="0afab173-221b-bd5e-e7c1-60da3e1143c5" executionId="1e941866-9579-4e38-a395-8e9765cbfad4" testListId="8c84fa94-04c1-424b-9868-57a2d4851a1d" />
    <TestEntry testId="f7f0043e-3677-912c-5cce-7fa14415c281" executionId="da01ae3f-299e-4027-9241-5cd26cf5e7a5" testListId="8c84fa94-04c1-424b-9868-57a2d4851a1d" />
    <TestEntry testId="0e93f3cd-d6d2-0b53-8fa4-c62ff08f8286" executionId="066086ec-f88a-472d-8ef2-b42856e0251c" testListId="8c84fa94-04c1-424b-9868-57a2d4851a1d" />
    <TestEntry testId="ba238646-2cc2-f804-288d-23baf293138f" executionId="5991db97-7c5a-4f67-9479-6cf966d1b203" testListId="8c84fa94-04c1-424b-9868-57a2d4851a1d" />
    <TestEntry testId="f55a8146-0228-7a4a-1295-02dceacecf55" executionId="b55ca959-9c4c-4942-a9ea-cc3daa259ccd" testListId="8c84fa94-04c1-424b-9868-57a2d4851a1d" />
    <TestEntry testId="994d1ff2-245f-f3b7-a7dc-17dbde542978" executionId="320db86a-6dec-4b15-b712-ef3508d26000" testListId="8c84fa94-04c1-424b-9868-57a2d4851a1d" />
    <TestEntry testId="1611feb4-c9e0-7ecd-0832-20964279bfed" executionId="a627b971-403f-4d03-a0a5-5b8161401f45" testListId="8c84fa94-04c1-424b-9868-57a2d4851a1d" />
    <TestEntry testId="0f17ef61-1c3a-8db6-5d20-cdd3195e73be" executionId="ee98c907-912e-4352-8f15-15968a4e6d50" testListId="8c84fa94-04c1-424b-9868-57a2d4851a1d" />
    <TestEntry testId="4a00290b-eeac-138a-1990-188ec216d01c" executionId="972e97c8-c0be-4244-aa0c-f42f678f119a" testListId="8c84fa94-04c1-424b-9868-57a2d4851a1d" />
    <TestEntry testId="c1e1b4de-590a-9001-4249-1c7b46471a2e" executionId="2b2da39e-8539-46ce-aeb5-952a9aa6c66c" testListId="8c84fa94-04c1-424b-9868-57a2d4851a1d" />
    <TestEntry testId="b6eaebbb-61b1-3fe2-06be-7bb43ce0158c" executionId="6cae07d6-f3e9-4e18-a4be-c4975b2a6267" testListId="8c84fa94-04c1-424b-9868-57a2d4851a1d" />
    <TestEntry testId="4039eac9-ef8c-84d5-16cb-3a62bbf7bd3f" executionId="b3b590e1-fea2-423d-9bb9-dff1188fb8f0" testListId="8c84fa94-04c1-424b-9868-57a2d4851a1d" />
    <TestEntry testId="81c81dfa-89c2-ad8e-48ef-a47d3127c0c2" executionId="5c9b65a9-fa69-4087-a084-556199da0d04" testListId="8c84fa94-04c1-424b-9868-57a2d4851a1d" />
    <TestEntry testId="9376ac10-fd14-e58a-1c91-5b505485251b" executionId="f33c2296-f38a-42d9-8305-e7f07f7d3fa2" testListId="8c84fa94-04c1-424b-9868-57a2d4851a1d" />
    <TestEntry testId="68f45f20-0184-e8d1-1b2b-e641b72b862a" executionId="cbc86bce-b0b1-4409-98a7-3424931b5445" testListId="8c84fa94-04c1-424b-9868-57a2d4851a1d" />
    <TestEntry testId="21ca2cc8-5a75-6c82-6c0e-dc652ffdc399" executionId="43932689-521a-4d79-b702-216f47693f65" testListId="8c84fa94-04c1-424b-9868-57a2d4851a1d" />
    <TestEntry testId="857e0bff-96ed-9ef0-0b5e-a499980fb5a6" executionId="5557a9b4-d3f0-454c-bf71-7f8114b34c46" testListId="8c84fa94-04c1-424b-9868-57a2d4851a1d" />
    <TestEntry testId="c5ef2c38-6c57-afcf-4365-aec6c15410f9" executionId="697ba48b-df0b-4957-9937-9972d928eb08" testListId="8c84fa94-04c1-424b-9868-57a2d4851a1d" />
    <TestEntry testId="5f6a5680-95a6-e9a3-ce51-abf9b511824a" executionId="62f38762-6e3d-420f-bba8-d88a01924707" testListId="8c84fa94-04c1-424b-9868-57a2d4851a1d" />
    <TestEntry testId="6745fa9d-b2d3-5d5a-c76e-766bfd1246e4" executionId="1899da7c-d1dd-4045-b9bb-2ff4572bf59d" testListId="8c84fa94-04c1-424b-9868-57a2d4851a1d" />
    <TestEntry testId="3a48450a-2f88-660d-e4b3-f81882183585" executionId="d2fd4df0-431f-4ade-88d1-c37291a330ce" testListId="8c84fa94-04c1-424b-9868-57a2d4851a1d" />
    <TestEntry testId="b1fcd6ee-f334-2c8f-5238-94d5fbfef977" executionId="1ceebf69-1c5a-4901-a6b7-7280538e1f05" testListId="8c84fa94-04c1-424b-9868-57a2d4851a1d" />
    <TestEntry testId="63e44f80-e71d-685b-9f54-0f14029bf3c6" executionId="8e5797b6-82f3-495f-9ce5-5ea4b216b9e5" testListId="8c84fa94-04c1-424b-9868-57a2d4851a1d" />
    <TestEntry testId="d4c3de08-ba7a-f60f-cd01-a25b7bd50011" executionId="94558255-f4ce-4acb-bcd0-50c4a0ca5364" testListId="8c84fa94-04c1-424b-9868-57a2d4851a1d" />
    <TestEntry testId="0413487e-0655-20c2-4025-a432caa5e7ac" executionId="e7157363-644f-47d5-8b64-6073c2b8856f" testListId="8c84fa94-04c1-424b-9868-57a2d4851a1d" />
    <TestEntry testId="ebf053e7-60fb-ea1a-be50-b4f4da899556" executionId="adc63fcd-ac28-4fec-9c64-d8c32ead2529" testListId="8c84fa94-04c1-424b-9868-57a2d4851a1d" />
    <TestEntry testId="8ebc680b-d879-b8f9-150f-0d9c8a6756c2" executionId="0af1f33c-6214-4215-bc2f-0994a711ffd6" testListId="8c84fa94-04c1-424b-9868-57a2d4851a1d" />
    <TestEntry testId="5477285c-1502-5789-efa7-0d433afb2a99" executionId="c0ebac72-1811-4da2-b7a4-ea9b8c3d1581" testListId="8c84fa94-04c1-424b-9868-57a2d4851a1d" />
    <TestEntry testId="c5f2159c-8d8f-1acd-679c-de9e87f54dc3" executionId="a785d82a-5e15-4846-b6a1-ec47574da0d9" testListId="8c84fa94-04c1-424b-9868-57a2d4851a1d" />
    <TestEntry testId="81de5494-c35d-316b-2e1c-be423ad87364" executionId="6b3f8de0-3dbc-4f7a-b240-3dc51c06d14d" testListId="8c84fa94-04c1-424b-9868-57a2d4851a1d" />
    <TestEntry testId="f2de2db3-ba43-b1da-0def-3a8869fb77af" executionId="d9b21ded-03cb-4f3d-b12c-0d46832663d5" testListId="8c84fa94-04c1-424b-9868-57a2d4851a1d" />
    <TestEntry testId="668741d2-cd4d-6ff4-e28f-6a5ec11cde08" executionId="7b54fc98-a981-4551-8048-cdddc14110ab" testListId="8c84fa94-04c1-424b-9868-57a2d4851a1d" />
    <TestEntry testId="718d0a72-c13e-16a2-1086-0d0784cc9bf7" executionId="7b69ae50-5779-4d06-b1e3-02abd211b905" testListId="8c84fa94-04c1-424b-9868-57a2d4851a1d" />
    <TestEntry testId="8044b9bc-8959-e6fc-47fe-fa65a85e69fa" executionId="99407b58-9ab5-4817-97dc-6699d51441a1" testListId="8c84fa94-04c1-424b-9868-57a2d4851a1d" />
    <TestEntry testId="38620123-825a-1b10-b8f6-eb6c22018e6b" executionId="c86c5c06-9540-46b7-af35-b70951946e1a" testListId="8c84fa94-04c1-424b-9868-57a2d4851a1d" />
    <TestEntry testId="3848f3ea-e15e-e969-eb45-2906e30c4ba2" executionId="2d7deb82-92cc-4ece-bc7d-813a42f979c6" testListId="8c84fa94-04c1-424b-9868-57a2d4851a1d" />
    <TestEntry testId="d1f8ba9d-b8b9-ece7-578f-fed572ad5533" executionId="806cd913-43b0-4945-9d73-5bcdb9fd32d1" testListId="8c84fa94-04c1-424b-9868-57a2d4851a1d" />
    <TestEntry testId="c81bdce1-dc0c-5672-d961-ffe98c95f871" executionId="fac6551b-b55c-41dd-bf3b-7c90e685c540" testListId="8c84fa94-04c1-424b-9868-57a2d4851a1d" />
    <TestEntry testId="18420771-3c40-2f0b-7427-bd8657978937" executionId="f8ccf126-a916-40e3-9ed5-3d5ffadbe548" testListId="8c84fa94-04c1-424b-9868-57a2d4851a1d" />
    <TestEntry testId="97322cb3-4638-74c1-9778-2c514860c69b" executionId="8b336ef1-d6b4-4c1f-8804-e9f15a72e251" testListId="8c84fa94-04c1-424b-9868-57a2d4851a1d" />
    <TestEntry testId="ee664148-9144-ab75-0c9f-e6e6f52db375" executionId="01fddf50-0cca-40a2-8d89-08bd87407ee2" testListId="8c84fa94-04c1-424b-9868-57a2d4851a1d" />
    <TestEntry testId="94a1cedb-2045-9282-7cf8-8e1691fd081d" executionId="a008fa92-ebda-4ffc-8feb-82ce9c3eed6e" testListId="8c84fa94-04c1-424b-9868-57a2d4851a1d" />
    <TestEntry testId="561472f0-0e91-099a-e77e-6608ca9e2b53" executionId="eadadf90-d048-490a-a428-54f6461efb60" testListId="8c84fa94-04c1-424b-9868-57a2d4851a1d" />
    <TestEntry testId="8ef9108c-001c-68dd-a79c-6ab6015d2d48" executionId="c18db54c-998d-489b-a5a6-fc62caa997f0" testListId="8c84fa94-04c1-424b-9868-57a2d4851a1d" />
    <TestEntry testId="d97d8940-f7a1-ba7d-5418-242a72681540" executionId="1ddc344b-f668-4486-9fe5-775da55ccaf4" testListId="8c84fa94-04c1-424b-9868-57a2d4851a1d" />
    <TestEntry testId="daf6b4e6-be77-0717-f1ae-360af31c4fc0" executionId="82e1e6f6-9ecb-4a3c-8601-7a53337f260f" testListId="8c84fa94-04c1-424b-9868-57a2d4851a1d" />
    <TestEntry testId="17619aad-b6f5-93df-af7d-4d3b7e533c6e" executionId="303df68b-bbda-441f-a571-3d3c208cd553" testListId="8c84fa94-04c1-424b-9868-57a2d4851a1d" />
    <TestEntry testId="5befbb11-8abb-149f-4352-3e1d6fb870ec" executionId="b1bb2bde-3366-4d41-b33f-5210cfbeff73" testListId="8c84fa94-04c1-424b-9868-57a2d4851a1d" />
    <TestEntry testId="f3b753fc-a87e-3fe8-58af-81bbc01cb5df" executionId="b34800aa-51b5-459c-b3ee-fc728eb47fe5" testListId="8c84fa94-04c1-424b-9868-57a2d4851a1d" />
    <TestEntry testId="e67a39f1-cd5a-f9e6-4fbb-9ad69ead4293" executionId="1ed3a7f5-2c2f-4ccc-a8bd-09a37f270377" testListId="8c84fa94-04c1-424b-9868-57a2d4851a1d" />
    <TestEntry testId="0778397d-73b1-4ca8-2365-758e699d9f01" executionId="50e1be3b-04f2-401a-ac63-ad3634b46529" testListId="8c84fa94-04c1-424b-9868-57a2d4851a1d" />
    <TestEntry testId="0cd01c64-5f3c-ddd4-1535-70553916cc23" executionId="4fd55ce7-20a7-4ff1-94ef-cf00785f3e80" testListId="8c84fa94-04c1-424b-9868-57a2d4851a1d" />
    <TestEntry testId="9ff4b0c6-18bc-4620-6351-d7b5bd1c87e2" executionId="d1940dcb-02ee-42ad-bdaa-07fc675aa5a7" testListId="8c84fa94-04c1-424b-9868-57a2d4851a1d" />
    <TestEntry testId="383df813-bbdb-4995-f86b-dce30cb47e36" executionId="c5952962-108f-4486-afbe-1df0d63cbad9" testListId="8c84fa94-04c1-424b-9868-57a2d4851a1d" />
    <TestEntry testId="fa2c474f-46e7-9c3e-0c4e-96ccf1b7783a" executionId="f5eb465d-266b-419f-897a-4745d3768bc6" testListId="8c84fa94-04c1-424b-9868-57a2d4851a1d" />
    <TestEntry testId="86c62949-66b4-dc02-47cd-bab7ce0afb60" executionId="0a675b26-5220-4bb2-83b1-1c76b53be16b" testListId="8c84fa94-04c1-424b-9868-57a2d4851a1d" />
    <TestEntry testId="7cb036e9-0990-131c-e57f-09ea387733ca" executionId="599c13fb-3980-4fe4-bea3-d6e78d64305a" testListId="8c84fa94-04c1-424b-9868-57a2d4851a1d" />
    <TestEntry testId="ed150657-3062-358e-2e96-09f31a9c3228" executionId="6af96254-a9b3-46b9-9a55-4cbbe7ab2652" testListId="8c84fa94-04c1-424b-9868-57a2d4851a1d" />
    <TestEntry testId="1524f2a8-e306-6bb8-c5fe-a21cf6bcd240" executionId="aa64d9b8-bec7-46b0-b2d8-64d27b4f1fa7" testListId="8c84fa94-04c1-424b-9868-57a2d4851a1d" />
    <TestEntry testId="1bf4afb0-961f-d01f-638b-e235fae8883b" executionId="800e7698-7640-44d9-8f3c-e32e75f63901" testListId="8c84fa94-04c1-424b-9868-57a2d4851a1d" />
    <TestEntry testId="51baaa75-bf94-e777-8bbe-330c126008c9" executionId="244e54fd-d249-46ea-a160-fb0edb6e173b" testListId="8c84fa94-04c1-424b-9868-57a2d4851a1d" />
    <TestEntry testId="4f3055f6-2534-584e-e71e-117756734691" executionId="031bd131-495a-496f-b1de-ffd8956c569f" testListId="8c84fa94-04c1-424b-9868-57a2d4851a1d" />
    <TestEntry testId="4122c05c-2989-1749-f5bf-5002046ffebb" executionId="d89c7d1a-cfaf-4ec8-a30f-15ba5390fb1c" testListId="8c84fa94-04c1-424b-9868-57a2d4851a1d" />
    <TestEntry testId="1d2ad80e-709f-dc9c-73ad-1102704985a8" executionId="e015eb5d-0141-46bd-a59c-697311eb4c0a" testListId="8c84fa94-04c1-424b-9868-57a2d4851a1d" />
    <TestEntry testId="5035f9b0-84d5-fd4a-d86c-158f70ac5eda" executionId="6b490cf1-7c74-4adf-a8eb-9df2b8f68506" testListId="8c84fa94-04c1-424b-9868-57a2d4851a1d" />
    <TestEntry testId="02129da7-2564-a3fd-5b71-ccd2d609ac42" executionId="bac1bc5e-7b0d-41b1-93a5-af0412f9cb6f" testListId="8c84fa94-04c1-424b-9868-57a2d4851a1d" />
    <TestEntry testId="02fe2f9b-94bb-124d-6c21-5a1502a67e94" executionId="2e32f85e-46f7-49f7-bcee-ca0d91424a3a" testListId="8c84fa94-04c1-424b-9868-57a2d4851a1d" />
    <TestEntry testId="c305459d-3e27-6c38-124a-8e315a098596" executionId="ed79234e-0bc2-41d2-a875-b4c8f51237e4" testListId="8c84fa94-04c1-424b-9868-57a2d4851a1d" />
    <TestEntry testId="aaf59d18-5282-58e0-4300-9ca3c0844752" executionId="254ee8e3-3a2d-469c-a318-a09ed537aa6d" testListId="8c84fa94-04c1-424b-9868-57a2d4851a1d" />
    <TestEntry testId="edc38b60-9567-3e2f-9e58-92f602ba62a5" executionId="b3aa2126-a764-43a4-a981-875f246ccee1" testListId="8c84fa94-04c1-424b-9868-57a2d4851a1d" />
    <TestEntry testId="936a4820-dee7-7418-fe65-db5b6a47c6e9" executionId="6d576576-530f-49d4-8cd2-0d74ca221341" testListId="8c84fa94-04c1-424b-9868-57a2d4851a1d" />
    <TestEntry testId="9825f355-b5e7-0601-034d-3bfdf1ae7c09" executionId="5f9e7e89-b7d0-42e0-8050-98ebea30a1be" testListId="8c84fa94-04c1-424b-9868-57a2d4851a1d" />
    <TestEntry testId="d8852705-9a5a-671a-28e6-c1482406b8d8" executionId="ebb274c4-6cca-4607-9d79-ffc9fd3dee26" testListId="8c84fa94-04c1-424b-9868-57a2d4851a1d" />
    <TestEntry testId="e2fcb372-3ce7-39e8-dde9-92219259f333" executionId="ad0ebd71-b165-425f-977e-b76642333f7c" testListId="8c84fa94-04c1-424b-9868-57a2d4851a1d" />
    <TestEntry testId="fb5054a5-0813-d325-5d0d-e25ca0b52f5b" executionId="49946663-75bd-4f96-8235-0b0f8c36bf5f" testListId="8c84fa94-04c1-424b-9868-57a2d4851a1d" />
    <TestEntry testId="645528e2-40da-a3b6-7ce8-4b7c3e3825d5" executionId="94878930-346e-46dc-8b1e-1f21af40833c" testListId="8c84fa94-04c1-424b-9868-57a2d4851a1d" />
    <TestEntry testId="b70fe192-1695-16d4-7c61-36256390569c" executionId="390899a8-8505-46c1-84af-9e7366292cec" testListId="8c84fa94-04c1-424b-9868-57a2d4851a1d" />
    <TestEntry testId="9e9832ac-625e-5942-14f6-1ac04e25bb22" executionId="cb9c9290-580a-41d8-8789-44a194f7ba0e" testListId="8c84fa94-04c1-424b-9868-57a2d4851a1d" />
    <TestEntry testId="14a32241-5e94-0ce6-c8c3-c3e0dfa7a90e" executionId="330e6bfc-995c-4834-a5ad-a3004d578a49" testListId="8c84fa94-04c1-424b-9868-57a2d4851a1d" />
    <TestEntry testId="2bb979f9-ca5b-3153-722f-c99eea6aa974" executionId="0edf2518-dab7-4830-9b45-52df9693de35" testListId="8c84fa94-04c1-424b-9868-57a2d4851a1d" />
    <TestEntry testId="8d710c2c-914e-8ce4-d5ff-4106d92147ce" executionId="1ec71a56-5ec6-4f59-ba50-4a3e7b5a9509" testListId="8c84fa94-04c1-424b-9868-57a2d4851a1d" />
    <TestEntry testId="20988706-6f9a-5d52-6369-608ea43877be" executionId="5dd1be4f-dcd4-4f56-83ff-e3690637ed28" testListId="8c84fa94-04c1-424b-9868-57a2d4851a1d" />
    <TestEntry testId="56b419cc-467e-3d34-99b7-8da03c1873d6" executionId="86bb9725-b919-4ec2-bd6f-e1593002a4ae" testListId="8c84fa94-04c1-424b-9868-57a2d4851a1d" />
    <TestEntry testId="73cdad3f-a050-f089-281f-3c3b46f469e6" executionId="fcade92f-6b10-4d3d-9473-a7552cd34b9c" testListId="8c84fa94-04c1-424b-9868-57a2d4851a1d" />
    <TestEntry testId="b9ed03d3-29c0-cbec-9b91-34fc0a4831ba" executionId="502d711f-3a54-47d4-b287-f9ec8af31b55" testListId="8c84fa94-04c1-424b-9868-57a2d4851a1d" />
    <TestEntry testId="7da42efb-3bca-6f0f-add1-7b7a03e11808" executionId="ebb72bc3-2a8d-4bdd-ada4-6fc49a72f6a9" testListId="8c84fa94-04c1-424b-9868-57a2d4851a1d" />
    <TestEntry testId="3a32b3db-515e-bd34-94d4-fa489549a0d4" executionId="3a3f79f0-13a2-410c-8304-67cc7e9784fd" testListId="8c84fa94-04c1-424b-9868-57a2d4851a1d" />
    <TestEntry testId="af9be12a-f702-52d0-4e25-15dd53004247" executionId="39416c67-5492-410b-9357-97b0829e91d5" testListId="8c84fa94-04c1-424b-9868-57a2d4851a1d" />
    <TestEntry testId="5eed3030-76e1-2a66-fe04-1aeca5d20365" executionId="f27ddf1d-da0c-4d0b-b2ef-09f3c664b77c" testListId="8c84fa94-04c1-424b-9868-57a2d4851a1d" />
    <TestEntry testId="15059a8f-bdb4-b57e-f601-5d0021636754" executionId="c526f1ec-e01e-4231-bc4b-e45f0b6d0299" testListId="8c84fa94-04c1-424b-9868-57a2d4851a1d" />
    <TestEntry testId="f17bdeeb-2fb5-d738-1a7b-cc2584c9953a" executionId="a107bd45-e088-41cb-86d9-c2879f8648f6" testListId="8c84fa94-04c1-424b-9868-57a2d4851a1d" />
    <TestEntry testId="18ce4253-99a3-2d40-035c-d390139f61d8" executionId="7c5a3f75-76bd-4c32-a717-6f7babb6a696" testListId="8c84fa94-04c1-424b-9868-57a2d4851a1d" />
    <TestEntry testId="67f3043a-8634-5fff-450d-ffaa9627f2de" executionId="67747849-7e35-48d4-a78b-5cd25e5c7ea9" testListId="8c84fa94-04c1-424b-9868-57a2d4851a1d" />
    <TestEntry testId="5693cff7-7f84-bbae-5e2a-34f3e63ea80d" executionId="be342cc4-dc72-4219-b9b3-2fa01aeaf929" testListId="8c84fa94-04c1-424b-9868-57a2d4851a1d" />
    <TestEntry testId="f377092e-300a-3aa4-4cff-93fec4bd2c8c" executionId="f441c38c-4fc1-43e4-b69c-61c70a379eba" testListId="8c84fa94-04c1-424b-9868-57a2d4851a1d" />
    <TestEntry testId="b70eac5d-c92b-6a37-1dc9-8663243775db" executionId="676074ea-281a-4cbe-8029-92c83d91e868" testListId="8c84fa94-04c1-424b-9868-57a2d4851a1d" />
    <TestEntry testId="3975380f-9501-a4cf-48b1-45fa195e806b" executionId="340fd655-d9b3-470a-b2ba-efa04b3e1d61" testListId="8c84fa94-04c1-424b-9868-57a2d4851a1d" />
    <TestEntry testId="38aa4239-aa6d-02f3-d950-83295b66172c" executionId="d9ac37e0-482d-448a-8749-5695f5253756" testListId="8c84fa94-04c1-424b-9868-57a2d4851a1d" />
    <TestEntry testId="9b3637a5-0ac7-9abf-3434-dcb55983e669" executionId="3097f075-3431-4fda-bbea-d2cc67f54a30" testListId="8c84fa94-04c1-424b-9868-57a2d4851a1d" />
    <TestEntry testId="f5e63c97-f917-de8f-01bd-476794860761" executionId="552e5110-ae33-4693-aa77-40af2e9d0aeb" testListId="8c84fa94-04c1-424b-9868-57a2d4851a1d" />
    <TestEntry testId="b836d42a-3ac0-145f-4eb9-e7e029d7ce90" executionId="1a1e0491-8bf4-46e3-bba1-b66bcec5b917" testListId="8c84fa94-04c1-424b-9868-57a2d4851a1d" />
    <TestEntry testId="32520795-8b6d-1150-b21d-5239232dbffd" executionId="189abad8-0b6c-42d1-8cdc-53cd2640bed1" testListId="8c84fa94-04c1-424b-9868-57a2d4851a1d" />
    <TestEntry testId="7b6bd507-2c89-2620-9f91-cf3bef38ad85" executionId="594fe194-8e3f-4e71-a875-daea7e769c16" testListId="8c84fa94-04c1-424b-9868-57a2d4851a1d" />
    <TestEntry testId="69004bea-20b2-62dc-ad7c-7f2cf9934cd0" executionId="6093a65e-a629-404e-877e-9a567be7abc0" testListId="8c84fa94-04c1-424b-9868-57a2d4851a1d" />
    <TestEntry testId="24af7e81-cde3-226a-eb3f-726b9c92c9c1" executionId="edc9ebd4-4d0d-4202-9d66-e23dda0431ee" testListId="8c84fa94-04c1-424b-9868-57a2d4851a1d" />
    <TestEntry testId="46b38ea0-b955-6685-8a77-d43834a585d0" executionId="0b76551d-0c39-4699-9bc9-ae8d5e5308a3" testListId="8c84fa94-04c1-424b-9868-57a2d4851a1d" />
    <TestEntry testId="843a55ab-00a9-951c-7d58-882ca47f2e21" executionId="2cc1c106-27f9-49ad-80eb-15e9a5bff061" testListId="8c84fa94-04c1-424b-9868-57a2d4851a1d" />
    <TestEntry testId="e5adcbd1-6038-d960-f10a-e0eadfa43946" executionId="3ee5659b-f7b2-483e-add0-084e334e72cc" testListId="8c84fa94-04c1-424b-9868-57a2d4851a1d" />
    <TestEntry testId="1649cb82-dcf5-5e34-241c-3de0826d81c0" executionId="4bb74786-48af-4a12-81cc-0d69bf7ae7cb" testListId="8c84fa94-04c1-424b-9868-57a2d4851a1d" />
    <TestEntry testId="416809a2-7b2d-d210-0f7d-91d5963607a1" executionId="7b685ad4-f52d-4faa-94a1-9b5432407872" testListId="8c84fa94-04c1-424b-9868-57a2d4851a1d" />
    <TestEntry testId="218c1993-0218-0f33-1716-9ace8de00ffc" executionId="d5f128c6-da00-41bf-bdca-1d90ae7505ef" testListId="8c84fa94-04c1-424b-9868-57a2d4851a1d" />
    <TestEntry testId="39e28652-04ec-cd2a-9c71-82b2792bea14" executionId="68cdbe7d-6dea-45d7-8048-081ad9589e19" testListId="8c84fa94-04c1-424b-9868-57a2d4851a1d" />
    <TestEntry testId="4652ddc9-df14-d52e-b255-fa05a76f9c6e" executionId="9a823b87-e4fb-47da-9a84-5b9862a6163f" testListId="8c84fa94-04c1-424b-9868-57a2d4851a1d" />
    <TestEntry testId="e551e131-6d29-215c-47af-14f91061a57f" executionId="4ebd8dec-396a-4a6f-abcd-cf7ff16cc05b" testListId="8c84fa94-04c1-424b-9868-57a2d4851a1d" />
    <TestEntry testId="5be807f5-8dd9-e723-982b-c651fbc957c3" executionId="0b82cbaf-1dff-4ca8-8faa-fedf45a49e4f" testListId="8c84fa94-04c1-424b-9868-57a2d4851a1d" />
    <TestEntry testId="776d4ddc-711a-105f-dbf8-5878cb8d1a55" executionId="69891e41-8def-45be-a6c5-2a9e91fa1276" testListId="8c84fa94-04c1-424b-9868-57a2d4851a1d" />
    <TestEntry testId="08639bf9-c531-6580-662b-57e861308682" executionId="a8e710b4-10cd-48b9-8676-87a49ef34680" testListId="8c84fa94-04c1-424b-9868-57a2d4851a1d" />
    <TestEntry testId="836f2c08-2dfd-ae9d-9d3b-0f0b4470fea8" executionId="3e427b6d-f962-4243-bc1a-be749127ba62" testListId="8c84fa94-04c1-424b-9868-57a2d4851a1d" />
    <TestEntry testId="f5d74f65-f765-38f5-78e0-f979630f12f5" executionId="1cad49fd-571e-40a6-8127-febe27903bda" testListId="8c84fa94-04c1-424b-9868-57a2d4851a1d" />
    <TestEntry testId="82df0d54-4912-5c94-117a-92dc174f18af" executionId="886959a3-ce2a-4ba3-b3a0-179bb60af369" testListId="8c84fa94-04c1-424b-9868-57a2d4851a1d" />
    <TestEntry testId="6230c944-3a6b-6066-21f3-414ed94e8dd4" executionId="1cfd3a45-6b99-4a42-aa84-1a15fa2506a0" testListId="8c84fa94-04c1-424b-9868-57a2d4851a1d" />
    <TestEntry testId="b7884a83-a699-ea0e-a842-b61155210cd3" executionId="0e0220c2-cdbb-44f2-9ce4-1899c54fe980" testListId="8c84fa94-04c1-424b-9868-57a2d4851a1d" />
    <TestEntry testId="3b50a1f4-4adf-5501-ffdb-cddcd1275dba" executionId="a190c61b-bd4a-4f42-895b-31b6d4a3f7b0" testListId="8c84fa94-04c1-424b-9868-57a2d4851a1d" />
    <TestEntry testId="6dec2c4c-ba25-e8b6-eed7-1ceb4856f77f" executionId="54e9d622-23c0-4bfb-b562-786868fdac53" testListId="8c84fa94-04c1-424b-9868-57a2d4851a1d" />
    <TestEntry testId="b486ba41-7d1f-4bf8-fe94-2732c66d23e3" executionId="312bbead-97f6-4ef2-89fd-f45a5a6f76bc" testListId="8c84fa94-04c1-424b-9868-57a2d4851a1d" />
    <TestEntry testId="1e9eb98d-d86b-8aa3-9beb-56c6c611f173" executionId="2dc30a9b-565c-4a62-9609-03eef22d9b6e" testListId="8c84fa94-04c1-424b-9868-57a2d4851a1d" />
    <TestEntry testId="68f9f0d5-1ffb-eb14-ca8b-d7d0d56ea79f" executionId="87b1eba0-be53-4f92-b572-028f850f5e74" testListId="8c84fa94-04c1-424b-9868-57a2d4851a1d" />
    <TestEntry testId="a8737418-50f3-d097-0c29-7de5b76539f2" executionId="fcf4949d-74ee-4bcf-b17c-6d4325af0031" testListId="8c84fa94-04c1-424b-9868-57a2d4851a1d" />
    <TestEntry testId="aad9d53c-1391-76d3-b8d0-7e6f74fd3dc1" executionId="db97ed21-ca0f-4b9d-9c72-bb5d4823ec26" testListId="8c84fa94-04c1-424b-9868-57a2d4851a1d" />
    <TestEntry testId="d9e91a06-f624-0848-346f-faa448dfa384" executionId="c6dde18a-df46-4dcf-80cc-a067ca076eee" testListId="8c84fa94-04c1-424b-9868-57a2d4851a1d" />
    <TestEntry testId="b53ed772-4d87-287e-f364-7ed109a1f20f" executionId="f361a22d-0b20-4bd5-ae93-cd72b2fc25ef" testListId="8c84fa94-04c1-424b-9868-57a2d4851a1d" />
    <TestEntry testId="9935e1cc-a695-1f8c-6656-b65b61ea86ea" executionId="09de60ce-c905-4b1b-a213-f879823fdbf9" testListId="8c84fa94-04c1-424b-9868-57a2d4851a1d" />
    <TestEntry testId="2352f53f-4f84-b6fd-7a83-d186551e0277" executionId="846ac998-6ba4-4196-a2f9-c717121d174a" testListId="8c84fa94-04c1-424b-9868-57a2d4851a1d" />
    <TestEntry testId="4f923c5e-c28b-f928-e3ed-8138487aa135" executionId="12d7d37b-6b0a-48ce-916e-130ca3ca8369" testListId="8c84fa94-04c1-424b-9868-57a2d4851a1d" />
    <TestEntry testId="f8f3c42b-b5c9-1248-dc75-6642cf1b9238" executionId="e1979a11-774a-451b-8da8-92cdb10c82d2" testListId="8c84fa94-04c1-424b-9868-57a2d4851a1d" />
    <TestEntry testId="f7087ed5-42d4-57cd-47b2-109b4021a31e" executionId="c39cde62-1284-460f-90fa-68178556d4cd" testListId="8c84fa94-04c1-424b-9868-57a2d4851a1d" />
    <TestEntry testId="2b5873d0-0aa5-9a89-92fb-4c692765db30" executionId="d1672da8-994f-454c-986d-dd6a3ebf57dc" testListId="8c84fa94-04c1-424b-9868-57a2d4851a1d" />
    <TestEntry testId="52b3cea5-cf84-bd90-b8b2-b51ecaf432fe" executionId="bb658c09-56e5-41eb-9257-09e2f7d53280" testListId="8c84fa94-04c1-424b-9868-57a2d4851a1d" />
    <TestEntry testId="5bff06c5-fde9-c2b5-99eb-cd5ccd84aef9" executionId="eb052f16-c6a7-4fc0-9cd7-5460feb3558d" testListId="8c84fa94-04c1-424b-9868-57a2d4851a1d" />
    <TestEntry testId="5c4b079a-a305-7bf2-f908-f3cf8ebb6734" executionId="e49cb21b-36bd-4bf7-b6b3-f6d92ccedf52" testListId="8c84fa94-04c1-424b-9868-57a2d4851a1d" />
    <TestEntry testId="99229951-7814-f0ae-2d79-fcdfbb6094a4" executionId="b15bc154-1c26-429a-a8fd-4471cd166fa8" testListId="8c84fa94-04c1-424b-9868-57a2d4851a1d" />
    <TestEntry testId="0464fe04-123d-b0a6-fc7d-8710fecf4204" executionId="14202739-9856-4279-ad81-7794cb0daac4" testListId="8c84fa94-04c1-424b-9868-57a2d4851a1d" />
    <TestEntry testId="0f58601a-65b4-76cc-b92f-8bc4ff800416" executionId="979cf86b-1fa8-4ff5-8bb1-06e0f91da577" testListId="8c84fa94-04c1-424b-9868-57a2d4851a1d" />
    <TestEntry testId="60c352d6-4545-7c40-9e1f-180bc2651aba" executionId="8679a7a4-9ad1-40fc-b1e3-9cb630fac9ef" testListId="8c84fa94-04c1-424b-9868-57a2d4851a1d" />
    <TestEntry testId="a8a9c030-d796-26d7-170f-dbfadfbc49ca" executionId="9362ccfa-28cb-42d4-a096-382274bcf402" testListId="8c84fa94-04c1-424b-9868-57a2d4851a1d" />
    <TestEntry testId="37043cf7-1aee-38a4-1564-1da51315d469" executionId="06722c2f-0643-4012-9f44-d57c61d34682" testListId="8c84fa94-04c1-424b-9868-57a2d4851a1d" />
    <TestEntry testId="6be0a5ed-292e-4cf1-8c7d-e3519b69a011" executionId="490c7740-ceb2-4c25-bb1e-e495152caa78" testListId="8c84fa94-04c1-424b-9868-57a2d4851a1d" />
    <TestEntry testId="4e9d257c-fc57-734a-4313-35a6f23c9ff7" executionId="1fd2d2bd-eee8-4501-afeb-e65dd9cbcf29" testListId="8c84fa94-04c1-424b-9868-57a2d4851a1d" />
    <TestEntry testId="b19923d0-bb2d-dc42-0047-5defaf6f4e27" executionId="d006d721-0695-46c3-acf1-a2a8d141ee16" testListId="8c84fa94-04c1-424b-9868-57a2d4851a1d" />
    <TestEntry testId="371ed3e7-f281-d637-7ed6-6d2e165a2d80" executionId="d4ae835a-58ee-4485-8d5b-884094b4d1f4" testListId="8c84fa94-04c1-424b-9868-57a2d4851a1d" />
    <TestEntry testId="9c037589-52ac-45f6-aca9-9c4338053352" executionId="30a9f876-91a2-4973-a9e5-70828afecf48" testListId="8c84fa94-04c1-424b-9868-57a2d4851a1d" />
    <TestEntry testId="8abb1709-3b90-39ce-9f33-e3bcbffe3f6e" executionId="a92dd921-9021-4f39-ab57-019b67146208" testListId="8c84fa94-04c1-424b-9868-57a2d4851a1d" />
    <TestEntry testId="9f9e8691-504d-2796-3137-a146d82e7586" executionId="336e208c-e6d5-4862-b6e8-326fe9c0b878" testListId="8c84fa94-04c1-424b-9868-57a2d4851a1d" />
    <TestEntry testId="d74d8cea-7b5d-c6ba-7fee-73c4644ccaab" executionId="cb95f8c0-fd74-45ac-a36a-3eaa355ca792" testListId="8c84fa94-04c1-424b-9868-57a2d4851a1d" />
    <TestEntry testId="627f5fd5-feb3-0b09-e13c-a2081ad96b14" executionId="129cb87c-2f44-4181-979f-ea30fdec5b5d" testListId="8c84fa94-04c1-424b-9868-57a2d4851a1d" />
    <TestEntry testId="651425b0-1fcd-072b-c5bc-dff4ae47e8b2" executionId="1bbe4c0d-4bdf-4039-93de-70567d836497" testListId="8c84fa94-04c1-424b-9868-57a2d4851a1d" />
    <TestEntry testId="a06acb67-9665-e4c5-2626-ca6b11b480cc" executionId="1253c605-8c7a-494c-bd78-ef8f1b340f5f" testListId="8c84fa94-04c1-424b-9868-57a2d4851a1d" />
    <TestEntry testId="9ecebe1a-d64f-a9ce-ebf9-f65e3d051caf" executionId="a3a1052c-2293-43c9-b906-d120acaca1e6" testListId="8c84fa94-04c1-424b-9868-57a2d4851a1d" />
    <TestEntry testId="b06ba365-166a-406b-8187-79b49efb2b50" executionId="78cae84c-9a4f-494a-8886-84a9b8280409" testListId="8c84fa94-04c1-424b-9868-57a2d4851a1d" />
    <TestEntry testId="155713e7-3918-2fc8-9853-a648eb8f7a52" executionId="23d296f2-0b5b-44b9-9a3a-0f10e4b41b79" testListId="8c84fa94-04c1-424b-9868-57a2d4851a1d" />
    <TestEntry testId="df73b972-cba0-8798-33f1-29d4f1cf6b22" executionId="f2cfcc0a-5a4a-4ec8-9a95-85a813d5e7ac" testListId="8c84fa94-04c1-424b-9868-57a2d4851a1d" />
    <TestEntry testId="09c72b3b-1776-b2e2-797d-927aae6e376b" executionId="6742e788-6306-4cb9-9a69-c6b60e207263" testListId="8c84fa94-04c1-424b-9868-57a2d4851a1d" />
    <TestEntry testId="ccb6f917-0afc-c8e9-2e0a-1c6bbace4176" executionId="1d2d58d0-4b62-4ae9-aeae-b7668efcb3f6" testListId="8c84fa94-04c1-424b-9868-57a2d4851a1d" />
    <TestEntry testId="74e8dcd7-fd59-c2bb-2e03-2b5e49692534" executionId="4f16852f-d658-4af1-a173-341b70e42182" testListId="8c84fa94-04c1-424b-9868-57a2d4851a1d" />
    <TestEntry testId="b3d05fdf-5953-b0c7-4a90-ae01a8a66d01" executionId="1af1739b-7aec-4bd1-87a7-27942521a183" testListId="8c84fa94-04c1-424b-9868-57a2d4851a1d" />
    <TestEntry testId="42e86ef4-16ce-4f38-30e5-76cabb02c6bf" executionId="9f4efa0c-7a78-487a-aa5b-d1ed145cb16d" testListId="8c84fa94-04c1-424b-9868-57a2d4851a1d" />
    <TestEntry testId="7def2c2d-172e-b661-4ea7-aff41992a36f" executionId="09425264-2227-4498-af47-82eebe89715e" testListId="8c84fa94-04c1-424b-9868-57a2d4851a1d" />
    <TestEntry testId="6c9fe93a-bff8-ffc6-9145-785d1af40ee3" executionId="3c2914c4-b625-4f32-bd5c-7044b9dae15e" testListId="8c84fa94-04c1-424b-9868-57a2d4851a1d" />
    <TestEntry testId="0b6c6303-ad7e-9e0c-9850-7f633025a325" executionId="ce27a944-b36a-492c-a76e-67cd5c2ae1f3" testListId="8c84fa94-04c1-424b-9868-57a2d4851a1d" />
    <TestEntry testId="2a294386-576f-ad18-6dd4-97d4cce8f8c0" executionId="ff9f4aae-a8d6-4e47-883e-23518839279e" testListId="8c84fa94-04c1-424b-9868-57a2d4851a1d" />
    <TestEntry testId="8ee95d42-b90f-0ede-02db-90b084c00ad4" executionId="f5a9ea3c-4cbf-45d2-85f6-1250c4f527da" testListId="8c84fa94-04c1-424b-9868-57a2d4851a1d" />
    <TestEntry testId="866615b3-1aa9-c710-5039-e42dfdd3b21b" executionId="de058ff0-4923-4dfa-b05c-7cc2848daa03" testListId="8c84fa94-04c1-424b-9868-57a2d4851a1d" />
    <TestEntry testId="fb31c6e2-e652-49d0-7f2b-e4deffe17614" executionId="d6a28c51-87d9-405a-b7e1-0d94a1bcf154" testListId="8c84fa94-04c1-424b-9868-57a2d4851a1d" />
    <TestEntry testId="dc03f1f8-0f39-6857-d1c2-aed0bcc3a22d" executionId="948c80c5-7521-4a89-8cbe-e9b269f88bfa" testListId="8c84fa94-04c1-424b-9868-57a2d4851a1d" />
    <TestEntry testId="0c9aecf7-edb6-6f0f-bb68-9ecdaa09ab58" executionId="4bcaacd2-6f5b-4dfe-b5f2-17ddb6f1c822" testListId="8c84fa94-04c1-424b-9868-57a2d4851a1d" />
    <TestEntry testId="ec7de5ee-2465-685b-85b8-7a3b6ac22a28" executionId="e59e1e2d-066e-41a2-a2af-9b6a12f649bb" testListId="8c84fa94-04c1-424b-9868-57a2d4851a1d" />
    <TestEntry testId="e7991943-9253-d5e7-68e7-2e99dc8f23db" executionId="78371cad-eca9-4aae-9935-efae5e8e36e4" testListId="8c84fa94-04c1-424b-9868-57a2d4851a1d" />
    <TestEntry testId="0286a9e5-841e-b5ab-260c-4653e17c2747" executionId="67cb94cd-5d91-461f-8836-f0cf3ca9b23a" testListId="8c84fa94-04c1-424b-9868-57a2d4851a1d" />
    <TestEntry testId="fe4d3eb4-3a2b-3703-4a26-8d825f15a438" executionId="0c51221d-f166-4fa0-a739-90bdf7972db8" testListId="8c84fa94-04c1-424b-9868-57a2d4851a1d" />
    <TestEntry testId="cedb2254-2fe4-be53-49d6-7ccf81574afa" executionId="3c813817-2ca0-4b70-8c7e-f1ad5ba6f5b0" testListId="8c84fa94-04c1-424b-9868-57a2d4851a1d" />
    <TestEntry testId="00dfe427-2d98-ab43-1cf1-f6a5cdb85b20" executionId="f4309b66-bbdf-4180-8edf-1303a49103ff" testListId="8c84fa94-04c1-424b-9868-57a2d4851a1d" />
    <TestEntry testId="a035c6b7-76bd-4fdd-77a3-93ac7d18e6ac" executionId="e9a1db86-75ab-4ad3-9167-b9e511d8941e" testListId="8c84fa94-04c1-424b-9868-57a2d4851a1d" />
    <TestEntry testId="0638662d-5472-9cbe-6ecd-4913486c9742" executionId="9ccfd434-79b1-42f5-9e82-2cf790542616" testListId="8c84fa94-04c1-424b-9868-57a2d4851a1d" />
    <TestEntry testId="e0f6c9ce-d80e-2d6d-2fc5-cd4df9d51f8b" executionId="12fe4a36-c99f-40fc-b22d-aa12a47675d1" testListId="8c84fa94-04c1-424b-9868-57a2d4851a1d" />
    <TestEntry testId="fc098fef-6fff-c8c7-2d1f-2624854feb5e" executionId="d2cf0f1c-263b-4f19-be9c-499e53ae91b2" testListId="8c84fa94-04c1-424b-9868-57a2d4851a1d" />
    <TestEntry testId="b8afedbd-e3a8-f0d9-23f9-3f3a96c0794a" executionId="e6e71459-056f-4920-883e-1b3b45a21cd4" testListId="8c84fa94-04c1-424b-9868-57a2d4851a1d" />
    <TestEntry testId="453b440e-7587-cffd-1959-0b4b00396d0f" executionId="fd81b937-1f0a-4ebc-b227-e7dc80ce84f7" testListId="8c84fa94-04c1-424b-9868-57a2d4851a1d" />
    <TestEntry testId="4582570b-c13a-29db-8dd4-1d6c7cb15560" executionId="920defef-85ae-46d0-8c5e-f2a83e0f0c90" testListId="8c84fa94-04c1-424b-9868-57a2d4851a1d" />
    <TestEntry testId="c20d4df9-da38-ca2a-b36b-a9dcb1fcde08" executionId="ef5e6b99-ced2-4855-94ce-1971328c5bff" testListId="8c84fa94-04c1-424b-9868-57a2d4851a1d" />
    <TestEntry testId="80665fdb-8b36-3afa-3ad0-19405758b490" executionId="3e67f8c3-f5fa-4894-a063-12ed01655c82" testListId="8c84fa94-04c1-424b-9868-57a2d4851a1d" />
    <TestEntry testId="99025b28-6600-f42a-918d-4eb73ff42eac" executionId="3f16e4f0-9845-4ced-8df0-0457032d9c8e" testListId="8c84fa94-04c1-424b-9868-57a2d4851a1d" />
    <TestEntry testId="c37d6231-b9a7-d180-9c20-befdd74d7b32" executionId="8d5c48c7-5008-47d5-bf95-5504c79c43d4" testListId="8c84fa94-04c1-424b-9868-57a2d4851a1d" />
    <TestEntry testId="15a209b8-ea5f-f97d-1631-cd694e48f69f" executionId="2956507d-421c-44bd-8168-0b7bb548dcc3" testListId="8c84fa94-04c1-424b-9868-57a2d4851a1d" />
    <TestEntry testId="f6074d9a-3155-1c78-5fcb-6860c71b427f" executionId="afe0022a-3baf-4595-ba23-c18a09feacb0" testListId="8c84fa94-04c1-424b-9868-57a2d4851a1d" />
    <TestEntry testId="e071af6c-3fa2-354f-0dfc-c6f23e506063" executionId="c29f207f-1e20-4199-90c4-1a07737059cf" testListId="8c84fa94-04c1-424b-9868-57a2d4851a1d" />
    <TestEntry testId="a492da78-410f-4852-f430-9959d0f889c6" executionId="c76f6e18-0856-427f-bd3a-b5f9f1737676" testListId="8c84fa94-04c1-424b-9868-57a2d4851a1d" />
    <TestEntry testId="a34b78a4-36e0-de2d-1e26-61e8b5e16368" executionId="5d188b30-4f63-4db2-ad55-7d9eb6467788" testListId="8c84fa94-04c1-424b-9868-57a2d4851a1d" />
    <TestEntry testId="52028fce-3fbb-884e-ec01-8d05da58de0a" executionId="e981c689-02bf-4a16-af07-8f900a9b5cea" testListId="8c84fa94-04c1-424b-9868-57a2d4851a1d" />
    <TestEntry testId="12ca5254-bb67-9016-6329-c6a945ef9175" executionId="fa2da5ff-abfb-44c2-a9e1-a3353649ef38" testListId="8c84fa94-04c1-424b-9868-57a2d4851a1d" />
    <TestEntry testId="869a1573-83a2-e45d-811d-6269cd671d1c" executionId="eb00d4cb-09f9-426a-94ac-6986076f8315" testListId="8c84fa94-04c1-424b-9868-57a2d4851a1d" />
    <TestEntry testId="fe6da401-0731-edee-23df-297a0b5064bb" executionId="8b456eee-f9f3-437b-a15a-01be4039d329" testListId="8c84fa94-04c1-424b-9868-57a2d4851a1d" />
    <TestEntry testId="0ddbcab5-2c85-659b-ca1f-460d8216cc82" executionId="ac41ed82-34aa-47d8-a53e-e30b9ff3fcad" testListId="8c84fa94-04c1-424b-9868-57a2d4851a1d" />
    <TestEntry testId="5d27011e-c720-366b-67ce-e0b756ab4acb" executionId="af29af83-703e-4dd7-a5d7-5b910b9d395f" testListId="8c84fa94-04c1-424b-9868-57a2d4851a1d" />
    <TestEntry testId="53c167cc-8451-6ea2-de4c-d6ab1b2369c3" executionId="3c03edc5-28a1-4921-9ed6-920bed197ac7" testListId="8c84fa94-04c1-424b-9868-57a2d4851a1d" />
    <TestEntry testId="35fb3a3f-0197-1aaf-42c3-fe0a9b4fe4b3" executionId="8a168d31-67c3-493b-b77b-ed223de4a785" testListId="8c84fa94-04c1-424b-9868-57a2d4851a1d" />
    <TestEntry testId="9f46a511-7569-f2c8-10d8-b20235c943c7" executionId="17443b53-2a1b-4460-9472-0ef53d1a0c5c" testListId="8c84fa94-04c1-424b-9868-57a2d4851a1d" />
    <TestEntry testId="d04391df-420e-7590-2c4d-1629acdfc18a" executionId="3e58cedb-d403-4656-998f-124ee93f697b" testListId="8c84fa94-04c1-424b-9868-57a2d4851a1d" />
    <TestEntry testId="7dae8765-760e-4b4b-0d16-cc084a3be092" executionId="1ec4a280-a12d-4f91-b5cb-7dd09966990f" testListId="8c84fa94-04c1-424b-9868-57a2d4851a1d" />
    <TestEntry testId="471949a3-956c-9fe9-fac4-e98d0218b8aa" executionId="7a10df6b-83f7-4479-b76f-4c410b1645d7" testListId="8c84fa94-04c1-424b-9868-57a2d4851a1d" />
    <TestEntry testId="5ebc4c65-c03d-504a-0b5e-3cd936a96058" executionId="508c97e0-f0fa-4d77-9513-635e0b549c1c" testListId="8c84fa94-04c1-424b-9868-57a2d4851a1d" />
    <TestEntry testId="42dfffbf-46bb-b307-b15a-66533e569554" executionId="9d0225ed-8616-4883-a59e-1253ac9fa69e" testListId="8c84fa94-04c1-424b-9868-57a2d4851a1d" />
    <TestEntry testId="f73cf995-7130-dfe2-c07d-77808eeb785c" executionId="86571237-8a20-4978-af1f-92d886b90a48" testListId="8c84fa94-04c1-424b-9868-57a2d4851a1d" />
    <TestEntry testId="4ab842e3-22e8-3e2a-f1bd-98a7f6c9799c" executionId="5a64c28c-39bb-468b-83e9-6f0f4c85bb2f" testListId="8c84fa94-04c1-424b-9868-57a2d4851a1d" />
    <TestEntry testId="7d943b5f-38f3-2662-b4d2-d8514c5fba1c" executionId="690b08aa-9fa0-40c8-925e-c0cac69e8827" testListId="8c84fa94-04c1-424b-9868-57a2d4851a1d" />
    <TestEntry testId="b8e3be37-3943-edb5-f8eb-661f963a9d4c" executionId="ef0f7e3c-97e6-436c-af7f-f78b409e361a" testListId="8c84fa94-04c1-424b-9868-57a2d4851a1d" />
    <TestEntry testId="56971bf6-cc99-bd6c-86bd-090709878391" executionId="3d321e01-c02e-49be-8536-1041ebadb16b" testListId="8c84fa94-04c1-424b-9868-57a2d4851a1d" />
    <TestEntry testId="12d29959-b009-2110-7334-f1534ef6a6ac" executionId="d0f1a406-cb8a-4404-9c93-ca9a08f3d03a" testListId="8c84fa94-04c1-424b-9868-57a2d4851a1d" />
    <TestEntry testId="eb154641-b684-c239-4cae-d8fffb9e3adb" executionId="bc3f7a48-7bef-44b6-9f73-4a229606c352" testListId="8c84fa94-04c1-424b-9868-57a2d4851a1d" />
    <TestEntry testId="bc7cb1b0-c8e9-586e-6bb4-6218422eb73a" executionId="caba0084-20c6-4918-8309-e95d50f84111" testListId="8c84fa94-04c1-424b-9868-57a2d4851a1d" />
    <TestEntry testId="cf8fa09a-937a-7d58-7c03-423cb32a00ac" executionId="04696d71-13db-4f21-8e59-affc4024f98e" testListId="8c84fa94-04c1-424b-9868-57a2d4851a1d" />
    <TestEntry testId="566dd1b0-618e-2e69-f444-ac3d74b4a47a" executionId="8688ea99-3e32-46c8-9ea4-a442b984d104" testListId="8c84fa94-04c1-424b-9868-57a2d4851a1d" />
    <TestEntry testId="4f9add7d-32a9-d042-9c32-793f788f3cd4" executionId="5f4a85df-c504-4a45-86e2-8b92c53aac7a" testListId="8c84fa94-04c1-424b-9868-57a2d4851a1d" />
    <TestEntry testId="06ce39cc-ded1-5d01-5cd3-13c77270f64c" executionId="ae1cafb2-0b04-469e-a11e-f861a874201b" testListId="8c84fa94-04c1-424b-9868-57a2d4851a1d" />
    <TestEntry testId="4fb2afba-2ad0-1985-467e-e523cd70c442" executionId="a6997f77-6289-4e3d-a1a6-d909a62064bd" testListId="8c84fa94-04c1-424b-9868-57a2d4851a1d" />
    <TestEntry testId="57427bf3-c720-111a-0b89-68433dcab6fe" executionId="382406b1-2dec-47fe-9908-6754e678e85d" testListId="8c84fa94-04c1-424b-9868-57a2d4851a1d" />
    <TestEntry testId="fcc970f2-ee68-5d9d-a574-431b6a6a1fc8" executionId="fba6d834-6e9b-4355-8f71-04e6819b6b7b" testListId="8c84fa94-04c1-424b-9868-57a2d4851a1d" />
    <TestEntry testId="43234470-efd0-99c6-786a-074ef36f8d09" executionId="c2b30675-eec1-40b9-8ce0-06fc5a3f36ca" testListId="8c84fa94-04c1-424b-9868-57a2d4851a1d" />
    <TestEntry testId="da43875f-2b50-cdf6-2f8d-cb45a0485aeb" executionId="40c14617-ed45-4dbe-843c-00d32e12a8e7" testListId="8c84fa94-04c1-424b-9868-57a2d4851a1d" />
    <TestEntry testId="47bb8602-56e5-fb52-a97a-d38ed885d159" executionId="5642193a-ba2e-4b3b-a3e2-ca86a84b5814" testListId="8c84fa94-04c1-424b-9868-57a2d4851a1d" />
    <TestEntry testId="657a307f-dfaa-5548-55eb-97ad5976b156" executionId="af0e505e-6ead-47be-813e-ec656ad664fe" testListId="8c84fa94-04c1-424b-9868-57a2d4851a1d" />
    <TestEntry testId="935f6edc-bcb3-d728-7362-da63a0fe9388" executionId="ef62c3dd-3147-4804-94e4-fa3b52c9b166" testListId="8c84fa94-04c1-424b-9868-57a2d4851a1d" />
    <TestEntry testId="8f80afa6-e6b1-deb1-4de8-14ad4f901804" executionId="8c3326c9-b2a3-47d7-98bd-a5613e2d3261" testListId="8c84fa94-04c1-424b-9868-57a2d4851a1d" />
    <TestEntry testId="dfe93350-c7d4-cbe2-be19-2588907bbbfd" executionId="bc719425-4b0e-4209-b2b6-d0d74b9f398a" testListId="8c84fa94-04c1-424b-9868-57a2d4851a1d" />
    <TestEntry testId="c3d46a4a-1270-0345-653a-65176cc47090" executionId="1b9f8cac-566b-4dc6-88bc-a5e2dfc12a23" testListId="8c84fa94-04c1-424b-9868-57a2d4851a1d" />
    <TestEntry testId="8e8ae8e7-4a46-9b5c-d9ae-1f600f739547" executionId="a35c779f-982a-4b80-aead-1e5700c48ba4" testListId="8c84fa94-04c1-424b-9868-57a2d4851a1d" />
    <TestEntry testId="5fdccb70-bf72-4654-2735-b1455c20885f" executionId="3f98bf4e-05c3-4c12-9883-e4e5014d47fe" testListId="8c84fa94-04c1-424b-9868-57a2d4851a1d" />
    <TestEntry testId="86ba4a50-66c2-e773-9473-176e52c9ca01" executionId="045b2e55-0f7e-4ed1-9b59-450b335880c9" testListId="8c84fa94-04c1-424b-9868-57a2d4851a1d" />
    <TestEntry testId="53ae6dcc-e054-e130-d831-7ebae00cbe7d" executionId="4ec80e83-7032-4a6c-8fb4-5cf9d5507425" testListId="8c84fa94-04c1-424b-9868-57a2d4851a1d" />
    <TestEntry testId="18401180-fee1-8e5c-84b6-01a6bb5f19a2" executionId="01d065ae-73d3-4864-b604-e8ffcfdc5942" testListId="8c84fa94-04c1-424b-9868-57a2d4851a1d" />
    <TestEntry testId="3a656a4a-a0e1-f388-7337-055944412a5a" executionId="4f8dd64b-df98-4d62-b5a8-b72c876ce38d" testListId="8c84fa94-04c1-424b-9868-57a2d4851a1d" />
    <TestEntry testId="4f836eef-e78a-84cb-6bcc-2b2e9ce95ffe" executionId="4bac64b4-7dbc-406b-a3cd-5ce6d7f510ba" testListId="8c84fa94-04c1-424b-9868-57a2d4851a1d" />
    <TestEntry testId="f08fe84d-35b8-14f0-efac-d7320a606aea" executionId="02ad4ed5-f438-426a-82f9-c9cb084bb671" testListId="8c84fa94-04c1-424b-9868-57a2d4851a1d" />
    <TestEntry testId="4b769a2f-909d-8c49-c1d0-dbcc83ae0ec2" executionId="d4759ad4-8bc7-4a70-b578-1acb7f43c3e5" testListId="8c84fa94-04c1-424b-9868-57a2d4851a1d" />
    <TestEntry testId="2dd346a9-cba9-b957-d234-1bed473906a2" executionId="0b4efbbe-007b-47e3-8140-92333be93afd" testListId="8c84fa94-04c1-424b-9868-57a2d4851a1d" />
    <TestEntry testId="837762a6-c1b4-71cf-531c-1700b6f677a2" executionId="dc118ff7-b852-49b0-8ed3-444c5a797803" testListId="8c84fa94-04c1-424b-9868-57a2d4851a1d" />
    <TestEntry testId="29cd6cd4-f7e8-b2c1-f5a2-e68260e2ee67" executionId="2b458b70-7459-427a-921f-63bb94948882" testListId="8c84fa94-04c1-424b-9868-57a2d4851a1d" />
    <TestEntry testId="a91b7ced-4a33-2b8e-a6a8-89d95a0f4581" executionId="f6d4908c-35ed-4618-be2e-9f9b66b291c4" testListId="8c84fa94-04c1-424b-9868-57a2d4851a1d" />
    <TestEntry testId="8de2efe1-8b69-e012-2fd3-f76e4f9277f4" executionId="10bb5637-b78f-4c20-a95e-407136e952ea" testListId="8c84fa94-04c1-424b-9868-57a2d4851a1d" />
    <TestEntry testId="db2014df-22d8-907b-24fd-ebddc081e878" executionId="7b3a1184-f534-4de7-ae74-4cb455e48e79" testListId="8c84fa94-04c1-424b-9868-57a2d4851a1d" />
    <TestEntry testId="280bc978-4cea-a415-8aa8-df89c3c8db84" executionId="b215e633-f86f-4c88-bda9-89992812fe04" testListId="8c84fa94-04c1-424b-9868-57a2d4851a1d" />
    <TestEntry testId="4cefb632-34cb-9851-47a0-2c247f399f17" executionId="ea289688-f03f-4234-9ab4-4b062e318327" testListId="8c84fa94-04c1-424b-9868-57a2d4851a1d" />
    <TestEntry testId="e6a0505f-4fbf-426f-89de-2106af50e6fb" executionId="47ac427e-2071-438b-9245-1ca22be788a9" testListId="8c84fa94-04c1-424b-9868-57a2d4851a1d" />
    <TestEntry testId="6d4c8ceb-d6e7-8bcc-ff05-e656dad1c056" executionId="54f47549-a567-4b71-b2b1-4d7a73eb2e80" testListId="8c84fa94-04c1-424b-9868-57a2d4851a1d" />
    <TestEntry testId="1607748e-f93b-6407-b197-4af20117fbeb" executionId="bef0f63c-307c-444b-bf26-7658c9ad30de" testListId="8c84fa94-04c1-424b-9868-57a2d4851a1d" />
    <TestEntry testId="8feb31a0-884a-c1d5-2ed1-040f43acd874" executionId="d386d808-83ce-4e13-add9-ce9f829853e1" testListId="8c84fa94-04c1-424b-9868-57a2d4851a1d" />
    <TestEntry testId="f3a3952b-b656-2f21-21fc-98ac2bf82ebc" executionId="55adbfcb-f8cf-4fb2-be65-87713baa58e5" testListId="8c84fa94-04c1-424b-9868-57a2d4851a1d" />
    <TestEntry testId="599eae20-2ece-1559-a972-b221f89fb5aa" executionId="bf646bb2-557a-44f7-b8d6-827b7020442d" testListId="8c84fa94-04c1-424b-9868-57a2d4851a1d" />
    <TestEntry testId="4064cbf5-2b6b-a24f-63a1-f2e162325cea" executionId="25db0118-c335-4772-b03f-2bb7583f1d2a" testListId="8c84fa94-04c1-424b-9868-57a2d4851a1d" />
    <TestEntry testId="dce4cce8-b2ec-c9b5-64a7-100b0488624a" executionId="1827ca98-06a4-4f0a-a35a-8ea841039d73" testListId="8c84fa94-04c1-424b-9868-57a2d4851a1d" />
    <TestEntry testId="a2e46c68-e04f-d11c-cd4d-ab706cafcd89" executionId="6153510d-1d25-492f-8b86-b64588c68b46" testListId="8c84fa94-04c1-424b-9868-57a2d4851a1d" />
    <TestEntry testId="75c23dcd-5d6f-d3d2-f00c-617749bc2090" executionId="b495e6f1-4e71-4160-9adc-5b4dbd78ad9b" testListId="8c84fa94-04c1-424b-9868-57a2d4851a1d" />
    <TestEntry testId="fa904025-dfe3-d3d5-8026-ba051bc31a17" executionId="e3d2cb95-de31-4a61-9963-fcdd98d7508f" testListId="8c84fa94-04c1-424b-9868-57a2d4851a1d" />
    <TestEntry testId="76fc591e-5a14-3db9-3cbe-4b458a910530" executionId="53e68a93-cebc-4afe-87c4-cf8b2dc21423" testListId="8c84fa94-04c1-424b-9868-57a2d4851a1d" />
    <TestEntry testId="dc49688f-94d6-e673-aa4d-ab256222be17" executionId="ff3f42d6-ce26-4304-90ca-14ff642585a7" testListId="8c84fa94-04c1-424b-9868-57a2d4851a1d" />
    <TestEntry testId="7a02f363-e482-dbf4-1850-b97dcd48c8cf" executionId="6ec185a1-5a1c-49b4-94c2-6c7638136f7a" testListId="8c84fa94-04c1-424b-9868-57a2d4851a1d" />
    <TestEntry testId="d6a63130-55e5-f42e-7e61-e25af34e07c6" executionId="f480dccd-325b-4a4f-b153-3ccac644472b" testListId="8c84fa94-04c1-424b-9868-57a2d4851a1d" />
    <TestEntry testId="4f45625f-14a2-4ecc-7a37-46886e2da571" executionId="51000590-5798-458a-af96-caac8c61c896" testListId="8c84fa94-04c1-424b-9868-57a2d4851a1d" />
    <TestEntry testId="72b4cadd-b0f3-4d68-f4c1-d4377e8e2b6b" executionId="6441731d-1e2a-4078-a0b6-4b873b0e1edc" testListId="8c84fa94-04c1-424b-9868-57a2d4851a1d" />
    <TestEntry testId="1c61054b-c59e-796e-42fb-a64202407d6a" executionId="763ddf96-cfd6-4903-9619-c28772e25a34" testListId="8c84fa94-04c1-424b-9868-57a2d4851a1d" />
    <TestEntry testId="f179df7c-bae7-1aaa-b4b4-14f4d3305ab7" executionId="15b6a39f-29e4-4d85-a5c1-4f7df8b484b5" testListId="8c84fa94-04c1-424b-9868-57a2d4851a1d" />
    <TestEntry testId="fc70e022-7c68-14ac-b1fe-14f52a69be30" executionId="7069fcb8-9f8d-42fd-85e0-923d6754945a" testListId="8c84fa94-04c1-424b-9868-57a2d4851a1d" />
    <TestEntry testId="3aaee4e6-fc81-df91-ea3f-1781becf89ed" executionId="a9e5b99f-abe8-474e-85e8-9324905def61" testListId="8c84fa94-04c1-424b-9868-57a2d4851a1d" />
    <TestEntry testId="a636ed45-28c4-df16-0c05-092030269550" executionId="2188fcb1-4a2b-4b03-a474-1f1335a680e4" testListId="8c84fa94-04c1-424b-9868-57a2d4851a1d" />
    <TestEntry testId="2c2605c5-e220-92d4-f532-5ab6053d8923" executionId="1fd9fa08-ec25-4656-8e4d-caa33b00ea2e" testListId="8c84fa94-04c1-424b-9868-57a2d4851a1d" />
    <TestEntry testId="5b0773ae-6d6f-adee-cd13-7ad57ff9695b" executionId="e5a0d1cb-6534-4e05-b82d-2ecfed294a65" testListId="8c84fa94-04c1-424b-9868-57a2d4851a1d" />
    <TestEntry testId="40a9f3d9-e546-b9d8-1aa0-edc105057e01" executionId="9bbe9386-ccdf-4cd4-885e-ff050c280d99" testListId="8c84fa94-04c1-424b-9868-57a2d4851a1d" />
    <TestEntry testId="0c065394-6552-202f-734b-73f02785745c" executionId="c4032125-6be8-486f-b741-f306bfa8ae30" testListId="8c84fa94-04c1-424b-9868-57a2d4851a1d" />
    <TestEntry testId="e7a3f082-4639-4818-058e-fa3d80b1eb8e" executionId="55155d56-bc45-4a40-ba1f-84b78c31aade" testListId="8c84fa94-04c1-424b-9868-57a2d4851a1d" />
    <TestEntry testId="9ae6b803-08e1-ddf4-d9fe-4cdd7bef9e4d" executionId="bc7414b9-941d-478a-906e-f8336683a540" testListId="8c84fa94-04c1-424b-9868-57a2d4851a1d" />
    <TestEntry testId="ba2b630a-2d93-e4b0-814b-a1c22e86ca5e" executionId="365a8a3f-0849-49fe-8815-64d0f31d7042" testListId="8c84fa94-04c1-424b-9868-57a2d4851a1d" />
    <TestEntry testId="ed674e3e-0cb7-6daf-5b28-d92c3e590bd8" executionId="5a2e9007-ec14-4110-b398-ef02efd92b1f" testListId="8c84fa94-04c1-424b-9868-57a2d4851a1d" />
    <TestEntry testId="beb4c095-01ad-1b8c-6e3d-300680a49dce" executionId="343cbacd-2a8b-49a6-8c1b-67e9ef1b16a2" testListId="8c84fa94-04c1-424b-9868-57a2d4851a1d" />
    <TestEntry testId="b3147ef4-6445-c980-d561-634e38b04aed" executionId="f7f225e9-57cb-4f4b-8a35-6b1db43d63d7" testListId="8c84fa94-04c1-424b-9868-57a2d4851a1d" />
    <TestEntry testId="ea3e4223-f663-cb8b-89b4-506b54083ac0" executionId="b29869f6-8884-4b1d-9cdf-1811a106c84a" testListId="8c84fa94-04c1-424b-9868-57a2d4851a1d" />
    <TestEntry testId="664170bb-49ab-2dbc-6999-0004d66bb43b" executionId="42864766-8e34-453d-9a66-5da0d89af8e9" testListId="8c84fa94-04c1-424b-9868-57a2d4851a1d" />
    <TestEntry testId="6e120ffe-f4c5-ac9e-c93a-157e4b295794" executionId="f6d67ed9-128d-4bf3-bc9d-084fb0ea8b6b" testListId="8c84fa94-04c1-424b-9868-57a2d4851a1d" />
    <TestEntry testId="0879a322-14aa-85e0-6c67-10da13ec48d3" executionId="09946da5-2cff-482f-8440-0022af9b2f69" testListId="8c84fa94-04c1-424b-9868-57a2d4851a1d" />
    <TestEntry testId="d491557e-4e6e-da32-295b-c0fe96f5f2d5" executionId="455b035f-e34b-4c09-bbed-34318a55193b" testListId="8c84fa94-04c1-424b-9868-57a2d4851a1d" />
    <TestEntry testId="b5f85b83-0444-a65b-f380-80c5a736852f" executionId="8a8f5447-509b-44f4-b798-0b87b1e3d09b" testListId="8c84fa94-04c1-424b-9868-57a2d4851a1d" />
    <TestEntry testId="b148b7ee-13d7-0a4a-1ad3-6f0a4e1dd38e" executionId="908d0656-88d2-4b9e-bd2c-90fca37c307c" testListId="8c84fa94-04c1-424b-9868-57a2d4851a1d" />
    <TestEntry testId="0694cc0a-6cd0-3b31-257c-62bbc623d4a1" executionId="6de993c8-1a57-495e-8174-adbf9a5ec18b" testListId="8c84fa94-04c1-424b-9868-57a2d4851a1d" />
    <TestEntry testId="ee736e89-d291-f35d-f66e-facf0a010e0e" executionId="db8346de-b9ed-4df5-95b2-b9fb229c3a03" testListId="8c84fa94-04c1-424b-9868-57a2d4851a1d" />
    <TestEntry testId="4573ce37-608e-a3a0-f76b-58fac49442be" executionId="021c5c9e-df90-46ee-a4cd-19fa5d05f236" testListId="8c84fa94-04c1-424b-9868-57a2d4851a1d" />
    <TestEntry testId="3fe36f03-f9d7-0426-009c-ca02a330dd24" executionId="2a9adde2-d704-4d30-9ba9-fab6874b69e6" testListId="8c84fa94-04c1-424b-9868-57a2d4851a1d" />
    <TestEntry testId="e7074543-b841-7b51-8d3b-1448590c64bb" executionId="d0a5638a-c4eb-4375-8afa-3ec85301d473" testListId="8c84fa94-04c1-424b-9868-57a2d4851a1d" />
  </TestEntries>
  <TestLists>
    <TestList name="Results Not in a List" id="8c84fa94-04c1-424b-9868-57a2d4851a1d" />
    <TestList name="All Loaded Results" id="19431567-8539-422a-85d7-44ee4e166bda" />
  </TestLists>
  <ResultSummary outcome="Failed">
    <Counters total="832" executed="827" passed="734" failed="93" error="0" timeout="0" aborted="0" inconclusive="0" passedButRunAborted="0" notRunnable="0" notExecuted="0" disconnected="0" warning="0" completed="0" inProgress="0" pending="0" />
    <Output>
      <StdOut>[xUnit.net 00:00:00.00] xUnit.net VSTest Adapter v2.5.3.1+6b60a9e56a (64-bit .NET 9.0.8)&#xD;
[xUnit.net 00:00:00.13]   Discovering: OpenBullet.Core.Tests&#xD;
[xUnit.net 00:00:00.37]   Discovered:  OpenBullet.Core.Tests&#xD;
[xUnit.net 00:00:00.38]   Starting:    OpenBullet.Core.Tests&#xD;
[xUnit.net 00:00:00.57]       System.NotImplementedException : To be implemented in Step 13&#xD;
[xUnit.net 00:00:00.57]       Stack Trace:&#xD;
[xUnit.net 00:00:00.58]         C:\Users\futiliter\Downloads\Telegram Desktop\Openbullet 1.4.4 Anomaly Modded Version\OpenBulletRecreation\OpenBullet.Core.Tests\Step13_ConfigurationEditorTests.cs(492,0): at OpenBullet.Core.Tests.AutoCompletionProvider.GetCompletions(CompletionContext context)&#xD;
[xUnit.net 00:00:00.58]         C:\Users\futiliter\Downloads\Telegram Desktop\Openbullet 1.4.4 Anomaly Modded Version\OpenBulletRecreation\OpenBullet.Core.Tests\Step13_ConfigurationEditorTests.cs(199,0): at OpenBullet.Core.Tests.Step13_ConfigurationEditorTests.GetCompletions_Should_Return_Command_Suggestions()&#xD;
[xUnit.net 00:00:00.58]            at System.RuntimeMethodHandle.InvokeMethod(Object target, Void** arguments, Signature sig, Boolean isConstructor)&#xD;
[xUnit.net 00:00:00.58]            at System.Reflection.MethodBaseInvoker.InvokeWithNoArgs(Object obj, BindingFlags invokeAttr)&#xD;
[xUnit.net 00:00:00.59]       System.NotImplementedException : To be implemented in Step 13&#xD;
[xUnit.net 00:00:00.59]       Stack Trace:&#xD;
[xUnit.net 00:00:00.59]         C:\Users\futiliter\Downloads\Telegram Desktop\Openbullet 1.4.4 Anomaly Modded Version\OpenBulletRecreation\OpenBullet.Core.Tests\Step13_ConfigurationEditorTests.cs(462,0): at OpenBullet.Core.Tests.SyntaxHighlightingService.TokenizeScript(String script)&#xD;
[xUnit.net 00:00:00.59]         C:\Users\futiliter\Downloads\Telegram Desktop\Openbullet 1.4.4 Anomaly Modded Version\OpenBulletRecreation\OpenBullet.Core.Tests\Step13_ConfigurationEditorTests.cs(55,0): at OpenBullet.Core.Tests.Step13_ConfigurationEditorTests.TokenizeScript_Should_Correctly_Identify_Token_Types(String input, TokenType expectedType, String expectedValue)&#xD;
[xUnit.net 00:00:00.59]            at System.RuntimeMethodHandle.InvokeMethod(Object target, Void** arguments, Signature sig, Boolean isConstructor)&#xD;
[xUnit.net 00:00:00.59]            at System.Reflection.MethodBaseInvoker.InvokeDirectByRefWithFewArgs(Object obj, Span`1 copyOfArgs, BindingFlags invokeAttr)&#xD;
[xUnit.net 00:00:00.60]       System.NotImplementedException : To be implemented in Step 13&#xD;
[xUnit.net 00:00:00.60]       Stack Trace:&#xD;
[xUnit.net 00:00:00.60]         C:\Users\futiliter\Downloads\Telegram Desktop\Openbullet 1.4.4 Anomaly Modded Version\OpenBulletRecreation\OpenBullet.Core.Tests\Step13_ConfigurationEditorTests.cs(462,0): at OpenBullet.Core.Tests.SyntaxHighlightingService.TokenizeScript(String script)&#xD;
[xUnit.net 00:00:00.60]         C:\Users\futiliter\Downloads\Telegram Desktop\Openbullet 1.4.4 Anomaly Modded Version\OpenBulletRecreation\OpenBullet.Core.Tests\Step13_ConfigurationEditorTests.cs(55,0): at OpenBullet.Core.Tests.Step13_ConfigurationEditorTests.TokenizeScript_Should_Correctly_Identify_Token_Types(String input, TokenType expectedType, String expectedValue)&#xD;
[xUnit.net 00:00:00.60]            at InvokeStub_Step13_ConfigurationEditorTests.TokenizeScript_Should_Correctly_Identify_Token_Types(Object, Span`1)&#xD;
[xUnit.net 00:00:00.60]            at System.Reflection.MethodBaseInvoker.InvokeWithFewArgs(Object obj, BindingFlags invokeAttr, Binder binder, Object[] parameters, CultureInfo culture)&#xD;
[xUnit.net 00:00:00.60]       System.NotImplementedException : To be implemented in Step 13&#xD;
[xUnit.net 00:00:00.60]       Stack Trace:&#xD;
[xUnit.net 00:00:00.60]         C:\Users\futiliter\Downloads\Telegram Desktop\Openbullet 1.4.4 Anomaly Modded Version\OpenBulletRecreation\OpenBullet.Core.Tests\Step13_ConfigurationEditorTests.cs(462,0): at OpenBullet.Core.Tests.SyntaxHighlightingService.TokenizeScript(String script)&#xD;
[xUnit.net 00:00:00.60]         C:\Users\futiliter\Downloads\Telegram Desktop\Openbullet 1.4.4 Anomaly Modded Version\OpenBulletRecreation\OpenBullet.Core.Tests\Step13_ConfigurationEditorTests.cs(55,0): at OpenBullet.Core.Tests.Step13_ConfigurationEditorTests.TokenizeScript_Should_Correctly_Identify_Token_Types(String input, TokenType expectedType, String expectedValue)&#xD;
[xUnit.net 00:00:00.60]            at InvokeStub_Step13_ConfigurationEditorTests.TokenizeScript_Should_Correctly_Identify_Token_Types(Object, Span`1)&#xD;
[xUnit.net 00:00:00.60]            at System.Reflection.MethodBaseInvoker.InvokeWithFewArgs(Object obj, BindingFlags invokeAttr, Binder binder, Object[] parameters, CultureInfo culture)&#xD;
[xUnit.net 00:00:00.60]       System.NotImplementedException : To be implemented in Step 13&#xD;
[xUnit.net 00:00:00.60]       Stack Trace:&#xD;
[xUnit.net 00:00:00.60]         C:\Users\futiliter\Downloads\Telegram Desktop\Openbullet 1.4.4 Anomaly Modded Version\OpenBulletRecreation\OpenBullet.Core.Tests\Step13_ConfigurationEditorTests.cs(462,0): at OpenBullet.Core.Tests.SyntaxHighlightingService.TokenizeScript(String script)&#xD;
[xUnit.net 00:00:00.60]         C:\Users\futiliter\Downloads\Telegram Desktop\Openbullet 1.4.4 Anomaly Modded Version\OpenBulletRecreation\OpenBullet.Core.Tests\Step13_ConfigurationEditorTests.cs(55,0): at OpenBullet.Core.Tests.Step13_ConfigurationEditorTests.TokenizeScript_Should_Correctly_Identify_Token_Types(String input, TokenType expectedType, String expectedValue)&#xD;
[xUnit.net 00:00:00.60]            at InvokeStub_Step13_ConfigurationEditorTests.TokenizeScript_Should_Correctly_Identify_Token_Types(Object, Span`1)&#xD;
[xUnit.net 00:00:00.60]            at System.Reflection.MethodBaseInvoker.InvokeWithFewArgs(Object obj, BindingFlags invokeAttr, Binder binder, Object[] parameters, CultureInfo culture)&#xD;
[xUnit.net 00:00:00.60]       System.NotImplementedException : To be implemented in Step 13&#xD;
[xUnit.net 00:00:00.60]       Stack Trace:&#xD;
[xUnit.net 00:00:00.60]         C:\Users\futiliter\Downloads\Telegram Desktop\Openbullet 1.4.4 Anomaly Modded Version\OpenBulletRecreation\OpenBullet.Core.Tests\Step13_ConfigurationEditorTests.cs(462,0): at OpenBullet.Core.Tests.SyntaxHighlightingService.TokenizeScript(String script)&#xD;
[xUnit.net 00:00:00.60]         C:\Users\futiliter\Downloads\Telegram Desktop\Openbullet 1.4.4 Anomaly Modded Version\OpenBulletRecreation\OpenBullet.Core.Tests\Step13_ConfigurationEditorTests.cs(55,0): at OpenBullet.Core.Tests.Step13_ConfigurationEditorTests.TokenizeScript_Should_Correctly_Identify_Token_Types(String input, TokenType expectedType, String expectedValue)&#xD;
[xUnit.net 00:00:00.60]            at InvokeStub_Step13_ConfigurationEditorTests.TokenizeScript_Should_Correctly_Identify_Token_Types(Object, Span`1)&#xD;
[xUnit.net 00:00:00.60]            at System.Reflection.MethodBaseInvoker.InvokeWithFewArgs(Object obj, BindingFlags invokeAttr, Binder binder, Object[] parameters, CultureInfo culture)&#xD;
[xUnit.net 00:00:00.60]       System.NotImplementedException : To be implemented in Step 13&#xD;
[xUnit.net 00:00:00.60]       Stack Trace:&#xD;
[xUnit.net 00:00:00.60]         C:\Users\futiliter\Downloads\Telegram Desktop\Openbullet 1.4.4 Anomaly Modded Version\OpenBulletRecreation\OpenBullet.Core.Tests\Step13_ConfigurationEditorTests.cs(462,0): at OpenBullet.Core.Tests.SyntaxHighlightingService.TokenizeScript(String script)&#xD;
[xUnit.net 00:00:00.60]         C:\Users\futiliter\Downloads\Telegram Desktop\Openbullet 1.4.4 Anomaly Modded Version\OpenBulletRecreation\OpenBullet.Core.Tests\Step13_ConfigurationEditorTests.cs(55,0): at OpenBullet.Core.Tests.Step13_ConfigurationEditorTests.TokenizeScript_Should_Correctly_Identify_Token_Types(String input, TokenType expectedType, String expectedValue)&#xD;
[xUnit.net 00:00:00.60]            at InvokeStub_Step13_ConfigurationEditorTests.TokenizeScript_Should_Correctly_Identify_Token_Types(Object, Span`1)&#xD;
[xUnit.net 00:00:00.60]            at System.Reflection.MethodBaseInvoker.InvokeWithFewArgs(Object obj, BindingFlags invokeAttr, Binder binder, Object[] parameters, CultureInfo culture)&#xD;
[xUnit.net 00:00:00.60]       System.NotImplementedException : To be implemented in Step 13&#xD;
[xUnit.net 00:00:00.60]       Stack Trace:&#xD;
[xUnit.net 00:00:00.60]         C:\Users\futiliter\Downloads\Telegram Desktop\Openbullet 1.4.4 Anomaly Modded Version\OpenBulletRecreation\OpenBullet.Core.Tests\Step13_ConfigurationEditorTests.cs(462,0): at OpenBullet.Core.Tests.SyntaxHighlightingService.TokenizeScript(String script)&#xD;
[xUnit.net 00:00:00.60]         C:\Users\futiliter\Downloads\Telegram Desktop\Openbullet 1.4.4 Anomaly Modded Version\OpenBulletRecreation\OpenBullet.Core.Tests\Step13_ConfigurationEditorTests.cs(55,0): at OpenBullet.Core.Tests.Step13_ConfigurationEditorTests.TokenizeScript_Should_Correctly_Identify_Token_Types(String input, TokenType expectedType, String expectedValue)&#xD;
[xUnit.net 00:00:00.60]            at InvokeStub_Step13_ConfigurationEditorTests.TokenizeScript_Should_Correctly_Identify_Token_Types(Object, Span`1)&#xD;
[xUnit.net 00:00:00.60]            at System.Reflection.MethodBaseInvoker.InvokeWithFewArgs(Object obj, BindingFlags invokeAttr, Binder binder, Object[] parameters, CultureInfo culture)&#xD;
[xUnit.net 00:00:00.60]       System.NotImplementedException : To be implemented in Step 13&#xD;
[xUnit.net 00:00:00.60]       Stack Trace:&#xD;
[xUnit.net 00:00:00.60]         C:\Users\futiliter\Downloads\Telegram Desktop\Openbullet 1.4.4 Anomaly Modded Version\OpenBulletRecreation\OpenBullet.Core.Tests\Step13_ConfigurationEditorTests.cs(462,0): at OpenBullet.Core.Tests.SyntaxHighlightingService.TokenizeScript(String script)&#xD;
[xUnit.net 00:00:00.60]         C:\Users\futiliter\Downloads\Telegram Desktop\Openbullet 1.4.4 Anomaly Modded Version\OpenBulletRecreation\OpenBullet.Core.Tests\Step13_ConfigurationEditorTests.cs(55,0): at OpenBullet.Core.Tests.Step13_ConfigurationEditorTests.TokenizeScript_Should_Correctly_Identify_Token_Types(String input, TokenType expectedType, String expectedValue)&#xD;
[xUnit.net 00:00:00.60]            at InvokeStub_Step13_ConfigurationEditorTests.TokenizeScript_Should_Correctly_Identify_Token_Types(Object, Span`1)&#xD;
[xUnit.net 00:00:00.60]            at System.Reflection.MethodBaseInvoker.InvokeWithFewArgs(Object obj, BindingFlags invokeAttr, Binder binder, Object[] parameters, CultureInfo culture)&#xD;
[xUnit.net 00:00:00.60]       System.NotImplementedException : To be implemented in Step 13&#xD;
[xUnit.net 00:00:00.60]       Stack Trace:&#xD;
[xUnit.net 00:00:00.60]         C:\Users\futiliter\Downloads\Telegram Desktop\Openbullet 1.4.4 Anomaly Modded Version\OpenBulletRecreation\OpenBullet.Core.Tests\Step13_ConfigurationEditorTests.cs(462,0): at OpenBullet.Core.Tests.SyntaxHighlightingService.TokenizeScript(String script)&#xD;
[xUnit.net 00:00:00.60]         C:\Users\futiliter\Downloads\Telegram Desktop\Openbullet 1.4.4 Anomaly Modded Version\OpenBulletRecreation\OpenBullet.Core.Tests\Step13_ConfigurationEditorTests.cs(55,0): at OpenBullet.Core.Tests.Step13_ConfigurationEditorTests.TokenizeScript_Should_Correctly_Identify_Token_Types(String input, TokenType expectedType, String expectedValue)&#xD;
[xUnit.net 00:00:00.60]            at InvokeStub_Step13_ConfigurationEditorTests.TokenizeScript_Should_Correctly_Identify_Token_Types(Object, Span`1)&#xD;
[xUnit.net 00:00:00.60]            at System.Reflection.MethodBaseInvoker.InvokeWithFewArgs(Object obj, BindingFlags invokeAttr, Binder binder, Object[] parameters, CultureInfo culture)&#xD;
[xUnit.net 00:00:00.61]       System.NotImplementedException : To be implemented in Step 13&#xD;
[xUnit.net 00:00:00.61]       Stack Trace:&#xD;
[xUnit.net 00:00:00.61]         C:\Users\futiliter\Downloads\Telegram Desktop\Openbullet 1.4.4 Anomaly Modded Version\OpenBulletRecreation\OpenBullet.Core.Tests\Step13_ConfigurationEditorTests.cs(468,0): at OpenBullet.Core.Tests.SyntaxHighlightingService.HighlightSyntax(String script)&#xD;
[xUnit.net 00:00:00.61]         C:\Users\futiliter\Downloads\Telegram Desktop\Openbullet 1.4.4 Anomaly Modded Version\OpenBulletRecreation\OpenBullet.Core.Tests\Step13_ConfigurationEditorTests.cs(78,0): at OpenBullet.Core.Tests.Step13_ConfigurationEditorTests.HighlightSyntax_Should_Return_Formatted_Text()&#xD;
[xUnit.net 00:00:00.61]            at System.RuntimeMethodHandle.InvokeMethod(Object target, Void** arguments, Signature sig, Boolean isConstructor)&#xD;
[xUnit.net 00:00:00.61]            at System.Reflection.MethodBaseInvoker.InvokeWithNoArgs(Object obj, BindingFlags invokeAttr)&#xD;
[xUnit.net 00:00:00.61]       System.NotImplementedException : To be implemented in Step 13&#xD;
[xUnit.net 00:00:00.61]       Stack Trace:&#xD;
[xUnit.net 00:00:00.61]         C:\Users\futiliter\Downloads\Telegram Desktop\Openbullet 1.4.4 Anomaly Modded Version\OpenBulletRecreation\OpenBullet.Core.Tests\Step13_ConfigurationEditorTests.cs(483,0): at OpenBullet.Core.Tests.LoliScriptValidator.ValidateScript(String script)&#xD;
[xUnit.net 00:00:00.61]         C:\Users\futiliter\Downloads\Telegram Desktop\Openbullet 1.4.4 Anomaly Modded Version\OpenBulletRecreation\OpenBullet.Core.Tests\Step13_ConfigurationEditorTests.cs(136,0): at OpenBullet.Core.Tests.Step13_ConfigurationEditorTests.ValidateScript_Should_Detect_Syntax_Errors(String invalidScript, String expectedErrorType)&#xD;
[xUnit.net 00:00:00.61]            at System.RuntimeMethodHandle.InvokeMethod(Object target, Void** arguments, Signature sig, Boolean isConstructor)&#xD;
[xUnit.net 00:00:00.61]            at System.Reflection.MethodBaseInvoker.InvokeDirectByRefWithFewArgs(Object obj, Span`1 copyOfArgs, BindingFlags invokeAttr)&#xD;
[xUnit.net 00:00:00.61]       System.NotImplementedException : To be implemented in Step 13&#xD;
[xUnit.net 00:00:00.61]       Stack Trace:&#xD;
[xUnit.net 00:00:00.61]         C:\Users\futiliter\Downloads\Telegram Desktop\Openbullet 1.4.4 Anomaly Modded Version\OpenBulletRecreation\OpenBullet.Core.Tests\Step13_ConfigurationEditorTests.cs(483,0): at OpenBullet.Core.Tests.LoliScriptValidator.ValidateScript(String script)&#xD;
[xUnit.net 00:00:00.61]         C:\Users\futiliter\Downloads\Telegram Desktop\Openbullet 1.4.4 Anomaly Modded Version\OpenBulletRecreation\OpenBullet.Core.Tests\Step13_ConfigurationEditorTests.cs(136,0): at OpenBullet.Core.Tests.Step13_ConfigurationEditorTests.ValidateScript_Should_Detect_Syntax_Errors(String invalidScript, String expectedErrorType)&#xD;
[xUnit.net 00:00:00.61]            at InvokeStub_Step13_ConfigurationEditorTests.ValidateScript_Should_Detect_Syntax_Errors(Object, Span`1)&#xD;
[xUnit.net 00:00:00.61]            at System.Reflection.MethodBaseInvoker.InvokeWithFewArgs(Object obj, BindingFlags invokeAttr, Binder binder, Object[] parameters, CultureInfo culture)&#xD;
[xUnit.net 00:00:00.61]       System.NotImplementedException : To be implemented in Step 13&#xD;
[xUnit.net 00:00:00.61]       Stack Trace:&#xD;
[xUnit.net 00:00:00.61]         C:\Users\futiliter\Downloads\Telegram Desktop\Openbullet 1.4.4 Anomaly Modded Version\OpenBulletRecreation\OpenBullet.Core.Tests\Step13_ConfigurationEditorTests.cs(483,0): at OpenBullet.Core.Tests.LoliScriptValidator.ValidateScript(String script)&#xD;
[xUnit.net 00:00:00.61]         C:\Users\futiliter\Downloads\Telegram Desktop\Openbullet 1.4.4 Anomaly Modded Version\OpenBulletRecreation\OpenBullet.Core.Tests\Step13_ConfigurationEditorTests.cs(136,0): at OpenBullet.Core.Tests.Step13_ConfigurationEditorTests.ValidateScript_Should_Detect_Syntax_Errors(String invalidScript, String expectedErrorType)&#xD;
[xUnit.net 00:00:00.61]            at InvokeStub_Step13_ConfigurationEditorTests.ValidateScript_Should_Detect_Syntax_Errors(Object, Span`1)&#xD;
[xUnit.net 00:00:00.61]            at System.Reflection.MethodBaseInvoker.InvokeWithFewArgs(Object obj, BindingFlags invokeAttr, Binder binder, Object[] parameters, CultureInfo culture)&#xD;
[xUnit.net 00:00:00.61]       System.NotImplementedException : To be implemented in Step 13&#xD;
[xUnit.net 00:00:00.61]       Stack Trace:&#xD;
[xUnit.net 00:00:00.61]         C:\Users\futiliter\Downloads\Telegram Desktop\Openbullet 1.4.4 Anomaly Modded Version\OpenBulletRecreation\OpenBullet.Core.Tests\Step13_ConfigurationEditorTests.cs(483,0): at OpenBullet.Core.Tests.LoliScriptValidator.ValidateScript(String script)&#xD;
[xUnit.net 00:00:00.61]         C:\Users\futiliter\Downloads\Telegram Desktop\Openbullet 1.4.4 Anomaly Modded Version\OpenBulletRecreation\OpenBullet.Core.Tests\Step13_ConfigurationEditorTests.cs(136,0): at OpenBullet.Core.Tests.Step13_ConfigurationEditorTests.ValidateScript_Should_Detect_Syntax_Errors(String invalidScript, String expectedErrorType)&#xD;
[xUnit.net 00:00:00.62]            at InvokeStub_Step13_ConfigurationEditorTests.ValidateScript_Should_Detect_Syntax_Errors(Object, Span`1)&#xD;
[xUnit.net 00:00:00.62]            at System.Reflection.MethodBaseInvoker.InvokeWithFewArgs(Object obj, BindingFlags invokeAttr, Binder binder, Object[] parameters, CultureInfo culture)&#xD;
[xUnit.net 00:00:00.62]       System.NotImplementedException : To be implemented in Step 13&#xD;
[xUnit.net 00:00:00.62]       Stack Trace:&#xD;
[xUnit.net 00:00:00.62]         C:\Users\futiliter\Downloads\Telegram Desktop\Openbullet 1.4.4 Anomaly Modded Version\OpenBulletRecreation\OpenBullet.Core.Tests\Step13_ConfigurationEditorTests.cs(483,0): at OpenBullet.Core.Tests.LoliScriptValidator.ValidateScript(String script)&#xD;
[xUnit.net 00:00:00.62]         C:\Users\futiliter\Downloads\Telegram Desktop\Openbullet 1.4.4 Anomaly Modded Version\OpenBulletRecreation\OpenBullet.Core.Tests\Step13_ConfigurationEditorTests.cs(136,0): at OpenBullet.Core.Tests.Step13_ConfigurationEditorTests.ValidateScript_Should_Detect_Syntax_Errors(String invalidScript, String expectedErrorType)&#xD;
[xUnit.net 00:00:00.62]            at InvokeStub_Step13_ConfigurationEditorTests.ValidateScript_Should_Detect_Syntax_Errors(Object, Span`1)&#xD;
[xUnit.net 00:00:00.62]            at System.Reflection.MethodBaseInvoker.InvokeWithFewArgs(Object obj, BindingFlags invokeAttr, Binder binder, Object[] parameters, CultureInfo culture)&#xD;
[xUnit.net 00:00:00.62]       System.NotImplementedException : To be implemented in Step 13&#xD;
[xUnit.net 00:00:00.62]       Stack Trace:&#xD;
[xUnit.net 00:00:00.62]         C:\Users\futiliter\Downloads\Telegram Desktop\Openbullet 1.4.4 Anomaly Modded Version\OpenBulletRecreation\OpenBullet.Core.Tests\Step13_ConfigurationEditorTests.cs(492,0): at OpenBullet.Core.Tests.AutoCompletionProvider.GetCompletions(CompletionContext context)&#xD;
[xUnit.net 00:00:00.62]         C:\Users\futiliter\Downloads\Telegram Desktop\Openbullet 1.4.4 Anomaly Modded Version\OpenBulletRecreation\OpenBullet.Core.Tests\Step13_ConfigurationEditorTests.cs(242,0): at OpenBullet.Core.Tests.Step13_ConfigurationEditorTests.GetCompletions_Should_Return_Variable_Suggestions()&#xD;
[xUnit.net 00:00:00.62]            at System.RuntimeMethodHandle.InvokeMethod(Object target, Void** arguments, Signature sig, Boolean isConstructor)&#xD;
[xUnit.net 00:00:00.62]            at System.Reflection.MethodBaseInvoker.InvokeWithNoArgs(Object obj, BindingFlags invokeAttr)&#xD;
[xUnit.net 00:00:00.62]       System.NotImplementedException : To be implemented in Step 13&#xD;
[xUnit.net 00:00:00.62]       Stack Trace:&#xD;
[xUnit.net 00:00:00.62]         C:\Users\futiliter\Downloads\Telegram Desktop\Openbullet 1.4.4 Anomaly Modded Version\OpenBulletRecreation\OpenBullet.Core.Tests\Step13_ConfigurationEditorTests.cs(498,0): at OpenBullet.Core.Tests.AutoCompletionProvider.GetParameterHints(CompletionContext context)&#xD;
[xUnit.net 00:00:00.62]         C:\Users\futiliter\Downloads\Telegram Desktop\Openbullet 1.4.4 Anomaly Modded Version\OpenBulletRecreation\OpenBullet.Core.Tests\Step13_ConfigurationEditorTests.cs(262,0): at OpenBullet.Core.Tests.Step13_ConfigurationEditorTests.GetParameterHints_Should_Return_Command_Help()&#xD;
[xUnit.net 00:00:00.62]            at System.RuntimeMethodHandle.InvokeMethod(Object target, Void** arguments, Signature sig, Boolean isConstructor)&#xD;
[xUnit.net 00:00:00.62]            at System.Reflection.MethodBaseInvoker.InvokeWithNoArgs(Object obj, BindingFlags invokeAttr)&#xD;
[xUnit.net 00:00:00.62]       System.NotImplementedException : To be implemented in Step 13&#xD;
[xUnit.net 00:00:00.62]       Stack Trace:&#xD;
[xUnit.net 00:00:00.62]         C:\Users\futiliter\Downloads\Telegram Desktop\Openbullet 1.4.4 Anomaly Modded Version\OpenBulletRecreation\OpenBullet.Core.Tests\Step13_ConfigurationEditorTests.cs(483,0): at OpenBullet.Core.Tests.LoliScriptValidator.ValidateScript(String script)&#xD;
[xUnit.net 00:00:00.62]         C:\Users\futiliter\Downloads\Telegram Desktop\Openbullet 1.4.4 Anomaly Modded Version\OpenBulletRecreation\OpenBullet.Core.Tests\Step13_ConfigurationEditorTests.cs(176,0): at OpenBullet.Core.Tests.Step13_ConfigurationEditorTests.ValidateScript_Should_Check_Variable_Usage()&#xD;
[xUnit.net 00:00:00.62]            at System.RuntimeMethodHandle.InvokeMethod(Object target, Void** arguments, Signature sig, Boolean isConstructor)&#xD;
[xUnit.net 00:00:00.62]            at System.Reflection.MethodBaseInvoker.InvokeWithNoArgs(Object obj, BindingFlags invokeAttr)&#xD;
[xUnit.net 00:00:00.63]       System.NotImplementedException : To be implemented in Step 13&#xD;
[xUnit.net 00:00:00.63]       Stack Trace:&#xD;
[xUnit.net 00:00:00.63]         C:\Users\futiliter\Downloads\Telegram Desktop\Openbullet 1.4.4 Anomaly Modded Version\OpenBulletRecreation\OpenBullet.Core.Tests\Step13_ConfigurationEditorTests.cs(483,0): at OpenBullet.Core.Tests.LoliScriptValidator.ValidateScript(String script)&#xD;
[xUnit.net 00:00:00.63]         C:\Users\futiliter\Downloads\Telegram Desktop\Openbullet 1.4.4 Anomaly Modded Version\OpenBulletRecreation\OpenBullet.Core.Tests\Step13_ConfigurationEditorTests.cs(156,0): at OpenBullet.Core.Tests.Step13_ConfigurationEditorTests.ValidateScript_Should_Detect_Logical_Warnings()&#xD;
[xUnit.net 00:00:00.63]            at System.RuntimeMethodHandle.InvokeMethod(Object target, Void** arguments, Signature sig, Boolean isConstructor)&#xD;
[xUnit.net 00:00:00.63]            at System.Reflection.MethodBaseInvoker.InvokeWithNoArgs(Object obj, BindingFlags invokeAttr)&#xD;
[xUnit.net 00:00:00.63]       System.NotImplementedException : To be implemented in Step 13&#xD;
[xUnit.net 00:00:00.63]       Stack Trace:&#xD;
[xUnit.net 00:00:00.63]         C:\Users\futiliter\Downloads\Telegram Desktop\Openbullet 1.4.4 Anomaly Modded Version\OpenBulletRecreation\OpenBullet.Core.Tests\Step13_ConfigurationEditorTests.cs(468,0): at OpenBullet.Core.Tests.SyntaxHighlightingService.HighlightSyntax(String script)&#xD;
[xUnit.net 00:00:00.64]         C:\Users\futiliter\Downloads\Telegram Desktop\Openbullet 1.4.4 Anomaly Modded Version\OpenBulletRecreation\OpenBullet.Core.Tests\Step13_ConfigurationEditorTests.cs(285,0): at OpenBullet.Core.Tests.Step13_ConfigurationEditorTests.SyntaxHighlighting_Should_Be_Fast_For_Large_Scripts()&#xD;
[xUnit.net 00:00:00.64]            at System.RuntimeMethodHandle.InvokeMethod(Object target, Void** arguments, Signature sig, Boolean isConstructor)&#xD;
[xUnit.net 00:00:00.64]            at System.Reflection.MethodBaseInvoker.InvokeWithNoArgs(Object obj, BindingFlags invokeAttr)&#xD;
[xUnit.net 00:00:00.64]       System.NotImplementedException : To be implemented in Step 13&#xD;
[xUnit.net 00:00:00.64]       Stack Trace:&#xD;
[xUnit.net 00:00:00.64]         C:\Users\futiliter\Downloads\Telegram Desktop\Openbullet 1.4.4 Anomaly Modded Version\OpenBulletRecreation\OpenBullet.Core.Tests\Step13_ConfigurationEditorTests.cs(483,0): at OpenBullet.Core.Tests.LoliScriptValidator.ValidateScript(String script)&#xD;
[xUnit.net 00:00:00.64]         C:\Users\futiliter\Downloads\Telegram Desktop\Openbullet 1.4.4 Anomaly Modded Version\OpenBulletRecreation\OpenBullet.Core.Tests\Step13_ConfigurationEditorTests.cs(118,0): at OpenBullet.Core.Tests.Step13_ConfigurationEditorTests.ValidateScript_Should_Accept_Valid_LoliScript()&#xD;
[xUnit.net 00:00:00.64]            at System.RuntimeMethodHandle.InvokeMethod(Object target, Void** arguments, Signature sig, Boolean isConstructor)&#xD;
[xUnit.net 00:00:00.64]            at System.Reflection.MethodBaseInvoker.InvokeWithNoArgs(Object obj, BindingFlags invokeAttr)&#xD;
[xUnit.net 00:00:00.64]       System.NotImplementedException : To be implemented in Step 13&#xD;
[xUnit.net 00:00:00.64]       Stack Trace:&#xD;
[xUnit.net 00:00:00.64]         C:\Users\futiliter\Downloads\Telegram Desktop\Openbullet 1.4.4 Anomaly Modded Version\OpenBulletRecreation\OpenBullet.Core.Tests\Step13_ConfigurationEditorTests.cs(492,0): at OpenBullet.Core.Tests.AutoCompletionProvider.GetCompletions(CompletionContext context)&#xD;
[xUnit.net 00:00:00.64]         C:\Users\futiliter\Downloads\Telegram Desktop\Openbullet 1.4.4 Anomaly Modded Version\OpenBulletRecreation\OpenBullet.Core.Tests\Step13_ConfigurationEditorTests.cs(220,0): at OpenBullet.Core.Tests.Step13_ConfigurationEditorTests.GetCompletions_Should_Return_Parameter_Suggestions()&#xD;
[xUnit.net 00:00:00.64]            at System.RuntimeMethodHandle.InvokeMethod(Object target, Void** arguments, Signature sig, Boolean isConstructor)&#xD;
[xUnit.net 00:00:00.64]            at System.Reflection.MethodBaseInvoker.InvokeWithNoArgs(Object obj, BindingFlags invokeAttr)&#xD;
[xUnit.net 00:00:00.64]       System.NotImplementedException : To be implemented in Step 13&#xD;
[xUnit.net 00:00:00.64]       Stack Trace:&#xD;
[xUnit.net 00:00:00.64]         C:\Users\futiliter\Downloads\Telegram Desktop\Openbullet 1.4.4 Anomaly Modded Version\OpenBulletRecreation\OpenBullet.Core.Tests\Step13_ConfigurationEditorTests.cs(492,0): at OpenBullet.Core.Tests.AutoCompletionProvider.GetCompletions(CompletionContext context)&#xD;
[xUnit.net 00:00:00.64]         C:\Users\futiliter\Downloads\Telegram Desktop\Openbullet 1.4.4 Anomaly Modded Version\OpenBulletRecreation\OpenBullet.Core.Tests\Step13_ConfigurationEditorTests.cs(306,0): at OpenBullet.Core.Tests.Step13_ConfigurationEditorTests.AutoCompletion_Should_Be_Fast()&#xD;
[xUnit.net 00:00:00.64]            at System.RuntimeMethodHandle.InvokeMethod(Object target, Void** arguments, Signature sig, Boolean isConstructor)&#xD;
[xUnit.net 00:00:00.64]            at System.Reflection.MethodBaseInvoker.InvokeWithNoArgs(Object obj, BindingFlags invokeAttr)&#xD;
[xUnit.net 00:00:00.65]       System.NotImplementedException : To be implemented in Step 13&#xD;
[xUnit.net 00:00:00.65]       Stack Trace:&#xD;
[xUnit.net 00:00:00.65]         C:\Users\futiliter\Downloads\Telegram Desktop\Openbullet 1.4.4 Anomaly Modded Version\OpenBulletRecreation\OpenBullet.Core.Tests\Step13_ConfigurationEditorTests.cs(474,0): at OpenBullet.Core.Tests.SyntaxHighlightingService.GetColorScheme(String themeName)&#xD;
[xUnit.net 00:00:00.65]         C:\Users\futiliter\Downloads\Telegram Desktop\Openbullet 1.4.4 Anomaly Modded Version\OpenBulletRecreation\OpenBullet.Core.Tests\Step13_ConfigurationEditorTests.cs(92,0): at OpenBullet.Core.Tests.Step13_ConfigurationEditorTests.GetColorScheme_Should_Return_Valid_Theme_Colors()&#xD;
[xUnit.net 00:00:00.65]            at System.RuntimeMethodHandle.InvokeMethod(Object target, Void** arguments, Signature sig, Boolean isConstructor)&#xD;
[xUnit.net 00:00:00.65]            at System.Reflection.MethodBaseInvoker.InvokeWithNoArgs(Object obj, BindingFlags invokeAttr)&#xD;
[xUnit.net 00:00:00.86]       Expected loadedCount to be 2, but found 3.&#xD;
[xUnit.net 00:00:00.86]       Stack Trace:&#xD;
[xUnit.net 00:00:00.86]            at FluentAssertions.Execution.XUnit2TestFramework.Throw(String message)&#xD;
[xUnit.net 00:00:00.86]            at FluentAssertions.Execution.TestFrameworkProvider.Throw(String message)&#xD;
[xUnit.net 00:00:00.86]            at FluentAssertions.Execution.DefaultAssertionStrategy.HandleFailure(String message)&#xD;
[xUnit.net 00:00:00.86]            at FluentAssertions.Execution.AssertionScope.FailWith(Func`1 failReasonFunc)&#xD;
[xUnit.net 00:00:00.86]            at FluentAssertions.Execution.AssertionScope.FailWith(Func`1 failReasonFunc)&#xD;
[xUnit.net 00:00:00.86]            at FluentAssertions.Execution.AssertionScope.FailWith(String message, Object[] args)&#xD;
[xUnit.net 00:00:00.86]            at FluentAssertions.Numeric.NumericAssertions`2.Be(T expected, String because, Object[] becauseArgs)&#xD;
[xUnit.net 00:00:00.86]         C:\Users\futiliter\Downloads\Telegram Desktop\Openbullet 1.4.4 Anomaly Modded Version\OpenBulletRecreation\OpenBullet.Core.Tests\Step10_ProxyManagerTests.cs(87,0): at OpenBullet.Core.Tests.Step10_ProxyManagerTests.LoadProxiesFromListAsync_With_Invalid_Proxies_Should_Skip_Invalid_Ones()&#xD;
[xUnit.net 00:00:00.86]         --- End of stack trace from previous location ---&#xD;
[xUnit.net 00:00:00.86]       Expected result.Metadata["ExecutionRate"] to be 50.0, but found 8473.14014573801.&#xD;
[xUnit.net 00:00:00.86]       Stack Trace:&#xD;
[xUnit.net 00:00:00.86]            at FluentAssertions.Execution.XUnit2TestFramework.Throw(String message)&#xD;
[xUnit.net 00:00:00.86]            at FluentAssertions.Execution.TestFrameworkProvider.Throw(String message)&#xD;
[xUnit.net 00:00:00.86]            at FluentAssertions.Execution.DefaultAssertionStrategy.HandleFailure(String message)&#xD;
[xUnit.net 00:00:00.86]            at FluentAssertions.Execution.AssertionScope.FailWith(Func`1 failReasonFunc)&#xD;
[xUnit.net 00:00:00.86]            at FluentAssertions.Execution.AssertionScope.FailWith(Func`1 failReasonFunc)&#xD;
[xUnit.net 00:00:00.86]            at FluentAssertions.Execution.AssertionScope.FailWith(String message, Object[] args)&#xD;
[xUnit.net 00:00:00.86]            at FluentAssertions.Primitives.ObjectAssertions`2.Be(TSubject expected, String because, Object[] becauseArgs)&#xD;
[xUnit.net 00:00:00.86]         C:\Users\futiliter\Downloads\Telegram Desktop\Openbullet 1.4.4 Anomaly Modded Version\OpenBulletRecreation\OpenBullet.Core.Tests\Step9_BotRunnerTests.cs(431,0): at OpenBullet.Core.Tests.Step9_BotRunnerTests.EnhancedBotRunner_Should_Add_Analysis_Metadata()&#xD;
[xUnit.net 00:00:00.86]         --- End of stack trace from previous location ---&#xD;
[xUnit.net 00:00:00.87]       Expected result.IsValid to be true, but found False.&#xD;
[xUnit.net 00:00:00.87]       Stack Trace:&#xD;
[xUnit.net 00:00:00.87]            at FluentAssertions.Execution.XUnit2TestFramework.Throw(String message)&#xD;
[xUnit.net 00:00:00.87]            at FluentAssertions.Execution.TestFrameworkProvider.Throw(String message)&#xD;
[xUnit.net 00:00:00.87]            at FluentAssertions.Execution.DefaultAssertionStrategy.HandleFailure(String message)&#xD;
[xUnit.net 00:00:00.87]            at FluentAssertions.Execution.AssertionScope.FailWith(Func`1 failReasonFunc)&#xD;
[xUnit.net 00:00:00.87]            at FluentAssertions.Execution.AssertionScope.FailWith(Func`1 failReasonFunc)&#xD;
[xUnit.net 00:00:00.87]            at FluentAssertions.Execution.AssertionScope.FailWith(String message, Object[] args)&#xD;
[xUnit.net 00:00:00.87]            at FluentAssertions.Primitives.BooleanAssertions`1.BeTrue(String because, Object[] becauseArgs)&#xD;
[xUnit.net 00:00:00.87]         C:\Users\futiliter\Downloads\Telegram Desktop\Openbullet 1.4.4 Anomaly Modded Version\OpenBulletRecreation\OpenBullet.Core.Tests\Step7_ParseCommandTests.cs(537,0): at OpenBullet.Core.Tests.Step7_ParseCommandTests.ValidateInstruction_Without_Redirector_Should_Warn()&#xD;
[xUnit.net 00:00:00.87]            at System.RuntimeMethodHandle.InvokeMethod(Object target, Void** arguments, Signature sig, Boolean isConstructor)&#xD;
[xUnit.net 00:00:00.87]            at System.Reflection.MethodBaseInvoker.InvokeWithNoArgs(Object obj, BindingFlags invokeAttr)&#xD;
[xUnit.net 00:00:00.87]       Expected parseSuccess to be true, but found False.&#xD;
[xUnit.net 00:00:00.87]       Stack Trace:&#xD;
[xUnit.net 00:00:00.87]            at FluentAssertions.Execution.XUnit2TestFramework.Throw(String message)&#xD;
[xUnit.net 00:00:00.87]            at FluentAssertions.Execution.TestFrameworkProvider.Throw(String message)&#xD;
[xUnit.net 00:00:00.87]            at FluentAssertions.Execution.DefaultAssertionStrategy.HandleFailure(String message)&#xD;
[xUnit.net 00:00:00.87]            at FluentAssertions.Execution.AssertionScope.FailWith(Func`1 failReasonFunc)&#xD;
[xUnit.net 00:00:00.87]            at FluentAssertions.Execution.AssertionScope.FailWith(Func`1 failReasonFunc)&#xD;
[xUnit.net 00:00:00.87]            at FluentAssertions.Execution.AssertionScope.FailWith(String message, Object[] args)&#xD;
[xUnit.net 00:00:00.87]            at FluentAssertions.Primitives.BooleanAssertions`1.BeTrue(String because, Object[] becauseArgs)&#xD;
[xUnit.net 00:00:00.87]         C:\Users\futiliter\Downloads\Telegram Desktop\Openbullet 1.4.4 Anomaly Modded Version\OpenBulletRecreation\OpenBullet.Core.Tests\Step7_ValidationTests.cs(431,0): at OpenBullet.Core.Tests.Step7_ValidationTests.ParseType_String_Conversion_Should_Work(String stringValue, ParseType expectedType)&#xD;
[xUnit.net 00:00:00.87]            at System.RuntimeMethodHandle.InvokeMethod(Object target, Void** arguments, Signature sig, Boolean isConstructor)&#xD;
[xUnit.net 00:00:00.87]            at System.Reflection.MethodBaseInvoker.InvokeDirectByRefWithFewArgs(Object obj, Span`1 copyOfArgs, BindingFlags invokeAttr)&#xD;
[xUnit.net 00:00:00.91]       Expected methods {OpenBullet.Core.Parsing.ParseResult Parse(System.String, System.String, OpenBullet.Core.Parsing.ParseOptions), OpenBullet.Core.Parsing.ParseType get_ParserType(), Boolean IsValidPattern(System.String)} to have an item matching (m.Name == "ParserType").&#xD;
[xUnit.net 00:00:00.91]       Stack Trace:&#xD;
[xUnit.net 00:00:00.91]            at FluentAssertions.Execution.XUnit2TestFramework.Throw(String message)&#xD;
[xUnit.net 00:00:00.91]            at FluentAssertions.Execution.TestFrameworkProvider.Throw(String message)&#xD;
[xUnit.net 00:00:00.91]            at FluentAssertions.Execution.DefaultAssertionStrategy.HandleFailure(String message)&#xD;
[xUnit.net 00:00:00.91]            at FluentAssertions.Execution.AssertionScope.FailWith(Func`1 failReasonFunc)&#xD;
[xUnit.net 00:00:00.91]            at FluentAssertions.Execution.AssertionScope.FailWith(Func`1 failReasonFunc)&#xD;
[xUnit.net 00:00:00.91]            at FluentAssertions.Execution.AssertionScope.FailWith(String message, Object[] args)&#xD;
[xUnit.net 00:00:00.91]            at FluentAssertions.Collections.GenericCollectionAssertions`3.Contain(Expression`1 predicate, String because, Object[] becauseArgs)&#xD;
[xUnit.net 00:00:00.92]         C:\Users\futiliter\Downloads\Telegram Desktop\Openbullet 1.4.4 Anomaly Modded Version\OpenBulletRecreation\OpenBullet.Core.Tests\Step7_ValidationTests.cs(27,0): at OpenBullet.Core.Tests.Step7_ValidationTests.IDataParser_Interface_Should_Be_Properly_Defined()&#xD;
[xUnit.net 00:00:00.92]            at System.RuntimeMethodHandle.InvokeMethod(Object target, Void** arguments, Signature sig, Boolean isConstructor)&#xD;
[xUnit.net 00:00:00.92]            at System.Reflection.MethodBaseInvoker.InvokeWithNoArgs(Object obj, BindingFlags invokeAttr)&#xD;
[xUnit.net 00:00:00.93]       Expected result.Success to be true, but found False.&#xD;
[xUnit.net 00:00:00.93]       Stack Trace:&#xD;
[xUnit.net 00:00:00.93]            at FluentAssertions.Execution.XUnit2TestFramework.Throw(String message)&#xD;
[xUnit.net 00:00:00.93]            at FluentAssertions.Execution.TestFrameworkProvider.Throw(String message)&#xD;
[xUnit.net 00:00:00.93]            at FluentAssertions.Execution.DefaultAssertionStrategy.HandleFailure(String message)&#xD;
[xUnit.net 00:00:00.93]            at FluentAssertions.Execution.AssertionScope.FailWith(Func`1 failReasonFunc)&#xD;
[xUnit.net 00:00:00.93]            at FluentAssertions.Execution.AssertionScope.FailWith(Func`1 failReasonFunc)&#xD;
[xUnit.net 00:00:00.93]            at FluentAssertions.Execution.AssertionScope.FailWith(String message, Object[] args)&#xD;
[xUnit.net 00:00:00.93]            at FluentAssertions.Primitives.BooleanAssertions`1.BeTrue(String because, Object[] becauseArgs)&#xD;
[xUnit.net 00:00:00.93]         C:\Users\futiliter\Downloads\Telegram Desktop\Openbullet 1.4.4 Anomaly Modded Version\OpenBulletRecreation\OpenBullet.Core.Tests\Step7_ParseCommandTests.cs(421,0): at OpenBullet.Core.Tests.Step7_ParseCommandTests.ExecuteAsync_With_No_Matches_Should_Set_Empty_Variable()&#xD;
[xUnit.net 00:00:00.93]         --- End of stack trace from previous location ---&#xD;
[xUnit.net 00:00:00.94]       Expected result.IsValid to be true, but found False.&#xD;
[xUnit.net 00:00:00.94]       Stack Trace:&#xD;
[xUnit.net 00:00:00.94]            at FluentAssertions.Execution.XUnit2TestFramework.Throw(String message)&#xD;
[xUnit.net 00:00:00.94]            at FluentAssertions.Execution.TestFrameworkProvider.Throw(String message)&#xD;
[xUnit.net 00:00:00.94]            at FluentAssertions.Execution.DefaultAssertionStrategy.HandleFailure(String message)&#xD;
[xUnit.net 00:00:00.94]            at FluentAssertions.Execution.AssertionScope.FailWith(Func`1 failReasonFunc)&#xD;
[xUnit.net 00:00:00.94]            at FluentAssertions.Execution.AssertionScope.FailWith(Func`1 failReasonFunc)&#xD;
[xUnit.net 00:00:00.94]            at FluentAssertions.Execution.AssertionScope.FailWith(String message, Object[] args)&#xD;
[xUnit.net 00:00:00.94]            at FluentAssertions.Primitives.BooleanAssertions`1.BeTrue(String because, Object[] becauseArgs)&#xD;
[xUnit.net 00:00:00.94]         C:\Users\futiliter\Downloads\Telegram Desktop\Openbullet 1.4.4 Anomaly Modded Version\OpenBulletRecreation\OpenBullet.Core.Tests\Step7_ParseCommandTests.cs(451,0): at OpenBullet.Core.Tests.Step7_ParseCommandTests.ValidateInstruction_With_Valid_Instruction_Should_Pass()&#xD;
[xUnit.net 00:00:00.94]            at System.RuntimeMethodHandle.InvokeMethod(Object target, Void** arguments, Signature sig, Boolean isConstructor)&#xD;
[xUnit.net 00:00:00.94]            at System.Reflection.MethodBaseInvoker.InvokeWithNoArgs(Object obj, BindingFlags invokeAttr)&#xD;
[xUnit.net 00:00:00.96]       Expected result.IsValid to be true, but found False.&#xD;
[xUnit.net 00:00:00.96]       Stack Trace:&#xD;
[xUnit.net 00:00:00.96]            at FluentAssertions.Execution.XUnit2TestFramework.Throw(String message)&#xD;
[xUnit.net 00:00:00.96]            at FluentAssertions.Execution.TestFrameworkProvider.Throw(String message)&#xD;
[xUnit.net 00:00:00.96]            at FluentAssertions.Execution.DefaultAssertionStrategy.HandleFailure(String message)&#xD;
[xUnit.net 00:00:00.96]            at FluentAssertions.Execution.AssertionScope.FailWith(Func`1 failReasonFunc)&#xD;
[xUnit.net 00:00:00.96]            at FluentAssertions.Execution.AssertionScope.FailWith(Func`1 failReasonFunc)&#xD;
[xUnit.net 00:00:00.96]            at FluentAssertions.Execution.AssertionScope.FailWith(String message, Object[] args)&#xD;
[xUnit.net 00:00:00.96]            at FluentAssertions.Primitives.BooleanAssertions`1.BeTrue(String because, Object[] becauseArgs)&#xD;
[xUnit.net 00:00:00.96]         C:\Users\futiliter\Downloads\Telegram Desktop\Openbullet 1.4.4 Anomaly Modded Version\OpenBulletRecreation\OpenBullet.Core.Tests\Step7_ParseCommandTests.cs(596,0): at OpenBullet.Core.Tests.Step7_ParseCommandTests.ValidateInstruction_With_Valid_Parse_Types_Should_Pass(String parseType)&#xD;
[xUnit.net 00:00:00.96]            at InvokeStub_Step7_ParseCommandTests.ValidateInstruction_With_Valid_Parse_Types_Should_Pass(Object, Span`1)&#xD;
[xUnit.net 00:00:00.96]            at System.Reflection.MethodBaseInvoker.InvokeWithOneArg(Object obj, BindingFlags invokeAttr, Binder binder, Object[] parameters, CultureInfo culture)&#xD;
[xUnit.net 00:00:00.97]       Expected validResult.IsValid to be true, but found False.&#xD;
[xUnit.net 00:00:00.97]       Stack Trace:&#xD;
[xUnit.net 00:00:00.97]            at FluentAssertions.Execution.XUnit2TestFramework.Throw(String message)&#xD;
[xUnit.net 00:00:00.97]            at FluentAssertions.Execution.TestFrameworkProvider.Throw(String message)&#xD;
[xUnit.net 00:00:00.97]            at FluentAssertions.Execution.DefaultAssertionStrategy.HandleFailure(String message)&#xD;
[xUnit.net 00:00:00.97]            at FluentAssertions.Execution.AssertionScope.FailWith(Func`1 failReasonFunc)&#xD;
[xUnit.net 00:00:00.97]            at FluentAssertions.Execution.AssertionScope.FailWith(Func`1 failReasonFunc)&#xD;
[xUnit.net 00:00:00.97]            at FluentAssertions.Execution.AssertionScope.FailWith(String message, Object[] args)&#xD;
[xUnit.net 00:00:00.97]            at FluentAssertions.Primitives.BooleanAssertions`1.BeTrue(String because, Object[] becauseArgs)&#xD;
[xUnit.net 00:00:00.97]         C:\Users\futiliter\Downloads\Telegram Desktop\Openbullet 1.4.4 Anomaly Modded Version\OpenBulletRecreation\OpenBullet.Core.Tests\Step7_ValidationTests.cs(289,0): at OpenBullet.Core.Tests.Step7_ValidationTests.ParseCommand_Should_Validate_Basic_Instructions()&#xD;
[xUnit.net 00:00:00.97]            at System.RuntimeMethodHandle.InvokeMethod(Object target, Void** arguments, Signature sig, Boolean isConstructor)&#xD;
[xUnit.net 00:00:00.97]            at System.Reflection.MethodBaseInvoker.InvokeWithNoArgs(Object obj, BindingFlags invokeAttr)&#xD;
[xUnit.net 00:00:00.98]       Expected result.Success to be true, but found False.&#xD;
[xUnit.net 00:00:00.98]       Stack Trace:&#xD;
[xUnit.net 00:00:00.98]            at FluentAssertions.Execution.XUnit2TestFramework.Throw(String message)&#xD;
[xUnit.net 00:00:00.98]            at FluentAssertions.Execution.TestFrameworkProvider.Throw(String message)&#xD;
[xUnit.net 00:00:00.98]            at FluentAssertions.Execution.DefaultAssertionStrategy.HandleFailure(String message)&#xD;
[xUnit.net 00:00:00.98]            at FluentAssertions.Execution.AssertionScope.FailWith(Func`1 failReasonFunc)&#xD;
[xUnit.net 00:00:00.98]            at FluentAssertions.Execution.AssertionScope.FailWith(Func`1 failReasonFunc)&#xD;
[xUnit.net 00:00:00.98]            at FluentAssertions.Execution.AssertionScope.FailWith(String message, Object[] args)&#xD;
[xUnit.net 00:00:00.98]            at FluentAssertions.Primitives.BooleanAssertions`1.BeTrue(String because, Object[] becauseArgs)&#xD;
[xUnit.net 00:00:00.98]         C:\Users\futiliter\Downloads\Telegram Desktop\Openbullet 1.4.4 Anomaly Modded Version\OpenBulletRecreation\OpenBullet.Core.Tests\Step7_ParseCommandTests.cs(346,0): at OpenBullet.Core.Tests.Step7_ParseCommandTests.ExecuteAsync_With_Prefix_And_Suffix_Should_Apply_Formatting()&#xD;
[xUnit.net 00:00:00.98]         --- End of stack trace from previous location ---&#xD;
[xUnit.net 00:00:00.99]       Expected result.Success to be true, but found False.&#xD;
[xUnit.net 00:00:00.99]       Stack Trace:&#xD;
[xUnit.net 00:00:00.99]            at FluentAssertions.Execution.XUnit2TestFramework.Throw(String message)&#xD;
[xUnit.net 00:00:00.99]            at FluentAssertions.Execution.TestFrameworkProvider.Throw(String message)&#xD;
[xUnit.net 00:00:00.99]            at FluentAssertions.Execution.DefaultAssertionStrategy.HandleFailure(String message)&#xD;
[xUnit.net 00:00:00.99]            at FluentAssertions.Execution.AssertionScope.FailWith(Func`1 failReasonFunc)&#xD;
[xUnit.net 00:00:00.99]            at FluentAssertions.Execution.AssertionScope.FailWith(Func`1 failReasonFunc)&#xD;
[xUnit.net 00:00:00.99]            at FluentAssertions.Execution.AssertionScope.FailWith(String message, Object[] args)&#xD;
[xUnit.net 00:00:00.99]            at FluentAssertions.Primitives.BooleanAssertions`1.BeTrue(String because, Object[] becauseArgs)&#xD;
[xUnit.net 00:00:00.99]         C:\Users\futiliter\Downloads\Telegram Desktop\Openbullet 1.4.4 Anomaly Modded Version\OpenBulletRecreation\OpenBullet.Core.Tests\Step7_ParseCommandTests.cs(99,0): at OpenBullet.Core.Tests.Step7_ParseCommandTests.ExecuteAsync_With_LR_Parser_Should_Extract_Data()&#xD;
[xUnit.net 00:00:00.99]         --- End of stack trace from previous location ---&#xD;
[xUnit.net 00:00:01.00]       Expected result.Success to be true, but found False.&#xD;
[xUnit.net 00:00:01.00]       Stack Trace:&#xD;
[xUnit.net 00:00:01.00]            at FluentAssertions.Execution.XUnit2TestFramework.Throw(String message)&#xD;
[xUnit.net 00:00:01.00]            at FluentAssertions.Execution.TestFrameworkProvider.Throw(String message)&#xD;
[xUnit.net 00:00:01.00]            at FluentAssertions.Execution.DefaultAssertionStrategy.HandleFailure(String message)&#xD;
[xUnit.net 00:00:01.00]            at FluentAssertions.Execution.AssertionScope.FailWith(Func`1 failReasonFunc)&#xD;
[xUnit.net 00:00:01.00]            at FluentAssertions.Execution.AssertionScope.FailWith(Func`1 failReasonFunc)&#xD;
[xUnit.net 00:00:01.00]            at FluentAssertions.Execution.AssertionScope.FailWith(String message, Object[] args)&#xD;
[xUnit.net 00:00:01.00]            at FluentAssertions.Primitives.BooleanAssertions`1.BeTrue(String because, Object[] becauseArgs)&#xD;
[xUnit.net 00:00:01.00]         C:\Users\futiliter\Downloads\Telegram Desktop\Openbullet 1.4.4 Anomaly Modded Version\OpenBulletRecreation\OpenBullet.Core.Tests\Step7_ParsersTests.cs(265,0): at OpenBullet.Core.Tests.Step7_ParsersTests.CssParser_Should_Handle_Invalid_HTML()&#xD;
[xUnit.net 00:00:01.00]            at System.RuntimeMethodHandle.InvokeMethod(Object target, Void** arguments, Signature sig, Boolean isConstructor)&#xD;
[xUnit.net 00:00:01.00]            at System.Reflection.MethodBaseInvoker.InvokeWithNoArgs(Object obj, BindingFlags invokeAttr)&#xD;
[xUnit.net 00:00:01.05]       Expected proxyJobManager to be assignable to OpenBullet.Core.Jobs.IJobManager, but OpenBullet.Core.Jobs.ProxyJobManager is not.&#xD;
[xUnit.net 00:00:01.06]       Stack Trace:&#xD;
[xUnit.net 00:00:01.06]            at FluentAssertions.Execution.XUnit2TestFramework.Throw(String message)&#xD;
[xUnit.net 00:00:01.06]            at FluentAssertions.Execution.TestFrameworkProvider.Throw(String message)&#xD;
[xUnit.net 00:00:01.06]            at FluentAssertions.Execution.DefaultAssertionStrategy.HandleFailure(String message)&#xD;
[xUnit.net 00:00:01.06]            at FluentAssertions.Execution.AssertionScope.FailWith(Func`1 failReasonFunc)&#xD;
[xUnit.net 00:00:01.06]            at FluentAssertions.Execution.AssertionScope.FailWith(Func`1 failReasonFunc)&#xD;
[xUnit.net 00:00:01.06]            at FluentAssertions.Execution.AssertionScope.FailWith(String message, Object[] args)&#xD;
[xUnit.net 00:00:01.06]            at FluentAssertions.Primitives.ReferenceTypeAssertions`2.BeAssignableTo[T](String because, Object[] becauseArgs)&#xD;
[xUnit.net 00:00:01.06]         C:\Users\futiliter\Downloads\Telegram Desktop\Openbullet 1.4.4 Anomaly Modded Version\OpenBulletRecreation\OpenBullet.Core.Tests\Step10_ValidationTests.cs(396,0): at OpenBullet.Core.Tests.Step10_ValidationTests.All_Components_Should_Be_Testable_Together()&#xD;
[xUnit.net 00:00:01.06]            at System.RuntimeMethodHandle.InvokeMethod(Object target, Void** arguments, Signature sig, Boolean isConstructor)&#xD;
[xUnit.net 00:00:01.06]            at System.Reflection.MethodBaseInvoker.InvokeWithNoArgs(Object obj, BindingFlags invokeAttr)&#xD;
[xUnit.net 00:00:01.08]       Expected statistics.LocalVariableCount to be 3, but found 4.&#xD;
[xUnit.net 00:00:01.08]       Stack Trace:&#xD;
[xUnit.net 00:00:01.08]            at FluentAssertions.Execution.XUnit2TestFramework.Throw(String message)&#xD;
[xUnit.net 00:00:01.08]            at FluentAssertions.Execution.TestFrameworkProvider.Throw(String message)&#xD;
[xUnit.net 00:00:01.08]            at FluentAssertions.Execution.DefaultAssertionStrategy.HandleFailure(String message)&#xD;
[xUnit.net 00:00:01.08]            at FluentAssertions.Execution.AssertionScope.FailWith(Func`1 failReasonFunc)&#xD;
[xUnit.net 00:00:01.08]            at FluentAssertions.Execution.AssertionScope.FailWith(Func`1 failReasonFunc)&#xD;
[xUnit.net 00:00:01.08]            at FluentAssertions.Execution.AssertionScope.FailWith(String message, Object[] args)&#xD;
[xUnit.net 00:00:01.08]            at FluentAssertions.Numeric.NumericAssertions`2.Be(T expected, String because, Object[] becauseArgs)&#xD;
[xUnit.net 00:00:01.08]         C:\Users\futiliter\Downloads\Telegram Desktop\Openbullet 1.4.4 Anomaly Modded Version\OpenBulletRecreation\OpenBullet.Core.Tests\Step5_VariableManagerTests.cs(437,0): at OpenBullet.Core.Tests.Step5_VariableManagerTests.GetStatistics_Should_Return_Correct_Statistics()&#xD;
[xUnit.net 00:00:01.08]            at System.RuntimeMethodHandle.InvokeMethod(Object target, Void** arguments, Signature sig, Boolean isConstructor)&#xD;
[xUnit.net 00:00:01.08]            at System.Reflection.MethodBaseInvoker.InvokeWithNoArgs(Object obj, BindingFlags invokeAttr)&#xD;
[xUnit.net 00:00:01.08]       Expected stats.GlobalVariableCount to be 1, but found 4.&#xD;
[xUnit.net 00:00:01.08]       Stack Trace:&#xD;
[xUnit.net 00:00:01.08]            at FluentAssertions.Execution.XUnit2TestFramework.Throw(String message)&#xD;
[xUnit.net 00:00:01.08]            at FluentAssertions.Execution.TestFrameworkProvider.Throw(String message)&#xD;
[xUnit.net 00:00:01.08]            at FluentAssertions.Execution.DefaultAssertionStrategy.HandleFailure(String message)&#xD;
[xUnit.net 00:00:01.08]            at FluentAssertions.Execution.AssertionScope.FailWith(Func`1 failReasonFunc)&#xD;
[xUnit.net 00:00:01.08]            at FluentAssertions.Execution.AssertionScope.FailWith(Func`1 failReasonFunc)&#xD;
[xUnit.net 00:00:01.08]            at FluentAssertions.Execution.AssertionScope.FailWith(String message, Object[] args)&#xD;
[xUnit.net 00:00:01.08]            at FluentAssertions.Numeric.NumericAssertions`2.Be(T expected, String because, Object[] becauseArgs)&#xD;
[xUnit.net 00:00:01.08]         C:\Users\futiliter\Downloads\Telegram Desktop\Openbullet 1.4.4 Anomaly Modded Version\OpenBulletRecreation\OpenBullet.Core.Tests\Step5_ValidationTests.cs(389,0): at OpenBullet.Core.Tests.Step5_ValidationTests.VariableManager_Should_Track_Statistics()&#xD;
[xUnit.net 00:00:01.08]            at System.RuntimeMethodHandle.InvokeMethod(Object target, Void** arguments, Signature sig, Boolean isConstructor)&#xD;
[xUnit.net 00:00:01.08]            at System.Reflection.MethodBaseInvoker.InvokeWithNoArgs(Object obj, BindingFlags invokeAttr)&#xD;
[xUnit.net 00:00:01.10]       Expected result.Success to be true, but found False.&#xD;
[xUnit.net 00:00:01.10]       Stack Trace:&#xD;
[xUnit.net 00:00:01.10]            at FluentAssertions.Execution.XUnit2TestFramework.Throw(String message)&#xD;
[xUnit.net 00:00:01.10]            at FluentAssertions.Execution.TestFrameworkProvider.Throw(String message)&#xD;
[xUnit.net 00:00:01.10]            at FluentAssertions.Execution.DefaultAssertionStrategy.HandleFailure(String message)&#xD;
[xUnit.net 00:00:01.10]            at FluentAssertions.Execution.AssertionScope.FailWith(Func`1 failReasonFunc)&#xD;
[xUnit.net 00:00:01.10]            at FluentAssertions.Execution.AssertionScope.FailWith(Func`1 failReasonFunc)&#xD;
[xUnit.net 00:00:01.10]            at FluentAssertions.Execution.AssertionScope.FailWith(String message, Object[] args)&#xD;
[xUnit.net 00:00:01.10]            at FluentAssertions.Primitives.BooleanAssertions`1.BeTrue(String because, Object[] becauseArgs)&#xD;
[xUnit.net 00:00:01.10]         C:\Users\futiliter\Downloads\Telegram Desktop\Openbullet 1.4.4 Anomaly Modded Version\OpenBulletRecreation\OpenBullet.Core.Tests\Step9_ScriptEngineTests.cs(218,0): at OpenBullet.Core.Tests.Step9_ScriptEngineTests.ExecuteAsync_With_Stop_Flow_Control_Should_Stop_Execution()&#xD;
[xUnit.net 00:00:01.10]         --- End of stack trace from previous location ---&#xD;
[xUnit.net 00:00:01.11]       Expected result.ErrorMessage to be "Script execution was cancelled", but found &lt;null&gt;.&#xD;
[xUnit.net 00:00:01.11]       Stack Trace:&#xD;
[xUnit.net 00:00:01.11]            at FluentAssertions.Execution.XUnit2TestFramework.Throw(String message)&#xD;
[xUnit.net 00:00:01.11]            at FluentAssertions.Execution.TestFrameworkProvider.Throw(String message)&#xD;
[xUnit.net 00:00:01.11]            at FluentAssertions.Execution.DefaultAssertionStrategy.HandleFailure(String message)&#xD;
[xUnit.net 00:00:01.11]            at FluentAssertions.Execution.AssertionScope.FailWith(Func`1 failReasonFunc)&#xD;
[xUnit.net 00:00:01.11]            at FluentAssertions.Execution.AssertionScope.FailWith(Func`1 failReasonFunc)&#xD;
[xUnit.net 00:00:01.12]            at FluentAssertions.Execution.AssertionScope.FailWith(String message, Object[] args)&#xD;
[xUnit.net 00:00:01.12]            at FluentAssertions.Primitives.StringValidator.ValidateAgainstNulls()&#xD;
[xUnit.net 00:00:01.12]            at FluentAssertions.Primitives.StringValidator.Validate()&#xD;
[xUnit.net 00:00:01.12]            at FluentAssertions.Primitives.StringAssertions`1.Be(String expected, String because, Object[] becauseArgs)&#xD;
[xUnit.net 00:00:01.12]         C:\Users\futiliter\Downloads\Telegram Desktop\Openbullet 1.4.4 Anomaly Modded Version\OpenBulletRecreation\OpenBullet.Core.Tests\Step9_ScriptEngineTests.cs(280,0): at OpenBullet.Core.Tests.Step9_ScriptEngineTests.ExecuteAsync_With_Cancellation_Should_Cancel_Gracefully()&#xD;
[xUnit.net 00:00:01.12]         --- End of stack trace from previous location ---&#xD;
[xUnit.net 00:00:01.12]       Expected result.Success to be true, but found False.&#xD;
[xUnit.net 00:00:01.12]       Stack Trace:&#xD;
[xUnit.net 00:00:01.12]            at FluentAssertions.Execution.XUnit2TestFramework.Throw(String message)&#xD;
[xUnit.net 00:00:01.12]            at FluentAssertions.Execution.TestFrameworkProvider.Throw(String message)&#xD;
[xUnit.net 00:00:01.12]            at FluentAssertions.Execution.DefaultAssertionStrategy.HandleFailure(String message)&#xD;
[xUnit.net 00:00:01.12]            at FluentAssertions.Execution.AssertionScope.FailWith(Func`1 failReasonFunc)&#xD;
[xUnit.net 00:00:01.12]            at FluentAssertions.Execution.AssertionScope.FailWith(Func`1 failReasonFunc)&#xD;
[xUnit.net 00:00:01.12]            at FluentAssertions.Execution.AssertionScope.FailWith(String message, Object[] args)&#xD;
[xUnit.net 00:00:01.12]            at FluentAssertions.Primitives.BooleanAssertions`1.BeTrue(String because, Object[] becauseArgs)&#xD;
[xUnit.net 00:00:01.12]         C:\Users\futiliter\Downloads\Telegram Desktop\Openbullet 1.4.4 Anomaly Modded Version\OpenBulletRecreation\OpenBullet.Core.Tests\Step9_ScriptEngineTests.cs(250,0): at OpenBullet.Core.Tests.Step9_ScriptEngineTests.ExecuteAsync_Should_Update_Statistics()&#xD;
[xUnit.net 00:00:01.12]         --- End of stack trace from previous location ---&#xD;
[xUnit.net 00:00:01.13]       Expected proxyJobManager to be assignable to OpenBullet.Core.Jobs.IJobManager, but OpenBullet.Core.Jobs.ProxyJobManager is not.&#xD;
[xUnit.net 00:00:01.13]       Stack Trace:&#xD;
[xUnit.net 00:00:01.13]            at FluentAssertions.Execution.XUnit2TestFramework.Throw(String message)&#xD;
[xUnit.net 00:00:01.13]            at FluentAssertions.Execution.TestFrameworkProvider.Throw(String message)&#xD;
[xUnit.net 00:00:01.13]            at FluentAssertions.Execution.DefaultAssertionStrategy.HandleFailure(String message)&#xD;
[xUnit.net 00:00:01.13]            at FluentAssertions.Execution.AssertionScope.FailWith(Func`1 failReasonFunc)&#xD;
[xUnit.net 00:00:01.13]            at FluentAssertions.Execution.AssertionScope.FailWith(Func`1 failReasonFunc)&#xD;
[xUnit.net 00:00:01.13]            at FluentAssertions.Execution.AssertionScope.FailWith(String message, Object[] args)&#xD;
[xUnit.net 00:00:01.13]            at FluentAssertions.Primitives.ReferenceTypeAssertions`2.BeAssignableTo[T](String because, Object[] becauseArgs)&#xD;
[xUnit.net 00:00:01.13]         C:\Users\futiliter\Downloads\Telegram Desktop\Openbullet 1.4.4 Anomaly Modded Version\OpenBulletRecreation\OpenBullet.Core.Tests\Step10_ValidationTests.cs(69,0): at OpenBullet.Core.Tests.Step10_ValidationTests.ProxyJobManager_Can_Be_Created_With_Valid_Dependencies()&#xD;
[xUnit.net 00:00:01.13]            at System.RuntimeMethodHandle.InvokeMethod(Object target, Void** arguments, Signature sig, Boolean isConstructor)&#xD;
[xUnit.net 00:00:01.13]            at System.Reflection.MethodBaseInvoker.InvokeWithNoArgs(Object obj, BindingFlags invokeAttr)&#xD;
[xUnit.net 00:00:01.13]       Expected command1 not to be &lt;null&gt;.&#xD;
[xUnit.net 00:00:01.13]       Stack Trace:&#xD;
[xUnit.net 00:00:01.13]            at FluentAssertions.Execution.XUnit2TestFramework.Throw(String message)&#xD;
[xUnit.net 00:00:01.13]            at FluentAssertions.Execution.TestFrameworkProvider.Throw(String message)&#xD;
[xUnit.net 00:00:01.13]            at FluentAssertions.Execution.DefaultAssertionStrategy.HandleFailure(String message)&#xD;
[xUnit.net 00:00:01.13]            at FluentAssertions.Execution.AssertionScope.FailWith(Func`1 failReasonFunc)&#xD;
[xUnit.net 00:00:01.13]            at FluentAssertions.Execution.AssertionScope.FailWith(Func`1 failReasonFunc)&#xD;
[xUnit.net 00:00:01.13]            at FluentAssertions.Execution.AssertionScope.FailWith(String message)&#xD;
[xUnit.net 00:00:01.13]            at FluentAssertions.Primitives.ReferenceTypeAssertions`2.NotBeNull(String because, Object[] becauseArgs)&#xD;
[xUnit.net 00:00:01.13]         C:\Users\futiliter\Downloads\Telegram Desktop\Openbullet 1.4.4 Anomaly Modded Version\OpenBulletRecreation\OpenBullet.Core.Tests\Step6_CommandFactoryTests.cs(227,0): at OpenBullet.Core.Tests.Step6_CommandFactoryTests.Case_Insensitive_Operations_Should_Work()&#xD;
[xUnit.net 00:00:01.13]            at System.RuntimeMethodHandle.InvokeMethod(Object target, Void** arguments, Signature sig, Boolean isConstructor)&#xD;
[xUnit.net 00:00:01.13]            at System.Reflection.MethodBaseInvoker.InvokeWithNoArgs(Object obj, BindingFlags invokeAttr)&#xD;
[xUnit.net 00:00:01.14]       Expected result.Success to be true, but found False.&#xD;
[xUnit.net 00:00:01.14]       Stack Trace:&#xD;
[xUnit.net 00:00:01.14]            at FluentAssertions.Execution.XUnit2TestFramework.Throw(String message)&#xD;
[xUnit.net 00:00:01.14]            at FluentAssertions.Execution.TestFrameworkProvider.Throw(String message)&#xD;
[xUnit.net 00:00:01.14]            at FluentAssertions.Execution.DefaultAssertionStrategy.HandleFailure(String message)&#xD;
[xUnit.net 00:00:01.14]            at FluentAssertions.Execution.AssertionScope.FailWith(Func`1 failReasonFunc)&#xD;
[xUnit.net 00:00:01.14]            at FluentAssertions.Execution.AssertionScope.FailWith(Func`1 failReasonFunc)&#xD;
[xUnit.net 00:00:01.14]            at FluentAssertions.Execution.AssertionScope.FailWith(String message, Object[] args)&#xD;
[xUnit.net 00:00:01.14]            at FluentAssertions.Primitives.BooleanAssertions`1.BeTrue(String because, Object[] becauseArgs)&#xD;
[xUnit.net 00:00:01.14]         C:\Users\futiliter\Downloads\Telegram Desktop\Openbullet 1.4.4 Anomaly Modded Version\OpenBulletRecreation\OpenBullet.Core.Tests\Step9_ScriptEngineTests.cs(94,0): at OpenBullet.Core.Tests.Step9_ScriptEngineTests.ExecuteAsync_With_Single_Command_Should_Execute_Successfully()&#xD;
[xUnit.net 00:00:01.14]         --- End of stack trace from previous location ---&#xD;
[xUnit.net 00:00:01.16]       Expected result.Success to be true, but found False.&#xD;
[xUnit.net 00:00:01.16]       Stack Trace:&#xD;
[xUnit.net 00:00:01.16]            at FluentAssertions.Execution.XUnit2TestFramework.Throw(String message)&#xD;
[xUnit.net 00:00:01.16]            at FluentAssertions.Execution.TestFrameworkProvider.Throw(String message)&#xD;
[xUnit.net 00:00:01.16]            at FluentAssertions.Execution.DefaultAssertionStrategy.HandleFailure(String message)&#xD;
[xUnit.net 00:00:01.16]            at FluentAssertions.Execution.AssertionScope.FailWith(Func`1 failReasonFunc)&#xD;
[xUnit.net 00:00:01.16]            at FluentAssertions.Execution.AssertionScope.FailWith(Func`1 failReasonFunc)&#xD;
[xUnit.net 00:00:01.16]            at FluentAssertions.Execution.AssertionScope.FailWith(String message, Object[] args)&#xD;
[xUnit.net 00:00:01.16]            at FluentAssertions.Primitives.BooleanAssertions`1.BeTrue(String because, Object[] becauseArgs)&#xD;
[xUnit.net 00:00:01.17]         C:\Users\futiliter\Downloads\Telegram Desktop\Openbullet 1.4.4 Anomaly Modded Version\OpenBulletRecreation\OpenBullet.Core.Tests\Step9_ScriptEngineTests.cs(182,0): at OpenBullet.Core.Tests.Step9_ScriptEngineTests.ExecuteAsync_With_Comments_Should_Skip_Comments()&#xD;
[xUnit.net 00:00:01.17]         --- End of stack trace from previous location ---&#xD;
[xUnit.net 00:00:01.18]       System.NotImplementedException : To be implemented in Step 13&#xD;
[xUnit.net 00:00:01.18]       Stack Trace:&#xD;
[xUnit.net 00:00:01.18]         C:\Users\futiliter\Downloads\Telegram Desktop\Openbullet 1.4.4 Anomaly Modded Version\OpenBulletRecreation\OpenBullet.Core.Tests\Step13_ConfigurationEditorTests.cs(462,0): at OpenBullet.Core.Tests.SyntaxHighlightingService.TokenizeScript(String script)&#xD;
[xUnit.net 00:00:01.18]         C:\Users\futiliter\Downloads\Telegram Desktop\Openbullet 1.4.4 Anomaly Modded Version\OpenBulletRecreation\OpenBullet.Core.Tests\Step13_CoreServicesTests.cs(236,0): at OpenBullet.Core.Tests.Step13_CoreServicesTests.SyntaxHighlightingService_Should_Handle_Empty_Input()&#xD;
[xUnit.net 00:00:01.18]            at System.RuntimeMethodHandle.InvokeMethod(Object target, Void** arguments, Signature sig, Boolean isConstructor)&#xD;
[xUnit.net 00:00:01.18]            at System.Reflection.MethodBaseInvoker.InvokeWithNoArgs(Object obj, BindingFlags invokeAttr)&#xD;
[xUnit.net 00:00:01.18]       System.NotImplementedException : To be implemented in Step 13&#xD;
[xUnit.net 00:00:01.18]       Stack Trace:&#xD;
[xUnit.net 00:00:01.18]         C:\Users\futiliter\Downloads\Telegram Desktop\Openbullet 1.4.4 Anomaly Modded Version\OpenBulletRecreation\OpenBullet.Core.Tests\Step13_ConfigurationEditorTests.cs(483,0): at OpenBullet.Core.Tests.LoliScriptValidator.ValidateScript(String script)&#xD;
[xUnit.net 00:00:01.18]         C:\Users\futiliter\Downloads\Telegram Desktop\Openbullet 1.4.4 Anomaly Modded Version\OpenBulletRecreation\OpenBullet.Core.Tests\Step13_CoreServicesTests.cs(202,0): at OpenBullet.Core.Tests.Step13_CoreServicesTests.LoliScriptValidator_Should_Validate_Line()&#xD;
[xUnit.net 00:00:01.18]            at System.RuntimeMethodHandle.InvokeMethod(Object target, Void** arguments, Signature sig, Boolean isConstructor)&#xD;
[xUnit.net 00:00:01.19]            at System.Reflection.MethodBaseInvoker.InvokeWithNoArgs(Object obj, BindingFlags invokeAttr)&#xD;
[xUnit.net 00:00:01.19]       System.NotImplementedException : To be implemented in Step 13&#xD;
[xUnit.net 00:00:01.19]       Stack Trace:&#xD;
[xUnit.net 00:00:01.19]         C:\Users\futiliter\Downloads\Telegram Desktop\Openbullet 1.4.4 Anomaly Modded Version\OpenBulletRecreation\OpenBullet.Core.Tests\Step13_ConfigurationEditorTests.cs(474,0): at OpenBullet.Core.Tests.SyntaxHighlightingService.GetColorScheme(String themeName)&#xD;
[xUnit.net 00:00:01.19]         C:\Users\futiliter\Downloads\Telegram Desktop\Openbullet 1.4.4 Anomaly Modded Version\OpenBulletRecreation\OpenBullet.Core.Tests\Step13_CoreServicesTests.cs(87,0): at OpenBullet.Core.Tests.Step13_CoreServicesTests.SyntaxHighlightingService_Should_Return_Color_Schemes()&#xD;
[xUnit.net 00:00:01.19]            at System.RuntimeMethodHandle.InvokeMethod(Object target, Void** arguments, Signature sig, Boolean isConstructor)&#xD;
[xUnit.net 00:00:01.19]            at System.Reflection.MethodBaseInvoker.InvokeWithNoArgs(Object obj, BindingFlags invokeAttr)&#xD;
[xUnit.net 00:00:01.19]       System.NotImplementedException : To be implemented in Step 13&#xD;
[xUnit.net 00:00:01.19]       Stack Trace:&#xD;
[xUnit.net 00:00:01.19]         C:\Users\futiliter\Downloads\Telegram Desktop\Openbullet 1.4.4 Anomaly Modded Version\OpenBulletRecreation\OpenBullet.Core.Tests\Step13_ConfigurationEditorTests.cs(462,0): at OpenBullet.Core.Tests.SyntaxHighlightingService.TokenizeScript(String script)&#xD;
[xUnit.net 00:00:01.19]         C:\Users\futiliter\Downloads\Telegram Desktop\Openbullet 1.4.4 Anomaly Modded Version\OpenBulletRecreation\OpenBullet.Core.Tests\Step13_CoreServicesTests.cs(38,0): at OpenBullet.Core.Tests.Step13_CoreServicesTests.SyntaxHighlightingService_Should_Tokenize_Simple_Command()&#xD;
[xUnit.net 00:00:01.19]            at System.RuntimeMethodHandle.InvokeMethod(Object target, Void** arguments, Signature sig, Boolean isConstructor)&#xD;
[xUnit.net 00:00:01.19]            at System.Reflection.MethodBaseInvoker.InvokeWithNoArgs(Object obj, BindingFlags invokeAttr)&#xD;
[xUnit.net 00:00:01.19]       System.NotImplementedException : To be implemented in Step 13&#xD;
[xUnit.net 00:00:01.19]       Stack Trace:&#xD;
[xUnit.net 00:00:01.19]         C:\Users\futiliter\Downloads\Telegram Desktop\Openbullet 1.4.4 Anomaly Modded Version\OpenBulletRecreation\OpenBullet.Core.Tests\Step13_ConfigurationEditorTests.cs(483,0): at OpenBullet.Core.Tests.LoliScriptValidator.ValidateScript(String script)&#xD;
[xUnit.net 00:00:01.19]         C:\Users\futiliter\Downloads\Telegram Desktop\Openbullet 1.4.4 Anomaly Modded Version\OpenBulletRecreation\OpenBullet.Core.Tests\Step13_CoreServicesTests.cs(168,0): at OpenBullet.Core.Tests.Step13_CoreServicesTests.LoliScriptValidator_Should_Validate_Valid_Script()&#xD;
[xUnit.net 00:00:01.19]            at System.RuntimeMethodHandle.InvokeMethod(Object target, Void** arguments, Signature sig, Boolean isConstructor)&#xD;
[xUnit.net 00:00:01.19]            at System.Reflection.MethodBaseInvoker.InvokeWithNoArgs(Object obj, BindingFlags invokeAttr)&#xD;
[xUnit.net 00:00:01.19]       System.NotImplementedException : To be implemented in Step 13&#xD;
[xUnit.net 00:00:01.19]       Stack Trace:&#xD;
[xUnit.net 00:00:01.19]         C:\Users\futiliter\Downloads\Telegram Desktop\Openbullet 1.4.4 Anomaly Modded Version\OpenBulletRecreation\OpenBullet.Core.Tests\Step13_ConfigurationEditorTests.cs(462,0): at OpenBullet.Core.Tests.SyntaxHighlightingService.TokenizeScript(String script)&#xD;
[xUnit.net 00:00:01.19]         C:\Users\futiliter\Downloads\Telegram Desktop\Openbullet 1.4.4 Anomaly Modded Version\OpenBulletRecreation\OpenBullet.Core.Tests\Step13_CoreServicesTests.cs(55,0): at OpenBullet.Core.Tests.Step13_CoreServicesTests.SyntaxHighlightingService_Should_Handle_Comments()&#xD;
[xUnit.net 00:00:01.19]            at System.RuntimeMethodHandle.InvokeMethod(Object target, Void** arguments, Signature sig, Boolean isConstructor)&#xD;
[xUnit.net 00:00:01.19]            at System.Reflection.MethodBaseInvoker.InvokeWithNoArgs(Object obj, BindingFlags invokeAttr)&#xD;
[xUnit.net 00:00:01.20]       System.NotImplementedException : To be implemented in Step 13&#xD;
[xUnit.net 00:00:01.20]       Stack Trace:&#xD;
[xUnit.net 00:00:01.20]         C:\Users\futiliter\Downloads\Telegram Desktop\Openbullet 1.4.4 Anomaly Modded Version\OpenBulletRecreation\OpenBullet.Core.Tests\Step13_ConfigurationEditorTests.cs(483,0): at OpenBullet.Core.Tests.LoliScriptValidator.ValidateScript(String script)&#xD;
[xUnit.net 00:00:01.20]         C:\Users\futiliter\Downloads\Telegram Desktop\Openbullet 1.4.4 Anomaly Modded Version\OpenBulletRecreation\OpenBullet.Core.Tests\Step13_CoreServicesTests.cs(221,0): at OpenBullet.Core.Tests.Step13_CoreServicesTests.LoliScriptValidator_Should_Handle_Empty_Input()&#xD;
[xUnit.net 00:00:01.20]            at System.RuntimeMethodHandle.InvokeMethod(Object target, Void** arguments, Signature sig, Boolean isConstructor)&#xD;
[xUnit.net 00:00:01.20]            at System.Reflection.MethodBaseInvoker.InvokeWithNoArgs(Object obj, BindingFlags invokeAttr)&#xD;
[xUnit.net 00:00:01.20]       System.NotImplementedException : To be implemented in Step 13&#xD;
[xUnit.net 00:00:01.20]       Stack Trace:&#xD;
[xUnit.net 00:00:01.20]         C:\Users\futiliter\Downloads\Telegram Desktop\Openbullet 1.4.4 Anomaly Modded Version\OpenBulletRecreation\OpenBullet.Core.Tests\Step13_ConfigurationEditorTests.cs(483,0): at OpenBullet.Core.Tests.LoliScriptValidator.ValidateScript(String script)&#xD;
[xUnit.net 00:00:01.20]         C:\Users\futiliter\Downloads\Telegram Desktop\Openbullet 1.4.4 Anomaly Modded Version\OpenBulletRecreation\OpenBullet.Core.Tests\Step13_CoreServicesTests.cs(184,0): at OpenBullet.Core.Tests.Step13_CoreServicesTests.LoliScriptValidator_Should_Detect_Invalid_Command()&#xD;
[xUnit.net 00:00:01.20]            at System.RuntimeMethodHandle.InvokeMethod(Object target, Void** arguments, Signature sig, Boolean isConstructor)&#xD;
[xUnit.net 00:00:01.20]            at System.Reflection.MethodBaseInvoker.InvokeWithNoArgs(Object obj, BindingFlags invokeAttr)&#xD;
[xUnit.net 00:00:01.20]       System.NotImplementedException : To be implemented in Step 13&#xD;
[xUnit.net 00:00:01.20]       Stack Trace:&#xD;
[xUnit.net 00:00:01.20]         C:\Users\futiliter\Downloads\Telegram Desktop\Openbullet 1.4.4 Anomaly Modded Version\OpenBulletRecreation\OpenBullet.Core.Tests\Step13_ConfigurationEditorTests.cs(492,0): at OpenBullet.Core.Tests.AutoCompletionProvider.GetCompletions(CompletionContext context)&#xD;
[xUnit.net 00:00:01.20]         C:\Users\futiliter\Downloads\Telegram Desktop\Openbullet 1.4.4 Anomaly Modded Version\OpenBulletRecreation\OpenBullet.Core.Tests\Step13_CoreServicesTests.cs(251,0): at OpenBullet.Core.Tests.Step13_CoreServicesTests.AutoCompletionProvider_Should_Handle_Empty_Context()&#xD;
[xUnit.net 00:00:01.20]            at System.RuntimeMethodHandle.InvokeMethod(Object target, Void** arguments, Signature sig, Boolean isConstructor)&#xD;
[xUnit.net 00:00:01.20]            at System.Reflection.MethodBaseInvoker.InvokeWithNoArgs(Object obj, BindingFlags invokeAttr)&#xD;
[xUnit.net 00:00:01.20]       System.NotImplementedException : To be implemented in Step 13&#xD;
[xUnit.net 00:00:01.20]       Stack Trace:&#xD;
[xUnit.net 00:00:01.20]         C:\Users\futiliter\Downloads\Telegram Desktop\Openbullet 1.4.4 Anomaly Modded Version\OpenBulletRecreation\OpenBullet.Core.Tests\Step13_ConfigurationEditorTests.cs(462,0): at OpenBullet.Core.Tests.SyntaxHighlightingService.TokenizeScript(String script)&#xD;
[xUnit.net 00:00:01.20]         C:\Users\futiliter\Downloads\Telegram Desktop\Openbullet 1.4.4 Anomaly Modded Version\OpenBulletRecreation\OpenBullet.Core.Tests\Step13_CoreServicesTests.cs(72,0): at OpenBullet.Core.Tests.Step13_CoreServicesTests.SyntaxHighlightingService_Should_Identify_Variables()&#xD;
[xUnit.net 00:00:01.20]            at System.RuntimeMethodHandle.InvokeMethod(Object target, Void** arguments, Signature sig, Boolean isConstructor)&#xD;
[xUnit.net 00:00:01.20]            at System.Reflection.MethodBaseInvoker.InvokeWithNoArgs(Object obj, BindingFlags invokeAttr)&#xD;
[xUnit.net 00:00:01.21]       System.NotImplementedException : To be implemented in Step 13&#xD;
[xUnit.net 00:00:01.21]       Stack Trace:&#xD;
[xUnit.net 00:00:01.21]         C:\Users\futiliter\Downloads\Telegram Desktop\Openbullet 1.4.4 Anomaly Modded Version\OpenBulletRecreation\OpenBullet.Core.Tests\Step13_ConfigurationEditorTests.cs(498,0): at OpenBullet.Core.Tests.AutoCompletionProvider.GetParameterHints(CompletionContext context)&#xD;
[xUnit.net 00:00:01.21]         C:\Users\futiliter\Downloads\Telegram Desktop\Openbullet 1.4.4 Anomaly Modded Version\OpenBulletRecreation\OpenBullet.Core.Tests\Step13_CoreServicesTests.cs(140,0): at OpenBullet.Core.Tests.Step13_CoreServicesTests.AutoCompletionProvider_Should_Return_Parameter_Hints()&#xD;
[xUnit.net 00:00:01.21]            at System.RuntimeMethodHandle.InvokeMethod(Object target, Void** arguments, Signature sig, Boolean isConstructor)&#xD;
[xUnit.net 00:00:01.21]            at System.Reflection.MethodBaseInvoker.InvokeWithNoArgs(Object obj, BindingFlags invokeAttr)&#xD;
[xUnit.net 00:00:01.21]       System.NotImplementedException : To be implemented in Step 13&#xD;
[xUnit.net 00:00:01.21]       Stack Trace:&#xD;
[xUnit.net 00:00:01.21]         C:\Users\futiliter\Downloads\Telegram Desktop\Openbullet 1.4.4 Anomaly Modded Version\OpenBulletRecreation\OpenBullet.Core.Tests\Step13_ConfigurationEditorTests.cs(492,0): at OpenBullet.Core.Tests.AutoCompletionProvider.GetCompletions(CompletionContext context)&#xD;
[xUnit.net 00:00:01.21]         C:\Users\futiliter\Downloads\Telegram Desktop\Openbullet 1.4.4 Anomaly Modded Version\OpenBulletRecreation\OpenBullet.Core.Tests\Step13_CoreServicesTests.cs(120,0): at OpenBullet.Core.Tests.Step13_CoreServicesTests.AutoCompletionProvider_Should_Return_Command_Completions()&#xD;
[xUnit.net 00:00:01.21]            at System.RuntimeMethodHandle.InvokeMethod(Object target, Void** arguments, Signature sig, Boolean isConstructor)&#xD;
[xUnit.net 00:00:01.21]            at System.Reflection.MethodBaseInvoker.InvokeWithNoArgs(Object obj, BindingFlags invokeAttr)&#xD;
[xUnit.net 00:00:01.27]       Expected result.CustomStatus to be empty, but found &lt;null&gt;.&#xD;
[xUnit.net 00:00:01.27]       Stack Trace:&#xD;
[xUnit.net 00:00:01.27]            at FluentAssertions.Execution.XUnit2TestFramework.Throw(String message)&#xD;
[xUnit.net 00:00:01.27]            at FluentAssertions.Execution.TestFrameworkProvider.Throw(String message)&#xD;
[xUnit.net 00:00:01.27]            at FluentAssertions.Execution.DefaultAssertionStrategy.HandleFailure(String message)&#xD;
[xUnit.net 00:00:01.27]            at FluentAssertions.Execution.AssertionScope.FailWith(Func`1 failReasonFunc)&#xD;
[xUnit.net 00:00:01.27]            at FluentAssertions.Execution.AssertionScope.FailWith(Func`1 failReasonFunc)&#xD;
[xUnit.net 00:00:01.27]            at FluentAssertions.Execution.AssertionScope.FailWith(String message, Object[] args)&#xD;
[xUnit.net 00:00:01.27]            at FluentAssertions.Primitives.StringAssertions`1.BeEmpty(String because, Object[] becauseArgs)&#xD;
[xUnit.net 00:00:01.27]         C:\Users\futiliter\Downloads\Telegram Desktop\Openbullet 1.4.4 Anomaly Modded Version\OpenBulletRecreation\OpenBullet.Core.Tests\Step1_CoreInterfacesTests.cs(208,0): at OpenBullet.Core.Tests.Step1_CoreInterfacesTests.BotResult_Should_Initialize_With_Default_Values()&#xD;
[xUnit.net 00:00:01.27]            at System.RuntimeMethodHandle.InvokeMethod(Object target, Void** arguments, Signature sig, Boolean isConstructor)&#xD;
[xUnit.net 00:00:01.27]            at System.Reflection.MethodBaseInvoker.InvokeWithNoArgs(Object obj, BindingFlags invokeAttr)&#xD;
[xUnit.net 00:00:01.31]       Expected deserializedConfig.Script to be "PRINT Serialization test
REQUEST GET "https://test.com"" with a length of 55, but "PRINT Serialization test&#xD;
[xUnit.net 00:00:01.31]       REQUEST GET "https://test.com"" has a length of 56, differs near "&#xD;
[xUnit.net 00:00:01.31]       R" (index 24).&#xD;
[xUnit.net 00:00:01.31]       Stack Trace:&#xD;
[xUnit.net 00:00:01.31]            at FluentAssertions.Execution.XUnit2TestFramework.Throw(String message)&#xD;
[xUnit.net 00:00:01.31]            at FluentAssertions.Execution.TestFrameworkProvider.Throw(String message)&#xD;
[xUnit.net 00:00:01.31]            at FluentAssertions.Execution.DefaultAssertionStrategy.HandleFailure(String message)&#xD;
[xUnit.net 00:00:01.31]            at FluentAssertions.Execution.AssertionScope.FailWith(Func`1 failReasonFunc)&#xD;
[xUnit.net 00:00:01.31]            at FluentAssertions.Execution.AssertionScope.FailWith(Func`1 failReasonFunc)&#xD;
[xUnit.net 00:00:01.31]            at FluentAssertions.Primitives.StringEqualityValidator.ValidateAgainstLengthDifferences()&#xD;
[xUnit.net 00:00:01.31]            at FluentAssertions.Primitives.StringValidator.Validate()&#xD;
[xUnit.net 00:00:01.31]            at FluentAssertions.Primitives.StringAssertions`1.Be(String expected, String because, Object[] becauseArgs)&#xD;
[xUnit.net 00:00:01.31]         C:\Users\futiliter\Downloads\Telegram Desktop\Openbullet 1.4.4 Anomaly Modded Version\OpenBulletRecreation\OpenBullet.Core.Tests\Step3_ValidationTests.cs(121,0): at OpenBullet.Core.Tests.Step3_ValidationTests.SerializeConfig_Should_Generate_Parseable_Content()&#xD;
[xUnit.net 00:00:01.31]            at System.RuntimeMethodHandle.InvokeMethod(Object target, Void** arguments, Signature sig, Boolean isConstructor)&#xD;
[xUnit.net 00:00:01.31]            at System.Reflection.MethodBaseInvoker.InvokeWithNoArgs(Object obj, BindingFlags invokeAttr)&#xD;
[xUnit.net 00:00:01.35]       Expected result.ErrorMessage "Invalid proxy format. Expected: [type://][username:password@]host:port" to contain "Invalid port number: abc".&#xD;
[xUnit.net 00:00:01.35]       Stack Trace:&#xD;
[xUnit.net 00:00:01.35]            at FluentAssertions.Execution.XUnit2TestFramework.Throw(String message)&#xD;
[xUnit.net 00:00:01.35]            at FluentAssertions.Execution.TestFrameworkProvider.Throw(String message)&#xD;
[xUnit.net 00:00:01.35]            at FluentAssertions.Execution.DefaultAssertionStrategy.HandleFailure(String message)&#xD;
[xUnit.net 00:00:01.35]            at FluentAssertions.Execution.AssertionScope.FailWith(Func`1 failReasonFunc)&#xD;
[xUnit.net 00:00:01.35]            at FluentAssertions.Execution.AssertionScope.FailWith(Func`1 failReasonFunc)&#xD;
[xUnit.net 00:00:01.35]            at FluentAssertions.Execution.AssertionScope.FailWith(String message, Object[] args)&#xD;
[xUnit.net 00:00:01.35]            at FluentAssertions.Primitives.StringAssertions`1.Contain(String expected, String because, Object[] becauseArgs)&#xD;
[xUnit.net 00:00:01.35]         C:\Users\futiliter\Downloads\Telegram Desktop\Openbullet 1.4.4 Anomaly Modded Version\OpenBulletRecreation\OpenBullet.Core.Tests\Step10_ProxyExtensionsTests.cs(322,0): at OpenBullet.Core.Tests.Step10_ProxyExtensionsTests.ValidateProxy_Should_Validate_Proxy_Strings(String proxyString, Boolean expectedValid, String expectedError)&#xD;
[xUnit.net 00:00:01.35]            at InvokeStub_Step10_ProxyExtensionsTests.ValidateProxy_Should_Validate_Proxy_Strings(Object, Span`1)&#xD;
[xUnit.net 00:00:01.35]            at System.Reflection.MethodBaseInvoker.InvokeWithFewArgs(Object obj, BindingFlags invokeAttr, Binder binder, Object[] parameters, CultureInfo culture)&#xD;
[xUnit.net 00:00:01.37]       Expected score to approximate 67.6 +/- 0.5, but 74.0 differed by 6.400000000000006.&#xD;
[xUnit.net 00:00:01.37]       Stack Trace:&#xD;
[xUnit.net 00:00:01.37]            at FluentAssertions.Execution.XUnit2TestFramework.Throw(String message)&#xD;
[xUnit.net 00:00:01.37]            at FluentAssertions.Execution.TestFrameworkProvider.Throw(String message)&#xD;
[xUnit.net 00:00:01.37]            at FluentAssertions.Execution.DefaultAssertionStrategy.HandleFailure(String message)&#xD;
[xUnit.net 00:00:01.37]            at FluentAssertions.Execution.AssertionScope.FailWith(Func`1 failReasonFunc)&#xD;
[xUnit.net 00:00:01.37]            at FluentAssertions.Execution.AssertionScope.FailWith(Func`1 failReasonFunc)&#xD;
[xUnit.net 00:00:01.37]            at FluentAssertions.Execution.AssertionScope.FailWith(String message, Object[] args)&#xD;
[xUnit.net 00:00:01.37]            at FluentAssertions.NumericAssertionsExtensions.FailIfDifferenceOutsidePrecision[T](Boolean differenceWithinPrecision, NumericAssertions`1 parent, T expectedValue, T precision, T actualDifference, String because, Object[] becauseArgs)&#xD;
[xUnit.net 00:00:01.37]            at FluentAssertions.NumericAssertionsExtensions.BeApproximately(NumericAssertions`1 parent, Double expectedValue, Double precision, String because, Object[] becauseArgs)&#xD;
[xUnit.net 00:00:01.37]         C:\Users\futiliter\Downloads\Telegram Desktop\Openbullet 1.4.4 Anomaly Modded Version\OpenBulletRecreation\OpenBullet.Core.Tests\Step10_ProxyExtensionsTests.cs(205,0): at OpenBullet.Core.Tests.Step10_ProxyExtensionsTests.GetPerformanceScore_Should_Calculate_Correctly(ProxyHealth health, Double successRate, Int32 responseTimeMs, Double expectedScore)&#xD;
[xUnit.net 00:00:01.37]            at System.RuntimeMethodHandle.InvokeMethod(Object target, Void** arguments, Signature sig, Boolean isConstructor)&#xD;
[xUnit.net 00:00:01.37]            at System.Reflection.MethodBaseInvoker.InvokeDirectByRefWithFewArgs(Object obj, Span`1 copyOfArgs, BindingFlags invokeAttr)&#xD;
[xUnit.net 00:00:01.37]       Expected score to approximate 20.0 +/- 0.5, but 40.0 differed by 20.0.&#xD;
[xUnit.net 00:00:01.37]       Stack Trace:&#xD;
[xUnit.net 00:00:01.37]            at FluentAssertions.Execution.XUnit2TestFramework.Throw(String message)&#xD;
[xUnit.net 00:00:01.38]            at FluentAssertions.Execution.TestFrameworkProvider.Throw(String message)&#xD;
[xUnit.net 00:00:01.38]            at FluentAssertions.Execution.DefaultAssertionStrategy.HandleFailure(String message)&#xD;
[xUnit.net 00:00:01.38]            at FluentAssertions.Execution.AssertionScope.FailWith(Func`1 failReasonFunc)&#xD;
[xUnit.net 00:00:01.38]            at FluentAssertions.Execution.AssertionScope.FailWith(Func`1 failReasonFunc)&#xD;
[xUnit.net 00:00:01.38]            at FluentAssertions.Execution.AssertionScope.FailWith(String message, Object[] args)&#xD;
[xUnit.net 00:00:01.38]            at FluentAssertions.NumericAssertionsExtensions.FailIfDifferenceOutsidePrecision[T](Boolean differenceWithinPrecision, NumericAssertions`1 parent, T expectedValue, T precision, T actualDifference, String because, Object[] becauseArgs)&#xD;
[xUnit.net 00:00:01.38]            at FluentAssertions.NumericAssertionsExtensions.BeApproximately(NumericAssertions`1 parent, Double expectedValue, Double precision, String because, Object[] becauseArgs)&#xD;
[xUnit.net 00:00:01.38]         C:\Users\futiliter\Downloads\Telegram Desktop\Openbullet 1.4.4 Anomaly Modded Version\OpenBulletRecreation\OpenBullet.Core.Tests\Step10_ProxyExtensionsTests.cs(205,0): at OpenBullet.Core.Tests.Step10_ProxyExtensionsTests.GetPerformanceScore_Should_Calculate_Correctly(ProxyHealth health, Double successRate, Int32 responseTimeMs, Double expectedScore)&#xD;
[xUnit.net 00:00:01.38]            at InvokeStub_Step10_ProxyExtensionsTests.GetPerformanceScore_Should_Calculate_Correctly(Object, Span`1)&#xD;
[xUnit.net 00:00:01.38]            at System.Reflection.MethodBaseInvoker.InvokeWithFewArgs(Object obj, BindingFlags invokeAttr, Binder binder, Object[] parameters, CultureInfo culture)&#xD;
[xUnit.net 00:00:01.38]       Expected score to approximate 56.0 +/- 0.5, but 64.0 differed by 8.0.&#xD;
[xUnit.net 00:00:01.38]       Stack Trace:&#xD;
[xUnit.net 00:00:01.38]            at FluentAssertions.Execution.XUnit2TestFramework.Throw(String message)&#xD;
[xUnit.net 00:00:01.38]            at FluentAssertions.Execution.TestFrameworkProvider.Throw(String message)&#xD;
[xUnit.net 00:00:01.38]            at FluentAssertions.Execution.DefaultAssertionStrategy.HandleFailure(String message)&#xD;
[xUnit.net 00:00:01.38]            at FluentAssertions.Execution.AssertionScope.FailWith(Func`1 failReasonFunc)&#xD;
[xUnit.net 00:00:01.38]            at FluentAssertions.Execution.AssertionScope.FailWith(Func`1 failReasonFunc)&#xD;
[xUnit.net 00:00:01.38]            at FluentAssertions.Execution.AssertionScope.FailWith(String message, Object[] args)&#xD;
[xUnit.net 00:00:01.38]            at FluentAssertions.NumericAssertionsExtensions.FailIfDifferenceOutsidePrecision[T](Boolean differenceWithinPrecision, NumericAssertions`1 parent, T expectedValue, T precision, T actualDifference, String because, Object[] becauseArgs)&#xD;
[xUnit.net 00:00:01.38]            at FluentAssertions.NumericAssertionsExtensions.BeApproximately(NumericAssertions`1 parent, Double expectedValue, Double precision, String because, Object[] becauseArgs)&#xD;
[xUnit.net 00:00:01.38]         C:\Users\futiliter\Downloads\Telegram Desktop\Openbullet 1.4.4 Anomaly Modded Version\OpenBulletRecreation\OpenBullet.Core.Tests\Step10_ProxyExtensionsTests.cs(205,0): at OpenBullet.Core.Tests.Step10_ProxyExtensionsTests.GetPerformanceScore_Should_Calculate_Correctly(ProxyHealth health, Double successRate, Int32 responseTimeMs, Double expectedScore)&#xD;
[xUnit.net 00:00:01.38]            at InvokeStub_Step10_ProxyExtensionsTests.GetPerformanceScore_Should_Calculate_Correctly(Object, Span`1)&#xD;
[xUnit.net 00:00:01.38]            at System.Reflection.MethodBaseInvoker.InvokeWithFewArgs(Object obj, BindingFlags invokeAttr, Binder binder, Object[] parameters, CultureInfo culture)&#xD;
[xUnit.net 00:00:01.39]       Expected score to approximate 95.0 +/- 0.5, but 100.0 differed by 5.0.&#xD;
[xUnit.net 00:00:01.39]       Stack Trace:&#xD;
[xUnit.net 00:00:01.39]            at FluentAssertions.Execution.XUnit2TestFramework.Throw(String message)&#xD;
[xUnit.net 00:00:01.39]            at FluentAssertions.Execution.TestFrameworkProvider.Throw(String message)&#xD;
[xUnit.net 00:00:01.39]            at FluentAssertions.Execution.DefaultAssertionStrategy.HandleFailure(String message)&#xD;
[xUnit.net 00:00:01.39]            at FluentAssertions.Execution.AssertionScope.FailWith(Func`1 failReasonFunc)&#xD;
[xUnit.net 00:00:01.39]            at FluentAssertions.Execution.AssertionScope.FailWith(Func`1 failReasonFunc)&#xD;
[xUnit.net 00:00:01.39]            at FluentAssertions.Execution.AssertionScope.FailWith(String message, Object[] args)&#xD;
[xUnit.net 00:00:01.39]            at FluentAssertions.NumericAssertionsExtensions.FailIfDifferenceOutsidePrecision[T](Boolean differenceWithinPrecision, NumericAssertions`1 parent, T expectedValue, T precision, T actualDifference, String because, Object[] becauseArgs)&#xD;
[xUnit.net 00:00:01.39]            at FluentAssertions.NumericAssertionsExtensions.BeApproximately(NumericAssertions`1 parent, Double expectedValue, Double precision, String because, Object[] becauseArgs)&#xD;
[xUnit.net 00:00:01.39]         C:\Users\futiliter\Downloads\Telegram Desktop\Openbullet 1.4.4 Anomaly Modded Version\OpenBulletRecreation\OpenBullet.Core.Tests\Step10_ProxyExtensionsTests.cs(205,0): at OpenBullet.Core.Tests.Step10_ProxyExtensionsTests.GetPerformanceScore_Should_Calculate_Correctly(ProxyHealth health, Double successRate, Int32 responseTimeMs, Double expectedScore)&#xD;
[xUnit.net 00:00:01.39]            at InvokeStub_Step10_ProxyExtensionsTests.GetPerformanceScore_Should_Calculate_Correctly(Object, Span`1)&#xD;
[xUnit.net 00:00:01.39]            at System.Reflection.MethodBaseInvoker.InvokeWithFewArgs(Object obj, BindingFlags invokeAttr, Binder binder, Object[] parameters, CultureInfo culture)&#xD;
[xUnit.net 00:00:01.39]       Expected score to approximate 50.0 +/- 0.5, but 40.0 differed by 10.0.&#xD;
[xUnit.net 00:00:01.39]       Stack Trace:&#xD;
[xUnit.net 00:00:01.39]            at FluentAssertions.Execution.XUnit2TestFramework.Throw(String message)&#xD;
[xUnit.net 00:00:01.39]            at FluentAssertions.Execution.TestFrameworkProvider.Throw(String message)&#xD;
[xUnit.net 00:00:01.39]            at FluentAssertions.Execution.DefaultAssertionStrategy.HandleFailure(String message)&#xD;
[xUnit.net 00:00:01.39]            at FluentAssertions.Execution.AssertionScope.FailWith(Func`1 failReasonFunc)&#xD;
[xUnit.net 00:00:01.39]            at FluentAssertions.Execution.AssertionScope.FailWith(Func`1 failReasonFunc)&#xD;
[xUnit.net 00:00:01.39]            at FluentAssertions.Execution.AssertionScope.FailWith(String message, Object[] args)&#xD;
[xUnit.net 00:00:01.39]            at FluentAssertions.NumericAssertionsExtensions.FailIfDifferenceOutsidePrecision[T](Boolean differenceWithinPrecision, NumericAssertions`1 parent, T expectedValue, T precision, T actualDifference, String because, Object[] becauseArgs)&#xD;
[xUnit.net 00:00:01.39]            at FluentAssertions.NumericAssertionsExtensions.BeApproximately(NumericAssertions`1 parent, Double expectedValue, Double precision, String because, Object[] becauseArgs)&#xD;
[xUnit.net 00:00:01.39]         C:\Users\futiliter\Downloads\Telegram Desktop\Openbullet 1.4.4 Anomaly Modded Version\OpenBulletRecreation\OpenBullet.Core.Tests\Step10_ProxyExtensionsTests.cs(205,0): at OpenBullet.Core.Tests.Step10_ProxyExtensionsTests.GetPerformanceScore_Should_Calculate_Correctly(ProxyHealth health, Double successRate, Int32 responseTimeMs, Double expectedScore)&#xD;
[xUnit.net 00:00:01.39]            at InvokeStub_Step10_ProxyExtensionsTests.GetPerformanceScore_Should_Calculate_Correctly(Object, Span`1)&#xD;
[xUnit.net 00:00:01.39]            at System.Reflection.MethodBaseInvoker.InvokeWithFewArgs(Object obj, BindingFlags invokeAttr, Binder binder, Object[] parameters, CultureInfo culture)&#xD;
[xUnit.net 00:00:01.40]       Expected determinedHealth to be ProxyHealth.Unreliable {value: 3}, but found ProxyHealth.Healthy {value: 1}.&#xD;
[xUnit.net 00:00:01.40]       Stack Trace:&#xD;
[xUnit.net 00:00:01.40]            at FluentAssertions.Execution.XUnit2TestFramework.Throw(String message)&#xD;
[xUnit.net 00:00:01.40]            at FluentAssertions.Execution.TestFrameworkProvider.Throw(String message)&#xD;
[xUnit.net 00:00:01.40]            at FluentAssertions.Execution.DefaultAssertionStrategy.HandleFailure(String message)&#xD;
[xUnit.net 00:00:01.40]            at FluentAssertions.Execution.AssertionScope.FailWith(Func`1 failReasonFunc)&#xD;
[xUnit.net 00:00:01.40]            at FluentAssertions.Execution.AssertionScope.FailWith(Func`1 failReasonFunc)&#xD;
[xUnit.net 00:00:01.40]            at FluentAssertions.Execution.AssertionScope.FailWith(String message, Object[] args)&#xD;
[xUnit.net 00:00:01.40]            at FluentAssertions.Primitives.EnumAssertions`2.Be(TEnum expected, String because, Object[] becauseArgs)&#xD;
[xUnit.net 00:00:01.40]         C:\Users\futiliter\Downloads\Telegram Desktop\Openbullet 1.4.4 Anomaly Modded Version\OpenBulletRecreation\OpenBullet.Core.Tests\Step10_ProxyExtensionsTests.cs(473,0): at OpenBullet.Core.Tests.Step10_ProxyExtensionsTests.ProxyTestResult_DetermineHealth_Should_Set_Health_Correctly(ProxyHealth initialHealth, Double successRate, Int32 responseTimeMs, ProxyHealth expectedHealth)&#xD;
[xUnit.net 00:00:01.40]            at InvokeStub_Step10_ProxyExtensionsTests.ProxyTestResult_DetermineHealth_Should_Set_Health_Correctly(Object, Span`1)&#xD;
[xUnit.net 00:00:01.40]            at System.Reflection.MethodBaseInvoker.InvokeWithFewArgs(Object obj, BindingFlags invokeAttr, Binder binder, Object[] parameters, CultureInfo culture)&#xD;
[xUnit.net 00:00:01.40]       Expected status.JobId to be "500c2af3-118b-4c77-bfd7-aa232108a758", but "a7b3c9e2-d0be-4bea-be83-745016760016" differs near "a7b" (index 0).&#xD;
[xUnit.net 00:00:01.40]       Stack Trace:&#xD;
[xUnit.net 00:00:01.40]            at FluentAssertions.Execution.XUnit2TestFramework.Throw(String message)&#xD;
[xUnit.net 00:00:01.40]            at FluentAssertions.Execution.TestFrameworkProvider.Throw(String message)&#xD;
[xUnit.net 00:00:01.40]            at FluentAssertions.Execution.DefaultAssertionStrategy.HandleFailure(String message)&#xD;
[xUnit.net 00:00:01.41]            at FluentAssertions.Execution.AssertionScope.FailWith(Func`1 failReasonFunc)&#xD;
[xUnit.net 00:00:01.41]            at FluentAssertions.Execution.AssertionScope.FailWith(Func`1 failReasonFunc)&#xD;
[xUnit.net 00:00:01.41]            at FluentAssertions.Execution.AssertionScope.FailWith(String message, Object[] args)&#xD;
[xUnit.net 00:00:01.41]            at FluentAssertions.Primitives.StringEqualityValidator.ValidateAgainstMismatch()&#xD;
[xUnit.net 00:00:01.41]            at FluentAssertions.Primitives.StringValidator.Validate()&#xD;
[xUnit.net 00:00:01.41]            at FluentAssertions.Primitives.StringAssertions`1.Be(String expected, String because, Object[] becauseArgs)&#xD;
[xUnit.net 00:00:01.41]         C:\Users\futiliter\Downloads\Telegram Desktop\Openbullet 1.4.4 Anomaly Modded Version\OpenBulletRecreation\OpenBullet.Core.Tests\Step9_JobManagerTests.cs(185,0): at OpenBullet.Core.Tests.Step9_JobManagerTests.GetJobStatus_With_Valid_JobId_Should_Return_Current_Status()&#xD;
[xUnit.net 00:00:01.41]         --- End of stack trace from previous location ---&#xD;
[xUnit.net 00:00:01.41]       Expected determinedHealth to be ProxyHealth.Dead {value: 4}, but found ProxyHealth.Healthy {value: 1}.&#xD;
[xUnit.net 00:00:01.41]       Stack Trace:&#xD;
[xUnit.net 00:00:01.41]            at FluentAssertions.Execution.XUnit2TestFramework.Throw(String message)&#xD;
[xUnit.net 00:00:01.41]            at FluentAssertions.Execution.TestFrameworkProvider.Throw(String message)&#xD;
[xUnit.net 00:00:01.42]            at FluentAssertions.Execution.DefaultAssertionStrategy.HandleFailure(String message)&#xD;
[xUnit.net 00:00:01.42]            at FluentAssertions.Execution.AssertionScope.FailWith(Func`1 failReasonFunc)&#xD;
[xUnit.net 00:00:01.42]            at FluentAssertions.Execution.AssertionScope.FailWith(Func`1 failReasonFunc)&#xD;
[xUnit.net 00:00:01.42]            at FluentAssertions.Execution.AssertionScope.FailWith(String message, Object[] args)&#xD;
[xUnit.net 00:00:01.42]            at FluentAssertions.Primitives.EnumAssertions`2.Be(TEnum expected, String because, Object[] becauseArgs)&#xD;
[xUnit.net 00:00:01.42]         C:\Users\futiliter\Downloads\Telegram Desktop\Openbullet 1.4.4 Anomaly Modded Version\OpenBulletRecreation\OpenBullet.Core.Tests\Step10_ProxyExtensionsTests.cs(473,0): at OpenBullet.Core.Tests.Step10_ProxyExtensionsTests.ProxyTestResult_DetermineHealth_Should_Set_Health_Correctly(ProxyHealth initialHealth, Double successRate, Int32 responseTimeMs, ProxyHealth expectedHealth)&#xD;
[xUnit.net 00:00:01.42]            at InvokeStub_Step10_ProxyExtensionsTests.ProxyTestResult_DetermineHealth_Should_Set_Health_Correctly(Object, Span`1)&#xD;
[xUnit.net 00:00:01.42]            at System.Reflection.MethodBaseInvoker.InvokeWithFewArgs(Object obj, BindingFlags invokeAttr, Binder binder, Object[] parameters, CultureInfo culture)&#xD;
[xUnit.net 00:00:01.52]       Expected variableEvents to contain 2 item(s), but found 3: &#xD;
[xUnit.net 00:00:01.52]       {&#xD;
[xUnit.net 00:00:01.52]           OpenBullet.Core.Variables.VariableChangedEventArgs&#xD;
[xUnit.net 00:00:01.52]           {&#xD;
[xUnit.net 00:00:01.52]               ChangeType = VariableChangeType.Created {value: 0}, &#xD;
[xUnit.net 00:00:01.52]               NewValue = "value1", &#xD;
[xUnit.net 00:00:01.52]               OldValue = &lt;null&gt;, &#xD;
[xUnit.net 00:00:01.52]               Scope = VariableScope.Local {value: 0}, &#xD;
[xUnit.net 00:00:01.52]               Timestamp = &lt;2025-08-17 13:55:52.2883061&gt;, &#xD;
[xUnit.net 00:00:01.52]               VariableName = "SYNC_TEST"&#xD;
[xUnit.net 00:00:01.52]           }, &#xD;
[xUnit.net 00:00:01.52]           OpenBullet.Core.Variables.VariableChangedEventArgs&#xD;
[xUnit.net 00:00:01.52]           {&#xD;
[xUnit.net 00:00:01.52]               ChangeType = VariableChangeType.Accessed {value: 3}, &#xD;
[xUnit.net 00:00:01.52]               NewValue = "value1", &#xD;
[xUnit.net 00:00:01.52]               OldValue = &lt;null&gt;, &#xD;
[xUnit.net 00:00:01.52]               Scope = VariableScope.Local {value: 0}, &#xD;
[xUnit.net 00:00:01.52]               Timestamp = &lt;2025-08-17 13:55:52.3011229&gt;, &#xD;
[xUnit.net 00:00:01.52]               VariableName = "SYNC_TEST"&#xD;
[xUnit.net 00:00:01.52]           }, &#xD;
[xUnit.net 00:00:01.52]           OpenBullet.Core.Variables.VariableChangedEventArgs&#xD;
[xUnit.net 00:00:01.52]           {&#xD;
[xUnit.net 00:00:01.52]               ChangeType = VariableChangeType.Updated {value: 1}, &#xD;
[xUnit.net 00:00:01.52]               NewValue = "value2", &#xD;
[xUnit.net 00:00:01.52]               OldValue = "value1", &#xD;
[xUnit.net 00:00:01.52]               Scope = VariableScope.Local {value: 0}, &#xD;
[xUnit.net 00:00:01.52]               Timestamp = &lt;2025-08-17 13:55:52.3011266&gt;, &#xD;
[xUnit.net 00:00:01.52]               VariableName = "SYNC_TEST"&#xD;
[xUnit.net 00:00:01.52]           }&#xD;
[xUnit.net 00:00:01.52]       }.&#xD;
[xUnit.net 00:00:01.52]       Stack Trace:&#xD;
[xUnit.net 00:00:01.52]            at FluentAssertions.Execution.XUnit2TestFramework.Throw(String message)&#xD;
[xUnit.net 00:00:01.52]            at FluentAssertions.Execution.TestFrameworkProvider.Throw(String message)&#xD;
[xUnit.net 00:00:01.52]            at FluentAssertions.Execution.DefaultAssertionStrategy.HandleFailure(String message)&#xD;
[xUnit.net 00:00:01.52]            at FluentAssertions.Execution.AssertionScope.FailWith(Func`1 failReasonFunc)&#xD;
[xUnit.net 00:00:01.52]            at FluentAssertions.Execution.AssertionScope.FailWith(Func`1 failReasonFunc)&#xD;
[xUnit.net 00:00:01.52]            at FluentAssertions.Execution.AssertionScope.FailWith(String message, Object[] args)&#xD;
[xUnit.net 00:00:01.52]            at FluentAssertions.Collections.GenericCollectionAssertions`3.HaveCount(Int32 expected, String because, Object[] becauseArgs)&#xD;
[xUnit.net 00:00:01.52]         C:\Users\futiliter\Downloads\Telegram Desktop\Openbullet 1.4.4 Anomaly Modded Version\OpenBulletRecreation\OpenBullet.Core.Tests\Step5_ExecutionContextTests.cs(674,0): at OpenBullet.Core.Tests.Step5_IntegrationTests.Variable_Events_Should_Sync_Between_Components()&#xD;
[xUnit.net 00:00:01.52]            at System.RuntimeMethodHandle.InvokeMethod(Object target, Void** arguments, Signature sig, Boolean isConstructor)&#xD;
[xUnit.net 00:00:01.53]            at System.Reflection.MethodBaseInvoker.InvokeWithNoArgs(Object obj, BindingFlags invokeAttr)&#xD;
[xUnit.net 00:00:01.64]       Expected result.RawLine to be "#LABEL FUNCTION Constant "test" -&gt; VAR "OUTPUT"" with a length of 47, but "FUNCTION Constant "test" -&gt; VAR "OUTPUT"" has a length of 40, differs near "FUN" (index 0).&#xD;
[xUnit.net 00:00:01.64]       Stack Trace:&#xD;
[xUnit.net 00:00:01.64]            at FluentAssertions.Execution.XUnit2TestFramework.Throw(String message)&#xD;
[xUnit.net 00:00:01.64]            at FluentAssertions.Execution.TestFrameworkProvider.Throw(String message)&#xD;
[xUnit.net 00:00:01.64]            at FluentAssertions.Execution.DefaultAssertionStrategy.HandleFailure(String message)&#xD;
[xUnit.net 00:00:01.64]            at FluentAssertions.Execution.AssertionScope.FailWith(Func`1 failReasonFunc)&#xD;
[xUnit.net 00:00:01.64]            at FluentAssertions.Execution.AssertionScope.FailWith(Func`1 failReasonFunc)&#xD;
[xUnit.net 00:00:01.64]            at FluentAssertions.Primitives.StringEqualityValidator.ValidateAgainstLengthDifferences()&#xD;
[xUnit.net 00:00:01.64]            at FluentAssertions.Primitives.StringValidator.Validate()&#xD;
[xUnit.net 00:00:01.64]            at FluentAssertions.Primitives.StringAssertions`1.Be(String expected, String because, Object[] becauseArgs)&#xD;
[xUnit.net 00:00:01.64]         C:\Users\futiliter\Downloads\Telegram Desktop\Openbullet 1.4.4 Anomaly Modded Version\OpenBulletRecreation\OpenBullet.Core.Tests\Step4_ScriptParserTests.cs(449,0): at OpenBullet.Core.Tests.Step4_ScriptParserTests.ParseLine_With_Various_Valid_Syntaxes_Should_Parse_Successfully(String commandLine)&#xD;
[xUnit.net 00:00:01.64]            at InvokeStub_Step4_ScriptParserTests.ParseLine_With_Various_Valid_Syntaxes_Should_Parse_Successfully(Object, Span`1)&#xD;
[xUnit.net 00:00:01.64]            at System.Reflection.MethodBaseInvoker.InvokeWithOneArg(Object obj, BindingFlags invokeAttr, Binder binder, Object[] parameters, CultureInfo culture)&#xD;
[xUnit.net 00:00:01.84]       Expected keycheckInstruction.SubInstructions to contain 4 item(s), but found 6: &#xD;
[xUnit.net 00:00:01.84]       {&#xD;
[xUnit.net 00:00:01.84]           OpenBullet.Core.Interfaces.ScriptInstruction&#xD;
[xUnit.net 00:00:01.84]           {&#xD;
[xUnit.net 00:00:01.84]               Arguments = {"Success", "OR"}, &#xD;
[xUnit.net 00:00:01.84]               CommandName = "KEYCHAIN", &#xD;
[xUnit.net 00:00:01.84]               Label = &lt;null&gt;, &#xD;
[xUnit.net 00:00:01.84]               LineNumber = 2, &#xD;
[xUnit.net 00:00:01.84]               Parameters = {empty}, &#xD;
[xUnit.net 00:00:01.84]               RawLine = "KEYCHAIN Success OR", &#xD;
[xUnit.net 00:00:01.84]               SubInstructions = {empty}&#xD;
[xUnit.net 00:00:01.84]           }, &#xD;
[xUnit.net 00:00:01.84]           OpenBullet.Core.Interfaces.ScriptInstruction&#xD;
[xUnit.net 00:00:01.84]           {&#xD;
[xUnit.net 00:00:01.84]               Arguments = {"welcome"}, &#xD;
[xUnit.net 00:00:01.84]               CommandName = "KEY", &#xD;
[xUnit.net 00:00:01.84]               Label = &lt;null&gt;, &#xD;
[xUnit.net 00:00:01.84]               LineNumber = 3, &#xD;
[xUnit.net 00:00:01.84]               Parameters = {empty}, &#xD;
[xUnit.net 00:00:01.84]               RawLine = "KEY "welcome"", &#xD;
[xUnit.net 00:00:01.84]               SubInstructions = {empty}&#xD;
[xUnit.net 00:00:01.84]           }, &#xD;
[xUnit.net 00:00:01.84]           OpenBullet.Core.Interfaces.ScriptInstruction&#xD;
[xUnit.net 00:00:01.84]           {&#xD;
[xUnit.net 00:00:01.84]               Arguments = {"dashboard"}, &#xD;
[xUnit.net 00:00:01.84]               CommandName = "KEY", &#xD;
[xUnit.net 00:00:01.84]               Label = &lt;null&gt;, &#xD;
[xUnit.net 00:00:01.84]               LineNumber = 4, &#xD;
[xUnit.net 00:00:01.84]               Parameters = {empty}, &#xD;
[xUnit.net 00:00:01.84]               RawLine = "KEY "dashboard"", &#xD;
[xUnit.net 00:00:01.84]               SubInstructions = {empty}&#xD;
[xUnit.net 00:00:01.84]           }, &#xD;
[xUnit.net 00:00:01.84]           OpenBullet.Core.Interfaces.ScriptInstruction&#xD;
[xUnit.net 00:00:01.84]           {&#xD;
[xUnit.net 00:00:01.84]               Arguments = {"Failure", "OR"}, &#xD;
[xUnit.net 00:00:01.84]               CommandName = "KEYCHAIN", &#xD;
[xUnit.net 00:00:01.84]               Label = &lt;null&gt;, &#xD;
[xUnit.net 00:00:01.84]               LineNumber = 5, &#xD;
[xUnit.net 00:00:01.84]               Parameters = {empty}, &#xD;
[xUnit.net 00:00:01.84]               RawLine = "KEYCHAIN Failure OR", &#xD;
[xUnit.net 00:00:01.84]               SubInstructions = {empty}&#xD;
[xUnit.net 00:00:01.84]           }, &#xD;
[xUnit.net 00:00:01.84]           OpenBullet.Core.Interfaces.ScriptInstruction&#xD;
[xUnit.net 00:00:01.84]           {&#xD;
[xUnit.net 00:00:01.84]               Arguments = {"error"}, &#xD;
[xUnit.net 00:00:01.84]               CommandName = "KEY", &#xD;
[xUnit.net 00:00:01.84]               Label = &lt;null&gt;, &#xD;
[xUnit.net 00:00:01.84]               LineNumber = 6, &#xD;
[xUnit.net 00:00:01.84]               Parameters = {empty}, &#xD;
[xUnit.net 00:00:01.84]               RawLine = "KEY "error"", &#xD;
[xUnit.net 00:00:01.84]               SubInstructions = {empty}&#xD;
[xUnit.net 00:00:01.84]           }, &#xD;
[xUnit.net 00:00:01.84]           OpenBullet.Core.Interfaces.ScriptInstruction&#xD;
[xUnit.net 00:00:01.84]           {&#xD;
[xUnit.net 00:00:01.84]               Arguments = {"invalid"}, &#xD;
[xUnit.net 00:00:01.84]               CommandName = "KEY", &#xD;
[xUnit.net 00:00:01.84]               Label = &lt;null&gt;, &#xD;
[xUnit.net 00:00:01.85]               LineNumber = 7, &#xD;
[xUnit.net 00:00:01.85]               Parameters = {empty}, &#xD;
[xUnit.net 00:00:01.85]               RawLine = "KEY "invalid"", &#xD;
[xUnit.net 00:00:01.85]               SubInstructions = {empty}&#xD;
[xUnit.net 00:00:01.85]           }&#xD;
[xUnit.net 00:00:01.85]       }.&#xD;
[xUnit.net 00:00:01.85]       Stack Trace:&#xD;
[xUnit.net 00:00:01.85]            at FluentAssertions.Execution.XUnit2TestFramework.Throw(String message)&#xD;
[xUnit.net 00:00:01.85]            at FluentAssertions.Execution.TestFrameworkProvider.Throw(String message)&#xD;
[xUnit.net 00:00:01.85]            at FluentAssertions.Execution.DefaultAssertionStrategy.HandleFailure(String message)&#xD;
[xUnit.net 00:00:01.85]            at FluentAssertions.Execution.AssertionScope.FailWith(Func`1 failReasonFunc)&#xD;
[xUnit.net 00:00:01.85]            at FluentAssertions.Execution.AssertionScope.FailWith(Func`1 failReasonFunc)&#xD;
[xUnit.net 00:00:01.85]            at FluentAssertions.Execution.AssertionScope.FailWith(String message, Object[] args)&#xD;
[xUnit.net 00:00:01.85]            at FluentAssertions.Collections.GenericCollectionAssertions`3.HaveCount(Int32 expected, String because, Object[] becauseArgs)&#xD;
[xUnit.net 00:00:01.85]         C:\Users\futiliter\Downloads\Telegram Desktop\Openbullet 1.4.4 Anomaly Modded Version\OpenBulletRecreation\OpenBullet.Core.Tests\Step4_ScriptParserTests.cs(219,0): at OpenBullet.Core.Tests.Step4_ScriptParserTests.ParseScript_With_Complex_Script_Should_Handle_Sub_Instructions()&#xD;
[xUnit.net 00:00:01.85]            at System.RuntimeMethodHandle.InvokeMethod(Object target, Void** arguments, Signature sig, Boolean isConstructor)&#xD;
[xUnit.net 00:00:01.85]            at System.Reflection.MethodBaseInvoker.InvokeWithNoArgs(Object obj, BindingFlags invokeAttr)&#xD;
[xUnit.net 00:00:01.92]       Expected _botData.ExecutionTime to be greater than 0L, but found 0L.&#xD;
[xUnit.net 00:00:01.92]       Stack Trace:&#xD;
[xUnit.net 00:00:01.92]            at FluentAssertions.Execution.XUnit2TestFramework.Throw(String message)&#xD;
[xUnit.net 00:00:01.92]            at FluentAssertions.Execution.TestFrameworkProvider.Throw(String message)&#xD;
[xUnit.net 00:00:01.92]            at FluentAssertions.Execution.DefaultAssertionStrategy.HandleFailure(String message)&#xD;
[xUnit.net 00:00:01.92]            at FluentAssertions.Execution.AssertionScope.FailWith(Func`1 failReasonFunc)&#xD;
[xUnit.net 00:00:01.92]            at FluentAssertions.Execution.AssertionScope.FailWith(Func`1 failReasonFunc)&#xD;
[xUnit.net 00:00:01.92]            at FluentAssertions.Execution.AssertionScope.FailWith(String message, Object[] args)&#xD;
[xUnit.net 00:00:01.92]            at FluentAssertions.Numeric.NumericAssertions`2.BeGreaterThan(T expected, String because, Object[] becauseArgs)&#xD;
[xUnit.net 00:00:01.92]         C:\Users\futiliter\Downloads\Telegram Desktop\Openbullet 1.4.4 Anomaly Modded Version\OpenBulletRecreation\OpenBullet.Core.Tests\Step5_ExecutionContextTests.cs(483,0): at OpenBullet.Core.Tests.Step5_ExecutionContextTests.Dispose_Should_Update_BotData_Status()&#xD;
[xUnit.net 00:00:01.92]            at System.RuntimeMethodHandle.InvokeMethod(Object target, Void** arguments, Signature sig, Boolean isConstructor)&#xD;
[xUnit.net 00:00:01.92]            at System.Reflection.MethodBaseInvoker.InvokeWithNoArgs(Object obj, BindingFlags invokeAttr)&#xD;
[xUnit.net 00:00:01.95]       Expected result.Statistics.TotalLines to be 10, but found 11 (difference of 1).&#xD;
[xUnit.net 00:00:01.95]       Stack Trace:&#xD;
[xUnit.net 00:00:01.95]            at FluentAssertions.Execution.XUnit2TestFramework.Throw(String message)&#xD;
[xUnit.net 00:00:01.95]            at FluentAssertions.Execution.TestFrameworkProvider.Throw(String message)&#xD;
[xUnit.net 00:00:01.95]            at FluentAssertions.Execution.DefaultAssertionStrategy.HandleFailure(String message)&#xD;
[xUnit.net 00:00:01.95]            at FluentAssertions.Execution.AssertionScope.FailWith(Func`1 failReasonFunc)&#xD;
[xUnit.net 00:00:01.95]            at FluentAssertions.Execution.AssertionScope.FailWith(Func`1 failReasonFunc)&#xD;
[xUnit.net 00:00:01.95]            at FluentAssertions.Execution.AssertionScope.FailWith(String message, Object[] args)&#xD;
[xUnit.net 00:00:01.95]            at FluentAssertions.Numeric.NumericAssertions`2.Be(T expected, String because, Object[] becauseArgs)&#xD;
[xUnit.net 00:00:01.95]         C:\Users\futiliter\Downloads\Telegram Desktop\Openbullet 1.4.4 Anomaly Modded Version\OpenBulletRecreation\OpenBullet.Core.Tests\Step4_ScriptParserTests.cs(424,0): at OpenBullet.Core.Tests.Step4_ScriptParserTests.ParseScript_Should_Calculate_Statistics_Correctly()&#xD;
[xUnit.net 00:00:01.95]            at System.RuntimeMethodHandle.InvokeMethod(Object target, Void** arguments, Signature sig, Boolean isConstructor)&#xD;
[xUnit.net 00:00:01.95]            at System.Reflection.MethodBaseInvoker.InvokeWithNoArgs(Object obj, BindingFlags invokeAttr)&#xD;
[xUnit.net 00:00:01.98]       Integration test - requires internet connection&#xD;
Test 'OpenBullet.Core.Tests.Step2_HttpClientServiceTests.SendAsync_Should_Make_Successful_Request' was skipped in the test run.&#xD;
[xUnit.net 00:00:02.01]       Expected commands.Count to be 1000, but found 0 (difference of -1000).&#xD;
[xUnit.net 00:00:02.01]       Stack Trace:&#xD;
[xUnit.net 00:00:02.01]            at FluentAssertions.Execution.XUnit2TestFramework.Throw(String message)&#xD;
[xUnit.net 00:00:02.01]            at FluentAssertions.Execution.TestFrameworkProvider.Throw(String message)&#xD;
[xUnit.net 00:00:02.01]            at FluentAssertions.Execution.DefaultAssertionStrategy.HandleFailure(String message)&#xD;
[xUnit.net 00:00:02.01]            at FluentAssertions.Execution.AssertionScope.FailWith(Func`1 failReasonFunc)&#xD;
[xUnit.net 00:00:02.01]            at FluentAssertions.Execution.AssertionScope.FailWith(Func`1 failReasonFunc)&#xD;
[xUnit.net 00:00:02.01]            at FluentAssertions.Execution.AssertionScope.FailWith(String message, Object[] args)&#xD;
[xUnit.net 00:00:02.01]            at FluentAssertions.Numeric.NumericAssertions`2.Be(T expected, String because, Object[] becauseArgs)&#xD;
[xUnit.net 00:00:02.01]         C:\Users\futiliter\Downloads\Telegram Desktop\Openbullet 1.4.4 Anomaly Modded Version\OpenBulletRecreation\OpenBullet.Core.Tests\Step6_CommandFactoryTests.cs(271,0): at OpenBullet.Core.Tests.Step6_CommandFactoryTests.Concurrent_Access_Should_Be_Thread_Safe()&#xD;
[xUnit.net 00:00:02.01]         --- End of stack trace from previous location ---&#xD;
[xUnit.net 00:00:02.05]       Expected resumed to be true, but found False.&#xD;
[xUnit.net 00:00:02.05]       Stack Trace:&#xD;
[xUnit.net 00:00:02.05]            at FluentAssertions.Execution.XUnit2TestFramework.Throw(String message)&#xD;
[xUnit.net 00:00:02.05]            at FluentAssertions.Execution.TestFrameworkProvider.Throw(String message)&#xD;
[xUnit.net 00:00:02.05]            at FluentAssertions.Execution.DefaultAssertionStrategy.HandleFailure(String message)&#xD;
[xUnit.net 00:00:02.05]            at FluentAssertions.Execution.AssertionScope.FailWith(Func`1 failReasonFunc)&#xD;
[xUnit.net 00:00:02.05]            at FluentAssertions.Execution.AssertionScope.FailWith(Func`1 failReasonFunc)&#xD;
[xUnit.net 00:00:02.05]            at FluentAssertions.Execution.AssertionScope.FailWith(String message, Object[] args)&#xD;
[xUnit.net 00:00:02.05]            at FluentAssertions.Primitives.BooleanAssertions`1.BeTrue(String because, Object[] becauseArgs)&#xD;
[xUnit.net 00:00:02.05]         C:\Users\futiliter\Downloads\Telegram Desktop\Openbullet 1.4.4 Anomaly Modded Version\OpenBulletRecreation\OpenBullet.Core.Tests\Step9_JobManagerTests.cs(165,0): at OpenBullet.Core.Tests.Step9_JobManagerTests.ResumeJobAsync_With_Paused_Job_Should_Resume_Job()&#xD;
[xUnit.net 00:00:02.05]         --- End of stack trace from previous location ---&#xD;
[xUnit.net 00:00:02.05]       Expected globalVars to contain 1 item(s), but found 5: {["globalVar"] = 42, ["conflictVar"] = "globalValue", ["TOKEN"] = "abc123", ["global1"] = "value3", ["var2"] = "value2"}.&#xD;
[xUnit.net 00:00:02.05]       Stack Trace:&#xD;
[xUnit.net 00:00:02.05]            at FluentAssertions.Execution.XUnit2TestFramework.Throw(String message)&#xD;
[xUnit.net 00:00:02.05]            at FluentAssertions.Execution.TestFrameworkProvider.Throw(String message)&#xD;
[xUnit.net 00:00:02.05]            at FluentAssertions.Execution.DefaultAssertionStrategy.HandleFailure(String message)&#xD;
[xUnit.net 00:00:02.05]            at FluentAssertions.Execution.AssertionScope.FailWith(Func`1 failReasonFunc)&#xD;
[xUnit.net 00:00:02.05]            at FluentAssertions.Execution.AssertionScope.FailWith(Func`1 failReasonFunc)&#xD;
[xUnit.net 00:00:02.05]            at FluentAssertions.Execution.AssertionScope.FailWith(String message, Object[] args)&#xD;
[xUnit.net 00:00:02.05]            at FluentAssertions.Collections.GenericCollectionAssertions`3.HaveCount(Int32 expected, String because, Object[] becauseArgs)&#xD;
[xUnit.net 00:00:02.05]         C:\Users\futiliter\Downloads\Telegram Desktop\Openbullet 1.4.4 Anomaly Modded Version\OpenBulletRecreation\OpenBullet.Core.Tests\Step5_VariableManagerTests.cs(180,0): at OpenBullet.Core.Tests.Step5_VariableManagerTests.GetAllVariables_Should_Return_All_Variables_In_Scope()&#xD;
[xUnit.net 00:00:02.05]            at System.RuntimeMethodHandle.InvokeMethod(Object target, Void** arguments, Signature sig, Boolean isConstructor)&#xD;
[xUnit.net 00:00:02.05]            at System.Reflection.MethodBaseInvoker.InvokeWithNoArgs(Object obj, BindingFlags invokeAttr)&#xD;
[xUnit.net 00:00:02.08]       Integration test - requires working proxy&#xD;
[xUnit.net 00:00:02.08]       Integration test - requires internet connection&#xD;
Test 'OpenBullet.Core.Tests.Step2_HttpClientServiceTests.TestProxyAsync_With_Valid_Proxy_Should_Return_Success' was skipped in the test run.&#xD;
Test 'OpenBullet.Core.Tests.Step2_HttpClientServiceTests.PostFormAsync_Extension_Should_Work' was skipped in the test run.&#xD;
[xUnit.net 00:00:02.09]       Integration test - requires internet connection&#xD;
[xUnit.net 00:00:02.10]       Integration test - requires internet connection&#xD;
Test 'OpenBullet.Core.Tests.Step2_HttpClientServiceTests.PostJsonAsync_Extension_Should_Work' was skipped in the test run.&#xD;
Test 'OpenBullet.Core.Tests.Step2_HttpClientServiceTests.GetAsync_Extension_Should_Work' was skipped in the test run.&#xD;
[xUnit.net 00:00:02.17]       Expected loadedConfig.Script to be "## Complex test script
#LOGIN REQUEST POST "https://example.com/login"
  CONTENT "user=&lt;USER&gt;&amp;pass=&lt;PASS&gt;"
  CONTENTTYPE "application/x-www-form-urlencoded"

KEYCHECK 
  KEYCHAIN Success OR 
    KEY "welcome"
    KEY "dashboard"
  KEYCHAIN Failure OR 
    KEY "invalid"
    KEY "error"" with a length of 285, but "## Complex test script&#xD;
[xUnit.net 00:00:02.17]       #LOGIN REQUEST POST "https://example.com/login"&#xD;
[xUnit.net 00:00:02.17]         CONTENT "user=&lt;USER&gt;&amp;pass=&lt;PASS&gt;"&#xD;
[xUnit.net 00:00:02.17]         CONTENTTYPE "application/x-www-form-urlencoded"&#xD;
[xUnit.net 00:00:02.17]       &#xD;
[xUnit.net 00:00:02.17]       KEYCHECK &#xD;
[xUnit.net 00:00:02.17]         KEYCHAIN Success OR &#xD;
[xUnit.net 00:00:02.17]           KEY "welcome"&#xD;
[xUnit.net 00:00:02.17]           KEY "dashboard"&#xD;
[xUnit.net 00:00:02.17]         KEYCHAIN Failure OR &#xD;
[xUnit.net 00:00:02.17]           KEY "invalid"&#xD;
[xUnit.net 00:00:02.17]           KEY "error"" has a length of 296, differs near "&#xD;
[xUnit.net 00:00:02.17]       #" (index 22).&#xD;
[xUnit.net 00:00:02.17]       Stack Trace:&#xD;
[xUnit.net 00:00:02.17]            at FluentAssertions.Execution.XUnit2TestFramework.Throw(String message)&#xD;
[xUnit.net 00:00:02.17]            at FluentAssertions.Execution.TestFrameworkProvider.Throw(String message)&#xD;
[xUnit.net 00:00:02.17]            at FluentAssertions.Execution.DefaultAssertionStrategy.HandleFailure(String message)&#xD;
[xUnit.net 00:00:02.17]            at FluentAssertions.Execution.AssertionScope.FailWith(Func`1 failReasonFunc)&#xD;
[xUnit.net 00:00:02.17]            at FluentAssertions.Execution.AssertionScope.FailWith(Func`1 failReasonFunc)&#xD;
[xUnit.net 00:00:02.17]            at FluentAssertions.Primitives.StringEqualityValidator.ValidateAgainstLengthDifferences()&#xD;
[xUnit.net 00:00:02.17]            at FluentAssertions.Primitives.StringValidator.Validate()&#xD;
[xUnit.net 00:00:02.17]            at FluentAssertions.Primitives.StringAssertions`1.Be(String expected, String because, Object[] becauseArgs)&#xD;
[xUnit.net 00:00:02.17]         C:\Users\futiliter\Downloads\Telegram Desktop\Openbullet 1.4.4 Anomaly Modded Version\OpenBulletRecreation\OpenBullet.Core.Tests\Step3_ConfigurationServiceTests.cs(159,0): at OpenBullet.Core.Tests.Step3_ConfigurationServiceTests.SaveAndLoad_RoundTrip_Should_Preserve_Data()&#xD;
[xUnit.net 00:00:02.17]         --- End of stack trace from previous location ---&#xD;
[xUnit.net 00:00:02.30]       Expected type to be "OpenBullet.Core.Execution.BotResult", but found "[OpenBullet.Core.Interfaces.BasicBotResult, OpenBullet.Core.Interfaces.BasicBotResult, OpenBullet.Core.Interfaces.BasicBotResult]".&#xD;
[xUnit.net 00:00:02.30]       Stack Trace:&#xD;
[xUnit.net 00:00:02.30]            at FluentAssertions.Execution.XUnit2TestFramework.Throw(String message)&#xD;
[xUnit.net 00:00:02.30]            at FluentAssertions.Execution.TestFrameworkProvider.Throw(String message)&#xD;
[xUnit.net 00:00:02.30]            at FluentAssertions.Execution.DefaultAssertionStrategy.HandleFailure(String message)&#xD;
[xUnit.net 00:00:02.30]            at FluentAssertions.Execution.AssertionScope.FailWith(Func`1 failReasonFunc)&#xD;
[xUnit.net 00:00:02.30]            at FluentAssertions.Execution.AssertionScope.FailWith(Func`1 failReasonFunc)&#xD;
[xUnit.net 00:00:02.30]            at FluentAssertions.Execution.AssertionScope.FailWith(String message, Func`1[] argProviders)&#xD;
[xUnit.net 00:00:02.30]            at FluentAssertions.Collections.GenericCollectionAssertions`3.AllBeAssignableTo[TExpectation](String because, Object[] becauseArgs)&#xD;
[xUnit.net 00:00:02.30]         C:\Users\futiliter\Downloads\Telegram Desktop\Openbullet 1.4.4 Anomaly Modded Version\OpenBulletRecreation\OpenBullet.Core.Tests\Step9_JobManagerTests.cs(254,0): at OpenBullet.Core.Tests.Step9_JobManagerTests.GetJobResultsAsync_Should_Return_Bot_Results()&#xD;
[xUnit.net 00:00:02.30]         --- End of stack trace from previous location ---&#xD;
[xUnit.net 00:00:02.30]       Expected status.IsRunning to be False, but found True.&#xD;
[xUnit.net 00:00:02.30]       Stack Trace:&#xD;
[xUnit.net 00:00:02.30]            at FluentAssertions.Execution.XUnit2TestFramework.Throw(String message)&#xD;
[xUnit.net 00:00:02.30]            at FluentAssertions.Execution.TestFrameworkProvider.Throw(String message)&#xD;
[xUnit.net 00:00:02.30]            at FluentAssertions.Execution.DefaultAssertionStrategy.HandleFailure(String message)&#xD;
[xUnit.net 00:00:02.30]            at FluentAssertions.Execution.AssertionScope.FailWith(Func`1 failReasonFunc)&#xD;
[xUnit.net 00:00:02.30]            at FluentAssertions.Execution.AssertionScope.FailWith(Func`1 failReasonFunc)&#xD;
[xUnit.net 00:00:02.30]            at FluentAssertions.Execution.AssertionScope.FailWith(String message, Object[] args)&#xD;
[xUnit.net 00:00:02.30]            at FluentAssertions.Primitives.BooleanAssertions`1.Be(Boolean expected, String because, Object[] becauseArgs)&#xD;
[xUnit.net 00:00:02.30]         C:\Users\futiliter\Downloads\Telegram Desktop\Openbullet 1.4.4 Anomaly Modded Version\OpenBulletRecreation\OpenBullet.Core.Tests\Step9_JobManagerTests.cs(470,0): at OpenBullet.Core.Tests.Step9_JobManagerTests.JobStatus_State_Properties_Should_Work_Correctly(JobState state, Boolean expectedIsRunning, Boolean expectedIsCompleted)&#xD;
[xUnit.net 00:00:02.31]            at InvokeStub_Step9_JobManagerTests.JobStatus_State_Properties_Should_Work_Correctly(Object, Span`1)&#xD;
[xUnit.net 00:00:02.31]            at System.Reflection.MethodBaseInvoker.InvokeWithFewArgs(Object obj, BindingFlags invokeAttr, Binder binder, Object[] parameters, CultureInfo culture)&#xD;
[xUnit.net 00:00:02.31]       Expected _proxyJobManager to be assignable to OpenBullet.Core.Jobs.IJobManager, but OpenBullet.Core.Jobs.ProxyJobManager is not.&#xD;
[xUnit.net 00:00:02.31]       Stack Trace:&#xD;
[xUnit.net 00:00:02.31]            at FluentAssertions.Execution.XUnit2TestFramework.Throw(String message)&#xD;
[xUnit.net 00:00:02.31]            at FluentAssertions.Execution.TestFrameworkProvider.Throw(String message)&#xD;
[xUnit.net 00:00:02.31]            at FluentAssertions.Execution.DefaultAssertionStrategy.HandleFailure(String message)&#xD;
[xUnit.net 00:00:02.31]            at FluentAssertions.Execution.AssertionScope.FailWith(Func`1 failReasonFunc)&#xD;
[xUnit.net 00:00:02.31]            at FluentAssertions.Execution.AssertionScope.FailWith(Func`1 failReasonFunc)&#xD;
[xUnit.net 00:00:02.31]            at FluentAssertions.Execution.AssertionScope.FailWith(String message, Object[] args)&#xD;
[xUnit.net 00:00:02.31]            at FluentAssertions.Primitives.ReferenceTypeAssertions`2.BeAssignableTo[T](String because, Object[] becauseArgs)&#xD;
[xUnit.net 00:00:02.31]         C:\Users\futiliter\Downloads\Telegram Desktop\Openbullet 1.4.4 Anomaly Modded Version\OpenBulletRecreation\OpenBullet.Core.Tests\Step10_ProxyJobManagerTests.cs(64,0): at OpenBullet.Core.Tests.Step10_ProxyJobManagerTests.ProxyJobManager_Can_Be_Created()&#xD;
[xUnit.net 00:00:02.31]            at System.RuntimeMethodHandle.InvokeMethod(Object target, Void** arguments, Signature sig, Boolean isConstructor)&#xD;
[xUnit.net 00:00:02.31]            at System.Reflection.MethodBaseInvoker.InvokeWithNoArgs(Object obj, BindingFlags invokeAttr)&#xD;
[xUnit.net 00:00:02.32]       Expected result.Instructions to contain 1 item(s), but found 4: &#xD;
[xUnit.net 00:00:02.32]       {&#xD;
[xUnit.net 00:00:02.32]           OpenBullet.Core.Interfaces.ScriptInstruction&#xD;
[xUnit.net 00:00:02.32]           {&#xD;
[xUnit.net 00:00:02.32]               Arguments = {"POST", "https://example.com/login"}, &#xD;
[xUnit.net 00:00:02.32]               CommandName = "REQUEST", &#xD;
[xUnit.net 00:00:02.32]               Label = &lt;null&gt;, &#xD;
[xUnit.net 00:00:02.32]               LineNumber = 1, &#xD;
[xUnit.net 00:00:02.32]               Parameters = {empty}, &#xD;
[xUnit.net 00:00:02.32]               RawLine = "REQUEST POST "https://example.com/login"", &#xD;
[xUnit.net 00:00:02.32]               SubInstructions = {empty}&#xD;
[xUnit.net 00:00:02.32]           }, &#xD;
[xUnit.net 00:00:02.32]           OpenBullet.Core.Interfaces.ScriptInstruction&#xD;
[xUnit.net 00:00:02.32]           {&#xD;
[xUnit.net 00:00:02.32]               Arguments = {"username=test&amp;password=secret"}, &#xD;
[xUnit.net 00:00:02.32]               CommandName = "CONTENT", &#xD;
[xUnit.net 00:00:02.32]               Label = &lt;null&gt;, &#xD;
[xUnit.net 00:00:02.32]               LineNumber = 2, &#xD;
[xUnit.net 00:00:02.32]               Parameters = {empty}, &#xD;
[xUnit.net 00:00:02.32]               RawLine = "CONTENT "username=test&amp;password=secret"", &#xD;
[xUnit.net 00:00:02.32]               SubInstructions = {empty}&#xD;
[xUnit.net 00:00:02.32]           }, &#xD;
[xUnit.net 00:00:02.32]           OpenBullet.Core.Interfaces.ScriptInstruction&#xD;
[xUnit.net 00:00:02.32]           {&#xD;
[xUnit.net 00:00:02.32]               Arguments = {"application/x-www-form-urlencoded"}, &#xD;
[xUnit.net 00:00:02.32]               CommandName = "CONTENTTYPE", &#xD;
[xUnit.net 00:00:02.32]               Label = &lt;null&gt;, &#xD;
[xUnit.net 00:00:02.32]               LineNumber = 3, &#xD;
[xUnit.net 00:00:02.32]               Parameters = {empty}, &#xD;
[xUnit.net 00:00:02.32]               RawLine = "CONTENTTYPE "application/x-www-form-urlencoded"", &#xD;
[xUnit.net 00:00:02.32]               SubInstructions = {empty}&#xD;
[xUnit.net 00:00:02.32]           }, &#xD;
[xUnit.net 00:00:02.32]           OpenBullet.Core.Interfaces.ScriptInstruction&#xD;
[xUnit.net 00:00:02.32]           {&#xD;
[xUnit.net 00:00:02.32]               Arguments = {"User-Agent: TestBot"}, &#xD;
[xUnit.net 00:00:02.32]               CommandName = "HEADER", &#xD;
[xUnit.net 00:00:02.32]               Label = &lt;null&gt;, &#xD;
[xUnit.net 00:00:02.32]               LineNumber = 4, &#xD;
[xUnit.net 00:00:02.32]               Parameters = {empty}, &#xD;
[xUnit.net 00:00:02.32]               RawLine = "HEADER "User-Agent: TestBot"", &#xD;
[xUnit.net 00:00:02.32]               SubInstructions = {empty}&#xD;
[xUnit.net 00:00:02.32]           }&#xD;
[xUnit.net 00:00:02.32]       }.&#xD;
[xUnit.net 00:00:02.32]       Stack Trace:&#xD;
[xUnit.net 00:00:02.32]            at FluentAssertions.Execution.XUnit2TestFramework.Throw(String message)&#xD;
[xUnit.net 00:00:02.32]            at FluentAssertions.Execution.TestFrameworkProvider.Throw(String message)&#xD;
[xUnit.net 00:00:02.32]            at FluentAssertions.Execution.DefaultAssertionStrategy.HandleFailure(String message)&#xD;
[xUnit.net 00:00:02.32]            at FluentAssertions.Execution.AssertionScope.FailWith(Func`1 failReasonFunc)&#xD;
[xUnit.net 00:00:02.32]            at FluentAssertions.Execution.AssertionScope.FailWith(Func`1 failReasonFunc)&#xD;
[xUnit.net 00:00:02.32]            at FluentAssertions.Execution.AssertionScope.FailWith(String message, Object[] args)&#xD;
[xUnit.net 00:00:02.32]            at FluentAssertions.Collections.GenericCollectionAssertions`3.HaveCount(Int32 expected, String because, Object[] becauseArgs)&#xD;
[xUnit.net 00:00:02.32]         C:\Users\futiliter\Downloads\Telegram Desktop\Openbullet 1.4.4 Anomaly Modded Version\OpenBulletRecreation\OpenBullet.Core.Tests\Step4_ScriptParserTests.cs(481,0): at OpenBullet.Core.Tests.Step4_ScriptParserTests.ParseScript_With_Multiline_Command_Should_Handle_Continuations()&#xD;
[xUnit.net 00:00:02.32]            at System.RuntimeMethodHandle.InvokeMethod(Object target, Void** arguments, Signature sig, Boolean isConstructor)&#xD;
[xUnit.net 00:00:02.33]            at System.Reflection.MethodBaseInvoker.InvokeWithNoArgs(Object obj, BindingFlags invokeAttr)&#xD;
[xUnit.net 00:00:02.83]       Expected botCompletedEvents not to be empty.&#xD;
[xUnit.net 00:00:02.83]       Stack Trace:&#xD;
[xUnit.net 00:00:02.83]            at FluentAssertions.Execution.XUnit2TestFramework.Throw(String message)&#xD;
[xUnit.net 00:00:02.83]            at FluentAssertions.Execution.TestFrameworkProvider.Throw(String message)&#xD;
[xUnit.net 00:00:02.83]            at FluentAssertions.Execution.DefaultAssertionStrategy.HandleFailure(String message)&#xD;
[xUnit.net 00:00:02.83]            at FluentAssertions.Execution.AssertionScope.FailWith(Func`1 failReasonFunc)&#xD;
[xUnit.net 00:00:02.83]            at FluentAssertions.Execution.AssertionScope.FailWith(Func`1 failReasonFunc)&#xD;
[xUnit.net 00:00:02.83]            at FluentAssertions.Execution.AssertionScope.FailWith(String message, Object[] args)&#xD;
[xUnit.net 00:00:02.83]            at FluentAssertions.Execution.GivenSelector`1.FailWith(String message, Object[] args)&#xD;
[xUnit.net 00:00:02.83]            at FluentAssertions.Execution.GivenSelector`1.FailWith(String message)&#xD;
[xUnit.net 00:00:02.83]            at FluentAssertions.Collections.GenericCollectionAssertions`3.NotBeEmpty(String because, Object[] becauseArgs)&#xD;
[xUnit.net 00:00:02.83]         C:\Users\futiliter\Downloads\Telegram Desktop\Openbullet 1.4.4 Anomaly Modded Version\OpenBulletRecreation\OpenBullet.Core.Tests\Step9_JobManagerTests.cs(338,0): at OpenBullet.Core.Tests.Step9_JobManagerTests.JobManager_Should_Fire_Events()&#xD;
[xUnit.net 00:00:02.83]         --- End of stack trace from previous location ---&#xD;
[xUnit.net 00:00:03.14]       Expected activeJobs &#xD;
[xUnit.net 00:00:03.14]       {&#xD;
[xUnit.net 00:00:03.14]           OpenBullet.Core.Jobs.JobStatus&#xD;
[xUnit.net 00:00:03.14]           {&#xD;
[xUnit.net 00:00:03.14]               ActiveBots = 0, &#xD;
[xUnit.net 00:00:03.14]               BannedBots = 0, &#xD;
[xUnit.net 00:00:03.14]               BotsPerMinute = 0.0, &#xD;
[xUnit.net 00:00:03.14]               CustomStatusBots = 0, &#xD;
[xUnit.net 00:00:03.14]               ElapsedTime = 3ms and 501.1µs, &#xD;
[xUnit.net 00:00:03.14]               EndTime = &lt;2025-08-17 13:55:53.9070833&gt;, &#xD;
[xUnit.net 00:00:03.14]               ErrorBots = 0, &#xD;
[xUnit.net 00:00:03.14]               EstimatedTimeRemaining = default, &#xD;
[xUnit.net 00:00:03.14]               FailedBots = 0, &#xD;
[xUnit.net 00:00:03.14]               IsCompleted = True, &#xD;
[xUnit.net 00:00:03.14]               IsRunning = False, &#xD;
[xUnit.net 00:00:03.14]               JobId = "05587b50-1e38-4116-b74f-b95b0cfc5565", &#xD;
[xUnit.net 00:00:03.14]               LastErrorMessage = &lt;null&gt;, &#xD;
[xUnit.net 00:00:03.15]               Metadata = {empty}, &#xD;
[xUnit.net 00:00:03.15]               Name = "TestJob", &#xD;
[xUnit.net 00:00:03.15]               ProcessedDataLines = 3, &#xD;
[xUnit.net 00:00:03.15]               ProgressPercentage = 0.0, &#xD;
[xUnit.net 00:00:03.15]               RetryBots = 0, &#xD;
[xUnit.net 00:00:03.15]               StartTime = &lt;2025-08-17 13:55:53.902537&gt;, &#xD;
[xUnit.net 00:00:03.15]               State = JobState.Completed {value: 5}, &#xD;
[xUnit.net 00:00:03.15]               SuccessfulBots = 3, &#xD;
[xUnit.net 00:00:03.15]               TotalDataLines = 3&#xD;
[xUnit.net 00:00:03.15]           }, &#xD;
[xUnit.net 00:00:03.15]           OpenBullet.Core.Jobs.JobStatus&#xD;
[xUnit.net 00:00:03.15]           {&#xD;
[xUnit.net 00:00:03.15]               ActiveBots = 0, &#xD;
[xUnit.net 00:00:03.15]               BannedBots = 0, &#xD;
[xUnit.net 00:00:03.15]               BotsPerMinute = 0.0, &#xD;
[xUnit.net 00:00:03.15]               CustomStatusBots = 0, &#xD;
[xUnit.net 00:00:03.15]               ElapsedTime = 444.4µs, &#xD;
[xUnit.net 00:00:03.15]               EndTime = &lt;2025-08-17 13:55:53.9046675&gt;, &#xD;
[xUnit.net 00:00:03.15]               ErrorBots = 0, &#xD;
[xUnit.net 00:00:03.15]               EstimatedTimeRemaining = default, &#xD;
[xUnit.net 00:00:03.15]               FailedBots = 0, &#xD;
[xUnit.net 00:00:03.15]               IsCompleted = True, &#xD;
[xUnit.net 00:00:03.15]               IsRunning = False, &#xD;
[xUnit.net 00:00:03.15]               JobId = "4a61100f-eba8-407f-b983-0bf817291b70", &#xD;
[xUnit.net 00:00:03.15]               LastErrorMessage = &lt;null&gt;, &#xD;
[xUnit.net 00:00:03.15]               Metadata = {empty}, &#xD;
[xUnit.net 00:00:03.15]               Name = "SecondJob", &#xD;
[xUnit.net 00:00:03.15]               ProcessedDataLines = 1, &#xD;
[xUnit.net 00:00:03.15]               ProgressPercentage = 0.0, &#xD;
[xUnit.net 00:00:03.15]               RetryBots = 0, &#xD;
[xUnit.net 00:00:03.15]               StartTime = &lt;2025-08-17 13:55:53.9025807&gt;, &#xD;
[xUnit.net 00:00:03.15]               State = JobState.Completed {value: 5}, &#xD;
[xUnit.net 00:00:03.15]               SuccessfulBots = 1, &#xD;
[xUnit.net 00:00:03.15]               TotalDataLines = 1&#xD;
[xUnit.net 00:00:03.15]           }&#xD;
[xUnit.net 00:00:03.15]       } to have an item matching (job.JobId == value(OpenBullet.Core.Tests.Step9_JobManagerTests+&lt;&gt;c__DisplayClass14_0).jobId1).&#xD;
[xUnit.net 00:00:03.15]       Stack Trace:&#xD;
[xUnit.net 00:00:03.15]            at FluentAssertions.Execution.XUnit2TestFramework.Throw(String message)&#xD;
[xUnit.net 00:00:03.15]            at FluentAssertions.Execution.TestFrameworkProvider.Throw(String message)&#xD;
[xUnit.net 00:00:03.15]            at FluentAssertions.Execution.DefaultAssertionStrategy.HandleFailure(String message)&#xD;
[xUnit.net 00:00:03.15]            at FluentAssertions.Execution.AssertionScope.FailWith(Func`1 failReasonFunc)&#xD;
[xUnit.net 00:00:03.15]            at FluentAssertions.Execution.AssertionScope.FailWith(Func`1 failReasonFunc)&#xD;
[xUnit.net 00:00:03.15]            at FluentAssertions.Execution.AssertionScope.FailWith(String message, Object[] args)&#xD;
[xUnit.net 00:00:03.15]            at FluentAssertions.Collections.GenericCollectionAssertions`3.Contain(Expression`1 predicate, String because, Object[] becauseArgs)&#xD;
[xUnit.net 00:00:03.15]         C:\Users\futiliter\Downloads\Telegram Desktop\Openbullet 1.4.4 Anomaly Modded Version\OpenBulletRecreation\OpenBullet.Core.Tests\Step9_JobManagerTests.cs(225,0): at OpenBullet.Core.Tests.Step9_JobManagerTests.GetActiveJobs_Should_Return_All_Active_Jobs()&#xD;
[xUnit.net 00:00:03.15]         --- End of stack trace from previous location ---&#xD;
[xUnit.net 00:00:03.15]       Expected status.BotsPerMinute to be greater than 0.0, but found 0.0.&#xD;
[xUnit.net 00:00:03.15]       Stack Trace:&#xD;
[xUnit.net 00:00:03.15]            at FluentAssertions.Execution.XUnit2TestFramework.Throw(String message)&#xD;
[xUnit.net 00:00:03.15]            at FluentAssertions.Execution.TestFrameworkProvider.Throw(String message)&#xD;
[xUnit.net 00:00:03.15]            at FluentAssertions.Execution.DefaultAssertionStrategy.HandleFailure(String message)&#xD;
[xUnit.net 00:00:03.15]            at FluentAssertions.Execution.AssertionScope.FailWith(Func`1 failReasonFunc)&#xD;
[xUnit.net 00:00:03.15]            at FluentAssertions.Execution.AssertionScope.FailWith(Func`1 failReasonFunc)&#xD;
[xUnit.net 00:00:03.15]            at FluentAssertions.Execution.AssertionScope.FailWith(String message, Object[] args)&#xD;
[xUnit.net 00:00:03.15]            at FluentAssertions.Numeric.NumericAssertions`2.BeGreaterThan(T expected, String because, Object[] becauseArgs)&#xD;
[xUnit.net 00:00:03.15]         C:\Users\futiliter\Downloads\Telegram Desktop\Openbullet 1.4.4 Anomaly Modded Version\OpenBulletRecreation\OpenBullet.Core.Tests\Step9_JobManagerTests.cs(430,0): at OpenBullet.Core.Tests.Step9_JobManagerTests.JobStatus_Properties_Should_Calculate_Correctly()&#xD;
[xUnit.net 00:00:03.15]            at System.RuntimeMethodHandle.InvokeMethod(Object target, Void** arguments, Signature sig, Boolean isConstructor)&#xD;
[xUnit.net 00:00:03.15]            at System.Reflection.MethodBaseInvoker.InvokeWithNoArgs(Object obj, BindingFlags invokeAttr)&#xD;
[xUnit.net 00:00:03.27]       Expected status.JobId to be "7f6097bb-9a37-44d9-a69f-b13dfef30835", but "2aa5ac5d-2b99-4768-bf30-f9afeefe6112" differs near "2aa" (index 0).&#xD;
[xUnit.net 00:00:03.27]       Stack Trace:&#xD;
[xUnit.net 00:00:03.27]            at FluentAssertions.Execution.XUnit2TestFramework.Throw(String message)&#xD;
[xUnit.net 00:00:03.27]            at FluentAssertions.Execution.TestFrameworkProvider.Throw(String message)&#xD;
[xUnit.net 00:00:03.27]            at FluentAssertions.Execution.DefaultAssertionStrategy.HandleFailure(String message)&#xD;
[xUnit.net 00:00:03.27]            at FluentAssertions.Execution.AssertionScope.FailWith(Func`1 failReasonFunc)&#xD;
[xUnit.net 00:00:03.27]            at FluentAssertions.Execution.AssertionScope.FailWith(Func`1 failReasonFunc)&#xD;
[xUnit.net 00:00:03.27]            at FluentAssertions.Execution.AssertionScope.FailWith(String message, Object[] args)&#xD;
[xUnit.net 00:00:03.27]            at FluentAssertions.Primitives.StringEqualityValidator.ValidateAgainstMismatch()&#xD;
[xUnit.net 00:00:03.27]            at FluentAssertions.Primitives.StringValidator.Validate()&#xD;
[xUnit.net 00:00:03.27]            at FluentAssertions.Primitives.StringAssertions`1.Be(String expected, String because, Object[] becauseArgs)&#xD;
[xUnit.net 00:00:03.27]         C:\Users\futiliter\Downloads\Telegram Desktop\Openbullet 1.4.4 Anomaly Modded Version\OpenBulletRecreation\OpenBullet.Core.Tests\Step9_JobManagerTests.cs(75,0): at OpenBullet.Core.Tests.Step9_JobManagerTests.StartJobAsync_With_Valid_Config_Should_Return_JobId()&#xD;
[xUnit.net 00:00:03.27]         --- End of stack trace from previous location ---&#xD;
[xUnit.net 00:00:03.34]       Expected paused to be true, but found False.&#xD;
[xUnit.net 00:00:03.34]       Stack Trace:&#xD;
[xUnit.net 00:00:03.34]            at FluentAssertions.Execution.XUnit2TestFramework.Throw(String message)&#xD;
[xUnit.net 00:00:03.34]            at FluentAssertions.Execution.TestFrameworkProvider.Throw(String message)&#xD;
[xUnit.net 00:00:03.34]            at FluentAssertions.Execution.DefaultAssertionStrategy.HandleFailure(String message)&#xD;
[xUnit.net 00:00:03.34]            at FluentAssertions.Execution.AssertionScope.FailWith(Func`1 failReasonFunc)&#xD;
[xUnit.net 00:00:03.34]            at FluentAssertions.Execution.AssertionScope.FailWith(Func`1 failReasonFunc)&#xD;
[xUnit.net 00:00:03.34]            at FluentAssertions.Execution.AssertionScope.FailWith(String message, Object[] args)&#xD;
[xUnit.net 00:00:03.34]            at FluentAssertions.Primitives.BooleanAssertions`1.BeTrue(String because, Object[] becauseArgs)&#xD;
[xUnit.net 00:00:03.34]         C:\Users\futiliter\Downloads\Telegram Desktop\Openbullet 1.4.4 Anomaly Modded Version\OpenBulletRecreation\OpenBullet.Core.Tests\Step9_JobManagerTests.cs(144,0): at OpenBullet.Core.Tests.Step9_JobManagerTests.PauseJobAsync_With_Running_Job_Should_Pause_Job()&#xD;
[xUnit.net 00:00:03.34]         --- End of stack trace from previous location ---&#xD;
[xUnit.net 00:00:03.49]       Expected result.Success to be true, but found False.&#xD;
[xUnit.net 00:00:03.49]       Stack Trace:&#xD;
[xUnit.net 00:00:03.49]            at FluentAssertions.Execution.XUnit2TestFramework.Throw(String message)&#xD;
[xUnit.net 00:00:03.49]            at FluentAssertions.Execution.TestFrameworkProvider.Throw(String message)&#xD;
[xUnit.net 00:00:03.49]            at FluentAssertions.Execution.DefaultAssertionStrategy.HandleFailure(String message)&#xD;
[xUnit.net 00:00:03.49]            at FluentAssertions.Execution.AssertionScope.FailWith(Func`1 failReasonFunc)&#xD;
[xUnit.net 00:00:03.49]            at FluentAssertions.Execution.AssertionScope.FailWith(Func`1 failReasonFunc)&#xD;
[xUnit.net 00:00:03.49]            at FluentAssertions.Execution.AssertionScope.FailWith(String message, Object[] args)&#xD;
[xUnit.net 00:00:03.49]            at FluentAssertions.Primitives.BooleanAssertions`1.BeTrue(String because, Object[] becauseArgs)&#xD;
[xUnit.net 00:00:03.49]         C:\Users\futiliter\Downloads\Telegram Desktop\Openbullet 1.4.4 Anomaly Modded Version\OpenBulletRecreation\OpenBullet.Core.Tests\Step11_DatabaseManagerTests.cs(269,0): at OpenBullet.Core.Tests.Step11_DatabaseManagerTests.DatabaseManager_Cleanup_With_Default_Options_Should_Work()&#xD;
[xUnit.net 00:00:03.49]         --- End of stack trace from previous location ---&#xD;
[xUnit.net 00:00:03.54]       Expected jobsWithHighSuccess to contain 4 item(s), but found 5: OpenBullet.Core.Data.JobEntity&#xD;
[xUnit.net 00:00:03.54]           {&#xD;
[xUnit.net 00:00:03.54]               CompletedAt = &lt;null&gt;, &#xD;
[xUnit.net 00:00:03.54]               ConcurrentBots = 1, &#xD;
[xUnit.net 00:00:03.54]               Configuration = OpenBullet.Core.Data.ConfigurationEntity&#xD;
[xUnit.net 00:00:03.54]               {&#xD;
[xUnit.net 00:00:03.54]                   Author = "", &#xD;
[xUnit.net 00:00:03.54]                   Category = "Category2", &#xD;
[xUnit.net 00:00:03.54]                   CreatedAt = &lt;2025-08-17 13:55:54.2205276&gt;, &#xD;
[xUnit.net 00:00:03.54]                   CreatedBy = &lt;null&gt;, &#xD;
[xUnit.net 00:00:03.54]                   DeletedAt = &lt;null&gt;, &#xD;
[xUnit.net 00:00:03.54]                   Description = &lt;null&gt;, &#xD;
[xUnit.net 00:00:03.54]                   Id = "67cb9827-ec79-4a1a-8f57-c073e4069c39", &#xD;
[xUnit.net 00:00:03.54]                   IsActive = True, &#xD;
[xUnit.net 00:00:03.54]                   IsDeleted = False, &#xD;
[xUnit.net 00:00:03.54]                   IsPublic = False, &#xD;
[xUnit.net 00:00:03.54]                   Jobs = {{Cyclic reference to type OpenBullet.Core.Data.JobEntity detected}}, &#xD;
[xUnit.net 00:00:03.54]                   LastUsed = &lt;null&gt;, &#xD;
[xUnit.net 00:00:03.54]                   Metadata = {empty}, &#xD;
[xUnit.net 00:00:03.54]                   MetadataJson = "{}", &#xD;
[xUnit.net 00:00:03.54]                   Name = "Config 10", &#xD;
[xUnit.net 00:00:03.54]                   RequiredPluginsJson = &lt;null&gt;, &#xD;
[xUnit.net 00:00:03.54]                   Script = "", &#xD;
[xUnit.net 00:00:03.54]                   SettingsJson = &lt;null&gt;, &#xD;
[xUnit.net 00:00:03.54]                   SuccessRate = &lt;null&gt;, &#xD;
[xUnit.net 00:00:03.54]                   TagsJson = &lt;null&gt;, &#xD;
[xUnit.net 00:00:03.54]                   UpdatedAt = &lt;2025-08-17 13:55:54.2205277&gt;, &#xD;
[xUnit.net 00:00:03.54]                   UpdatedBy = &lt;null&gt;, &#xD;
[xUnit.net 00:00:03.54]                   UsageCount = 100, &#xD;
[xUnit.net 00:00:03.54]                   Version = "1.0.0"&#xD;
[xUnit.net 00:00:03.54]               }, &#xD;
[xUnit.net 00:00:03.54]               ConfigurationId = "67cb9827-ec79-4a1a-8f57-c073e4069c39", &#xD;
[xUnit.net 00:00:03.54]               CreatedAt = &lt;2025-08-17 13:55:54.2205287&gt;, &#xD;
[xUnit.net 00:00:03.55]               CreatedBy = &lt;null&gt;, &#xD;
[xUnit.net 00:00:03.55]               DataLinesJson = &lt;null&gt;, &#xD;
[xUnit.net 00:00:03.55]               DeletedAt = &lt;null&gt;, &#xD;
[xUnit.net 00:00:03.55]               Description = &lt;null&gt;, &#xD;
[xUnit.net 00:00:03.55]               Duration = &lt;null&gt;, &#xD;
[xUnit.net 00:00:03.55]               ErrorItems = 0, &#xD;
[xUnit.net 00:00:03.55]               ErrorMessage = &lt;null&gt;, &#xD;
[xUnit.net 00:00:03.55]               FailedItems = 20, &#xD;
[xUnit.net 00:00:03.55]               Id = "136dd56d-f5fd-4e4b-a0e0-8d39fc25cbdf", &#xD;
[xUnit.net 00:00:03.55]               IsCompleted = True, &#xD;
[xUnit.net 00:00:03.55]               IsDeleted = False, &#xD;
[xUnit.net 00:00:03.55]               IsRunning = False, &#xD;
[xUnit.net 00:00:03.55]               ItemsPerMinute = &lt;null&gt;, &#xD;
[xUnit.net 00:00:03.55]               Metadata = {empty}, &#xD;
[xUnit.net 00:00:03.55]               MetadataJson = "{}", &#xD;
[xUnit.net 00:00:03.55]               Name = "Job 10", &#xD;
[xUnit.net 00:00:03.55]               ProcessedItems = 0, &#xD;
[xUnit.net 00:00:03.55]               ProgressPercentage = 0.0, &#xD;
[xUnit.net 00:00:03.55]               ProxiesUsed = 0, &#xD;
[xUnit.net 00:00:03.55]               Results = {empty}, &#xD;
[xUnit.net 00:00:03.55]               SettingsJson = &lt;null&gt;, &#xD;
[xUnit.net 00:00:03.55]               StartedAt = &lt;2025-08-17 03:55:54.2205291&gt;, &#xD;
[xUnit.net 00:00:03.55]               Status = JobStatus.Failed {value: 6}, &#xD;
[xUnit.net 00:00:03.55]               SuccessRate = &lt;null&gt;, &#xD;
[xUnit.net 00:00:03.55]               SuccessfulItems = 50, &#xD;
[xUnit.net 00:00:03.55]               TotalItems = 0, &#xD;
[xUnit.net 00:00:03.55]               UpdatedAt = &lt;2025-08-17 13:55:54.2205288&gt;, &#xD;
[xUnit.net 00:00:03.55]               UpdatedBy = &lt;null&gt;, &#xD;
[xUnit.net 00:00:03.55]               UseProxies = False&#xD;
[xUnit.net 00:00:03.55]           }OpenBullet.Core.Data.JobEntity&#xD;
[xUnit.net 00:00:03.55]           {&#xD;
[xUnit.net 00:00:03.55]               CompletedAt = &lt;null&gt;, &#xD;
[xUnit.net 00:00:03.55]               ConcurrentBots = 1, &#xD;
[xUnit.net 00:00:03.55]               Configuration = OpenBullet.Core.Data.ConfigurationEntity&#xD;
[xUnit.net 00:00:03.55]               {&#xD;
[xUnit.net 00:00:03.55]                   Author = "", &#xD;
[xUnit.net 00:00:03.55]                   Category = "Category2", &#xD;
[xUnit.net 00:00:03.55]                   CreatedAt = &lt;2025-08-17 13:55:54.2205255&gt;, &#xD;
[xUnit.net 00:00:03.55]                   CreatedBy = &lt;null&gt;, &#xD;
[xUnit.net 00:00:03.55]                   DeletedAt = &lt;null&gt;, &#xD;
[xUnit.net 00:00:03.55]                   Description = &lt;null&gt;, &#xD;
[xUnit.net 00:00:03.55]                   Id = "532b8798-ff68-491c-9bba-f50e01c5be4c", &#xD;
[xUnit.net 00:00:03.55]                   IsActive = False, &#xD;
[xUnit.net 00:00:03.55]                   IsDeleted = False, &#xD;
[xUnit.net 00:00:03.55]                   IsPublic = False, &#xD;
[xUnit.net 00:00:03.55]                   Jobs = {{Cyclic reference to type OpenBullet.Core.Data.JobEntity detected}}, &#xD;
[xUnit.net 00:00:03.55]                   LastUsed = &lt;null&gt;, &#xD;
[xUnit.net 00:00:03.55]                   Metadata = {empty}, &#xD;
[xUnit.net 00:00:03.55]                   MetadataJson = "{}", &#xD;
[xUnit.net 00:00:03.55]                   Name = "Config 9", &#xD;
[xUnit.net 00:00:03.55]                   RequiredPluginsJson = &lt;null&gt;, &#xD;
[xUnit.net 00:00:03.55]                   Script = "", &#xD;
[xUnit.net 00:00:03.55]                   SettingsJson = &lt;null&gt;, &#xD;
[xUnit.net 00:00:03.55]                   SuccessRate = &lt;null&gt;, &#xD;
[xUnit.net 00:00:03.55]                   TagsJson = &lt;null&gt;, &#xD;
[xUnit.net 00:00:03.55]                   UpdatedAt = &lt;2025-08-17 13:55:54.2205256&gt;, &#xD;
[xUnit.net 00:00:03.55]                   UpdatedBy = &lt;null&gt;, &#xD;
[xUnit.net 00:00:03.55]                   UsageCount = 90, &#xD;
[xUnit.net 00:00:03.55]                   Version = "1.0.0"&#xD;
[xUnit.net 00:00:03.55]               }, &#xD;
[xUnit.net 00:00:03.55]               ConfigurationId = "532b8798-ff68-491c-9bba-f50e01c5be4c", &#xD;
[xUnit.net 00:00:03.55]               CreatedAt = &lt;2025-08-17 13:55:54.2205265&gt;, &#xD;
[xUnit.net 00:00:03.55]               CreatedBy = &lt;null&gt;, &#xD;
[xUnit.net 00:00:03.55]               DataLinesJson = &lt;null&gt;, &#xD;
[xUnit.net 00:00:03.55]               DeletedAt = &lt;null&gt;, &#xD;
[xUnit.net 00:00:03.55]               Description = &lt;null&gt;, &#xD;
[xUnit.net 00:00:03.55]               Duration = &lt;null&gt;, &#xD;
[xUnit.net 00:00:03.55]       &#xD;
[xUnit.net 00:00:03.55]       (Output has exceeded the maximum of 100 lines. Increase FormattingOptions.MaxLines on AssertionScope or AssertionOptions to include more lines.)&#xD;
[xUnit.net 00:00:03.55]               ErrorItems = 0, .&#xD;
[xUnit.net 00:00:03.55]       Stack Trace:&#xD;
[xUnit.net 00:00:03.55]            at FluentAssertions.Execution.XUnit2TestFramework.Throw(String message)&#xD;
[xUnit.net 00:00:03.55]            at FluentAssertions.Execution.TestFrameworkProvider.Throw(String message)&#xD;
[xUnit.net 00:00:03.55]            at FluentAssertions.Execution.DefaultAssertionStrategy.HandleFailure(String message)&#xD;
[xUnit.net 00:00:03.55]            at FluentAssertions.Execution.AssertionScope.FailWith(Func`1 failReasonFunc)&#xD;
[xUnit.net 00:00:03.55]            at FluentAssertions.Execution.AssertionScope.FailWith(Func`1 failReasonFunc)&#xD;
[xUnit.net 00:00:03.55]            at FluentAssertions.Execution.AssertionScope.FailWith(String message, Object[] args)&#xD;
[xUnit.net 00:00:03.55]            at FluentAssertions.Collections.GenericCollectionAssertions`3.HaveCount(Int32 expected, String because, Object[] becauseArgs)&#xD;
[xUnit.net 00:00:03.55]         C:\Users\futiliter\Downloads\Telegram Desktop\Openbullet 1.4.4 Anomaly Modded Version\OpenBulletRecreation\OpenBullet.Core.Tests\Step11_DatabaseContextTests.cs(359,0): at OpenBullet.Core.Tests.Step11_DatabaseContextTests.Complex_Queries_Should_Work()&#xD;
[xUnit.net 00:00:03.55]         --- End of stack trace from previous location ---&#xD;
[xUnit.net 00:00:03.59]       Expected result.Success to be true, but found False.&#xD;
[xUnit.net 00:00:03.59]       Stack Trace:&#xD;
[xUnit.net 00:00:03.59]            at FluentAssertions.Execution.XUnit2TestFramework.Throw(String message)&#xD;
[xUnit.net 00:00:03.59]            at FluentAssertions.Execution.TestFrameworkProvider.Throw(String message)&#xD;
[xUnit.net 00:00:03.59]            at FluentAssertions.Execution.DefaultAssertionStrategy.HandleFailure(String message)&#xD;
[xUnit.net 00:00:03.59]            at FluentAssertions.Execution.AssertionScope.FailWith(Func`1 failReasonFunc)&#xD;
[xUnit.net 00:00:03.59]            at FluentAssertions.Execution.AssertionScope.FailWith(Func`1 failReasonFunc)&#xD;
[xUnit.net 00:00:03.59]            at FluentAssertions.Execution.AssertionScope.FailWith(String message, Object[] args)&#xD;
[xUnit.net 00:00:03.59]            at FluentAssertions.Primitives.BooleanAssertions`1.BeTrue(String because, Object[] becauseArgs)&#xD;
[xUnit.net 00:00:03.59]         C:\Users\futiliter\Downloads\Telegram Desktop\Openbullet 1.4.4 Anomaly Modded Version\OpenBulletRecreation\OpenBullet.Core.Tests\Step11_DatabaseManagerTests.cs(246,0): at OpenBullet.Core.Tests.Step11_DatabaseManagerTests.DatabaseManager_Cleanup_Should_Work()&#xD;
[xUnit.net 00:00:03.59]         --- End of stack trace from previous location ---&#xD;
[xUnit.net 00:00:05.40]       System.NullReferenceException : Object reference not set to an instance of an object.&#xD;
[xUnit.net 00:00:05.40]       Stack Trace:&#xD;
[xUnit.net 00:00:05.40]         C:\Users\futiliter\Downloads\Telegram Desktop\Openbullet 1.4.4 Anomaly Modded Version\OpenBulletRecreation\OpenBullet.Core\Data\StorageServices.cs(41,0): at OpenBullet.Core.Data.ConfigurationStorage.SearchAsync(String searchTerm, CancellationToken cancellationToken)&#xD;
[xUnit.net 00:00:05.40]         C:\Users\futiliter\Downloads\Telegram Desktop\Openbullet 1.4.4 Anomaly Modded Version\OpenBulletRecreation\OpenBullet.Core.Tests\Step11_ValidationTests.cs(456,0): at OpenBullet.Core.Tests.Step11_ValidationTests.Error_Handling_And_Edge_Cases_Should_Work()&#xD;
[xUnit.net 00:00:05.40]         --- End of stack trace from previous location ---&#xD;
[xUnit.net 00:00:05.48]       Expected savedConfig!.UsageCount to be greater than 0, but found 0.&#xD;
[xUnit.net 00:00:05.48]       Stack Trace:&#xD;
[xUnit.net 00:00:05.48]            at FluentAssertions.Execution.XUnit2TestFramework.Throw(String message)&#xD;
[xUnit.net 00:00:05.48]            at FluentAssertions.Execution.TestFrameworkProvider.Throw(String message)&#xD;
[xUnit.net 00:00:05.48]            at FluentAssertions.Execution.DefaultAssertionStrategy.HandleFailure(String message)&#xD;
[xUnit.net 00:00:05.48]            at FluentAssertions.Execution.AssertionScope.FailWith(Func`1 failReasonFunc)&#xD;
[xUnit.net 00:00:05.48]            at FluentAssertions.Execution.AssertionScope.FailWith(Func`1 failReasonFunc)&#xD;
[xUnit.net 00:00:05.48]            at FluentAssertions.Execution.AssertionScope.FailWith(String message, Object[] args)&#xD;
[xUnit.net 00:00:05.48]            at FluentAssertions.Numeric.NumericAssertions`2.BeGreaterThan(T expected, String because, Object[] becauseArgs)&#xD;
[xUnit.net 00:00:05.48]         C:\Users\futiliter\Downloads\Telegram Desktop\Openbullet 1.4.4 Anomaly Modded Version\OpenBulletRecreation\OpenBullet.Core.Tests\Step11_ValidationTests.cs(352,0): at OpenBullet.Core.Tests.Step11_ValidationTests.Complete_Workflow_Integration_Test()&#xD;
[xUnit.net 00:00:05.48]         --- End of stack trace from previous location ---&#xD;
[xUnit.net 00:00:05.48]   Finished:    OpenBullet.Core.Tests&#xD;
</StdOut>
    </Output>
    <RunInfos>
      <RunInfo computerName="DESKTOP-FL6NJPC" outcome="Error" timestamp="2025-08-17T15:55:51.4620316+02:00">
        <Text>[xUnit.net 00:00:00.57]     OpenBullet.Core.Tests.Step13_ConfigurationEditorTests.GetCompletions_Should_Return_Command_Suggestions [FAIL]</Text>
      </RunInfo>
      <RunInfo computerName="DESKTOP-FL6NJPC" outcome="Error" timestamp="2025-08-17T15:55:51.5035388+02:00">
        <Text>[xUnit.net 00:00:00.59]     OpenBullet.Core.Tests.Step13_ConfigurationEditorTests.TokenizeScript_Should_Correctly_Identify_Token_Types(input: "123", expectedType: Number, expectedValue: "123") [FAIL]</Text>
      </RunInfo>
      <RunInfo computerName="DESKTOP-FL6NJPC" outcome="Error" timestamp="2025-08-17T15:55:51.5039697+02:00">
        <Text>[xUnit.net 00:00:00.60]     OpenBullet.Core.Tests.Step13_ConfigurationEditorTests.TokenizeScript_Should_Correctly_Identify_Token_Types(input: "REQUEST GET \"https://example.com\"", expectedType: Command, expectedValue: "REQUEST") [FAIL]</Text>
      </RunInfo>
      <RunInfo computerName="DESKTOP-FL6NJPC" outcome="Error" timestamp="2025-08-17T15:55:51.5043233+02:00">
        <Text>[xUnit.net 00:00:00.60]     OpenBullet.Core.Tests.Step13_ConfigurationEditorTests.TokenizeScript_Should_Correctly_Identify_Token_Types(input: "&lt;variable&gt;", expectedType: Variable, expectedValue: "variable") [FAIL]</Text>
      </RunInfo>
      <RunInfo computerName="DESKTOP-FL6NJPC" outcome="Error" timestamp="2025-08-17T15:55:51.5046508+02:00">
        <Text>[xUnit.net 00:00:00.60]     OpenBullet.Core.Tests.Step13_ConfigurationEditorTests.TokenizeScript_Should_Correctly_Identify_Token_Types(input: "PARSE \"&lt;title&gt;(.*?)&lt;/title&gt;\" REGEX", expectedType: Command, expectedValue: "PARSE") [FAIL]</Text>
      </RunInfo>
      <RunInfo computerName="DESKTOP-FL6NJPC" outcome="Error" timestamp="2025-08-17T15:55:51.5050201+02:00">
        <Text>[xUnit.net 00:00:00.60]     OpenBullet.Core.Tests.Step13_ConfigurationEditorTests.TokenizeScript_Should_Correctly_Identify_Token_Types(input: "KEYCHECK SUCCESS \"Hello World\"", expectedType: Command, expectedValue: "KEYCHECK") [FAIL]</Text>
      </RunInfo>
      <RunInfo computerName="DESKTOP-FL6NJPC" outcome="Error" timestamp="2025-08-17T15:55:51.5079818+02:00">
        <Text>[xUnit.net 00:00:00.60]     OpenBullet.Core.Tests.Step13_ConfigurationEditorTests.TokenizeScript_Should_Correctly_Identify_Token_Types(input: "// This is a comment", expectedType: Comment, expectedValue: "//") [FAIL]</Text>
      </RunInfo>
      <RunInfo computerName="DESKTOP-FL6NJPC" outcome="Error" timestamp="2025-08-17T15:55:51.5188653+02:00">
        <Text>[xUnit.net 00:00:00.60]     OpenBullet.Core.Tests.Step13_ConfigurationEditorTests.TokenizeScript_Should_Correctly_Identify_Token_Types(input: "LABEL:TestLabel", expectedType: Label, expectedValue: "LABEL:") [FAIL]</Text>
      </RunInfo>
      <RunInfo computerName="DESKTOP-FL6NJPC" outcome="Error" timestamp="2025-08-17T15:55:51.5235318+02:00">
        <Text>[xUnit.net 00:00:00.60]     OpenBullet.Core.Tests.Step13_ConfigurationEditorTests.TokenizeScript_Should_Correctly_Identify_Token_Types(input: "\"string value\"", expectedType: String, expectedValue: "string value") [FAIL]</Text>
      </RunInfo>
      <RunInfo computerName="DESKTOP-FL6NJPC" outcome="Error" timestamp="2025-08-17T15:55:51.5385094+02:00">
        <Text>[xUnit.net 00:00:00.60]     OpenBullet.Core.Tests.Step13_ConfigurationEditorTests.TokenizeScript_Should_Correctly_Identify_Token_Types(input: "# Another comment style", expectedType: Comment, expectedValue: "#") [FAIL]</Text>
      </RunInfo>
      <RunInfo computerName="DESKTOP-FL6NJPC" outcome="Error" timestamp="2025-08-17T15:55:51.5664063+02:00">
        <Text>[xUnit.net 00:00:00.61]     OpenBullet.Core.Tests.Step13_ConfigurationEditorTests.HighlightSyntax_Should_Return_Formatted_Text [FAIL]</Text>
      </RunInfo>
      <RunInfo computerName="DESKTOP-FL6NJPC" outcome="Error" timestamp="2025-08-17T15:55:51.5666408+02:00">
        <Text>[xUnit.net 00:00:00.61]     OpenBullet.Core.Tests.Step13_ConfigurationEditorTests.ValidateScript_Should_Detect_Syntax_Errors(invalidScript: "REQUEST GET", expectedErrorType: "Missing URL parameter") [FAIL]</Text>
      </RunInfo>
      <RunInfo computerName="DESKTOP-FL6NJPC" outcome="Error" timestamp="2025-08-17T15:55:51.5669043+02:00">
        <Text>[xUnit.net 00:00:00.61]     OpenBullet.Core.Tests.Step13_ConfigurationEditorTests.ValidateScript_Should_Detect_Syntax_Errors(invalidScript: "PARSE \"pattern\" INVALID_TYPE", expectedErrorType: "Unknown parsing type") [FAIL]</Text>
      </RunInfo>
      <RunInfo computerName="DESKTOP-FL6NJPC" outcome="Error" timestamp="2025-08-17T15:55:51.5671227+02:00">
        <Text>[xUnit.net 00:00:00.61]     OpenBullet.Core.Tests.Step13_ConfigurationEditorTests.ValidateScript_Should_Detect_Syntax_Errors(invalidScript: "REQUEST", expectedErrorType: "Missing required parameters") [FAIL]</Text>
      </RunInfo>
      <RunInfo computerName="DESKTOP-FL6NJPC" outcome="Error" timestamp="2025-08-17T15:55:51.5673270+02:00">
        <Text>[xUnit.net 00:00:00.61]     OpenBullet.Core.Tests.Step13_ConfigurationEditorTests.ValidateScript_Should_Detect_Syntax_Errors(invalidScript: "INVALID_COMMAND GET \"url\"", expectedErrorType: "Unknown command") [FAIL]</Text>
      </RunInfo>
      <RunInfo computerName="DESKTOP-FL6NJPC" outcome="Error" timestamp="2025-08-17T15:55:51.5680129+02:00">
        <Text>[xUnit.net 00:00:00.62]     OpenBullet.Core.Tests.Step13_ConfigurationEditorTests.ValidateScript_Should_Detect_Syntax_Errors(invalidScript: "KEYCHECK INVALID_CONDITION", expectedErrorType: "Unknown condition type") [FAIL]</Text>
      </RunInfo>
      <RunInfo computerName="DESKTOP-FL6NJPC" outcome="Error" timestamp="2025-08-17T15:55:51.5722885+02:00">
        <Text>[xUnit.net 00:00:00.62]     OpenBullet.Core.Tests.Step13_ConfigurationEditorTests.GetCompletions_Should_Return_Variable_Suggestions [FAIL]</Text>
      </RunInfo>
      <RunInfo computerName="DESKTOP-FL6NJPC" outcome="Error" timestamp="2025-08-17T15:55:51.5728869+02:00">
        <Text>[xUnit.net 00:00:00.62]     OpenBullet.Core.Tests.Step13_ConfigurationEditorTests.GetParameterHints_Should_Return_Command_Help [FAIL]</Text>
      </RunInfo>
      <RunInfo computerName="DESKTOP-FL6NJPC" outcome="Error" timestamp="2025-08-17T15:55:51.6241040+02:00">
        <Text>[xUnit.net 00:00:00.62]     OpenBullet.Core.Tests.Step13_ConfigurationEditorTests.ValidateScript_Should_Check_Variable_Usage [FAIL]</Text>
      </RunInfo>
      <RunInfo computerName="DESKTOP-FL6NJPC" outcome="Error" timestamp="2025-08-17T15:55:51.6246494+02:00">
        <Text>[xUnit.net 00:00:00.63]     OpenBullet.Core.Tests.Step13_ConfigurationEditorTests.ValidateScript_Should_Detect_Logical_Warnings [FAIL]</Text>
      </RunInfo>
      <RunInfo computerName="DESKTOP-FL6NJPC" outcome="Error" timestamp="2025-08-17T15:55:51.6249191+02:00">
        <Text>[xUnit.net 00:00:00.63]     OpenBullet.Core.Tests.Step13_ConfigurationEditorTests.SyntaxHighlighting_Should_Be_Fast_For_Large_Scripts [FAIL]</Text>
      </RunInfo>
      <RunInfo computerName="DESKTOP-FL6NJPC" outcome="Error" timestamp="2025-08-17T15:55:51.6254721+02:00">
        <Text>[xUnit.net 00:00:00.64]     OpenBullet.Core.Tests.Step13_ConfigurationEditorTests.ValidateScript_Should_Accept_Valid_LoliScript [FAIL]</Text>
      </RunInfo>
      <RunInfo computerName="DESKTOP-FL6NJPC" outcome="Error" timestamp="2025-08-17T15:55:51.6335009+02:00">
        <Text>[xUnit.net 00:00:00.64]     OpenBullet.Core.Tests.Step13_ConfigurationEditorTests.GetCompletions_Should_Return_Parameter_Suggestions [FAIL]</Text>
      </RunInfo>
      <RunInfo computerName="DESKTOP-FL6NJPC" outcome="Error" timestamp="2025-08-17T15:55:51.6367795+02:00">
        <Text>[xUnit.net 00:00:00.64]     OpenBullet.Core.Tests.Step13_ConfigurationEditorTests.AutoCompletion_Should_Be_Fast [FAIL]</Text>
      </RunInfo>
      <RunInfo computerName="DESKTOP-FL6NJPC" outcome="Error" timestamp="2025-08-17T15:55:51.6373016+02:00">
        <Text>[xUnit.net 00:00:00.65]     OpenBullet.Core.Tests.Step13_ConfigurationEditorTests.GetColorScheme_Should_Return_Valid_Theme_Colors [FAIL]</Text>
      </RunInfo>
      <RunInfo computerName="DESKTOP-FL6NJPC" outcome="Error" timestamp="2025-08-17T15:55:51.7406202+02:00">
        <Text>[xUnit.net 00:00:00.86]     OpenBullet.Core.Tests.Step10_ProxyManagerTests.LoadProxiesFromListAsync_With_Invalid_Proxies_Should_Skip_Invalid_Ones [FAIL]</Text>
      </RunInfo>
      <RunInfo computerName="DESKTOP-FL6NJPC" outcome="Error" timestamp="2025-08-17T15:55:51.7725669+02:00">
        <Text>[xUnit.net 00:00:00.86]     OpenBullet.Core.Tests.Step9_BotRunnerTests.EnhancedBotRunner_Should_Add_Analysis_Metadata [FAIL]</Text>
      </RunInfo>
      <RunInfo computerName="DESKTOP-FL6NJPC" outcome="Error" timestamp="2025-08-17T15:55:51.8068908+02:00">
        <Text>[xUnit.net 00:00:00.86]     OpenBullet.Core.Tests.Step7_ParseCommandTests.ValidateInstruction_Without_Redirector_Should_Warn [FAIL]</Text>
      </RunInfo>
      <RunInfo computerName="DESKTOP-FL6NJPC" outcome="Error" timestamp="2025-08-17T15:55:51.8213261+02:00">
        <Text>[xUnit.net 00:00:00.87]     OpenBullet.Core.Tests.Step7_ValidationTests.ParseType_String_Conversion_Should_Work(stringValue: "LR", expectedType: LeftRight) [FAIL]</Text>
      </RunInfo>
      <RunInfo computerName="DESKTOP-FL6NJPC" outcome="Error" timestamp="2025-08-17T15:55:51.8252277+02:00">
        <Text>[xUnit.net 00:00:00.91]     OpenBullet.Core.Tests.Step7_ValidationTests.IDataParser_Interface_Should_Be_Properly_Defined [FAIL]</Text>
      </RunInfo>
      <RunInfo computerName="DESKTOP-FL6NJPC" outcome="Error" timestamp="2025-08-17T15:55:51.8281129+02:00">
        <Text>[xUnit.net 00:00:00.93]     OpenBullet.Core.Tests.Step7_ParseCommandTests.ExecuteAsync_With_No_Matches_Should_Set_Empty_Variable [FAIL]</Text>
      </RunInfo>
      <RunInfo computerName="DESKTOP-FL6NJPC" outcome="Error" timestamp="2025-08-17T15:55:51.8307285+02:00">
        <Text>[xUnit.net 00:00:00.94]     OpenBullet.Core.Tests.Step7_ParseCommandTests.ValidateInstruction_With_Valid_Instruction_Should_Pass [FAIL]</Text>
      </RunInfo>
      <RunInfo computerName="DESKTOP-FL6NJPC" outcome="Error" timestamp="2025-08-17T15:55:51.8338016+02:00">
        <Text>[xUnit.net 00:00:00.95]     OpenBullet.Core.Tests.Step7_ParseCommandTests.ValidateInstruction_With_Valid_Parse_Types_Should_Pass(parseType: "LR") [FAIL]</Text>
      </RunInfo>
      <RunInfo computerName="DESKTOP-FL6NJPC" outcome="Error" timestamp="2025-08-17T15:55:51.8356945+02:00">
        <Text>[xUnit.net 00:00:00.97]     OpenBullet.Core.Tests.Step7_ValidationTests.ParseCommand_Should_Validate_Basic_Instructions [FAIL]</Text>
      </RunInfo>
      <RunInfo computerName="DESKTOP-FL6NJPC" outcome="Error" timestamp="2025-08-17T15:55:51.8375040+02:00">
        <Text>[xUnit.net 00:00:00.98]     OpenBullet.Core.Tests.Step7_ParseCommandTests.ExecuteAsync_With_Prefix_And_Suffix_Should_Apply_Formatting [FAIL]</Text>
      </RunInfo>
      <RunInfo computerName="DESKTOP-FL6NJPC" outcome="Error" timestamp="2025-08-17T15:55:51.8391718+02:00">
        <Text>[xUnit.net 00:00:00.98]     OpenBullet.Core.Tests.Step7_ParseCommandTests.ExecuteAsync_With_LR_Parser_Should_Extract_Data [FAIL]</Text>
      </RunInfo>
      <RunInfo computerName="DESKTOP-FL6NJPC" outcome="Error" timestamp="2025-08-17T15:55:51.8409459+02:00">
        <Text>[xUnit.net 00:00:01.00]     OpenBullet.Core.Tests.Step7_ParsersTests.CssParser_Should_Handle_Invalid_HTML [FAIL]</Text>
      </RunInfo>
      <RunInfo computerName="DESKTOP-FL6NJPC" outcome="Error" timestamp="2025-08-17T15:55:51.8605220+02:00">
        <Text>[xUnit.net 00:00:01.05]     OpenBullet.Core.Tests.Step10_ValidationTests.All_Components_Should_Be_Testable_Together [FAIL]</Text>
      </RunInfo>
      <RunInfo computerName="DESKTOP-FL6NJPC" outcome="Error" timestamp="2025-08-17T15:55:51.9564285+02:00">
        <Text>[xUnit.net 00:00:01.08]     OpenBullet.Core.Tests.Step5_VariableManagerTests.GetStatistics_Should_Return_Correct_Statistics [FAIL]</Text>
      </RunInfo>
      <RunInfo computerName="DESKTOP-FL6NJPC" outcome="Error" timestamp="2025-08-17T15:55:51.9568477+02:00">
        <Text>[xUnit.net 00:00:01.08]     OpenBullet.Core.Tests.Step5_ValidationTests.VariableManager_Should_Track_Statistics [FAIL]</Text>
      </RunInfo>
      <RunInfo computerName="DESKTOP-FL6NJPC" outcome="Error" timestamp="2025-08-17T15:55:52.0202739+02:00">
        <Text>[xUnit.net 00:00:01.10]     OpenBullet.Core.Tests.Step9_ScriptEngineTests.ExecuteAsync_With_Stop_Flow_Control_Should_Stop_Execution [FAIL]</Text>
      </RunInfo>
      <RunInfo computerName="DESKTOP-FL6NJPC" outcome="Error" timestamp="2025-08-17T15:55:52.0222246+02:00">
        <Text>[xUnit.net 00:00:01.11]     OpenBullet.Core.Tests.Step9_ScriptEngineTests.ExecuteAsync_With_Cancellation_Should_Cancel_Gracefully [FAIL]</Text>
      </RunInfo>
      <RunInfo computerName="DESKTOP-FL6NJPC" outcome="Error" timestamp="2025-08-17T15:55:52.0241991+02:00">
        <Text>[xUnit.net 00:00:01.12]     OpenBullet.Core.Tests.Step9_ScriptEngineTests.ExecuteAsync_Should_Update_Statistics [FAIL]</Text>
      </RunInfo>
      <RunInfo computerName="DESKTOP-FL6NJPC" outcome="Error" timestamp="2025-08-17T15:55:52.0244805+02:00">
        <Text>[xUnit.net 00:00:01.13]     OpenBullet.Core.Tests.Step10_ValidationTests.ProxyJobManager_Can_Be_Created_With_Valid_Dependencies [FAIL]</Text>
      </RunInfo>
      <RunInfo computerName="DESKTOP-FL6NJPC" outcome="Error" timestamp="2025-08-17T15:55:52.0277114+02:00">
        <Text>[xUnit.net 00:00:01.13]     OpenBullet.Core.Tests.Step6_CommandFactoryTests.Case_Insensitive_Operations_Should_Work [FAIL]</Text>
      </RunInfo>
      <RunInfo computerName="DESKTOP-FL6NJPC" outcome="Error" timestamp="2025-08-17T15:55:52.0279957+02:00">
        <Text>[xUnit.net 00:00:01.14]     OpenBullet.Core.Tests.Step9_ScriptEngineTests.ExecuteAsync_With_Single_Command_Should_Execute_Successfully [FAIL]</Text>
      </RunInfo>
      <RunInfo computerName="DESKTOP-FL6NJPC" outcome="Error" timestamp="2025-08-17T15:55:52.0338632+02:00">
        <Text>[xUnit.net 00:00:01.16]     OpenBullet.Core.Tests.Step9_ScriptEngineTests.ExecuteAsync_With_Comments_Should_Skip_Comments [FAIL]</Text>
      </RunInfo>
      <RunInfo computerName="DESKTOP-FL6NJPC" outcome="Error" timestamp="2025-08-17T15:55:52.0542815+02:00">
        <Text>[xUnit.net 00:00:01.18]     OpenBullet.Core.Tests.Step13_CoreServicesTests.SyntaxHighlightingService_Should_Handle_Empty_Input [FAIL]</Text>
      </RunInfo>
      <RunInfo computerName="DESKTOP-FL6NJPC" outcome="Error" timestamp="2025-08-17T15:55:52.0562133+02:00">
        <Text>[xUnit.net 00:00:01.18]     OpenBullet.Core.Tests.Step13_CoreServicesTests.LoliScriptValidator_Should_Validate_Line [FAIL]</Text>
      </RunInfo>
      <RunInfo computerName="DESKTOP-FL6NJPC" outcome="Error" timestamp="2025-08-17T15:55:52.0565109+02:00">
        <Text>[xUnit.net 00:00:01.19]     OpenBullet.Core.Tests.Step13_CoreServicesTests.SyntaxHighlightingService_Should_Return_Color_Schemes [FAIL]</Text>
      </RunInfo>
      <RunInfo computerName="DESKTOP-FL6NJPC" outcome="Error" timestamp="2025-08-17T15:55:52.1375983+02:00">
        <Text>[xUnit.net 00:00:01.19]     OpenBullet.Core.Tests.Step13_CoreServicesTests.SyntaxHighlightingService_Should_Tokenize_Simple_Command [FAIL]</Text>
      </RunInfo>
      <RunInfo computerName="DESKTOP-FL6NJPC" outcome="Error" timestamp="2025-08-17T15:55:52.1378844+02:00">
        <Text>[xUnit.net 00:00:01.19]     OpenBullet.Core.Tests.Step13_CoreServicesTests.LoliScriptValidator_Should_Validate_Valid_Script [FAIL]</Text>
      </RunInfo>
      <RunInfo computerName="DESKTOP-FL6NJPC" outcome="Error" timestamp="2025-08-17T15:55:52.1381450+02:00">
        <Text>[xUnit.net 00:00:01.19]     OpenBullet.Core.Tests.Step13_CoreServicesTests.SyntaxHighlightingService_Should_Handle_Comments [FAIL]</Text>
      </RunInfo>
      <RunInfo computerName="DESKTOP-FL6NJPC" outcome="Error" timestamp="2025-08-17T15:55:52.1427978+02:00">
        <Text>[xUnit.net 00:00:01.20]     OpenBullet.Core.Tests.Step13_CoreServicesTests.LoliScriptValidator_Should_Handle_Empty_Input [FAIL]</Text>
      </RunInfo>
      <RunInfo computerName="DESKTOP-FL6NJPC" outcome="Error" timestamp="2025-08-17T15:55:52.1432006+02:00">
        <Text>[xUnit.net 00:00:01.20]     OpenBullet.Core.Tests.Step13_CoreServicesTests.LoliScriptValidator_Should_Detect_Invalid_Command [FAIL]</Text>
      </RunInfo>
      <RunInfo computerName="DESKTOP-FL6NJPC" outcome="Error" timestamp="2025-08-17T15:55:52.1441768+02:00">
        <Text>[xUnit.net 00:00:01.20]     OpenBullet.Core.Tests.Step13_CoreServicesTests.AutoCompletionProvider_Should_Handle_Empty_Context [FAIL]</Text>
      </RunInfo>
      <RunInfo computerName="DESKTOP-FL6NJPC" outcome="Error" timestamp="2025-08-17T15:55:52.1444800+02:00">
        <Text>[xUnit.net 00:00:01.20]     OpenBullet.Core.Tests.Step13_CoreServicesTests.SyntaxHighlightingService_Should_Identify_Variables [FAIL]</Text>
      </RunInfo>
      <RunInfo computerName="DESKTOP-FL6NJPC" outcome="Error" timestamp="2025-08-17T15:55:52.2849134+02:00">
        <Text>[xUnit.net 00:00:01.21]     OpenBullet.Core.Tests.Step13_CoreServicesTests.AutoCompletionProvider_Should_Return_Parameter_Hints [FAIL]</Text>
      </RunInfo>
      <RunInfo computerName="DESKTOP-FL6NJPC" outcome="Error" timestamp="2025-08-17T15:55:52.2887568+02:00">
        <Text>[xUnit.net 00:00:01.21]     OpenBullet.Core.Tests.Step13_CoreServicesTests.AutoCompletionProvider_Should_Return_Command_Completions [FAIL]</Text>
      </RunInfo>
      <RunInfo computerName="DESKTOP-FL6NJPC" outcome="Error" timestamp="2025-08-17T15:55:52.2932159+02:00">
        <Text>[xUnit.net 00:00:01.27]     OpenBullet.Core.Tests.Step1_CoreInterfacesTests.BotResult_Should_Initialize_With_Default_Values [FAIL]</Text>
      </RunInfo>
      <RunInfo computerName="DESKTOP-FL6NJPC" outcome="Error" timestamp="2025-08-17T15:55:52.2963886+02:00">
        <Text>[xUnit.net 00:00:01.31]     OpenBullet.Core.Tests.Step3_ValidationTests.SerializeConfig_Should_Generate_Parseable_Content [FAIL]</Text>
      </RunInfo>
      <RunInfo computerName="DESKTOP-FL6NJPC" outcome="Error" timestamp="2025-08-17T15:55:52.3023065+02:00">
        <Text>[xUnit.net 00:00:01.35]     OpenBullet.Core.Tests.Step10_ProxyExtensionsTests.ValidateProxy_Should_Validate_Proxy_Strings(proxyString: "proxy.com:abc", expectedValid: False, expectedError: "Invalid port number: abc") [FAIL]</Text>
      </RunInfo>
      <RunInfo computerName="DESKTOP-FL6NJPC" outcome="Error" timestamp="2025-08-17T15:55:52.3529339+02:00">
        <Text>[xUnit.net 00:00:01.37]     OpenBullet.Core.Tests.Step10_ProxyExtensionsTests.GetPerformanceScore_Should_Calculate_Correctly(health: Slow, successRate: 95, responseTimeMs: 8000, expectedScore: 67.599999999999994) [FAIL]</Text>
      </RunInfo>
      <RunInfo computerName="DESKTOP-FL6NJPC" outcome="Error" timestamp="2025-08-17T15:55:52.3533482+02:00">
        <Text>[xUnit.net 00:00:01.37]     OpenBullet.Core.Tests.Step10_ProxyExtensionsTests.GetPerformanceScore_Should_Calculate_Correctly(health: Dead, successRate: 50, responseTimeMs: 1000, expectedScore: 20) [FAIL]</Text>
      </RunInfo>
      <RunInfo computerName="DESKTOP-FL6NJPC" outcome="Error" timestamp="2025-08-17T15:55:52.3581555+02:00">
        <Text>[xUnit.net 00:00:01.38]     OpenBullet.Core.Tests.Step10_ProxyExtensionsTests.GetPerformanceScore_Should_Calculate_Correctly(health: Unreliable, successRate: 80, responseTimeMs: 2000, expectedScore: 56) [FAIL]</Text>
      </RunInfo>
      <RunInfo computerName="DESKTOP-FL6NJPC" outcome="Error" timestamp="2025-08-17T15:55:52.3636868+02:00">
        <Text>[xUnit.net 00:00:01.39]     OpenBullet.Core.Tests.Step10_ProxyExtensionsTests.GetPerformanceScore_Should_Calculate_Correctly(health: Healthy, successRate: 100, responseTimeMs: 500, expectedScore: 95) [FAIL]</Text>
      </RunInfo>
      <RunInfo computerName="DESKTOP-FL6NJPC" outcome="Error" timestamp="2025-08-17T15:55:52.3640425+02:00">
        <Text>[xUnit.net 00:00:01.39]     OpenBullet.Core.Tests.Step10_ProxyExtensionsTests.GetPerformanceScore_Should_Calculate_Correctly(health: Unknown, successRate: 0, responseTimeMs: 500, expectedScore: 50) [FAIL]</Text>
      </RunInfo>
      <RunInfo computerName="DESKTOP-FL6NJPC" outcome="Error" timestamp="2025-08-17T15:55:52.3681922+02:00">
        <Text>[xUnit.net 00:00:01.40]     OpenBullet.Core.Tests.Step10_ProxyExtensionsTests.ProxyTestResult_DetermineHealth_Should_Set_Health_Correctly(initialHealth: Unknown, successRate: 85, responseTimeMs: 3000, expectedHealth: Unreliable) [FAIL]</Text>
      </RunInfo>
      <RunInfo computerName="DESKTOP-FL6NJPC" outcome="Error" timestamp="2025-08-17T15:55:52.3706688+02:00">
        <Text>[xUnit.net 00:00:01.40]     OpenBullet.Core.Tests.Step9_JobManagerTests.GetJobStatus_With_Valid_JobId_Should_Return_Current_Status [FAIL]</Text>
      </RunInfo>
      <RunInfo computerName="DESKTOP-FL6NJPC" outcome="Error" timestamp="2025-08-17T15:55:52.3710417+02:00">
        <Text>[xUnit.net 00:00:01.41]     OpenBullet.Core.Tests.Step10_ProxyExtensionsTests.ProxyTestResult_DetermineHealth_Should_Set_Health_Correctly(initialHealth: Unknown, successRate: 50, responseTimeMs: 1000, expectedHealth: Dead) [FAIL]</Text>
      </RunInfo>
      <RunInfo computerName="DESKTOP-FL6NJPC" outcome="Error" timestamp="2025-08-17T15:55:52.3757130+02:00">
        <Text>[xUnit.net 00:00:01.52]     OpenBullet.Core.Tests.Step5_IntegrationTests.Variable_Events_Should_Sync_Between_Components [FAIL]</Text>
      </RunInfo>
      <RunInfo computerName="DESKTOP-FL6NJPC" outcome="Error" timestamp="2025-08-17T15:55:52.4685092+02:00">
        <Text>[xUnit.net 00:00:01.64]     OpenBullet.Core.Tests.Step4_ScriptParserTests.ParseLine_With_Various_Valid_Syntaxes_Should_Parse_Successfully(commandLine: "#LABEL FUNCTION Constant \"test\" -&gt; VAR \"OUTPUT\"···) [FAIL]</Text>
      </RunInfo>
      <RunInfo computerName="DESKTOP-FL6NJPC" outcome="Error" timestamp="2025-08-17T15:55:52.6409740+02:00">
        <Text>[xUnit.net 00:00:01.84]     OpenBullet.Core.Tests.Step4_ScriptParserTests.ParseScript_With_Complex_Script_Should_Handle_Sub_Instructions [FAIL]</Text>
      </RunInfo>
      <RunInfo computerName="DESKTOP-FL6NJPC" outcome="Error" timestamp="2025-08-17T15:55:52.7298460+02:00">
        <Text>[xUnit.net 00:00:01.92]     OpenBullet.Core.Tests.Step5_ExecutionContextTests.Dispose_Should_Update_BotData_Status [FAIL]</Text>
      </RunInfo>
      <RunInfo computerName="DESKTOP-FL6NJPC" outcome="Error" timestamp="2025-08-17T15:55:52.7525923+02:00">
        <Text>[xUnit.net 00:00:01.95]     OpenBullet.Core.Tests.Step4_ScriptParserTests.ParseScript_Should_Calculate_Statistics_Correctly [FAIL]</Text>
      </RunInfo>
      <RunInfo computerName="DESKTOP-FL6NJPC" outcome="Warning" timestamp="2025-08-17T15:55:52.8055422+02:00">
        <Text>[xUnit.net 00:00:01.98]     OpenBullet.Core.Tests.Step2_HttpClientServiceTests.SendAsync_Should_Make_Successful_Request [SKIP]</Text>
      </RunInfo>
      <RunInfo computerName="DESKTOP-FL6NJPC" outcome="Error" timestamp="2025-08-17T15:55:52.8159393+02:00">
        <Text>[xUnit.net 00:00:02.01]     OpenBullet.Core.Tests.Step6_CommandFactoryTests.Concurrent_Access_Should_Be_Thread_Safe [FAIL]</Text>
      </RunInfo>
      <RunInfo computerName="DESKTOP-FL6NJPC" outcome="Error" timestamp="2025-08-17T15:55:52.8552386+02:00">
        <Text>[xUnit.net 00:00:02.05]     OpenBullet.Core.Tests.Step9_JobManagerTests.ResumeJobAsync_With_Paused_Job_Should_Resume_Job [FAIL]</Text>
      </RunInfo>
      <RunInfo computerName="DESKTOP-FL6NJPC" outcome="Error" timestamp="2025-08-17T15:55:52.8557265+02:00">
        <Text>[xUnit.net 00:00:02.05]     OpenBullet.Core.Tests.Step5_VariableManagerTests.GetAllVariables_Should_Return_All_Variables_In_Scope [FAIL]</Text>
      </RunInfo>
      <RunInfo computerName="DESKTOP-FL6NJPC" outcome="Warning" timestamp="2025-08-17T15:55:52.8881422+02:00">
        <Text>[xUnit.net 00:00:02.08]     OpenBullet.Core.Tests.Step2_HttpClientServiceTests.TestProxyAsync_With_Valid_Proxy_Should_Return_Success [SKIP]</Text>
      </RunInfo>
      <RunInfo computerName="DESKTOP-FL6NJPC" outcome="Warning" timestamp="2025-08-17T15:55:52.8965825+02:00">
        <Text>[xUnit.net 00:00:02.08]     OpenBullet.Core.Tests.Step2_HttpClientServiceTests.PostFormAsync_Extension_Should_Work [SKIP]</Text>
      </RunInfo>
      <RunInfo computerName="DESKTOP-FL6NJPC" outcome="Warning" timestamp="2025-08-17T15:55:52.9067061+02:00">
        <Text>[xUnit.net 00:00:02.09]     OpenBullet.Core.Tests.Step2_HttpClientServiceTests.PostJsonAsync_Extension_Should_Work [SKIP]</Text>
      </RunInfo>
      <RunInfo computerName="DESKTOP-FL6NJPC" outcome="Warning" timestamp="2025-08-17T15:55:52.9141609+02:00">
        <Text>[xUnit.net 00:00:02.10]     OpenBullet.Core.Tests.Step2_HttpClientServiceTests.GetAsync_Extension_Should_Work [SKIP]</Text>
      </RunInfo>
      <RunInfo computerName="DESKTOP-FL6NJPC" outcome="Error" timestamp="2025-08-17T15:55:52.9714180+02:00">
        <Text>[xUnit.net 00:00:02.17]     OpenBullet.Core.Tests.Step3_ConfigurationServiceTests.SaveAndLoad_RoundTrip_Should_Preserve_Data [FAIL]</Text>
      </RunInfo>
      <RunInfo computerName="DESKTOP-FL6NJPC" outcome="Error" timestamp="2025-08-17T15:55:53.1003967+02:00">
        <Text>[xUnit.net 00:00:02.29]     OpenBullet.Core.Tests.Step9_JobManagerTests.GetJobResultsAsync_Should_Return_Bot_Results [FAIL]</Text>
      </RunInfo>
      <RunInfo computerName="DESKTOP-FL6NJPC" outcome="Error" timestamp="2025-08-17T15:55:53.1218714+02:00">
        <Text>[xUnit.net 00:00:02.30]     OpenBullet.Core.Tests.Step9_JobManagerTests.JobStatus_State_Properties_Should_Work_Correctly(state: Starting, expectedIsRunning: False, expectedIsCompleted: False) [FAIL]</Text>
      </RunInfo>
      <RunInfo computerName="DESKTOP-FL6NJPC" outcome="Error" timestamp="2025-08-17T15:55:53.1254598+02:00">
        <Text>[xUnit.net 00:00:02.31]     OpenBullet.Core.Tests.Step10_ProxyJobManagerTests.ProxyJobManager_Can_Be_Created [FAIL]</Text>
      </RunInfo>
      <RunInfo computerName="DESKTOP-FL6NJPC" outcome="Error" timestamp="2025-08-17T15:55:53.1273760+02:00">
        <Text>[xUnit.net 00:00:02.32]     OpenBullet.Core.Tests.Step4_ScriptParserTests.ParseScript_With_Multiline_Command_Should_Handle_Continuations [FAIL]</Text>
      </RunInfo>
      <RunInfo computerName="DESKTOP-FL6NJPC" outcome="Error" timestamp="2025-08-17T15:55:53.6334698+02:00">
        <Text>[xUnit.net 00:00:02.83]     OpenBullet.Core.Tests.Step9_JobManagerTests.JobManager_Should_Fire_Events [FAIL]</Text>
      </RunInfo>
      <RunInfo computerName="DESKTOP-FL6NJPC" outcome="Error" timestamp="2025-08-17T15:55:53.9468291+02:00">
        <Text>[xUnit.net 00:00:03.14]     OpenBullet.Core.Tests.Step9_JobManagerTests.GetActiveJobs_Should_Return_All_Active_Jobs [FAIL]</Text>
      </RunInfo>
      <RunInfo computerName="DESKTOP-FL6NJPC" outcome="Error" timestamp="2025-08-17T15:55:53.9607800+02:00">
        <Text>[xUnit.net 00:00:03.15]     OpenBullet.Core.Tests.Step9_JobManagerTests.JobStatus_Properties_Should_Calculate_Correctly [FAIL]</Text>
      </RunInfo>
      <RunInfo computerName="DESKTOP-FL6NJPC" outcome="Error" timestamp="2025-08-17T15:55:54.0738087+02:00">
        <Text>[xUnit.net 00:00:03.27]     OpenBullet.Core.Tests.Step9_JobManagerTests.StartJobAsync_With_Valid_Config_Should_Return_JobId [FAIL]</Text>
      </RunInfo>
      <RunInfo computerName="DESKTOP-FL6NJPC" outcome="Error" timestamp="2025-08-17T15:55:54.1482887+02:00">
        <Text>[xUnit.net 00:00:03.34]     OpenBullet.Core.Tests.Step9_JobManagerTests.PauseJobAsync_With_Running_Job_Should_Pause_Job [FAIL]</Text>
      </RunInfo>
      <RunInfo computerName="DESKTOP-FL6NJPC" outcome="Error" timestamp="2025-08-17T15:55:54.2917575+02:00">
        <Text>[xUnit.net 00:00:03.49]     OpenBullet.Core.Tests.Step11_DatabaseManagerTests.DatabaseManager_Cleanup_With_Default_Options_Should_Work [FAIL]</Text>
      </RunInfo>
      <RunInfo computerName="DESKTOP-FL6NJPC" outcome="Error" timestamp="2025-08-17T15:55:54.3458928+02:00">
        <Text>[xUnit.net 00:00:03.54]     OpenBullet.Core.Tests.Step11_DatabaseContextTests.Complex_Queries_Should_Work [FAIL]</Text>
      </RunInfo>
      <RunInfo computerName="DESKTOP-FL6NJPC" outcome="Error" timestamp="2025-08-17T15:55:54.3968726+02:00">
        <Text>[xUnit.net 00:00:03.59]     OpenBullet.Core.Tests.Step11_DatabaseManagerTests.DatabaseManager_Cleanup_Should_Work [FAIL]</Text>
      </RunInfo>
      <RunInfo computerName="DESKTOP-FL6NJPC" outcome="Error" timestamp="2025-08-17T15:55:56.2068120+02:00">
        <Text>[xUnit.net 00:00:05.40]     OpenBullet.Core.Tests.Step11_ValidationTests.Error_Handling_And_Edge_Cases_Should_Work [FAIL]</Text>
      </RunInfo>
      <RunInfo computerName="DESKTOP-FL6NJPC" outcome="Error" timestamp="2025-08-17T15:55:56.2854358+02:00">
        <Text>[xUnit.net 00:00:05.48]     OpenBullet.Core.Tests.Step11_ValidationTests.Complete_Workflow_Integration_Test [FAIL]</Text>
      </RunInfo>
    </RunInfos>
  </ResultSummary>
</TestRun>